/root/miniconda3/envs/moga-fl/lib/python3.10/site-packages/torch/cuda/__init__.py:65: FutureWarning: The pynvml package is deprecated. Please install nvidia-ml-py instead. If you did not install pynvml directly, please report this to the maintainers of the package that installed pynvml for you.
  import pynvml  # type: ignore[import]
[93mWARNING [0m:   DEPRECATED FEATURE: flwr.simulation.start_simulation() is deprecated.
	Instead, use the `flwr run` CLI command to start a local simulation in your Flower app, as shown for example below:

		$ flwr new  # Create a new Flower app from a template

		$ flwr run  # Run the Flower app in Simulation Mode

	Using `start_simulation()` is deprecated.

            This is a deprecated feature. It will be removed
            entirely in future versions of Flower.
        
[92mINFO [0m:      Starting Flower simulation, config: num_rounds=60, no round_timeout
2026-03-06 01:28:37,834	WARNING utils.py:460 -- Detecting docker specified CPUs. In previous versions of Ray, CPU detection in containers was incorrect. Please ensure that Ray has enough CPUs allocated. As a temporary workaround to revert to the prior behavior, set `RAY_USE_MULTIPROCESSING_CPU_COUNT=1` as an env var before starting Ray. Set the env var: `RAY_DISABLE_DOCKER_CPU_WARNING=1` to mute this warning.
2026-03-06 01:28:38,085	INFO worker.py:2012 -- Started a local Ray instance.
/root/miniconda3/envs/moga-fl/lib/python3.10/site-packages/ray/_private/worker.py:2051: FutureWarning: Tip: In future versions of Ray, Ray will no longer override accelerator visible devices env var if num_gpus=0 or num_gpus=None (default). To enable this behavior and turn off this error message, set RAY_ACCEL_ENV_VAR_OVERRIDE_ON_ZERO=0
  warnings.warn(
[92mINFO [0m:      Flower VCE: Ray initialized with resources: {'CPU': 25.0, 'object_store_memory': 28246382592.0, 'memory': 65908226048.0, 'GPU': 1.0, 'node:__internal_head__': 1.0, 'node:172.17.0.6': 1.0, 'accelerator_type:G': 1.0}
[92mINFO [0m:      Optimize your simulation with Flower VCE: https://flower.ai/docs/framework/how-to-run-simulations.html
[92mINFO [0m:      Flower VCE: Resources for each Virtual Client: {'num_cpus': 5.0, 'num_gpus': 0.2}
[92mINFO [0m:      Flower VCE: Creating VirtualClientEngineActorPool with 5 actors
[92mINFO [0m:      [INIT]
[92mINFO [0m:      Using initial global parameters provided by strategy
[92mINFO [0m:      Starting evaluation of initial global parameters
[92mINFO [0m:      initial parameters (loss, other metrics): 3.566791999340057, {'accuracy': 0.1}
[92mINFO [0m:      
[92mINFO [0m:      [ROUND 1]
[92mINFO [0m:      configure_fit: strategy sampled 5 clients (out of 10)
[36m(ClientAppActor pid=395548)[0m /root/miniconda3/envs/moga-fl/lib/python3.10/site-packages/torch/cuda/__init__.py:65: FutureWarning: The pynvml package is deprecated. Please install nvidia-ml-py instead. If you did not install pynvml directly, please report this to the maintainers of the package that installed pynvml for you.
[36m(ClientAppActor pid=395548)[0m   import pynvml  # type: ignore[import]
[92mINFO [0m:      aggregate_fit: received 5 results and 0 failures
[92mINFO [0m:      fit progress: (1, 2.3366139054298403, {'accuracy': 0.2406}, 13.101874715648592)
[92mINFO [0m:      configure_evaluate: no clients selected, skipping evaluation
[92mINFO [0m:      
[92mINFO [0m:      [ROUND 2]
[92mINFO [0m:      configure_fit: strategy sampled 5 clients (out of 10)
[92mINFO [0m:      aggregate_fit: received 5 results and 0 failures
[92mINFO [0m:      fit progress: (2, 2.042861485481262, {'accuracy': 0.2577}, 22.19027315452695)
[92mINFO [0m:      configure_evaluate: no clients selected, skipping evaluation
[92mINFO [0m:      
[92mINFO [0m:      [ROUND 3]
[92mINFO [0m:      configure_fit: strategy sampled 5 clients (out of 10)
[36m(pid=gcs_server)[0m [2026-03-06 01:29:07,326 E 395033 395033] (gcs_server) gcs_server.cc:302: Failed to establish connection to the event+metrics exporter agent. Events and metrics will not be exported. Exporter agent status: RpcError: Running out of retries to initialize the metrics agent. rpc_code: 14
[36m(ClientAppActor pid=395546)[0m /root/miniconda3/envs/moga-fl/lib/python3.10/site-packages/torch/cuda/__init__.py:65: FutureWarning: The pynvml package is deprecated. Please install nvidia-ml-py instead. If you did not install pynvml directly, please report this to the maintainers of the package that installed pynvml for you.[32m [repeated 4x across cluster] (Ray deduplicates logs by default. Set RAY_DEDUP_LOGS=0 to disable log deduplication, or see https://docs.ray.io/en/master/ray-observability/user-guides/configure-logging.html#log-deduplication for more options.)[0m
[36m(ClientAppActor pid=395546)[0m   import pynvml  # type: ignore[import][32m [repeated 4x across cluster][0m
[33m(raylet)[0m [2026-03-06 01:29:08,095 E 395410 395410] (raylet) main.cc:975: Failed to establish connection to the metrics exporter agent. Metrics will not be exported. Exporter agent status: RpcError: Running out of retries to initialize the metrics agent. rpc_code: 14
[36m(ClientAppActor pid=395545)[0m [2026-03-06 01:29:08,444 E 395545 395896] core_worker_process.cc:825: Failed to establish connection to the metrics exporter agent. Metrics will not be exported. Exporter agent status: RpcError: Running out of retries to initialize the metrics agent. rpc_code: 14
[2026-03-06 01:29:08,723 E 394898 395543] core_worker_process.cc:825: Failed to establish connection to the metrics exporter agent. Metrics will not be exported. Exporter agent status: RpcError: Running out of retries to initialize the metrics agent. rpc_code: 14
[92mINFO [0m:      aggregate_fit: received 5 results and 0 failures
[92mINFO [0m:      fit progress: (3, 2.4232062220573427, {'accuracy': 0.2883}, 31.226106502115726)
[92mINFO [0m:      configure_evaluate: no clients selected, skipping evaluation
[92mINFO [0m:      
[92mINFO [0m:      [ROUND 4]
[92mINFO [0m:      configure_fit: strategy sampled 5 clients (out of 10)
[92mINFO [0m:      aggregate_fit: received 5 results and 0 failures
[92mINFO [0m:      fit progress: (4, 1.6828614592552185, {'accuracy': 0.3742}, 39.975320358760655)
[92mINFO [0m:      configure_evaluate: no clients selected, skipping evaluation
[92mINFO [0m:      
[92mINFO [0m:      [ROUND 5]
[92mINFO [0m:      configure_fit: strategy sampled 5 clients (out of 10)
[92mINFO [0m:      aggregate_fit: received 5 results and 0 failures
[92mINFO [0m:      fit progress: (5, 1.5877646386623383, {'accuracy': 0.4215}, 48.95460806414485)
[92mINFO [0m:      configure_evaluate: no clients selected, skipping evaluation
[92mINFO [0m:      
[92mINFO [0m:      [ROUND 6]
[92mINFO [0m:      configure_fit: strategy sampled 5 clients (out of 10)
[92mINFO [0m:      aggregate_fit: received 5 results and 0 failures
[92mINFO [0m:      fit progress: (6, 1.7248668015003203, {'accuracy': 0.3558}, 57.88792632613331)
[92mINFO [0m:      configure_evaluate: no clients selected, skipping evaluation
[92mINFO [0m:      
[92mINFO [0m:      [ROUND 7]
[92mINFO [0m:      configure_fit: strategy sampled 5 clients (out of 10)
[92mINFO [0m:      aggregate_fit: received 5 results and 0 failures
[92mINFO [0m:      fit progress: (7, 1.5933956563472749, {'accuracy': 0.3985}, 66.31745338905603)
[92mINFO [0m:      configure_evaluate: no clients selected, skipping evaluation
[92mINFO [0m:      
[92mINFO [0m:      [ROUND 8]
[92mINFO [0m:      configure_fit: strategy sampled 5 clients (out of 10)
[92mINFO [0m:      aggregate_fit: received 5 results and 0 failures
[92mINFO [0m:      fit progress: (8, 1.5881878077983855, {'accuracy': 0.3962}, 75.46664391644299)
[92mINFO [0m:      configure_evaluate: no clients selected, skipping evaluation
[92mINFO [0m:      
[92mINFO [0m:      [ROUND 9]
[92mINFO [0m:      configure_fit: strategy sampled 5 clients (out of 10)
[92mINFO [0m:      aggregate_fit: received 5 results and 0 failures
[92mINFO [0m:      fit progress: (9, 1.8052159368991851, {'accuracy': 0.3383}, 84.18626060988754)
[92mINFO [0m:      configure_evaluate: no clients selected, skipping evaluation
[92mINFO [0m:      
[92mINFO [0m:      [ROUND 10]
[92mINFO [0m:      configure_fit: strategy sampled 5 clients (out of 10)
[92mINFO [0m:      aggregate_fit: received 5 results and 0 failures
[92mINFO [0m:      fit progress: (10, 1.5887949645519257, {'accuracy': 0.476}, 94.54481201712042)
[92mINFO [0m:      configure_evaluate: no clients selected, skipping evaluation
[92mINFO [0m:      
[92mINFO [0m:      [ROUND 11]
[92mINFO [0m:      configure_fit: strategy sampled 5 clients (out of 10)
[92mINFO [0m:      aggregate_fit: received 5 results and 0 failures
[92mINFO [0m:      fit progress: (11, 1.674375981092453, {'accuracy': 0.3963}, 103.12192341126502)
[92mINFO [0m:      configure_evaluate: no clients selected, skipping evaluation
[92mINFO [0m:      
[92mINFO [0m:      [ROUND 12]
[92mINFO [0m:      configure_fit: strategy sampled 5 clients (out of 10)
[92mINFO [0m:      aggregate_fit: received 5 results and 0 failures
[92mINFO [0m:      fit progress: (12, 1.7078909635543824, {'accuracy': 0.4176}, 111.82225001230836)
[92mINFO [0m:      configure_evaluate: no clients selected, skipping evaluation
[92mINFO [0m:      
[92mINFO [0m:      [ROUND 13]
[92mINFO [0m:      configure_fit: strategy sampled 5 clients (out of 10)
[92mINFO [0m:      aggregate_fit: received 5 results and 0 failures
[92mINFO [0m:      fit progress: (13, 1.4548156023025514, {'accuracy': 0.4576}, 120.9853017181158)
[92mINFO [0m:      configure_evaluate: no clients selected, skipping evaluation
[92mINFO [0m:      
[92mINFO [0m:      [ROUND 14]
[92mINFO [0m:      configure_fit: strategy sampled 5 clients (out of 10)
[92mINFO [0m:      aggregate_fit: received 5 results and 0 failures
[92mINFO [0m:      fit progress: (14, 1.4548156023025514, {'accuracy': 0.4576}, 129.89233977068216)
[92mINFO [0m:      configure_evaluate: no clients selected, skipping evaluation
[92mINFO [0m:      
[92mINFO [0m:      [ROUND 15]
[92mINFO [0m:      configure_fit: strategy sampled 3 clients (out of 10)
[92mINFO [0m:      aggregate_fit: received 3 results and 0 failures
[92mINFO [0m:      fit progress: (15, 2.3307584643363954, {'accuracy': 0.3138}, 137.3528394913301)
[92mINFO [0m:      configure_evaluate: no clients selected, skipping evaluation
[92mINFO [0m:      
[92mINFO [0m:      [ROUND 16]
[92mINFO [0m:      configure_fit: strategy sampled 3 clients (out of 10)
[92mINFO [0m:      aggregate_fit: received 3 results and 0 failures
[92mINFO [0m:      fit progress: (16, 2.3307584643363954, {'accuracy': 0.3138}, 143.84382796287537)
[92mINFO [0m:      configure_evaluate: no clients selected, skipping evaluation
[92mINFO [0m:      
[92mINFO [0m:      [ROUND 17]
[92mINFO [0m:      configure_fit: strategy sampled 4 clients (out of 10)
[92mINFO [0m:      aggregate_fit: received 4 results and 0 failures
[92mINFO [0m:      fit progress: (17, 1.371495896577835, {'accuracy': 0.4952}, 151.6753630368039)
[92mINFO [0m:      configure_evaluate: no clients selected, skipping evaluation
[92mINFO [0m:      
[92mINFO [0m:      [ROUND 18]
[92mINFO [0m:      configure_fit: strategy sampled 4 clients (out of 10)
[92mINFO [0m:      aggregate_fit: received 4 results and 0 failures
[92mINFO [0m:      fit progress: (18, 1.371495896577835, {'accuracy': 0.4952}, 160.24445613659918)
[92mINFO [0m:      configure_evaluate: no clients selected, skipping evaluation
[92mINFO [0m:      
[92mINFO [0m:      [ROUND 19]
[92mINFO [0m:      configure_fit: strategy sampled 4 clients (out of 10)
[92mINFO [0m:      aggregate_fit: received 4 results and 0 failures
[92mINFO [0m:      fit progress: (19, 1.3260823786258698, {'accuracy': 0.504}, 168.69588090851903)
[92mINFO [0m:      configure_evaluate: no clients selected, skipping evaluation
[92mINFO [0m:      
[92mINFO [0m:      [ROUND 20]
[92mINFO [0m:      configure_fit: strategy sampled 4 clients (out of 10)
[92mINFO [0m:      aggregate_fit: received 4 results and 0 failures
[92mINFO [0m:      fit progress: (20, 1.3260823786258698, {'accuracy': 0.504}, 177.040514533408)
[92mINFO [0m:      configure_evaluate: no clients selected, skipping evaluation
[92mINFO [0m:      
[92mINFO [0m:      [ROUND 21]
[92mINFO [0m:      configure_fit: strategy sampled 3 clients (out of 10)
[92mINFO [0m:      aggregate_fit: received 3 results and 0 failures
[92mINFO [0m:      fit progress: (21, 1.2485298693180085, {'accuracy': 0.5347}, 183.647371025756)
[92mINFO [0m:      configure_evaluate: no clients selected, skipping evaluation
[92mINFO [0m:      
[92mINFO [0m:      [ROUND 22]
[92mINFO [0m:      configure_fit: strategy sampled 3 clients (out of 10)
[92mINFO [0m:      aggregate_fit: received 3 results and 0 failures
[92mINFO [0m:      fit progress: (22, 1.2485298693180085, {'accuracy': 0.5347}, 190.66474680230021)
[92mINFO [0m:      configure_evaluate: no clients selected, skipping evaluation
[92mINFO [0m:      
[92mINFO [0m:      [ROUND 23]
[92mINFO [0m:      configure_fit: strategy sampled 3 clients (out of 10)
[92mINFO [0m:      aggregate_fit: received 3 results and 0 failures
[92mINFO [0m:      fit progress: (23, 1.256807953119278, {'accuracy': 0.5474}, 198.2391387494281)
[92mINFO [0m:      configure_evaluate: no clients selected, skipping evaluation
[92mINFO [0m:      
[92mINFO [0m:      [ROUND 24]
[92mINFO [0m:      configure_fit: strategy sampled 2 clients (out of 10)
[92mINFO [0m:      aggregate_fit: received 2 results and 0 failures
[92mINFO [0m:      fit progress: (24, 2.60264595746994, {'accuracy': 0.3287}, 203.98722742125392)
[92mINFO [0m:      configure_evaluate: no clients selected, skipping evaluation
[92mINFO [0m:      
[92mINFO [0m:      [ROUND 25]
[92mINFO [0m:      configure_fit: strategy sampled 2 clients (out of 10)
[92mINFO [0m:      aggregate_fit: received 2 results and 0 failures
[92mINFO [0m:      fit progress: (25, 4.70851047039032, {'accuracy': 0.2623}, 209.5145977595821)
[92mINFO [0m:      configure_evaluate: no clients selected, skipping evaluation
[92mINFO [0m:      
[92mINFO [0m:      [ROUND 26]
[92mINFO [0m:      configure_fit: strategy sampled 3 clients (out of 10)
[92mINFO [0m:      aggregate_fit: received 3 results and 0 failures
[92mINFO [0m:      fit progress: (26, 1.2073137521743775, {'accuracy': 0.5399}, 215.98876956105232)
[92mINFO [0m:      configure_evaluate: no clients selected, skipping evaluation
[92mINFO [0m:      
[92mINFO [0m:      [ROUND 27]
[92mINFO [0m:      configure_fit: strategy sampled 3 clients (out of 10)
[92mINFO [0m:      aggregate_fit: received 3 results and 0 failures
[92mINFO [0m:      fit progress: (27, 1.2289720952510834, {'accuracy': 0.5427}, 223.36361224669963)
[92mINFO [0m:      configure_evaluate: no clients selected, skipping evaluation
[92mINFO [0m:      
[92mINFO [0m:      [ROUND 28]
[92mINFO [0m:      configure_fit: strategy sampled 1 clients (out of 10)
[92mINFO [0m:      aggregate_fit: received 1 results and 0 failures
[92mINFO [0m:      fit progress: (28, 1.4254847407341003, {'accuracy': 0.4641}, 228.20793268177658)
[92mINFO [0m:      configure_evaluate: no clients selected, skipping evaluation
[92mINFO [0m:      
[92mINFO [0m:      [ROUND 29]
[92mINFO [0m:      configure_fit: strategy sampled 2 clients (out of 10)
[92mINFO [0m:      aggregate_fit: received 2 results and 0 failures
[92mINFO [0m:      fit progress: (29, 1.456086701154709, {'accuracy': 0.4769}, 234.33592336066067)
[92mINFO [0m:      configure_evaluate: no clients selected, skipping evaluation
[92mINFO [0m:      
[92mINFO [0m:      [ROUND 30]
[92mINFO [0m:      configure_fit: strategy sampled 2 clients (out of 10)
[92mINFO [0m:      aggregate_fit: received 2 results and 0 failures
[92mINFO [0m:      fit progress: (30, 1.4513526737689972, {'accuracy': 0.4904}, 239.77464911993593)
[92mINFO [0m:      configure_evaluate: no clients selected, skipping evaluation
[92mINFO [0m:      
[92mINFO [0m:      [ROUND 31]
[92mINFO [0m:      configure_fit: strategy sampled 1 clients (out of 10)
[92mINFO [0m:      aggregate_fit: received 1 results and 0 failures
[92mINFO [0m:      fit progress: (31, 2.9953644394874575, {'accuracy': 0.3269}, 244.15401936229318)
[92mINFO [0m:      configure_evaluate: no clients selected, skipping evaluation
[92mINFO [0m:      
[92mINFO [0m:      [ROUND 32]
[92mINFO [0m:      configure_fit: strategy sampled 2 clients (out of 10)
[92mINFO [0m:      aggregate_fit: received 2 results and 0 failures
[92mINFO [0m:      fit progress: (32, 2.9953644394874575, {'accuracy': 0.3269}, 250.21340150851756)
[92mINFO [0m:      configure_evaluate: no clients selected, skipping evaluation
[92mINFO [0m:      
[92mINFO [0m:      [ROUND 33]
[92mINFO [0m:      configure_fit: strategy sampled 1 clients (out of 10)
[92mINFO [0m:      aggregate_fit: received 1 results and 0 failures
[92mINFO [0m:      fit progress: (33, 3.661407697200775, {'accuracy': 0.2669}, 255.0275907376781)
[92mINFO [0m:      configure_evaluate: no clients selected, skipping evaluation
[92mINFO [0m:      
[92mINFO [0m:      [ROUND 34]
[92mINFO [0m:      configure_fit: strategy sampled 1 clients (out of 10)
[92mINFO [0m:      aggregate_fit: received 1 results and 0 failures
[92mINFO [0m:      fit progress: (34, 2.6169865489006043, {'accuracy': 0.3794}, 259.8164795236662)
[92mINFO [0m:      configure_evaluate: no clients selected, skipping evaluation
[92mINFO [0m:      
[92mINFO [0m:      [ROUND 35]
[92mINFO [0m:      configure_fit: strategy sampled 1 clients (out of 10)
[92mINFO [0m:      aggregate_fit: received 1 results and 0 failures
[92mINFO [0m:      fit progress: (35, 12.24509162902832, {'accuracy': 0.1444}, 264.19558864925057)
[92mINFO [0m:      configure_evaluate: no clients selected, skipping evaluation
[92mINFO [0m:      
[92mINFO [0m:      [ROUND 36]
[92mINFO [0m:      configure_fit: strategy sampled 1 clients (out of 10)
[92mINFO [0m:      aggregate_fit: received 1 results and 0 failures
[92mINFO [0m:      fit progress: (36, 3.34050509929657, {'accuracy': 0.3453}, 268.49203654937446)
[92mINFO [0m:      configure_evaluate: no clients selected, skipping evaluation
[92mINFO [0m:      
[92mINFO [0m:      [ROUND 37]
[92mINFO [0m:      configure_fit: strategy sampled 2 clients (out of 10)
[92mINFO [0m:      aggregate_fit: received 2 results and 0 failures
[92mINFO [0m:      fit progress: (37, 2.448672354221344, {'accuracy': 0.3828}, 274.4999541975558)
[92mINFO [0m:      configure_evaluate: no clients selected, skipping evaluation
[92mINFO [0m:      
[92mINFO [0m:      [ROUND 38]
[92mINFO [0m:      configure_fit: no clients selected, cancel
[92mINFO [0m:      fit progress: (38, 2.448672354221344, {'accuracy': 0.3828}, 275.71943757589906)
[92mINFO [0m:      configure_evaluate: no clients selected, skipping evaluation
[92mINFO [0m:      
[92mINFO [0m:      [ROUND 39]
[92mINFO [0m:      configure_fit: no clients selected, cancel
[92mINFO [0m:      fit progress: (39, 2.448672354221344, {'accuracy': 0.3828}, 276.9304192587733)
[92mINFO [0m:      configure_evaluate: no clients selected, skipping evaluation
[92mINFO [0m:      
[92mINFO [0m:      [ROUND 40]
[92mINFO [0m:      configure_fit: strategy sampled 1 clients (out of 10)
[92mINFO [0m:      aggregate_fit: received 1 results and 0 failures
[92mINFO [0m:      fit progress: (40, 3.6219874262809753, {'accuracy': 0.3327}, 281.25336630642414)
[92mINFO [0m:      configure_evaluate: no clients selected, skipping evaluation
[92mINFO [0m:      
[92mINFO [0m:      [ROUND 41]
[92mINFO [0m:      configure_fit: strategy sampled 1 clients (out of 10)
[92mINFO [0m:      aggregate_fit: received 1 results and 0 failures
[92mINFO [0m:      fit progress: (41, 3.6219874262809753, {'accuracy': 0.3327}, 285.4946875637397)
[92mINFO [0m:      configure_evaluate: no clients selected, skipping evaluation
[92mINFO [0m:      
[92mINFO [0m:      [ROUND 42]
[92mINFO [0m:      configure_fit: strategy sampled 1 clients (out of 10)
[92mINFO [0m:      aggregate_fit: received 1 results and 0 failures
[92mINFO [0m:      fit progress: (42, 3.6219874262809753, {'accuracy': 0.3327}, 289.63309194520116)
[92mINFO [0m:      configure_evaluate: no clients selected, skipping evaluation
[92mINFO [0m:      
[92mINFO [0m:      [ROUND 43]
[92mINFO [0m:      configure_fit: no clients selected, cancel
[92mINFO [0m:      fit progress: (43, 3.6219874262809753, {'accuracy': 0.3327}, 290.83459070231766)
[92mINFO [0m:      configure_evaluate: no clients selected, skipping evaluation
[92mINFO [0m:      
[92mINFO [0m:      [ROUND 44]
[92mINFO [0m:      configure_fit: no clients selected, cancel
[92mINFO [0m:      fit progress: (44, 3.6219874262809753, {'accuracy': 0.3327}, 292.04449326824397)
[92mINFO [0m:      configure_evaluate: no clients selected, skipping evaluation
[92mINFO [0m:      
[92mINFO [0m:      [ROUND 45]
[92mINFO [0m:      configure_fit: strategy sampled 1 clients (out of 10)
[92mINFO [0m:      aggregate_fit: received 1 results and 0 failures
[92mINFO [0m:      fit progress: (45, 3.6219874262809753, {'accuracy': 0.3327}, 296.3184555694461)
[92mINFO [0m:      configure_evaluate: no clients selected, skipping evaluation
[92mINFO [0m:      
[92mINFO [0m:      [ROUND 46]
[92mINFO [0m:      configure_fit: strategy sampled 1 clients (out of 10)
[92mINFO [0m:      aggregate_fit: received 1 results and 0 failures
[92mINFO [0m:      fit progress: (46, 3.6219874262809753, {'accuracy': 0.3327}, 300.57365488354117)
[92mINFO [0m:      configure_evaluate: no clients selected, skipping evaluation
[92mINFO [0m:      
[92mINFO [0m:      [ROUND 47]
[92mINFO [0m:      configure_fit: strategy sampled 1 clients (out of 10)
[92mINFO [0m:      aggregate_fit: received 1 results and 0 failures
[92mINFO [0m:      fit progress: (47, 3.6219874262809753, {'accuracy': 0.3327}, 304.9844295857474)
[92mINFO [0m:      configure_evaluate: no clients selected, skipping evaluation
[92mINFO [0m:      
[92mINFO [0m:      [ROUND 48]
[92mINFO [0m:      configure_fit: no clients selected, cancel
[92mINFO [0m:      fit progress: (48, 3.6219874262809753, {'accuracy': 0.3327}, 306.22676636558026)
[92mINFO [0m:      configure_evaluate: no clients selected, skipping evaluation
[92mINFO [0m:      
[92mINFO [0m:      [ROUND 49]
[92mINFO [0m:      configure_fit: no clients selected, cancel
[92mINFO [0m:      fit progress: (49, 3.6219874262809753, {'accuracy': 0.3327}, 307.4652945259586)
[92mINFO [0m:      configure_evaluate: no clients selected, skipping evaluation
[92mINFO [0m:      
[92mINFO [0m:      [ROUND 50]
[92mINFO [0m:      configure_fit: strategy sampled 1 clients (out of 10)
[92mINFO [0m:      aggregate_fit: received 1 results and 0 failures
[92mINFO [0m:      fit progress: (50, 2.2684343338012694, {'accuracy': 0.425}, 311.83858937211335)
[92mINFO [0m:      configure_evaluate: no clients selected, skipping evaluation
[92mINFO [0m:      
[92mINFO [0m:      [ROUND 51]
[92mINFO [0m:      configure_fit: strategy sampled 1 clients (out of 10)
[92mINFO [0m:      aggregate_fit: received 1 results and 0 failures
[92mINFO [0m:      fit progress: (51, 2.5239548325538634, {'accuracy': 0.4259}, 316.0826427815482)
[92mINFO [0m:      configure_evaluate: no clients selected, skipping evaluation
[92mINFO [0m:      
[92mINFO [0m:      [ROUND 52]
[92mINFO [0m:      configure_fit: strategy sampled 1 clients (out of 10)
[92mINFO [0m:      aggregate_fit: received 1 results and 0 failures
[92mINFO [0m:      fit progress: (52, 3.519228732585907, {'accuracy': 0.3476}, 320.4198400499299)
[92mINFO [0m:      configure_evaluate: no clients selected, skipping evaluation
[92mINFO [0m:      
[92mINFO [0m:      [ROUND 53]
[92mINFO [0m:      configure_fit: no clients selected, cancel
[92mINFO [0m:      fit progress: (53, 3.519228732585907, {'accuracy': 0.3476}, 321.6331728734076)
[92mINFO [0m:      configure_evaluate: no clients selected, skipping evaluation
[92mINFO [0m:      
[92mINFO [0m:      [ROUND 54]
[92mINFO [0m:      configure_fit: no clients selected, cancel
[92mINFO [0m:      fit progress: (54, 3.519228732585907, {'accuracy': 0.3476}, 322.8480835566297)
[92mINFO [0m:      configure_evaluate: no clients selected, skipping evaluation
[92mINFO [0m:      
[92mINFO [0m:      [ROUND 55]
[92mINFO [0m:      configure_fit: strategy sampled 1 clients (out of 10)
[92mINFO [0m:      aggregate_fit: received 1 results and 0 failures
[92mINFO [0m:      fit progress: (55, 2.8191863536834716, {'accuracy': 0.3975}, 327.3402282530442)
[92mINFO [0m:      configure_evaluate: no clients selected, skipping evaluation
[92mINFO [0m:      
[92mINFO [0m:      [ROUND 56]
[92mINFO [0m:      configure_fit: strategy sampled 1 clients (out of 10)
[92mINFO [0m:      aggregate_fit: received 1 results and 0 failures
[92mINFO [0m:      fit progress: (56, 2.8191863536834716, {'accuracy': 0.3975}, 331.6100470079109)
[92mINFO [0m:      configure_evaluate: no clients selected, skipping evaluation
[92mINFO [0m:      
[92mINFO [0m:      [ROUND 57]
[92mINFO [0m:      configure_fit: strategy sampled 1 clients (out of 10)
[92mINFO [0m:      aggregate_fit: received 1 results and 0 failures
[92mINFO [0m:      fit progress: (57, 2.616012752056122, {'accuracy': 0.4307}, 335.8599049206823)
[92mINFO [0m:      configure_evaluate: no clients selected, skipping evaluation
[92mINFO [0m:      
[92mINFO [0m:      [ROUND 58]
[92mINFO [0m:      configure_fit: no clients selected, cancel
[92mINFO [0m:      fit progress: (58, 2.616012752056122, {'accuracy': 0.4307}, 337.0746922614053)
[92mINFO [0m:      configure_evaluate: no clients selected, skipping evaluation
[92mINFO [0m:      
[92mINFO [0m:      [ROUND 59]
[92mINFO [0m:      configure_fit: no clients selected, cancel
[92mINFO [0m:      fit progress: (59, 2.616012752056122, {'accuracy': 0.4307}, 338.30435905605555)
[92mINFO [0m:      configure_evaluate: no clients selected, skipping evaluation
[92mINFO [0m:      
[92mINFO [0m:      [ROUND 60]
[92mINFO [0m:      configure_fit: strategy sampled 1 clients (out of 10)
[92mINFO [0m:      aggregate_fit: received 1 results and 0 failures
[92mINFO [0m:      fit progress: (60, 2.832446002960205, {'accuracy': 0.407}, 342.57076735887676)
[92mINFO [0m:      configure_evaluate: no clients selected, skipping evaluation
[92mINFO [0m:      
[92mINFO [0m:      [SUMMARY]
[92mINFO [0m:      Run finished 60 round(s) in 342.57s
[92mINFO [0m:      	History (loss, centralized):
[92mINFO [0m:      		round 0: 3.566791999340057
[92mINFO [0m:      		round 1: 2.3366139054298403
[92mINFO [0m:      		round 2: 2.042861485481262
[92mINFO [0m:      		round 3: 2.4232062220573427
[92mINFO [0m:      		round 4: 1.6828614592552185
[92mINFO [0m:      		round 5: 1.5877646386623383
[92mINFO [0m:      		round 6: 1.7248668015003203
[92mINFO [0m:      		round 7: 1.5933956563472749
[92mINFO [0m:      		round 8: 1.5881878077983855
[92mINFO [0m:      		round 9: 1.8052159368991851
[92mINFO [0m:      		round 10: 1.5887949645519257
[92mINFO [0m:      		round 11: 1.674375981092453
[92mINFO [0m:      		round 12: 1.7078909635543824
[92mINFO [0m:      		round 13: 1.4548156023025514
[92mINFO [0m:      		round 14: 1.4548156023025514
[92mINFO [0m:      		round 15: 2.3307584643363954
[92mINFO [0m:      		round 16: 2.3307584643363954
[92mINFO [0m:      		round 17: 1.371495896577835
[92mINFO [0m:      		round 18: 1.371495896577835
[92mINFO [0m:      		round 19: 1.3260823786258698
[92mINFO [0m:      		round 20: 1.3260823786258698
[92mINFO [0m:      		round 21: 1.2485298693180085
[92mINFO [0m:      		round 22: 1.2485298693180085
[92mINFO [0m:      		round 23: 1.256807953119278
[92mINFO [0m:      		round 24: 2.60264595746994
[92mINFO [0m:      		round 25: 4.70851047039032
[92mINFO [0m:      		round 26: 1.2073137521743775
[92mINFO [0m:      		round 27: 1.2289720952510834
[92mINFO [0m:      		round 28: 1.4254847407341003
[92mINFO [0m:      		round 29: 1.456086701154709
[92mINFO [0m:      		round 30: 1.4513526737689972
[92mINFO [0m:      		round 31: 2.9953644394874575
[92mINFO [0m:      		round 32: 2.9953644394874575
[92mINFO [0m:      		round 33: 3.661407697200775
[92mINFO [0m:      		round 34: 2.6169865489006043
[92mINFO [0m:      		round 35: 12.24509162902832
[92mINFO [0m:      		round 36: 3.34050509929657
[92mINFO [0m:      		round 37: 2.448672354221344
[92mINFO [0m:      		round 38: 2.448672354221344
[92mINFO [0m:      		round 39: 2.448672354221344
[92mINFO [0m:      		round 40: 3.6219874262809753
[92mINFO [0m:      		round 41: 3.6219874262809753
[92mINFO [0m:      		round 42: 3.6219874262809753
[92mINFO [0m:      		round 43: 3.6219874262809753
[92mINFO [0m:      		round 44: 3.6219874262809753
[92mINFO [0m:      		round 45: 3.6219874262809753
[92mINFO [0m:      		round 46: 3.6219874262809753
[92mINFO [0m:      		round 47: 3.6219874262809753
[92mINFO [0m:      		round 48: 3.6219874262809753
[92mINFO [0m:      		round 49: 3.6219874262809753
[92mINFO [0m:      		round 50: 2.2684343338012694
[92mINFO [0m:      		round 51: 2.5239548325538634
[92mINFO [0m:      		round 52: 3.519228732585907
[92mINFO [0m:      		round 53: 3.519228732585907
[92mINFO [0m:      		round 54: 3.519228732585907
[92mINFO [0m:      		round 55: 2.8191863536834716
[92mINFO [0m:      		round 56: 2.8191863536834716
[92mINFO [0m:      		round 57: 2.616012752056122
[92mINFO [0m:      		round 58: 2.616012752056122
[92mINFO [0m:      		round 59: 2.616012752056122
[92mINFO [0m:      		round 60: 2.832446002960205
[92mINFO [0m:      	History (metrics, distributed, fit):
[92mINFO [0m:      	{'accuracy': [(1, 0.2406),
[92mINFO [0m:      	              (2, 0.2577),
[92mINFO [0m:      	              (3, 0.2883),
[92mINFO [0m:      	              (4, 0.3742),
[92mINFO [0m:      	              (5, 0.4215),
[92mINFO [0m:      	              (6, 0.3558),
[92mINFO [0m:      	              (7, 0.3985),
[92mINFO [0m:      	              (8, 0.3962),
[92mINFO [0m:      	              (9, 0.3383),
[92mINFO [0m:      	              (10, 0.476),
[92mINFO [0m:      	              (11, 0.3963),
[92mINFO [0m:      	              (12, 0.4176),
[92mINFO [0m:      	              (13, 0.4576),
[92mINFO [0m:      	              (14, 0.4576),
[92mINFO [0m:      	              (15, 0.3138),
[92mINFO [0m:      	              (16, 0.3138),
[92mINFO [0m:      	              (17, 0.4952),
[92mINFO [0m:      	              (18, 0.4952),
[92mINFO [0m:      	              (19, 0.504),
[92mINFO [0m:      	              (20, 0.504),
[92mINFO [0m:      	              (21, 0.5347),
[92mINFO [0m:      	              (22, 0.5347),
[92mINFO [0m:      	              (23, 0.5474),
[92mINFO [0m:      	              (24, 0.3287),
[92mINFO [0m:      	              (25, 0.2623),
[92mINFO [0m:      	              (26, 0.5399),
[92mINFO [0m:      	              (27, 0.5427),
[92mINFO [0m:      	              (28, 0.4641),
[92mINFO [0m:      	              (29, 0.4769),
[92mINFO [0m:      	              (30, 0.4904),
[92mINFO [0m:      	              (31, 0.3269),
[92mINFO [0m:      	              (32, 0.3269),
[92mINFO [0m:      	              (33, 0.2669),
[92mINFO [0m:      	              (34, 0.3794),
[92mINFO [0m:      	              (35, 0.1444),
[92mINFO [0m:      	              (36, 0.3453),
[92mINFO [0m:      	              (37, 0.3828),
[92mINFO [0m:      	              (40, 0.3327),
[92mINFO [0m:      	              (41, 0.3327),
[92mINFO [0m:      	              (42, 0.3327),
[92mINFO [0m:      	              (45, 0.3327),
[92mINFO [0m:      	              (46, 0.3327),
[92mINFO [0m:      	              (47, 0.3327),
[92mINFO [0m:      	              (50, 0.425),
[92mINFO [0m:      	              (51, 0.4259),
[92mINFO [0m:      	              (52, 0.3476),
[92mINFO [0m:      	              (55, 0.3975),
[92mINFO [0m:      	              (56, 0.3975),
[92mINFO [0m:      	              (57, 0.4307),
[92mINFO [0m:      	              (60, 0.407)],
[92mINFO [0m:      	 'avg_per': [(1, 0.6709406898734006),
[92mINFO [0m:      	             (2, 0.603897978729069),
[92mINFO [0m:      	             (3, 0.6144939859637935),
[92mINFO [0m:      	             (4, 0.862802753745369),
[92mINFO [0m:      	             (5, 0.8334301086625979),
[92mINFO [0m:      	             (6, 0.595155348172228),
[92mINFO [0m:      	             (7, 0.6392036340436908),
[92mINFO [0m:      	             (8, 0.6632719983407731),
[92mINFO [0m:      	             (9, 0.8374201706009865),
[92mINFO [0m:      	             (10, 0.7762249501661385),
[92mINFO [0m:      	             (11, 0.597639697845888),
[92mINFO [0m:      	             (12, 0.6814713473999253),
[92mINFO [0m:      	             (13, 0.8098278482145809),
[92mINFO [0m:      	             (14, 0.8888448478504737),
[92mINFO [0m:      	             (15, 0.8009022001289424),
[92mINFO [0m:      	             (16, 0.6745750581268003),
[92mINFO [0m:      	             (17, 0.6596445043134563),
[92mINFO [0m:      	             (18, 0.866339811744595),
[92mINFO [0m:      	             (19, 0.8887602980743815),
[92mINFO [0m:      	             (20, 0.8361507919981248),
[92mINFO [0m:      	             (21, 0.0569534293868054),
[92mINFO [0m:      	             (22, 0.05592914341351216),
[92mINFO [0m:      	             (23, 0.06939071569773392),
[92mINFO [0m:      	             (24, 0.14240353874469572),
[92mINFO [0m:      	             (25, 0.16397937464439832),
[92mINFO [0m:      	             (26, 0.10168308871392741),
[92mINFO [0m:      	             (27, 0.09688871368137647),
[92mINFO [0m:      	             (28, 0.17072109604344776),
[92mINFO [0m:      	             (29, 0.17460760260232405),
[92mINFO [0m:      	             (30, 0.0842420894236099),
[92mINFO [0m:      	             (31, 0.009120638728935497),
[92mINFO [0m:      	             (32, 0.11600102694532413),
[92mINFO [0m:      	             (33, 0.18167678818708916),
[92mINFO [0m:      	             (34, 0.15010518702253683),
[92mINFO [0m:      	             (35, 0.0036179346398895495),
[92mINFO [0m:      	             (36, 0.06824634510964055),
[92mINFO [0m:      	             (37, 0.13279449057751508),
[92mINFO [0m:      	             (40, 0.018477049877187044),
[92mINFO [0m:      	             (41, 0.5558475805095542),
[92mINFO [0m:      	             (42, 0.5552952836154413),
[92mINFO [0m:      	             (45, 0.9002596600671172),
[92mINFO [0m:      	             (46, 0.7035697492827455),
[92mINFO [0m:      	             (47, 0.6956528286352641),
[92mINFO [0m:      	             (50, 0.7635062411042381),
[92mINFO [0m:      	             (51, 0.8022473860405397),
[92mINFO [0m:      	             (52, 0.8078029855295491),
[92mINFO [0m:      	             (55, 0.7213042525791384),
[92mINFO [0m:      	             (56, 0.5511067936791244),
[92mINFO [0m:      	             (57, 0.7198224966857325),
[92mINFO [0m:      	             (60, 0.5573517281253607)],
[92mINFO [0m:      	 'bw_factor': [(1, 1.0),
[92mINFO [0m:      	               (2, 0.8),
[92mINFO [0m:      	               (3, 0.7206019679801264),
[92mINFO [0m:      	               (4, 0.73041469713819),
[92mINFO [0m:      	               (5, 0.8161542971620782),
[92mINFO [0m:      	               (6, 0.8258619877764053),
[92mINFO [0m:      	               (7, 0.829745453130013),
[92mINFO [0m:      	               (8, 0.7498217726447364),
[92mINFO [0m:      	               (9, 0.8274652886853144),
[92mINFO [0m:      	               (10, 0.8106886973464036),
[92mINFO [0m:      	               (11, 0.8075604823426024),
[92mINFO [0m:      	               (12, 0.8121001876441489),
[92mINFO [0m:      	               (13, 0.820209792600197),
[92mINFO [0m:      	               (14, 0.8244188982864309),
[92mINFO [0m:      	               (15, 0.8101094690673171),
[92mINFO [0m:      	               (16, 0.8317314972145494),
[92mINFO [0m:      	               (17, 0.8602298077675316),
[92mINFO [0m:      	               (18, 0.8708885727352323),
[92mINFO [0m:      	               (19, 0.8600705903381595),
[92mINFO [0m:      	               (20, 0.849958004103595),
[92mINFO [0m:      	               (21, 0.8341774860212662),
[92mINFO [0m:      	               (22, 0.8542038322094163),
[92mINFO [0m:      	               (23, 0.8575517952670869),
[92mINFO [0m:      	               (24, 0.8479077155946259),
[92mINFO [0m:      	               (25, 0.87865208246504),
[92mINFO [0m:      	               (26, 0.8906684715670907),
[92mINFO [0m:      	               (27, 0.8972859282229194),
[92mINFO [0m:      	               (28, 0.8609156570113548),
[92mINFO [0m:      	               (29, 0.8712551480077926),
[92mINFO [0m:      	               (30, 0.8596567708075911),
[92mINFO [0m:      	               (31, 0.8784527553235421),
[92mINFO [0m:      	               (32, 0.8701506399698254),
[92mINFO [0m:      	               (33, 0.8551072903896902),
[92mINFO [0m:      	               (34, 0.8674736527519733),
[92mINFO [0m:      	               (35, 0.866122561021432),
[92mINFO [0m:      	               (36, 0.8661192650989351),
[92mINFO [0m:      	               (37, 0.8565394726831255),
[92mINFO [0m:      	               (40, 0.8854950326470927),
[92mINFO [0m:      	               (41, 0.9050064062839185),
[92mINFO [0m:      	               (42, 0.9050165112653908),
[92mINFO [0m:      	               (45, 0.9050266196550377),
[92mINFO [0m:      	               (46, 0.8000496396375998),
[92mINFO [0m:      	               (47, 0.800294934993091),
[92mINFO [0m:      	               (50, 0.8001968915019193),
[92mINFO [0m:      	               (51, 0.8000987358199854),
[92mINFO [0m:      	               (52, 0.8000004678003598),
[92mINFO [0m:      	               (55, 0.800000624098905),
[92mINFO [0m:      	               (56, 0.8000003123594881),
[92mINFO [0m:      	               (57, 0.8000001047725407),
[92mINFO [0m:      	               (60, 0.800000001154911)],
[92mINFO [0m:      	 'energy': [(1, 98.29183489020035),
[92mINFO [0m:      	            (2, 98.9536899218482),
[92mINFO [0m:      	            (3, 107.9956087144898),
[92mINFO [0m:      	            (4, 91.84943822395309),
[92mINFO [0m:      	            (5, 120.34941252406279),
[92mINFO [0m:      	            (6, 89.6062344445634),
[92mINFO [0m:      	            (7, 99.83628005433465),
[92mINFO [0m:      	            (8, 105.49709591166268),
[92mINFO [0m:      	            (9, 104.49624265360463),
[92mINFO [0m:      	            (10, 108.75830798754136),
[92mINFO [0m:      	            (11, 89.9616667071689),
[92mINFO [0m:      	            (12, 87.85735764231946),
[92mINFO [0m:      	            (13, 95.34073840209383),
[92mINFO [0m:      	            (14, 88.92630594217052),
[92mINFO [0m:      	            (15, 48.7324641210091),
[92mINFO [0m:      	            (16, 33.516358215649376),
[92mINFO [0m:      	            (17, 58.45291735271154),
[92mINFO [0m:      	            (18, 78.22899106001447),
[92mINFO [0m:      	            (19, 64.55441248375655),
[92mINFO [0m:      	            (20, 58.20623837534731),
[92mINFO [0m:      	            (21, 27.120100214360466),
[92mINFO [0m:      	            (22, 34.032452244517195),
[92mINFO [0m:      	            (23, 57.69560438878159),
[92mINFO [0m:      	            (24, 21.176672022331644),
[92mINFO [0m:      	            (25, 13.254243578088747),
[92mINFO [0m:      	            (26, 26.396489019025182),
[92mINFO [0m:      	            (27, 34.14034530579557),
[92mINFO [0m:      	            (28, 14.11679616424055),
[92mINFO [0m:      	            (29, 21.173695630123756),
[92mINFO [0m:      	            (30, 13.562460984286101),
[92mINFO [0m:      	            (31, 6.1348637622550815),
[92mINFO [0m:      	            (32, 20.487262269587212),
[92mINFO [0m:      	            (33, 14.11745365788585),
[92mINFO [0m:      	            (34, 14.11606439696349),
[92mINFO [0m:      	            (35, 6.136214250827339),
[92mINFO [0m:      	            (36, 6.136214616960188),
[92mINFO [0m:      	            (37, 20.454621052964267),
[92mINFO [0m:      	            (40, 6.13410931768213),
[92mINFO [0m:      	            (41, 6.132080379492021),
[92mINFO [0m:      	            (42, 6.132079351366548),
[92mINFO [0m:      	            (45, 6.132078322917283),
[92mINFO [0m:      	            (46, 6.14416020357322),
[92mINFO [0m:      	            (47, 6.144128277825541),
[92mINFO [0m:      	            (50, 6.144141036060415),
[92mINFO [0m:      	            (51, 6.144153812026623),
[92mINFO [0m:      	            (52, 6.144166605755197),
[92mINFO [0m:      	            (55, 6.144166585403852),
[92mINFO [0m:      	            (56, 6.144166625994874),
[92mINFO [0m:      	            (57, 6.144166653024411),
[92mINFO [0m:      	            (60, 6.144166666516288)],
[92mINFO [0m:      	 'est_upload_time': [(1, 4.4718348902003395),
[92mINFO [0m:      	                     (2, 5.133689921848204),
[92mINFO [0m:      	                     (3, 7.895608714489808),
[92mINFO [0m:      	                     (4, 6.789438223953083),
[92mINFO [0m:      	                     (5, 5.07741252406279),
[92mINFO [0m:      	                     (6, 4.878234444563397),
[92mINFO [0m:      	                     (7, 5.296280054334658),
[92mINFO [0m:      	                     (8, 11.677095911662697),
[92mINFO [0m:      	                     (9, 4.596242653604612),
[92mINFO [0m:      	                     (10, 3.2983079875413623),
[92mINFO [0m:      	                     (11, 5.233666707168899),
[92mINFO [0m:      	                     (12, 9.261357642319451),
[92mINFO [0m:      	                     (13, 10.88073840209384),
[92mINFO [0m:      	                     (14, 3.866305942170505),
[92mINFO [0m:      	                     (15, 7.288464121009101),
[92mINFO [0m:      	                     (16, 1.5323582156493782),
[92mINFO [0m:      	                     (17, 3.3569173527115397),
[92mINFO [0m:      	                     (18, 9.620991060014465),
[92mINFO [0m:      	                     (19, 1.8584124837565468),
[92mINFO [0m:      	                     (20, 3.490238375347319),
[92mINFO [0m:      	                     (21, 1.648100214360467),
[92mINFO [0m:      	                     (22, 1.3004522445171964),
[92mINFO [0m:      	                     (23, 2.3596043887815985),
[92mINFO [0m:      	                     (24, 0.39667202233164567),
[92mINFO [0m:      	                     (25, 0.45424357808874816),
[92mINFO [0m:      	                     (26, 0.9244890190251801),
[92mINFO [0m:      	                     (27, 1.4083453057955708),
[92mINFO [0m:      	                     (28, 0.09679616424055143),
[92mINFO [0m:      	                     (29, 0.39369563012375525),
[92mINFO [0m:      	                     (30, 0.7624609842861005),
[92mINFO [0m:      	                     (31, 0.094863762255081),
[92mINFO [0m:      	                     (32, 0.427262269587212),
[92mINFO [0m:      	                     (33, 0.09745365788585032),
[92mINFO [0m:      	                     (34, 0.09606439696348895),
[92mINFO [0m:      	                     (35, 0.09621425082733905),
[92mINFO [0m:      	                     (36, 0.09621461696018772),
[92mINFO [0m:      	                     (37, 0.39462105296426864),
[92mINFO [0m:      	                     (40, 0.09410931768213),
[92mINFO [0m:      	                     (41, 0.09208037949202098),
[92mINFO [0m:      	                     (42, 0.09207935136654796),
[92mINFO [0m:      	                     (45, 0.09207832291728268),
[92mINFO [0m:      	                     (46, 0.10416020357321955),
[92mINFO [0m:      	                     (47, 0.10412827782554035),
[92mINFO [0m:      	                     (50, 0.10414103606041494),
[92mINFO [0m:      	                     (51, 0.10415381202662287),
[92mINFO [0m:      	                     (52, 0.10416660575519711),
[92mINFO [0m:      	                     (55, 0.10416658540385179),
[92mINFO [0m:      	                     (56, 0.10416662599487421),
[92mINFO [0m:      	                     (57, 0.10416665302441055),
[92mINFO [0m:      	                     (60, 0.10416666651628764)],
[92mINFO [0m:      	 'jain': [(1, 0.49999999999999),
[92mINFO [0m:      	          (2, 0.4999999999999975),
[92mINFO [0m:      	          (3, 0.5487804878048766),
[92mINFO [0m:      	          (4, 0.7692307692307677),
[92mINFO [0m:      	          (5, 0.909090909090907),
[92mINFO [0m:      	          (6, 0.9523809523809501),
[92mINFO [0m:      	          (7, 0.909090909090907),
[92mINFO [0m:      	          (8, 0.8333333333333316),
[92mINFO [0m:      	          (9, 0.7999999999999984),
[92mINFO [0m:      	          (10, 0.9523809523809501),
[92mINFO [0m:      	          (11, 0.909090909090907),
[92mINFO [0m:      	          (12, 0.8695652173913024),
[92mINFO [0m:      	          (13, 0.8695652173913024),
[92mINFO [0m:      	          (14, 0.8333333333333316),
[92mINFO [0m:      	          (15, 0.704347826086955),
[92mINFO [0m:      	          (16, 0.673684210526314),
[92mINFO [0m:      	          (17, 0.6818181818181797),
[92mINFO [0m:      	          (18, 0.612499999999998),
[92mINFO [0m:      	          (19, 0.6081081081081064),
[92mINFO [0m:      	          (20, 0.6399999999999983),
[92mINFO [0m:      	          (21, 0.5769230769230754),
[92mINFO [0m:      	          (22, 0.5764705882352924),
[92mINFO [0m:      	          (23, 0.5451612903225789),
[92mINFO [0m:      	          (24, 0.44814814814814646),
[92mINFO [0m:      	          (25, 0.4545454545454525),
[92mINFO [0m:      	          (26, 0.4545454545454525),
[92mINFO [0m:      	          (27, 0.3846153846153831),
[92mINFO [0m:      	          (28, 0.3857142857142839),
[92mINFO [0m:      	          (29, 0.3857142857142839),
[92mINFO [0m:      	          (30, 0.35555555555555357),
[92mINFO [0m:      	          (31, 0.2999999999999975),
[92mINFO [0m:      	          (32, 0.28823529411764537),
[92mINFO [0m:      	          (33, 0.25714285714285534),
[92mINFO [0m:      	          (34, 0.19230769230769085),
[92mINFO [0m:      	          (35, 0.19230769230769085),
[92mINFO [0m:      	          (36, 0.1999999999999975),
[92mINFO [0m:      	          (37, 0.19230769230769085),
[92mINFO [0m:      	          (40, 0.1470588235294109),
[92mINFO [0m:      	          (41, 0.1470588235294109),
[92mINFO [0m:      	          (42, 0.1470588235294109),
[92mINFO [0m:      	          (45, 0.09999999999999938),
[92mINFO [0m:      	          (46, 0.09999999999999938),
[92mINFO [0m:      	          (47, 0.09999999999999938),
[92mINFO [0m:      	          (50, 0.09999999999999938),
[92mINFO [0m:      	          (51, 0.09999999999999938),
[92mINFO [0m:      	          (52, 0.09999999999999938),
[92mINFO [0m:      	          (55, 0.09999999999999938),
[92mINFO [0m:      	          (56, 0.09999999999999938),
[92mINFO [0m:      	          (57, 0.09999999999999938),
[92mINFO [0m:      	          (60, 0.09999999999999938)],
[92mINFO [0m:      	 'loss': [(1, 2.3366139054298403),
[92mINFO [0m:      	          (2, 2.042861485481262),
[92mINFO [0m:      	          (3, 2.4232062220573427),
[92mINFO [0m:      	          (4, 1.6828614592552185),
[92mINFO [0m:      	          (5, 1.5877646386623383),
[92mINFO [0m:      	          (6, 1.7248668015003203),
[92mINFO [0m:      	          (7, 1.5933956563472749),
[92mINFO [0m:      	          (8, 1.5881878077983855),
[92mINFO [0m:      	          (9, 1.8052159368991851),
[92mINFO [0m:      	          (10, 1.5887949645519257),
[92mINFO [0m:      	          (11, 1.674375981092453),
[92mINFO [0m:      	          (12, 1.7078909635543824),
[92mINFO [0m:      	          (13, 1.4548156023025514),
[92mINFO [0m:      	          (14, 1.4548156023025514),
[92mINFO [0m:      	          (15, 2.3307584643363954),
[92mINFO [0m:      	          (16, 2.3307584643363954),
[92mINFO [0m:      	          (17, 1.371495896577835),
[92mINFO [0m:      	          (18, 1.371495896577835),
[92mINFO [0m:      	          (19, 1.3260823786258698),
[92mINFO [0m:      	          (20, 1.3260823786258698),
[92mINFO [0m:      	          (21, 1.2485298693180085),
[92mINFO [0m:      	          (22, 1.2485298693180085),
[92mINFO [0m:      	          (23, 1.256807953119278),
[92mINFO [0m:      	          (24, 2.60264595746994),
[92mINFO [0m:      	          (25, 4.70851047039032),
[92mINFO [0m:      	          (26, 1.2073137521743775),
[92mINFO [0m:      	          (27, 1.2289720952510834),
[92mINFO [0m:      	          (28, 1.4254847407341003),
[92mINFO [0m:      	          (29, 1.456086701154709),
[92mINFO [0m:      	          (30, 1.4513526737689972),
[92mINFO [0m:      	          (31, 2.9953644394874575),
[92mINFO [0m:      	          (32, 2.9953644394874575),
[92mINFO [0m:      	          (33, 3.661407697200775),
[92mINFO [0m:      	          (34, 2.6169865489006043),
[92mINFO [0m:      	          (35, 12.24509162902832),
[92mINFO [0m:      	          (36, 3.34050509929657),
[92mINFO [0m:      	          (37, 2.448672354221344),
[92mINFO [0m:      	          (40, 3.6219874262809753),
[92mINFO [0m:      	          (41, 3.6219874262809753),
[92mINFO [0m:      	          (42, 3.6219874262809753),
[92mINFO [0m:      	          (45, 3.6219874262809753),
[92mINFO [0m:      	          (46, 3.6219874262809753),
[92mINFO [0m:      	          (47, 3.6219874262809753),
[92mINFO [0m:      	          (50, 2.2684343338012694),
[92mINFO [0m:      	          (51, 2.5239548325538634),
[92mINFO [0m:      	          (52, 3.519228732585907),
[92mINFO [0m:      	          (55, 2.8191863536834716),
[92mINFO [0m:      	          (56, 2.8191863536834716),
[92mINFO [0m:      	          (57, 2.616012752056122),
[92mINFO [0m:      	          (60, 2.832446002960205)],
[92mINFO [0m:      	 'mode': [(1, 'semi_sync'),
[92mINFO [0m:      	          (2, 'bridge'),
[92mINFO [0m:      	          (3, 'bridge'),
[92mINFO [0m:      	          (4, 'bridge'),
[92mINFO [0m:      	          (5, 'bridge'),
[92mINFO [0m:      	          (6, 'bridge'),
[92mINFO [0m:      	          (7, 'bridge'),
[92mINFO [0m:      	          (8, 'bridge'),
[92mINFO [0m:      	          (9, 'bridge'),
[92mINFO [0m:      	          (10, 'bridge'),
[92mINFO [0m:      	          (11, 'async'),
[92mINFO [0m:      	          (12, 'async'),
[92mINFO [0m:      	          (13, 'async'),
[92mINFO [0m:      	          (14, 'async'),
[92mINFO [0m:      	          (15, 'async'),
[92mINFO [0m:      	          (16, 'async'),
[92mINFO [0m:      	          (17, 'async'),
[92mINFO [0m:      	          (18, 'async'),
[92mINFO [0m:      	          (19, 'async'),
[92mINFO [0m:      	          (20, 'async'),
[92mINFO [0m:      	          (21, 'async'),
[92mINFO [0m:      	          (22, 'async'),
[92mINFO [0m:      	          (23, 'async'),
[92mINFO [0m:      	          (24, 'bridge'),
[92mINFO [0m:      	          (25, 'bridge'),
[92mINFO [0m:      	          (26, 'bridge'),
[92mINFO [0m:      	          (27, 'bridge'),
[92mINFO [0m:      	          (28, 'bridge'),
[92mINFO [0m:      	          (29, 'bridge'),
[92mINFO [0m:      	          (30, 'bridge'),
[92mINFO [0m:      	          (31, 'bridge'),
[92mINFO [0m:      	          (32, 'bridge'),
[92mINFO [0m:      	          (33, 'semi_sync'),
[92mINFO [0m:      	          (34, 'semi_sync'),
[92mINFO [0m:      	          (35, 'semi_sync'),
[92mINFO [0m:      	          (36, 'semi_sync'),
[92mINFO [0m:      	          (37, 'semi_sync'),
[92mINFO [0m:      	          (40, 'semi_sync'),
[92mINFO [0m:      	          (41, 'semi_sync'),
[92mINFO [0m:      	          (42, 'semi_sync'),
[92mINFO [0m:      	          (45, 'semi_sync'),
[92mINFO [0m:      	          (46, 'bridge'),
[92mINFO [0m:      	          (47, 'bridge'),
[92mINFO [0m:      	          (50, 'bridge'),
[92mINFO [0m:      	          (51, 'bridge'),
[92mINFO [0m:      	          (52, 'bridge'),
[92mINFO [0m:      	          (55, 'async'),
[92mINFO [0m:      	          (56, 'async'),
[92mINFO [0m:      	          (57, 'async'),
[92mINFO [0m:      	          (60, 'async')],
[92mINFO [0m:      	 'num_exhausted_clients': [(1, 0.0),
[92mINFO [0m:      	                           (2, 0.0),
[92mINFO [0m:      	                           (3, 0.0),
[92mINFO [0m:      	                           (4, 0.0),
[92mINFO [0m:      	                           (5, 0.0),
[92mINFO [0m:      	                           (6, 0.0),
[92mINFO [0m:      	                           (7, 0.0),
[92mINFO [0m:      	                           (8, 0.0),
[92mINFO [0m:      	                           (9, 0.0),
[92mINFO [0m:      	                           (10, 0.0),
[92mINFO [0m:      	                           (11, 0.0),
[92mINFO [0m:      	                           (12, 0.0),
[92mINFO [0m:      	                           (13, 0.0),
[92mINFO [0m:      	                           (14, 0.0),
[92mINFO [0m:      	                           (15, 0.0),
[92mINFO [0m:      	                           (16, 0.0),
[92mINFO [0m:      	                           (17, 0.0),
[92mINFO [0m:      	                           (18, 0.0),
[92mINFO [0m:      	                           (19, 0.0),
[92mINFO [0m:      	                           (20, 0.0),
[92mINFO [0m:      	                           (21, 0.0),
[92mINFO [0m:      	                           (22, 0.0),
[92mINFO [0m:      	                           (23, 0.0),
[92mINFO [0m:      	                           (24, 0.0),
[92mINFO [0m:      	                           (25, 0.0),
[92mINFO [0m:      	                           (26, 0.0),
[92mINFO [0m:      	                           (27, 0.0),
[92mINFO [0m:      	                           (28, 0.0),
[92mINFO [0m:      	                           (29, 0.0),
[92mINFO [0m:      	                           (30, 0.0),
[92mINFO [0m:      	                           (31, 0.0),
[92mINFO [0m:      	                           (32, 0.0),
[92mINFO [0m:      	                           (33, 0.0),
[92mINFO [0m:      	                           (34, 0.0),
[92mINFO [0m:      	                           (35, 0.0),
[92mINFO [0m:      	                           (36, 0.0),
[92mINFO [0m:      	                           (37, 0.0),
[92mINFO [0m:      	                           (40, 0.0),
[92mINFO [0m:      	                           (41, 0.0),
[92mINFO [0m:      	                           (42, 0.0),
[92mINFO [0m:      	                           (45, 0.0),
[92mINFO [0m:      	                           (46, 0.0),
[92mINFO [0m:      	                           (47, 0.0),
[92mINFO [0m:      	                           (50, 0.0),
[92mINFO [0m:      	                           (51, 0.0),
[92mINFO [0m:      	                           (52, 0.0),
[92mINFO [0m:      	                           (55, 0.0),
[92mINFO [0m:      	                           (56, 0.0),
[92mINFO [0m:      	                           (57, 0.0),
[92mINFO [0m:      	                           (60, 0.0)],
[92mINFO [0m:      	 'topk': [(1, 5.0),
[92mINFO [0m:      	          (2, 5.0),
[92mINFO [0m:      	          (3, 5.0),
[92mINFO [0m:      	          (4, 5.0),
[92mINFO [0m:      	          (5, 5.0),
[92mINFO [0m:      	          (6, 5.0),
[92mINFO [0m:      	          (7, 5.0),
[92mINFO [0m:      	          (8, 5.0),
[92mINFO [0m:      	          (9, 5.0),
[92mINFO [0m:      	          (10, 5.0),
[92mINFO [0m:      	          (11, 5.0),
[92mINFO [0m:      	          (12, 5.0),
[92mINFO [0m:      	          (13, 5.0),
[92mINFO [0m:      	          (14, 5.0),
[92mINFO [0m:      	          (15, 3.0),
[92mINFO [0m:      	          (16, 3.0),
[92mINFO [0m:      	          (17, 4.0),
[92mINFO [0m:      	          (18, 4.0),
[92mINFO [0m:      	          (19, 4.0),
[92mINFO [0m:      	          (20, 4.0),
[92mINFO [0m:      	          (21, 3.0),
[92mINFO [0m:      	          (22, 3.0),
[92mINFO [0m:      	          (23, 3.0),
[92mINFO [0m:      	          (24, 2.0),
[92mINFO [0m:      	          (25, 2.0),
[92mINFO [0m:      	          (26, 3.0),
[92mINFO [0m:      	          (27, 3.0),
[92mINFO [0m:      	          (28, 1.0),
[92mINFO [0m:      	          (29, 2.0),
[92mINFO [0m:      	          (30, 2.0),
[92mINFO [0m:      	          (31, 1.0),
[92mINFO [0m:      	          (32, 2.0),
[92mINFO [0m:      	          (33, 1.0),
[92mINFO [0m:      	          (34, 1.0),
[92mINFO [0m:      	          (35, 1.0),
[92mINFO [0m:      	          (36, 1.0),
[92mINFO [0m:      	          (37, 2.0),
[92mINFO [0m:      	          (40, 1.0),
[92mINFO [0m:      	          (41, 1.0),
[92mINFO [0m:      	          (42, 1.0),
[92mINFO [0m:      	          (45, 1.0),
[92mINFO [0m:      	          (46, 1.0),
[92mINFO [0m:      	          (47, 1.0),
[92mINFO [0m:      	          (50, 1.0),
[92mINFO [0m:      	          (51, 1.0),
[92mINFO [0m:      	          (52, 1.0),
[92mINFO [0m:      	          (55, 1.0),
[92mINFO [0m:      	          (56, 1.0),
[92mINFO [0m:      	          (57, 1.0),
[92mINFO [0m:      	          (60, 1.0)]}
[92mINFO [0m:      	History (metrics, centralized):
[92mINFO [0m:      	{'accuracy': [(0, 0.1),
[92mINFO [0m:      	              (1, 0.2406),
[92mINFO [0m:      	              (2, 0.2577),
[92mINFO [0m:      	              (3, 0.2883),
[92mINFO [0m:      	              (4, 0.3742),
[92mINFO [0m:      	              (5, 0.4215),
[92mINFO [0m:      	              (6, 0.3558),
[92mINFO [0m:      	              (7, 0.3985),
[92mINFO [0m:      	              (8, 0.3962),
[92mINFO [0m:      	              (9, 0.3383),
[92mINFO [0m:      	              (10, 0.476),
[92mINFO [0m:      	              (11, 0.3963),
[92mINFO [0m:      	              (12, 0.4176),
[92mINFO [0m:      	              (13, 0.4576),
[92mINFO [0m:      	              (14, 0.4576),
[92mINFO [0m:      	              (15, 0.3138),
[92mINFO [0m:      	              (16, 0.3138),
[92mINFO [0m:      	              (17, 0.4952),
[92mINFO [0m:      	              (18, 0.4952),
[92mINFO [0m:      	              (19, 0.504),
[92mINFO [0m:      	              (20, 0.504),
[92mINFO [0m:      	              (21, 0.5347),
[92mINFO [0m:      	              (22, 0.5347),
[92mINFO [0m:      	              (23, 0.5474),
[92mINFO [0m:      	              (24, 0.3287),
[92mINFO [0m:      	              (25, 0.2623),
[92mINFO [0m:      	              (26, 0.5399),
[92mINFO [0m:      	              (27, 0.5427),
[92mINFO [0m:      	              (28, 0.4641),
[92mINFO [0m:      	              (29, 0.4769),
[92mINFO [0m:      	              (30, 0.4904),
[92mINFO [0m:      	              (31, 0.3269),
[92mINFO [0m:      	              (32, 0.3269),
[92mINFO [0m:      	              (33, 0.2669),
[92mINFO [0m:      	              (34, 0.3794),
[92mINFO [0m:      	              (35, 0.1444),
[92mINFO [0m:      	              (36, 0.3453),
[92mINFO [0m:      	              (37, 0.3828),
[92mINFO [0m:      	              (38, 0.3828),
[92mINFO [0m:      	              (39, 0.3828),
[92mINFO [0m:      	              (40, 0.3327),
[92mINFO [0m:      	              (41, 0.3327),
[92mINFO [0m:      	              (42, 0.3327),
[92mINFO [0m:      	              (43, 0.3327),
[92mINFO [0m:      	              (44, 0.3327),
[92mINFO [0m:      	              (45, 0.3327),
[92mINFO [0m:      	              (46, 0.3327),
[92mINFO [0m:      	              (47, 0.3327),
[92mINFO [0m:      	              (48, 0.3327),
[92mINFO [0m:      	              (49, 0.3327),
[92mINFO [0m:      	              (50, 0.425),
[92mINFO [0m:      	              (51, 0.4259),
[92mINFO [0m:      	              (52, 0.3476),
[92mINFO [0m:      	              (53, 0.3476),
[92mINFO [0m:      	              (54, 0.3476),
[92mINFO [0m:      	              (55, 0.3975),
[92mINFO [0m:      	              (56, 0.3975),
[92mINFO [0m:      	              (57, 0.4307),
[92mINFO [0m:      	              (58, 0.4307),
[92mINFO [0m:      	              (59, 0.4307),
[92mINFO [0m:      	              (60, 0.407)]}
[92mINFO [0m:      
[36m(ClientAppActor pid=395548)[0m [2026-03-06 01:29:08,451 E 395548 396031] core_worker_process.cc:825: Failed to establish connection to the metrics exporter agent. Metrics will not be exported. Exporter agent status: RpcError: Running out of retries to initialize the metrics agent. rpc_code: 14[32m [repeated 4x across cluster][0m
