[93mWARNING [0m:   DEPRECATED FEATURE: flwr.simulation.start_simulation() is deprecated.
	Instead, use the `flwr run` CLI command to start a local simulation in your Flower app, as shown for example below:

		$ flwr new  # Create a new Flower app from a template

		$ flwr run  # Run the Flower app in Simulation Mode

	Using `start_simulation()` is deprecated.

            This is a deprecated feature. It will be removed
            entirely in future versions of Flower.
        
[92mINFO [0m:      Starting Flower simulation, config: num_rounds=60, no round_timeout
2026-02-28 16:51:16,732	INFO worker.py:2012 -- Started a local Ray instance.
D:\Code\2025-11\moga-fl\.venv\lib\site-packages\ray\_private\worker.py:2051: FutureWarning: Tip: In future versions of Ray, Ray will no longer override accelerator visible devices env var if num_gpus=0 or num_gpus=None (default). To enable this behavior and turn off this error message, set RAY_ACCEL_ENV_VAR_OVERRIDE_ON_ZERO=0
  warnings.warn(
[92mINFO [0m:      Flower VCE: Ray initialized with resources: {'object_store_memory': 809360179.0, 'GPU': 1.0, 'memory': 1888507085.0, 'accelerator_type:G': 1.0, 'node:127.0.0.1': 1.0, 'node:__internal_head__': 1.0, 'CPU': 16.0}
[92mINFO [0m:      Optimize your simulation with Flower VCE: https://flower.ai/docs/framework/how-to-run-simulations.html
[92mINFO [0m:      Flower VCE: Resources for each Virtual Client: {'num_cpus': 2.0, 'num_gpus': 0.25}
[92mINFO [0m:      Flower VCE: Creating VirtualClientEngineActorPool with 4 actors
[92mINFO [0m:      [INIT]
[92mINFO [0m:      Using initial global parameters provided by strategy
[92mINFO [0m:      Starting evaluation of initial global parameters
[92mINFO [0m:      initial parameters (loss, other metrics): 3.569974211197865, {'accuracy': 0.1}
[92mINFO [0m:      
[92mINFO [0m:      [ROUND 1]
[92mINFO [0m:      configure_fit: strategy sampled 5 clients (out of 10)
[36m(pid=gcs_server)[0m [2026-02-28 16:51:47,052 E 20524 27912] (gcs_server.exe) gcs_server.cc:302: Failed to establish connection to the event+metrics exporter agent. Events and metrics will not be exported. Exporter agent status: RpcError: Running out of retries to initialize the metrics agent. rpc_code: 14
[33m(raylet)[0m [2026-02-28 16:51:48,635 E 35028 35904] (raylet.exe) main.cc:975: Failed to establish connection to the metrics exporter agent. Metrics will not be exported. Exporter agent status: RpcError: Running out of retries to initialize the metrics agent. rpc_code: 14
[2026-02-28 16:51:50,969 E 29124 34488] core_worker_process.cc:825: Failed to establish connection to the metrics exporter agent. Metrics will not be exported. Exporter agent status: RpcError: Running out of retries to initialize the metrics agent. rpc_code: 14
[92mINFO [0m:      aggregate_fit: received 5 results and 0 failures
[92mINFO [0m:      fit progress: (1, 2.094343770908404, {'accuracy': 0.3223}, 48.3817124000052)
[92mINFO [0m:      configure_evaluate: no clients selected, skipping evaluation
[92mINFO [0m:      
[92mINFO [0m:      [ROUND 2]
[92mINFO [0m:      configure_fit: strategy sampled 5 clients (out of 10)
[92mINFO [0m:      aggregate_fit: received 5 results and 0 failures
[92mINFO [0m:      fit progress: (2, 2.209020448636405, {'accuracy': 0.2559}, 69.51001649998943)
[92mINFO [0m:      configure_evaluate: no clients selected, skipping evaluation
[92mINFO [0m:      
[92mINFO [0m:      [ROUND 3]
[92mINFO [0m:      configure_fit: strategy sampled 5 clients (out of 10)
[92mINFO [0m:      aggregate_fit: received 5 results and 0 failures
[92mINFO [0m:      fit progress: (3, 1.7885053701038602, {'accuracy': 0.3145}, 112.35773869999684)
[92mINFO [0m:      configure_evaluate: no clients selected, skipping evaluation
[92mINFO [0m:      
[92mINFO [0m:      [ROUND 4]
[92mINFO [0m:      configure_fit: strategy sampled 5 clients (out of 10)
[92mINFO [0m:      aggregate_fit: received 5 results and 0 failures
[92mINFO [0m:      fit progress: (4, 3.249160959750791, {'accuracy': 0.2779}, 138.14885629998753)
[92mINFO [0m:      configure_evaluate: no clients selected, skipping evaluation
[92mINFO [0m:      
[92mINFO [0m:      [ROUND 5]
[92mINFO [0m:      configure_fit: strategy sampled 5 clients (out of 10)
[92mINFO [0m:      aggregate_fit: received 5 results and 0 failures
[92mINFO [0m:      fit progress: (5, 1.8141619932802417, {'accuracy': 0.3557}, 179.09488590000547)
[92mINFO [0m:      configure_evaluate: no clients selected, skipping evaluation
[92mINFO [0m:      
[92mINFO [0m:      [ROUND 6]
[92mINFO [0m:      configure_fit: strategy sampled 5 clients (out of 10)
[92mINFO [0m:      aggregate_fit: received 5 results and 0 failures
[92mINFO [0m:      fit progress: (6, 1.5873536173301408, {'accuracy': 0.4341}, 218.60998700000346)
[92mINFO [0m:      configure_evaluate: no clients selected, skipping evaluation
[92mINFO [0m:      
[92mINFO [0m:      [ROUND 7]
[92mINFO [0m:      configure_fit: strategy sampled 5 clients (out of 10)
[92mINFO [0m:      aggregate_fit: received 5 results and 0 failures
[92mINFO [0m:      fit progress: (7, 1.7088952487028097, {'accuracy': 0.4406}, 246.1413734999951)
[92mINFO [0m:      configure_evaluate: no clients selected, skipping evaluation
[92mINFO [0m:      
[92mINFO [0m:      [ROUND 8]
[92mINFO [0m:      configure_fit: strategy sampled 5 clients (out of 10)
[92mINFO [0m:      aggregate_fit: received 5 results and 0 failures
[92mINFO [0m:      fit progress: (8, 1.4891713374777684, {'accuracy': 0.458}, 290.4605641999806)
[92mINFO [0m:      configure_evaluate: no clients selected, skipping evaluation
[92mINFO [0m:      
[92mINFO [0m:      [ROUND 9]
[92mINFO [0m:      configure_fit: strategy sampled 5 clients (out of 10)
[92mINFO [0m:      aggregate_fit: received 5 results and 0 failures
[92mINFO [0m:      fit progress: (9, 1.8886674883999401, {'accuracy': 0.4151}, 324.3097594999999)
[92mINFO [0m:      configure_evaluate: no clients selected, skipping evaluation
[92mINFO [0m:      
[92mINFO [0m:      [ROUND 10]
[92mINFO [0m:      configure_fit: strategy sampled 5 clients (out of 10)
[92mINFO [0m:      aggregate_fit: received 5 results and 0 failures
[92mINFO [0m:      fit progress: (10, 1.3206218707410595, {'accuracy': 0.5338}, 359.3719415999949)
[92mINFO [0m:      configure_evaluate: no clients selected, skipping evaluation
[92mINFO [0m:      
[92mINFO [0m:      [ROUND 11]
[92mINFO [0m:      configure_fit: strategy sampled 5 clients (out of 10)
[92mINFO [0m:      aggregate_fit: received 5 results and 0 failures
[92mINFO [0m:      fit progress: (11, 1.2965340825575817, {'accuracy': 0.5426}, 397.47897009999724)
[92mINFO [0m:      configure_evaluate: no clients selected, skipping evaluation
[92mINFO [0m:      
[92mINFO [0m:      [ROUND 12]
[92mINFO [0m:      configure_fit: strategy sampled 5 clients (out of 10)
[92mINFO [0m:      aggregate_fit: received 5 results and 0 failures
[92mINFO [0m:      fit progress: (12, 1.1636616693267339, {'accuracy': 0.5744}, 431.98768629998085)
[92mINFO [0m:      configure_evaluate: no clients selected, skipping evaluation
[92mINFO [0m:      
[92mINFO [0m:      [ROUND 13]
[92mINFO [0m:      configure_fit: strategy sampled 5 clients (out of 10)
[92mINFO [0m:      aggregate_fit: received 5 results and 0 failures
[92mINFO [0m:      fit progress: (13, 1.1345778039739103, {'accuracy': 0.6116}, 473.6196071000013)
[92mINFO [0m:      configure_evaluate: no clients selected, skipping evaluation
[92mINFO [0m:      
[92mINFO [0m:      [ROUND 14]
[92mINFO [0m:      configure_fit: strategy sampled 5 clients (out of 10)
[92mINFO [0m:      aggregate_fit: received 5 results and 0 failures
[92mINFO [0m:      fit progress: (14, 1.196956442126745, {'accuracy': 0.5749}, 507.13057589999516)
[92mINFO [0m:      configure_evaluate: no clients selected, skipping evaluation
[92mINFO [0m:      
[92mINFO [0m:      [ROUND 15]
[92mINFO [0m:      configure_fit: strategy sampled 5 clients (out of 10)
[92mINFO [0m:      aggregate_fit: received 5 results and 0 failures
[92mINFO [0m:      fit progress: (15, 1.1234670967995366, {'accuracy': 0.6196}, 542.5542776999937)
[92mINFO [0m:      configure_evaluate: no clients selected, skipping evaluation
[92mINFO [0m:      
[92mINFO [0m:      [ROUND 16]
[92mINFO [0m:      configure_fit: strategy sampled 5 clients (out of 10)
[92mINFO [0m:      aggregate_fit: received 5 results and 0 failures
[92mINFO [0m:      fit progress: (16, 1.2098130259332778, {'accuracy': 0.6264}, 580.5616625999974)
[92mINFO [0m:      configure_evaluate: no clients selected, skipping evaluation
[92mINFO [0m:      
[92mINFO [0m:      [ROUND 17]
[92mINFO [0m:      configure_fit: strategy sampled 5 clients (out of 10)
[92mINFO [0m:      aggregate_fit: received 5 results and 0 failures
[92mINFO [0m:      fit progress: (17, 1.099816694289823, {'accuracy': 0.593}, 618.2050263999845)
[92mINFO [0m:      configure_evaluate: no clients selected, skipping evaluation
[92mINFO [0m:      
[92mINFO [0m:      [ROUND 18]
[92mINFO [0m:      configure_fit: strategy sampled 5 clients (out of 10)
Windows fatal exception: access violation

Stack (most recent call first):
  File "D:\Code\2025-11\moga-fl\.venv\lib\site-packages\ray\actor.py", line 2143 in _actor_method_call
  File "D:\Code\2025-11\moga-fl\.venv\lib\site-packages\ray\actor.py", line 858 in invocation
  File "D:\Code\2025-11\moga-fl\.venv\lib\site-packages\ray\actor.py", line 878 in _remote
  File "D:\Code\2025-11\moga-fl\.venv\lib\site-packages\ray\util\tracing\tracing_helper.py", line 422 in _start_span
  File "D:\Code\2025-11\moga-fl\.venv\lib\site-packages\ray\_private\auto_init_hook.py", line 22 in auto_init_wrapper
  File "D:\Code\2025-11\moga-fl\.venv\lib\site-packages\ray\actor.py", line 680 in remote
  File "D:\Code\2025-11\moga-fl\.venv\lib\site-packages\flwr\simulation\ray_transport\ray_client_proxy.py", line 85 in <lambda>
  File "D:\Code\2025-11\moga-fl\.venv\lib\site-packages\flwr\simulation\ray_transport\ray_actor.py", line 224 in submit
  File "D:\Code\2025-11\moga-fl\.venv\lib\site-packages\flwr\simulation\ray_transport\ray_actor.py", line 246 in submit_client_job
  File "D:\Code\2025-11\moga-fl\.venv\lib\site-packages\flwr\simulation\ray_transport\ray_client_proxy.py", line 84 in _submit_job
  File "D:\Code\2025-11\moga-fl\.venv\lib\site-packages\flwr\simulation\ray_transport\ray_client_proxy.py", line 183 in fit
  File "D:\Code\2025-11\moga-fl\.venv\lib\site-packages\flwr\server\server.py", line 367 in fit_client
  File "C:\Users\he_xu\AppData\Local\Programs\Python\Python310\lib\concurrent\futures\thread.py", line 52 in run
  File "C:\Users\he_xu\AppData\Local\Programs\Python\Python310\lib\concurrent\futures\thread.py", line 77 in _worker
  File "C:\Users\he_xu\AppData\Local\Programs\Python\Python310\lib\threading.py", line 946 in run
  File "C:\Users\he_xu\AppData\Local\Programs\Python\Python310\lib\threading.py", line 1009 in _bootstrap_inner
  File "C:\Users\he_xu\AppData\Local\Programs\Python\Python310\lib\threading.py", line 966 in _bootstrap
