/root/miniconda3/envs/moga-fl/lib/python3.10/site-packages/torch/cuda/__init__.py:65: FutureWarning: The pynvml package is deprecated. Please install nvidia-ml-py instead. If you did not install pynvml directly, please report this to the maintainers of the package that installed pynvml for you.
  import pynvml  # type: ignore[import]
[93mWARNING [0m:   DEPRECATED FEATURE: flwr.simulation.start_simulation() is deprecated.
	Instead, use the `flwr run` CLI command to start a local simulation in your Flower app, as shown for example below:

		$ flwr new  # Create a new Flower app from a template

		$ flwr run  # Run the Flower app in Simulation Mode

	Using `start_simulation()` is deprecated.

            This is a deprecated feature. It will be removed
            entirely in future versions of Flower.
        
[92mINFO [0m:      Starting Flower simulation, config: num_rounds=60, no round_timeout
2026-03-03 05:16:37,291	WARNING utils.py:460 -- Detecting docker specified CPUs. In previous versions of Ray, CPU detection in containers was incorrect. Please ensure that Ray has enough CPUs allocated. As a temporary workaround to revert to the prior behavior, set `RAY_USE_MULTIPROCESSING_CPU_COUNT=1` as an env var before starting Ray. Set the env var: `RAY_DISABLE_DOCKER_CPU_WARNING=1` to mute this warning.
2026-03-03 05:16:37,528	INFO worker.py:2012 -- Started a local Ray instance.
/root/miniconda3/envs/moga-fl/lib/python3.10/site-packages/ray/_private/worker.py:2051: FutureWarning: Tip: In future versions of Ray, Ray will no longer override accelerator visible devices env var if num_gpus=0 or num_gpus=None (default). To enable this behavior and turn off this error message, set RAY_ACCEL_ENV_VAR_OVERRIDE_ON_ZERO=0
  warnings.warn(
[92mINFO [0m:      Flower VCE: Ray initialized with resources: {'node:172.17.0.5': 1.0, 'GPU': 1.0, 'memory': 65809161421.0, 'node:__internal_head__': 1.0, 'accelerator_type:G': 1.0, 'object_store_memory': 28203926323.0, 'CPU': 25.0}
[92mINFO [0m:      Optimize your simulation with Flower VCE: https://flower.ai/docs/framework/how-to-run-simulations.html
[92mINFO [0m:      Flower VCE: Resources for each Virtual Client: {'num_cpus': 2.0, 'num_gpus': 0.25}
[92mINFO [0m:      Flower VCE: Creating VirtualClientEngineActorPool with 4 actors
[92mINFO [0m:      [INIT]
[92mINFO [0m:      Using initial global parameters provided by strategy
[92mINFO [0m:      Starting evaluation of initial global parameters
[92mINFO [0m:      initial parameters (loss, other metrics): 3.5699364686314063, {'accuracy': 0.1}
[92mINFO [0m:      
[92mINFO [0m:      [ROUND 1]
[92mINFO [0m:      configure_fit: strategy sampled 5 clients (out of 10)
[36m(ClientAppActor pid=239400)[0m /root/miniconda3/envs/moga-fl/lib/python3.10/site-packages/torch/cuda/__init__.py:65: FutureWarning: The pynvml package is deprecated. Please install nvidia-ml-py instead. If you did not install pynvml directly, please report this to the maintainers of the package that installed pynvml for you.
[36m(ClientAppActor pid=239400)[0m   import pynvml  # type: ignore[import]
[92mINFO [0m:      aggregate_fit: received 5 results and 0 failures
[92mINFO [0m:      fit progress: (1, 2.372891027716142, {'accuracy': 0.2253}, 20.273430625908077)
[92mINFO [0m:      configure_evaluate: no clients selected, skipping evaluation
[92mINFO [0m:      
[92mINFO [0m:      [ROUND 2]
[92mINFO [0m:      configure_fit: strategy sampled 5 clients (out of 10)
[36m(pid=gcs_server)[0m [2026-03-03 05:17:06,766 E 238885 238885] (gcs_server) gcs_server.cc:302: Failed to establish connection to the event+metrics exporter agent. Events and metrics will not be exported. Exporter agent status: RpcError: Running out of retries to initialize the metrics agent. rpc_code: 14
[36m(ClientAppActor pid=239399)[0m /root/miniconda3/envs/moga-fl/lib/python3.10/site-packages/torch/cuda/__init__.py:65: FutureWarning: The pynvml package is deprecated. Please install nvidia-ml-py instead. If you did not install pynvml directly, please report this to the maintainers of the package that installed pynvml for you.[32m [repeated 3x across cluster] (Ray deduplicates logs by default. Set RAY_DEDUP_LOGS=0 to disable log deduplication, or see https://docs.ray.io/en/master/ray-observability/user-guides/configure-logging.html#log-deduplication for more options.)[0m
[36m(ClientAppActor pid=239399)[0m   import pynvml  # type: ignore[import][32m [repeated 3x across cluster][0m
[33m(raylet)[0m [2026-03-03 05:17:07,460 E 239262 239262] (raylet) main.cc:975: Failed to establish connection to the metrics exporter agent. Metrics will not be exported. Exporter agent status: RpcError: Running out of retries to initialize the metrics agent. rpc_code: 14
[36m(ClientAppActor pid=239397)[0m [2026-03-03 05:17:07,847 E 239397 239652] core_worker_process.cc:825: Failed to establish connection to the metrics exporter agent. Metrics will not be exported. Exporter agent status: RpcError: Running out of retries to initialize the metrics agent. rpc_code: 14
[2026-03-03 05:17:08,134 E 238750 239395] core_worker_process.cc:825: Failed to establish connection to the metrics exporter agent. Metrics will not be exported. Exporter agent status: RpcError: Running out of retries to initialize the metrics agent. rpc_code: 14
[92mINFO [0m:      aggregate_fit: received 5 results and 0 failures
[92mINFO [0m:      fit progress: (2, 2.372891027716142, {'accuracy': 0.2253}, 32.506469544023275)
[92mINFO [0m:      configure_evaluate: no clients selected, skipping evaluation
[92mINFO [0m:      
[92mINFO [0m:      [ROUND 3]
[92mINFO [0m:      configure_fit: strategy sampled 5 clients (out of 10)
[92mINFO [0m:      aggregate_fit: received 5 results and 0 failures
[92mINFO [0m:      fit progress: (3, 2.255425608610805, {'accuracy': 0.2745}, 45.02384173963219)
[92mINFO [0m:      configure_evaluate: no clients selected, skipping evaluation
[92mINFO [0m:      
[92mINFO [0m:      [ROUND 4]
[92mINFO [0m:      configure_fit: strategy sampled 5 clients (out of 10)
[92mINFO [0m:      aggregate_fit: received 5 results and 0 failures
[92mINFO [0m:      fit progress: (4, 1.812778833546216, {'accuracy': 0.3252}, 58.60608312301338)
[92mINFO [0m:      configure_evaluate: no clients selected, skipping evaluation
[92mINFO [0m:      
[92mINFO [0m:      [ROUND 5]
[92mINFO [0m:      configure_fit: strategy sampled 5 clients (out of 10)
[92mINFO [0m:      aggregate_fit: received 5 results and 0 failures
[92mINFO [0m:      fit progress: (5, 2.4134279896941364, {'accuracy': 0.3468}, 74.51940458640456)
[92mINFO [0m:      configure_evaluate: no clients selected, skipping evaluation
[92mINFO [0m:      
[92mINFO [0m:      [ROUND 6]
[92mINFO [0m:      configure_fit: strategy sampled 5 clients (out of 10)
[92mINFO [0m:      aggregate_fit: received 5 results and 0 failures
[92mINFO [0m:      fit progress: (6, 2.3992299248900593, {'accuracy': 0.3626}, 94.30853283870965)
[92mINFO [0m:      configure_evaluate: no clients selected, skipping evaluation
[92mINFO [0m:      
[92mINFO [0m:      [ROUND 7]
[92mINFO [0m:      configure_fit: strategy sampled 5 clients (out of 10)
[92mINFO [0m:      aggregate_fit: received 5 results and 0 failures
[92mINFO [0m:      fit progress: (7, 1.3719181939016414, {'accuracy': 0.4943}, 108.86289479024708)
[92mINFO [0m:      configure_evaluate: no clients selected, skipping evaluation
[92mINFO [0m:      
[92mINFO [0m:      [ROUND 8]
[92mINFO [0m:      configure_fit: strategy sampled 5 clients (out of 10)
[92mINFO [0m:      aggregate_fit: received 5 results and 0 failures
[92mINFO [0m:      fit progress: (8, 1.2599396931974194, {'accuracy': 0.5472}, 121.28466256894171)
[92mINFO [0m:      configure_evaluate: no clients selected, skipping evaluation
[92mINFO [0m:      
[92mINFO [0m:      [ROUND 9]
[92mINFO [0m:      configure_fit: strategy sampled 5 clients (out of 10)
[92mINFO [0m:      aggregate_fit: received 5 results and 0 failures
[92mINFO [0m:      fit progress: (9, 1.1782919651345363, {'accuracy': 0.5784}, 136.2894255463034)
[92mINFO [0m:      configure_evaluate: no clients selected, skipping evaluation
[92mINFO [0m:      
[92mINFO [0m:      [ROUND 10]
[92mINFO [0m:      configure_fit: strategy sampled 5 clients (out of 10)
[92mINFO [0m:      aggregate_fit: received 5 results and 0 failures
[92mINFO [0m:      fit progress: (10, 1.731104162674916, {'accuracy': 0.4975}, 153.0511680971831)
[92mINFO [0m:      configure_evaluate: no clients selected, skipping evaluation
[92mINFO [0m:      
[92mINFO [0m:      [ROUND 11]
[92mINFO [0m:      configure_fit: strategy sampled 5 clients (out of 10)
[92mINFO [0m:      aggregate_fit: received 5 results and 0 failures
[92mINFO [0m:      fit progress: (11, 1.2042254707481288, {'accuracy': 0.5801}, 170.1221776707098)
[92mINFO [0m:      configure_evaluate: no clients selected, skipping evaluation
[92mINFO [0m:      
[92mINFO [0m:      [ROUND 12]
[92mINFO [0m:      configure_fit: strategy sampled 5 clients (out of 10)
[92mINFO [0m:      aggregate_fit: received 5 results and 0 failures
[92mINFO [0m:      fit progress: (12, 1.5851896427854706, {'accuracy': 0.4965}, 189.65985778346658)
[92mINFO [0m:      configure_evaluate: no clients selected, skipping evaluation
[92mINFO [0m:      
[92mINFO [0m:      [ROUND 13]
[92mINFO [0m:      configure_fit: strategy sampled 5 clients (out of 10)
[92mINFO [0m:      aggregate_fit: received 5 results and 0 failures
[92mINFO [0m:      fit progress: (13, 1.6094383167315134, {'accuracy': 0.4887}, 208.27346159983426)
[92mINFO [0m:      configure_evaluate: no clients selected, skipping evaluation
[92mINFO [0m:      
[92mINFO [0m:      [ROUND 14]
[92mINFO [0m:      configure_fit: strategy sampled 5 clients (out of 10)
[92mINFO [0m:      aggregate_fit: received 5 results and 0 failures
[92mINFO [0m:      fit progress: (14, 1.1660350493237943, {'accuracy': 0.5788}, 225.33693342190236)
[92mINFO [0m:      configure_evaluate: no clients selected, skipping evaluation
[92mINFO [0m:      
[92mINFO [0m:      [ROUND 15]
[92mINFO [0m:      configure_fit: strategy sampled 5 clients (out of 10)
[92mINFO [0m:      aggregate_fit: received 5 results and 0 failures
[92mINFO [0m:      fit progress: (15, 1.6653493944602678, {'accuracy': 0.4932}, 241.14467914123088)
[92mINFO [0m:      configure_evaluate: no clients selected, skipping evaluation
[92mINFO [0m:      
[92mINFO [0m:      [ROUND 16]
[92mINFO [0m:      configure_fit: strategy sampled 5 clients (out of 10)
[92mINFO [0m:      aggregate_fit: received 5 results and 0 failures
[92mINFO [0m:      fit progress: (16, 1.2453809976577759, {'accuracy': 0.5772}, 256.1295990338549)
[92mINFO [0m:      configure_evaluate: no clients selected, skipping evaluation
[92mINFO [0m:      
[92mINFO [0m:      [ROUND 17]
[92mINFO [0m:      configure_fit: strategy sampled 5 clients (out of 10)
[92mINFO [0m:      aggregate_fit: received 5 results and 0 failures
[92mINFO [0m:      fit progress: (17, 1.5929690161837806, {'accuracy': 0.5271}, 269.3369988501072)
[92mINFO [0m:      configure_evaluate: no clients selected, skipping evaluation
[92mINFO [0m:      
[92mINFO [0m:      [ROUND 18]
[92mINFO [0m:      configure_fit: strategy sampled 5 clients (out of 10)
[92mINFO [0m:      aggregate_fit: received 5 results and 0 failures
[92mINFO [0m:      fit progress: (18, 1.5361892754518534, {'accuracy': 0.5558}, 283.85489499848336)
[92mINFO [0m:      configure_evaluate: no clients selected, skipping evaluation
[92mINFO [0m:      
[92mINFO [0m:      [ROUND 19]
[92mINFO [0m:      configure_fit: strategy sampled 5 clients (out of 10)
[92mINFO [0m:      aggregate_fit: received 5 results and 0 failures
[92mINFO [0m:      fit progress: (19, 1.7554000359547288, {'accuracy': 0.5536}, 299.6547778900713)
[92mINFO [0m:      configure_evaluate: no clients selected, skipping evaluation
[92mINFO [0m:      
[92mINFO [0m:      [ROUND 20]
[92mINFO [0m:      configure_fit: strategy sampled 5 clients (out of 10)
[92mINFO [0m:      aggregate_fit: received 5 results and 0 failures
[92mINFO [0m:      fit progress: (20, 1.2201603055000305, {'accuracy': 0.5843}, 317.83429007511586)
[92mINFO [0m:      configure_evaluate: no clients selected, skipping evaluation
[92mINFO [0m:      
[92mINFO [0m:      [ROUND 21]
[92mINFO [0m:      configure_fit: strategy sampled 5 clients (out of 10)
[92mINFO [0m:      aggregate_fit: received 5 results and 0 failures
[92mINFO [0m:      fit progress: (21, 0.8981127467336534, {'accuracy': 0.6802}, 334.41947204153985)
[92mINFO [0m:      configure_evaluate: no clients selected, skipping evaluation
[92mINFO [0m:      
[92mINFO [0m:      [ROUND 22]
[92mINFO [0m:      configure_fit: strategy sampled 5 clients (out of 10)
[92mINFO [0m:      aggregate_fit: received 5 results and 0 failures
[92mINFO [0m:      fit progress: (22, 0.7655907099760031, {'accuracy': 0.7313}, 349.47162547614425)
[92mINFO [0m:      configure_evaluate: no clients selected, skipping evaluation
[92mINFO [0m:      
[92mINFO [0m:      [ROUND 23]
[92mINFO [0m:      configure_fit: strategy sampled 5 clients (out of 10)
[92mINFO [0m:      aggregate_fit: received 5 results and 0 failures
[92mINFO [0m:      fit progress: (23, 0.8581598627416394, {'accuracy': 0.7058}, 363.0073667978868)
[92mINFO [0m:      configure_evaluate: no clients selected, skipping evaluation
[92mINFO [0m:      
[92mINFO [0m:      [ROUND 24]
[92mINFO [0m:      configure_fit: strategy sampled 5 clients (out of 10)
[92mINFO [0m:      aggregate_fit: received 5 results and 0 failures
[92mINFO [0m:      fit progress: (24, 0.781065630761883, {'accuracy': 0.7298}, 378.6314468700439)
[92mINFO [0m:      configure_evaluate: no clients selected, skipping evaluation
[92mINFO [0m:      
[92mINFO [0m:      [ROUND 25]
[92mINFO [0m:      configure_fit: strategy sampled 5 clients (out of 10)
[92mINFO [0m:      aggregate_fit: received 5 results and 0 failures
[92mINFO [0m:      fit progress: (25, 0.8382472780686391, {'accuracy': 0.7175}, 392.490977646783)
[92mINFO [0m:      configure_evaluate: no clients selected, skipping evaluation
[92mINFO [0m:      
[92mINFO [0m:      [ROUND 26]
[92mINFO [0m:      configure_fit: strategy sampled 5 clients (out of 10)
[92mINFO [0m:      aggregate_fit: received 5 results and 0 failures
[92mINFO [0m:      fit progress: (26, 0.8088901737068273, {'accuracy': 0.7249}, 410.5704884631559)
[92mINFO [0m:      configure_evaluate: no clients selected, skipping evaluation
[92mINFO [0m:      
[92mINFO [0m:      [ROUND 27]
[92mINFO [0m:      configure_fit: strategy sampled 5 clients (out of 10)
[92mINFO [0m:      aggregate_fit: received 5 results and 0 failures
[92mINFO [0m:      fit progress: (27, 0.8210292647156534, {'accuracy': 0.7169}, 426.2534252339974)
[92mINFO [0m:      configure_evaluate: no clients selected, skipping evaluation
[92mINFO [0m:      
[92mINFO [0m:      [ROUND 28]
[92mINFO [0m:      configure_fit: strategy sampled 5 clients (out of 10)
[92mINFO [0m:      aggregate_fit: received 5 results and 0 failures
[92mINFO [0m:      fit progress: (28, 0.7492388950873025, {'accuracy': 0.742}, 442.1411973256618)
[92mINFO [0m:      configure_evaluate: no clients selected, skipping evaluation
[92mINFO [0m:      
[92mINFO [0m:      [ROUND 29]
[92mINFO [0m:      configure_fit: strategy sampled 5 clients (out of 10)
[92mINFO [0m:      aggregate_fit: received 5 results and 0 failures
[92mINFO [0m:      fit progress: (29, 0.7842605370509473, {'accuracy': 0.7343}, 456.14689161255956)
[92mINFO [0m:      configure_evaluate: no clients selected, skipping evaluation
[92mINFO [0m:      
[92mINFO [0m:      [ROUND 30]
[92mINFO [0m:      configure_fit: strategy sampled 5 clients (out of 10)
[92mINFO [0m:      aggregate_fit: received 5 results and 0 failures
[92mINFO [0m:      fit progress: (30, 0.8042799502233916, {'accuracy': 0.7355}, 471.0230140145868)
[92mINFO [0m:      configure_evaluate: no clients selected, skipping evaluation
[92mINFO [0m:      
[92mINFO [0m:      [ROUND 31]
[92mINFO [0m:      configure_fit: strategy sampled 5 clients (out of 10)
[92mINFO [0m:      aggregate_fit: received 5 results and 0 failures
[92mINFO [0m:      fit progress: (31, 0.6830521248563935, {'accuracy': 0.7632}, 487.93157268315554)
[92mINFO [0m:      configure_evaluate: no clients selected, skipping evaluation
[92mINFO [0m:      
[92mINFO [0m:      [ROUND 32]
[92mINFO [0m:      configure_fit: strategy sampled 5 clients (out of 10)
[92mINFO [0m:      aggregate_fit: received 5 results and 0 failures
[92mINFO [0m:      fit progress: (32, 0.6387725578078741, {'accuracy': 0.7734}, 504.9727114411071)
[92mINFO [0m:      configure_evaluate: no clients selected, skipping evaluation
[92mINFO [0m:      
[92mINFO [0m:      [ROUND 33]
[92mINFO [0m:      configure_fit: strategy sampled 5 clients (out of 10)
[92mINFO [0m:      aggregate_fit: received 5 results and 0 failures
[92mINFO [0m:      fit progress: (33, 0.7346006990233555, {'accuracy': 0.7525}, 518.8401016835123)
[92mINFO [0m:      configure_evaluate: no clients selected, skipping evaluation
[92mINFO [0m:      
[92mINFO [0m:      [ROUND 34]
[92mINFO [0m:      configure_fit: strategy sampled 5 clients (out of 10)
[92mINFO [0m:      aggregate_fit: received 5 results and 0 failures
[92mINFO [0m:      fit progress: (34, 0.7865672639653652, {'accuracy': 0.7435}, 534.3508894285187)
[92mINFO [0m:      configure_evaluate: no clients selected, skipping evaluation
[92mINFO [0m:      
[92mINFO [0m:      [ROUND 35]
[92mINFO [0m:      configure_fit: strategy sampled 5 clients (out of 10)
[92mINFO [0m:      aggregate_fit: received 5 results and 0 failures
[92mINFO [0m:      fit progress: (35, 0.7583194193960745, {'accuracy': 0.7459}, 549.5387602746487)
[92mINFO [0m:      configure_evaluate: no clients selected, skipping evaluation
[92mINFO [0m:      
[92mINFO [0m:      [ROUND 36]
[92mINFO [0m:      configure_fit: strategy sampled 5 clients (out of 10)
[92mINFO [0m:      aggregate_fit: received 5 results and 0 failures
[92mINFO [0m:      fit progress: (36, 0.5955833683285532, {'accuracy': 0.7988}, 565.0653415424749)
[92mINFO [0m:      configure_evaluate: no clients selected, skipping evaluation
[92mINFO [0m:      
[92mINFO [0m:      [ROUND 37]
[92mINFO [0m:      configure_fit: strategy sampled 5 clients (out of 10)
[92mINFO [0m:      aggregate_fit: received 5 results and 0 failures
[92mINFO [0m:      fit progress: (37, 0.6787934020350251, {'accuracy': 0.7691}, 579.7812514593825)
[92mINFO [0m:      configure_evaluate: no clients selected, skipping evaluation
[92mINFO [0m:      
[92mINFO [0m:      [ROUND 38]
[92mINFO [0m:      configure_fit: strategy sampled 5 clients (out of 10)
[92mINFO [0m:      aggregate_fit: received 5 results and 0 failures
[92mINFO [0m:      fit progress: (38, 0.7135009837301471, {'accuracy': 0.767}, 593.3970073312521)
[92mINFO [0m:      configure_evaluate: no clients selected, skipping evaluation
[92mINFO [0m:      
[92mINFO [0m:      [ROUND 39]
[92mINFO [0m:      configure_fit: strategy sampled 5 clients (out of 10)
[92mINFO [0m:      aggregate_fit: received 5 results and 0 failures
[92mINFO [0m:      fit progress: (39, 0.6441706641565396, {'accuracy': 0.7808}, 608.7619993546978)
[92mINFO [0m:      configure_evaluate: no clients selected, skipping evaluation
[92mINFO [0m:      
[92mINFO [0m:      [ROUND 40]
[92mINFO [0m:      configure_fit: strategy sampled 5 clients (out of 10)
[92mINFO [0m:      aggregate_fit: received 5 results and 0 failures
[92mINFO [0m:      fit progress: (40, 0.6691944286038604, {'accuracy': 0.7752}, 621.3204695992172)
[92mINFO [0m:      configure_evaluate: no clients selected, skipping evaluation
[92mINFO [0m:      
[92mINFO [0m:      [ROUND 41]
[92mINFO [0m:      configure_fit: strategy sampled 5 clients (out of 10)
[92mINFO [0m:      aggregate_fit: received 5 results and 0 failures
[92mINFO [0m:      fit progress: (41, 0.8289143775082841, {'accuracy': 0.7321}, 636.5057645635679)
[92mINFO [0m:      configure_evaluate: no clients selected, skipping evaluation
[92mINFO [0m:      
[92mINFO [0m:      [ROUND 42]
[92mINFO [0m:      configure_fit: strategy sampled 5 clients (out of 10)
[92mINFO [0m:      aggregate_fit: received 5 results and 0 failures
[92mINFO [0m:      fit progress: (42, 1.067735730847226, {'accuracy': 0.6843}, 650.3584594074637)
[92mINFO [0m:      configure_evaluate: no clients selected, skipping evaluation
[92mINFO [0m:      
[92mINFO [0m:      [ROUND 43]
[92mINFO [0m:      configure_fit: strategy sampled 5 clients (out of 10)
[92mINFO [0m:      aggregate_fit: received 5 results and 0 failures
[92mINFO [0m:      fit progress: (43, 0.8686381261559981, {'accuracy': 0.7182}, 662.0485101556405)
[92mINFO [0m:      configure_evaluate: no clients selected, skipping evaluation
[92mINFO [0m:      
[92mINFO [0m:      [ROUND 44]
[92mINFO [0m:      configure_fit: strategy sampled 5 clients (out of 10)
[92mINFO [0m:      aggregate_fit: received 5 results and 0 failures
[92mINFO [0m:      fit progress: (44, 0.7315564178213289, {'accuracy': 0.7562}, 676.7692886004224)
[92mINFO [0m:      configure_evaluate: no clients selected, skipping evaluation
[92mINFO [0m:      
[92mINFO [0m:      [ROUND 45]
[92mINFO [0m:      configure_fit: strategy sampled 5 clients (out of 10)
[92mINFO [0m:      aggregate_fit: received 5 results and 0 failures
[92mINFO [0m:      fit progress: (45, 1.039983531342277, {'accuracy': 0.6786}, 691.7198462309316)
[92mINFO [0m:      configure_evaluate: no clients selected, skipping evaluation
[92mINFO [0m:      
[92mINFO [0m:      [ROUND 46]
[92mINFO [0m:      configure_fit: strategy sampled 5 clients (out of 10)
[92mINFO [0m:      aggregate_fit: received 5 results and 0 failures
[92mINFO [0m:      fit progress: (46, 0.6734717801401887, {'accuracy': 0.7703}, 705.1148530086502)
[92mINFO [0m:      configure_evaluate: no clients selected, skipping evaluation
[92mINFO [0m:      
[92mINFO [0m:      [ROUND 47]
[92mINFO [0m:      configure_fit: strategy sampled 5 clients (out of 10)
[92mINFO [0m:      aggregate_fit: received 5 results and 0 failures
[92mINFO [0m:      fit progress: (47, 0.9919311004348949, {'accuracy': 0.7064}, 718.6841470925137)
[92mINFO [0m:      configure_evaluate: no clients selected, skipping evaluation
[92mINFO [0m:      
[92mINFO [0m:      [ROUND 48]
[92mINFO [0m:      configure_fit: strategy sampled 5 clients (out of 10)
[92mINFO [0m:      aggregate_fit: received 5 results and 0 failures
[92mINFO [0m:      fit progress: (48, 0.8573508224909818, {'accuracy': 0.7325}, 732.1046453863382)
[92mINFO [0m:      configure_evaluate: no clients selected, skipping evaluation
[92mINFO [0m:      
[92mINFO [0m:      [ROUND 49]
[92mINFO [0m:      configure_fit: strategy sampled 5 clients (out of 10)
[92mINFO [0m:      aggregate_fit: received 5 results and 0 failures
[92mINFO [0m:      fit progress: (49, 0.6954463146909883, {'accuracy': 0.7725}, 744.3246432580054)
[92mINFO [0m:      configure_evaluate: no clients selected, skipping evaluation
[92mINFO [0m:      
[92mINFO [0m:      [ROUND 50]
[92mINFO [0m:      configure_fit: strategy sampled 5 clients (out of 10)
[92mINFO [0m:      aggregate_fit: received 5 results and 0 failures
[92mINFO [0m:      fit progress: (50, 0.6954463146909883, {'accuracy': 0.7725}, 756.311370738782)
[92mINFO [0m:      configure_evaluate: no clients selected, skipping evaluation
[92mINFO [0m:      
[92mINFO [0m:      [ROUND 51]
[92mINFO [0m:      configure_fit: strategy sampled 5 clients (out of 10)
[92mINFO [0m:      aggregate_fit: received 5 results and 0 failures
[92mINFO [0m:      fit progress: (51, 0.9601249506201925, {'accuracy': 0.7044}, 770.862429828383)
[92mINFO [0m:      configure_evaluate: no clients selected, skipping evaluation
[92mINFO [0m:      
[92mINFO [0m:      [ROUND 52]
[92mINFO [0m:      configure_fit: strategy sampled 5 clients (out of 10)
[92mINFO [0m:      aggregate_fit: received 5 results and 0 failures
[92mINFO [0m:      fit progress: (52, 0.6017359857317768, {'accuracy': 0.7992}, 783.6637901049107)
[92mINFO [0m:      configure_evaluate: no clients selected, skipping evaluation
[92mINFO [0m:      
[92mINFO [0m:      [ROUND 53]
[92mINFO [0m:      configure_fit: strategy sampled 5 clients (out of 10)
[92mINFO [0m:      aggregate_fit: received 5 results and 0 failures
[92mINFO [0m:      fit progress: (53, 0.6780263049693047, {'accuracy': 0.779}, 797.0044971760362)
[92mINFO [0m:      configure_evaluate: no clients selected, skipping evaluation
[92mINFO [0m:      
[92mINFO [0m:      [ROUND 54]
[92mINFO [0m:      configure_fit: strategy sampled 5 clients (out of 10)
[92mINFO [0m:      aggregate_fit: received 5 results and 0 failures
[92mINFO [0m:      fit progress: (54, 1.090117612217046, {'accuracy': 0.699}, 808.1685370914638)
[92mINFO [0m:      configure_evaluate: no clients selected, skipping evaluation
[92mINFO [0m:      
[92mINFO [0m:      [ROUND 55]
[92mINFO [0m:      configure_fit: strategy sampled 5 clients (out of 10)
[92mINFO [0m:      aggregate_fit: received 5 results and 0 failures
[92mINFO [0m:      fit progress: (55, 1.090117612217046, {'accuracy': 0.699}, 820.2262753462419)
[92mINFO [0m:      configure_evaluate: no clients selected, skipping evaluation
[92mINFO [0m:      
[92mINFO [0m:      [ROUND 56]
[92mINFO [0m:      configure_fit: strategy sampled 5 clients (out of 10)
[92mINFO [0m:      aggregate_fit: received 5 results and 0 failures
[92mINFO [0m:      fit progress: (56, 0.687344575607324, {'accuracy': 0.7789}, 833.6336781959981)
[92mINFO [0m:      configure_evaluate: no clients selected, skipping evaluation
[92mINFO [0m:      
[92mINFO [0m:      [ROUND 57]
[92mINFO [0m:      configure_fit: strategy sampled 5 clients (out of 10)
[92mINFO [0m:      aggregate_fit: received 5 results and 0 failures
[92mINFO [0m:      fit progress: (57, 1.8904198211959646, {'accuracy': 0.5135}, 849.151962429285)
[92mINFO [0m:      configure_evaluate: no clients selected, skipping evaluation
[92mINFO [0m:      
[92mINFO [0m:      [ROUND 58]
[92mINFO [0m:      configure_fit: strategy sampled 5 clients (out of 10)
[92mINFO [0m:      aggregate_fit: received 5 results and 0 failures
[92mINFO [0m:      fit progress: (58, 1.8904198211959646, {'accuracy': 0.5135}, 861.3121439432725)
[92mINFO [0m:      configure_evaluate: no clients selected, skipping evaluation
[92mINFO [0m:      
[92mINFO [0m:      [ROUND 59]
[92mINFO [0m:      configure_fit: strategy sampled 5 clients (out of 10)
[92mINFO [0m:      aggregate_fit: received 5 results and 0 failures
[92mINFO [0m:      fit progress: (59, 1.0344141336935986, {'accuracy': 0.7054}, 873.5141155244783)
[92mINFO [0m:      configure_evaluate: no clients selected, skipping evaluation
[92mINFO [0m:      
[92mINFO [0m:      [ROUND 60]
[92mINFO [0m:      configure_fit: strategy sampled 5 clients (out of 10)
[92mINFO [0m:      aggregate_fit: received 5 results and 0 failures
[92mINFO [0m:      fit progress: (60, 0.7798871473421024, {'accuracy': 0.7626}, 886.4463573535904)
[92mINFO [0m:      configure_evaluate: no clients selected, skipping evaluation
[92mINFO [0m:      
[92mINFO [0m:      [SUMMARY]
[92mINFO [0m:      Run finished 60 round(s) in 886.45s
[92mINFO [0m:      	History (loss, centralized):
[92mINFO [0m:      		round 0: 3.5699364686314063
[92mINFO [0m:      		round 1: 2.372891027716142
[92mINFO [0m:      		round 2: 2.372891027716142
[92mINFO [0m:      		round 3: 2.255425608610805
[92mINFO [0m:      		round 4: 1.812778833546216
[92mINFO [0m:      		round 5: 2.4134279896941364
[92mINFO [0m:      		round 6: 2.3992299248900593
[92mINFO [0m:      		round 7: 1.3719181939016414
[92mINFO [0m:      		round 8: 1.2599396931974194
[92mINFO [0m:      		round 9: 1.1782919651345363
[92mINFO [0m:      		round 10: 1.731104162674916
[92mINFO [0m:      		round 11: 1.2042254707481288
[92mINFO [0m:      		round 12: 1.5851896427854706
[92mINFO [0m:      		round 13: 1.6094383167315134
[92mINFO [0m:      		round 14: 1.1660350493237943
[92mINFO [0m:      		round 15: 1.6653493944602678
[92mINFO [0m:      		round 16: 1.2453809976577759
[92mINFO [0m:      		round 17: 1.5929690161837806
[92mINFO [0m:      		round 18: 1.5361892754518534
[92mINFO [0m:      		round 19: 1.7554000359547288
[92mINFO [0m:      		round 20: 1.2201603055000305
[92mINFO [0m:      		round 21: 0.8981127467336534
[92mINFO [0m:      		round 22: 0.7655907099760031
[92mINFO [0m:      		round 23: 0.8581598627416394
[92mINFO [0m:      		round 24: 0.781065630761883
[92mINFO [0m:      		round 25: 0.8382472780686391
[92mINFO [0m:      		round 26: 0.8088901737068273
[92mINFO [0m:      		round 27: 0.8210292647156534
[92mINFO [0m:      		round 28: 0.7492388950873025
[92mINFO [0m:      		round 29: 0.7842605370509473
[92mINFO [0m:      		round 30: 0.8042799502233916
[92mINFO [0m:      		round 31: 0.6830521248563935
[92mINFO [0m:      		round 32: 0.6387725578078741
[92mINFO [0m:      		round 33: 0.7346006990233555
[92mINFO [0m:      		round 34: 0.7865672639653652
[92mINFO [0m:      		round 35: 0.7583194193960745
[92mINFO [0m:      		round 36: 0.5955833683285532
[92mINFO [0m:      		round 37: 0.6787934020350251
[92mINFO [0m:      		round 38: 0.7135009837301471
[92mINFO [0m:      		round 39: 0.6441706641565396
[92mINFO [0m:      		round 40: 0.6691944286038604
[92mINFO [0m:      		round 41: 0.8289143775082841
[92mINFO [0m:      		round 42: 1.067735730847226
[92mINFO [0m:      		round 43: 0.8686381261559981
[92mINFO [0m:      		round 44: 0.7315564178213289
[92mINFO [0m:      		round 45: 1.039983531342277
[92mINFO [0m:      		round 46: 0.6734717801401887
[92mINFO [0m:      		round 47: 0.9919311004348949
[92mINFO [0m:      		round 48: 0.8573508224909818
[92mINFO [0m:      		round 49: 0.6954463146909883
[92mINFO [0m:      		round 50: 0.6954463146909883
[92mINFO [0m:      		round 51: 0.9601249506201925
[92mINFO [0m:      		round 52: 0.6017359857317768
[92mINFO [0m:      		round 53: 0.6780263049693047
[92mINFO [0m:      		round 54: 1.090117612217046
[92mINFO [0m:      		round 55: 1.090117612217046
[92mINFO [0m:      		round 56: 0.687344575607324
[92mINFO [0m:      		round 57: 1.8904198211959646
[92mINFO [0m:      		round 58: 1.8904198211959646
[92mINFO [0m:      		round 59: 1.0344141336935986
[92mINFO [0m:      		round 60: 0.7798871473421024
[92mINFO [0m:      	History (metrics, distributed, fit):
[92mINFO [0m:      	{'accuracy': [(1, 0.2253),
[92mINFO [0m:      	              (2, 0.2253),
[92mINFO [0m:      	              (3, 0.2745),
[92mINFO [0m:      	              (4, 0.3252),
[92mINFO [0m:      	              (5, 0.3468),
[92mINFO [0m:      	              (6, 0.3626),
[92mINFO [0m:      	              (7, 0.4943),
[92mINFO [0m:      	              (8, 0.5472),
[92mINFO [0m:      	              (9, 0.5784),
[92mINFO [0m:      	              (10, 0.4975),
[92mINFO [0m:      	              (11, 0.5801),
[92mINFO [0m:      	              (12, 0.4965),
[92mINFO [0m:      	              (13, 0.4887),
[92mINFO [0m:      	              (14, 0.5788),
[92mINFO [0m:      	              (15, 0.4932),
[92mINFO [0m:      	              (16, 0.5772),
[92mINFO [0m:      	              (17, 0.5271),
[92mINFO [0m:      	              (18, 0.5558),
[92mINFO [0m:      	              (19, 0.5536),
[92mINFO [0m:      	              (20, 0.5843),
[92mINFO [0m:      	              (21, 0.6802),
[92mINFO [0m:      	              (22, 0.7313),
[92mINFO [0m:      	              (23, 0.7058),
[92mINFO [0m:      	              (24, 0.7298),
[92mINFO [0m:      	              (25, 0.7175),
[92mINFO [0m:      	              (26, 0.7249),
[92mINFO [0m:      	              (27, 0.7169),
[92mINFO [0m:      	              (28, 0.742),
[92mINFO [0m:      	              (29, 0.7343),
[92mINFO [0m:      	              (30, 0.7355),
[92mINFO [0m:      	              (31, 0.7632),
[92mINFO [0m:      	              (32, 0.7734),
[92mINFO [0m:      	              (33, 0.7525),
[92mINFO [0m:      	              (34, 0.7435),
[92mINFO [0m:      	              (35, 0.7459),
[92mINFO [0m:      	              (36, 0.7988),
[92mINFO [0m:      	              (37, 0.7691),
[92mINFO [0m:      	              (38, 0.767),
[92mINFO [0m:      	              (39, 0.7808),
[92mINFO [0m:      	              (40, 0.7752),
[92mINFO [0m:      	              (41, 0.7321),
[92mINFO [0m:      	              (42, 0.6843),
[92mINFO [0m:      	              (43, 0.7182),
[92mINFO [0m:      	              (44, 0.7562),
[92mINFO [0m:      	              (45, 0.6786),
[92mINFO [0m:      	              (46, 0.7703),
[92mINFO [0m:      	              (47, 0.7064),
[92mINFO [0m:      	              (48, 0.7325),
[92mINFO [0m:      	              (49, 0.7725),
[92mINFO [0m:      	              (50, 0.7725),
[92mINFO [0m:      	              (51, 0.7044),
[92mINFO [0m:      	              (52, 0.7992),
[92mINFO [0m:      	              (53, 0.779),
[92mINFO [0m:      	              (54, 0.699),
[92mINFO [0m:      	              (55, 0.699),
[92mINFO [0m:      	              (56, 0.7789),
[92mINFO [0m:      	              (57, 0.5135),
[92mINFO [0m:      	              (58, 0.5135),
[92mINFO [0m:      	              (59, 0.7054),
[92mINFO [0m:      	              (60, 0.7626)],
[92mINFO [0m:      	 'avg_per': [(1, 0.7477085079691843),
[92mINFO [0m:      	             (2, 0.6946106294726043),
[92mINFO [0m:      	             (3, 0.6866292806366099),
[92mINFO [0m:      	             (4, 0.712198028558689),
[92mINFO [0m:      	             (5, 0.7206980829822681),
[92mINFO [0m:      	             (6, 0.7119806559048223),
[92mINFO [0m:      	             (7, 0.7304042921633278),
[92mINFO [0m:      	             (8, 0.632415059807746),
[92mINFO [0m:      	             (9, 0.674453357565174),
[92mINFO [0m:      	             (10, 0.7254480194643236),
[92mINFO [0m:      	             (11, 0.6624714674774089),
[92mINFO [0m:      	             (12, 0.7181192617415333),
[92mINFO [0m:      	             (13, 0.7429286961669288),
[92mINFO [0m:      	             (14, 0.6612495316276531),
[92mINFO [0m:      	             (15, 0.7019093525776402),
[92mINFO [0m:      	             (16, 0.6711467400646349),
[92mINFO [0m:      	             (17, 0.7142176104817712),
[92mINFO [0m:      	             (18, 0.6083370547961022),
[92mINFO [0m:      	             (19, 0.744963214044631),
[92mINFO [0m:      	             (20, 0.6876663351023469),
[92mINFO [0m:      	             (21, 0.1066992433892783),
[92mINFO [0m:      	             (22, 0.12118998969015234),
[92mINFO [0m:      	             (23, 0.045174900439610324),
[92mINFO [0m:      	             (24, 0.10617493819274708),
[92mINFO [0m:      	             (25, 0.07324680340582146),
[92mINFO [0m:      	             (26, 0.08933020098921651),
[92mINFO [0m:      	             (27, 0.0878229311153517),
[92mINFO [0m:      	             (28, 0.05963721546902555),
[92mINFO [0m:      	             (29, 0.07282785347776506),
[92mINFO [0m:      	             (30, 0.0946875307753573),
[92mINFO [0m:      	             (31, 0.1122289879173219),
[92mINFO [0m:      	             (32, 0.0919651620969833),
[92mINFO [0m:      	             (33, 0.06861810802847189),
[92mINFO [0m:      	             (34, 0.07149298909501145),
[92mINFO [0m:      	             (35, 0.06610344899515361),
[92mINFO [0m:      	             (36, 0.08633334832509823),
[92mINFO [0m:      	             (37, 0.10368810367195969),
[92mINFO [0m:      	             (38, 0.05756270948783286),
[92mINFO [0m:      	             (39, 0.0844787869854221),
[92mINFO [0m:      	             (40, 0.07181489877211125),
[92mINFO [0m:      	             (41, 0.6424182196881679),
[92mINFO [0m:      	             (42, 0.6767568164174824),
[92mINFO [0m:      	             (43, 0.66705894517331),
[92mINFO [0m:      	             (44, 0.6711732689827004),
[92mINFO [0m:      	             (45, 0.7668824323236461),
[92mINFO [0m:      	             (46, 0.7177784902671593),
[92mINFO [0m:      	             (47, 0.6873399530063147),
[92mINFO [0m:      	             (48, 0.6656129813851607),
[92mINFO [0m:      	             (49, 0.6865609077106427),
[92mINFO [0m:      	             (50, 0.6713003870572585),
[92mINFO [0m:      	             (51, 0.7689599731579483),
[92mINFO [0m:      	             (52, 0.6573044362712247),
[92mINFO [0m:      	             (53, 0.6782416577785267),
[92mINFO [0m:      	             (54, 0.7058677486528233),
[92mINFO [0m:      	             (55, 0.7082552526042561),
[92mINFO [0m:      	             (56, 0.7408567589356536),
[92mINFO [0m:      	             (57, 0.6778823162752355),
[92mINFO [0m:      	             (58, 0.6558943676597361),
[92mINFO [0m:      	             (59, 0.6477188383183936),
[92mINFO [0m:      	             (60, 0.6846406464473634)],
[92mINFO [0m:      	 'bw_factor': [(1, 1.0),
[92mINFO [0m:      	               (2, 0.8),
[92mINFO [0m:      	               (3, 0.8592454707138353),
[92mINFO [0m:      	               (4, 0.8805992251314808),
[92mINFO [0m:      	               (5, 0.8755967692178571),
[92mINFO [0m:      	               (6, 0.8524666840768079),
[92mINFO [0m:      	               (7, 0.8320287355589162),
[92mINFO [0m:      	               (8, 0.8291755411075202),
[92mINFO [0m:      	               (9, 0.853243813955348),
[92mINFO [0m:      	               (10, 0.8555948427441145),
[92mINFO [0m:      	               (11, 0.8423256698852288),
[92mINFO [0m:      	               (12, 0.832225915304023),
[92mINFO [0m:      	               (13, 0.8131732335649965),
[92mINFO [0m:      	               (14, 0.8583343519599158),
[92mINFO [0m:      	               (15, 0.8643425202829258),
[92mINFO [0m:      	               (16, 0.8666177648274023),
[92mINFO [0m:      	               (17, 0.8716802528429839),
[92mINFO [0m:      	               (18, 0.8116416744217575),
[92mINFO [0m:      	               (19, 0.8159217291477744),
[92mINFO [0m:      	               (20, 0.8556920668552304),
[92mINFO [0m:      	               (21, 0.8466967052873438),
[92mINFO [0m:      	               (22, 0.8387060726297539),
[92mINFO [0m:      	               (23, 0.8279768984116485),
[92mINFO [0m:      	               (24, 0.8193577676522399),
[92mINFO [0m:      	               (25, 0.8268380449233209),
[92mINFO [0m:      	               (26, 0.8300827772664825),
[92mINFO [0m:      	               (27, 0.8086894388769273),
[92mINFO [0m:      	               (28, 0.8058138848352903),
[92mINFO [0m:      	               (29, 0.8055497281696659),
[92mINFO [0m:      	               (30, 0.8064869492037001),
[92mINFO [0m:      	               (31, 0.8090577086624032),
[92mINFO [0m:      	               (32, 0.8193404674725726),
[92mINFO [0m:      	               (33, 0.821697054217039),
[92mINFO [0m:      	               (34, 0.822905833355422),
[92mINFO [0m:      	               (35, 0.8243451592238814),
[92mINFO [0m:      	               (36, 0.8105758564167351),
[92mINFO [0m:      	               (37, 0.811150919513639),
[92mINFO [0m:      	               (38, 0.809068363322079),
[92mINFO [0m:      	               (39, 0.8105629800367049),
[92mINFO [0m:      	               (40, 0.8164777867522606),
[92mINFO [0m:      	               (41, 0.8303926783618842),
[92mINFO [0m:      	               (42, 0.8545436278971716),
[92mINFO [0m:      	               (43, 0.8557282268776558),
[92mINFO [0m:      	               (44, 0.8646861648120301),
[92mINFO [0m:      	               (45, 0.8546969718139746),
[92mINFO [0m:      	               (46, 0.8850825186710519),
[92mINFO [0m:      	               (47, 0.9057892642229248),
[92mINFO [0m:      	               (48, 0.9052303788015381),
[92mINFO [0m:      	               (49, 0.9085971344577111),
[92mINFO [0m:      	               (50, 0.9210379120960135),
[92mINFO [0m:      	               (51, 0.8275244719255225),
[92mINFO [0m:      	               (52, 0.8596547803015193),
[92mINFO [0m:      	               (53, 0.8528079662747103),
[92mINFO [0m:      	               (54, 0.8582654062655161),
[92mINFO [0m:      	               (55, 0.8644946706387343),
[92mINFO [0m:      	               (56, 0.8311896251281621),
[92mINFO [0m:      	               (57, 0.8275089091083244),
[92mINFO [0m:      	               (58, 0.8279258209907354),
[92mINFO [0m:      	               (59, 0.8258597591849657),
[92mINFO [0m:      	               (60, 0.8595418284005945)],
[92mINFO [0m:      	 'energy': [(1, 277.6754381099775),
[92mINFO [0m:      	            (2, 113.16531774501698),
[92mINFO [0m:      	            (3, 106.47918122930841),
[92mINFO [0m:      	            (4, 193.55449511026075),
[92mINFO [0m:      	            (5, 157.91573542453472),
[92mINFO [0m:      	            (6, 192.28245387441757),
[92mINFO [0m:      	            (7, 117.52415345913525),
[92mINFO [0m:      	            (8, 96.65044872023752),
[92mINFO [0m:      	            (9, 148.8745037318665),
[92mINFO [0m:      	            (10, 168.58665641302866),
[92mINFO [0m:      	            (11, 151.57783056788818),
[92mINFO [0m:      	            (12, 160.89100692191852),
[92mINFO [0m:      	            (13, 262.396821594757),
[92mINFO [0m:      	            (14, 137.05617098174625),
[92mINFO [0m:      	            (15, 139.63749183145939),
[92mINFO [0m:      	            (16, 134.32339162891515),
[92mINFO [0m:      	            (17, 115.02062854426339),
[92mINFO [0m:      	            (18, 125.10304884489861),
[92mINFO [0m:      	            (19, 198.52363238799492),
[92mINFO [0m:      	            (20, 170.03922869091934),
[92mINFO [0m:      	            (21, 146.74721694952086),
[92mINFO [0m:      	            (22, 167.70294161093696),
[92mINFO [0m:      	            (23, 129.83592989700227),
[92mINFO [0m:      	            (24, 136.50929637174016),
[92mINFO [0m:      	            (25, 135.86419377575405),
[92mINFO [0m:      	            (26, 142.3139986310709),
[92mINFO [0m:      	            (27, 143.80285102516638),
[92mINFO [0m:      	            (28, 137.26902600442176),
[92mINFO [0m:      	            (29, 133.1686926410563),
[92mINFO [0m:      	            (30, 134.92034784184258),
[92mINFO [0m:      	            (31, 155.11997427444868),
[92mINFO [0m:      	            (32, 129.95795250087923),
[92mINFO [0m:      	            (33, 129.41857686406672),
[92mINFO [0m:      	            (34, 130.45498400808344),
[92mINFO [0m:      	            (35, 139.8005766268952),
[92mINFO [0m:      	            (36, 143.9239410513435),
[92mINFO [0m:      	            (37, 135.41317075507078),
[92mINFO [0m:      	            (38, 126.1527614494799),
[92mINFO [0m:      	            (39, 151.8436009233689),
[92mINFO [0m:      	            (40, 101.66619608207081),
[92mINFO [0m:      	            (41, 198.86705836983617),
[92mINFO [0m:      	            (42, 121.4412071575437),
[92mINFO [0m:      	            (43, 116.21482560199779),
[92mINFO [0m:      	            (44, 141.3966246223074),
[92mINFO [0m:      	            (45, 291.9496024969942),
[92mINFO [0m:      	            (46, 621.5244363861789),
[92mINFO [0m:      	            (47, 123.16204453263336),
[92mINFO [0m:      	            (48, 99.54620638924995),
[92mINFO [0m:      	            (49, 137.30465629996033),
[92mINFO [0m:      	            (50, 113.62095482656238),
[92mINFO [0m:      	            (51, 193.96256862590067),
[92mINFO [0m:      	            (52, 126.10671910012405),
[92mINFO [0m:      	            (53, 116.1338747251929),
[92mINFO [0m:      	            (54, 89.45607245697812),
[92mINFO [0m:      	            (55, 139.5907834817034),
[92mINFO [0m:      	            (56, 140.90034146611254),
[92mINFO [0m:      	            (57, 114.95901419333327),
[92mINFO [0m:      	            (58, 95.27824873543891),
[92mINFO [0m:      	            (59, 194.08838261174412),
[92mINFO [0m:      	            (60, 112.44505309938155)],
[92mINFO [0m:      	 'est_upload_time': [(1, 140.1314381099775),
[92mINFO [0m:      	                     (2, 18.745317745016994),
[92mINFO [0m:      	                     (3, 20.283181229308397),
[92mINFO [0m:      	                     (4, 56.010495110260756),
[92mINFO [0m:      	                     (5, 26.6517354245347),
[92mINFO [0m:      	                     (6, 54.7384538744176),
[92mINFO [0m:      	                     (7, 23.10415345913524),
[92mINFO [0m:      	                     (8, 11.174448720237523),
[92mINFO [0m:      	                     (9, 10.730503731866468),
[92mINFO [0m:      	                     (10, 43.234656413028674),
[92mINFO [0m:      	                     (11, 20.313830567888175),
[92mINFO [0m:      	                     (12, 45.83100692191853),
[92mINFO [0m:      	                     (13, 146.108821594757),
[92mINFO [0m:      	                     (14, 14.884170981746246),
[92mINFO [0m:      	                     (15, 15.005491831459384),
[92mINFO [0m:      	                     (16, 17.899391628915133),
[92mINFO [0m:      	                     (17, 13.600628544263396),
[92mINFO [0m:      	                     (18, 10.163048844898606),
[92mINFO [0m:      	                     (19, 75.00363238799493),
[92mINFO [0m:      	                     (20, 45.40722869091933),
[92mINFO [0m:      	                     (21, 10.339216949520885),
[92mINFO [0m:      	                     (22, 36.070941610936984),
[92mINFO [0m:      	                     (23, 7.663929897002262),
[92mINFO [0m:      	                     (24, 12.989296371740156),
[92mINFO [0m:      	                     (25, 11.232193775754041),
[92mINFO [0m:      	                     (26, 5.905998631070868),
[92mINFO [0m:      	                     (27, 12.170851025166384),
[92mINFO [0m:      	                     (28, 14.349026004421765),
[92mINFO [0m:      	                     (29, 9.648692641056323),
[92mINFO [0m:      	                     (30, 10.288347841842597),
[92mINFO [0m:      	                     (31, 7.883974274448692),
[92mINFO [0m:      	                     (32, 9.153952500879228),
[92mINFO [0m:      	                     (33, 6.4985768640667185),
[92mINFO [0m:      	                     (34, 14.914984008083437),
[92mINFO [0m:      	                     (35, 7.1885766268952125),
[92mINFO [0m:      	                     (36, 6.915941051343512),
[92mINFO [0m:      	                     (37, 20.353170755070778),
[92mINFO [0m:      	                     (38, 11.2127614494799),
[92mINFO [0m:      	                     (39, 19.979600923368928),
[92mINFO [0m:      	                     (40, 5.778196082070805),
[92mINFO [0m:      	                     (41, 98.76705836983616),
[92mINFO [0m:      	                     (42, 13.361207157543701),
[92mINFO [0m:      	                     (43, 31.486825601997786),
[92mINFO [0m:      	                     (44, 46.85662462230739),
[92mINFO [0m:      	                     (45, 196.06160249699425),
[92mINFO [0m:      	                     (46, 514.192436386179),
[92mINFO [0m:      	                     (47, 21.714044532633363),
[92mINFO [0m:      	                     (48, 14.818206389249955),
[92mINFO [0m:      	                     (49, 42.76465629996032),
[92mINFO [0m:      	                     (50, 19.080954826562383),
[92mINFO [0m:      	                     (51, 85.28256862590067),
[92mINFO [0m:      	                     (52, 26.00671910012406),
[92mINFO [0m:      	                     (53, 23.425874725192898),
[92mINFO [0m:      	                     (54, 18.12007245697812),
[92mINFO [0m:      	                     (55, 37.79078348170341),
[92mINFO [0m:      	                     (56, 33.568341466112514),
[92mINFO [0m:      	                     (57, 14.859014193333277),
[92mINFO [0m:      	                     (58, 9.08224873543891),
[92mINFO [0m:      	                     (59, 100.2683826117441),
[92mINFO [0m:      	                     (60, 10.045053099381553)],
[92mINFO [0m:      	 'jain': [(1, 0.49999999999999),
[92mINFO [0m:      	          (2, 0.7142857142857092),
[92mINFO [0m:      	          (3, 0.7758620689655145),
[92mINFO [0m:      	          (4, 0.7407407407407394),
[92mINFO [0m:      	          (5, 0.7407407407407394),
[92mINFO [0m:      	          (6, 0.624999999999999),
[92mINFO [0m:      	          (7, 0.6666666666666655),
[92mINFO [0m:      	          (8, 0.714285714285713),
[92mINFO [0m:      	          (9, 0.7407407407407394),
[92mINFO [0m:      	          (10, 0.7692307692307677),
[92mINFO [0m:      	          (11, 0.7407407407407394),
[92mINFO [0m:      	          (12, 0.6896551724137919),
[92mINFO [0m:      	          (13, 0.714285714285713),
[92mINFO [0m:      	          (14, 0.714285714285713),
[92mINFO [0m:      	          (15, 0.7407407407407394),
[92mINFO [0m:      	          (16, 0.714285714285713),
[92mINFO [0m:      	          (17, 0.7407407407407394),
[92mINFO [0m:      	          (18, 0.7407407407407394),
[92mINFO [0m:      	          (19, 0.7692307692307677),
[92mINFO [0m:      	          (20, 0.7407407407407394),
[92mINFO [0m:      	          (21, 0.714285714285713),
[92mINFO [0m:      	          (22, 0.7407407407407394),
[92mINFO [0m:      	          (23, 0.714285714285713),
[92mINFO [0m:      	          (24, 0.714285714285713),
[92mINFO [0m:      	          (25, 0.6896551724137919),
[92mINFO [0m:      	          (26, 0.714285714285713),
[92mINFO [0m:      	          (27, 0.7407407407407394),
[92mINFO [0m:      	          (28, 0.714285714285713),
[92mINFO [0m:      	          (29, 0.714285714285713),
[92mINFO [0m:      	          (30, 0.6896551724137919),
[92mINFO [0m:      	          (31, 0.6666666666666655),
[92mINFO [0m:      	          (32, 0.7407407407407394),
[92mINFO [0m:      	          (33, 0.714285714285713),
[92mINFO [0m:      	          (34, 0.7407407407407394),
[92mINFO [0m:      	          (35, 0.7407407407407394),
[92mINFO [0m:      	          (36, 0.714285714285713),
[92mINFO [0m:      	          (37, 0.7999999999999984),
[92mINFO [0m:      	          (38, 0.7999999999999984),
[92mINFO [0m:      	          (39, 0.7692307692307677),
[92mINFO [0m:      	          (40, 0.7999999999999984),
[92mINFO [0m:      	          (41, 0.7692307692307677),
[92mINFO [0m:      	          (42, 0.7692307692307677),
[92mINFO [0m:      	          (43, 0.714285714285713),
[92mINFO [0m:      	          (44, 0.6666666666666655),
[92mINFO [0m:      	          (45, 0.714285714285713),
[92mINFO [0m:      	          (46, 0.714285714285713),
[92mINFO [0m:      	          (47, 0.7407407407407394),
[92mINFO [0m:      	          (48, 0.7407407407407394),
[92mINFO [0m:      	          (49, 0.714285714285713),
[92mINFO [0m:      	          (50, 0.714285714285713),
[92mINFO [0m:      	          (51, 0.714285714285713),
[92mINFO [0m:      	          (52, 0.714285714285713),
[92mINFO [0m:      	          (53, 0.714285714285713),
[92mINFO [0m:      	          (54, 0.7692307692307677),
[92mINFO [0m:      	          (55, 0.714285714285713),
[92mINFO [0m:      	          (56, 0.714285714285713),
[92mINFO [0m:      	          (57, 0.714285714285713),
[92mINFO [0m:      	          (58, 0.6666666666666655),
[92mINFO [0m:      	          (59, 0.6666666666666655),
[92mINFO [0m:      	          (60, 0.714285714285713)],
[92mINFO [0m:      	 'loss': [(1, 2.372891027716142),
[92mINFO [0m:      	          (2, 2.372891027716142),
[92mINFO [0m:      	          (3, 2.255425608610805),
[92mINFO [0m:      	          (4, 1.812778833546216),
[92mINFO [0m:      	          (5, 2.4134279896941364),
[92mINFO [0m:      	          (6, 2.3992299248900593),
[92mINFO [0m:      	          (7, 1.3719181939016414),
[92mINFO [0m:      	          (8, 1.2599396931974194),
[92mINFO [0m:      	          (9, 1.1782919651345363),
[92mINFO [0m:      	          (10, 1.731104162674916),
[92mINFO [0m:      	          (11, 1.2042254707481288),
[92mINFO [0m:      	          (12, 1.5851896427854706),
[92mINFO [0m:      	          (13, 1.6094383167315134),
[92mINFO [0m:      	          (14, 1.1660350493237943),
[92mINFO [0m:      	          (15, 1.6653493944602678),
[92mINFO [0m:      	          (16, 1.2453809976577759),
[92mINFO [0m:      	          (17, 1.5929690161837806),
[92mINFO [0m:      	          (18, 1.5361892754518534),
[92mINFO [0m:      	          (19, 1.7554000359547288),
[92mINFO [0m:      	          (20, 1.2201603055000305),
[92mINFO [0m:      	          (21, 0.8981127467336534),
[92mINFO [0m:      	          (22, 0.7655907099760031),
[92mINFO [0m:      	          (23, 0.8581598627416394),
[92mINFO [0m:      	          (24, 0.781065630761883),
[92mINFO [0m:      	          (25, 0.8382472780686391),
[92mINFO [0m:      	          (26, 0.8088901737068273),
[92mINFO [0m:      	          (27, 0.8210292647156534),
[92mINFO [0m:      	          (28, 0.7492388950873025),
[92mINFO [0m:      	          (29, 0.7842605370509473),
[92mINFO [0m:      	          (30, 0.8042799502233916),
[92mINFO [0m:      	          (31, 0.6830521248563935),
[92mINFO [0m:      	          (32, 0.6387725578078741),
[92mINFO [0m:      	          (33, 0.7346006990233555),
[92mINFO [0m:      	          (34, 0.7865672639653652),
[92mINFO [0m:      	          (35, 0.7583194193960745),
[92mINFO [0m:      	          (36, 0.5955833683285532),
[92mINFO [0m:      	          (37, 0.6787934020350251),
[92mINFO [0m:      	          (38, 0.7135009837301471),
[92mINFO [0m:      	          (39, 0.6441706641565396),
[92mINFO [0m:      	          (40, 0.6691944286038604),
[92mINFO [0m:      	          (41, 0.8289143775082841),
[92mINFO [0m:      	          (42, 1.067735730847226),
[92mINFO [0m:      	          (43, 0.8686381261559981),
[92mINFO [0m:      	          (44, 0.7315564178213289),
[92mINFO [0m:      	          (45, 1.039983531342277),
[92mINFO [0m:      	          (46, 0.6734717801401887),
[92mINFO [0m:      	          (47, 0.9919311004348949),
[92mINFO [0m:      	          (48, 0.8573508224909818),
[92mINFO [0m:      	          (49, 0.6954463146909883),
[92mINFO [0m:      	          (50, 0.6954463146909883),
[92mINFO [0m:      	          (51, 0.9601249506201925),
[92mINFO [0m:      	          (52, 0.6017359857317768),
[92mINFO [0m:      	          (53, 0.6780263049693047),
[92mINFO [0m:      	          (54, 1.090117612217046),
[92mINFO [0m:      	          (55, 1.090117612217046),
[92mINFO [0m:      	          (56, 0.687344575607324),
[92mINFO [0m:      	          (57, 1.8904198211959646),
[92mINFO [0m:      	          (58, 1.8904198211959646),
[92mINFO [0m:      	          (59, 1.0344141336935986),
[92mINFO [0m:      	          (60, 0.7798871473421024)],
[92mINFO [0m:      	 'mode': [(1, 'async'),
[92mINFO [0m:      	          (2, 'async'),
[92mINFO [0m:      	          (3, 'async'),
[92mINFO [0m:      	          (4, 'async'),
[92mINFO [0m:      	          (5, 'async'),
[92mINFO [0m:      	          (6, 'async'),
[92mINFO [0m:      	          (7, 'async'),
[92mINFO [0m:      	          (8, 'async'),
[92mINFO [0m:      	          (9, 'async'),
[92mINFO [0m:      	          (10, 'async'),
[92mINFO [0m:      	          (11, 'async'),
[92mINFO [0m:      	          (12, 'async'),
[92mINFO [0m:      	          (13, 'async'),
[92mINFO [0m:      	          (14, 'async'),
[92mINFO [0m:      	          (15, 'async'),
[92mINFO [0m:      	          (16, 'async'),
[92mINFO [0m:      	          (17, 'async'),
[92mINFO [0m:      	          (18, 'async'),
[92mINFO [0m:      	          (19, 'async'),
[92mINFO [0m:      	          (20, 'async'),
[92mINFO [0m:      	          (21, 'async'),
[92mINFO [0m:      	          (22, 'async'),
[92mINFO [0m:      	          (23, 'async'),
[92mINFO [0m:      	          (24, 'async'),
[92mINFO [0m:      	          (25, 'async'),
[92mINFO [0m:      	          (26, 'async'),
[92mINFO [0m:      	          (27, 'async'),
[92mINFO [0m:      	          (28, 'async'),
[92mINFO [0m:      	          (29, 'async'),
[92mINFO [0m:      	          (30, 'async'),
[92mINFO [0m:      	          (31, 'async'),
[92mINFO [0m:      	          (32, 'async'),
[92mINFO [0m:      	          (33, 'async'),
[92mINFO [0m:      	          (34, 'async'),
[92mINFO [0m:      	          (35, 'async'),
[92mINFO [0m:      	          (36, 'async'),
[92mINFO [0m:      	          (37, 'async'),
[92mINFO [0m:      	          (38, 'async'),
[92mINFO [0m:      	          (39, 'async'),
[92mINFO [0m:      	          (40, 'async'),
[92mINFO [0m:      	          (41, 'async'),
[92mINFO [0m:      	          (42, 'async'),
[92mINFO [0m:      	          (43, 'async'),
[92mINFO [0m:      	          (44, 'async'),
[92mINFO [0m:      	          (45, 'async'),
[92mINFO [0m:      	          (46, 'async'),
[92mINFO [0m:      	          (47, 'async'),
[92mINFO [0m:      	          (48, 'async'),
[92mINFO [0m:      	          (49, 'async'),
[92mINFO [0m:      	          (50, 'async'),
[92mINFO [0m:      	          (51, 'async'),
[92mINFO [0m:      	          (52, 'async'),
[92mINFO [0m:      	          (53, 'async'),
[92mINFO [0m:      	          (54, 'async'),
[92mINFO [0m:      	          (55, 'async'),
[92mINFO [0m:      	          (56, 'async'),
[92mINFO [0m:      	          (57, 'async'),
[92mINFO [0m:      	          (58, 'async'),
[92mINFO [0m:      	          (59, 'async'),
[92mINFO [0m:      	          (60, 'async')],
[92mINFO [0m:      	 'num_exhausted_clients': [(1, 0.0),
[92mINFO [0m:      	                           (2, 0.0),
[92mINFO [0m:      	                           (3, 0.0),
[92mINFO [0m:      	                           (4, 0.0),
[92mINFO [0m:      	                           (5, 0.0),
[92mINFO [0m:      	                           (6, 0.0),
[92mINFO [0m:      	                           (7, 0.0),
[92mINFO [0m:      	                           (8, 0.0),
[92mINFO [0m:      	                           (9, 0.0),
[92mINFO [0m:      	                           (10, 0.0),
[92mINFO [0m:      	                           (11, 0.0),
[92mINFO [0m:      	                           (12, 0.0),
[92mINFO [0m:      	                           (13, 0.0),
[92mINFO [0m:      	                           (14, 0.0),
[92mINFO [0m:      	                           (15, 0.0),
[92mINFO [0m:      	                           (16, 0.0),
[92mINFO [0m:      	                           (17, 0.0),
[92mINFO [0m:      	                           (18, 0.0),
[92mINFO [0m:      	                           (19, 0.0),
[92mINFO [0m:      	                           (20, 0.0),
[92mINFO [0m:      	                           (21, 0.0),
[92mINFO [0m:      	                           (22, 0.0),
[92mINFO [0m:      	                           (23, 0.0),
[92mINFO [0m:      	                           (24, 0.0),
[92mINFO [0m:      	                           (25, 0.0),
[92mINFO [0m:      	                           (26, 0.0),
[92mINFO [0m:      	                           (27, 0.0),
[92mINFO [0m:      	                           (28, 0.0),
[92mINFO [0m:      	                           (29, 0.0),
[92mINFO [0m:      	                           (30, 0.0),
[92mINFO [0m:      	                           (31, 0.0),
[92mINFO [0m:      	                           (32, 0.0),
[92mINFO [0m:      	                           (33, 0.0),
[92mINFO [0m:      	                           (34, 0.0),
[92mINFO [0m:      	                           (35, 0.0),
[92mINFO [0m:      	                           (36, 0.0),
[92mINFO [0m:      	                           (37, 0.0),
[92mINFO [0m:      	                           (38, 0.0),
[92mINFO [0m:      	                           (39, 1.0),
[92mINFO [0m:      	                           (40, 1.0),
[92mINFO [0m:      	                           (41, 1.0),
[92mINFO [0m:      	                           (42, 1.0),
[92mINFO [0m:      	                           (43, 1.0),
[92mINFO [0m:      	                           (44, 1.0),
[92mINFO [0m:      	                           (45, 1.0),
[92mINFO [0m:      	                           (46, 1.0),
[92mINFO [0m:      	                           (47, 1.0),
[92mINFO [0m:      	                           (48, 1.0),
[92mINFO [0m:      	                           (49, 1.0),
[92mINFO [0m:      	                           (50, 1.0),
[92mINFO [0m:      	                           (51, 1.0),
[92mINFO [0m:      	                           (52, 1.0),
[92mINFO [0m:      	                           (53, 1.0),
[92mINFO [0m:      	                           (54, 1.0),
[92mINFO [0m:      	                           (55, 1.0),
[92mINFO [0m:      	                           (56, 1.0),
[92mINFO [0m:      	                           (57, 1.0),
[92mINFO [0m:      	                           (58, 1.0),
[92mINFO [0m:      	                           (59, 1.0),
[92mINFO [0m:      	                           (60, 1.0)],
[92mINFO [0m:      	 'topk': [(1, 5.0),
[92mINFO [0m:      	          (2, 5.0),
[92mINFO [0m:      	          (3, 5.0),
[92mINFO [0m:      	          (4, 5.0),
[92mINFO [0m:      	          (5, 5.0),
[92mINFO [0m:      	          (6, 5.0),
[92mINFO [0m:      	          (7, 5.0),
[92mINFO [0m:      	          (8, 5.0),
[92mINFO [0m:      	          (9, 5.0),
[92mINFO [0m:      	          (10, 5.0),
[92mINFO [0m:      	          (11, 5.0),
[92mINFO [0m:      	          (12, 5.0),
[92mINFO [0m:      	          (13, 5.0),
[92mINFO [0m:      	          (14, 5.0),
[92mINFO [0m:      	          (15, 5.0),
[92mINFO [0m:      	          (16, 5.0),
[92mINFO [0m:      	          (17, 5.0),
[92mINFO [0m:      	          (18, 5.0),
[92mINFO [0m:      	          (19, 5.0),
[92mINFO [0m:      	          (20, 5.0),
[92mINFO [0m:      	          (21, 5.0),
[92mINFO [0m:      	          (22, 5.0),
[92mINFO [0m:      	          (23, 5.0),
[92mINFO [0m:      	          (24, 5.0),
[92mINFO [0m:      	          (25, 5.0),
[92mINFO [0m:      	          (26, 5.0),
[92mINFO [0m:      	          (27, 5.0),
[92mINFO [0m:      	          (28, 5.0),
[92mINFO [0m:      	          (29, 5.0),
[92mINFO [0m:      	          (30, 5.0),
[92mINFO [0m:      	          (31, 5.0),
[92mINFO [0m:      	          (32, 5.0),
[92mINFO [0m:      	          (33, 5.0),
[92mINFO [0m:      	          (34, 5.0),
[92mINFO [0m:      	          (35, 5.0),
[92mINFO [0m:      	          (36, 5.0),
[92mINFO [0m:      	          (37, 5.0),
[92mINFO [0m:      	          (38, 5.0),
[92mINFO [0m:      	          (39, 5.0),
[92mINFO [0m:      	          (40, 5.0),
[92mINFO [0m:      	          (41, 5.0),
[92mINFO [0m:      	          (42, 5.0),
[92mINFO [0m:      	          (43, 5.0),
[92mINFO [0m:      	          (44, 5.0),
[92mINFO [0m:      	          (45, 5.0),
[92mINFO [0m:      	          (46, 5.0),
[92mINFO [0m:      	          (47, 5.0),
[92mINFO [0m:      	          (48, 5.0),
[92mINFO [0m:      	          (49, 5.0),
[92mINFO [0m:      	          (50, 5.0),
[92mINFO [0m:      	          (51, 5.0),
[92mINFO [0m:      	          (52, 5.0),
[92mINFO [0m:      	          (53, 5.0),
[92mINFO [0m:      	          (54, 5.0),
[92mINFO [0m:      	          (55, 5.0),
[92mINFO [0m:      	          (56, 5.0),
[92mINFO [0m:      	          (57, 5.0),
[92mINFO [0m:      	          (58, 5.0),
[92mINFO [0m:      	          (59, 5.0),
[92mINFO [0m:      	          (60, 5.0)]}
[92mINFO [0m:      	History (metrics, centralized):
[92mINFO [0m:      	{'accuracy': [(0, 0.1),
[92mINFO [0m:      	              (1, 0.2253),
[92mINFO [0m:      	              (2, 0.2253),
[92mINFO [0m:      	              (3, 0.2745),
[92mINFO [0m:      	              (4, 0.3252),
[92mINFO [0m:      	              (5, 0.3468),
[92mINFO [0m:      	              (6, 0.3626),
[92mINFO [0m:      	              (7, 0.4943),
[92mINFO [0m:      	              (8, 0.5472),
[92mINFO [0m:      	              (9, 0.5784),
[92mINFO [0m:      	              (10, 0.4975),
[92mINFO [0m:      	              (11, 0.5801),
[92mINFO [0m:      	              (12, 0.4965),
[92mINFO [0m:      	              (13, 0.4887),
[92mINFO [0m:      	              (14, 0.5788),
[92mINFO [0m:      	              (15, 0.4932),
[92mINFO [0m:      	              (16, 0.5772),
[92mINFO [0m:      	              (17, 0.5271),
[92mINFO [0m:      	              (18, 0.5558),
[92mINFO [0m:      	              (19, 0.5536),
[92mINFO [0m:      	              (20, 0.5843),
[92mINFO [0m:      	              (21, 0.6802),
[92mINFO [0m:      	              (22, 0.7313),
[92mINFO [0m:      	              (23, 0.7058),
[92mINFO [0m:      	              (24, 0.7298),
[92mINFO [0m:      	              (25, 0.7175),
[92mINFO [0m:      	              (26, 0.7249),
[92mINFO [0m:      	              (27, 0.7169),
[92mINFO [0m:      	              (28, 0.742),
[92mINFO [0m:      	              (29, 0.7343),
[92mINFO [0m:      	              (30, 0.7355),
[92mINFO [0m:      	              (31, 0.7632),
[92mINFO [0m:      	              (32, 0.7734),
[92mINFO [0m:      	              (33, 0.7525),
[92mINFO [0m:      	              (34, 0.7435),
[92mINFO [0m:      	              (35, 0.7459),
[92mINFO [0m:      	              (36, 0.7988),
[92mINFO [0m:      	              (37, 0.7691),
[92mINFO [0m:      	              (38, 0.767),
[92mINFO [0m:      	              (39, 0.7808),
[92mINFO [0m:      	              (40, 0.7752),
[92mINFO [0m:      	              (41, 0.7321),
[92mINFO [0m:      	              (42, 0.6843),
[92mINFO [0m:      	              (43, 0.7182),
[92mINFO [0m:      	              (44, 0.7562),
[92mINFO [0m:      	              (45, 0.6786),
[92mINFO [0m:      	              (46, 0.7703),
[92mINFO [0m:      	              (47, 0.7064),
[92mINFO [0m:      	              (48, 0.7325),
[92mINFO [0m:      	              (49, 0.7725),
[92mINFO [0m:      	              (50, 0.7725),
[92mINFO [0m:      	              (51, 0.7044),
[92mINFO [0m:      	              (52, 0.7992),
[92mINFO [0m:      	              (53, 0.779),
[92mINFO [0m:      	              (54, 0.699),
[92mINFO [0m:      	              (55, 0.699),
[92mINFO [0m:      	              (56, 0.7789),
[92mINFO [0m:      	              (57, 0.5135),
[92mINFO [0m:      	              (58, 0.5135),
[92mINFO [0m:      	              (59, 0.7054),
[92mINFO [0m:      	              (60, 0.7626)]}
[92mINFO [0m:      
[36m(pid=239407)[0m [2026-03-03 05:17:07,949 E 239407 240812] core_worker_process.cc:825: Failed to establish connection to the metrics exporter agent. Metrics will not be exported. Exporter agent status: RpcError: Running out of retries to initialize the metrics agent. rpc_code: 14[32m [repeated 20x across cluster][0m
