/root/miniconda3/envs/moga-fl/lib/python3.10/site-packages/torch/cuda/__init__.py:65: FutureWarning: The pynvml package is deprecated. Please install nvidia-ml-py instead. If you did not install pynvml directly, please report this to the maintainers of the package that installed pynvml for you.
  import pynvml  # type: ignore[import]
[93mWARNING [0m:   DEPRECATED FEATURE: flwr.simulation.start_simulation() is deprecated.
	Instead, use the `flwr run` CLI command to start a local simulation in your Flower app, as shown for example below:

		$ flwr new  # Create a new Flower app from a template

		$ flwr run  # Run the Flower app in Simulation Mode

	Using `start_simulation()` is deprecated.

            This is a deprecated feature. It will be removed
            entirely in future versions of Flower.
        
[92mINFO [0m:      Starting Flower simulation, config: num_rounds=60, no round_timeout
2026-03-03 02:13:57,598	WARNING utils.py:460 -- Detecting docker specified CPUs. In previous versions of Ray, CPU detection in containers was incorrect. Please ensure that Ray has enough CPUs allocated. As a temporary workaround to revert to the prior behavior, set `RAY_USE_MULTIPROCESSING_CPU_COUNT=1` as an env var before starting Ray. Set the env var: `RAY_DISABLE_DOCKER_CPU_WARNING=1` to mute this warning.
2026-03-03 02:13:57,848	INFO worker.py:2012 -- Started a local Ray instance.
/root/miniconda3/envs/moga-fl/lib/python3.10/site-packages/ray/_private/worker.py:2051: FutureWarning: Tip: In future versions of Ray, Ray will no longer override accelerator visible devices env var if num_gpus=0 or num_gpus=None (default). To enable this behavior and turn off this error message, set RAY_ACCEL_ENV_VAR_OVERRIDE_ON_ZERO=0
  warnings.warn(
[92mINFO [0m:      Flower VCE: Ray initialized with resources: {'node:172.17.0.5': 1.0, 'GPU': 1.0, 'object_store_memory': 28204280217.0, 'CPU': 25.0, 'accelerator_type:G': 1.0, 'memory': 65809987175.0, 'node:__internal_head__': 1.0}
[92mINFO [0m:      Optimize your simulation with Flower VCE: https://flower.ai/docs/framework/how-to-run-simulations.html
[92mINFO [0m:      Flower VCE: Resources for each Virtual Client: {'num_cpus': 2.0, 'num_gpus': 0.25}
[92mINFO [0m:      Flower VCE: Creating VirtualClientEngineActorPool with 4 actors
[92mINFO [0m:      [INIT]
[92mINFO [0m:      Using initial global parameters provided by strategy
[92mINFO [0m:      Starting evaluation of initial global parameters
[92mINFO [0m:      initial parameters (loss, other metrics): 3.5699364686314063, {'accuracy': 0.1}
[92mINFO [0m:      
[92mINFO [0m:      [ROUND 1]
[92mINFO [0m:      configure_fit: strategy sampled 5 clients (out of 10)
[36m(ClientAppActor pid=71855)[0m /root/miniconda3/envs/moga-fl/lib/python3.10/site-packages/torch/cuda/__init__.py:65: FutureWarning: The pynvml package is deprecated. Please install nvidia-ml-py instead. If you did not install pynvml directly, please report this to the maintainers of the package that installed pynvml for you.
[36m(ClientAppActor pid=71855)[0m   import pynvml  # type: ignore[import]
[92mINFO [0m:      aggregate_fit: received 5 results and 0 failures
[92mINFO [0m:      fit progress: (1, 2.444846394695813, {'accuracy': 0.1995}, 14.911258301697671)
[92mINFO [0m:      configure_evaluate: no clients selected, skipping evaluation
[92mINFO [0m:      
[92mINFO [0m:      [ROUND 2]
[92mINFO [0m:      configure_fit: strategy sampled 5 clients (out of 10)
[92mINFO [0m:      aggregate_fit: received 5 results and 0 failures
[92mINFO [0m:      fit progress: (2, 2.444846394695813, {'accuracy': 0.1995}, 26.57048107869923)
[92mINFO [0m:      configure_evaluate: no clients selected, skipping evaluation
[92mINFO [0m:      
[92mINFO [0m:      [ROUND 3]
[92mINFO [0m:      configure_fit: strategy sampled 5 clients (out of 10)
[36m(pid=gcs_server)[0m [2026-03-03 02:14:27,080 E 71344 71344] (gcs_server) gcs_server.cc:302: Failed to establish connection to the event+metrics exporter agent. Events and metrics will not be exported. Exporter agent status: RpcError: Running out of retries to initialize the metrics agent. rpc_code: 14
[36m(ClientAppActor pid=71857)[0m /root/miniconda3/envs/moga-fl/lib/python3.10/site-packages/torch/cuda/__init__.py:65: FutureWarning: The pynvml package is deprecated. Please install nvidia-ml-py instead. If you did not install pynvml directly, please report this to the maintainers of the package that installed pynvml for you.[32m [repeated 3x across cluster] (Ray deduplicates logs by default. Set RAY_DEDUP_LOGS=0 to disable log deduplication, or see https://docs.ray.io/en/master/ray-observability/user-guides/configure-logging.html#log-deduplication for more options.)[0m
[36m(ClientAppActor pid=71857)[0m   import pynvml  # type: ignore[import][32m [repeated 3x across cluster][0m
[33m(raylet)[0m [2026-03-03 02:14:27,781 E 71711 71711] (raylet) main.cc:975: Failed to establish connection to the metrics exporter agent. Metrics will not be exported. Exporter agent status: RpcError: Running out of retries to initialize the metrics agent. rpc_code: 14
[2026-03-03 02:14:28,496 E 71204 71854] core_worker_process.cc:825: Failed to establish connection to the metrics exporter agent. Metrics will not be exported. Exporter agent status: RpcError: Running out of retries to initialize the metrics agent. rpc_code: 14
[36m(ClientAppActor pid=71858)[0m [2026-03-03 02:14:28,166 E 71858 72156] core_worker_process.cc:825: Failed to establish connection to the metrics exporter agent. Metrics will not be exported. Exporter agent status: RpcError: Running out of retries to initialize the metrics agent. rpc_code: 14
[92mINFO [0m:      aggregate_fit: received 5 results and 0 failures
[92mINFO [0m:      fit progress: (3, 2.1548863996433307, {'accuracy': 0.2358}, 39.05162893049419)
[92mINFO [0m:      configure_evaluate: no clients selected, skipping evaluation
[92mINFO [0m:      
[92mINFO [0m:      [ROUND 4]
[92mINFO [0m:      configure_fit: strategy sampled 5 clients (out of 10)
[92mINFO [0m:      aggregate_fit: received 5 results and 0 failures
[92mINFO [0m:      fit progress: (4, 1.9524130760868894, {'accuracy': 0.27}, 49.19517409801483)
[92mINFO [0m:      configure_evaluate: no clients selected, skipping evaluation
[92mINFO [0m:      
[92mINFO [0m:      [ROUND 5]
[92mINFO [0m:      configure_fit: strategy sampled 5 clients (out of 10)
[92mINFO [0m:      aggregate_fit: received 5 results and 0 failures
[92mINFO [0m:      fit progress: (5, 2.09005117265484, {'accuracy': 0.3064}, 60.52497804071754)
[92mINFO [0m:      configure_evaluate: no clients selected, skipping evaluation
[92mINFO [0m:      
[92mINFO [0m:      [ROUND 6]
[92mINFO [0m:      configure_fit: strategy sampled 5 clients (out of 10)
[92mINFO [0m:      aggregate_fit: received 5 results and 0 failures
[92mINFO [0m:      fit progress: (6, 2.471446793290633, {'accuracy': 0.258}, 71.26294523105025)
[92mINFO [0m:      configure_evaluate: no clients selected, skipping evaluation
[92mINFO [0m:      
[92mINFO [0m:      [ROUND 7]
[92mINFO [0m:      configure_fit: strategy sampled 5 clients (out of 10)
[92mINFO [0m:      aggregate_fit: received 5 results and 0 failures
[92mINFO [0m:      fit progress: (7, 2.064233236675021, {'accuracy': 0.2924}, 82.05589600838721)
[92mINFO [0m:      configure_evaluate: no clients selected, skipping evaluation
[92mINFO [0m:      
[92mINFO [0m:      [ROUND 8]
[92mINFO [0m:      configure_fit: strategy sampled 5 clients (out of 10)
[92mINFO [0m:      aggregate_fit: received 5 results and 0 failures
[92mINFO [0m:      fit progress: (8, 1.7296524289288098, {'accuracy': 0.37}, 94.07268715277314)
[92mINFO [0m:      configure_evaluate: no clients selected, skipping evaluation
[92mINFO [0m:      
[92mINFO [0m:      [ROUND 9]
[92mINFO [0m:      configure_fit: strategy sampled 5 clients (out of 10)
[92mINFO [0m:      aggregate_fit: received 5 results and 0 failures
[92mINFO [0m:      fit progress: (9, 1.7920010889632791, {'accuracy': 0.4149}, 104.9695535460487)
[92mINFO [0m:      configure_evaluate: no clients selected, skipping evaluation
[92mINFO [0m:      
[92mINFO [0m:      [ROUND 10]
[92mINFO [0m:      configure_fit: strategy sampled 5 clients (out of 10)
[92mINFO [0m:      aggregate_fit: received 5 results and 0 failures
[92mINFO [0m:      fit progress: (10, 1.7920010889632791, {'accuracy': 0.4149}, 114.81088523287326)
[92mINFO [0m:      configure_evaluate: no clients selected, skipping evaluation
[92mINFO [0m:      
[92mINFO [0m:      [ROUND 11]
[92mINFO [0m:      configure_fit: strategy sampled 5 clients (out of 10)
[92mINFO [0m:      aggregate_fit: received 5 results and 0 failures
[92mINFO [0m:      fit progress: (11, 2.005356191079828, {'accuracy': 0.3854}, 126.54670016746968)
[92mINFO [0m:      configure_evaluate: no clients selected, skipping evaluation
[92mINFO [0m:      
[92mINFO [0m:      [ROUND 12]
[92mINFO [0m:      configure_fit: strategy sampled 5 clients (out of 10)
[92mINFO [0m:      aggregate_fit: received 5 results and 0 failures
[92mINFO [0m:      fit progress: (12, 2.0420228665388085, {'accuracy': 0.4198}, 137.16373043321073)
[92mINFO [0m:      configure_evaluate: no clients selected, skipping evaluation
[92mINFO [0m:      
[92mINFO [0m:      [ROUND 13]
[92mINFO [0m:      configure_fit: strategy sampled 5 clients (out of 10)
[92mINFO [0m:      aggregate_fit: received 5 results and 0 failures
[92mINFO [0m:      fit progress: (13, 1.7745111758195902, {'accuracy': 0.4252}, 147.93058984261006)
[92mINFO [0m:      configure_evaluate: no clients selected, skipping evaluation
[92mINFO [0m:      
[92mINFO [0m:      [ROUND 14]
[92mINFO [0m:      configure_fit: strategy sampled 5 clients (out of 10)
[92mINFO [0m:      aggregate_fit: received 5 results and 0 failures
[92mINFO [0m:      fit progress: (14, 1.3526204583011097, {'accuracy': 0.5221}, 158.50555858388543)
[92mINFO [0m:      configure_evaluate: no clients selected, skipping evaluation
[92mINFO [0m:      
[92mINFO [0m:      [ROUND 15]
[92mINFO [0m:      configure_fit: strategy sampled 5 clients (out of 10)
[92mINFO [0m:      aggregate_fit: received 5 results and 0 failures
[92mINFO [0m:      fit progress: (15, 2.436588522754138, {'accuracy': 0.3516}, 169.67891728598624)
[92mINFO [0m:      configure_evaluate: no clients selected, skipping evaluation
[92mINFO [0m:      
[92mINFO [0m:      [ROUND 16]
[92mINFO [0m:      configure_fit: strategy sampled 5 clients (out of 10)
[92mINFO [0m:      aggregate_fit: received 5 results and 0 failures
[92mINFO [0m:      fit progress: (16, 2.3080959289888794, {'accuracy': 0.407}, 182.79281053412706)
[92mINFO [0m:      configure_evaluate: no clients selected, skipping evaluation
[92mINFO [0m:      
[92mINFO [0m:      [ROUND 17]
[92mINFO [0m:      configure_fit: strategy sampled 5 clients (out of 10)
[92mINFO [0m:      aggregate_fit: received 5 results and 0 failures
[92mINFO [0m:      fit progress: (17, 2.3080959289888794, {'accuracy': 0.407}, 195.82244178000838)
[92mINFO [0m:      configure_evaluate: no clients selected, skipping evaluation
[92mINFO [0m:      
[92mINFO [0m:      [ROUND 18]
[92mINFO [0m:      configure_fit: strategy sampled 5 clients (out of 10)
[92mINFO [0m:      aggregate_fit: received 5 results and 0 failures
[92mINFO [0m:      fit progress: (18, 1.4031439385836637, {'accuracy': 0.5601}, 205.1422103634104)
[92mINFO [0m:      configure_evaluate: no clients selected, skipping evaluation
[92mINFO [0m:      
[92mINFO [0m:      [ROUND 19]
[92mINFO [0m:      configure_fit: strategy sampled 5 clients (out of 10)
[92mINFO [0m:      aggregate_fit: received 5 results and 0 failures
[92mINFO [0m:      fit progress: (19, 2.096411632586129, {'accuracy': 0.449}, 215.23266294132918)
[92mINFO [0m:      configure_evaluate: no clients selected, skipping evaluation
[92mINFO [0m:      
[92mINFO [0m:      [ROUND 20]
[92mINFO [0m:      configure_fit: strategy sampled 5 clients (out of 10)
[92mINFO [0m:      aggregate_fit: received 5 results and 0 failures
[92mINFO [0m:      fit progress: (20, 1.5201941185359713, {'accuracy': 0.4999}, 225.91864694841206)
[92mINFO [0m:      configure_evaluate: no clients selected, skipping evaluation
[92mINFO [0m:      
[92mINFO [0m:      [ROUND 21]
[92mINFO [0m:      configure_fit: strategy sampled 5 clients (out of 10)
[92mINFO [0m:      aggregate_fit: received 5 results and 0 failures
[92mINFO [0m:      fit progress: (21, 1.0624915036974074, {'accuracy': 0.6174}, 236.92816313914955)
[92mINFO [0m:      configure_evaluate: no clients selected, skipping evaluation
[92mINFO [0m:      
[92mINFO [0m:      [ROUND 22]
[92mINFO [0m:      configure_fit: strategy sampled 5 clients (out of 10)
[92mINFO [0m:      aggregate_fit: received 5 results and 0 failures
[92mINFO [0m:      fit progress: (22, 1.1690965883339508, {'accuracy': 0.619}, 248.76148355472833)
[92mINFO [0m:      configure_evaluate: no clients selected, skipping evaluation
[92mINFO [0m:      
[92mINFO [0m:      [ROUND 23]
[92mINFO [0m:      configure_fit: strategy sampled 5 clients (out of 10)
[92mINFO [0m:      aggregate_fit: received 5 results and 0 failures
[92mINFO [0m:      fit progress: (23, 1.0412745407865018, {'accuracy': 0.6381}, 259.892113821581)
[92mINFO [0m:      configure_evaluate: no clients selected, skipping evaluation
[92mINFO [0m:      
[92mINFO [0m:      [ROUND 24]
[92mINFO [0m:      configure_fit: strategy sampled 5 clients (out of 10)
[92mINFO [0m:      aggregate_fit: received 5 results and 0 failures
[92mINFO [0m:      fit progress: (24, 1.000972781000258, {'accuracy': 0.6345}, 272.42064705491066)
[92mINFO [0m:      configure_evaluate: no clients selected, skipping evaluation
[92mINFO [0m:      
[92mINFO [0m:      [ROUND 25]
[92mINFO [0m:      configure_fit: strategy sampled 5 clients (out of 10)
[92mINFO [0m:      aggregate_fit: received 5 results and 0 failures
[92mINFO [0m:      fit progress: (25, 1.0606790735751768, {'accuracy': 0.633}, 283.03641277272254)
[92mINFO [0m:      configure_evaluate: no clients selected, skipping evaluation
[92mINFO [0m:      
[92mINFO [0m:      [ROUND 26]
[92mINFO [0m:      configure_fit: strategy sampled 5 clients (out of 10)
[92mINFO [0m:      aggregate_fit: received 5 results and 0 failures
[92mINFO [0m:      fit progress: (26, 1.1882675788070582, {'accuracy': 0.6032}, 292.7929066698998)
[92mINFO [0m:      configure_evaluate: no clients selected, skipping evaluation
[92mINFO [0m:      
[92mINFO [0m:      [ROUND 27]
[92mINFO [0m:      configure_fit: strategy sampled 5 clients (out of 10)
[92mINFO [0m:      aggregate_fit: received 5 results and 0 failures
[92mINFO [0m:      fit progress: (27, 0.8847280808641941, {'accuracy': 0.6869}, 304.81078231614083)
[92mINFO [0m:      configure_evaluate: no clients selected, skipping evaluation
[92mINFO [0m:      
[92mINFO [0m:      [ROUND 28]
[92mINFO [0m:      configure_fit: strategy sampled 5 clients (out of 10)
[92mINFO [0m:      aggregate_fit: received 5 results and 0 failures
[92mINFO [0m:      fit progress: (28, 1.0517672081536884, {'accuracy': 0.6397}, 315.26355129200965)
[92mINFO [0m:      configure_evaluate: no clients selected, skipping evaluation
[92mINFO [0m:      
[92mINFO [0m:      [ROUND 29]
[92mINFO [0m:      configure_fit: strategy sampled 5 clients (out of 10)
[92mINFO [0m:      aggregate_fit: received 5 results and 0 failures
[92mINFO [0m:      fit progress: (29, 0.8759075350399259, {'accuracy': 0.6866}, 326.58487477712333)
[92mINFO [0m:      configure_evaluate: no clients selected, skipping evaluation
[92mINFO [0m:      
[92mINFO [0m:      [ROUND 30]
[92mINFO [0m:      configure_fit: strategy sampled 5 clients (out of 10)
[92mINFO [0m:      aggregate_fit: received 5 results and 0 failures
[92mINFO [0m:      fit progress: (30, 0.9651836549179463, {'accuracy': 0.6585}, 336.5449047116563)
[92mINFO [0m:      configure_evaluate: no clients selected, skipping evaluation
[92mINFO [0m:      
[92mINFO [0m:      [ROUND 31]
[92mINFO [0m:      configure_fit: strategy sampled 5 clients (out of 10)
[92mINFO [0m:      aggregate_fit: received 5 results and 0 failures
[92mINFO [0m:      fit progress: (31, 1.2927937628347663, {'accuracy': 0.5913}, 347.63447471056134)
[92mINFO [0m:      configure_evaluate: no clients selected, skipping evaluation
[92mINFO [0m:      
[92mINFO [0m:      [ROUND 32]
[92mINFO [0m:      configure_fit: strategy sampled 5 clients (out of 10)
[92mINFO [0m:      aggregate_fit: received 5 results and 0 failures
[92mINFO [0m:      fit progress: (32, 0.9718483769440953, {'accuracy': 0.6617}, 357.64342042058706)
[92mINFO [0m:      configure_evaluate: no clients selected, skipping evaluation
[92mINFO [0m:      
[92mINFO [0m:      [ROUND 33]
[92mINFO [0m:      configure_fit: strategy sampled 5 clients (out of 10)
[92mINFO [0m:      aggregate_fit: received 5 results and 0 failures
[92mINFO [0m:      fit progress: (33, 0.9103253468682494, {'accuracy': 0.6763}, 368.238777465187)
[92mINFO [0m:      configure_evaluate: no clients selected, skipping evaluation
[92mINFO [0m:      
[92mINFO [0m:      [ROUND 34]
[92mINFO [0m:      configure_fit: strategy sampled 5 clients (out of 10)
[92mINFO [0m:      aggregate_fit: received 5 results and 0 failures
[92mINFO [0m:      fit progress: (34, 1.2637727735917779, {'accuracy': 0.581}, 378.0926612364128)
[92mINFO [0m:      configure_evaluate: no clients selected, skipping evaluation
[92mINFO [0m:      
[92mINFO [0m:      [ROUND 35]
[92mINFO [0m:      configure_fit: strategy sampled 5 clients (out of 10)
[92mINFO [0m:      aggregate_fit: received 5 results and 0 failures
[92mINFO [0m:      fit progress: (35, 0.9494409644151036, {'accuracy': 0.6735}, 389.406306091696)
[92mINFO [0m:      configure_evaluate: no clients selected, skipping evaluation
[92mINFO [0m:      
[92mINFO [0m:      [ROUND 36]
[92mINFO [0m:      configure_fit: strategy sampled 5 clients (out of 10)
[92mINFO [0m:      aggregate_fit: received 5 results and 0 failures
[92mINFO [0m:      fit progress: (36, 0.9733518188512778, {'accuracy': 0.6649}, 399.7540267733857)
[92mINFO [0m:      configure_evaluate: no clients selected, skipping evaluation
[92mINFO [0m:      
[92mINFO [0m:      [ROUND 37]
[92mINFO [0m:      configure_fit: strategy sampled 5 clients (out of 10)
[92mINFO [0m:      aggregate_fit: received 5 results and 0 failures
[92mINFO [0m:      fit progress: (37, 1.0911689830731741, {'accuracy': 0.6268}, 409.88288991339505)
[92mINFO [0m:      configure_evaluate: no clients selected, skipping evaluation
[92mINFO [0m:      
[92mINFO [0m:      [ROUND 38]
[92mINFO [0m:      configure_fit: strategy sampled 5 clients (out of 10)
[92mINFO [0m:      aggregate_fit: received 5 results and 0 failures
[92mINFO [0m:      fit progress: (38, 1.1018854613545574, {'accuracy': 0.6367}, 419.45556541066617)
[92mINFO [0m:      configure_evaluate: no clients selected, skipping evaluation
[92mINFO [0m:      
[92mINFO [0m:      [ROUND 39]
[92mINFO [0m:      configure_fit: strategy sampled 5 clients (out of 10)
[92mINFO [0m:      aggregate_fit: received 5 results and 0 failures
[92mINFO [0m:      fit progress: (39, 0.996143721326997, {'accuracy': 0.6624}, 429.4199102409184)
[92mINFO [0m:      configure_evaluate: no clients selected, skipping evaluation
[92mINFO [0m:      
[92mINFO [0m:      [ROUND 40]
[92mINFO [0m:      configure_fit: strategy sampled 5 clients (out of 10)
[92mINFO [0m:      aggregate_fit: received 5 results and 0 failures
[92mINFO [0m:      fit progress: (40, 0.8664547167246854, {'accuracy': 0.693}, 439.66428347863257)
[92mINFO [0m:      configure_evaluate: no clients selected, skipping evaluation
[92mINFO [0m:      
[92mINFO [0m:      [ROUND 41]
[92mINFO [0m:      configure_fit: strategy sampled 5 clients (out of 10)
[92mINFO [0m:      aggregate_fit: received 5 results and 0 failures
[92mINFO [0m:      fit progress: (41, 1.0167583272426943, {'accuracy': 0.6519}, 450.74350346438587)
[92mINFO [0m:      configure_evaluate: no clients selected, skipping evaluation
[92mINFO [0m:      
[92mINFO [0m:      [ROUND 42]
[92mINFO [0m:      configure_fit: strategy sampled 5 clients (out of 10)
[92mINFO [0m:      aggregate_fit: received 5 results and 0 failures
[92mINFO [0m:      fit progress: (42, 0.9906935722013063, {'accuracy': 0.6657}, 460.10087716486305)
[92mINFO [0m:      configure_evaluate: no clients selected, skipping evaluation
[92mINFO [0m:      
[92mINFO [0m:      [ROUND 43]
[92mINFO [0m:      configure_fit: strategy sampled 5 clients (out of 10)
[92mINFO [0m:      aggregate_fit: received 5 results and 0 failures
[92mINFO [0m:      fit progress: (43, 1.8699635780310329, {'accuracy': 0.5093}, 469.5612782612443)
[92mINFO [0m:      configure_evaluate: no clients selected, skipping evaluation
[92mINFO [0m:      
[92mINFO [0m:      [ROUND 44]
[92mINFO [0m:      configure_fit: strategy sampled 5 clients (out of 10)
[92mINFO [0m:      aggregate_fit: received 5 results and 0 failures
[92mINFO [0m:      fit progress: (44, 1.8699635780310329, {'accuracy': 0.5093}, 480.8595507964492)
[92mINFO [0m:      configure_evaluate: no clients selected, skipping evaluation
[92mINFO [0m:      
[92mINFO [0m:      [ROUND 45]
[92mINFO [0m:      configure_fit: strategy sampled 5 clients (out of 10)
[92mINFO [0m:      aggregate_fit: received 5 results and 0 failures
[92mINFO [0m:      fit progress: (45, 1.1443757512901402, {'accuracy': 0.6324}, 492.12756972480565)
[92mINFO [0m:      configure_evaluate: no clients selected, skipping evaluation
[92mINFO [0m:      
[92mINFO [0m:      [ROUND 46]
[92mINFO [0m:      configure_fit: strategy sampled 5 clients (out of 10)
[92mINFO [0m:      aggregate_fit: received 5 results and 0 failures
[92mINFO [0m:      fit progress: (46, 0.9517832111708725, {'accuracy': 0.673}, 501.2739826356992)
[92mINFO [0m:      configure_evaluate: no clients selected, skipping evaluation
[92mINFO [0m:      
[92mINFO [0m:      [ROUND 47]
[92mINFO [0m:      configure_fit: strategy sampled 5 clients (out of 10)
[92mINFO [0m:      aggregate_fit: received 5 results and 0 failures
[92mINFO [0m:      fit progress: (47, 0.9517832111708725, {'accuracy': 0.673}, 510.70130224432796)
[92mINFO [0m:      configure_evaluate: no clients selected, skipping evaluation
[92mINFO [0m:      
[92mINFO [0m:      [ROUND 48]
[92mINFO [0m:      configure_fit: strategy sampled 5 clients (out of 10)
[92mINFO [0m:      aggregate_fit: received 5 results and 0 failures
[92mINFO [0m:      fit progress: (48, 1.0183106276053417, {'accuracy': 0.6515}, 521.9139316361398)
[92mINFO [0m:      configure_evaluate: no clients selected, skipping evaluation
[92mINFO [0m:      
[92mINFO [0m:      [ROUND 49]
[92mINFO [0m:      configure_fit: strategy sampled 5 clients (out of 10)
[92mINFO [0m:      aggregate_fit: received 5 results and 0 failures
[92mINFO [0m:      fit progress: (49, 1.0183106276053417, {'accuracy': 0.6515}, 532.2036085138097)
[92mINFO [0m:      configure_evaluate: no clients selected, skipping evaluation
[92mINFO [0m:      
[92mINFO [0m:      [ROUND 50]
[92mINFO [0m:      configure_fit: strategy sampled 5 clients (out of 10)
[92mINFO [0m:      aggregate_fit: received 5 results and 0 failures
[92mINFO [0m:      fit progress: (50, 1.0183106276053417, {'accuracy': 0.6515}, 543.2140164878219)
[92mINFO [0m:      configure_evaluate: no clients selected, skipping evaluation
[92mINFO [0m:      
[92mINFO [0m:      [ROUND 51]
[92mINFO [0m:      configure_fit: strategy sampled 5 clients (out of 10)
[92mINFO [0m:      aggregate_fit: received 5 results and 0 failures
[92mINFO [0m:      fit progress: (51, 1.0087884121303317, {'accuracy': 0.6626}, 554.2582580046728)
[92mINFO [0m:      configure_evaluate: no clients selected, skipping evaluation
[92mINFO [0m:      
[92mINFO [0m:      [ROUND 52]
[92mINFO [0m:      configure_fit: strategy sampled 5 clients (out of 10)
[92mINFO [0m:      aggregate_fit: received 5 results and 0 failures
[92mINFO [0m:      fit progress: (52, 0.9606171733216394, {'accuracy': 0.6777}, 565.4017328275368)
[92mINFO [0m:      configure_evaluate: no clients selected, skipping evaluation
[92mINFO [0m:      
[92mINFO [0m:      [ROUND 53]
[92mINFO [0m:      configure_fit: strategy sampled 5 clients (out of 10)
[92mINFO [0m:      aggregate_fit: received 5 results and 0 failures
[92mINFO [0m:      fit progress: (53, 1.0325177168544335, {'accuracy': 0.6833}, 575.3064763378352)
[92mINFO [0m:      configure_evaluate: no clients selected, skipping evaluation
[92mINFO [0m:      
[92mINFO [0m:      [ROUND 54]
[92mINFO [0m:      configure_fit: strategy sampled 5 clients (out of 10)
[92mINFO [0m:      aggregate_fit: received 5 results and 0 failures
[92mINFO [0m:      fit progress: (54, 1.9796038156823268, {'accuracy': 0.4908}, 584.3622523359954)
[92mINFO [0m:      configure_evaluate: no clients selected, skipping evaluation
[92mINFO [0m:      
[92mINFO [0m:      [ROUND 55]
[92mINFO [0m:      configure_fit: strategy sampled 5 clients (out of 10)
[92mINFO [0m:      aggregate_fit: received 5 results and 0 failures
[92mINFO [0m:      fit progress: (55, 0.9866134826141068, {'accuracy': 0.6664}, 594.3649770831689)
[92mINFO [0m:      configure_evaluate: no clients selected, skipping evaluation
[92mINFO [0m:      
[92mINFO [0m:      [ROUND 56]
[92mINFO [0m:      configure_fit: strategy sampled 5 clients (out of 10)
[92mINFO [0m:      aggregate_fit: received 5 results and 0 failures
[92mINFO [0m:      fit progress: (56, 1.0540669484983516, {'accuracy': 0.6453}, 604.3423542520031)
[92mINFO [0m:      configure_evaluate: no clients selected, skipping evaluation
[92mINFO [0m:      
[92mINFO [0m:      [ROUND 57]
[92mINFO [0m:      configure_fit: strategy sampled 5 clients (out of 10)
[92mINFO [0m:      aggregate_fit: received 5 results and 0 failures
[92mINFO [0m:      fit progress: (57, 1.253845586806913, {'accuracy': 0.6118}, 613.9669957570732)
[92mINFO [0m:      configure_evaluate: no clients selected, skipping evaluation
[92mINFO [0m:      
[92mINFO [0m:      [ROUND 58]
[92mINFO [0m:      configure_fit: strategy sampled 5 clients (out of 10)
[92mINFO [0m:      aggregate_fit: received 5 results and 0 failures
[92mINFO [0m:      fit progress: (58, 1.645714213576498, {'accuracy': 0.511}, 623.0227675065398)
[92mINFO [0m:      configure_evaluate: no clients selected, skipping evaluation
[92mINFO [0m:      
[92mINFO [0m:      [ROUND 59]
[92mINFO [0m:      configure_fit: strategy sampled 5 clients (out of 10)
[92mINFO [0m:      aggregate_fit: received 5 results and 0 failures
[92mINFO [0m:      fit progress: (59, 1.036841618863842, {'accuracy': 0.6472}, 634.3558517647907)
[92mINFO [0m:      configure_evaluate: no clients selected, skipping evaluation
[92mINFO [0m:      
[92mINFO [0m:      [ROUND 60]
[92mINFO [0m:      configure_fit: strategy sampled 5 clients (out of 10)
[92mINFO [0m:      aggregate_fit: received 5 results and 0 failures
[92mINFO [0m:      fit progress: (60, 1.5995473756065852, {'accuracy': 0.5314}, 643.5768244154751)
[92mINFO [0m:      configure_evaluate: no clients selected, skipping evaluation
[92mINFO [0m:      
[92mINFO [0m:      [SUMMARY]
[92mINFO [0m:      Run finished 60 round(s) in 643.58s
[92mINFO [0m:      	History (loss, centralized):
[92mINFO [0m:      		round 0: 3.5699364686314063
[92mINFO [0m:      		round 1: 2.444846394695813
[92mINFO [0m:      		round 2: 2.444846394695813
[92mINFO [0m:      		round 3: 2.1548863996433307
[92mINFO [0m:      		round 4: 1.9524130760868894
[92mINFO [0m:      		round 5: 2.09005117265484
[92mINFO [0m:      		round 6: 2.471446793290633
[92mINFO [0m:      		round 7: 2.064233236675021
[92mINFO [0m:      		round 8: 1.7296524289288098
[92mINFO [0m:      		round 9: 1.7920010889632791
[92mINFO [0m:      		round 10: 1.7920010889632791
[92mINFO [0m:      		round 11: 2.005356191079828
[92mINFO [0m:      		round 12: 2.0420228665388085
[92mINFO [0m:      		round 13: 1.7745111758195902
[92mINFO [0m:      		round 14: 1.3526204583011097
[92mINFO [0m:      		round 15: 2.436588522754138
[92mINFO [0m:      		round 16: 2.3080959289888794
[92mINFO [0m:      		round 17: 2.3080959289888794
[92mINFO [0m:      		round 18: 1.4031439385836637
[92mINFO [0m:      		round 19: 2.096411632586129
[92mINFO [0m:      		round 20: 1.5201941185359713
[92mINFO [0m:      		round 21: 1.0624915036974074
[92mINFO [0m:      		round 22: 1.1690965883339508
[92mINFO [0m:      		round 23: 1.0412745407865018
[92mINFO [0m:      		round 24: 1.000972781000258
[92mINFO [0m:      		round 25: 1.0606790735751768
[92mINFO [0m:      		round 26: 1.1882675788070582
[92mINFO [0m:      		round 27: 0.8847280808641941
[92mINFO [0m:      		round 28: 1.0517672081536884
[92mINFO [0m:      		round 29: 0.8759075350399259
[92mINFO [0m:      		round 30: 0.9651836549179463
[92mINFO [0m:      		round 31: 1.2927937628347663
[92mINFO [0m:      		round 32: 0.9718483769440953
[92mINFO [0m:      		round 33: 0.9103253468682494
[92mINFO [0m:      		round 34: 1.2637727735917779
[92mINFO [0m:      		round 35: 0.9494409644151036
[92mINFO [0m:      		round 36: 0.9733518188512778
[92mINFO [0m:      		round 37: 1.0911689830731741
[92mINFO [0m:      		round 38: 1.1018854613545574
[92mINFO [0m:      		round 39: 0.996143721326997
[92mINFO [0m:      		round 40: 0.8664547167246854
[92mINFO [0m:      		round 41: 1.0167583272426943
[92mINFO [0m:      		round 42: 0.9906935722013063
[92mINFO [0m:      		round 43: 1.8699635780310329
[92mINFO [0m:      		round 44: 1.8699635780310329
[92mINFO [0m:      		round 45: 1.1443757512901402
[92mINFO [0m:      		round 46: 0.9517832111708725
[92mINFO [0m:      		round 47: 0.9517832111708725
[92mINFO [0m:      		round 48: 1.0183106276053417
[92mINFO [0m:      		round 49: 1.0183106276053417
[92mINFO [0m:      		round 50: 1.0183106276053417
[92mINFO [0m:      		round 51: 1.0087884121303317
[92mINFO [0m:      		round 52: 0.9606171733216394
[92mINFO [0m:      		round 53: 1.0325177168544335
[92mINFO [0m:      		round 54: 1.9796038156823268
[92mINFO [0m:      		round 55: 0.9866134826141068
[92mINFO [0m:      		round 56: 1.0540669484983516
[92mINFO [0m:      		round 57: 1.253845586806913
[92mINFO [0m:      		round 58: 1.645714213576498
[92mINFO [0m:      		round 59: 1.036841618863842
[92mINFO [0m:      		round 60: 1.5995473756065852
[92mINFO [0m:      	History (metrics, distributed, fit):
[92mINFO [0m:      	{'accuracy': [(1, 0.1995),
[92mINFO [0m:      	              (2, 0.1995),
[92mINFO [0m:      	              (3, 0.2358),
[92mINFO [0m:      	              (4, 0.27),
[92mINFO [0m:      	              (5, 0.3064),
[92mINFO [0m:      	              (6, 0.258),
[92mINFO [0m:      	              (7, 0.2924),
[92mINFO [0m:      	              (8, 0.37),
[92mINFO [0m:      	              (9, 0.4149),
[92mINFO [0m:      	              (10, 0.4149),
[92mINFO [0m:      	              (11, 0.3854),
[92mINFO [0m:      	              (12, 0.4198),
[92mINFO [0m:      	              (13, 0.4252),
[92mINFO [0m:      	              (14, 0.5221),
[92mINFO [0m:      	              (15, 0.3516),
[92mINFO [0m:      	              (16, 0.407),
[92mINFO [0m:      	              (17, 0.407),
[92mINFO [0m:      	              (18, 0.5601),
[92mINFO [0m:      	              (19, 0.449),
[92mINFO [0m:      	              (20, 0.4999),
[92mINFO [0m:      	              (21, 0.6174),
[92mINFO [0m:      	              (22, 0.619),
[92mINFO [0m:      	              (23, 0.6381),
[92mINFO [0m:      	              (24, 0.6345),
[92mINFO [0m:      	              (25, 0.633),
[92mINFO [0m:      	              (26, 0.6032),
[92mINFO [0m:      	              (27, 0.6869),
[92mINFO [0m:      	              (28, 0.6397),
[92mINFO [0m:      	              (29, 0.6866),
[92mINFO [0m:      	              (30, 0.6585),
[92mINFO [0m:      	              (31, 0.5913),
[92mINFO [0m:      	              (32, 0.6617),
[92mINFO [0m:      	              (33, 0.6763),
[92mINFO [0m:      	              (34, 0.581),
[92mINFO [0m:      	              (35, 0.6735),
[92mINFO [0m:      	              (36, 0.6649),
[92mINFO [0m:      	              (37, 0.6268),
[92mINFO [0m:      	              (38, 0.6367),
[92mINFO [0m:      	              (39, 0.6624),
[92mINFO [0m:      	              (40, 0.693),
[92mINFO [0m:      	              (41, 0.6519),
[92mINFO [0m:      	              (42, 0.6657),
[92mINFO [0m:      	              (43, 0.5093),
[92mINFO [0m:      	              (44, 0.5093),
[92mINFO [0m:      	              (45, 0.6324),
[92mINFO [0m:      	              (46, 0.673),
[92mINFO [0m:      	              (47, 0.673),
[92mINFO [0m:      	              (48, 0.6515),
[92mINFO [0m:      	              (49, 0.6515),
[92mINFO [0m:      	              (50, 0.6515),
[92mINFO [0m:      	              (51, 0.6626),
[92mINFO [0m:      	              (52, 0.6777),
[92mINFO [0m:      	              (53, 0.6833),
[92mINFO [0m:      	              (54, 0.4908),
[92mINFO [0m:      	              (55, 0.6664),
[92mINFO [0m:      	              (56, 0.6453),
[92mINFO [0m:      	              (57, 0.6118),
[92mINFO [0m:      	              (58, 0.511),
[92mINFO [0m:      	              (59, 0.6472),
[92mINFO [0m:      	              (60, 0.5314)],
[92mINFO [0m:      	 'avg_per': [(1, 0.7272581290676374),
[92mINFO [0m:      	             (2, 0.6673629310652587),
[92mINFO [0m:      	             (3, 0.7398700285766622),
[92mINFO [0m:      	             (4, 0.6339289540066382),
[92mINFO [0m:      	             (5, 0.6966493698491826),
[92mINFO [0m:      	             (6, 0.6998153054963508),
[92mINFO [0m:      	             (7, 0.7279722591288166),
[92mINFO [0m:      	             (8, 0.6826400227923436),
[92mINFO [0m:      	             (9, 0.6450795327058193),
[92mINFO [0m:      	             (10, 0.6387985310785619),
[92mINFO [0m:      	             (11, 0.6443761611667902),
[92mINFO [0m:      	             (12, 0.695445034419754),
[92mINFO [0m:      	             (13, 0.7334301920298966),
[92mINFO [0m:      	             (14, 0.6403392009853641),
[92mINFO [0m:      	             (15, 0.6763659096628346),
[92mINFO [0m:      	             (16, 0.7376865651841764),
[92mINFO [0m:      	             (17, 0.6967301552429055),
[92mINFO [0m:      	             (18, 0.6389549393426536),
[92mINFO [0m:      	             (19, 0.6454516707117286),
[92mINFO [0m:      	             (20, 0.670934077915905),
[92mINFO [0m:      	             (21, 0.10098930410297853),
[92mINFO [0m:      	             (22, 0.09403660603509446),
[92mINFO [0m:      	             (23, 0.03729092800706435),
[92mINFO [0m:      	             (24, 0.06358009405000241),
[92mINFO [0m:      	             (25, 0.061887702824173864),
[92mINFO [0m:      	             (26, 0.0799833275661079),
[92mINFO [0m:      	             (27, 0.074936187812258),
[92mINFO [0m:      	             (28, 0.06180775253311062),
[92mINFO [0m:      	             (29, 0.0475064893850823),
[92mINFO [0m:      	             (30, 0.04929977245714431),
[92mINFO [0m:      	             (31, 0.08509228531075973),
[92mINFO [0m:      	             (32, 0.08597248264853122),
[92mINFO [0m:      	             (33, 0.051964280420743504),
[92mINFO [0m:      	             (34, 0.0644745698443698),
[92mINFO [0m:      	             (35, 0.04519298072416252),
[92mINFO [0m:      	             (36, 0.04998118349579958),
[92mINFO [0m:      	             (37, 0.05930626308775816),
[92mINFO [0m:      	             (38, 0.091887628894147),
[92mINFO [0m:      	             (39, 0.025422622442987597),
[92mINFO [0m:      	             (40, 0.0316066543927281),
[92mINFO [0m:      	             (41, 0.6683525875133496),
[92mINFO [0m:      	             (42, 0.5748686754358829),
[92mINFO [0m:      	             (43, 0.6941876344907761),
[92mINFO [0m:      	             (44, 0.6936311960555354),
[92mINFO [0m:      	             (45, 0.6582363309566166),
[92mINFO [0m:      	             (46, 0.6481847546746294),
[92mINFO [0m:      	             (47, 0.587154334571202),
[92mINFO [0m:      	             (48, 0.6508529007604511),
[92mINFO [0m:      	             (49, 0.6717521429565994),
[92mINFO [0m:      	             (50, 0.7001114554842335),
[92mINFO [0m:      	             (51, 0.6544371652361823),
[92mINFO [0m:      	             (52, 0.6068212168111649),
[92mINFO [0m:      	             (53, 0.6403820578025059),
[92mINFO [0m:      	             (54, 0.6151181065981347),
[92mINFO [0m:      	             (55, 0.6524835068553312),
[92mINFO [0m:      	             (56, 0.6408953136225056),
[92mINFO [0m:      	             (57, 0.6212659164386304),
[92mINFO [0m:      	             (58, 0.6702191020786978),
[92mINFO [0m:      	             (59, 0.6354633167013622),
[92mINFO [0m:      	             (60, 0.6403838331559283)],
[92mINFO [0m:      	 'bw_factor': [(1, 1.0),
[92mINFO [0m:      	               (2, 0.8),
[92mINFO [0m:      	               (3, 0.8346174235307652),
[92mINFO [0m:      	               (4, 0.8418183532498339),
[92mINFO [0m:      	               (5, 0.8552337446299807),
[92mINFO [0m:      	               (6, 0.8194230732868533),
[92mINFO [0m:      	               (7, 0.8285217808053204),
[92mINFO [0m:      	               (8, 0.829442682921916),
[92mINFO [0m:      	               (9, 0.8271117082701466),
[92mINFO [0m:      	               (10, 0.8273906490559991),
[92mINFO [0m:      	               (11, 0.8339851991679696),
[92mINFO [0m:      	               (12, 0.8350709185955292),
[92mINFO [0m:      	               (13, 0.8040321422481544),
[92mINFO [0m:      	               (14, 0.8423334965332303),
[92mINFO [0m:      	               (15, 0.8451106424695238),
[92mINFO [0m:      	               (16, 0.8474445766314195),
[92mINFO [0m:      	               (17, 0.9034237736845706),
[92mINFO [0m:      	               (18, 0.9055763756283137),
[92mINFO [0m:      	               (19, 0.9070715918269858),
[92mINFO [0m:      	               (20, 0.9075164818366979),
[92mINFO [0m:      	               (21, 0.8381205571205624),
[92mINFO [0m:      	               (22, 0.8188433999756357),
[92mINFO [0m:      	               (23, 0.8240156084715705),
[92mINFO [0m:      	               (24, 0.8243621455588732),
[92mINFO [0m:      	               (25, 0.8251002588279971),
[92mINFO [0m:      	               (26, 0.8300780958079821),
[92mINFO [0m:      	               (27, 0.8170620767449328),
[92mINFO [0m:      	               (28, 0.821292244988644),
[92mINFO [0m:      	               (29, 0.8248252568620436),
[92mINFO [0m:      	               (30, 0.8215483616548129),
[92mINFO [0m:      	               (31, 0.8221373692151596),
[92mINFO [0m:      	               (32, 0.8124472855589397),
[92mINFO [0m:      	               (33, 0.8147302724647871),
[92mINFO [0m:      	               (34, 0.8237608480007332),
[92mINFO [0m:      	               (35, 0.8268573925724956),
[92mINFO [0m:      	               (36, 0.8233383075589537),
[92mINFO [0m:      	               (37, 0.8108558250606591),
[92mINFO [0m:      	               (38, 0.8048546706344264),
[92mINFO [0m:      	               (39, 0.8067433738620404),
[92mINFO [0m:      	               (40, 0.8075377423939405),
[92mINFO [0m:      	               (41, 0.8118214078976557),
[92mINFO [0m:      	               (42, 0.8178878092711028),
[92mINFO [0m:      	               (43, 0.822017210139002),
[92mINFO [0m:      	               (44, 0.8207699058961222),
[92mINFO [0m:      	               (45, 0.8147228735386207),
[92mINFO [0m:      	               (46, 0.8152657297886914),
[92mINFO [0m:      	               (47, 0.8156202520668144),
[92mINFO [0m:      	               (48, 0.825898183155347),
[92mINFO [0m:      	               (49, 0.8269890393098783),
[92mINFO [0m:      	               (50, 0.8217823237601358),
[92mINFO [0m:      	               (51, 0.8127814925665713),
[92mINFO [0m:      	               (52, 0.8046468752523579),
[92mINFO [0m:      	               (53, 0.8118295173406969),
[92mINFO [0m:      	               (54, 0.8110860643371413),
[92mINFO [0m:      	               (55, 0.8222578462596956),
[92mINFO [0m:      	               (56, 0.8103568303127298),
[92mINFO [0m:      	               (57, 0.830646128869096),
[92mINFO [0m:      	               (58, 0.8368215117436453),
[92mINFO [0m:      	               (59, 0.8276810313082712),
[92mINFO [0m:      	               (60, 0.8242343194559373)],
[92mINFO [0m:      	 'energy': [(1, 207.27409087107432),
[92mINFO [0m:      	            (2, 135.5211409646916),
[92mINFO [0m:      	            (3, 149.00912350368594),
[92mINFO [0m:      	            (4, 108.32152407315878),
[92mINFO [0m:      	            (5, 145.30040294877034),
[92mINFO [0m:      	            (6, 165.72149855126008),
[92mINFO [0m:      	            (7, 145.95685792806077),
[92mINFO [0m:      	            (8, 185.93258682148178),
[92mINFO [0m:      	            (9, 144.2631193110988),
[92mINFO [0m:      	            (10, 141.19866332640834),
[92mINFO [0m:      	            (11, 141.91944549349165),
[92mINFO [0m:      	            (12, 138.0374607488998),
[92mINFO [0m:      	            (13, 195.5833783061347),
[92mINFO [0m:      	            (14, 130.33539164101916),
[92mINFO [0m:      	            (15, 132.7898709309389),
[92mINFO [0m:      	            (16, 492.4278727215552),
[92mINFO [0m:      	            (17, 174.38335438666033),
[92mINFO [0m:      	            (18, 115.60966900160068),
[92mINFO [0m:      	            (19, 128.40834610938782),
[92mINFO [0m:      	            (20, 146.18023561355307),
[92mINFO [0m:      	            (21, 148.75280796088666),
[92mINFO [0m:      	            (22, 168.01342791273342),
[92mINFO [0m:      	            (23, 127.24388843065563),
[92mINFO [0m:      	            (24, 143.69997680288546),
[92mINFO [0m:      	            (25, 132.02593886892535),
[92mINFO [0m:      	            (26, 122.79370245995766),
[92mINFO [0m:      	            (27, 154.81569781735627),
[92mINFO [0m:      	            (28, 132.76066283133798),
[92mINFO [0m:      	            (29, 142.17223523256092),
[92mINFO [0m:      	            (30, 120.96995013046225),
[92mINFO [0m:      	            (31, 137.39292452603377),
[92mINFO [0m:      	            (32, 126.26911580311841),
[92mINFO [0m:      	            (33, 99.64825972373453),
[92mINFO [0m:      	            (34, 112.46108383766936),
[92mINFO [0m:      	            (35, 107.75985465174506),
[92mINFO [0m:      	            (36, 114.9416417728568),
[92mINFO [0m:      	            (37, 115.45758369465204),
[92mINFO [0m:      	            (38, 108.09978161813734),
[92mINFO [0m:      	            (39, 105.92553722661978),
[92mINFO [0m:      	            (40, 105.05000840455514),
[92mINFO [0m:      	            (41, 120.75922951882454),
[92mINFO [0m:      	            (42, 98.12651627450035),
[92mINFO [0m:      	            (43, 125.33294061424023),
[92mINFO [0m:      	            (44, 127.2272317618445),
[92mINFO [0m:      	            (45, 130.14012251693293),
[92mINFO [0m:      	            (46, 97.20376482030197),
[92mINFO [0m:      	            (47, 98.58151639259577),
[92mINFO [0m:      	            (48, 124.38794868986348),
[92mINFO [0m:      	            (49, 124.85533948680947),
[92mINFO [0m:      	            (50, 119.67980150702134),
[92mINFO [0m:      	            (51, 118.89452451982362),
[92mINFO [0m:      	            (52, 106.4521243628276),
[92mINFO [0m:      	            (53, 107.15719605115021),
[92mINFO [0m:      	            (54, 90.1475321878564),
[92mINFO [0m:      	            (55, 102.67575367697302),
[92mINFO [0m:      	            (56, 125.6685179431546),
[92mINFO [0m:      	            (57, 91.63617177962722),
[92mINFO [0m:      	            (58, 113.1209447798935),
[92mINFO [0m:      	            (59, 111.33861708217134),
[92mINFO [0m:      	            (60, 98.84913895009731)],
[92mINFO [0m:      	 'est_upload_time': [(1, 69.73009087107435),
[92mINFO [0m:      	                     (2, 10.8891409646916),
[92mINFO [0m:      	                     (3, 25.489123503685963),
[92mINFO [0m:      	                     (4, 7.501524073158771),
[92mINFO [0m:      	                     (5, 14.036402948770325),
[92mINFO [0m:      	                     (6, 28.17749855126009),
[92mINFO [0m:      	                     (7, 21.32485792806077),
[92mINFO [0m:      	                     (8, 63.012586821481776),
[92mINFO [0m:      	                     (9, 6.119119311098783),
[92mINFO [0m:      	                     (10, 16.566663326408317),
[92mINFO [0m:      	                     (11, 10.655445493491634),
[92mINFO [0m:      	                     (12, 22.977460748899798),
[92mINFO [0m:      	                     (13, 72.06337830613471),
[92mINFO [0m:      	                     (14, 8.163391641019153),
[92mINFO [0m:      	                     (15, 8.157870930938897),
[92mINFO [0m:      	                     (16, 345.19187272155517),
[92mINFO [0m:      	                     (17, 36.83935438666031),
[92mINFO [0m:      	                     (18, 6.581669001600681),
[92mINFO [0m:      	                     (19, 6.23634610938783),
[92mINFO [0m:      	                     (20, 21.54823561355306),
[92mINFO [0m:      	                     (21, 9.860807960886657),
[92mINFO [0m:      	                     (22, 20.77742791273341),
[92mINFO [0m:      	                     (23, 5.071888430655619),
[92mINFO [0m:      	                     (24, 6.155976802885455),
[92mINFO [0m:      	                     (25, 7.393938868925346),
[92mINFO [0m:      	                     (26, 5.785702459957655),
[92mINFO [0m:      	                     (27, 7.579697817356276),
[92mINFO [0m:      	                     (28, 9.240662831337968),
[92mINFO [0m:      	                     (29, 4.6282352325609235),
[92mINFO [0m:      	                     (30, 6.029950130462256),
[92mINFO [0m:      	                     (31, 4.780924526033744),
[92mINFO [0m:      	                     (32, 9.245115803118416),
[92mINFO [0m:      	                     (33, 4.5082597237345166),
[92mINFO [0m:      	                     (34, 4.381083837669367),
[92mINFO [0m:      	                     (35, 7.6598546517450705),
[92mINFO [0m:      	                     (36, 6.861641772856793),
[92mINFO [0m:      	                     (37, 5.66558369465205),
[92mINFO [0m:      	                     (38, 12.959781618137344),
[92mINFO [0m:      	                     (39, 3.525537226619778),
[92mINFO [0m:      	                     (40, 4.950008404555132),
[92mINFO [0m:      	                     (41, 12.679229518824542),
[92mINFO [0m:      	                     (42, 4.306516274500333),
[92mINFO [0m:      	                     (43, 24.512940614240215),
[92mINFO [0m:      	                     (44, 10.203231761844501),
[92mINFO [0m:      	                     (45, 13.716122516932925),
[92mINFO [0m:      	                     (46, 11.727764820301966),
[92mINFO [0m:      	                     (47, 4.761516392595782),
[92mINFO [0m:      	                     (48, 7.363948689863478),
[92mINFO [0m:      	                     (49, 8.431339486809467),
[92mINFO [0m:      	                     (50, 11.59980150702136),
[92mINFO [0m:      	                     (51, 8.382524519823619),
[92mINFO [0m:      	                     (52, 6.3521243628276105),
[92mINFO [0m:      	                     (53, 6.105196051150212),
[92mINFO [0m:      	                     (54, 4.6715321878563945),
[92mINFO [0m:      	                     (55, 9.967753676973025),
[92mINFO [0m:      	                     (56, 9.244517943154605),
[92mINFO [0m:      	                     (57, 3.728171779627211),
[92mINFO [0m:      	                     (58, 12.3009447798935),
[92mINFO [0m:      	                     (59, 11.238617082171338),
[92mINFO [0m:      	                     (60, 6.141138950097305)],
[92mINFO [0m:      	 'jain': [(1, 0.49999999999999),
[92mINFO [0m:      	          (2, 0.6249999999999961),
[92mINFO [0m:      	          (3, 0.6818181818181797),
[92mINFO [0m:      	          (4, 0.7407407407407394),
[92mINFO [0m:      	          (5, 0.7407407407407394),
[92mINFO [0m:      	          (6, 0.6896551724137919),
[92mINFO [0m:      	          (7, 0.6666666666666655),
[92mINFO [0m:      	          (8, 0.624999999999999),
[92mINFO [0m:      	          (9, 0.6666666666666655),
[92mINFO [0m:      	          (10, 0.6666666666666655),
[92mINFO [0m:      	          (11, 0.6666666666666655),
[92mINFO [0m:      	          (12, 0.714285714285713),
[92mINFO [0m:      	          (13, 0.7407407407407394),
[92mINFO [0m:      	          (14, 0.6896551724137919),
[92mINFO [0m:      	          (15, 0.7407407407407394),
[92mINFO [0m:      	          (16, 0.6666666666666655),
[92mINFO [0m:      	          (17, 0.6451612903225796),
[92mINFO [0m:      	          (18, 0.6451612903225796),
[92mINFO [0m:      	          (19, 0.6666666666666655),
[92mINFO [0m:      	          (20, 0.6666666666666655),
[92mINFO [0m:      	          (21, 0.6896551724137919),
[92mINFO [0m:      	          (22, 0.6666666666666655),
[92mINFO [0m:      	          (23, 0.6666666666666655),
[92mINFO [0m:      	          (24, 0.624999999999999),
[92mINFO [0m:      	          (25, 0.6451612903225796),
[92mINFO [0m:      	          (26, 0.6896551724137919),
[92mINFO [0m:      	          (27, 0.6666666666666655),
[92mINFO [0m:      	          (28, 0.6666666666666655),
[92mINFO [0m:      	          (29, 0.6666666666666655),
[92mINFO [0m:      	          (30, 0.6666666666666655),
[92mINFO [0m:      	          (31, 0.6666666666666655),
[92mINFO [0m:      	          (32, 0.714285714285713),
[92mINFO [0m:      	          (33, 0.7407407407407394),
[92mINFO [0m:      	          (34, 0.714285714285713),
[92mINFO [0m:      	          (35, 0.714285714285713),
[92mINFO [0m:      	          (36, 0.6896551724137919),
[92mINFO [0m:      	          (37, 0.6060606060606051),
[92mINFO [0m:      	          (38, 0.714285714285713),
[92mINFO [0m:      	          (39, 0.714285714285713),
[92mINFO [0m:      	          (40, 0.714285714285713),
[92mINFO [0m:      	          (41, 0.7407407407407394),
[92mINFO [0m:      	          (42, 0.6896551724137919),
[92mINFO [0m:      	          (43, 0.624999999999999),
[92mINFO [0m:      	          (44, 0.6896551724137919),
[92mINFO [0m:      	          (45, 0.6451612903225796),
[92mINFO [0m:      	          (46, 0.6896551724137919),
[92mINFO [0m:      	          (47, 0.6666666666666655),
[92mINFO [0m:      	          (48, 0.6666666666666655),
[92mINFO [0m:      	          (49, 0.6666666666666655),
[92mINFO [0m:      	          (50, 0.6451612903225796),
[92mINFO [0m:      	          (51, 0.624999999999999),
[92mINFO [0m:      	          (52, 0.624999999999999),
[92mINFO [0m:      	          (53, 0.6896551724137919),
[92mINFO [0m:      	          (54, 0.714285714285713),
[92mINFO [0m:      	          (55, 0.6451612903225796),
[92mINFO [0m:      	          (56, 0.6451612903225796),
[92mINFO [0m:      	          (57, 0.714285714285713),
[92mINFO [0m:      	          (58, 0.714285714285713),
[92mINFO [0m:      	          (59, 0.6451612903225796),
[92mINFO [0m:      	          (60, 0.714285714285713)],
[92mINFO [0m:      	 'loss': [(1, 2.444846394695813),
[92mINFO [0m:      	          (2, 2.444846394695813),
[92mINFO [0m:      	          (3, 2.1548863996433307),
[92mINFO [0m:      	          (4, 1.9524130760868894),
[92mINFO [0m:      	          (5, 2.09005117265484),
[92mINFO [0m:      	          (6, 2.471446793290633),
[92mINFO [0m:      	          (7, 2.064233236675021),
[92mINFO [0m:      	          (8, 1.7296524289288098),
[92mINFO [0m:      	          (9, 1.7920010889632791),
[92mINFO [0m:      	          (10, 1.7920010889632791),
[92mINFO [0m:      	          (11, 2.005356191079828),
[92mINFO [0m:      	          (12, 2.0420228665388085),
[92mINFO [0m:      	          (13, 1.7745111758195902),
[92mINFO [0m:      	          (14, 1.3526204583011097),
[92mINFO [0m:      	          (15, 2.436588522754138),
[92mINFO [0m:      	          (16, 2.3080959289888794),
[92mINFO [0m:      	          (17, 2.3080959289888794),
[92mINFO [0m:      	          (18, 1.4031439385836637),
[92mINFO [0m:      	          (19, 2.096411632586129),
[92mINFO [0m:      	          (20, 1.5201941185359713),
[92mINFO [0m:      	          (21, 1.0624915036974074),
[92mINFO [0m:      	          (22, 1.1690965883339508),
[92mINFO [0m:      	          (23, 1.0412745407865018),
[92mINFO [0m:      	          (24, 1.000972781000258),
[92mINFO [0m:      	          (25, 1.0606790735751768),
[92mINFO [0m:      	          (26, 1.1882675788070582),
[92mINFO [0m:      	          (27, 0.8847280808641941),
[92mINFO [0m:      	          (28, 1.0517672081536884),
[92mINFO [0m:      	          (29, 0.8759075350399259),
[92mINFO [0m:      	          (30, 0.9651836549179463),
[92mINFO [0m:      	          (31, 1.2927937628347663),
[92mINFO [0m:      	          (32, 0.9718483769440953),
[92mINFO [0m:      	          (33, 0.9103253468682494),
[92mINFO [0m:      	          (34, 1.2637727735917779),
[92mINFO [0m:      	          (35, 0.9494409644151036),
[92mINFO [0m:      	          (36, 0.9733518188512778),
[92mINFO [0m:      	          (37, 1.0911689830731741),
[92mINFO [0m:      	          (38, 1.1018854613545574),
[92mINFO [0m:      	          (39, 0.996143721326997),
[92mINFO [0m:      	          (40, 0.8664547167246854),
[92mINFO [0m:      	          (41, 1.0167583272426943),
[92mINFO [0m:      	          (42, 0.9906935722013063),
[92mINFO [0m:      	          (43, 1.8699635780310329),
[92mINFO [0m:      	          (44, 1.8699635780310329),
[92mINFO [0m:      	          (45, 1.1443757512901402),
[92mINFO [0m:      	          (46, 0.9517832111708725),
[92mINFO [0m:      	          (47, 0.9517832111708725),
[92mINFO [0m:      	          (48, 1.0183106276053417),
[92mINFO [0m:      	          (49, 1.0183106276053417),
[92mINFO [0m:      	          (50, 1.0183106276053417),
[92mINFO [0m:      	          (51, 1.0087884121303317),
[92mINFO [0m:      	          (52, 0.9606171733216394),
[92mINFO [0m:      	          (53, 1.0325177168544335),
[92mINFO [0m:      	          (54, 1.9796038156823268),
[92mINFO [0m:      	          (55, 0.9866134826141068),
[92mINFO [0m:      	          (56, 1.0540669484983516),
[92mINFO [0m:      	          (57, 1.253845586806913),
[92mINFO [0m:      	          (58, 1.645714213576498),
[92mINFO [0m:      	          (59, 1.036841618863842),
[92mINFO [0m:      	          (60, 1.5995473756065852)],
[92mINFO [0m:      	 'mode': [(1, 'semi_sync'),
[92mINFO [0m:      	          (2, 'bridge'),
[92mINFO [0m:      	          (3, 'bridge'),
[92mINFO [0m:      	          (4, 'bridge'),
[92mINFO [0m:      	          (5, 'bridge'),
[92mINFO [0m:      	          (6, 'bridge'),
[92mINFO [0m:      	          (7, 'async'),
[92mINFO [0m:      	          (8, 'async'),
[92mINFO [0m:      	          (9, 'async'),
[92mINFO [0m:      	          (10, 'async'),
[92mINFO [0m:      	          (11, 'async'),
[92mINFO [0m:      	          (12, 'async'),
[92mINFO [0m:      	          (13, 'async'),
[92mINFO [0m:      	          (14, 'async'),
[92mINFO [0m:      	          (15, 'async'),
[92mINFO [0m:      	          (16, 'async'),
[92mINFO [0m:      	          (17, 'async'),
[92mINFO [0m:      	          (18, 'async'),
[92mINFO [0m:      	          (19, 'async'),
[92mINFO [0m:      	          (20, 'async'),
[92mINFO [0m:      	          (21, 'async'),
[92mINFO [0m:      	          (22, 'async'),
[92mINFO [0m:      	          (23, 'async'),
[92mINFO [0m:      	          (24, 'async'),
[92mINFO [0m:      	          (25, 'bridge'),
[92mINFO [0m:      	          (26, 'bridge'),
[92mINFO [0m:      	          (27, 'bridge'),
[92mINFO [0m:      	          (28, 'bridge'),
[92mINFO [0m:      	          (29, 'bridge'),
[92mINFO [0m:      	          (30, 'semi_sync'),
[92mINFO [0m:      	          (31, 'semi_sync'),
[92mINFO [0m:      	          (32, 'semi_sync'),
[92mINFO [0m:      	          (33, 'semi_sync'),
[92mINFO [0m:      	          (34, 'semi_sync'),
[92mINFO [0m:      	          (35, 'semi_sync'),
[92mINFO [0m:      	          (36, 'semi_sync'),
[92mINFO [0m:      	          (37, 'semi_sync'),
[92mINFO [0m:      	          (38, 'semi_sync'),
[92mINFO [0m:      	          (39, 'semi_sync'),
[92mINFO [0m:      	          (40, 'semi_sync'),
[92mINFO [0m:      	          (41, 'semi_sync'),
[92mINFO [0m:      	          (42, 'semi_sync'),
[92mINFO [0m:      	          (43, 'semi_sync'),
[92mINFO [0m:      	          (44, 'semi_sync'),
[92mINFO [0m:      	          (45, 'semi_sync'),
[92mINFO [0m:      	          (46, 'semi_sync'),
[92mINFO [0m:      	          (47, 'semi_sync'),
[92mINFO [0m:      	          (48, 'semi_sync'),
[92mINFO [0m:      	          (49, 'semi_sync'),
[92mINFO [0m:      	          (50, 'semi_sync'),
[92mINFO [0m:      	          (51, 'semi_sync'),
[92mINFO [0m:      	          (52, 'semi_sync'),
[92mINFO [0m:      	          (53, 'semi_sync'),
[92mINFO [0m:      	          (54, 'semi_sync'),
[92mINFO [0m:      	          (55, 'semi_sync'),
[92mINFO [0m:      	          (56, 'semi_sync'),
[92mINFO [0m:      	          (57, 'semi_sync'),
[92mINFO [0m:      	          (58, 'semi_sync'),
[92mINFO [0m:      	          (59, 'semi_sync'),
[92mINFO [0m:      	          (60, 'semi_sync')],
[92mINFO [0m:      	 'num_exhausted_clients': [(1, 0.0),
[92mINFO [0m:      	                           (2, 0.0),
[92mINFO [0m:      	                           (3, 0.0),
[92mINFO [0m:      	                           (4, 0.0),
[92mINFO [0m:      	                           (5, 0.0),
[92mINFO [0m:      	                           (6, 0.0),
[92mINFO [0m:      	                           (7, 0.0),
[92mINFO [0m:      	                           (8, 0.0),
[92mINFO [0m:      	                           (9, 0.0),
[92mINFO [0m:      	                           (10, 0.0),
[92mINFO [0m:      	                           (11, 0.0),
[92mINFO [0m:      	                           (12, 0.0),
[92mINFO [0m:      	                           (13, 0.0),
[92mINFO [0m:      	                           (14, 0.0),
[92mINFO [0m:      	                           (15, 0.0),
[92mINFO [0m:      	                           (16, 0.0),
[92mINFO [0m:      	                           (17, 0.0),
[92mINFO [0m:      	                           (18, 0.0),
[92mINFO [0m:      	                           (19, 0.0),
[92mINFO [0m:      	                           (20, 0.0),
[92mINFO [0m:      	                           (21, 0.0),
[92mINFO [0m:      	                           (22, 0.0),
[92mINFO [0m:      	                           (23, 0.0),
[92mINFO [0m:      	                           (24, 0.0),
[92mINFO [0m:      	                           (25, 0.0),
[92mINFO [0m:      	                           (26, 0.0),
[92mINFO [0m:      	                           (27, 0.0),
[92mINFO [0m:      	                           (28, 0.0),
[92mINFO [0m:      	                           (29, 0.0),
[92mINFO [0m:      	                           (30, 0.0),
[92mINFO [0m:      	                           (31, 1.0),
[92mINFO [0m:      	                           (32, 1.0),
[92mINFO [0m:      	                           (33, 1.0),
[92mINFO [0m:      	                           (34, 1.0),
[92mINFO [0m:      	                           (35, 1.0),
[92mINFO [0m:      	                           (36, 1.0),
[92mINFO [0m:      	                           (37, 1.0),
[92mINFO [0m:      	                           (38, 1.0),
[92mINFO [0m:      	                           (39, 1.0),
[92mINFO [0m:      	                           (40, 1.0),
[92mINFO [0m:      	                           (41, 1.0),
[92mINFO [0m:      	                           (42, 1.0),
[92mINFO [0m:      	                           (43, 1.0),
[92mINFO [0m:      	                           (44, 1.0),
[92mINFO [0m:      	                           (45, 1.0),
[92mINFO [0m:      	                           (46, 1.0),
[92mINFO [0m:      	                           (47, 1.0),
[92mINFO [0m:      	                           (48, 1.0),
[92mINFO [0m:      	                           (49, 1.0),
[92mINFO [0m:      	                           (50, 1.0),
[92mINFO [0m:      	                           (51, 1.0),
[92mINFO [0m:      	                           (52, 1.0),
[92mINFO [0m:      	                           (53, 1.0),
[92mINFO [0m:      	                           (54, 1.0),
[92mINFO [0m:      	                           (55, 1.0),
[92mINFO [0m:      	                           (56, 1.0),
[92mINFO [0m:      	                           (57, 1.0),
[92mINFO [0m:      	                           (58, 1.0),
[92mINFO [0m:      	                           (59, 1.0),
[92mINFO [0m:      	                           (60, 1.0)],
[92mINFO [0m:      	 'topk': [(1, 5.0),
[92mINFO [0m:      	          (2, 5.0),
[92mINFO [0m:      	          (3, 5.0),
[92mINFO [0m:      	          (4, 5.0),
[92mINFO [0m:      	          (5, 5.0),
[92mINFO [0m:      	          (6, 5.0),
[92mINFO [0m:      	          (7, 5.0),
[92mINFO [0m:      	          (8, 5.0),
[92mINFO [0m:      	          (9, 5.0),
[92mINFO [0m:      	          (10, 5.0),
[92mINFO [0m:      	          (11, 5.0),
[92mINFO [0m:      	          (12, 5.0),
[92mINFO [0m:      	          (13, 5.0),
[92mINFO [0m:      	          (14, 5.0),
[92mINFO [0m:      	          (15, 5.0),
[92mINFO [0m:      	          (16, 5.0),
[92mINFO [0m:      	          (17, 5.0),
[92mINFO [0m:      	          (18, 5.0),
[92mINFO [0m:      	          (19, 5.0),
[92mINFO [0m:      	          (20, 5.0),
[92mINFO [0m:      	          (21, 5.0),
[92mINFO [0m:      	          (22, 5.0),
[92mINFO [0m:      	          (23, 5.0),
[92mINFO [0m:      	          (24, 5.0),
[92mINFO [0m:      	          (25, 5.0),
[92mINFO [0m:      	          (26, 5.0),
[92mINFO [0m:      	          (27, 5.0),
[92mINFO [0m:      	          (28, 5.0),
[92mINFO [0m:      	          (29, 5.0),
[92mINFO [0m:      	          (30, 5.0),
[92mINFO [0m:      	          (31, 5.0),
[92mINFO [0m:      	          (32, 5.0),
[92mINFO [0m:      	          (33, 5.0),
[92mINFO [0m:      	          (34, 5.0),
[92mINFO [0m:      	          (35, 5.0),
[92mINFO [0m:      	          (36, 5.0),
[92mINFO [0m:      	          (37, 5.0),
[92mINFO [0m:      	          (38, 5.0),
[92mINFO [0m:      	          (39, 5.0),
[92mINFO [0m:      	          (40, 5.0),
[92mINFO [0m:      	          (41, 5.0),
[92mINFO [0m:      	          (42, 5.0),
[92mINFO [0m:      	          (43, 5.0),
[92mINFO [0m:      	          (44, 5.0),
[92mINFO [0m:      	          (45, 5.0),
[92mINFO [0m:      	          (46, 5.0),
[92mINFO [0m:      	          (47, 5.0),
[92mINFO [0m:      	          (48, 5.0),
[92mINFO [0m:      	          (49, 5.0),
[92mINFO [0m:      	          (50, 5.0),
[92mINFO [0m:      	          (51, 5.0),
[92mINFO [0m:      	          (52, 5.0),
[92mINFO [0m:      	          (53, 5.0),
[92mINFO [0m:      	          (54, 5.0),
[92mINFO [0m:      	          (55, 5.0),
[92mINFO [0m:      	          (56, 5.0),
[92mINFO [0m:      	          (57, 5.0),
[92mINFO [0m:      	          (58, 5.0),
[92mINFO [0m:      	          (59, 5.0),
[92mINFO [0m:      	          (60, 5.0)]}
[92mINFO [0m:      	History (metrics, centralized):
[92mINFO [0m:      	{'accuracy': [(0, 0.1),
[92mINFO [0m:      	              (1, 0.1995),
[92mINFO [0m:      	              (2, 0.1995),
[92mINFO [0m:      	              (3, 0.2358),
[92mINFO [0m:      	              (4, 0.27),
[92mINFO [0m:      	              (5, 0.3064),
[92mINFO [0m:      	              (6, 0.258),
[92mINFO [0m:      	              (7, 0.2924),
[92mINFO [0m:      	              (8, 0.37),
[92mINFO [0m:      	              (9, 0.4149),
[92mINFO [0m:      	              (10, 0.4149),
[92mINFO [0m:      	              (11, 0.3854),
[92mINFO [0m:      	              (12, 0.4198),
[92mINFO [0m:      	              (13, 0.4252),
[92mINFO [0m:      	              (14, 0.5221),
[92mINFO [0m:      	              (15, 0.3516),
[92mINFO [0m:      	              (16, 0.407),
[92mINFO [0m:      	              (17, 0.407),
[92mINFO [0m:      	              (18, 0.5601),
[92mINFO [0m:      	              (19, 0.449),
[92mINFO [0m:      	              (20, 0.4999),
[92mINFO [0m:      	              (21, 0.6174),
[92mINFO [0m:      	              (22, 0.619),
[92mINFO [0m:      	              (23, 0.6381),
[92mINFO [0m:      	              (24, 0.6345),
[92mINFO [0m:      	              (25, 0.633),
[92mINFO [0m:      	              (26, 0.6032),
[92mINFO [0m:      	              (27, 0.6869),
[92mINFO [0m:      	              (28, 0.6397),
[92mINFO [0m:      	              (29, 0.6866),
[92mINFO [0m:      	              (30, 0.6585),
[92mINFO [0m:      	              (31, 0.5913),
[92mINFO [0m:      	              (32, 0.6617),
[92mINFO [0m:      	              (33, 0.6763),
[92mINFO [0m:      	              (34, 0.581),
[92mINFO [0m:      	              (35, 0.6735),
[92mINFO [0m:      	              (36, 0.6649),
[92mINFO [0m:      	              (37, 0.6268),
[92mINFO [0m:      	              (38, 0.6367),
[92mINFO [0m:      	              (39, 0.6624),
[92mINFO [0m:      	              (40, 0.693),
[92mINFO [0m:      	              (41, 0.6519),
[92mINFO [0m:      	              (42, 0.6657),
[92mINFO [0m:      	              (43, 0.5093),
[92mINFO [0m:      	              (44, 0.5093),
[92mINFO [0m:      	              (45, 0.6324),
[92mINFO [0m:      	              (46, 0.673),
[92mINFO [0m:      	              (47, 0.673),
[92mINFO [0m:      	              (48, 0.6515),
[92mINFO [0m:      	              (49, 0.6515),
[92mINFO [0m:      	              (50, 0.6515),
[92mINFO [0m:      	              (51, 0.6626),
[92mINFO [0m:      	              (52, 0.6777),
[92mINFO [0m:      	              (53, 0.6833),
[92mINFO [0m:      	              (54, 0.4908),
[92mINFO [0m:      	              (55, 0.6664),
[92mINFO [0m:      	              (56, 0.6453),
[92mINFO [0m:      	              (57, 0.6118),
[92mINFO [0m:      	              (58, 0.511),
[92mINFO [0m:      	              (59, 0.6472),
[92mINFO [0m:      	              (60, 0.5314)]}
[92mINFO [0m:      
[36m(pid=71906)[0m [2026-03-03 02:14:28,290 E 71906 73203] core_worker_process.cc:825: Failed to establish connection to the metrics exporter agent. Metrics will not be exported. Exporter agent status: RpcError: Running out of retries to initialize the metrics agent. rpc_code: 14[32m [repeated 20x across cluster][0m
