/root/miniconda3/envs/moga-fl/lib/python3.10/site-packages/torch/cuda/__init__.py:65: FutureWarning: The pynvml package is deprecated. Please install nvidia-ml-py instead. If you did not install pynvml directly, please report this to the maintainers of the package that installed pynvml for you.
  import pynvml  # type: ignore[import]
[93mWARNING [0m:   DEPRECATED FEATURE: flwr.simulation.start_simulation() is deprecated.
	Instead, use the `flwr run` CLI command to start a local simulation in your Flower app, as shown for example below:

		$ flwr new  # Create a new Flower app from a template

		$ flwr run  # Run the Flower app in Simulation Mode

	Using `start_simulation()` is deprecated.

            This is a deprecated feature. It will be removed
            entirely in future versions of Flower.
        
[92mINFO [0m:      Starting Flower simulation, config: num_rounds=60, no round_timeout
2026-03-06 03:14:01,056	WARNING utils.py:460 -- Detecting docker specified CPUs. In previous versions of Ray, CPU detection in containers was incorrect. Please ensure that Ray has enough CPUs allocated. As a temporary workaround to revert to the prior behavior, set `RAY_USE_MULTIPROCESSING_CPU_COUNT=1` as an env var before starting Ray. Set the env var: `RAY_DISABLE_DOCKER_CPU_WARNING=1` to mute this warning.
2026-03-06 03:14:01,261	INFO worker.py:2012 -- Started a local Ray instance.
/root/miniconda3/envs/moga-fl/lib/python3.10/site-packages/ray/_private/worker.py:2051: FutureWarning: Tip: In future versions of Ray, Ray will no longer override accelerator visible devices env var if num_gpus=0 or num_gpus=None (default). To enable this behavior and turn off this error message, set RAY_ACCEL_ENV_VAR_OVERRIDE_ON_ZERO=0
  warnings.warn(
[92mINFO [0m:      Flower VCE: Ray initialized with resources: {'memory': 65904386868.0, 'accelerator_type:G': 1.0, 'object_store_memory': 28244737228.0, 'CPU': 25.0, 'node:172.17.0.6': 1.0, 'node:__internal_head__': 1.0, 'GPU': 1.0}
[92mINFO [0m:      Optimize your simulation with Flower VCE: https://flower.ai/docs/framework/how-to-run-simulations.html
[92mINFO [0m:      Flower VCE: Resources for each Virtual Client: {'num_cpus': 5.0, 'num_gpus': 0.2}
[92mINFO [0m:      Flower VCE: Creating VirtualClientEngineActorPool with 5 actors
[92mINFO [0m:      [INIT]
[92mINFO [0m:      Using initial global parameters provided by strategy
[92mINFO [0m:      Starting evaluation of initial global parameters
[92mINFO [0m:      initial parameters (loss, other metrics): 3.566791999340057, {'accuracy': 0.1}
[92mINFO [0m:      
[92mINFO [0m:      [ROUND 1]
[92mINFO [0m:      configure_fit: strategy sampled 5 clients (out of 10)
[36m(ClientAppActor pid=513355)[0m /root/miniconda3/envs/moga-fl/lib/python3.10/site-packages/torch/cuda/__init__.py:65: FutureWarning: The pynvml package is deprecated. Please install nvidia-ml-py instead. If you did not install pynvml directly, please report this to the maintainers of the package that installed pynvml for you.
[36m(ClientAppActor pid=513355)[0m   import pynvml  # type: ignore[import]
[92mINFO [0m:      aggregate_fit: received 5 results and 0 failures
[92mINFO [0m:      fit progress: (1, 2.1944220900535583, {'accuracy': 0.1866}, 13.056559541262686)
[92mINFO [0m:      configure_evaluate: no clients selected, skipping evaluation
[92mINFO [0m:      
[92mINFO [0m:      [ROUND 2]
[92mINFO [0m:      configure_fit: strategy sampled 5 clients (out of 10)
[92mINFO [0m:      aggregate_fit: received 5 results and 0 failures
[92mINFO [0m:      fit progress: (2, 2.1536489129066467, {'accuracy': 0.2162}, 21.378078770823777)
[92mINFO [0m:      configure_evaluate: no clients selected, skipping evaluation
[92mINFO [0m:      
[92mINFO [0m:      [ROUND 3]
[92mINFO [0m:      configure_fit: strategy sampled 5 clients (out of 10)
[36m(pid=gcs_server)[0m [2026-03-06 03:14:30,554 E 512837 512837] (gcs_server) gcs_server.cc:302: Failed to establish connection to the event+metrics exporter agent. Events and metrics will not be exported. Exporter agent status: RpcError: Running out of retries to initialize the metrics agent. rpc_code: 14
[36m(ClientAppActor pid=513348)[0m /root/miniconda3/envs/moga-fl/lib/python3.10/site-packages/torch/cuda/__init__.py:65: FutureWarning: The pynvml package is deprecated. Please install nvidia-ml-py instead. If you did not install pynvml directly, please report this to the maintainers of the package that installed pynvml for you.[32m [repeated 4x across cluster] (Ray deduplicates logs by default. Set RAY_DEDUP_LOGS=0 to disable log deduplication, or see https://docs.ray.io/en/master/ray-observability/user-guides/configure-logging.html#log-deduplication for more options.)[0m
[36m(ClientAppActor pid=513348)[0m   import pynvml  # type: ignore[import][32m [repeated 4x across cluster][0m
[92mINFO [0m:      aggregate_fit: received 5 results and 0 failures
[33m(raylet)[0m [2026-03-06 03:14:31,198 E 513214 513214] (raylet) main.cc:975: Failed to establish connection to the metrics exporter agent. Metrics will not be exported. Exporter agent status: RpcError: Running out of retries to initialize the metrics agent. rpc_code: 14
[36m(ClientAppActor pid=513348)[0m [2026-03-06 03:14:31,572 E 513348 513715] core_worker_process.cc:825: Failed to establish connection to the metrics exporter agent. Metrics will not be exported. Exporter agent status: RpcError: Running out of retries to initialize the metrics agent. rpc_code: 14
[2026-03-06 03:14:31,992 E 512702 513347] core_worker_process.cc:825: Failed to establish connection to the metrics exporter agent. Metrics will not be exported. Exporter agent status: RpcError: Running out of retries to initialize the metrics agent. rpc_code: 14
[92mINFO [0m:      fit progress: (3, 1.879176378250122, {'accuracy': 0.2692}, 29.566828195005655)
[92mINFO [0m:      configure_evaluate: no clients selected, skipping evaluation
[92mINFO [0m:      
[92mINFO [0m:      [ROUND 4]
[92mINFO [0m:      configure_fit: strategy sampled 5 clients (out of 10)
[92mINFO [0m:      aggregate_fit: received 5 results and 0 failures
[92mINFO [0m:      fit progress: (4, 2.5021567702293397, {'accuracy': 0.2379}, 38.151623863726854)
[92mINFO [0m:      configure_evaluate: no clients selected, skipping evaluation
[92mINFO [0m:      
[92mINFO [0m:      [ROUND 5]
[92mINFO [0m:      configure_fit: strategy sampled 5 clients (out of 10)
[92mINFO [0m:      aggregate_fit: received 5 results and 0 failures
[92mINFO [0m:      fit progress: (5, 2.233252775669098, {'accuracy': 0.2536}, 46.94147153478116)
[92mINFO [0m:      configure_evaluate: no clients selected, skipping evaluation
[92mINFO [0m:      
[92mINFO [0m:      [ROUND 6]
[92mINFO [0m:      configure_fit: strategy sampled 5 clients (out of 10)
[92mINFO [0m:      aggregate_fit: received 5 results and 0 failures
[92mINFO [0m:      fit progress: (6, 1.8737133622169495, {'accuracy': 0.3615}, 55.83402039948851)
[92mINFO [0m:      configure_evaluate: no clients selected, skipping evaluation
[92mINFO [0m:      
[92mINFO [0m:      [ROUND 7]
[92mINFO [0m:      configure_fit: strategy sampled 5 clients (out of 10)
[92mINFO [0m:      aggregate_fit: received 5 results and 0 failures
[92mINFO [0m:      fit progress: (7, 2.0254145860671997, {'accuracy': 0.3577}, 64.55610773060471)
[92mINFO [0m:      configure_evaluate: no clients selected, skipping evaluation
[92mINFO [0m:      
[92mINFO [0m:      [ROUND 8]
[92mINFO [0m:      configure_fit: strategy sampled 5 clients (out of 10)
[92mINFO [0m:      aggregate_fit: received 5 results and 0 failures
[92mINFO [0m:      fit progress: (8, 1.9408764779567718, {'accuracy': 0.3288}, 73.2995631955564)
[92mINFO [0m:      configure_evaluate: no clients selected, skipping evaluation
[92mINFO [0m:      
[92mINFO [0m:      [ROUND 9]
[92mINFO [0m:      configure_fit: strategy sampled 5 clients (out of 10)
[92mINFO [0m:      aggregate_fit: received 5 results and 0 failures
[92mINFO [0m:      fit progress: (9, 1.8138675332069396, {'accuracy': 0.3012}, 81.86023667361587)
[92mINFO [0m:      configure_evaluate: no clients selected, skipping evaluation
[92mINFO [0m:      
[92mINFO [0m:      [ROUND 10]
[92mINFO [0m:      configure_fit: strategy sampled 5 clients (out of 10)
[92mINFO [0m:      aggregate_fit: received 5 results and 0 failures
[92mINFO [0m:      fit progress: (10, 1.8613329172134399, {'accuracy': 0.3365}, 90.1490324176848)
[92mINFO [0m:      configure_evaluate: no clients selected, skipping evaluation
[92mINFO [0m:      
[92mINFO [0m:      [ROUND 11]
[92mINFO [0m:      configure_fit: strategy sampled 5 clients (out of 10)
[92mINFO [0m:      aggregate_fit: received 5 results and 0 failures
[92mINFO [0m:      fit progress: (11, 1.8326139330863953, {'accuracy': 0.3977}, 99.04201034922153)
[92mINFO [0m:      configure_evaluate: no clients selected, skipping evaluation
[92mINFO [0m:      
[92mINFO [0m:      [ROUND 12]
[92mINFO [0m:      configure_fit: strategy sampled 5 clients (out of 10)
[92mINFO [0m:      aggregate_fit: received 5 results and 0 failures
[92mINFO [0m:      fit progress: (12, 1.45777188539505, {'accuracy': 0.4468}, 107.74641524348408)
[92mINFO [0m:      configure_evaluate: no clients selected, skipping evaluation
[92mINFO [0m:      
[92mINFO [0m:      [ROUND 13]
[92mINFO [0m:      configure_fit: strategy sampled 5 clients (out of 10)
[92mINFO [0m:      aggregate_fit: received 5 results and 0 failures
[92mINFO [0m:      fit progress: (13, 1.665066134929657, {'accuracy': 0.4218}, 116.62464661430568)
[92mINFO [0m:      configure_evaluate: no clients selected, skipping evaluation
[92mINFO [0m:      
[92mINFO [0m:      [ROUND 14]
[92mINFO [0m:      configure_fit: strategy sampled 5 clients (out of 10)
[92mINFO [0m:      aggregate_fit: received 5 results and 0 failures
[92mINFO [0m:      fit progress: (14, 1.7512458860874176, {'accuracy': 0.3317}, 125.13622095156461)
[92mINFO [0m:      configure_evaluate: no clients selected, skipping evaluation
[92mINFO [0m:      
[92mINFO [0m:      [ROUND 15]
[92mINFO [0m:      configure_fit: strategy sampled 5 clients (out of 10)
[92mINFO [0m:      aggregate_fit: received 5 results and 0 failures
[92mINFO [0m:      fit progress: (15, 1.7171712338924408, {'accuracy': 0.3798}, 133.85063664987683)
[92mINFO [0m:      configure_evaluate: no clients selected, skipping evaluation
[92mINFO [0m:      
[92mINFO [0m:      [ROUND 16]
[92mINFO [0m:      configure_fit: strategy sampled 5 clients (out of 10)
[92mINFO [0m:      aggregate_fit: received 5 results and 0 failures
[92mINFO [0m:      fit progress: (16, 1.2094517767429351, {'accuracy': 0.5707}, 142.8364551384002)
[92mINFO [0m:      configure_evaluate: no clients selected, skipping evaluation
[92mINFO [0m:      
[92mINFO [0m:      [ROUND 17]
[92mINFO [0m:      configure_fit: strategy sampled 5 clients (out of 10)
[92mINFO [0m:      aggregate_fit: received 5 results and 0 failures
[92mINFO [0m:      fit progress: (17, 1.3811257481575012, {'accuracy': 0.5004}, 151.6891443450004)
[92mINFO [0m:      configure_evaluate: no clients selected, skipping evaluation
[92mINFO [0m:      
[92mINFO [0m:      [ROUND 18]
[92mINFO [0m:      configure_fit: strategy sampled 5 clients (out of 10)
[92mINFO [0m:      aggregate_fit: received 5 results and 0 failures
[92mINFO [0m:      fit progress: (18, 1.5950754761695862, {'accuracy': 0.4905}, 160.5588011154905)
[92mINFO [0m:      configure_evaluate: no clients selected, skipping evaluation
[92mINFO [0m:      
[92mINFO [0m:      [ROUND 19]
[92mINFO [0m:      configure_fit: strategy sampled 5 clients (out of 10)
[92mINFO [0m:      aggregate_fit: received 5 results and 0 failures
[92mINFO [0m:      fit progress: (19, 1.708879041671753, {'accuracy': 0.3858}, 169.31796806585044)
[92mINFO [0m:      configure_evaluate: no clients selected, skipping evaluation
[92mINFO [0m:      
[92mINFO [0m:      [ROUND 20]
[92mINFO [0m:      configure_fit: strategy sampled 5 clients (out of 10)
[92mINFO [0m:      aggregate_fit: received 5 results and 0 failures
[92mINFO [0m:      fit progress: (20, 1.3738190054893493, {'accuracy': 0.5133}, 177.94883489701897)
[92mINFO [0m:      configure_evaluate: no clients selected, skipping evaluation
[92mINFO [0m:      
[92mINFO [0m:      [ROUND 21]
[92mINFO [0m:      configure_fit: strategy sampled 5 clients (out of 10)
[92mINFO [0m:      aggregate_fit: received 5 results and 0 failures
[92mINFO [0m:      fit progress: (21, 2.0225559651851652, {'accuracy': 0.4309}, 187.05946365650743)
[92mINFO [0m:      configure_evaluate: no clients selected, skipping evaluation
[92mINFO [0m:      
[92mINFO [0m:      [ROUND 22]
[92mINFO [0m:      configure_fit: strategy sampled 5 clients (out of 10)
[92mINFO [0m:      aggregate_fit: received 5 results and 0 failures
[92mINFO [0m:      fit progress: (22, 1.5066312670707702, {'accuracy': 0.5281}, 196.27198219764978)
[92mINFO [0m:      configure_evaluate: no clients selected, skipping evaluation
[92mINFO [0m:      
[92mINFO [0m:      [ROUND 23]
[92mINFO [0m:      configure_fit: strategy sampled 5 clients (out of 10)
[92mINFO [0m:      aggregate_fit: received 5 results and 0 failures
[92mINFO [0m:      fit progress: (23, 1.5477355360984801, {'accuracy': 0.508}, 205.3338293991983)
[92mINFO [0m:      configure_evaluate: no clients selected, skipping evaluation
[92mINFO [0m:      
[92mINFO [0m:      [ROUND 24]
[92mINFO [0m:      configure_fit: strategy sampled 5 clients (out of 10)
[92mINFO [0m:      aggregate_fit: received 5 results and 0 failures
[92mINFO [0m:      fit progress: (24, 1.741703176498413, {'accuracy': 0.3974}, 214.1509047979489)
[92mINFO [0m:      configure_evaluate: no clients selected, skipping evaluation
[92mINFO [0m:      
[92mINFO [0m:      [ROUND 25]
[92mINFO [0m:      configure_fit: strategy sampled 5 clients (out of 10)
[92mINFO [0m:      aggregate_fit: received 5 results and 0 failures
[92mINFO [0m:      fit progress: (25, 1.3504287600517273, {'accuracy': 0.5202}, 222.86912721861154)
[92mINFO [0m:      configure_evaluate: no clients selected, skipping evaluation
[92mINFO [0m:      
[92mINFO [0m:      [ROUND 26]
[92mINFO [0m:      configure_fit: strategy sampled 5 clients (out of 10)
[92mINFO [0m:      aggregate_fit: received 5 results and 0 failures
[92mINFO [0m:      fit progress: (26, 1.5445728659629823, {'accuracy': 0.4896}, 231.99626936297864)
[92mINFO [0m:      configure_evaluate: no clients selected, skipping evaluation
[92mINFO [0m:      
[92mINFO [0m:      [ROUND 27]
[92mINFO [0m:      configure_fit: strategy sampled 5 clients (out of 10)
[92mINFO [0m:      aggregate_fit: received 5 results and 0 failures
[92mINFO [0m:      fit progress: (27, 1.2733676791191102, {'accuracy': 0.5269}, 240.8325565122068)
[92mINFO [0m:      configure_evaluate: no clients selected, skipping evaluation
[92mINFO [0m:      
[92mINFO [0m:      [ROUND 28]
[92mINFO [0m:      configure_fit: strategy sampled 5 clients (out of 10)
[92mINFO [0m:      aggregate_fit: received 5 results and 0 failures
[92mINFO [0m:      fit progress: (28, 1.386868989467621, {'accuracy': 0.5232}, 249.81927918829024)
[92mINFO [0m:      configure_evaluate: no clients selected, skipping evaluation
[92mINFO [0m:      
[92mINFO [0m:      [ROUND 29]
[92mINFO [0m:      configure_fit: strategy sampled 5 clients (out of 10)
[92mINFO [0m:      aggregate_fit: received 5 results and 0 failures
[92mINFO [0m:      fit progress: (29, 1.462963443994522, {'accuracy': 0.5196}, 258.51937387976795)
[92mINFO [0m:      configure_evaluate: no clients selected, skipping evaluation
[92mINFO [0m:      
[92mINFO [0m:      [ROUND 30]
[92mINFO [0m:      configure_fit: strategy sampled 5 clients (out of 10)
[92mINFO [0m:      aggregate_fit: received 5 results and 0 failures
[92mINFO [0m:      fit progress: (30, 1.2777480483055115, {'accuracy': 0.5768}, 267.08599719870836)
[92mINFO [0m:      configure_evaluate: no clients selected, skipping evaluation
[92mINFO [0m:      
[92mINFO [0m:      [ROUND 31]
[92mINFO [0m:      configure_fit: strategy sampled 5 clients (out of 10)
[92mINFO [0m:      aggregate_fit: received 5 results and 0 failures
[92mINFO [0m:      fit progress: (31, 1.8513294816017152, {'accuracy': 0.4422}, 276.0680030649528)
[92mINFO [0m:      configure_evaluate: no clients selected, skipping evaluation
[92mINFO [0m:      
[92mINFO [0m:      [ROUND 32]
[92mINFO [0m:      configure_fit: strategy sampled 5 clients (out of 10)
[92mINFO [0m:      aggregate_fit: received 5 results and 0 failures
[92mINFO [0m:      fit progress: (32, 1.542349749803543, {'accuracy': 0.5006}, 284.947560576722)
[92mINFO [0m:      configure_evaluate: no clients selected, skipping evaluation
[92mINFO [0m:      
[92mINFO [0m:      [ROUND 33]
[92mINFO [0m:      configure_fit: strategy sampled 5 clients (out of 10)
[92mINFO [0m:      aggregate_fit: received 5 results and 0 failures
[92mINFO [0m:      fit progress: (33, 1.126403909921646, {'accuracy': 0.5837}, 294.01973457541317)
[92mINFO [0m:      configure_evaluate: no clients selected, skipping evaluation
[92mINFO [0m:      
[92mINFO [0m:      [ROUND 34]
[92mINFO [0m:      configure_fit: strategy sampled 5 clients (out of 10)
[92mINFO [0m:      aggregate_fit: received 5 results and 0 failures
[92mINFO [0m:      fit progress: (34, 1.7336861550807954, {'accuracy': 0.4403}, 302.8443250004202)
[92mINFO [0m:      configure_evaluate: no clients selected, skipping evaluation
[92mINFO [0m:      
[92mINFO [0m:      [ROUND 35]
[92mINFO [0m:      configure_fit: strategy sampled 5 clients (out of 10)
[92mINFO [0m:      aggregate_fit: received 5 results and 0 failures
[92mINFO [0m:      fit progress: (35, 1.162060683965683, {'accuracy': 0.5794}, 312.17200158070773)
[92mINFO [0m:      configure_evaluate: no clients selected, skipping evaluation
[92mINFO [0m:      
[92mINFO [0m:      [ROUND 36]
[92mINFO [0m:      configure_fit: strategy sampled 5 clients (out of 10)
[92mINFO [0m:      aggregate_fit: received 5 results and 0 failures
[92mINFO [0m:      fit progress: (36, 1.1734998762607574, {'accuracy': 0.5996}, 321.33563947863877)
[92mINFO [0m:      configure_evaluate: no clients selected, skipping evaluation
[92mINFO [0m:      
[92mINFO [0m:      [ROUND 37]
[92mINFO [0m:      configure_fit: strategy sampled 5 clients (out of 10)
[92mINFO [0m:      aggregate_fit: received 5 results and 0 failures
[92mINFO [0m:      fit progress: (37, 1.0649014085531234, {'accuracy': 0.6069}, 330.631092235446)
[92mINFO [0m:      configure_evaluate: no clients selected, skipping evaluation
[92mINFO [0m:      
[92mINFO [0m:      [ROUND 38]
[92mINFO [0m:      configure_fit: strategy sampled 5 clients (out of 10)
[92mINFO [0m:      aggregate_fit: received 5 results and 0 failures
[92mINFO [0m:      fit progress: (38, 1.259880578517914, {'accuracy': 0.5743}, 339.7270497586578)
[92mINFO [0m:      configure_evaluate: no clients selected, skipping evaluation
[92mINFO [0m:      
[92mINFO [0m:      [ROUND 39]
[92mINFO [0m:      configure_fit: strategy sampled 5 clients (out of 10)
[92mINFO [0m:      aggregate_fit: received 5 results and 0 failures
[92mINFO [0m:      fit progress: (39, 1.3446064054965974, {'accuracy': 0.5173}, 348.35074935574085)
[92mINFO [0m:      configure_evaluate: no clients selected, skipping evaluation
[92mINFO [0m:      
[92mINFO [0m:      [ROUND 40]
[92mINFO [0m:      configure_fit: strategy sampled 5 clients (out of 10)
[92mINFO [0m:      aggregate_fit: received 5 results and 0 failures
[92mINFO [0m:      fit progress: (40, 0.9895079135894775, {'accuracy': 0.651}, 357.25937639642507)
[92mINFO [0m:      configure_evaluate: no clients selected, skipping evaluation
[92mINFO [0m:      
[92mINFO [0m:      [ROUND 41]
[92mINFO [0m:      configure_fit: strategy sampled 5 clients (out of 10)
[92mINFO [0m:      aggregate_fit: received 5 results and 0 failures
[92mINFO [0m:      fit progress: (41, 1.119682216644287, {'accuracy': 0.6069}, 366.113578167744)
[92mINFO [0m:      configure_evaluate: no clients selected, skipping evaluation
[92mINFO [0m:      
[92mINFO [0m:      [ROUND 42]
[92mINFO [0m:      configure_fit: strategy sampled 5 clients (out of 10)
[92mINFO [0m:      aggregate_fit: received 5 results and 0 failures
[92mINFO [0m:      fit progress: (42, 4.447217559814453, {'accuracy': 0.3089}, 375.0635144673288)
[92mINFO [0m:      configure_evaluate: no clients selected, skipping evaluation
[92mINFO [0m:      
[92mINFO [0m:      [ROUND 43]
[92mINFO [0m:      configure_fit: strategy sampled 5 clients (out of 10)
[92mINFO [0m:      aggregate_fit: received 5 results and 0 failures
[92mINFO [0m:      fit progress: (43, 2.5475779294967653, {'accuracy': 0.4165}, 383.76689568534493)
[92mINFO [0m:      configure_evaluate: no clients selected, skipping evaluation
[92mINFO [0m:      
[92mINFO [0m:      [ROUND 44]
[92mINFO [0m:      configure_fit: strategy sampled 5 clients (out of 10)
[92mINFO [0m:      aggregate_fit: received 5 results and 0 failures
[92mINFO [0m:      fit progress: (44, 2.4821443796157836, {'accuracy': 0.4246}, 392.3669961569831)
[92mINFO [0m:      configure_evaluate: no clients selected, skipping evaluation
[92mINFO [0m:      
[92mINFO [0m:      [ROUND 45]
[92mINFO [0m:      configure_fit: strategy sampled 5 clients (out of 10)
[92mINFO [0m:      aggregate_fit: received 5 results and 0 failures
[92mINFO [0m:      fit progress: (45, 1.4441665947437285, {'accuracy': 0.5281}, 400.8020397089422)
[92mINFO [0m:      configure_evaluate: no clients selected, skipping evaluation
[92mINFO [0m:      
[92mINFO [0m:      [ROUND 46]
[92mINFO [0m:      configure_fit: strategy sampled 5 clients (out of 10)
[92mINFO [0m:      aggregate_fit: received 5 results and 0 failures
[92mINFO [0m:      fit progress: (46, 1.4944786727428436, {'accuracy': 0.5437}, 409.66390019562095)
[92mINFO [0m:      configure_evaluate: no clients selected, skipping evaluation
[92mINFO [0m:      
[92mINFO [0m:      [ROUND 47]
[92mINFO [0m:      configure_fit: strategy sampled 5 clients (out of 10)
[92mINFO [0m:      aggregate_fit: received 5 results and 0 failures
[92mINFO [0m:      fit progress: (47, 1.237186747789383, {'accuracy': 0.5853}, 418.34359861537814)
[92mINFO [0m:      configure_evaluate: no clients selected, skipping evaluation
[92mINFO [0m:      
[92mINFO [0m:      [ROUND 48]
[92mINFO [0m:      configure_fit: strategy sampled 5 clients (out of 10)
[92mINFO [0m:      aggregate_fit: received 5 results and 0 failures
[92mINFO [0m:      fit progress: (48, 0.9191841959953309, {'accuracy': 0.6562}, 427.2281141290441)
[92mINFO [0m:      configure_evaluate: no clients selected, skipping evaluation
[92mINFO [0m:      
[92mINFO [0m:      [ROUND 49]
[92mINFO [0m:      configure_fit: strategy sampled 5 clients (out of 10)
[92mINFO [0m:      aggregate_fit: received 5 results and 0 failures
[92mINFO [0m:      fit progress: (49, 1.2918639302253723, {'accuracy': 0.5533}, 435.78649039100856)
[92mINFO [0m:      configure_evaluate: no clients selected, skipping evaluation
[92mINFO [0m:      
[92mINFO [0m:      [ROUND 50]
[92mINFO [0m:      configure_fit: strategy sampled 5 clients (out of 10)
[92mINFO [0m:      aggregate_fit: received 5 results and 0 failures
[92mINFO [0m:      fit progress: (50, 1.2930899858474731, {'accuracy': 0.5556}, 444.27688126731664)
[92mINFO [0m:      configure_evaluate: no clients selected, skipping evaluation
[92mINFO [0m:      
[92mINFO [0m:      [ROUND 51]
[92mINFO [0m:      configure_fit: strategy sampled 5 clients (out of 10)
[92mINFO [0m:      aggregate_fit: received 5 results and 0 failures
[92mINFO [0m:      fit progress: (51, 0.8440125852823257, {'accuracy': 0.6983}, 453.1510134283453)
[92mINFO [0m:      configure_evaluate: no clients selected, skipping evaluation
[92mINFO [0m:      
[92mINFO [0m:      [ROUND 52]
[92mINFO [0m:      configure_fit: strategy sampled 5 clients (out of 10)
[92mINFO [0m:      aggregate_fit: received 5 results and 0 failures
[92mINFO [0m:      fit progress: (52, 0.9454709529876709, {'accuracy': 0.6613}, 461.94853189587593)
[92mINFO [0m:      configure_evaluate: no clients selected, skipping evaluation
[92mINFO [0m:      
[92mINFO [0m:      [ROUND 53]
[92mINFO [0m:      configure_fit: strategy sampled 5 clients (out of 10)
[92mINFO [0m:      aggregate_fit: received 5 results and 0 failures
[92mINFO [0m:      fit progress: (53, 0.9454709529876709, {'accuracy': 0.6613}, 470.63706748653203)
[92mINFO [0m:      configure_evaluate: no clients selected, skipping evaluation
[92mINFO [0m:      
[92mINFO [0m:      [ROUND 54]
[92mINFO [0m:      configure_fit: strategy sampled 5 clients (out of 10)
[92mINFO [0m:      aggregate_fit: received 5 results and 0 failures
[92mINFO [0m:      fit progress: (54, 0.9121222853660583, {'accuracy': 0.6938}, 479.11312756408006)
[92mINFO [0m:      configure_evaluate: no clients selected, skipping evaluation
[92mINFO [0m:      
[92mINFO [0m:      [ROUND 55]
[92mINFO [0m:      configure_fit: strategy sampled 5 clients (out of 10)
[92mINFO [0m:      aggregate_fit: received 5 results and 0 failures
[92mINFO [0m:      fit progress: (55, 0.9121222853660583, {'accuracy': 0.6938}, 487.5916430875659)
[92mINFO [0m:      configure_evaluate: no clients selected, skipping evaluation
[92mINFO [0m:      
[92mINFO [0m:      [ROUND 56]
[92mINFO [0m:      configure_fit: strategy sampled 5 clients (out of 10)
[92mINFO [0m:      aggregate_fit: received 5 results and 0 failures
[92mINFO [0m:      fit progress: (56, 0.933282607793808, {'accuracy': 0.6751}, 496.33456628676504)
[92mINFO [0m:      configure_evaluate: no clients selected, skipping evaluation
[92mINFO [0m:      
[92mINFO [0m:      [ROUND 57]
[92mINFO [0m:      configure_fit: strategy sampled 5 clients (out of 10)
[92mINFO [0m:      aggregate_fit: received 5 results and 0 failures
[92mINFO [0m:      fit progress: (57, 0.933282607793808, {'accuracy': 0.6751}, 505.07280707452446)
[92mINFO [0m:      configure_evaluate: no clients selected, skipping evaluation
[92mINFO [0m:      
[92mINFO [0m:      [ROUND 58]
[92mINFO [0m:      configure_fit: strategy sampled 5 clients (out of 10)
[92mINFO [0m:      aggregate_fit: received 5 results and 0 failures
[92mINFO [0m:      fit progress: (58, 0.7836428493261337, {'accuracy': 0.7185}, 513.687917008996)
[92mINFO [0m:      configure_evaluate: no clients selected, skipping evaluation
[92mINFO [0m:      
[92mINFO [0m:      [ROUND 59]
[92mINFO [0m:      configure_fit: strategy sampled 5 clients (out of 10)
[92mINFO [0m:      aggregate_fit: received 5 results and 0 failures
[92mINFO [0m:      fit progress: (59, 1.0091109216213225, {'accuracy': 0.6663}, 522.3672548308969)
[92mINFO [0m:      configure_evaluate: no clients selected, skipping evaluation
[92mINFO [0m:      
[92mINFO [0m:      [ROUND 60]
[92mINFO [0m:      configure_fit: strategy sampled 5 clients (out of 10)
[92mINFO [0m:      aggregate_fit: received 5 results and 0 failures
[92mINFO [0m:      fit progress: (60, 0.7784811198711395, {'accuracy': 0.7335}, 531.1039136396721)
[92mINFO [0m:      configure_evaluate: no clients selected, skipping evaluation
[92mINFO [0m:      
[92mINFO [0m:      [SUMMARY]
[92mINFO [0m:      Run finished 60 round(s) in 531.10s
[92mINFO [0m:      	History (loss, centralized):
[92mINFO [0m:      		round 0: 3.566791999340057
[92mINFO [0m:      		round 1: 2.1944220900535583
[92mINFO [0m:      		round 2: 2.1536489129066467
[92mINFO [0m:      		round 3: 1.879176378250122
[92mINFO [0m:      		round 4: 2.5021567702293397
[92mINFO [0m:      		round 5: 2.233252775669098
[92mINFO [0m:      		round 6: 1.8737133622169495
[92mINFO [0m:      		round 7: 2.0254145860671997
[92mINFO [0m:      		round 8: 1.9408764779567718
[92mINFO [0m:      		round 9: 1.8138675332069396
[92mINFO [0m:      		round 10: 1.8613329172134399
[92mINFO [0m:      		round 11: 1.8326139330863953
[92mINFO [0m:      		round 12: 1.45777188539505
[92mINFO [0m:      		round 13: 1.665066134929657
[92mINFO [0m:      		round 14: 1.7512458860874176
[92mINFO [0m:      		round 15: 1.7171712338924408
[92mINFO [0m:      		round 16: 1.2094517767429351
[92mINFO [0m:      		round 17: 1.3811257481575012
[92mINFO [0m:      		round 18: 1.5950754761695862
[92mINFO [0m:      		round 19: 1.708879041671753
[92mINFO [0m:      		round 20: 1.3738190054893493
[92mINFO [0m:      		round 21: 2.0225559651851652
[92mINFO [0m:      		round 22: 1.5066312670707702
[92mINFO [0m:      		round 23: 1.5477355360984801
[92mINFO [0m:      		round 24: 1.741703176498413
[92mINFO [0m:      		round 25: 1.3504287600517273
[92mINFO [0m:      		round 26: 1.5445728659629823
[92mINFO [0m:      		round 27: 1.2733676791191102
[92mINFO [0m:      		round 28: 1.386868989467621
[92mINFO [0m:      		round 29: 1.462963443994522
[92mINFO [0m:      		round 30: 1.2777480483055115
[92mINFO [0m:      		round 31: 1.8513294816017152
[92mINFO [0m:      		round 32: 1.542349749803543
[92mINFO [0m:      		round 33: 1.126403909921646
[92mINFO [0m:      		round 34: 1.7336861550807954
[92mINFO [0m:      		round 35: 1.162060683965683
[92mINFO [0m:      		round 36: 1.1734998762607574
[92mINFO [0m:      		round 37: 1.0649014085531234
[92mINFO [0m:      		round 38: 1.259880578517914
[92mINFO [0m:      		round 39: 1.3446064054965974
[92mINFO [0m:      		round 40: 0.9895079135894775
[92mINFO [0m:      		round 41: 1.119682216644287
[92mINFO [0m:      		round 42: 4.447217559814453
[92mINFO [0m:      		round 43: 2.5475779294967653
[92mINFO [0m:      		round 44: 2.4821443796157836
[92mINFO [0m:      		round 45: 1.4441665947437285
[92mINFO [0m:      		round 46: 1.4944786727428436
[92mINFO [0m:      		round 47: 1.237186747789383
[92mINFO [0m:      		round 48: 0.9191841959953309
[92mINFO [0m:      		round 49: 1.2918639302253723
[92mINFO [0m:      		round 50: 1.2930899858474731
[92mINFO [0m:      		round 51: 0.8440125852823257
[92mINFO [0m:      		round 52: 0.9454709529876709
[92mINFO [0m:      		round 53: 0.9454709529876709
[92mINFO [0m:      		round 54: 0.9121222853660583
[92mINFO [0m:      		round 55: 0.9121222853660583
[92mINFO [0m:      		round 56: 0.933282607793808
[92mINFO [0m:      		round 57: 0.933282607793808
[92mINFO [0m:      		round 58: 0.7836428493261337
[92mINFO [0m:      		round 59: 1.0091109216213225
[92mINFO [0m:      		round 60: 0.7784811198711395
[92mINFO [0m:      	History (metrics, distributed, fit):
[92mINFO [0m:      	{'accuracy': [(1, 0.1866),
[92mINFO [0m:      	              (2, 0.2162),
[92mINFO [0m:      	              (3, 0.2692),
[92mINFO [0m:      	              (4, 0.2379),
[92mINFO [0m:      	              (5, 0.2536),
[92mINFO [0m:      	              (6, 0.3615),
[92mINFO [0m:      	              (7, 0.3577),
[92mINFO [0m:      	              (8, 0.3288),
[92mINFO [0m:      	              (9, 0.3012),
[92mINFO [0m:      	              (10, 0.3365),
[92mINFO [0m:      	              (11, 0.3977),
[92mINFO [0m:      	              (12, 0.4468),
[92mINFO [0m:      	              (13, 0.4218),
[92mINFO [0m:      	              (14, 0.3317),
[92mINFO [0m:      	              (15, 0.3798),
[92mINFO [0m:      	              (16, 0.5707),
[92mINFO [0m:      	              (17, 0.5004),
[92mINFO [0m:      	              (18, 0.4905),
[92mINFO [0m:      	              (19, 0.3858),
[92mINFO [0m:      	              (20, 0.5133),
[92mINFO [0m:      	              (21, 0.4309),
[92mINFO [0m:      	              (22, 0.5281),
[92mINFO [0m:      	              (23, 0.508),
[92mINFO [0m:      	              (24, 0.3974),
[92mINFO [0m:      	              (25, 0.5202),
[92mINFO [0m:      	              (26, 0.4896),
[92mINFO [0m:      	              (27, 0.5269),
[92mINFO [0m:      	              (28, 0.5232),
[92mINFO [0m:      	              (29, 0.5196),
[92mINFO [0m:      	              (30, 0.5768),
[92mINFO [0m:      	              (31, 0.4422),
[92mINFO [0m:      	              (32, 0.5006),
[92mINFO [0m:      	              (33, 0.5837),
[92mINFO [0m:      	              (34, 0.4403),
[92mINFO [0m:      	              (35, 0.5794),
[92mINFO [0m:      	              (36, 0.5996),
[92mINFO [0m:      	              (37, 0.6069),
[92mINFO [0m:      	              (38, 0.5743),
[92mINFO [0m:      	              (39, 0.5173),
[92mINFO [0m:      	              (40, 0.651),
[92mINFO [0m:      	              (41, 0.6069),
[92mINFO [0m:      	              (42, 0.3089),
[92mINFO [0m:      	              (43, 0.4165),
[92mINFO [0m:      	              (44, 0.4246),
[92mINFO [0m:      	              (45, 0.5281),
[92mINFO [0m:      	              (46, 0.5437),
[92mINFO [0m:      	              (47, 0.5853),
[92mINFO [0m:      	              (48, 0.6562),
[92mINFO [0m:      	              (49, 0.5533),
[92mINFO [0m:      	              (50, 0.5556),
[92mINFO [0m:      	              (51, 0.6983),
[92mINFO [0m:      	              (52, 0.6613),
[92mINFO [0m:      	              (53, 0.6613),
[92mINFO [0m:      	              (54, 0.6938),
[92mINFO [0m:      	              (55, 0.6938),
[92mINFO [0m:      	              (56, 0.6751),
[92mINFO [0m:      	              (57, 0.6751),
[92mINFO [0m:      	              (58, 0.7185),
[92mINFO [0m:      	              (59, 0.6663),
[92mINFO [0m:      	              (60, 0.7335)],
[92mINFO [0m:      	 'avg_per': [(1, 0.11000334581406013),
[92mINFO [0m:      	             (2, 0.09569416125917554),
[92mINFO [0m:      	             (3, 0.11257216462808259),
[92mINFO [0m:      	             (4, 0.08642290336075473),
[92mINFO [0m:      	             (5, 0.08309201454504947),
[92mINFO [0m:      	             (6, 0.11030594034397474),
[92mINFO [0m:      	             (7, 0.12535191892161593),
[92mINFO [0m:      	             (8, 0.0844123548601553),
[92mINFO [0m:      	             (9, 0.06325103256015344),
[92mINFO [0m:      	             (10, 0.08427787591984733),
[92mINFO [0m:      	             (11, 0.10360338697349877),
[92mINFO [0m:      	             (12, 0.10418598838007746),
[92mINFO [0m:      	             (13, 0.1273644632981974),
[92mINFO [0m:      	             (14, 0.06684208945640621),
[92mINFO [0m:      	             (15, 0.07354402286708875),
[92mINFO [0m:      	             (16, 0.09540662832100703),
[92mINFO [0m:      	             (17, 0.08957140689092774),
[92mINFO [0m:      	             (18, 0.10331070551197245),
[92mINFO [0m:      	             (19, 0.07399508714333325),
[92mINFO [0m:      	             (20, 0.09757339206057407),
[92mINFO [0m:      	             (21, 0.1258761393745485),
[92mINFO [0m:      	             (22, 0.09117303221367269),
[92mINFO [0m:      	             (23, 0.0973033750552587),
[92mINFO [0m:      	             (24, 0.09468646043853449),
[92mINFO [0m:      	             (25, 0.08813255391409261),
[92mINFO [0m:      	             (26, 0.0892527980791688),
[92mINFO [0m:      	             (27, 0.11572472784265386),
[92mINFO [0m:      	             (28, 0.06966573407231018),
[92mINFO [0m:      	             (29, 0.06993444508815118),
[92mINFO [0m:      	             (30, 0.11963763990242712),
[92mINFO [0m:      	             (31, 0.1356629793343227),
[92mINFO [0m:      	             (32, 0.09223032287111785),
[92mINFO [0m:      	             (33, 0.08712480497173455),
[92mINFO [0m:      	             (34, 0.09017921903609873),
[92mINFO [0m:      	             (35, 0.07554387026504343),
[92mINFO [0m:      	             (36, 0.08062658074659174),
[92mINFO [0m:      	             (37, 0.1002419028293576),
[92mINFO [0m:      	             (38, 0.11669670401440731),
[92mINFO [0m:      	             (39, 0.09597410400985662),
[92mINFO [0m:      	             (40, 0.08119521868552018),
[92mINFO [0m:      	             (41, 0.7103220155372494),
[92mINFO [0m:      	             (42, 0.7551096118736742),
[92mINFO [0m:      	             (43, 0.7728619023967906),
[92mINFO [0m:      	             (44, 0.7575736671480883),
[92mINFO [0m:      	             (45, 0.768022274367822),
[92mINFO [0m:      	             (46, 0.7868790061108306),
[92mINFO [0m:      	             (47, 0.757776696277815),
[92mINFO [0m:      	             (48, 0.7544800048575437),
[92mINFO [0m:      	             (49, 0.7015756415607313),
[92mINFO [0m:      	             (50, 0.7338779612063019),
[92mINFO [0m:      	             (51, 0.7505003571521105),
[92mINFO [0m:      	             (52, 0.7676536857624796),
[92mINFO [0m:      	             (53, 0.7420196407113393),
[92mINFO [0m:      	             (54, 0.7013225947862496),
[92mINFO [0m:      	             (55, 0.7745530828383815),
[92mINFO [0m:      	             (56, 0.7079326572946621),
[92mINFO [0m:      	             (57, 0.8272272820946981),
[92mINFO [0m:      	             (58, 0.80403894929828),
[92mINFO [0m:      	             (59, 0.738472147307635),
[92mINFO [0m:      	             (60, 0.6976757492745053)],
[92mINFO [0m:      	 'bw_factor': [(1, 1.0),
[92mINFO [0m:      	               (2, 0.8),
[92mINFO [0m:      	               (3, 0.8025774786657947),
[92mINFO [0m:      	               (4, 0.8039758235408894),
[92mINFO [0m:      	               (5, 0.8406077786201565),
[92mINFO [0m:      	               (6, 0.8262313151452669),
[92mINFO [0m:      	               (7, 0.8264150330315423),
[92mINFO [0m:      	               (8, 0.8279846590680898),
[92mINFO [0m:      	               (9, 0.8417410176710247),
[92mINFO [0m:      	               (10, 0.8406476398195064),
[92mINFO [0m:      	               (11, 0.8323752019959169),
[92mINFO [0m:      	               (12, 0.8314552494821897),
[92mINFO [0m:      	               (13, 0.8314201657038995),
[92mINFO [0m:      	               (14, 0.8445222478376453),
[92mINFO [0m:      	               (15, 0.8417560960458383),
[92mINFO [0m:      	               (16, 0.8283326606805494),
[92mINFO [0m:      	               (17, 0.8283269552352629),
[92mINFO [0m:      	               (18, 0.8283508653942855),
[92mINFO [0m:      	               (19, 0.8380402696458906),
[92mINFO [0m:      	               (20, 0.8380039991453256),
[92mINFO [0m:      	               (21, 0.830778850234137),
[92mINFO [0m:      	               (22, 0.8302668218186733),
[92mINFO [0m:      	               (23, 0.8331326757576469),
[92mINFO [0m:      	               (24, 0.8460164695377016),
[92mINFO [0m:      	               (25, 0.8403670669694541),
[92mINFO [0m:      	               (26, 0.8294347180356147),
[92mINFO [0m:      	               (27, 0.8309184116013738),
[92mINFO [0m:      	               (28, 0.8308713263608662),
[92mINFO [0m:      	               (29, 0.8451772021371626),
[92mINFO [0m:      	               (30, 0.8424512742091006),
[92mINFO [0m:      	               (31, 0.8297471991060681),
[92mINFO [0m:      	               (32, 0.8304034732962112),
[92mINFO [0m:      	               (33, 0.8293367757794959),
[92mINFO [0m:      	               (34, 0.8438294701947708),
[92mINFO [0m:      	               (35, 0.8452696059814473),
[92mINFO [0m:      	               (36, 0.8319482314514268),
[92mINFO [0m:      	               (37, 0.8326808052298151),
[92mINFO [0m:      	               (38, 0.8312527858166524),
[92mINFO [0m:      	               (39, 0.8393596455695602),
[92mINFO [0m:      	               (40, 0.8471683014646385),
[92mINFO [0m:      	               (41, 0.8337621597594248),
[92mINFO [0m:      	               (42, 0.8326068169814325),
[92mINFO [0m:      	               (43, 0.8275655460779267),
[92mINFO [0m:      	               (44, 0.831341039109471),
[92mINFO [0m:      	               (45, 0.7861371909376302),
[92mINFO [0m:      	               (46, 0.8124271742085523),
[92mINFO [0m:      	               (47, 0.887017700186321),
[92mINFO [0m:      	               (48, 0.7989452272919633),
[92mINFO [0m:      	               (49, 0.8083568903804428),
[92mINFO [0m:      	               (50, 0.7824538814859777),
[92mINFO [0m:      	               (51, 0.7650485784520265),
[92mINFO [0m:      	               (52, 0.8477748462292625),
[92mINFO [0m:      	               (53, 0.7669989450900303),
[92mINFO [0m:      	               (54, 0.875666682285037),
[92mINFO [0m:      	               (55, 0.8841735721479885),
[92mINFO [0m:      	               (56, 0.8721360580455977),
[92mINFO [0m:      	               (57, 0.8700864272541754),
[92mINFO [0m:      	               (58, 0.8648081339596806),
[92mINFO [0m:      	               (59, 0.8863309317787258),
[92mINFO [0m:      	               (60, 0.8346689169833037)],
[92mINFO [0m:      	 'energy': [(1, 86.68105628797392),
[92mINFO [0m:      	            (2, 88.9743512083996),
[92mINFO [0m:      	            (3, 90.52710212609745),
[92mINFO [0m:      	            (4, 121.66427661168117),
[92mINFO [0m:      	            (5, 121.66309686610768),
[92mINFO [0m:      	            (6, 88.52731313371322),
[92mINFO [0m:      	            (7, 86.7077538003492),
[92mINFO [0m:      	            (8, 88.1873941402649),
[92mINFO [0m:      	            (9, 120.44662805609792),
[92mINFO [0m:      	            (10, 125.54400985515814),
[92mINFO [0m:      	            (11, 89.01764434934194),
[92mINFO [0m:      	            (12, 88.27548530441348),
[92mINFO [0m:      	            (13, 87.5488694856564),
[92mINFO [0m:      	            (14, 122.33575724114918),
[92mINFO [0m:      	            (15, 122.53087545884762),
[92mINFO [0m:      	            (16, 88.28946716853038),
[92mINFO [0m:      	            (17, 87.49027483130848),
[92mINFO [0m:      	            (18, 98.59073352867195),
[92mINFO [0m:      	            (19, 122.49119318310886),
[92mINFO [0m:      	            (20, 129.4116866634362),
[92mINFO [0m:      	            (21, 88.8155240486038),
[92mINFO [0m:      	            (22, 91.17323368919944),
[92mINFO [0m:      	            (23, 89.1449235090936),
[92mINFO [0m:      	            (24, 122.74308175806563),
[92mINFO [0m:      	            (25, 125.68346128277717),
[92mINFO [0m:      	            (26, 87.44371883264772),
[92mINFO [0m:      	            (27, 89.26328022914007),
[92mINFO [0m:      	            (28, 86.78284207313828),
[92mINFO [0m:      	            (29, 122.49789069896256),
[92mINFO [0m:      	            (30, 124.13183343004593),
[92mINFO [0m:      	            (31, 87.63398986003429),
[92mINFO [0m:      	            (32, 89.43106444244114),
[92mINFO [0m:      	            (33, 86.51779611677327),
[92mINFO [0m:      	            (34, 125.83875621271686),
[92mINFO [0m:      	            (35, 121.16089389806511),
[92mINFO [0m:      	            (36, 87.58734098031259),
[92mINFO [0m:      	            (37, 90.1117998527734),
[92mINFO [0m:      	            (38, 90.40654404673062),
[92mINFO [0m:      	            (39, 130.36140056931035),
[92mINFO [0m:      	            (40, 122.54020915875851),
[92mINFO [0m:      	            (41, 93.12404190630794),
[92mINFO [0m:      	            (42, 103.55028675933718),
[92mINFO [0m:      	            (43, 94.13554905608241),
[92mINFO [0m:      	            (44, 190.0364605461449),
[92mINFO [0m:      	            (45, 409.82723161813965),
[92mINFO [0m:      	            (46, 232.06522186944738),
[92mINFO [0m:      	            (47, 88.40436909371269),
[92mINFO [0m:      	            (48, 104.32188658005198),
[92mINFO [0m:      	            (49, 181.39443518676435),
[92mINFO [0m:      	            (50, 187.16136775831836),
[92mINFO [0m:      	            (51, 96.9356702138966),
[92mINFO [0m:      	            (52, 87.6787346243349),
[92mINFO [0m:      	            (53, 93.63210343269111),
[92mINFO [0m:      	            (54, 211.3486310517),
[92mINFO [0m:      	            (55, 252.1446122896462),
[92mINFO [0m:      	            (56, 98.01480184913686),
[92mINFO [0m:      	            (57, 120.24996775851983),
[92mINFO [0m:      	            (58, 102.81148082226778),
[92mINFO [0m:      	            (59, 139.19762219845046),
[92mINFO [0m:      	            (60, 211.79314971601036)],
[92mINFO [0m:      	 'est_upload_time': [(1, 2.941056287973921),
[92mINFO [0m:      	                     (2, 5.234351208399603),
[92mINFO [0m:      	                     (3, 6.787102126097449),
[92mINFO [0m:      	                     (4, 5.404276611681169),
[92mINFO [0m:      	                     (5, 5.403096866107687),
[92mINFO [0m:      	                     (6, 4.787313133713228),
[92mINFO [0m:      	                     (7, 2.9677538003492),
[92mINFO [0m:      	                     (8, 4.447394140264886),
[92mINFO [0m:      	                     (9, 4.1866280560979074),
[92mINFO [0m:      	                     (10, 9.284009855158132),
[92mINFO [0m:      	                     (11, 5.277644349341945),
[92mINFO [0m:      	                     (12, 4.535485304413485),
[92mINFO [0m:      	                     (13, 3.808869485656393),
[92mINFO [0m:      	                     (14, 6.075757241149184),
[92mINFO [0m:      	                     (15, 6.27087545884762),
[92mINFO [0m:      	                     (16, 4.549467168530386),
[92mINFO [0m:      	                     (17, 3.750274831308488),
[92mINFO [0m:      	                     (18, 14.850733528671947),
[92mINFO [0m:      	                     (19, 6.231193183108858),
[92mINFO [0m:      	                     (20, 13.151686663436214),
[92mINFO [0m:      	                     (21, 5.075524048603798),
[92mINFO [0m:      	                     (22, 7.433233689199435),
[92mINFO [0m:      	                     (23, 5.404923509093606),
[92mINFO [0m:      	                     (24, 6.48308175806563),
[92mINFO [0m:      	                     (25, 9.423461282777172),
[92mINFO [0m:      	                     (26, 3.7037188326477133),
[92mINFO [0m:      	                     (27, 5.523280229140067),
[92mINFO [0m:      	                     (28, 3.04284207313829),
[92mINFO [0m:      	                     (29, 6.237890698962568),
[92mINFO [0m:      	                     (30, 7.871833430045937),
[92mINFO [0m:      	                     (31, 3.8939898600342877),
[92mINFO [0m:      	                     (32, 5.691064442441146),
[92mINFO [0m:      	                     (33, 2.7777961167732617),
[92mINFO [0m:      	                     (34, 9.578756212716854),
[92mINFO [0m:      	                     (35, 4.900893898065105),
[92mINFO [0m:      	                     (36, 3.8473409803126),
[92mINFO [0m:      	                     (37, 6.371799852773399),
[92mINFO [0m:      	                     (38, 6.666544046730621),
[92mINFO [0m:      	                     (39, 14.101400569310352),
[92mINFO [0m:      	                     (40, 6.28020915875852),
[92mINFO [0m:      	                     (41, 9.38404190630795),
[92mINFO [0m:      	                     (42, 19.810286759337174),
[92mINFO [0m:      	                     (43, 10.395549056082414),
[92mINFO [0m:      	                     (44, 73.77646054614486),
[92mINFO [0m:      	                     (45, 293.56723161813966),
[92mINFO [0m:      	                     (46, 148.32522186944738),
[92mINFO [0m:      	                     (47, 4.664369093712693),
[92mINFO [0m:      	                     (48, 20.58188658005198),
[92mINFO [0m:      	                     (49, 65.13443518676435),
[92mINFO [0m:      	                     (50, 70.90136775831837),
[92mINFO [0m:      	                     (51, 13.1956702138966),
[92mINFO [0m:      	                     (52, 3.938734624334902),
[92mINFO [0m:      	                     (53, 9.892103432691112),
[92mINFO [0m:      	                     (54, 95.08863105170002),
[92mINFO [0m:      	                     (55, 135.88461228964618),
[92mINFO [0m:      	                     (56, 14.274801849136843),
[92mINFO [0m:      	                     (57, 36.50996775851982),
[92mINFO [0m:      	                     (58, 19.071480822267777),
[92mINFO [0m:      	                     (59, 22.937622198450434),
[92mINFO [0m:      	                     (60, 95.53314971601036)],
[92mINFO [0m:      	 'jain': [(1, 0.49999999999999),
[92mINFO [0m:      	          (2, 0.4999999999999975),
[92mINFO [0m:      	          (3, 0.4999999999999989),
[92mINFO [0m:      	          (4, 0.7999999999999984),
[92mINFO [0m:      	          (5, 0.9999999999999974),
[92mINFO [0m:      	          (6, 0.9999999999999974),
[92mINFO [0m:      	          (7, 0.9999999999999974),
[92mINFO [0m:      	          (8, 0.7999999999999984),
[92mINFO [0m:      	          (9, 0.7999999999999984),
[92mINFO [0m:      	          (10, 0.9999999999999974),
[92mINFO [0m:      	          (11, 0.9999999999999974),
[92mINFO [0m:      	          (12, 0.9999999999999974),
[92mINFO [0m:      	          (13, 0.7999999999999984),
[92mINFO [0m:      	          (14, 0.7999999999999984),
[92mINFO [0m:      	          (15, 0.9999999999999974),
[92mINFO [0m:      	          (16, 0.9999999999999974),
[92mINFO [0m:      	          (17, 0.9999999999999974),
[92mINFO [0m:      	          (18, 0.7999999999999984),
[92mINFO [0m:      	          (19, 0.7999999999999984),
[92mINFO [0m:      	          (20, 0.9999999999999974),
[92mINFO [0m:      	          (21, 0.9999999999999974),
[92mINFO [0m:      	          (22, 0.9999999999999974),
[92mINFO [0m:      	          (23, 0.7999999999999984),
[92mINFO [0m:      	          (24, 0.7999999999999984),
[92mINFO [0m:      	          (25, 0.9999999999999974),
[92mINFO [0m:      	          (26, 0.9999999999999974),
[92mINFO [0m:      	          (27, 0.9999999999999974),
[92mINFO [0m:      	          (28, 0.7999999999999984),
[92mINFO [0m:      	          (29, 0.7999999999999984),
[92mINFO [0m:      	          (30, 0.9999999999999974),
[92mINFO [0m:      	          (31, 0.9999999999999974),
[92mINFO [0m:      	          (32, 0.9999999999999974),
[92mINFO [0m:      	          (33, 0.7999999999999984),
[92mINFO [0m:      	          (34, 0.7999999999999984),
[92mINFO [0m:      	          (35, 0.9999999999999974),
[92mINFO [0m:      	          (36, 0.9999999999999974),
[92mINFO [0m:      	          (37, 0.9999999999999974),
[92mINFO [0m:      	          (38, 0.7999999999999984),
[92mINFO [0m:      	          (39, 0.7999999999999984),
[92mINFO [0m:      	          (40, 0.9999999999999974),
[92mINFO [0m:      	          (41, 0.9999999999999974),
[92mINFO [0m:      	          (42, 0.9999999999999974),
[92mINFO [0m:      	          (43, 0.7999999999999984),
[92mINFO [0m:      	          (44, 0.7999999999999984),
[92mINFO [0m:      	          (45, 0.9999999999999974),
[92mINFO [0m:      	          (46, 0.9999999999999974),
[92mINFO [0m:      	          (47, 0.9999999999999974),
[92mINFO [0m:      	          (48, 0.7999999999999984),
[92mINFO [0m:      	          (49, 0.7999999999999984),
[92mINFO [0m:      	          (50, 0.9999999999999974),
[92mINFO [0m:      	          (51, 0.9999999999999974),
[92mINFO [0m:      	          (52, 0.9999999999999974),
[92mINFO [0m:      	          (53, 0.7999999999999984),
[92mINFO [0m:      	          (54, 0.7999999999999984),
[92mINFO [0m:      	          (55, 0.9999999999999974),
[92mINFO [0m:      	          (56, 0.9999999999999974),
[92mINFO [0m:      	          (57, 0.9999999999999974),
[92mINFO [0m:      	          (58, 0.7999999999999984),
[92mINFO [0m:      	          (59, 0.7999999999999984),
[92mINFO [0m:      	          (60, 0.9999999999999974)],
[92mINFO [0m:      	 'loss': [(1, 2.1944220900535583),
[92mINFO [0m:      	          (2, 2.1536489129066467),
[92mINFO [0m:      	          (3, 1.879176378250122),
[92mINFO [0m:      	          (4, 2.5021567702293397),
[92mINFO [0m:      	          (5, 2.233252775669098),
[92mINFO [0m:      	          (6, 1.8737133622169495),
[92mINFO [0m:      	          (7, 2.0254145860671997),
[92mINFO [0m:      	          (8, 1.9408764779567718),
[92mINFO [0m:      	          (9, 1.8138675332069396),
[92mINFO [0m:      	          (10, 1.8613329172134399),
[92mINFO [0m:      	          (11, 1.8326139330863953),
[92mINFO [0m:      	          (12, 1.45777188539505),
[92mINFO [0m:      	          (13, 1.665066134929657),
[92mINFO [0m:      	          (14, 1.7512458860874176),
[92mINFO [0m:      	          (15, 1.7171712338924408),
[92mINFO [0m:      	          (16, 1.2094517767429351),
[92mINFO [0m:      	          (17, 1.3811257481575012),
[92mINFO [0m:      	          (18, 1.5950754761695862),
[92mINFO [0m:      	          (19, 1.708879041671753),
[92mINFO [0m:      	          (20, 1.3738190054893493),
[92mINFO [0m:      	          (21, 2.0225559651851652),
[92mINFO [0m:      	          (22, 1.5066312670707702),
[92mINFO [0m:      	          (23, 1.5477355360984801),
[92mINFO [0m:      	          (24, 1.741703176498413),
[92mINFO [0m:      	          (25, 1.3504287600517273),
[92mINFO [0m:      	          (26, 1.5445728659629823),
[92mINFO [0m:      	          (27, 1.2733676791191102),
[92mINFO [0m:      	          (28, 1.386868989467621),
[92mINFO [0m:      	          (29, 1.462963443994522),
[92mINFO [0m:      	          (30, 1.2777480483055115),
[92mINFO [0m:      	          (31, 1.8513294816017152),
[92mINFO [0m:      	          (32, 1.542349749803543),
[92mINFO [0m:      	          (33, 1.126403909921646),
[92mINFO [0m:      	          (34, 1.7336861550807954),
[92mINFO [0m:      	          (35, 1.162060683965683),
[92mINFO [0m:      	          (36, 1.1734998762607574),
[92mINFO [0m:      	          (37, 1.0649014085531234),
[92mINFO [0m:      	          (38, 1.259880578517914),
[92mINFO [0m:      	          (39, 1.3446064054965974),
[92mINFO [0m:      	          (40, 0.9895079135894775),
[92mINFO [0m:      	          (41, 1.119682216644287),
[92mINFO [0m:      	          (42, 4.447217559814453),
[92mINFO [0m:      	          (43, 2.5475779294967653),
[92mINFO [0m:      	          (44, 2.4821443796157836),
[92mINFO [0m:      	          (45, 1.4441665947437285),
[92mINFO [0m:      	          (46, 1.4944786727428436),
[92mINFO [0m:      	          (47, 1.237186747789383),
[92mINFO [0m:      	          (48, 0.9191841959953309),
[92mINFO [0m:      	          (49, 1.2918639302253723),
[92mINFO [0m:      	          (50, 1.2930899858474731),
[92mINFO [0m:      	          (51, 0.8440125852823257),
[92mINFO [0m:      	          (52, 0.9454709529876709),
[92mINFO [0m:      	          (53, 0.9454709529876709),
[92mINFO [0m:      	          (54, 0.9121222853660583),
[92mINFO [0m:      	          (55, 0.9121222853660583),
[92mINFO [0m:      	          (56, 0.933282607793808),
[92mINFO [0m:      	          (57, 0.933282607793808),
[92mINFO [0m:      	          (58, 0.7836428493261337),
[92mINFO [0m:      	          (59, 1.0091109216213225),
[92mINFO [0m:      	          (60, 0.7784811198711395)],
[92mINFO [0m:      	 'mode': [(1, 'semi_sync'),
[92mINFO [0m:      	          (2, 'semi_sync'),
[92mINFO [0m:      	          (3, 'semi_sync'),
[92mINFO [0m:      	          (4, 'semi_sync'),
[92mINFO [0m:      	          (5, 'semi_sync'),
[92mINFO [0m:      	          (6, 'semi_sync'),
[92mINFO [0m:      	          (7, 'semi_sync'),
[92mINFO [0m:      	          (8, 'semi_sync'),
[92mINFO [0m:      	          (9, 'semi_sync'),
[92mINFO [0m:      	          (10, 'semi_sync'),
[92mINFO [0m:      	          (11, 'semi_sync'),
[92mINFO [0m:      	          (12, 'semi_sync'),
[92mINFO [0m:      	          (13, 'semi_sync'),
[92mINFO [0m:      	          (14, 'semi_sync'),
[92mINFO [0m:      	          (15, 'semi_sync'),
[92mINFO [0m:      	          (16, 'semi_sync'),
[92mINFO [0m:      	          (17, 'semi_sync'),
[92mINFO [0m:      	          (18, 'semi_sync'),
[92mINFO [0m:      	          (19, 'semi_sync'),
[92mINFO [0m:      	          (20, 'semi_sync'),
[92mINFO [0m:      	          (21, 'semi_sync'),
[92mINFO [0m:      	          (22, 'semi_sync'),
[92mINFO [0m:      	          (23, 'semi_sync'),
[92mINFO [0m:      	          (24, 'semi_sync'),
[92mINFO [0m:      	          (25, 'semi_sync'),
[92mINFO [0m:      	          (26, 'semi_sync'),
[92mINFO [0m:      	          (27, 'semi_sync'),
[92mINFO [0m:      	          (28, 'semi_sync'),
[92mINFO [0m:      	          (29, 'semi_sync'),
[92mINFO [0m:      	          (30, 'semi_sync'),
[92mINFO [0m:      	          (31, 'semi_sync'),
[92mINFO [0m:      	          (32, 'semi_sync'),
[92mINFO [0m:      	          (33, 'semi_sync'),
[92mINFO [0m:      	          (34, 'semi_sync'),
[92mINFO [0m:      	          (35, 'semi_sync'),
[92mINFO [0m:      	          (36, 'semi_sync'),
[92mINFO [0m:      	          (37, 'semi_sync'),
[92mINFO [0m:      	          (38, 'semi_sync'),
[92mINFO [0m:      	          (39, 'semi_sync'),
[92mINFO [0m:      	          (40, 'semi_sync'),
[92mINFO [0m:      	          (41, 'semi_sync'),
[92mINFO [0m:      	          (42, 'semi_sync'),
[92mINFO [0m:      	          (43, 'semi_sync'),
[92mINFO [0m:      	          (44, 'semi_sync'),
[92mINFO [0m:      	          (45, 'bridge'),
[92mINFO [0m:      	          (46, 'bridge'),
[92mINFO [0m:      	          (47, 'bridge'),
[92mINFO [0m:      	          (48, 'bridge'),
[92mINFO [0m:      	          (49, 'bridge'),
[92mINFO [0m:      	          (50, 'bridge'),
[92mINFO [0m:      	          (51, 'bridge'),
[92mINFO [0m:      	          (52, 'bridge'),
[92mINFO [0m:      	          (53, 'bridge'),
[92mINFO [0m:      	          (54, 'async'),
[92mINFO [0m:      	          (55, 'async'),
[92mINFO [0m:      	          (56, 'async'),
[92mINFO [0m:      	          (57, 'async'),
[92mINFO [0m:      	          (58, 'async'),
[92mINFO [0m:      	          (59, 'async'),
[92mINFO [0m:      	          (60, 'async')],
[92mINFO [0m:      	 'num_exhausted_clients': [(1, 0.0),
[92mINFO [0m:      	                           (2, 0.0),
[92mINFO [0m:      	                           (3, 0.0),
[92mINFO [0m:      	                           (4, 0.0),
[92mINFO [0m:      	                           (5, 0.0),
[92mINFO [0m:      	                           (6, 0.0),
[92mINFO [0m:      	                           (7, 0.0),
[92mINFO [0m:      	                           (8, 0.0),
[92mINFO [0m:      	                           (9, 0.0),
[92mINFO [0m:      	                           (10, 0.0),
[92mINFO [0m:      	                           (11, 0.0),
[92mINFO [0m:      	                           (12, 0.0),
[92mINFO [0m:      	                           (13, 0.0),
[92mINFO [0m:      	                           (14, 0.0),
[92mINFO [0m:      	                           (15, 0.0),
[92mINFO [0m:      	                           (16, 0.0),
[92mINFO [0m:      	                           (17, 0.0),
[92mINFO [0m:      	                           (18, 0.0),
[92mINFO [0m:      	                           (19, 0.0),
[92mINFO [0m:      	                           (20, 0.0),
[92mINFO [0m:      	                           (21, 0.0),
[92mINFO [0m:      	                           (22, 0.0),
[92mINFO [0m:      	                           (23, 0.0),
[92mINFO [0m:      	                           (24, 0.0),
[92mINFO [0m:      	                           (25, 0.0),
[92mINFO [0m:      	                           (26, 0.0),
[92mINFO [0m:      	                           (27, 0.0),
[92mINFO [0m:      	                           (28, 0.0),
[92mINFO [0m:      	                           (29, 0.0),
[92mINFO [0m:      	                           (30, 0.0),
[92mINFO [0m:      	                           (31, 0.0),
[92mINFO [0m:      	                           (32, 0.0),
[92mINFO [0m:      	                           (33, 0.0),
[92mINFO [0m:      	                           (34, 0.0),
[92mINFO [0m:      	                           (35, 0.0),
[92mINFO [0m:      	                           (36, 0.0),
[92mINFO [0m:      	                           (37, 0.0),
[92mINFO [0m:      	                           (38, 0.0),
[92mINFO [0m:      	                           (39, 0.0),
[92mINFO [0m:      	                           (40, 0.0),
[92mINFO [0m:      	                           (41, 0.0),
[92mINFO [0m:      	                           (42, 0.0),
[92mINFO [0m:      	                           (43, 0.0),
[92mINFO [0m:      	                           (44, 0.0),
[92mINFO [0m:      	                           (45, 0.0),
[92mINFO [0m:      	                           (46, 0.0),
[92mINFO [0m:      	                           (47, 0.0),
[92mINFO [0m:      	                           (48, 0.0),
[92mINFO [0m:      	                           (49, 0.0),
[92mINFO [0m:      	                           (50, 0.0),
[92mINFO [0m:      	                           (51, 0.0),
[92mINFO [0m:      	                           (52, 0.0),
[92mINFO [0m:      	                           (53, 0.0),
[92mINFO [0m:      	                           (54, 0.0),
[92mINFO [0m:      	                           (55, 0.0),
[92mINFO [0m:      	                           (56, 0.0),
[92mINFO [0m:      	                           (57, 0.0),
[92mINFO [0m:      	                           (58, 0.0),
[92mINFO [0m:      	                           (59, 0.0),
[92mINFO [0m:      	                           (60, 0.0)],
[92mINFO [0m:      	 'topk': [(1, 5.0),
[92mINFO [0m:      	          (2, 5.0),
[92mINFO [0m:      	          (3, 5.0),
[92mINFO [0m:      	          (4, 5.0),
[92mINFO [0m:      	          (5, 5.0),
[92mINFO [0m:      	          (6, 5.0),
[92mINFO [0m:      	          (7, 5.0),
[92mINFO [0m:      	          (8, 5.0),
[92mINFO [0m:      	          (9, 5.0),
[92mINFO [0m:      	          (10, 5.0),
[92mINFO [0m:      	          (11, 5.0),
[92mINFO [0m:      	          (12, 5.0),
[92mINFO [0m:      	          (13, 5.0),
[92mINFO [0m:      	          (14, 5.0),
[92mINFO [0m:      	          (15, 5.0),
[92mINFO [0m:      	          (16, 5.0),
[92mINFO [0m:      	          (17, 5.0),
[92mINFO [0m:      	          (18, 5.0),
[92mINFO [0m:      	          (19, 5.0),
[92mINFO [0m:      	          (20, 5.0),
[92mINFO [0m:      	          (21, 5.0),
[92mINFO [0m:      	          (22, 5.0),
[92mINFO [0m:      	          (23, 5.0),
[92mINFO [0m:      	          (24, 5.0),
[92mINFO [0m:      	          (25, 5.0),
[92mINFO [0m:      	          (26, 5.0),
[92mINFO [0m:      	          (27, 5.0),
[92mINFO [0m:      	          (28, 5.0),
[92mINFO [0m:      	          (29, 5.0),
[92mINFO [0m:      	          (30, 5.0),
[92mINFO [0m:      	          (31, 5.0),
[92mINFO [0m:      	          (32, 5.0),
[92mINFO [0m:      	          (33, 5.0),
[92mINFO [0m:      	          (34, 5.0),
[92mINFO [0m:      	          (35, 5.0),
[92mINFO [0m:      	          (36, 5.0),
[92mINFO [0m:      	          (37, 5.0),
[92mINFO [0m:      	          (38, 5.0),
[92mINFO [0m:      	          (39, 5.0),
[92mINFO [0m:      	          (40, 5.0),
[92mINFO [0m:      	          (41, 5.0),
[92mINFO [0m:      	          (42, 5.0),
[92mINFO [0m:      	          (43, 5.0),
[92mINFO [0m:      	          (44, 5.0),
[92mINFO [0m:      	          (45, 5.0),
[92mINFO [0m:      	          (46, 5.0),
[92mINFO [0m:      	          (47, 5.0),
[92mINFO [0m:      	          (48, 5.0),
[92mINFO [0m:      	          (49, 5.0),
[92mINFO [0m:      	          (50, 5.0),
[92mINFO [0m:      	          (51, 5.0),
[92mINFO [0m:      	          (52, 5.0),
[92mINFO [0m:      	          (53, 5.0),
[92mINFO [0m:      	          (54, 5.0),
[92mINFO [0m:      	          (55, 5.0),
[92mINFO [0m:      	          (56, 5.0),
[92mINFO [0m:      	          (57, 5.0),
[92mINFO [0m:      	          (58, 5.0),
[92mINFO [0m:      	          (59, 5.0),
[92mINFO [0m:      	          (60, 5.0)]}
[92mINFO [0m:      	History (metrics, centralized):
[92mINFO [0m:      	{'accuracy': [(0, 0.1),
[92mINFO [0m:      	              (1, 0.1866),
[92mINFO [0m:      	              (2, 0.2162),
[92mINFO [0m:      	              (3, 0.2692),
[92mINFO [0m:      	              (4, 0.2379),
[92mINFO [0m:      	              (5, 0.2536),
[92mINFO [0m:      	              (6, 0.3615),
[92mINFO [0m:      	              (7, 0.3577),
[92mINFO [0m:      	              (8, 0.3288),
[92mINFO [0m:      	              (9, 0.3012),
[92mINFO [0m:      	              (10, 0.3365),
[92mINFO [0m:      	              (11, 0.3977),
[92mINFO [0m:      	              (12, 0.4468),
[92mINFO [0m:      	              (13, 0.4218),
[92mINFO [0m:      	              (14, 0.3317),
[92mINFO [0m:      	              (15, 0.3798),
[92mINFO [0m:      	              (16, 0.5707),
[92mINFO [0m:      	              (17, 0.5004),
[92mINFO [0m:      	              (18, 0.4905),
[92mINFO [0m:      	              (19, 0.3858),
[92mINFO [0m:      	              (20, 0.5133),
[92mINFO [0m:      	              (21, 0.4309),
[92mINFO [0m:      	              (22, 0.5281),
[92mINFO [0m:      	              (23, 0.508),
[92mINFO [0m:      	              (24, 0.3974),
[92mINFO [0m:      	              (25, 0.5202),
[92mINFO [0m:      	              (26, 0.4896),
[92mINFO [0m:      	              (27, 0.5269),
[92mINFO [0m:      	              (28, 0.5232),
[92mINFO [0m:      	              (29, 0.5196),
[92mINFO [0m:      	              (30, 0.5768),
[92mINFO [0m:      	              (31, 0.4422),
[92mINFO [0m:      	              (32, 0.5006),
[92mINFO [0m:      	              (33, 0.5837),
[92mINFO [0m:      	              (34, 0.4403),
[92mINFO [0m:      	              (35, 0.5794),
[92mINFO [0m:      	              (36, 0.5996),
[92mINFO [0m:      	              (37, 0.6069),
[92mINFO [0m:      	              (38, 0.5743),
[92mINFO [0m:      	              (39, 0.5173),
[92mINFO [0m:      	              (40, 0.651),
[92mINFO [0m:      	              (41, 0.6069),
[92mINFO [0m:      	              (42, 0.3089),
[92mINFO [0m:      	              (43, 0.4165),
[92mINFO [0m:      	              (44, 0.4246),
[92mINFO [0m:      	              (45, 0.5281),
[92mINFO [0m:      	              (46, 0.5437),
[92mINFO [0m:      	              (47, 0.5853),
[92mINFO [0m:      	              (48, 0.6562),
[92mINFO [0m:      	              (49, 0.5533),
[92mINFO [0m:      	              (50, 0.5556),
[92mINFO [0m:      	              (51, 0.6983),
[92mINFO [0m:      	              (52, 0.6613),
[92mINFO [0m:      	              (53, 0.6613),
[92mINFO [0m:      	              (54, 0.6938),
[92mINFO [0m:      	              (55, 0.6938),
[92mINFO [0m:      	              (56, 0.6751),
[92mINFO [0m:      	              (57, 0.6751),
[92mINFO [0m:      	              (58, 0.7185),
[92mINFO [0m:      	              (59, 0.6663),
[92mINFO [0m:      	              (60, 0.7335)]}
[92mINFO [0m:      
[36m(ClientAppActor pid=513355)[0m [2026-03-06 03:14:31,581 E 513355 513910] core_worker_process.cc:825: Failed to establish connection to the metrics exporter agent. Metrics will not be exported. Exporter agent status: RpcError: Running out of retries to initialize the metrics agent. rpc_code: 14[32m [repeated 4x across cluster][0m
