/root/miniconda3/envs/moga-fl/lib/python3.10/site-packages/torch/cuda/__init__.py:65: FutureWarning: The pynvml package is deprecated. Please install nvidia-ml-py instead. If you did not install pynvml directly, please report this to the maintainers of the package that installed pynvml for you.
  import pynvml  # type: ignore[import]
[93mWARNING [0m:   DEPRECATED FEATURE: flwr.simulation.start_simulation() is deprecated.
	Instead, use the `flwr run` CLI command to start a local simulation in your Flower app, as shown for example below:

		$ flwr new  # Create a new Flower app from a template

		$ flwr run  # Run the Flower app in Simulation Mode

	Using `start_simulation()` is deprecated.

            This is a deprecated feature. It will be removed
            entirely in future versions of Flower.
        
[92mINFO [0m:      Starting Flower simulation, config: num_rounds=60, no round_timeout
2026-03-05 01:08:22,972	WARNING utils.py:460 -- Detecting docker specified CPUs. In previous versions of Ray, CPU detection in containers was incorrect. Please ensure that Ray has enough CPUs allocated. As a temporary workaround to revert to the prior behavior, set `RAY_USE_MULTIPROCESSING_CPU_COUNT=1` as an env var before starting Ray. Set the env var: `RAY_DISABLE_DOCKER_CPU_WARNING=1` to mute this warning.
2026-03-05 01:08:23,210	INFO worker.py:2012 -- Started a local Ray instance.
/root/miniconda3/envs/moga-fl/lib/python3.10/site-packages/ray/_private/worker.py:2051: FutureWarning: Tip: In future versions of Ray, Ray will no longer override accelerator visible devices env var if num_gpus=0 or num_gpus=None (default). To enable this behavior and turn off this error message, set RAY_ACCEL_ENV_VAR_OVERRIDE_ON_ZERO=0
  warnings.warn(
[92mINFO [0m:      Flower VCE: Ray initialized with resources: {'node:__internal_head__': 1.0, 'accelerator_type:G': 1.0, 'CPU': 25.0, 'GPU': 1.0, 'object_store_memory': 28247514316.0, 'node:172.17.0.6': 1.0, 'memory': 65910866740.0}
[92mINFO [0m:      Optimize your simulation with Flower VCE: https://flower.ai/docs/framework/how-to-run-simulations.html
[92mINFO [0m:      Flower VCE: Resources for each Virtual Client: {'num_cpus': 2.0, 'num_gpus': 0.25}
[92mINFO [0m:      Flower VCE: Creating VirtualClientEngineActorPool with 4 actors
[92mINFO [0m:      [INIT]
[92mINFO [0m:      Using initial global parameters provided by strategy
[92mINFO [0m:      Starting evaluation of initial global parameters
[92mINFO [0m:      initial parameters (loss, other metrics): 3.5699364686314063, {'accuracy': 0.1}
[92mINFO [0m:      
[92mINFO [0m:      [ROUND 1]
[92mINFO [0m:      configure_fit: strategy sampled 5 clients (out of 10)
[36m(ClientAppActor pid=139758)[0m /root/miniconda3/envs/moga-fl/lib/python3.10/site-packages/torch/cuda/__init__.py:65: FutureWarning: The pynvml package is deprecated. Please install nvidia-ml-py instead. If you did not install pynvml directly, please report this to the maintainers of the package that installed pynvml for you.
[36m(ClientAppActor pid=139758)[0m   import pynvml  # type: ignore[import]
[92mINFO [0m:      aggregate_fit: received 5 results and 0 failures
[92mINFO [0m:      fit progress: (1, 2.929268933549712, {'accuracy': 0.2885}, 14.67920537199825)
[92mINFO [0m:      configure_evaluate: no clients selected, skipping evaluation
[92mINFO [0m:      
[92mINFO [0m:      [ROUND 2]
[92mINFO [0m:      configure_fit: strategy sampled 5 clients (out of 10)
[92mINFO [0m:      aggregate_fit: received 5 results and 0 failures
[92mINFO [0m:      fit progress: (2, 2.171171580688863, {'accuracy': 0.1883}, 25.119901852682233)
[92mINFO [0m:      configure_evaluate: no clients selected, skipping evaluation
[92mINFO [0m:      
[92mINFO [0m:      [ROUND 3]
[92mINFO [0m:      configure_fit: strategy sampled 5 clients (out of 10)
[36m(pid=gcs_server)[0m [2026-03-05 01:08:52,467 E 139245 139245] (gcs_server) gcs_server.cc:302: Failed to establish connection to the event+metrics exporter agent. Events and metrics will not be exported. Exporter agent status: RpcError: Running out of retries to initialize the metrics agent. rpc_code: 14
[36m(ClientAppActor pid=139757)[0m /root/miniconda3/envs/moga-fl/lib/python3.10/site-packages/torch/cuda/__init__.py:65: FutureWarning: The pynvml package is deprecated. Please install nvidia-ml-py instead. If you did not install pynvml directly, please report this to the maintainers of the package that installed pynvml for you.[32m [repeated 3x across cluster] (Ray deduplicates logs by default. Set RAY_DEDUP_LOGS=0 to disable log deduplication, or see https://docs.ray.io/en/master/ray-observability/user-guides/configure-logging.html#log-deduplication for more options.)[0m
[36m(ClientAppActor pid=139757)[0m   import pynvml  # type: ignore[import][32m [repeated 3x across cluster][0m
[33m(raylet)[0m [2026-03-05 01:08:53,193 E 139620 139620] (raylet) main.cc:975: Failed to establish connection to the metrics exporter agent. Metrics will not be exported. Exporter agent status: RpcError: Running out of retries to initialize the metrics agent. rpc_code: 14[2026-03-05 01:08:53,859 E 139108 139753] core_worker_process.cc:825: Failed to establish connection to the metrics exporter agent. Metrics will not be exported. Exporter agent status: RpcError: Running out of retries to initialize the metrics agent. rpc_code: 14

[36m(ClientAppActor pid=139757)[0m [2026-03-05 01:08:53,562 E 139757 140061] core_worker_process.cc:825: Failed to establish connection to the metrics exporter agent. Metrics will not be exported. Exporter agent status: RpcError: Running out of retries to initialize the metrics agent. rpc_code: 14
[92mINFO [0m:      aggregate_fit: received 5 results and 0 failures
[92mINFO [0m:      fit progress: (3, 2.171171580688863, {'accuracy': 0.1883}, 34.68256811890751)
[92mINFO [0m:      configure_evaluate: no clients selected, skipping evaluation
[92mINFO [0m:      
[92mINFO [0m:      [ROUND 4]
[92mINFO [0m:      configure_fit: strategy sampled 5 clients (out of 10)
[92mINFO [0m:      aggregate_fit: received 5 results and 0 failures
[92mINFO [0m:      fit progress: (4, 1.9225057257881648, {'accuracy': 0.2994}, 45.68979730363935)
[92mINFO [0m:      configure_evaluate: no clients selected, skipping evaluation
[92mINFO [0m:      
[92mINFO [0m:      [ROUND 5]
[92mINFO [0m:      configure_fit: strategy sampled 5 clients (out of 10)
[92mINFO [0m:      aggregate_fit: received 5 results and 0 failures
[92mINFO [0m:      fit progress: (5, 1.9225057257881648, {'accuracy': 0.2994}, 56.43471789173782)
[92mINFO [0m:      configure_evaluate: no clients selected, skipping evaluation
[92mINFO [0m:      
[92mINFO [0m:      [ROUND 6]
[92mINFO [0m:      configure_fit: strategy sampled 5 clients (out of 10)
[92mINFO [0m:      aggregate_fit: received 5 results and 0 failures
[92mINFO [0m:      fit progress: (6, 1.6388225570509705, {'accuracy': 0.4118}, 69.59853205922991)
[92mINFO [0m:      configure_evaluate: no clients selected, skipping evaluation
[92mINFO [0m:      
[92mINFO [0m:      [ROUND 7]
[92mINFO [0m:      configure_fit: strategy sampled 5 clients (out of 10)
[92mINFO [0m:      aggregate_fit: received 5 results and 0 failures
[92mINFO [0m:      fit progress: (7, 1.6388225570509705, {'accuracy': 0.4118}, 79.54686283227056)
[92mINFO [0m:      configure_evaluate: no clients selected, skipping evaluation
[92mINFO [0m:      
[92mINFO [0m:      [ROUND 8]
[92mINFO [0m:      configure_fit: strategy sampled 5 clients (out of 10)
[92mINFO [0m:      aggregate_fit: received 5 results and 0 failures
[92mINFO [0m:      fit progress: (8, 1.5172983694680129, {'accuracy': 0.4487}, 92.80776009894907)
[92mINFO [0m:      configure_evaluate: no clients selected, skipping evaluation
[92mINFO [0m:      
[92mINFO [0m:      [ROUND 9]
[92mINFO [0m:      configure_fit: strategy sampled 5 clients (out of 10)
[92mINFO [0m:      aggregate_fit: received 5 results and 0 failures
[92mINFO [0m:      fit progress: (9, 1.5172983694680129, {'accuracy': 0.4487}, 103.06296180654317)
[92mINFO [0m:      configure_evaluate: no clients selected, skipping evaluation
[92mINFO [0m:      
[92mINFO [0m:      [ROUND 10]
[92mINFO [0m:      configure_fit: strategy sampled 5 clients (out of 10)
[92mINFO [0m:      aggregate_fit: received 5 results and 0 failures
[92mINFO [0m:      fit progress: (10, 1.4187574914739103, {'accuracy': 0.4724}, 114.12263665813953)
[92mINFO [0m:      configure_evaluate: no clients selected, skipping evaluation
[92mINFO [0m:      
[92mINFO [0m:      [ROUND 11]
[92mINFO [0m:      configure_fit: strategy sampled 5 clients (out of 10)
[92mINFO [0m:      aggregate_fit: received 5 results and 0 failures
[92mINFO [0m:      fit progress: (11, 1.4187574914739103, {'accuracy': 0.4724}, 126.65787520445883)
[92mINFO [0m:      configure_evaluate: no clients selected, skipping evaluation
[92mINFO [0m:      
[92mINFO [0m:      [ROUND 12]
[92mINFO [0m:      configure_fit: strategy sampled 5 clients (out of 10)
[92mINFO [0m:      aggregate_fit: received 5 results and 0 failures
[92mINFO [0m:      fit progress: (12, 1.2225349311587177, {'accuracy': 0.5487}, 138.0580611275509)
[92mINFO [0m:      configure_evaluate: no clients selected, skipping evaluation
[92mINFO [0m:      
[92mINFO [0m:      [ROUND 13]
[92mINFO [0m:      configure_fit: strategy sampled 5 clients (out of 10)
[92mINFO [0m:      aggregate_fit: received 5 results and 0 failures
[92mINFO [0m:      fit progress: (13, 1.2225349311587177, {'accuracy': 0.5487}, 149.7563970470801)
[92mINFO [0m:      configure_evaluate: no clients selected, skipping evaluation
[92mINFO [0m:      
[92mINFO [0m:      [ROUND 14]
[92mINFO [0m:      configure_fit: strategy sampled 5 clients (out of 10)
[92mINFO [0m:      aggregate_fit: received 5 results and 0 failures
[92mINFO [0m:      fit progress: (14, 1.3614879152442836, {'accuracy': 0.4932}, 159.59594516083598)
[92mINFO [0m:      configure_evaluate: no clients selected, skipping evaluation
[92mINFO [0m:      
[92mINFO [0m:      [ROUND 15]
[92mINFO [0m:      configure_fit: strategy sampled 5 clients (out of 10)
[92mINFO [0m:      aggregate_fit: received 5 results and 0 failures
[92mINFO [0m:      fit progress: (15, 1.3614879152442836, {'accuracy': 0.4932}, 168.76564574148506)
[92mINFO [0m:      configure_evaluate: no clients selected, skipping evaluation
[92mINFO [0m:      
[92mINFO [0m:      [ROUND 16]
[92mINFO [0m:      configure_fit: strategy sampled 5 clients (out of 10)
[92mINFO [0m:      aggregate_fit: received 5 results and 0 failures
[92mINFO [0m:      fit progress: (16, 1.2959015324145933, {'accuracy': 0.5508}, 179.18456028122455)
[92mINFO [0m:      configure_evaluate: no clients selected, skipping evaluation
[92mINFO [0m:      
[92mINFO [0m:      [ROUND 17]
[92mINFO [0m:      configure_fit: strategy sampled 5 clients (out of 10)
[92mINFO [0m:      aggregate_fit: received 5 results and 0 failures
[92mINFO [0m:      fit progress: (17, 1.2959015324145933, {'accuracy': 0.5508}, 191.22948797047138)
[92mINFO [0m:      configure_evaluate: no clients selected, skipping evaluation
[92mINFO [0m:      
[92mINFO [0m:      [ROUND 18]
[92mINFO [0m:      configure_fit: strategy sampled 5 clients (out of 10)
[92mINFO [0m:      aggregate_fit: received 5 results and 0 failures
[92mINFO [0m:      fit progress: (18, 1.172763272176815, {'accuracy': 0.5912}, 202.89750213734806)
[92mINFO [0m:      configure_evaluate: no clients selected, skipping evaluation
[92mINFO [0m:      
[92mINFO [0m:      [ROUND 19]
[92mINFO [0m:      configure_fit: strategy sampled 5 clients (out of 10)
[92mINFO [0m:      aggregate_fit: received 5 results and 0 failures
[92mINFO [0m:      fit progress: (19, 1.172763272176815, {'accuracy': 0.5912}, 213.45501440390944)
[92mINFO [0m:      configure_evaluate: no clients selected, skipping evaluation
[92mINFO [0m:      
[92mINFO [0m:      [ROUND 20]
[92mINFO [0m:      configure_fit: strategy sampled 5 clients (out of 10)
[92mINFO [0m:      aggregate_fit: received 5 results and 0 failures
[92mINFO [0m:      fit progress: (20, 1.0965071448796913, {'accuracy': 0.593}, 223.7125945771113)
[92mINFO [0m:      configure_evaluate: no clients selected, skipping evaluation
[92mINFO [0m:      
[92mINFO [0m:      [ROUND 21]
[92mINFO [0m:      configure_fit: strategy sampled 5 clients (out of 10)
[92mINFO [0m:      aggregate_fit: received 5 results and 0 failures
[92mINFO [0m:      fit progress: (21, 1.0965071448796913, {'accuracy': 0.593}, 234.84775039274246)
[92mINFO [0m:      configure_evaluate: no clients selected, skipping evaluation
[92mINFO [0m:      
[92mINFO [0m:      [ROUND 22]
[92mINFO [0m:      configure_fit: strategy sampled 5 clients (out of 10)
[92mINFO [0m:      aggregate_fit: received 5 results and 0 failures
[92mINFO [0m:      fit progress: (22, 0.9923980371861518, {'accuracy': 0.6442}, 246.97957074735314)
[92mINFO [0m:      configure_evaluate: no clients selected, skipping evaluation
[92mINFO [0m:      
[92mINFO [0m:      [ROUND 23]
[92mINFO [0m:      configure_fit: strategy sampled 5 clients (out of 10)
[92mINFO [0m:      aggregate_fit: received 5 results and 0 failures
[92mINFO [0m:      fit progress: (23, 0.9923980371861518, {'accuracy': 0.6442}, 258.8650988852605)
[92mINFO [0m:      configure_evaluate: no clients selected, skipping evaluation
[92mINFO [0m:      
[92mINFO [0m:      [ROUND 24]
[92mINFO [0m:      configure_fit: strategy sampled 5 clients (out of 10)
[92mINFO [0m:      aggregate_fit: received 5 results and 0 failures
[92mINFO [0m:      fit progress: (24, 1.0841821862172476, {'accuracy': 0.6153}, 271.6866795010865)
[92mINFO [0m:      configure_evaluate: no clients selected, skipping evaluation
[92mINFO [0m:      
[92mINFO [0m:      [ROUND 25]
[92mINFO [0m:      configure_fit: strategy sampled 5 clients (out of 10)
[92mINFO [0m:      aggregate_fit: received 5 results and 0 failures
[92mINFO [0m:      fit progress: (25, 1.116278268113921, {'accuracy': 0.5953}, 283.37146131228656)
[92mINFO [0m:      configure_evaluate: no clients selected, skipping evaluation
[92mINFO [0m:      
[92mINFO [0m:      [ROUND 26]
[92mINFO [0m:      configure_fit: strategy sampled 5 clients (out of 10)
[92mINFO [0m:      aggregate_fit: received 5 results and 0 failures
[92mINFO [0m:      fit progress: (26, 1.1217298786851424, {'accuracy': 0.5967}, 296.7938461918384)
[92mINFO [0m:      configure_evaluate: no clients selected, skipping evaluation
[92mINFO [0m:      
[92mINFO [0m:      [ROUND 27]
[92mINFO [0m:      configure_fit: strategy sampled 5 clients (out of 10)
[92mINFO [0m:      aggregate_fit: received 5 results and 0 failures
[92mINFO [0m:      fit progress: (27, 1.13232389884659, {'accuracy': 0.6173}, 307.7221701852977)
[92mINFO [0m:      configure_evaluate: no clients selected, skipping evaluation
[92mINFO [0m:      
[92mINFO [0m:      [ROUND 28]
[92mINFO [0m:      configure_fit: strategy sampled 5 clients (out of 10)
[92mINFO [0m:      aggregate_fit: received 5 results and 0 failures
[92mINFO [0m:      fit progress: (28, 1.0350845652290537, {'accuracy': 0.6488}, 320.6508255004883)
[92mINFO [0m:      configure_evaluate: no clients selected, skipping evaluation
[92mINFO [0m:      
[92mINFO [0m:      [ROUND 29]
[92mINFO [0m:      configure_fit: strategy sampled 5 clients (out of 10)
[92mINFO [0m:      aggregate_fit: received 5 results and 0 failures
[92mINFO [0m:      fit progress: (29, 1.127951230429396, {'accuracy': 0.6023}, 333.47429689671844)
[92mINFO [0m:      configure_evaluate: no clients selected, skipping evaluation
[92mINFO [0m:      
[92mINFO [0m:      [ROUND 30]
[92mINFO [0m:      configure_fit: strategy sampled 5 clients (out of 10)
[92mINFO [0m:      aggregate_fit: received 5 results and 0 failures
[92mINFO [0m:      fit progress: (30, 0.9866939413396618, {'accuracy': 0.6467}, 344.23812998551875)
[92mINFO [0m:      configure_evaluate: no clients selected, skipping evaluation
[92mINFO [0m:      
[92mINFO [0m:      [ROUND 31]
[92mINFO [0m:      configure_fit: strategy sampled 5 clients (out of 10)
[92mINFO [0m:      aggregate_fit: received 5 results and 0 failures
[92mINFO [0m:      fit progress: (31, 1.0589578876012489, {'accuracy': 0.6367}, 354.95557904057205)
[92mINFO [0m:      configure_evaluate: no clients selected, skipping evaluation
[92mINFO [0m:      
[92mINFO [0m:      [ROUND 32]
[92mINFO [0m:      configure_fit: strategy sampled 5 clients (out of 10)
[92mINFO [0m:      aggregate_fit: received 5 results and 0 failures
[92mINFO [0m:      fit progress: (32, 1.0266765884206266, {'accuracy': 0.6476}, 368.2579518100247)
[92mINFO [0m:      configure_evaluate: no clients selected, skipping evaluation
[92mINFO [0m:      
[92mINFO [0m:      [ROUND 33]
[92mINFO [0m:      configure_fit: strategy sampled 5 clients (out of 10)
[92mINFO [0m:      aggregate_fit: received 5 results and 0 failures
[92mINFO [0m:      fit progress: (33, 0.8807998525945446, {'accuracy': 0.6931}, 379.75352810509503)
[92mINFO [0m:      configure_evaluate: no clients selected, skipping evaluation
[92mINFO [0m:      
[92mINFO [0m:      [ROUND 34]
[92mINFO [0m:      configure_fit: strategy sampled 5 clients (out of 10)
[92mINFO [0m:      aggregate_fit: received 5 results and 0 failures
[92mINFO [0m:      fit progress: (34, 0.9649364284322232, {'accuracy': 0.6615}, 392.40580050088465)
[92mINFO [0m:      configure_evaluate: no clients selected, skipping evaluation
[92mINFO [0m:      
[92mINFO [0m:      [ROUND 35]
[92mINFO [0m:      configure_fit: strategy sampled 5 clients (out of 10)
[92mINFO [0m:      aggregate_fit: received 5 results and 0 failures
[92mINFO [0m:      fit progress: (35, 0.9678090561794329, {'accuracy': 0.647}, 403.44070760626346)
[92mINFO [0m:      configure_evaluate: no clients selected, skipping evaluation
[92mINFO [0m:      
[92mINFO [0m:      [ROUND 36]
[92mINFO [0m:      configure_fit: strategy sampled 5 clients (out of 10)
[92mINFO [0m:      aggregate_fit: received 5 results and 0 failures
[92mINFO [0m:      fit progress: (36, 0.854388830782492, {'accuracy': 0.7055}, 415.29226492345333)
[92mINFO [0m:      configure_evaluate: no clients selected, skipping evaluation
[92mINFO [0m:      
[92mINFO [0m:      [ROUND 37]
[92mINFO [0m:      configure_fit: strategy sampled 5 clients (out of 10)
[92mINFO [0m:      aggregate_fit: received 5 results and 0 failures
[92mINFO [0m:      fit progress: (37, 0.8597141096863565, {'accuracy': 0.6945}, 427.71081863250583)
[92mINFO [0m:      configure_evaluate: no clients selected, skipping evaluation
[92mINFO [0m:      
[92mINFO [0m:      [ROUND 38]
[92mINFO [0m:      configure_fit: strategy sampled 5 clients (out of 10)
[92mINFO [0m:      aggregate_fit: received 5 results and 0 failures
[92mINFO [0m:      fit progress: (38, 1.0470569163938113, {'accuracy': 0.6488}, 438.46292220335454)
[92mINFO [0m:      configure_evaluate: no clients selected, skipping evaluation
[92mINFO [0m:      
[92mINFO [0m:      [ROUND 39]
[92mINFO [0m:      configure_fit: strategy sampled 5 clients (out of 10)
[92mINFO [0m:      aggregate_fit: received 5 results and 0 failures
[92mINFO [0m:      fit progress: (39, 0.7724740686295908, {'accuracy': 0.7289}, 449.2794952103868)
[92mINFO [0m:      configure_evaluate: no clients selected, skipping evaluation
[92mINFO [0m:      
[92mINFO [0m:      [ROUND 40]
[92mINFO [0m:      configure_fit: strategy sampled 5 clients (out of 10)
[92mINFO [0m:      aggregate_fit: received 5 results and 0 failures
[92mINFO [0m:      fit progress: (40, 0.9703830035426949, {'accuracy': 0.6632}, 460.7144607761875)
[92mINFO [0m:      configure_evaluate: no clients selected, skipping evaluation
[92mINFO [0m:      
[92mINFO [0m:      [ROUND 41]
[92mINFO [0m:      configure_fit: strategy sampled 5 clients (out of 10)
[92mINFO [0m:      aggregate_fit: received 5 results and 0 failures
[92mINFO [0m:      fit progress: (41, 1.4721470196035844, {'accuracy': 0.5772}, 471.32849157601595)
[92mINFO [0m:      configure_evaluate: no clients selected, skipping evaluation
[92mINFO [0m:      
[92mINFO [0m:      [ROUND 42]
[92mINFO [0m:      configure_fit: strategy sampled 5 clients (out of 10)
[92mINFO [0m:      aggregate_fit: received 5 results and 0 failures
[92mINFO [0m:      fit progress: (42, 1.450873180280758, {'accuracy': 0.6191}, 481.8569699553773)
[92mINFO [0m:      configure_evaluate: no clients selected, skipping evaluation
[92mINFO [0m:      
[92mINFO [0m:      [ROUND 43]
[92mINFO [0m:      configure_fit: strategy sampled 5 clients (out of 10)
[92mINFO [0m:      aggregate_fit: received 5 results and 0 failures
[92mINFO [0m:      fit progress: (43, 1.112195701538762, {'accuracy': 0.6413}, 490.7260871985927)
[92mINFO [0m:      configure_evaluate: no clients selected, skipping evaluation
[92mINFO [0m:      
[92mINFO [0m:      [ROUND 44]
[92mINFO [0m:      configure_fit: strategy sampled 5 clients (out of 10)
[92mINFO [0m:      aggregate_fit: received 5 results and 0 failures
[92mINFO [0m:      fit progress: (44, 0.9666297390491148, {'accuracy': 0.6903}, 503.37199689261615)
[92mINFO [0m:      configure_evaluate: no clients selected, skipping evaluation
[92mINFO [0m:      
[92mINFO [0m:      [ROUND 45]
[92mINFO [0m:      configure_fit: strategy sampled 5 clients (out of 10)
[92mINFO [0m:      aggregate_fit: received 5 results and 0 failures
[92mINFO [0m:      fit progress: (45, 0.8337849031520795, {'accuracy': 0.7176}, 512.9930892586708)
[92mINFO [0m:      configure_evaluate: no clients selected, skipping evaluation
[92mINFO [0m:      
[92mINFO [0m:      [ROUND 46]
[92mINFO [0m:      configure_fit: strategy sampled 5 clients (out of 10)
[92mINFO [0m:      aggregate_fit: received 5 results and 0 failures
[92mINFO [0m:      fit progress: (46, 1.4068993692156635, {'accuracy': 0.5955}, 524.2193730762228)
[92mINFO [0m:      configure_evaluate: no clients selected, skipping evaluation
[92mINFO [0m:      
[92mINFO [0m:      [ROUND 47]
[92mINFO [0m:      configure_fit: strategy sampled 5 clients (out of 10)
[92mINFO [0m:      aggregate_fit: received 5 results and 0 failures
[92mINFO [0m:      fit progress: (47, 0.8437540380260612, {'accuracy': 0.7187}, 537.1707768114284)
[92mINFO [0m:      configure_evaluate: no clients selected, skipping evaluation
[92mINFO [0m:      
[92mINFO [0m:      [ROUND 48]
[92mINFO [0m:      configure_fit: strategy sampled 5 clients (out of 10)
[92mINFO [0m:      aggregate_fit: received 5 results and 0 failures
[92mINFO [0m:      fit progress: (48, 0.9373301622233813, {'accuracy': 0.6957}, 547.9405248118564)
[92mINFO [0m:      configure_evaluate: no clients selected, skipping evaluation
[92mINFO [0m:      
[92mINFO [0m:      [ROUND 49]
[92mINFO [0m:      configure_fit: strategy sampled 5 clients (out of 10)
[92mINFO [0m:      aggregate_fit: received 5 results and 0 failures
[92mINFO [0m:      fit progress: (49, 0.9373301622233813, {'accuracy': 0.6957}, 558.6508403811604)
[92mINFO [0m:      configure_evaluate: no clients selected, skipping evaluation
[92mINFO [0m:      
[92mINFO [0m:      [ROUND 50]
[92mINFO [0m:      configure_fit: strategy sampled 5 clients (out of 10)
[92mINFO [0m:      aggregate_fit: received 5 results and 0 failures
[92mINFO [0m:      fit progress: (50, 0.8613869570478608, {'accuracy': 0.712}, 569.2380609279498)
[92mINFO [0m:      configure_evaluate: no clients selected, skipping evaluation
[92mINFO [0m:      
[92mINFO [0m:      [ROUND 51]
[92mINFO [0m:      configure_fit: strategy sampled 5 clients (out of 10)
[92mINFO [0m:      aggregate_fit: received 5 results and 0 failures
[92mINFO [0m:      fit progress: (51, 1.3516610725016533, {'accuracy': 0.6131}, 581.9937334991992)
[92mINFO [0m:      configure_evaluate: no clients selected, skipping evaluation
[92mINFO [0m:      
[92mINFO [0m:      [ROUND 52]
[92mINFO [0m:      configure_fit: strategy sampled 5 clients (out of 10)
[92mINFO [0m:      aggregate_fit: received 5 results and 0 failures
[92mINFO [0m:      fit progress: (52, 1.0694510770749441, {'accuracy': 0.6527}, 592.5336817316711)
[92mINFO [0m:      configure_evaluate: no clients selected, skipping evaluation
[92mINFO [0m:      
[92mINFO [0m:      [ROUND 53]
[92mINFO [0m:      configure_fit: strategy sampled 5 clients (out of 10)
[92mINFO [0m:      aggregate_fit: received 5 results and 0 failures
[92mINFO [0m:      fit progress: (53, 1.0694510770749441, {'accuracy': 0.6527}, 602.0649582827464)
[92mINFO [0m:      configure_evaluate: no clients selected, skipping evaluation
[92mINFO [0m:      
[92mINFO [0m:      [ROUND 54]
[92mINFO [0m:      configure_fit: strategy sampled 5 clients (out of 10)
[92mINFO [0m:      aggregate_fit: received 5 results and 0 failures
[92mINFO [0m:      fit progress: (54, 1.3124979070470304, {'accuracy': 0.6169}, 614.6502444474027)
[92mINFO [0m:      configure_evaluate: no clients selected, skipping evaluation
[92mINFO [0m:      
[92mINFO [0m:      [ROUND 55]
[92mINFO [0m:      configure_fit: strategy sampled 5 clients (out of 10)
[92mINFO [0m:      aggregate_fit: received 5 results and 0 failures
[92mINFO [0m:      fit progress: (55, 1.0208705127993716, {'accuracy': 0.68}, 623.2671291939914)
[92mINFO [0m:      configure_evaluate: no clients selected, skipping evaluation
[92mINFO [0m:      
[92mINFO [0m:      [ROUND 56]
[92mINFO [0m:      configure_fit: strategy sampled 5 clients (out of 10)
[92mINFO [0m:      aggregate_fit: received 5 results and 0 failures
[92mINFO [0m:      fit progress: (56, 1.0208705127993716, {'accuracy': 0.68}, 634.3968699816614)
[92mINFO [0m:      configure_evaluate: no clients selected, skipping evaluation
[92mINFO [0m:      
[92mINFO [0m:      [ROUND 57]
[92mINFO [0m:      configure_fit: strategy sampled 5 clients (out of 10)
[92mINFO [0m:      aggregate_fit: received 5 results and 0 failures
[92mINFO [0m:      fit progress: (57, 1.4552696173704123, {'accuracy': 0.6421}, 646.093787709251)
[92mINFO [0m:      configure_evaluate: no clients selected, skipping evaluation
[92mINFO [0m:      
[92mINFO [0m:      [ROUND 58]
[92mINFO [0m:      configure_fit: strategy sampled 5 clients (out of 10)
[92mINFO [0m:      aggregate_fit: received 5 results and 0 failures
[92mINFO [0m:      fit progress: (58, 0.8539426839804347, {'accuracy': 0.7175}, 656.9085179306567)
[92mINFO [0m:      configure_evaluate: no clients selected, skipping evaluation
[92mINFO [0m:      
[92mINFO [0m:      [ROUND 59]
[92mINFO [0m:      configure_fit: strategy sampled 5 clients (out of 10)
[92mINFO [0m:      aggregate_fit: received 5 results and 0 failures
[92mINFO [0m:      fit progress: (59, 0.9434821311431595, {'accuracy': 0.7139}, 668.6818654853851)
[92mINFO [0m:      configure_evaluate: no clients selected, skipping evaluation
[92mINFO [0m:      
[92mINFO [0m:      [ROUND 60]
[92mINFO [0m:      configure_fit: strategy sampled 5 clients (out of 10)
[92mINFO [0m:      aggregate_fit: received 5 results and 0 failures
[92mINFO [0m:      fit progress: (60, 1.2619125284726107, {'accuracy': 0.6573}, 678.4588137809187)
[92mINFO [0m:      configure_evaluate: no clients selected, skipping evaluation
[92mINFO [0m:      
[92mINFO [0m:      [SUMMARY]
[92mINFO [0m:      Run finished 60 round(s) in 678.46s
[92mINFO [0m:      	History (loss, centralized):
[92mINFO [0m:      		round 0: 3.5699364686314063
[92mINFO [0m:      		round 1: 2.929268933549712
[92mINFO [0m:      		round 2: 2.171171580688863
[92mINFO [0m:      		round 3: 2.171171580688863
[92mINFO [0m:      		round 4: 1.9225057257881648
[92mINFO [0m:      		round 5: 1.9225057257881648
[92mINFO [0m:      		round 6: 1.6388225570509705
[92mINFO [0m:      		round 7: 1.6388225570509705
[92mINFO [0m:      		round 8: 1.5172983694680129
[92mINFO [0m:      		round 9: 1.5172983694680129
[92mINFO [0m:      		round 10: 1.4187574914739103
[92mINFO [0m:      		round 11: 1.4187574914739103
[92mINFO [0m:      		round 12: 1.2225349311587177
[92mINFO [0m:      		round 13: 1.2225349311587177
[92mINFO [0m:      		round 14: 1.3614879152442836
[92mINFO [0m:      		round 15: 1.3614879152442836
[92mINFO [0m:      		round 16: 1.2959015324145933
[92mINFO [0m:      		round 17: 1.2959015324145933
[92mINFO [0m:      		round 18: 1.172763272176815
[92mINFO [0m:      		round 19: 1.172763272176815
[92mINFO [0m:      		round 20: 1.0965071448796913
[92mINFO [0m:      		round 21: 1.0965071448796913
[92mINFO [0m:      		round 22: 0.9923980371861518
[92mINFO [0m:      		round 23: 0.9923980371861518
[92mINFO [0m:      		round 24: 1.0841821862172476
[92mINFO [0m:      		round 25: 1.116278268113921
[92mINFO [0m:      		round 26: 1.1217298786851424
[92mINFO [0m:      		round 27: 1.13232389884659
[92mINFO [0m:      		round 28: 1.0350845652290537
[92mINFO [0m:      		round 29: 1.127951230429396
[92mINFO [0m:      		round 30: 0.9866939413396618
[92mINFO [0m:      		round 31: 1.0589578876012489
[92mINFO [0m:      		round 32: 1.0266765884206266
[92mINFO [0m:      		round 33: 0.8807998525945446
[92mINFO [0m:      		round 34: 0.9649364284322232
[92mINFO [0m:      		round 35: 0.9678090561794329
[92mINFO [0m:      		round 36: 0.854388830782492
[92mINFO [0m:      		round 37: 0.8597141096863565
[92mINFO [0m:      		round 38: 1.0470569163938113
[92mINFO [0m:      		round 39: 0.7724740686295908
[92mINFO [0m:      		round 40: 0.9703830035426949
[92mINFO [0m:      		round 41: 1.4721470196035844
[92mINFO [0m:      		round 42: 1.450873180280758
[92mINFO [0m:      		round 43: 1.112195701538762
[92mINFO [0m:      		round 44: 0.9666297390491148
[92mINFO [0m:      		round 45: 0.8337849031520795
[92mINFO [0m:      		round 46: 1.4068993692156635
[92mINFO [0m:      		round 47: 0.8437540380260612
[92mINFO [0m:      		round 48: 0.9373301622233813
[92mINFO [0m:      		round 49: 0.9373301622233813
[92mINFO [0m:      		round 50: 0.8613869570478608
[92mINFO [0m:      		round 51: 1.3516610725016533
[92mINFO [0m:      		round 52: 1.0694510770749441
[92mINFO [0m:      		round 53: 1.0694510770749441
[92mINFO [0m:      		round 54: 1.3124979070470304
[92mINFO [0m:      		round 55: 1.0208705127993716
[92mINFO [0m:      		round 56: 1.0208705127993716
[92mINFO [0m:      		round 57: 1.4552696173704123
[92mINFO [0m:      		round 58: 0.8539426839804347
[92mINFO [0m:      		round 59: 0.9434821311431595
[92mINFO [0m:      		round 60: 1.2619125284726107
[92mINFO [0m:      	History (metrics, distributed, fit):
[92mINFO [0m:      	{'accuracy': [(1, 0.2885),
[92mINFO [0m:      	              (2, 0.1883),
[92mINFO [0m:      	              (3, 0.1883),
[92mINFO [0m:      	              (4, 0.2994),
[92mINFO [0m:      	              (5, 0.2994),
[92mINFO [0m:      	              (6, 0.4118),
[92mINFO [0m:      	              (7, 0.4118),
[92mINFO [0m:      	              (8, 0.4487),
[92mINFO [0m:      	              (9, 0.4487),
[92mINFO [0m:      	              (10, 0.4724),
[92mINFO [0m:      	              (11, 0.4724),
[92mINFO [0m:      	              (12, 0.5487),
[92mINFO [0m:      	              (13, 0.5487),
[92mINFO [0m:      	              (14, 0.4932),
[92mINFO [0m:      	              (15, 0.4932),
[92mINFO [0m:      	              (16, 0.5508),
[92mINFO [0m:      	              (17, 0.5508),
[92mINFO [0m:      	              (18, 0.5912),
[92mINFO [0m:      	              (19, 0.5912),
[92mINFO [0m:      	              (20, 0.593),
[92mINFO [0m:      	              (21, 0.593),
[92mINFO [0m:      	              (22, 0.6442),
[92mINFO [0m:      	              (23, 0.6442),
[92mINFO [0m:      	              (24, 0.6153),
[92mINFO [0m:      	              (25, 0.5953),
[92mINFO [0m:      	              (26, 0.5967),
[92mINFO [0m:      	              (27, 0.6173),
[92mINFO [0m:      	              (28, 0.6488),
[92mINFO [0m:      	              (29, 0.6023),
[92mINFO [0m:      	              (30, 0.6467),
[92mINFO [0m:      	              (31, 0.6367),
[92mINFO [0m:      	              (32, 0.6476),
[92mINFO [0m:      	              (33, 0.6931),
[92mINFO [0m:      	              (34, 0.6615),
[92mINFO [0m:      	              (35, 0.647),
[92mINFO [0m:      	              (36, 0.7055),
[92mINFO [0m:      	              (37, 0.6945),
[92mINFO [0m:      	              (38, 0.6488),
[92mINFO [0m:      	              (39, 0.7289),
[92mINFO [0m:      	              (40, 0.6632),
[92mINFO [0m:      	              (41, 0.5772),
[92mINFO [0m:      	              (42, 0.6191),
[92mINFO [0m:      	              (43, 0.6413),
[92mINFO [0m:      	              (44, 0.6903),
[92mINFO [0m:      	              (45, 0.7176),
[92mINFO [0m:      	              (46, 0.5955),
[92mINFO [0m:      	              (47, 0.7187),
[92mINFO [0m:      	              (48, 0.6957),
[92mINFO [0m:      	              (49, 0.6957),
[92mINFO [0m:      	              (50, 0.712),
[92mINFO [0m:      	              (51, 0.6131),
[92mINFO [0m:      	              (52, 0.6527),
[92mINFO [0m:      	              (53, 0.6527),
[92mINFO [0m:      	              (54, 0.6169),
[92mINFO [0m:      	              (55, 0.68),
[92mINFO [0m:      	              (56, 0.68),
[92mINFO [0m:      	              (57, 0.6421),
[92mINFO [0m:      	              (58, 0.7175),
[92mINFO [0m:      	              (59, 0.7139),
[92mINFO [0m:      	              (60, 0.6573)],
[92mINFO [0m:      	 'avg_per': [(1, 0.6942569897333837),
[92mINFO [0m:      	             (2, 0.7633525243316861),
[92mINFO [0m:      	             (3, 0.6512238395411831),
[92mINFO [0m:      	             (4, 0.69033680857138),
[92mINFO [0m:      	             (5, 0.6351656482639443),
[92mINFO [0m:      	             (6, 0.7197075896646433),
[92mINFO [0m:      	             (7, 0.7414721553081737),
[92mINFO [0m:      	             (8, 0.6818792035650658),
[92mINFO [0m:      	             (9, 0.7506274780530553),
[92mINFO [0m:      	             (10, 0.6264595570114061),
[92mINFO [0m:      	             (11, 0.7048064786522639),
[92mINFO [0m:      	             (12, 0.6547688798233392),
[92mINFO [0m:      	             (13, 0.7209213567708879),
[92mINFO [0m:      	             (14, 0.6686986498525583),
[92mINFO [0m:      	             (15, 0.6825704474685175),
[92mINFO [0m:      	             (16, 0.741631892197099),
[92mINFO [0m:      	             (17, 0.7339355884871936),
[92mINFO [0m:      	             (18, 0.7316741754218603),
[92mINFO [0m:      	             (19, 0.646062032006875),
[92mINFO [0m:      	             (20, 0.6717984118869821),
[92mINFO [0m:      	             (21, 0.08324839889739818),
[92mINFO [0m:      	             (22, 0.12042741232550351),
[92mINFO [0m:      	             (23, 0.10091470268746375),
[92mINFO [0m:      	             (24, 0.10384415364322094),
[92mINFO [0m:      	             (25, 0.08116997935412715),
[92mINFO [0m:      	             (26, 0.06052247053626218),
[92mINFO [0m:      	             (27, 0.057539003978809865),
[92mINFO [0m:      	             (28, 0.10950215487073164),
[92mINFO [0m:      	             (29, 0.09564076944405911),
[92mINFO [0m:      	             (30, 0.07083887648515061),
[92mINFO [0m:      	             (31, 0.05994765378435746),
[92mINFO [0m:      	             (32, 0.09138310444668193),
[92mINFO [0m:      	             (33, 0.07405048061586413),
[92mINFO [0m:      	             (34, 0.08007807469824808),
[92mINFO [0m:      	             (35, 0.06066246979922533),
[92mINFO [0m:      	             (36, 0.06306311641872872),
[92mINFO [0m:      	             (37, 0.07350979253401943),
[92mINFO [0m:      	             (38, 0.07375603078362805),
[92mINFO [0m:      	             (39, 0.03776608979856294),
[92mINFO [0m:      	             (40, 0.08947749475243981),
[92mINFO [0m:      	             (41, 0.7079094970950963),
[92mINFO [0m:      	             (42, 0.67586080852159),
[92mINFO [0m:      	             (43, 0.7421250962300681),
[92mINFO [0m:      	             (44, 0.6696191379468381),
[92mINFO [0m:      	             (45, 0.6321985434423666),
[92mINFO [0m:      	             (46, 0.6589444112517793),
[92mINFO [0m:      	             (47, 0.706868313639514),
[92mINFO [0m:      	             (48, 0.6869160296149579),
[92mINFO [0m:      	             (49, 0.7190268139928622),
[92mINFO [0m:      	             (50, 0.6192384091720354),
[92mINFO [0m:      	             (51, 0.7213716413306732),
[92mINFO [0m:      	             (52, 0.6859675236737115),
[92mINFO [0m:      	             (53, 0.660284954987813),
[92mINFO [0m:      	             (54, 0.7717627343159037),
[92mINFO [0m:      	             (55, 0.7388875586219077),
[92mINFO [0m:      	             (56, 0.7251065922273752),
[92mINFO [0m:      	             (57, 0.7753127633825356),
[92mINFO [0m:      	             (58, 0.6087762480044672),
[92mINFO [0m:      	             (59, 0.756881667745205),
[92mINFO [0m:      	             (60, 0.6699233606363941)],
[92mINFO [0m:      	 'bw_factor': [(1, 1.0),
[92mINFO [0m:      	               (2, 0.8),
[92mINFO [0m:      	               (3, 0.8124876508647888),
[92mINFO [0m:      	               (4, 0.8111230174327353),
[92mINFO [0m:      	               (5, 0.8151117612757106),
[92mINFO [0m:      	               (6, 0.8272023210091973),
[92mINFO [0m:      	               (7, 0.8266984855967333),
[92mINFO [0m:      	               (8, 0.8310709506821624),
[92mINFO [0m:      	               (9, 0.8303276271009108),
[92mINFO [0m:      	               (10, 0.8394701718940654),
[92mINFO [0m:      	               (11, 0.8321545038188317),
[92mINFO [0m:      	               (12, 0.8400309566121424),
[92mINFO [0m:      	               (13, 0.8458832690005271),
[92mINFO [0m:      	               (14, 0.8465058458346771),
[92mINFO [0m:      	               (15, 0.8416520296147478),
[92mINFO [0m:      	               (16, 0.8086484679704271),
[92mINFO [0m:      	               (17, 0.8763427050706922),
[92mINFO [0m:      	               (18, 0.8626332201576064),
[92mINFO [0m:      	               (19, 0.8667163092095012),
[92mINFO [0m:      	               (20, 0.8668892694105911),
[92mINFO [0m:      	               (21, 0.8696588322300124),
[92mINFO [0m:      	               (22, 0.8527826839067262),
[92mINFO [0m:      	               (23, 0.8444795213323013),
[92mINFO [0m:      	               (24, 0.8440484826950776),
[92mINFO [0m:      	               (25, 0.8362201803357742),
[92mINFO [0m:      	               (26, 0.8525133421043243),
[92mINFO [0m:      	               (27, 0.8352332893243933),
[92mINFO [0m:      	               (28, 0.8363313446125415),
[92mINFO [0m:      	               (29, 0.8400419885375132),
[92mINFO [0m:      	               (30, 0.8322571609176984),
[92mINFO [0m:      	               (31, 0.8493077040428957),
[92mINFO [0m:      	               (32, 0.8372396543843337),
[92mINFO [0m:      	               (33, 0.8412843156350626),
[92mINFO [0m:      	               (34, 0.8457391635471572),
[92mINFO [0m:      	               (35, 0.8348455905930049),
[92mINFO [0m:      	               (36, 0.8496708782464999),
[92mINFO [0m:      	               (37, 0.8364282213039589),
[92mINFO [0m:      	               (38, 0.838130872846119),
[92mINFO [0m:      	               (39, 0.8488350850627993),
[92mINFO [0m:      	               (40, 0.8454754361683514),
[92mINFO [0m:      	               (41, 0.8615139400520935),
[92mINFO [0m:      	               (42, 0.8602554870657316),
[92mINFO [0m:      	               (43, 0.8590259992943072),
[92mINFO [0m:      	               (44, 0.8829501518164068),
[92mINFO [0m:      	               (45, 0.877411092210724),
[92mINFO [0m:      	               (46, 0.8862684298926851),
[92mINFO [0m:      	               (47, 0.8965862530044673),
[92mINFO [0m:      	               (48, 0.9059283144251072),
[92mINFO [0m:      	               (49, 0.9058236007724423),
[92mINFO [0m:      	               (50, 0.900707555077796),
[92mINFO [0m:      	               (51, 0.9047595535045405),
[92mINFO [0m:      	               (52, 0.8223790001371037),
[92mINFO [0m:      	               (53, 0.8242324297361558),
[92mINFO [0m:      	               (54, 0.8393267283737426),
[92mINFO [0m:      	               (55, 0.8651746341315669),
[92mINFO [0m:      	               (56, 0.8717352788346266),
[92mINFO [0m:      	               (57, 0.8571593472405169),
[92mINFO [0m:      	               (58, 0.8496624104443256),
[92mINFO [0m:      	               (59, 0.8545657983432974),
[92mINFO [0m:      	               (60, 0.8576766351617775)],
[92mINFO [0m:      	 'energy': [(1, 124.85573840356301),
[92mINFO [0m:      	            (2, 109.26418970707208),
[92mINFO [0m:      	            (3, 119.61569877745589),
[92mINFO [0m:      	            (4, 131.12174576284747),
[92mINFO [0m:      	            (5, 146.58324050014775),
[92mINFO [0m:      	            (6, 161.11752031730308),
[92mINFO [0m:      	            (7, 105.52608413268969),
[92mINFO [0m:      	            (8, 133.51699480694026),
[92mINFO [0m:      	            (9, 117.1227575708889),
[92mINFO [0m:      	            (10, 92.03868832926847),
[92mINFO [0m:      	            (11, 155.8067753206149),
[92mINFO [0m:      	            (12, 115.28039637887818),
[92mINFO [0m:      	            (13, 115.1827237925242),
[92mINFO [0m:      	            (14, 107.16383739379027),
[92mINFO [0m:      	            (15, 103.55465163630265),
[92mINFO [0m:      	            (16, 221.22806243115454),
[92mINFO [0m:      	            (17, 175.8411794775472),
[92mINFO [0m:      	            (18, 89.0979598000995),
[92mINFO [0m:      	            (19, 102.789378633006),
[92mINFO [0m:      	            (20, 90.658375592457),
[92mINFO [0m:      	            (21, 145.3165574713448),
[92mINFO [0m:      	            (22, 160.5206477330491),
[92mINFO [0m:      	            (23, 104.17319065790849),
[92mINFO [0m:      	            (24, 115.7904588997676),
[92mINFO [0m:      	            (25, 93.00877985720449),
[92mINFO [0m:      	            (26, 136.35157249540393),
[92mINFO [0m:      	            (27, 151.82321374167407),
[92mINFO [0m:      	            (28, 104.52322118496318),
[92mINFO [0m:      	            (29, 116.64713081050925),
[92mINFO [0m:      	            (30, 84.57820742923462),
[92mINFO [0m:      	            (31, 135.57450438597624),
[92mINFO [0m:      	            (32, 154.89938024726422),
[92mINFO [0m:      	            (33, 102.84606719692393),
[92mINFO [0m:      	            (34, 118.3263614147655),
[92mINFO [0m:      	            (35, 89.64594699570016),
[92mINFO [0m:      	            (36, 136.83785671757903),
[92mINFO [0m:      	            (37, 154.11319186112124),
[92mINFO [0m:      	            (38, 85.3331551933375),
[92mINFO [0m:      	            (39, 100.00127128882121),
[92mINFO [0m:      	            (40, 87.40295619356941),
[92mINFO [0m:      	            (41, 151.95212150490437),
[92mINFO [0m:      	            (42, 186.51282034146007),
[92mINFO [0m:      	            (43, 317.575587101882),
[92mINFO [0m:      	            (44, 122.58435831890996),
[92mINFO [0m:      	            (45, 95.6946372147358),
[92mINFO [0m:      	            (46, 120.97904569470803),
[92mINFO [0m:      	            (47, 384.89342624737935),
[92mINFO [0m:      	            (48, 123.39043024989215),
[92mINFO [0m:      	            (49, 135.0772843397467),
[92mINFO [0m:      	            (50, 89.7872945423338),
[92mINFO [0m:      	            (51, 136.4411066776253),
[92mINFO [0m:      	            (52, 118.33275053701735),
[92mINFO [0m:      	            (53, 93.88762812704879),
[92mINFO [0m:      	            (54, 205.51723047235453),
[92mINFO [0m:      	            (55, 109.47459608790628),
[92mINFO [0m:      	            (56, 178.24485239253545),
[92mINFO [0m:      	            (57, 124.70262187463959),
[92mINFO [0m:      	            (58, 106.03588578742273),
[92mINFO [0m:      	            (59, 221.49504666086202),
[92mINFO [0m:      	            (60, 98.71215888689356)],
[92mINFO [0m:      	 'est_upload_time': [(1, 8.431738403563005),
[92mINFO [0m:      	                     (2, 10.464189707072082),
[92mINFO [0m:      	                     (3, 17.815698777455886),
[92mINFO [0m:      	                     (4, 7.601745762847444),
[92mINFO [0m:      	                     (5, 31.643240500147776),
[92mINFO [0m:      	                     (6, 13.881520317303087),
[92mINFO [0m:      	                     (7, 11.338084132689689),
[92mINFO [0m:      	                     (8, 10.596994806940266),
[92mINFO [0m:      	                     (9, 21.982757570888904),
[92mINFO [0m:      	                     (10, 7.310688329268467),
[92mINFO [0m:      	                     (11, 8.570775320614887),
[92mINFO [0m:      	                     (12, 5.488396378878187),
[92mINFO [0m:      	                     (13, 9.002723792524199),
[92mINFO [0m:      	                     (14, 14.45583739379027),
[92mINFO [0m:      	                     (15, 25.338651636302647),
[92mINFO [0m:      	                     (16, 89.36406243115451),
[92mINFO [0m:      	                     (17, 28.605179477547175),
[92mINFO [0m:      	                     (18, 9.533959800099506),
[92mINFO [0m:      	                     (19, 10.081378633005981),
[92mINFO [0m:      	                     (20, 7.298375592457009),
[92mINFO [0m:      	                     (21, 13.452557471344788),
[92mINFO [0m:      	                     (22, 13.284647733049097),
[92mINFO [0m:      	                     (23, 4.625190657908492),
[92mINFO [0m:      	                     (24, 8.842458899767603),
[92mINFO [0m:      	                     (25, 9.648779857204495),
[92mINFO [0m:      	                     (26, 4.48757249540394),
[92mINFO [0m:      	                     (27, 4.587213741674073),
[92mINFO [0m:      	                     (28, 4.975221184963175),
[92mINFO [0m:      	                     (29, 3.955130810509247),
[92mINFO [0m:      	                     (30, 6.962207429234628),
[92mINFO [0m:      	                     (31, 3.710504385976226),
[92mINFO [0m:      	                     (32, 7.663380247264217),
[92mINFO [0m:      	                     (33, 3.2980671969239075),
[92mINFO [0m:      	                     (34, 5.6343614147654995),
[92mINFO [0m:      	                     (35, 6.2859469957001695),
[92mINFO [0m:      	                     (36, 4.973856717579012),
[92mINFO [0m:      	                     (37, 6.877191861121238),
[92mINFO [0m:      	                     (38, 5.769155193337512),
[92mINFO [0m:      	                     (39, 7.293271288821216),
[92mINFO [0m:      	                     (40, 4.042956193569426),
[92mINFO [0m:      	                     (41, 20.08812150490435),
[92mINFO [0m:      	                     (42, 55.24882034146009),
[92mINFO [0m:      	                     (43, 216.127587101882),
[92mINFO [0m:      	                     (44, 5.576358318909954),
[92mINFO [0m:      	                     (45, 10.966637214735808),
[92mINFO [0m:      	                     (46, 3.95504569470803),
[92mINFO [0m:      	                     (47, 253.62942624737937),
[92mINFO [0m:      	                     (48, 21.94243024989214),
[92mINFO [0m:      	                     (49, 18.069284339746712),
[92mINFO [0m:      	                     (50, 5.059294542333798),
[92mINFO [0m:      	                     (51, 11.0891066776253),
[92mINFO [0m:      	                     (52, 17.880750537017352),
[92mINFO [0m:      	                     (53, 8.411628127048788),
[92mINFO [0m:      	                     (54, 66.62523047235452),
[92mINFO [0m:      	                     (55, 30.65859608790628),
[92mINFO [0m:      	                     (56, 46.98085239253547),
[92mINFO [0m:      	                     (57, 15.322621874639598),
[92mINFO [0m:      	                     (58, 5.935885787422736),
[92mINFO [0m:      	                     (59, 82.60304666086205),
[92mINFO [0m:      	                     (60, 12.636158886893556)],
[92mINFO [0m:      	 'jain': [(1, 0.49999999999999),
[92mINFO [0m:      	          (2, 0.8333333333333264),
[92mINFO [0m:      	          (3, 0.8333333333333302),
[92mINFO [0m:      	          (4, 0.8333333333333316),
[92mINFO [0m:      	          (5, 0.7692307692307677),
[92mINFO [0m:      	          (6, 0.714285714285713),
[92mINFO [0m:      	          (7, 0.7407407407407394),
[92mINFO [0m:      	          (8, 0.714285714285713),
[92mINFO [0m:      	          (9, 0.7692307692307677),
[92mINFO [0m:      	          (10, 0.7692307692307677),
[92mINFO [0m:      	          (11, 0.7692307692307677),
[92mINFO [0m:      	          (12, 0.714285714285713),
[92mINFO [0m:      	          (13, 0.8333333333333316),
[92mINFO [0m:      	          (14, 0.8333333333333316),
[92mINFO [0m:      	          (15, 0.7999999999999984),
[92mINFO [0m:      	          (16, 0.7692307692307677),
[92mINFO [0m:      	          (17, 0.7692307692307677),
[92mINFO [0m:      	          (18, 0.7692307692307677),
[92mINFO [0m:      	          (19, 0.7692307692307677),
[92mINFO [0m:      	          (20, 0.8333333333333316),
[92mINFO [0m:      	          (21, 0.8333333333333316),
[92mINFO [0m:      	          (22, 0.8333333333333316),
[92mINFO [0m:      	          (23, 0.8333333333333316),
[92mINFO [0m:      	          (24, 0.7999999999999984),
[92mINFO [0m:      	          (25, 0.909090909090907),
[92mINFO [0m:      	          (26, 0.909090909090907),
[92mINFO [0m:      	          (27, 0.8695652173913024),
[92mINFO [0m:      	          (28, 0.8333333333333316),
[92mINFO [0m:      	          (29, 0.7692307692307677),
[92mINFO [0m:      	          (30, 0.909090909090907),
[92mINFO [0m:      	          (31, 0.909090909090907),
[92mINFO [0m:      	          (32, 0.8695652173913024),
[92mINFO [0m:      	          (33, 0.8695652173913024),
[92mINFO [0m:      	          (34, 0.7692307692307677),
[92mINFO [0m:      	          (35, 0.8333333333333316),
[92mINFO [0m:      	          (36, 0.8333333333333316),
[92mINFO [0m:      	          (37, 0.8333333333333316),
[92mINFO [0m:      	          (38, 0.8333333333333316),
[92mINFO [0m:      	          (39, 0.7692307692307677),
[92mINFO [0m:      	          (40, 0.8333333333333316),
[92mINFO [0m:      	          (41, 0.8333333333333316),
[92mINFO [0m:      	          (42, 0.7999999999999984),
[92mINFO [0m:      	          (43, 0.8333333333333316),
[92mINFO [0m:      	          (44, 0.7407407407407394),
[92mINFO [0m:      	          (45, 0.7692307692307677),
[92mINFO [0m:      	          (46, 0.7692307692307677),
[92mINFO [0m:      	          (47, 0.7692307692307677),
[92mINFO [0m:      	          (48, 0.7407407407407394),
[92mINFO [0m:      	          (49, 0.7692307692307677),
[92mINFO [0m:      	          (50, 0.7692307692307677),
[92mINFO [0m:      	          (51, 0.7692307692307677),
[92mINFO [0m:      	          (52, 0.8333333333333316),
[92mINFO [0m:      	          (53, 0.7999999999999984),
[92mINFO [0m:      	          (54, 0.8333333333333316),
[92mINFO [0m:      	          (55, 0.8333333333333316),
[92mINFO [0m:      	          (56, 0.7692307692307677),
[92mINFO [0m:      	          (57, 0.7999999999999984),
[92mINFO [0m:      	          (58, 0.7999999999999984),
[92mINFO [0m:      	          (59, 0.7999999999999984),
[92mINFO [0m:      	          (60, 0.8333333333333316)],
[92mINFO [0m:      	 'loss': [(1, 2.929268933549712),
[92mINFO [0m:      	          (2, 2.171171580688863),
[92mINFO [0m:      	          (3, 2.171171580688863),
[92mINFO [0m:      	          (4, 1.9225057257881648),
[92mINFO [0m:      	          (5, 1.9225057257881648),
[92mINFO [0m:      	          (6, 1.6388225570509705),
[92mINFO [0m:      	          (7, 1.6388225570509705),
[92mINFO [0m:      	          (8, 1.5172983694680129),
[92mINFO [0m:      	          (9, 1.5172983694680129),
[92mINFO [0m:      	          (10, 1.4187574914739103),
[92mINFO [0m:      	          (11, 1.4187574914739103),
[92mINFO [0m:      	          (12, 1.2225349311587177),
[92mINFO [0m:      	          (13, 1.2225349311587177),
[92mINFO [0m:      	          (14, 1.3614879152442836),
[92mINFO [0m:      	          (15, 1.3614879152442836),
[92mINFO [0m:      	          (16, 1.2959015324145933),
[92mINFO [0m:      	          (17, 1.2959015324145933),
[92mINFO [0m:      	          (18, 1.172763272176815),
[92mINFO [0m:      	          (19, 1.172763272176815),
[92mINFO [0m:      	          (20, 1.0965071448796913),
[92mINFO [0m:      	          (21, 1.0965071448796913),
[92mINFO [0m:      	          (22, 0.9923980371861518),
[92mINFO [0m:      	          (23, 0.9923980371861518),
[92mINFO [0m:      	          (24, 1.0841821862172476),
[92mINFO [0m:      	          (25, 1.116278268113921),
[92mINFO [0m:      	          (26, 1.1217298786851424),
[92mINFO [0m:      	          (27, 1.13232389884659),
[92mINFO [0m:      	          (28, 1.0350845652290537),
[92mINFO [0m:      	          (29, 1.127951230429396),
[92mINFO [0m:      	          (30, 0.9866939413396618),
[92mINFO [0m:      	          (31, 1.0589578876012489),
[92mINFO [0m:      	          (32, 1.0266765884206266),
[92mINFO [0m:      	          (33, 0.8807998525945446),
[92mINFO [0m:      	          (34, 0.9649364284322232),
[92mINFO [0m:      	          (35, 0.9678090561794329),
[92mINFO [0m:      	          (36, 0.854388830782492),
[92mINFO [0m:      	          (37, 0.8597141096863565),
[92mINFO [0m:      	          (38, 1.0470569163938113),
[92mINFO [0m:      	          (39, 0.7724740686295908),
[92mINFO [0m:      	          (40, 0.9703830035426949),
[92mINFO [0m:      	          (41, 1.4721470196035844),
[92mINFO [0m:      	          (42, 1.450873180280758),
[92mINFO [0m:      	          (43, 1.112195701538762),
[92mINFO [0m:      	          (44, 0.9666297390491148),
[92mINFO [0m:      	          (45, 0.8337849031520795),
[92mINFO [0m:      	          (46, 1.4068993692156635),
[92mINFO [0m:      	          (47, 0.8437540380260612),
[92mINFO [0m:      	          (48, 0.9373301622233813),
[92mINFO [0m:      	          (49, 0.9373301622233813),
[92mINFO [0m:      	          (50, 0.8613869570478608),
[92mINFO [0m:      	          (51, 1.3516610725016533),
[92mINFO [0m:      	          (52, 1.0694510770749441),
[92mINFO [0m:      	          (53, 1.0694510770749441),
[92mINFO [0m:      	          (54, 1.3124979070470304),
[92mINFO [0m:      	          (55, 1.0208705127993716),
[92mINFO [0m:      	          (56, 1.0208705127993716),
[92mINFO [0m:      	          (57, 1.4552696173704123),
[92mINFO [0m:      	          (58, 0.8539426839804347),
[92mINFO [0m:      	          (59, 0.9434821311431595),
[92mINFO [0m:      	          (60, 1.2619125284726107)],
[92mINFO [0m:      	 'mode': [(1, 'semi_sync'),
[92mINFO [0m:      	          (2, 'async'),
[92mINFO [0m:      	          (3, 'async'),
[92mINFO [0m:      	          (4, 'async'),
[92mINFO [0m:      	          (5, 'async'),
[92mINFO [0m:      	          (6, 'async'),
[92mINFO [0m:      	          (7, 'async'),
[92mINFO [0m:      	          (8, 'async'),
[92mINFO [0m:      	          (9, 'async'),
[92mINFO [0m:      	          (10, 'async'),
[92mINFO [0m:      	          (11, 'async'),
[92mINFO [0m:      	          (12, 'async'),
[92mINFO [0m:      	          (13, 'async'),
[92mINFO [0m:      	          (14, 'async'),
[92mINFO [0m:      	          (15, 'async'),
[92mINFO [0m:      	          (16, 'async'),
[92mINFO [0m:      	          (17, 'async'),
[92mINFO [0m:      	          (18, 'async'),
[92mINFO [0m:      	          (19, 'async'),
[92mINFO [0m:      	          (20, 'async'),
[92mINFO [0m:      	          (21, 'async'),
[92mINFO [0m:      	          (22, 'async'),
[92mINFO [0m:      	          (23, 'async'),
[92mINFO [0m:      	          (24, 'semi_sync'),
[92mINFO [0m:      	          (25, 'semi_sync'),
[92mINFO [0m:      	          (26, 'semi_sync'),
[92mINFO [0m:      	          (27, 'semi_sync'),
[92mINFO [0m:      	          (28, 'semi_sync'),
[92mINFO [0m:      	          (29, 'semi_sync'),
[92mINFO [0m:      	          (30, 'semi_sync'),
[92mINFO [0m:      	          (31, 'semi_sync'),
[92mINFO [0m:      	          (32, 'semi_sync'),
[92mINFO [0m:      	          (33, 'semi_sync'),
[92mINFO [0m:      	          (34, 'semi_sync'),
[92mINFO [0m:      	          (35, 'semi_sync'),
[92mINFO [0m:      	          (36, 'semi_sync'),
[92mINFO [0m:      	          (37, 'semi_sync'),
[92mINFO [0m:      	          (38, 'semi_sync'),
[92mINFO [0m:      	          (39, 'semi_sync'),
[92mINFO [0m:      	          (40, 'semi_sync'),
[92mINFO [0m:      	          (41, 'semi_sync'),
[92mINFO [0m:      	          (42, 'semi_sync'),
[92mINFO [0m:      	          (43, 'semi_sync'),
[92mINFO [0m:      	          (44, 'semi_sync'),
[92mINFO [0m:      	          (45, 'semi_sync'),
[92mINFO [0m:      	          (46, 'semi_sync'),
[92mINFO [0m:      	          (47, 'semi_sync'),
[92mINFO [0m:      	          (48, 'semi_sync'),
[92mINFO [0m:      	          (49, 'semi_sync'),
[92mINFO [0m:      	          (50, 'semi_sync'),
[92mINFO [0m:      	          (51, 'semi_sync'),
[92mINFO [0m:      	          (52, 'semi_sync'),
[92mINFO [0m:      	          (53, 'semi_sync'),
[92mINFO [0m:      	          (54, 'semi_sync'),
[92mINFO [0m:      	          (55, 'semi_sync'),
[92mINFO [0m:      	          (56, 'semi_sync'),
[92mINFO [0m:      	          (57, 'semi_sync'),
[92mINFO [0m:      	          (58, 'semi_sync'),
[92mINFO [0m:      	          (59, 'semi_sync'),
[92mINFO [0m:      	          (60, 'semi_sync')],
[92mINFO [0m:      	 'num_exhausted_clients': [(1, 0.0),
[92mINFO [0m:      	                           (2, 0.0),
[92mINFO [0m:      	                           (3, 0.0),
[92mINFO [0m:      	                           (4, 0.0),
[92mINFO [0m:      	                           (5, 0.0),
[92mINFO [0m:      	                           (6, 0.0),
[92mINFO [0m:      	                           (7, 0.0),
[92mINFO [0m:      	                           (8, 0.0),
[92mINFO [0m:      	                           (9, 0.0),
[92mINFO [0m:      	                           (10, 0.0),
[92mINFO [0m:      	                           (11, 0.0),
[92mINFO [0m:      	                           (12, 0.0),
[92mINFO [0m:      	                           (13, 0.0),
[92mINFO [0m:      	                           (14, 0.0),
[92mINFO [0m:      	                           (15, 0.0),
[92mINFO [0m:      	                           (16, 0.0),
[92mINFO [0m:      	                           (17, 0.0),
[92mINFO [0m:      	                           (18, 0.0),
[92mINFO [0m:      	                           (19, 0.0),
[92mINFO [0m:      	                           (20, 0.0),
[92mINFO [0m:      	                           (21, 0.0),
[92mINFO [0m:      	                           (22, 0.0),
[92mINFO [0m:      	                           (23, 0.0),
[92mINFO [0m:      	                           (24, 0.0),
[92mINFO [0m:      	                           (25, 0.0),
[92mINFO [0m:      	                           (26, 0.0),
[92mINFO [0m:      	                           (27, 0.0),
[92mINFO [0m:      	                           (28, 0.0),
[92mINFO [0m:      	                           (29, 0.0),
[92mINFO [0m:      	                           (30, 0.0),
[92mINFO [0m:      	                           (31, 0.0),
[92mINFO [0m:      	                           (32, 0.0),
[92mINFO [0m:      	                           (33, 0.0),
[92mINFO [0m:      	                           (34, 0.0),
[92mINFO [0m:      	                           (35, 0.0),
[92mINFO [0m:      	                           (36, 0.0),
[92mINFO [0m:      	                           (37, 0.0),
[92mINFO [0m:      	                           (38, 0.0),
[92mINFO [0m:      	                           (39, 0.0),
[92mINFO [0m:      	                           (40, 0.0),
[92mINFO [0m:      	                           (41, 0.0),
[92mINFO [0m:      	                           (42, 0.0),
[92mINFO [0m:      	                           (43, 0.0),
[92mINFO [0m:      	                           (44, 0.0),
[92mINFO [0m:      	                           (45, 0.0),
[92mINFO [0m:      	                           (46, 0.0),
[92mINFO [0m:      	                           (47, 0.0),
[92mINFO [0m:      	                           (48, 0.0),
[92mINFO [0m:      	                           (49, 0.0),
[92mINFO [0m:      	                           (50, 0.0),
[92mINFO [0m:      	                           (51, 0.0),
[92mINFO [0m:      	                           (52, 0.0),
[92mINFO [0m:      	                           (53, 0.0),
[92mINFO [0m:      	                           (54, 0.0),
[92mINFO [0m:      	                           (55, 0.0),
[92mINFO [0m:      	                           (56, 0.0),
[92mINFO [0m:      	                           (57, 0.0),
[92mINFO [0m:      	                           (58, 0.0),
[92mINFO [0m:      	                           (59, 0.0),
[92mINFO [0m:      	                           (60, 0.0)],
[92mINFO [0m:      	 'topk': [(1, 5.0),
[92mINFO [0m:      	          (2, 5.0),
[92mINFO [0m:      	          (3, 5.0),
[92mINFO [0m:      	          (4, 5.0),
[92mINFO [0m:      	          (5, 5.0),
[92mINFO [0m:      	          (6, 5.0),
[92mINFO [0m:      	          (7, 5.0),
[92mINFO [0m:      	          (8, 5.0),
[92mINFO [0m:      	          (9, 5.0),
[92mINFO [0m:      	          (10, 5.0),
[92mINFO [0m:      	          (11, 5.0),
[92mINFO [0m:      	          (12, 5.0),
[92mINFO [0m:      	          (13, 5.0),
[92mINFO [0m:      	          (14, 5.0),
[92mINFO [0m:      	          (15, 5.0),
[92mINFO [0m:      	          (16, 5.0),
[92mINFO [0m:      	          (17, 5.0),
[92mINFO [0m:      	          (18, 5.0),
[92mINFO [0m:      	          (19, 5.0),
[92mINFO [0m:      	          (20, 5.0),
[92mINFO [0m:      	          (21, 5.0),
[92mINFO [0m:      	          (22, 5.0),
[92mINFO [0m:      	          (23, 5.0),
[92mINFO [0m:      	          (24, 5.0),
[92mINFO [0m:      	          (25, 5.0),
[92mINFO [0m:      	          (26, 5.0),
[92mINFO [0m:      	          (27, 5.0),
[92mINFO [0m:      	          (28, 5.0),
[92mINFO [0m:      	          (29, 5.0),
[92mINFO [0m:      	          (30, 5.0),
[92mINFO [0m:      	          (31, 5.0),
[92mINFO [0m:      	          (32, 5.0),
[92mINFO [0m:      	          (33, 5.0),
[92mINFO [0m:      	          (34, 5.0),
[92mINFO [0m:      	          (35, 5.0),
[92mINFO [0m:      	          (36, 5.0),
[92mINFO [0m:      	          (37, 5.0),
[92mINFO [0m:      	          (38, 5.0),
[92mINFO [0m:      	          (39, 5.0),
[92mINFO [0m:      	          (40, 5.0),
[92mINFO [0m:      	          (41, 5.0),
[92mINFO [0m:      	          (42, 5.0),
[92mINFO [0m:      	          (43, 5.0),
[92mINFO [0m:      	          (44, 5.0),
[92mINFO [0m:      	          (45, 5.0),
[92mINFO [0m:      	          (46, 5.0),
[92mINFO [0m:      	          (47, 5.0),
[92mINFO [0m:      	          (48, 5.0),
[92mINFO [0m:      	          (49, 5.0),
[92mINFO [0m:      	          (50, 5.0),
[92mINFO [0m:      	          (51, 5.0),
[92mINFO [0m:      	          (52, 5.0),
[92mINFO [0m:      	          (53, 5.0),
[92mINFO [0m:      	          (54, 5.0),
[92mINFO [0m:      	          (55, 5.0),
[92mINFO [0m:      	          (56, 5.0),
[92mINFO [0m:      	          (57, 5.0),
[92mINFO [0m:      	          (58, 5.0),
[92mINFO [0m:      	          (59, 5.0),
[92mINFO [0m:      	          (60, 5.0)]}
[92mINFO [0m:      	History (metrics, centralized):
[92mINFO [0m:      	{'accuracy': [(0, 0.1),
[92mINFO [0m:      	              (1, 0.2885),
[92mINFO [0m:      	              (2, 0.1883),
[92mINFO [0m:      	              (3, 0.1883),
[92mINFO [0m:      	              (4, 0.2994),
[92mINFO [0m:      	              (5, 0.2994),
[92mINFO [0m:      	              (6, 0.4118),
[92mINFO [0m:      	              (7, 0.4118),
[92mINFO [0m:      	              (8, 0.4487),
[92mINFO [0m:      	              (9, 0.4487),
[92mINFO [0m:      	              (10, 0.4724),
[92mINFO [0m:      	              (11, 0.4724),
[92mINFO [0m:      	              (12, 0.5487),
[92mINFO [0m:      	              (13, 0.5487),
[92mINFO [0m:      	              (14, 0.4932),
[92mINFO [0m:      	              (15, 0.4932),
[92mINFO [0m:      	              (16, 0.5508),
[92mINFO [0m:      	              (17, 0.5508),
[92mINFO [0m:      	              (18, 0.5912),
[92mINFO [0m:      	              (19, 0.5912),
[92mINFO [0m:      	              (20, 0.593),
[92mINFO [0m:      	              (21, 0.593),
[92mINFO [0m:      	              (22, 0.6442),
[92mINFO [0m:      	              (23, 0.6442),
[92mINFO [0m:      	              (24, 0.6153),
[92mINFO [0m:      	              (25, 0.5953),
[92mINFO [0m:      	              (26, 0.5967),
[92mINFO [0m:      	              (27, 0.6173),
[92mINFO [0m:      	              (28, 0.6488),
[92mINFO [0m:      	              (29, 0.6023),
[92mINFO [0m:      	              (30, 0.6467),
[92mINFO [0m:      	              (31, 0.6367),
[92mINFO [0m:      	              (32, 0.6476),
[92mINFO [0m:      	              (33, 0.6931),
[92mINFO [0m:      	              (34, 0.6615),
[92mINFO [0m:      	              (35, 0.647),
[92mINFO [0m:      	              (36, 0.7055),
[92mINFO [0m:      	              (37, 0.6945),
[92mINFO [0m:      	              (38, 0.6488),
[92mINFO [0m:      	              (39, 0.7289),
[92mINFO [0m:      	              (40, 0.6632),
[92mINFO [0m:      	              (41, 0.5772),
[92mINFO [0m:      	              (42, 0.6191),
[92mINFO [0m:      	              (43, 0.6413),
[92mINFO [0m:      	              (44, 0.6903),
[92mINFO [0m:      	              (45, 0.7176),
[92mINFO [0m:      	              (46, 0.5955),
[92mINFO [0m:      	              (47, 0.7187),
[92mINFO [0m:      	              (48, 0.6957),
[92mINFO [0m:      	              (49, 0.6957),
[92mINFO [0m:      	              (50, 0.712),
[92mINFO [0m:      	              (51, 0.6131),
[92mINFO [0m:      	              (52, 0.6527),
[92mINFO [0m:      	              (53, 0.6527),
[92mINFO [0m:      	              (54, 0.6169),
[92mINFO [0m:      	              (55, 0.68),
[92mINFO [0m:      	              (56, 0.68),
[92mINFO [0m:      	              (57, 0.6421),
[92mINFO [0m:      	              (58, 0.7175),
[92mINFO [0m:      	              (59, 0.7139),
[92mINFO [0m:      	              (60, 0.6573)]}
[92mINFO [0m:      
[36m(pid=139806)[0m [2026-03-05 01:08:53,691 E 139806 141149] core_worker_process.cc:825: Failed to establish connection to the metrics exporter agent. Metrics will not be exported. Exporter agent status: RpcError: Running out of retries to initialize the metrics agent. rpc_code: 14[32m [repeated 20x across cluster][0m
