/root/miniconda3/envs/moga-fl/lib/python3.10/site-packages/torch/cuda/__init__.py:65: FutureWarning: The pynvml package is deprecated. Please install nvidia-ml-py instead. If you did not install pynvml directly, please report this to the maintainers of the package that installed pynvml for you.
  import pynvml  # type: ignore[import]
[93mWARNING [0m:   DEPRECATED FEATURE: flwr.simulation.start_simulation() is deprecated.
	Instead, use the `flwr run` CLI command to start a local simulation in your Flower app, as shown for example below:

		$ flwr new  # Create a new Flower app from a template

		$ flwr run  # Run the Flower app in Simulation Mode

	Using `start_simulation()` is deprecated.

            This is a deprecated feature. It will be removed
            entirely in future versions of Flower.
        
[92mINFO [0m:      Starting Flower simulation, config: num_rounds=60, no round_timeout
2026-03-06 07:52:43,195	WARNING utils.py:460 -- Detecting docker specified CPUs. In previous versions of Ray, CPU detection in containers was incorrect. Please ensure that Ray has enough CPUs allocated. As a temporary workaround to revert to the prior behavior, set `RAY_USE_MULTIPROCESSING_CPU_COUNT=1` as an env var before starting Ray. Set the env var: `RAY_DISABLE_DOCKER_CPU_WARNING=1` to mute this warning.
2026-03-06 07:52:43,433	INFO worker.py:2012 -- Started a local Ray instance.
/root/miniconda3/envs/moga-fl/lib/python3.10/site-packages/ray/_private/worker.py:2051: FutureWarning: Tip: In future versions of Ray, Ray will no longer override accelerator visible devices env var if num_gpus=0 or num_gpus=None (default). To enable this behavior and turn off this error message, set RAY_ACCEL_ENV_VAR_OVERRIDE_ON_ZERO=0
  warnings.warn(
[92mINFO [0m:      Flower VCE: Ray initialized with resources: {'memory': 65897674752.0, 'accelerator_type:G': 1.0, 'GPU': 1.0, 'node:__internal_head__': 1.0, 'object_store_memory': 28241860608.0, 'node:172.17.0.6': 1.0, 'CPU': 25.0}
[92mINFO [0m:      Optimize your simulation with Flower VCE: https://flower.ai/docs/framework/how-to-run-simulations.html
[92mINFO [0m:      Flower VCE: Resources for each Virtual Client: {'num_cpus': 5.0, 'num_gpus': 0.2}
[92mINFO [0m:      Flower VCE: Creating VirtualClientEngineActorPool with 5 actors
[92mINFO [0m:      [INIT]
[92mINFO [0m:      Using initial global parameters provided by strategy
[92mINFO [0m:      Starting evaluation of initial global parameters
[92mINFO [0m:      initial parameters (loss, other metrics): 3.5782419443130493, {'accuracy': 0.1}
[92mINFO [0m:      
[92mINFO [0m:      [ROUND 1]
[92mINFO [0m:      configure_fit: strategy sampled 5 clients (out of 10)
[36m(ClientAppActor pid=728514)[0m /root/miniconda3/envs/moga-fl/lib/python3.10/site-packages/torch/cuda/__init__.py:65: FutureWarning: The pynvml package is deprecated. Please install nvidia-ml-py instead. If you did not install pynvml directly, please report this to the maintainers of the package that installed pynvml for you.
[36m(ClientAppActor pid=728514)[0m   import pynvml  # type: ignore[import]
[92mINFO [0m:      aggregate_fit: received 5 results and 0 failures
[92mINFO [0m:      fit progress: (1, 3.5782419443130493, {'accuracy': 0.1}, 13.75851787161082)
[92mINFO [0m:      configure_evaluate: no clients selected, skipping evaluation
[92mINFO [0m:      
[92mINFO [0m:      [ROUND 2]
[92mINFO [0m:      configure_fit: strategy sampled 5 clients (out of 10)
[92mINFO [0m:      aggregate_fit: received 5 results and 0 failures
[92mINFO [0m:      fit progress: (2, 2.240762165614537, {'accuracy': 0.1972}, 22.543167074210942)
[92mINFO [0m:      configure_evaluate: no clients selected, skipping evaluation
[92mINFO [0m:      
[92mINFO [0m:      [ROUND 3]
[92mINFO [0m:      configure_fit: strategy sampled 5 clients (out of 10)
[36m(pid=gcs_server)[0m [2026-03-06 07:53:12,701 E 727998 727998] (gcs_server) gcs_server.cc:302: Failed to establish connection to the event+metrics exporter agent. Events and metrics will not be exported. Exporter agent status: RpcError: Running out of retries to initialize the metrics agent. rpc_code: 14
[36m(ClientAppActor pid=728512)[0m /root/miniconda3/envs/moga-fl/lib/python3.10/site-packages/torch/cuda/__init__.py:65: FutureWarning: The pynvml package is deprecated. Please install nvidia-ml-py instead. If you did not install pynvml directly, please report this to the maintainers of the package that installed pynvml for you.[32m [repeated 4x across cluster] (Ray deduplicates logs by default. Set RAY_DEDUP_LOGS=0 to disable log deduplication, or see https://docs.ray.io/en/master/ray-observability/user-guides/configure-logging.html#log-deduplication for more options.)[0m
[36m(ClientAppActor pid=728512)[0m   import pynvml  # type: ignore[import][32m [repeated 4x across cluster][0m
[33m(raylet)[0m [2026-03-06 07:53:13,360 E 728373 728373] (raylet) main.cc:975: Failed to establish connection to the metrics exporter agent. Metrics will not be exported. Exporter agent status: RpcError: Running out of retries to initialize the metrics agent. rpc_code: 14
[36m(ClientAppActor pid=728512)[0m [2026-03-06 07:53:13,776 E 728512 728900] core_worker_process.cc:825: Failed to establish connection to the metrics exporter agent. Metrics will not be exported. Exporter agent status: RpcError: Running out of retries to initialize the metrics agent. rpc_code: 14
[2026-03-06 07:53:13,989 E 727866 728506] core_worker_process.cc:825: Failed to establish connection to the metrics exporter agent. Metrics will not be exported. Exporter agent status: RpcError: Running out of retries to initialize the metrics agent. rpc_code: 14
[92mINFO [0m:      aggregate_fit: received 5 results and 0 failures
[92mINFO [0m:      fit progress: (3, 2.109759501048497, {'accuracy': 0.2147}, 30.928629107773304)
[92mINFO [0m:      configure_evaluate: no clients selected, skipping evaluation
[92mINFO [0m:      
[92mINFO [0m:      [ROUND 4]
[92mINFO [0m:      configure_fit: strategy sampled 5 clients (out of 10)
[92mINFO [0m:      aggregate_fit: received 5 results and 0 failures
[92mINFO [0m:      fit progress: (4, 2.109759501048497, {'accuracy': 0.2147}, 39.869962045922875)
[92mINFO [0m:      configure_evaluate: no clients selected, skipping evaluation
[92mINFO [0m:      
[92mINFO [0m:      [ROUND 5]
[92mINFO [0m:      configure_fit: strategy sampled 5 clients (out of 10)
[92mINFO [0m:      aggregate_fit: received 5 results and 0 failures
[92mINFO [0m:      fit progress: (5, 2.2589755058288574, {'accuracy': 0.2431}, 49.45612514950335)
[92mINFO [0m:      configure_evaluate: no clients selected, skipping evaluation
[92mINFO [0m:      
[92mINFO [0m:      [ROUND 6]
[92mINFO [0m:      configure_fit: strategy sampled 5 clients (out of 10)
[92mINFO [0m:      aggregate_fit: received 5 results and 0 failures
[92mINFO [0m:      fit progress: (6, 1.9774290919303894, {'accuracy': 0.2952}, 59.581445581279695)
[92mINFO [0m:      configure_evaluate: no clients selected, skipping evaluation
[92mINFO [0m:      
[92mINFO [0m:      [ROUND 7]
[92mINFO [0m:      configure_fit: strategy sampled 5 clients (out of 10)
[92mINFO [0m:      aggregate_fit: received 5 results and 0 failures
[92mINFO [0m:      fit progress: (7, 1.9774290919303894, {'accuracy': 0.2952}, 68.17294355202466)
[92mINFO [0m:      configure_evaluate: no clients selected, skipping evaluation
[92mINFO [0m:      
[92mINFO [0m:      [ROUND 8]
[92mINFO [0m:      configure_fit: strategy sampled 5 clients (out of 10)
[92mINFO [0m:      aggregate_fit: received 5 results and 0 failures
[92mINFO [0m:      fit progress: (8, 1.7913241982460022, {'accuracy': 0.3144}, 77.08078062534332)
[92mINFO [0m:      configure_evaluate: no clients selected, skipping evaluation
[92mINFO [0m:      
[92mINFO [0m:      [ROUND 9]
[92mINFO [0m:      configure_fit: strategy sampled 5 clients (out of 10)
[92mINFO [0m:      aggregate_fit: received 5 results and 0 failures
[92mINFO [0m:      fit progress: (9, 1.789942102772849, {'accuracy': 0.3421}, 86.09546208567917)
[92mINFO [0m:      configure_evaluate: no clients selected, skipping evaluation
[92mINFO [0m:      
[92mINFO [0m:      [ROUND 10]
[92mINFO [0m:      configure_fit: strategy sampled 5 clients (out of 10)
[92mINFO [0m:      aggregate_fit: received 5 results and 0 failures
[92mINFO [0m:      fit progress: (10, 1.789942102772849, {'accuracy': 0.3421}, 95.29180294275284)
[92mINFO [0m:      configure_evaluate: no clients selected, skipping evaluation
[92mINFO [0m:      
[92mINFO [0m:      [ROUND 11]
[92mINFO [0m:      configure_fit: strategy sampled 5 clients (out of 10)
[92mINFO [0m:      aggregate_fit: received 5 results and 0 failures
[92mINFO [0m:      fit progress: (11, 1.6562463981764657, {'accuracy': 0.4367}, 104.00957620795816)
[92mINFO [0m:      configure_evaluate: no clients selected, skipping evaluation
[92mINFO [0m:      
[92mINFO [0m:      [ROUND 12]
[92mINFO [0m:      configure_fit: strategy sampled 5 clients (out of 10)
[92mINFO [0m:      aggregate_fit: received 5 results and 0 failures
[92mINFO [0m:      fit progress: (12, 1.4476445487567358, {'accuracy': 0.4614}, 112.88470072299242)
[92mINFO [0m:      configure_evaluate: no clients selected, skipping evaluation
[92mINFO [0m:      
[92mINFO [0m:      [ROUND 13]
[92mINFO [0m:      configure_fit: strategy sampled 5 clients (out of 10)
[92mINFO [0m:      aggregate_fit: received 5 results and 0 failures
[92mINFO [0m:      fit progress: (13, 1.7086899876594543, {'accuracy': 0.3581}, 121.47622340172529)
[92mINFO [0m:      configure_evaluate: no clients selected, skipping evaluation
[92mINFO [0m:      
[92mINFO [0m:      [ROUND 14]
[92mINFO [0m:      configure_fit: strategy sampled 5 clients (out of 10)
[92mINFO [0m:      aggregate_fit: received 5 results and 0 failures
[92mINFO [0m:      fit progress: (14, 1.7086899876594543, {'accuracy': 0.3581}, 130.31102392356843)
[92mINFO [0m:      configure_evaluate: no clients selected, skipping evaluation
[92mINFO [0m:      
[92mINFO [0m:      [ROUND 15]
[92mINFO [0m:      configure_fit: strategy sampled 5 clients (out of 10)
[92mINFO [0m:      aggregate_fit: received 5 results and 0 failures
[92mINFO [0m:      fit progress: (15, 1.8720452189445496, {'accuracy': 0.3688}, 139.02872681152076)
[92mINFO [0m:      configure_evaluate: no clients selected, skipping evaluation
[92mINFO [0m:      
[92mINFO [0m:      [ROUND 16]
[92mINFO [0m:      configure_fit: strategy sampled 5 clients (out of 10)
[92mINFO [0m:      aggregate_fit: received 5 results and 0 failures
[92mINFO [0m:      fit progress: (16, 1.8720452189445496, {'accuracy': 0.3688}, 147.77171054668725)
[92mINFO [0m:      configure_evaluate: no clients selected, skipping evaluation
[92mINFO [0m:      
[92mINFO [0m:      [ROUND 17]
[92mINFO [0m:      configure_fit: strategy sampled 5 clients (out of 10)
[92mINFO [0m:      aggregate_fit: received 5 results and 0 failures
[92mINFO [0m:      fit progress: (17, 1.7139651009014674, {'accuracy': 0.4082}, 157.30761322379112)
[92mINFO [0m:      configure_evaluate: no clients selected, skipping evaluation
[92mINFO [0m:      
[92mINFO [0m:      [ROUND 18]
[92mINFO [0m:      configure_fit: strategy sampled 5 clients (out of 10)
[92mINFO [0m:      aggregate_fit: received 5 results and 0 failures
[92mINFO [0m:      fit progress: (18, 1.7451100604874747, {'accuracy': 0.3909}, 166.1632489869371)
[92mINFO [0m:      configure_evaluate: no clients selected, skipping evaluation
[92mINFO [0m:      
[92mINFO [0m:      [ROUND 19]
[92mINFO [0m:      configure_fit: strategy sampled 5 clients (out of 10)
[92mINFO [0m:      aggregate_fit: received 5 results and 0 failures
[92mINFO [0m:      fit progress: (19, 1.5936798708779472, {'accuracy': 0.448}, 175.22125380765647)
[92mINFO [0m:      configure_evaluate: no clients selected, skipping evaluation
[92mINFO [0m:      
[92mINFO [0m:      [ROUND 20]
[92mINFO [0m:      configure_fit: strategy sampled 5 clients (out of 10)
[92mINFO [0m:      aggregate_fit: received 5 results and 0 failures
[92mINFO [0m:      fit progress: (20, 1.3362576876367842, {'accuracy': 0.525}, 184.7157575050369)
[92mINFO [0m:      configure_evaluate: no clients selected, skipping evaluation
[92mINFO [0m:      
[92mINFO [0m:      [ROUND 21]
[92mINFO [0m:      configure_fit: strategy sampled 5 clients (out of 10)
[92mINFO [0m:      aggregate_fit: received 5 results and 0 failures
[92mINFO [0m:      fit progress: (21, 1.3483572261674064, {'accuracy': 0.5168}, 193.51353339198977)
[92mINFO [0m:      configure_evaluate: no clients selected, skipping evaluation
[92mINFO [0m:      
[92mINFO [0m:      [ROUND 22]
[92mINFO [0m:      configure_fit: strategy sampled 5 clients (out of 10)
[92mINFO [0m:      aggregate_fit: received 5 results and 0 failures
[92mINFO [0m:      fit progress: (22, 1.1676916480064392, {'accuracy': 0.5813}, 203.5089958300814)
[92mINFO [0m:      configure_evaluate: no clients selected, skipping evaluation
[92mINFO [0m:      
[92mINFO [0m:      [ROUND 23]
[92mINFO [0m:      configure_fit: strategy sampled 5 clients (out of 10)
[92mINFO [0m:      aggregate_fit: received 5 results and 0 failures
[92mINFO [0m:      fit progress: (23, 1.2906951989446367, {'accuracy': 0.4966}, 212.1166327437386)
[92mINFO [0m:      configure_evaluate: no clients selected, skipping evaluation
[92mINFO [0m:      
[92mINFO [0m:      [ROUND 24]
[92mINFO [0m:      configure_fit: strategy sampled 5 clients (out of 10)
[92mINFO [0m:      aggregate_fit: received 5 results and 0 failures
[92mINFO [0m:      fit progress: (24, 1.1689897094454085, {'accuracy': 0.5765}, 221.04405965469778)
[92mINFO [0m:      configure_evaluate: no clients selected, skipping evaluation
[92mINFO [0m:      
[92mINFO [0m:      [ROUND 25]
[92mINFO [0m:      configure_fit: strategy sampled 5 clients (out of 10)
[92mINFO [0m:      aggregate_fit: received 5 results and 0 failures
[92mINFO [0m:      fit progress: (25, 1.088615017277854, {'accuracy': 0.6128}, 230.5965058831498)
[92mINFO [0m:      configure_evaluate: no clients selected, skipping evaluation
[92mINFO [0m:      
[92mINFO [0m:      [ROUND 26]
[92mINFO [0m:      configure_fit: strategy sampled 5 clients (out of 10)
[92mINFO [0m:      aggregate_fit: received 5 results and 0 failures
[92mINFO [0m:      fit progress: (26, 1.2549987094742912, {'accuracy': 0.5762}, 239.3131434712559)
[92mINFO [0m:      configure_evaluate: no clients selected, skipping evaluation
[92mINFO [0m:      
[92mINFO [0m:      [ROUND 27]
[92mINFO [0m:      configure_fit: strategy sampled 5 clients (out of 10)
[92mINFO [0m:      aggregate_fit: received 5 results and 0 failures
[92mINFO [0m:      fit progress: (27, 1.0678596241133553, {'accuracy': 0.6183}, 248.41035910882056)
[92mINFO [0m:      configure_evaluate: no clients selected, skipping evaluation
[92mINFO [0m:      
[92mINFO [0m:      [ROUND 28]
[92mINFO [0m:      configure_fit: strategy sampled 5 clients (out of 10)
[92mINFO [0m:      aggregate_fit: received 5 results and 0 failures
[92mINFO [0m:      fit progress: (28, 1.1479777182851518, {'accuracy': 0.5656}, 257.3839940112084)
[92mINFO [0m:      configure_evaluate: no clients selected, skipping evaluation
[92mINFO [0m:      
[92mINFO [0m:      [ROUND 29]
[92mINFO [0m:      configure_fit: strategy sampled 5 clients (out of 10)
[92mINFO [0m:      aggregate_fit: received 5 results and 0 failures
[92mINFO [0m:      fit progress: (29, 1.0824223501341683, {'accuracy': 0.6184}, 266.5701612858102)
[92mINFO [0m:      configure_evaluate: no clients selected, skipping evaluation
[92mINFO [0m:      
[92mINFO [0m:      [ROUND 30]
[92mINFO [0m:      configure_fit: strategy sampled 5 clients (out of 10)
[92mINFO [0m:      aggregate_fit: received 5 results and 0 failures
[92mINFO [0m:      fit progress: (30, 1.0201306981699807, {'accuracy': 0.6356}, 276.2584848590195)
[92mINFO [0m:      configure_evaluate: no clients selected, skipping evaluation
[92mINFO [0m:      
[92mINFO [0m:      [ROUND 31]
[92mINFO [0m:      configure_fit: strategy sampled 5 clients (out of 10)
[92mINFO [0m:      aggregate_fit: received 5 results and 0 failures
[92mINFO [0m:      fit progress: (31, 1.1250401394707816, {'accuracy': 0.6141}, 286.2609071843326)
[92mINFO [0m:      configure_evaluate: no clients selected, skipping evaluation
[92mINFO [0m:      
[92mINFO [0m:      [ROUND 32]
[92mINFO [0m:      configure_fit: strategy sampled 5 clients (out of 10)
[92mINFO [0m:      aggregate_fit: received 5 results and 0 failures
[92mINFO [0m:      fit progress: (32, 1.008298899446215, {'accuracy': 0.6418}, 295.47019722964615)
[92mINFO [0m:      configure_evaluate: no clients selected, skipping evaluation
[92mINFO [0m:      
[92mINFO [0m:      [ROUND 33]
[92mINFO [0m:      configure_fit: strategy sampled 5 clients (out of 10)
[92mINFO [0m:      aggregate_fit: received 5 results and 0 failures
[92mINFO [0m:      fit progress: (33, 1.0323987730911799, {'accuracy': 0.6157}, 304.4414717005566)
[92mINFO [0m:      configure_evaluate: no clients selected, skipping evaluation
[92mINFO [0m:      
[92mINFO [0m:      [ROUND 34]
[92mINFO [0m:      configure_fit: strategy sampled 5 clients (out of 10)
[92mINFO [0m:      aggregate_fit: received 5 results and 0 failures
[92mINFO [0m:      fit progress: (34, 0.9594757258892059, {'accuracy': 0.6555}, 313.6809777226299)
[92mINFO [0m:      configure_evaluate: no clients selected, skipping evaluation
[92mINFO [0m:      
[92mINFO [0m:      [ROUND 35]
[92mINFO [0m:      configure_fit: strategy sampled 5 clients (out of 10)
[92mINFO [0m:      aggregate_fit: received 5 results and 0 failures
[92mINFO [0m:      fit progress: (35, 0.9157101256506783, {'accuracy': 0.6809}, 323.0952878911048)
[92mINFO [0m:      configure_evaluate: no clients selected, skipping evaluation
[92mINFO [0m:      
[92mINFO [0m:      [ROUND 36]
[92mINFO [0m:      configure_fit: strategy sampled 5 clients (out of 10)
[92mINFO [0m:      aggregate_fit: received 5 results and 0 failures
[92mINFO [0m:      fit progress: (36, 1.052553755896432, {'accuracy': 0.6455}, 332.6677862899378)
[92mINFO [0m:      configure_evaluate: no clients selected, skipping evaluation
[92mINFO [0m:      
[92mINFO [0m:      [ROUND 37]
[92mINFO [0m:      configure_fit: strategy sampled 5 clients (out of 10)
[92mINFO [0m:      aggregate_fit: received 5 results and 0 failures
[92mINFO [0m:      fit progress: (37, 0.9376203843525478, {'accuracy': 0.6662}, 341.60483650211245)
[92mINFO [0m:      configure_evaluate: no clients selected, skipping evaluation
[92mINFO [0m:      
[92mINFO [0m:      [ROUND 38]
[92mINFO [0m:      configure_fit: strategy sampled 5 clients (out of 10)
[92mINFO [0m:      aggregate_fit: received 5 results and 0 failures
[92mINFO [0m:      fit progress: (38, 1.0164561399391718, {'accuracy': 0.632}, 350.20384903717786)
[92mINFO [0m:      configure_evaluate: no clients selected, skipping evaluation
[92mINFO [0m:      
[92mINFO [0m:      [ROUND 39]
[92mINFO [0m:      configure_fit: strategy sampled 5 clients (out of 10)
[92mINFO [0m:      aggregate_fit: received 5 results and 0 failures
[92mINFO [0m:      fit progress: (39, 0.8381825940949577, {'accuracy': 0.7013}, 359.7682576030493)
[92mINFO [0m:      configure_evaluate: no clients selected, skipping evaluation
[92mINFO [0m:      
[92mINFO [0m:      [ROUND 40]
[92mINFO [0m:      configure_fit: strategy sampled 5 clients (out of 10)
[92mINFO [0m:      aggregate_fit: received 5 results and 0 failures
[92mINFO [0m:      fit progress: (40, 0.8122916136469159, {'accuracy': 0.7032}, 369.44904652331024)
[92mINFO [0m:      configure_evaluate: no clients selected, skipping evaluation
[92mINFO [0m:      
[92mINFO [0m:      [ROUND 41]
[92mINFO [0m:      configure_fit: strategy sampled 5 clients (out of 10)
[92mINFO [0m:      aggregate_fit: received 5 results and 0 failures
[92mINFO [0m:      fit progress: (41, 0.8122916136469159, {'accuracy': 0.7032}, 379.0785596296191)
[92mINFO [0m:      configure_evaluate: no clients selected, skipping evaluation
[92mINFO [0m:      
[92mINFO [0m:      [ROUND 42]
[92mINFO [0m:      configure_fit: strategy sampled 5 clients (out of 10)
[92mINFO [0m:      aggregate_fit: received 5 results and 0 failures
[92mINFO [0m:      fit progress: (42, 1.1197455610547746, {'accuracy': 0.6259}, 388.8250776035711)
[92mINFO [0m:      configure_evaluate: no clients selected, skipping evaluation
[92mINFO [0m:      
[92mINFO [0m:      [ROUND 43]
[92mINFO [0m:      configure_fit: strategy sampled 5 clients (out of 10)
[92mINFO [0m:      aggregate_fit: received 5 results and 0 failures
[92mINFO [0m:      fit progress: (43, 0.9878421681267875, {'accuracy': 0.6318}, 397.81449477002025)
[92mINFO [0m:      configure_evaluate: no clients selected, skipping evaluation
[92mINFO [0m:      
[92mINFO [0m:      [ROUND 44]
[92mINFO [0m:      configure_fit: strategy sampled 5 clients (out of 10)
[92mINFO [0m:      aggregate_fit: received 5 results and 0 failures
[92mINFO [0m:      fit progress: (44, 0.8833420957837786, {'accuracy': 0.6826}, 407.4548285212368)
[92mINFO [0m:      configure_evaluate: no clients selected, skipping evaluation
[92mINFO [0m:      
[92mINFO [0m:      [ROUND 45]
[92mINFO [0m:      configure_fit: strategy sampled 5 clients (out of 10)
[92mINFO [0m:      aggregate_fit: received 5 results and 0 failures
[92mINFO [0m:      fit progress: (45, 0.8833420957837786, {'accuracy': 0.6826}, 416.6727338079363)
[92mINFO [0m:      configure_evaluate: no clients selected, skipping evaluation
[92mINFO [0m:      
[92mINFO [0m:      [ROUND 46]
[92mINFO [0m:      configure_fit: strategy sampled 5 clients (out of 10)
[92mINFO [0m:      aggregate_fit: received 5 results and 0 failures
[92mINFO [0m:      fit progress: (46, 0.931824232850756, {'accuracy': 0.6788}, 425.87901989463717)
[92mINFO [0m:      configure_evaluate: no clients selected, skipping evaluation
[92mINFO [0m:      
[92mINFO [0m:      [ROUND 47]
[92mINFO [0m:      configure_fit: strategy sampled 5 clients (out of 10)
[92mINFO [0m:      aggregate_fit: received 5 results and 0 failures
[92mINFO [0m:      fit progress: (47, 0.931824232850756, {'accuracy': 0.6788}, 434.7024012710899)
[92mINFO [0m:      configure_evaluate: no clients selected, skipping evaluation
[92mINFO [0m:      
[92mINFO [0m:      [ROUND 48]
[92mINFO [0m:      configure_fit: strategy sampled 5 clients (out of 10)
[92mINFO [0m:      aggregate_fit: received 5 results and 0 failures
[92mINFO [0m:      fit progress: (48, 0.769559166261128, {'accuracy': 0.7288}, 443.7567283725366)
[92mINFO [0m:      configure_evaluate: no clients selected, skipping evaluation
[92mINFO [0m:      
[92mINFO [0m:      [ROUND 49]
[92mINFO [0m:      configure_fit: strategy sampled 5 clients (out of 10)
[92mINFO [0m:      aggregate_fit: received 5 results and 0 failures
[92mINFO [0m:      fit progress: (49, 0.8114989442484719, {'accuracy': 0.702}, 452.2988513400778)
[92mINFO [0m:      configure_evaluate: no clients selected, skipping evaluation
[92mINFO [0m:      
[92mINFO [0m:      [ROUND 50]
[92mINFO [0m:      configure_fit: strategy sampled 5 clients (out of 10)
[92mINFO [0m:      aggregate_fit: received 5 results and 0 failures
[92mINFO [0m:      fit progress: (50, 0.793588957616261, {'accuracy': 0.7166}, 461.88107925187796)
[92mINFO [0m:      configure_evaluate: no clients selected, skipping evaluation
[92mINFO [0m:      
[92mINFO [0m:      [ROUND 51]
[92mINFO [0m:      configure_fit: strategy sampled 5 clients (out of 10)
[92mINFO [0m:      aggregate_fit: received 5 results and 0 failures
[92mINFO [0m:      fit progress: (51, 0.9803569146565029, {'accuracy': 0.6753}, 470.83335852622986)
[92mINFO [0m:      configure_evaluate: no clients selected, skipping evaluation
[92mINFO [0m:      
[92mINFO [0m:      [ROUND 52]
[92mINFO [0m:      configure_fit: strategy sampled 5 clients (out of 10)
[92mINFO [0m:      aggregate_fit: received 5 results and 0 failures
[92mINFO [0m:      fit progress: (52, 0.9803569146565029, {'accuracy': 0.6753}, 479.7110062344)
[92mINFO [0m:      configure_evaluate: no clients selected, skipping evaluation
[92mINFO [0m:      
[92mINFO [0m:      [ROUND 53]
[92mINFO [0m:      configure_fit: strategy sampled 5 clients (out of 10)
[92mINFO [0m:      aggregate_fit: received 5 results and 0 failures
[92mINFO [0m:      fit progress: (53, 0.8257596875940051, {'accuracy': 0.7008}, 489.16761612985283)
[92mINFO [0m:      configure_evaluate: no clients selected, skipping evaluation
[92mINFO [0m:      
[92mINFO [0m:      [ROUND 54]
[92mINFO [0m:      configure_fit: strategy sampled 5 clients (out of 10)
[92mINFO [0m:      aggregate_fit: received 5 results and 0 failures
[92mINFO [0m:      fit progress: (54, 0.685144624539784, {'accuracy': 0.7587}, 497.8269144790247)
[92mINFO [0m:      configure_evaluate: no clients selected, skipping evaluation
[92mINFO [0m:      
[92mINFO [0m:      [ROUND 55]
[92mINFO [0m:      configure_fit: strategy sampled 5 clients (out of 10)
[92mINFO [0m:      aggregate_fit: received 5 results and 0 failures
[92mINFO [0m:      fit progress: (55, 0.685144624539784, {'accuracy': 0.7587}, 506.77807923965156)
[92mINFO [0m:      configure_evaluate: no clients selected, skipping evaluation
[92mINFO [0m:      
[92mINFO [0m:      [ROUND 56]
[92mINFO [0m:      configure_fit: strategy sampled 5 clients (out of 10)
[92mINFO [0m:      aggregate_fit: received 5 results and 0 failures
[92mINFO [0m:      fit progress: (56, 0.8564840853214264, {'accuracy': 0.708}, 516.2512608626857)
[92mINFO [0m:      configure_evaluate: no clients selected, skipping evaluation
[92mINFO [0m:      
[92mINFO [0m:      [ROUND 57]
[92mINFO [0m:      configure_fit: strategy sampled 5 clients (out of 10)
[92mINFO [0m:      aggregate_fit: received 5 results and 0 failures
[92mINFO [0m:      fit progress: (57, 0.8564840853214264, {'accuracy': 0.708}, 525.4938807049766)
[92mINFO [0m:      configure_evaluate: no clients selected, skipping evaluation
[92mINFO [0m:      
[92mINFO [0m:      [ROUND 58]
[92mINFO [0m:      configure_fit: strategy sampled 5 clients (out of 10)
[92mINFO [0m:      aggregate_fit: received 5 results and 0 failures
[92mINFO [0m:      fit progress: (58, 0.7407501935958862, {'accuracy': 0.7379}, 534.8926949203014)
[92mINFO [0m:      configure_evaluate: no clients selected, skipping evaluation
[92mINFO [0m:      
[92mINFO [0m:      [ROUND 59]
[92mINFO [0m:      configure_fit: strategy sampled 5 clients (out of 10)
[92mINFO [0m:      aggregate_fit: received 5 results and 0 failures
[92mINFO [0m:      fit progress: (59, 0.6695858197552818, {'accuracy': 0.7654}, 544.3818786926568)
[92mINFO [0m:      configure_evaluate: no clients selected, skipping evaluation
[92mINFO [0m:      
[92mINFO [0m:      [ROUND 60]
[92mINFO [0m:      configure_fit: strategy sampled 5 clients (out of 10)
[92mINFO [0m:      aggregate_fit: received 5 results and 0 failures
[92mINFO [0m:      fit progress: (60, 0.8644339229379382, {'accuracy': 0.7058}, 553.9385104971007)
[92mINFO [0m:      configure_evaluate: no clients selected, skipping evaluation
[92mINFO [0m:      
[92mINFO [0m:      [SUMMARY]
[92mINFO [0m:      Run finished 60 round(s) in 553.94s
[92mINFO [0m:      	History (loss, centralized):
[92mINFO [0m:      		round 0: 3.5782419443130493
[92mINFO [0m:      		round 1: 3.5782419443130493
[92mINFO [0m:      		round 2: 2.240762165614537
[92mINFO [0m:      		round 3: 2.109759501048497
[92mINFO [0m:      		round 4: 2.109759501048497
[92mINFO [0m:      		round 5: 2.2589755058288574
[92mINFO [0m:      		round 6: 1.9774290919303894
[92mINFO [0m:      		round 7: 1.9774290919303894
[92mINFO [0m:      		round 8: 1.7913241982460022
[92mINFO [0m:      		round 9: 1.789942102772849
[92mINFO [0m:      		round 10: 1.789942102772849
[92mINFO [0m:      		round 11: 1.6562463981764657
[92mINFO [0m:      		round 12: 1.4476445487567358
[92mINFO [0m:      		round 13: 1.7086899876594543
[92mINFO [0m:      		round 14: 1.7086899876594543
[92mINFO [0m:      		round 15: 1.8720452189445496
[92mINFO [0m:      		round 16: 1.8720452189445496
[92mINFO [0m:      		round 17: 1.7139651009014674
[92mINFO [0m:      		round 18: 1.7451100604874747
[92mINFO [0m:      		round 19: 1.5936798708779472
[92mINFO [0m:      		round 20: 1.3362576876367842
[92mINFO [0m:      		round 21: 1.3483572261674064
[92mINFO [0m:      		round 22: 1.1676916480064392
[92mINFO [0m:      		round 23: 1.2906951989446367
[92mINFO [0m:      		round 24: 1.1689897094454085
[92mINFO [0m:      		round 25: 1.088615017277854
[92mINFO [0m:      		round 26: 1.2549987094742912
[92mINFO [0m:      		round 27: 1.0678596241133553
[92mINFO [0m:      		round 28: 1.1479777182851518
[92mINFO [0m:      		round 29: 1.0824223501341683
[92mINFO [0m:      		round 30: 1.0201306981699807
[92mINFO [0m:      		round 31: 1.1250401394707816
[92mINFO [0m:      		round 32: 1.008298899446215
[92mINFO [0m:      		round 33: 1.0323987730911799
[92mINFO [0m:      		round 34: 0.9594757258892059
[92mINFO [0m:      		round 35: 0.9157101256506783
[92mINFO [0m:      		round 36: 1.052553755896432
[92mINFO [0m:      		round 37: 0.9376203843525478
[92mINFO [0m:      		round 38: 1.0164561399391718
[92mINFO [0m:      		round 39: 0.8381825940949577
[92mINFO [0m:      		round 40: 0.8122916136469159
[92mINFO [0m:      		round 41: 0.8122916136469159
[92mINFO [0m:      		round 42: 1.1197455610547746
[92mINFO [0m:      		round 43: 0.9878421681267875
[92mINFO [0m:      		round 44: 0.8833420957837786
[92mINFO [0m:      		round 45: 0.8833420957837786
[92mINFO [0m:      		round 46: 0.931824232850756
[92mINFO [0m:      		round 47: 0.931824232850756
[92mINFO [0m:      		round 48: 0.769559166261128
[92mINFO [0m:      		round 49: 0.8114989442484719
[92mINFO [0m:      		round 50: 0.793588957616261
[92mINFO [0m:      		round 51: 0.9803569146565029
[92mINFO [0m:      		round 52: 0.9803569146565029
[92mINFO [0m:      		round 53: 0.8257596875940051
[92mINFO [0m:      		round 54: 0.685144624539784
[92mINFO [0m:      		round 55: 0.685144624539784
[92mINFO [0m:      		round 56: 0.8564840853214264
[92mINFO [0m:      		round 57: 0.8564840853214264
[92mINFO [0m:      		round 58: 0.7407501935958862
[92mINFO [0m:      		round 59: 0.6695858197552818
[92mINFO [0m:      		round 60: 0.8644339229379382
[92mINFO [0m:      	History (metrics, distributed, fit):
[92mINFO [0m:      	{'accuracy': [(1, 0.1),
[92mINFO [0m:      	              (2, 0.1972),
[92mINFO [0m:      	              (3, 0.2147),
[92mINFO [0m:      	              (4, 0.2147),
[92mINFO [0m:      	              (5, 0.2431),
[92mINFO [0m:      	              (6, 0.2952),
[92mINFO [0m:      	              (7, 0.2952),
[92mINFO [0m:      	              (8, 0.3144),
[92mINFO [0m:      	              (9, 0.3421),
[92mINFO [0m:      	              (10, 0.3421),
[92mINFO [0m:      	              (11, 0.4367),
[92mINFO [0m:      	              (12, 0.4614),
[92mINFO [0m:      	              (13, 0.3581),
[92mINFO [0m:      	              (14, 0.3581),
[92mINFO [0m:      	              (15, 0.3688),
[92mINFO [0m:      	              (16, 0.3688),
[92mINFO [0m:      	              (17, 0.4082),
[92mINFO [0m:      	              (18, 0.3909),
[92mINFO [0m:      	              (19, 0.448),
[92mINFO [0m:      	              (20, 0.525),
[92mINFO [0m:      	              (21, 0.5168),
[92mINFO [0m:      	              (22, 0.5813),
[92mINFO [0m:      	              (23, 0.4966),
[92mINFO [0m:      	              (24, 0.5765),
[92mINFO [0m:      	              (25, 0.6128),
[92mINFO [0m:      	              (26, 0.5762),
[92mINFO [0m:      	              (27, 0.6183),
[92mINFO [0m:      	              (28, 0.5656),
[92mINFO [0m:      	              (29, 0.6184),
[92mINFO [0m:      	              (30, 0.6356),
[92mINFO [0m:      	              (31, 0.6141),
[92mINFO [0m:      	              (32, 0.6418),
[92mINFO [0m:      	              (33, 0.6157),
[92mINFO [0m:      	              (34, 0.6555),
[92mINFO [0m:      	              (35, 0.6809),
[92mINFO [0m:      	              (36, 0.6455),
[92mINFO [0m:      	              (37, 0.6662),
[92mINFO [0m:      	              (38, 0.632),
[92mINFO [0m:      	              (39, 0.7013),
[92mINFO [0m:      	              (40, 0.7032),
[92mINFO [0m:      	              (41, 0.7032),
[92mINFO [0m:      	              (42, 0.6259),
[92mINFO [0m:      	              (43, 0.6318),
[92mINFO [0m:      	              (44, 0.6826),
[92mINFO [0m:      	              (45, 0.6826),
[92mINFO [0m:      	              (46, 0.6788),
[92mINFO [0m:      	              (47, 0.6788),
[92mINFO [0m:      	              (48, 0.7288),
[92mINFO [0m:      	              (49, 0.702),
[92mINFO [0m:      	              (50, 0.7166),
[92mINFO [0m:      	              (51, 0.6753),
[92mINFO [0m:      	              (52, 0.6753),
[92mINFO [0m:      	              (53, 0.7008),
[92mINFO [0m:      	              (54, 0.7587),
[92mINFO [0m:      	              (55, 0.7587),
[92mINFO [0m:      	              (56, 0.708),
[92mINFO [0m:      	              (57, 0.708),
[92mINFO [0m:      	              (58, 0.7379),
[92mINFO [0m:      	              (59, 0.7654),
[92mINFO [0m:      	              (60, 0.7058)],
[92mINFO [0m:      	 'avg_per': [(1, 0.7088175601344222),
[92mINFO [0m:      	             (2, 0.8188913758069735),
[92mINFO [0m:      	             (3, 0.6180607435627031),
[92mINFO [0m:      	             (4, 0.8180841034082104),
[92mINFO [0m:      	             (5, 0.6951979835537061),
[92mINFO [0m:      	             (6, 0.7194668414407357),
[92mINFO [0m:      	             (7, 0.694328128697372),
[92mINFO [0m:      	             (8, 0.6301815449954209),
[92mINFO [0m:      	             (9, 0.6790385578989954),
[92mINFO [0m:      	             (10, 0.7307929090618505),
[92mINFO [0m:      	             (11, 0.7863780950135834),
[92mINFO [0m:      	             (12, 0.6815880721248131),
[92mINFO [0m:      	             (13, 0.735631580844474),
[92mINFO [0m:      	             (14, 0.73088963587835),
[92mINFO [0m:      	             (15, 0.7610760669516289),
[92mINFO [0m:      	             (16, 0.7604104528944786),
[92mINFO [0m:      	             (17, 0.6812552423657678),
[92mINFO [0m:      	             (18, 0.6805457512149378),
[92mINFO [0m:      	             (19, 0.7597145881229835),
[92mINFO [0m:      	             (20, 0.748232783435357),
[92mINFO [0m:      	             (21, 0.1092826540702205),
[92mINFO [0m:      	             (22, 0.06894360599874354),
[92mINFO [0m:      	             (23, 0.08150748117544317),
[92mINFO [0m:      	             (24, 0.09415901850338587),
[92mINFO [0m:      	             (25, 0.07787209913272446),
[92mINFO [0m:      	             (26, 0.10468821205640315),
[92mINFO [0m:      	             (27, 0.09138589031608958),
[92mINFO [0m:      	             (28, 0.023604278707008063),
[92mINFO [0m:      	             (29, 0.05319861976658373),
[92mINFO [0m:      	             (30, 0.08098226639088366),
[92mINFO [0m:      	             (31, 0.08934049921508565),
[92mINFO [0m:      	             (32, 0.07373735407617801),
[92mINFO [0m:      	             (33, 0.06400179615202681),
[92mINFO [0m:      	             (34, 0.06926328534818432),
[92mINFO [0m:      	             (35, 0.10371707427659801),
[92mINFO [0m:      	             (36, 0.09768143178127586),
[92mINFO [0m:      	             (37, 0.08754128319909077),
[92mINFO [0m:      	             (38, 0.08334635655487684),
[92mINFO [0m:      	             (39, 0.05275403918830307),
[92mINFO [0m:      	             (40, 0.048300008176454454),
[92mINFO [0m:      	             (41, 0.7203587841779362),
[92mINFO [0m:      	             (42, 0.674095030935358),
[92mINFO [0m:      	             (43, 0.7031768722827324),
[92mINFO [0m:      	             (44, 0.6920728991223741),
[92mINFO [0m:      	             (45, 0.7165308187897803),
[92mINFO [0m:      	             (46, 0.7375756464020314),
[92mINFO [0m:      	             (47, 0.7288850675267736),
[92mINFO [0m:      	             (48, 0.7088010126444115),
[92mINFO [0m:      	             (49, 0.6593248092647582),
[92mINFO [0m:      	             (50, 0.6768809259679791),
[92mINFO [0m:      	             (51, 0.7587045280707753),
[92mINFO [0m:      	             (52, 0.7063431553722056),
[92mINFO [0m:      	             (53, 0.7038048143146776),
[92mINFO [0m:      	             (54, 0.6829334929469614),
[92mINFO [0m:      	             (55, 0.7914968588428528),
[92mINFO [0m:      	             (56, 0.6954019252627273),
[92mINFO [0m:      	             (57, 0.7154620227143026),
[92mINFO [0m:      	             (58, 0.7630920469686131),
[92mINFO [0m:      	             (59, 0.6408002438544494),
[92mINFO [0m:      	             (60, 0.6881725573570951)],
[92mINFO [0m:      	 'bw_factor': [(1, 1.0),
[92mINFO [0m:      	               (2, 0.8),
[92mINFO [0m:      	               (3, 0.8611474178385038),
[92mINFO [0m:      	               (4, 0.8752230225314535),
[92mINFO [0m:      	               (5, 0.8698853523097596),
[92mINFO [0m:      	               (6, 0.9159918455602929),
[92mINFO [0m:      	               (7, 0.8901640686751843),
[92mINFO [0m:      	               (8, 0.8927488662929548),
[92mINFO [0m:      	               (9, 0.8967615809091534),
[92mINFO [0m:      	               (10, 0.9078248856886938),
[92mINFO [0m:      	               (11, 0.8754116543784756),
[92mINFO [0m:      	               (12, 0.9001218696176931),
[92mINFO [0m:      	               (13, 0.9025103638609417),
[92mINFO [0m:      	               (14, 0.9041693238532142),
[92mINFO [0m:      	               (15, 0.9152453754174986),
[92mINFO [0m:      	               (16, 0.8678206744679509),
[92mINFO [0m:      	               (17, 0.8600075536489615),
[92mINFO [0m:      	               (18, 0.8487943972211593),
[92mINFO [0m:      	               (19, 0.8555352498201734),
[92mINFO [0m:      	               (20, 0.8555959293759486),
[92mINFO [0m:      	               (21, 0.8976200953312435),
[92mINFO [0m:      	               (22, 0.8981558034463333),
[92mINFO [0m:      	               (23, 0.8957725723848344),
[92mINFO [0m:      	               (24, 0.9127570541024005),
[92mINFO [0m:      	               (25, 0.8419607280026702),
[92mINFO [0m:      	               (26, 0.8686461999500044),
[92mINFO [0m:      	               (27, 0.8605035538153201),
[92mINFO [0m:      	               (28, 0.8533487404487394),
[92mINFO [0m:      	               (29, 0.8558949062590013),
[92mINFO [0m:      	               (30, 0.8363781658559291),
[92mINFO [0m:      	               (31, 0.8646223854232535),
[92mINFO [0m:      	               (32, 0.8572352200762463),
[92mINFO [0m:      	               (33, 0.8532684742983279),
[92mINFO [0m:      	               (34, 0.8561126901719961),
[92mINFO [0m:      	               (35, 0.840439238832069),
[92mINFO [0m:      	               (36, 0.866024537979608),
[92mINFO [0m:      	               (37, 0.8570346899194321),
[92mINFO [0m:      	               (38, 0.8511777788263348),
[92mINFO [0m:      	               (39, 0.8541193747496498),
[92mINFO [0m:      	               (40, 0.8317658702406392),
[92mINFO [0m:      	               (41, 0.8582986430185111),
[92mINFO [0m:      	               (42, 0.8534671657126578),
[92mINFO [0m:      	               (43, 0.8470924798867792),
[92mINFO [0m:      	               (44, 0.8488690356300947),
[92mINFO [0m:      	               (45, 0.8129739693177345),
[92mINFO [0m:      	               (46, 0.8741931311161969),
[92mINFO [0m:      	               (47, 0.8715934723517658),
[92mINFO [0m:      	               (48, 0.869366498722482),
[92mINFO [0m:      	               (49, 0.8700208836144765),
[92mINFO [0m:      	               (50, 0.8064080911281152),
[92mINFO [0m:      	               (51, 0.8324414246618804),
[92mINFO [0m:      	               (52, 0.8497052870921635),
[92mINFO [0m:      	               (53, 0.8514714683582805),
[92mINFO [0m:      	               (54, 0.8336367022683617),
[92mINFO [0m:      	               (55, 0.8421996231764475),
[92mINFO [0m:      	               (56, 0.8544663524351157),
[92mINFO [0m:      	               (57, 0.8513381891404934),
[92mINFO [0m:      	               (58, 0.8319689794497418),
[92mINFO [0m:      	               (59, 0.8295363363050441),
[92mINFO [0m:      	               (60, 0.8301425618049851)],
[92mINFO [0m:      	 'energy': [(1, 199.487287001313),
[92mINFO [0m:      	            (2, 77.5059620839249),
[92mINFO [0m:      	            (3, 96.37806164612684),
[92mINFO [0m:      	            (4, 145.7530506057896),
[92mINFO [0m:      	            (5, 469.94181190061954),
[92mINFO [0m:      	            (6, 320.2570074189829),
[92mINFO [0m:      	            (7, 72.08397212829726),
[92mINFO [0m:      	            (8, 108.03820305826045),
[92mINFO [0m:      	            (9, 90.0153427512914),
[92mINFO [0m:      	            (10, 181.08560773594476),
[92mINFO [0m:      	            (11, 380.06552234362334),
[92mINFO [0m:      	            (12, 89.88251681476027),
[92mINFO [0m:      	            (13, 77.40507283108637),
[92mINFO [0m:      	            (14, 96.8931012702516),
[92mINFO [0m:      	            (15, 160.73427787690355),
[92mINFO [0m:      	            (16, 186.1447630123099),
[92mINFO [0m:      	            (17, 119.15047974855058),
[92mINFO [0m:      	            (18, 71.79761307936363),
[92mINFO [0m:      	            (19, 199.72277325939376),
[92mINFO [0m:      	            (20, 372.9205585213058),
[92mINFO [0m:      	            (21, 115.15494835887787),
[92mINFO [0m:      	            (22, 89.57273025015311),
[92mINFO [0m:      	            (23, 73.04552509320115),
[92mINFO [0m:      	            (24, 86.20688040831135),
[92mINFO [0m:      	            (25, 152.92778923587525),
[92mINFO [0m:      	            (26, 114.47746768829947),
[92mINFO [0m:      	            (27, 94.9289209041301),
[92mINFO [0m:      	            (28, 78.41929024048517),
[92mINFO [0m:      	            (29, 86.79458579364889),
[92mINFO [0m:      	            (30, 152.3483633431922),
[92mINFO [0m:      	            (31, 117.43737191137177),
[92mINFO [0m:      	            (32, 90.50583478177322),
[92mINFO [0m:      	            (33, 78.12835312668716),
[92mINFO [0m:      	            (34, 88.6963692149658),
[92mINFO [0m:      	            (35, 153.21770844257918),
[92mINFO [0m:      	            (36, 118.05391316231538),
[92mINFO [0m:      	            (37, 96.07600305141288),
[92mINFO [0m:      	            (38, 79.68227748427894),
[92mINFO [0m:      	            (39, 103.4017532129786),
[92mINFO [0m:      	            (40, 152.21150642570223),
[92mINFO [0m:      	            (41, 110.78413183112318),
[92mINFO [0m:      	            (42, 99.08828813523029),
[92mINFO [0m:      	            (43, 97.9935086941924),
[92mINFO [0m:      	            (44, 106.52440011857001),
[92mINFO [0m:      	            (45, 200.24979359941676),
[92mINFO [0m:      	            (46, 109.49991075535496),
[92mINFO [0m:      	            (47, 106.9125288865012),
[92mINFO [0m:      	            (48, 103.90359132744007),
[92mINFO [0m:      	            (49, 103.64990391930793),
[92mINFO [0m:      	            (50, 133.7486539066965),
[92mINFO [0m:      	            (51, 170.14962167899913),
[92mINFO [0m:      	            (52, 97.89328984251334),
[92mINFO [0m:      	            (53, 172.64531568830097),
[92mINFO [0m:      	            (54, 104.181690238888),
[92mINFO [0m:      	            (55, 127.79375477248563),
[92mINFO [0m:      	            (56, 108.69454463300555),
[92mINFO [0m:      	            (57, 144.31375245938847),
[92mINFO [0m:      	            (58, 158.05681156650084),
[92mINFO [0m:      	            (59, 125.87739338026559),
[92mINFO [0m:      	            (60, 132.44141015874865)],
[92mINFO [0m:      	 'est_upload_time': [(1, 68.22328700131298),
[92mINFO [0m:      	                     (2, 8.769962083924902),
[92mINFO [0m:      	                     (3, 10.902061646126851),
[92mINFO [0m:      	                     (4, 8.74505060578961),
[92mINFO [0m:      	                     (5, 360.9138119006196),
[92mINFO [0m:      	                     (6, 204.2170074189829),
[92mINFO [0m:      	                     (7, 4.695972128297261),
[92mINFO [0m:      	                     (8, 22.56220305826046),
[92mINFO [0m:      	                     (9, 5.075342751291413),
[92mINFO [0m:      	                     (10, 49.45360773594475),
[92mINFO [0m:      	                     (11, 264.0255223436234),
[92mINFO [0m:      	                     (12, 5.754516814760279),
[92mINFO [0m:      	                     (13, 8.669072831086371),
[92mINFO [0m:      	                     (14, 11.953101270251592),
[92mINFO [0m:      	                     (15, 21.842277876903538),
[92mINFO [0m:      	                     (16, 77.36476301230992),
[92mINFO [0m:      	                     (17, 35.02247974855058),
[92mINFO [0m:      	                     (18, 3.06161307936363),
[92mINFO [0m:      	                     (19, 114.78277325939378),
[92mINFO [0m:      	                     (20, 225.68455852130575),
[92mINFO [0m:      	                     (21, 5.026948358877871),
[92mINFO [0m:      	                     (22, 5.444730250153104),
[92mINFO [0m:      	                     (23, 4.309525093201143),
[92mINFO [0m:      	                     (24, 2.614880408311334),
[92mINFO [0m:      	                     (25, 5.691789235875231),
[92mINFO [0m:      	                     (26, 4.349467688299461),
[92mINFO [0m:      	                     (27, 10.8009209041301),
[92mINFO [0m:      	                     (28, 3.1712902404851557),
[92mINFO [0m:      	                     (29, 3.202585793648902),
[92mINFO [0m:      	                     (30, 5.112363343192197),
[92mINFO [0m:      	                     (31, 7.309371911371773),
[92mINFO [0m:      	                     (32, 6.377834781773201),
[92mINFO [0m:      	                     (33, 2.8803531266871616),
[92mINFO [0m:      	                     (34, 5.104369214965799),
[92mINFO [0m:      	                     (35, 5.981708442579164),
[92mINFO [0m:      	                     (36, 7.925913162315384),
[92mINFO [0m:      	                     (37, 11.948003051412893),
[92mINFO [0m:      	                     (38, 4.434277484278947),
[92mINFO [0m:      	                     (39, 4.4377532129786),
[92mINFO [0m:      	                     (40, 4.975506425702229),
[92mINFO [0m:      	                     (41, 9.748131831123166),
[92mINFO [0m:      	                     (42, 14.96028813523029),
[92mINFO [0m:      	                     (43, 6.421508694192397),
[92mINFO [0m:      	                     (44, 7.560400118570006),
[92mINFO [0m:      	                     (45, 75.61779359941676),
[92mINFO [0m:      	                     (46, 15.695910755354959),
[92mINFO [0m:      	                     (47, 22.06452888650121),
[92mINFO [0m:      	                     (48, 12.331591327440062),
[92mINFO [0m:      	                     (49, 4.685903919307938),
[92mINFO [0m:      	                     (50, 3.972653906696472),
[92mINFO [0m:      	                     (51, 69.83362167899914),
[92mINFO [0m:      	                     (52, 13.045289842513329),
[92mINFO [0m:      	                     (53, 70.84531568830099),
[92mINFO [0m:      	                     (54, 5.217690238887993),
[92mINFO [0m:      	                     (55, 13.389754772485617),
[92mINFO [0m:      	                     (56, 8.378544633005545),
[92mINFO [0m:      	                     (57, 59.465752459388476),
[92mINFO [0m:      	                     (58, 51.112811566500866),
[92mINFO [0m:      	                     (59, 9.45339338026559),
[92mINFO [0m:      	                     (60, 7.809410158748663)],
[92mINFO [0m:      	 'jain': [(1, 0.49999999999999),
[92mINFO [0m:      	          (2, 0.99999999999999),
[92mINFO [0m:      	          (3, 0.8999999999999965),
[92mINFO [0m:      	          (4, 0.9523809523809501),
[92mINFO [0m:      	          (5, 0.909090909090907),
[92mINFO [0m:      	          (6, 0.8695652173913024),
[92mINFO [0m:      	          (7, 0.9523809523809501),
[92mINFO [0m:      	          (8, 0.8695652173913024),
[92mINFO [0m:      	          (9, 0.8695652173913024),
[92mINFO [0m:      	          (10, 0.909090909090907),
[92mINFO [0m:      	          (11, 0.8695652173913024),
[92mINFO [0m:      	          (12, 0.9523809523809501),
[92mINFO [0m:      	          (13, 0.909090909090907),
[92mINFO [0m:      	          (14, 0.8695652173913024),
[92mINFO [0m:      	          (15, 0.8695652173913024),
[92mINFO [0m:      	          (16, 0.909090909090907),
[92mINFO [0m:      	          (17, 0.9523809523809501),
[92mINFO [0m:      	          (18, 0.909090909090907),
[92mINFO [0m:      	          (19, 0.909090909090907),
[92mINFO [0m:      	          (20, 0.909090909090907),
[92mINFO [0m:      	          (21, 0.8695652173913024),
[92mINFO [0m:      	          (22, 0.909090909090907),
[92mINFO [0m:      	          (23, 0.9523809523809501),
[92mINFO [0m:      	          (24, 0.909090909090907),
[92mINFO [0m:      	          (25, 0.8695652173913024),
[92mINFO [0m:      	          (26, 0.909090909090907),
[92mINFO [0m:      	          (27, 0.909090909090907),
[92mINFO [0m:      	          (28, 0.9523809523809501),
[92mINFO [0m:      	          (29, 0.8695652173913024),
[92mINFO [0m:      	          (30, 0.7999999999999984),
[92mINFO [0m:      	          (31, 0.909090909090907),
[92mINFO [0m:      	          (32, 0.909090909090907),
[92mINFO [0m:      	          (33, 0.9523809523809501),
[92mINFO [0m:      	          (34, 0.8695652173913024),
[92mINFO [0m:      	          (35, 0.7999999999999984),
[92mINFO [0m:      	          (36, 0.909090909090907),
[92mINFO [0m:      	          (37, 0.909090909090907),
[92mINFO [0m:      	          (38, 0.9523809523809501),
[92mINFO [0m:      	          (39, 0.909090909090907),
[92mINFO [0m:      	          (40, 0.7999999999999984),
[92mINFO [0m:      	          (41, 0.9523809523809501),
[92mINFO [0m:      	          (42, 0.909090909090907),
[92mINFO [0m:      	          (43, 0.909090909090907),
[92mINFO [0m:      	          (44, 0.909090909090907),
[92mINFO [0m:      	          (45, 0.7999999999999984),
[92mINFO [0m:      	          (46, 0.8695652173913024),
[92mINFO [0m:      	          (47, 0.909090909090907),
[92mINFO [0m:      	          (48, 0.9523809523809501),
[92mINFO [0m:      	          (49, 0.9523809523809501),
[92mINFO [0m:      	          (50, 0.8333333333333316),
[92mINFO [0m:      	          (51, 0.8333333333333316),
[92mINFO [0m:      	          (52, 0.909090909090907),
[92mINFO [0m:      	          (53, 0.9523809523809501),
[92mINFO [0m:      	          (54, 0.909090909090907),
[92mINFO [0m:      	          (55, 0.8695652173913024),
[92mINFO [0m:      	          (56, 0.8333333333333316),
[92mINFO [0m:      	          (57, 0.909090909090907),
[92mINFO [0m:      	          (58, 0.9523809523809501),
[92mINFO [0m:      	          (59, 0.8695652173913024),
[92mINFO [0m:      	          (60, 0.7999999999999984)],
[92mINFO [0m:      	 'loss': [(1, 3.5782419443130493),
[92mINFO [0m:      	          (2, 2.240762165614537),
[92mINFO [0m:      	          (3, 2.109759501048497),
[92mINFO [0m:      	          (4, 2.109759501048497),
[92mINFO [0m:      	          (5, 2.2589755058288574),
[92mINFO [0m:      	          (6, 1.9774290919303894),
[92mINFO [0m:      	          (7, 1.9774290919303894),
[92mINFO [0m:      	          (8, 1.7913241982460022),
[92mINFO [0m:      	          (9, 1.789942102772849),
[92mINFO [0m:      	          (10, 1.789942102772849),
[92mINFO [0m:      	          (11, 1.6562463981764657),
[92mINFO [0m:      	          (12, 1.4476445487567358),
[92mINFO [0m:      	          (13, 1.7086899876594543),
[92mINFO [0m:      	          (14, 1.7086899876594543),
[92mINFO [0m:      	          (15, 1.8720452189445496),
[92mINFO [0m:      	          (16, 1.8720452189445496),
[92mINFO [0m:      	          (17, 1.7139651009014674),
[92mINFO [0m:      	          (18, 1.7451100604874747),
[92mINFO [0m:      	          (19, 1.5936798708779472),
[92mINFO [0m:      	          (20, 1.3362576876367842),
[92mINFO [0m:      	          (21, 1.3483572261674064),
[92mINFO [0m:      	          (22, 1.1676916480064392),
[92mINFO [0m:      	          (23, 1.2906951989446367),
[92mINFO [0m:      	          (24, 1.1689897094454085),
[92mINFO [0m:      	          (25, 1.088615017277854),
[92mINFO [0m:      	          (26, 1.2549987094742912),
[92mINFO [0m:      	          (27, 1.0678596241133553),
[92mINFO [0m:      	          (28, 1.1479777182851518),
[92mINFO [0m:      	          (29, 1.0824223501341683),
[92mINFO [0m:      	          (30, 1.0201306981699807),
[92mINFO [0m:      	          (31, 1.1250401394707816),
[92mINFO [0m:      	          (32, 1.008298899446215),
[92mINFO [0m:      	          (33, 1.0323987730911799),
[92mINFO [0m:      	          (34, 0.9594757258892059),
[92mINFO [0m:      	          (35, 0.9157101256506783),
[92mINFO [0m:      	          (36, 1.052553755896432),
[92mINFO [0m:      	          (37, 0.9376203843525478),
[92mINFO [0m:      	          (38, 1.0164561399391718),
[92mINFO [0m:      	          (39, 0.8381825940949577),
[92mINFO [0m:      	          (40, 0.8122916136469159),
[92mINFO [0m:      	          (41, 0.8122916136469159),
[92mINFO [0m:      	          (42, 1.1197455610547746),
[92mINFO [0m:      	          (43, 0.9878421681267875),
[92mINFO [0m:      	          (44, 0.8833420957837786),
[92mINFO [0m:      	          (45, 0.8833420957837786),
[92mINFO [0m:      	          (46, 0.931824232850756),
[92mINFO [0m:      	          (47, 0.931824232850756),
[92mINFO [0m:      	          (48, 0.769559166261128),
[92mINFO [0m:      	          (49, 0.8114989442484719),
[92mINFO [0m:      	          (50, 0.793588957616261),
[92mINFO [0m:      	          (51, 0.9803569146565029),
[92mINFO [0m:      	          (52, 0.9803569146565029),
[92mINFO [0m:      	          (53, 0.8257596875940051),
[92mINFO [0m:      	          (54, 0.685144624539784),
[92mINFO [0m:      	          (55, 0.685144624539784),
[92mINFO [0m:      	          (56, 0.8564840853214264),
[92mINFO [0m:      	          (57, 0.8564840853214264),
[92mINFO [0m:      	          (58, 0.7407501935958862),
[92mINFO [0m:      	          (59, 0.6695858197552818),
[92mINFO [0m:      	          (60, 0.8644339229379382)],
[92mINFO [0m:      	 'mode': [(1, 'async'),
[92mINFO [0m:      	          (2, 'async'),
[92mINFO [0m:      	          (3, 'async'),
[92mINFO [0m:      	          (4, 'async'),
[92mINFO [0m:      	          (5, 'async'),
[92mINFO [0m:      	          (6, 'async'),
[92mINFO [0m:      	          (7, 'async'),
[92mINFO [0m:      	          (8, 'async'),
[92mINFO [0m:      	          (9, 'async'),
[92mINFO [0m:      	          (10, 'async'),
[92mINFO [0m:      	          (11, 'async'),
[92mINFO [0m:      	          (12, 'async'),
[92mINFO [0m:      	          (13, 'async'),
[92mINFO [0m:      	          (14, 'async'),
[92mINFO [0m:      	          (15, 'async'),
[92mINFO [0m:      	          (16, 'async'),
[92mINFO [0m:      	          (17, 'async'),
[92mINFO [0m:      	          (18, 'async'),
[92mINFO [0m:      	          (19, 'async'),
[92mINFO [0m:      	          (20, 'async'),
[92mINFO [0m:      	          (21, 'async'),
[92mINFO [0m:      	          (22, 'async'),
[92mINFO [0m:      	          (23, 'async'),
[92mINFO [0m:      	          (24, 'async'),
[92mINFO [0m:      	          (25, 'async'),
[92mINFO [0m:      	          (26, 'async'),
[92mINFO [0m:      	          (27, 'async'),
[92mINFO [0m:      	          (28, 'async'),
[92mINFO [0m:      	          (29, 'async'),
[92mINFO [0m:      	          (30, 'async'),
[92mINFO [0m:      	          (31, 'async'),
[92mINFO [0m:      	          (32, 'async'),
[92mINFO [0m:      	          (33, 'async'),
[92mINFO [0m:      	          (34, 'async'),
[92mINFO [0m:      	          (35, 'async'),
[92mINFO [0m:      	          (36, 'async'),
[92mINFO [0m:      	          (37, 'async'),
[92mINFO [0m:      	          (38, 'async'),
[92mINFO [0m:      	          (39, 'async'),
[92mINFO [0m:      	          (40, 'async'),
[92mINFO [0m:      	          (41, 'async'),
[92mINFO [0m:      	          (42, 'async'),
[92mINFO [0m:      	          (43, 'async'),
[92mINFO [0m:      	          (44, 'async'),
[92mINFO [0m:      	          (45, 'async'),
[92mINFO [0m:      	          (46, 'async'),
[92mINFO [0m:      	          (47, 'async'),
[92mINFO [0m:      	          (48, 'async'),
[92mINFO [0m:      	          (49, 'async'),
[92mINFO [0m:      	          (50, 'async'),
[92mINFO [0m:      	          (51, 'async'),
[92mINFO [0m:      	          (52, 'async'),
[92mINFO [0m:      	          (53, 'async'),
[92mINFO [0m:      	          (54, 'async'),
[92mINFO [0m:      	          (55, 'async'),
[92mINFO [0m:      	          (56, 'async'),
[92mINFO [0m:      	          (57, 'async'),
[92mINFO [0m:      	          (58, 'async'),
[92mINFO [0m:      	          (59, 'async'),
[92mINFO [0m:      	          (60, 'async')],
[92mINFO [0m:      	 'num_exhausted_clients': [(1, 0.0),
[92mINFO [0m:      	                           (2, 0.0),
[92mINFO [0m:      	                           (3, 0.0),
[92mINFO [0m:      	                           (4, 0.0),
[92mINFO [0m:      	                           (5, 0.0),
[92mINFO [0m:      	                           (6, 0.0),
[92mINFO [0m:      	                           (7, 0.0),
[92mINFO [0m:      	                           (8, 0.0),
[92mINFO [0m:      	                           (9, 0.0),
[92mINFO [0m:      	                           (10, 0.0),
[92mINFO [0m:      	                           (11, 0.0),
[92mINFO [0m:      	                           (12, 0.0),
[92mINFO [0m:      	                           (13, 0.0),
[92mINFO [0m:      	                           (14, 0.0),
[92mINFO [0m:      	                           (15, 0.0),
[92mINFO [0m:      	                           (16, 0.0),
[92mINFO [0m:      	                           (17, 0.0),
[92mINFO [0m:      	                           (18, 0.0),
[92mINFO [0m:      	                           (19, 0.0),
[92mINFO [0m:      	                           (20, 0.0),
[92mINFO [0m:      	                           (21, 0.0),
[92mINFO [0m:      	                           (22, 0.0),
[92mINFO [0m:      	                           (23, 0.0),
[92mINFO [0m:      	                           (24, 0.0),
[92mINFO [0m:      	                           (25, 0.0),
[92mINFO [0m:      	                           (26, 0.0),
[92mINFO [0m:      	                           (27, 0.0),
[92mINFO [0m:      	                           (28, 0.0),
[92mINFO [0m:      	                           (29, 0.0),
[92mINFO [0m:      	                           (30, 0.0),
[92mINFO [0m:      	                           (31, 0.0),
[92mINFO [0m:      	                           (32, 0.0),
[92mINFO [0m:      	                           (33, 0.0),
[92mINFO [0m:      	                           (34, 0.0),
[92mINFO [0m:      	                           (35, 0.0),
[92mINFO [0m:      	                           (36, 0.0),
[92mINFO [0m:      	                           (37, 0.0),
[92mINFO [0m:      	                           (38, 0.0),
[92mINFO [0m:      	                           (39, 0.0),
[92mINFO [0m:      	                           (40, 0.0),
[92mINFO [0m:      	                           (41, 0.0),
[92mINFO [0m:      	                           (42, 0.0),
[92mINFO [0m:      	                           (43, 0.0),
[92mINFO [0m:      	                           (44, 0.0),
[92mINFO [0m:      	                           (45, 0.0),
[92mINFO [0m:      	                           (46, 0.0),
[92mINFO [0m:      	                           (47, 0.0),
[92mINFO [0m:      	                           (48, 0.0),
[92mINFO [0m:      	                           (49, 0.0),
[92mINFO [0m:      	                           (50, 0.0),
[92mINFO [0m:      	                           (51, 0.0),
[92mINFO [0m:      	                           (52, 0.0),
[92mINFO [0m:      	                           (53, 0.0),
[92mINFO [0m:      	                           (54, 0.0),
[92mINFO [0m:      	                           (55, 0.0),
[92mINFO [0m:      	                           (56, 0.0),
[92mINFO [0m:      	                           (57, 0.0),
[92mINFO [0m:      	                           (58, 0.0),
[92mINFO [0m:      	                           (59, 0.0),
[92mINFO [0m:      	                           (60, 0.0)],
[92mINFO [0m:      	 'topk': [(1, 5.0),
[92mINFO [0m:      	          (2, 5.0),
[92mINFO [0m:      	          (3, 5.0),
[92mINFO [0m:      	          (4, 5.0),
[92mINFO [0m:      	          (5, 5.0),
[92mINFO [0m:      	          (6, 5.0),
[92mINFO [0m:      	          (7, 5.0),
[92mINFO [0m:      	          (8, 5.0),
[92mINFO [0m:      	          (9, 5.0),
[92mINFO [0m:      	          (10, 5.0),
[92mINFO [0m:      	          (11, 5.0),
[92mINFO [0m:      	          (12, 5.0),
[92mINFO [0m:      	          (13, 5.0),
[92mINFO [0m:      	          (14, 5.0),
[92mINFO [0m:      	          (15, 5.0),
[92mINFO [0m:      	          (16, 5.0),
[92mINFO [0m:      	          (17, 5.0),
[92mINFO [0m:      	          (18, 5.0),
[92mINFO [0m:      	          (19, 5.0),
[92mINFO [0m:      	          (20, 5.0),
[92mINFO [0m:      	          (21, 5.0),
[92mINFO [0m:      	          (22, 5.0),
[92mINFO [0m:      	          (23, 5.0),
[92mINFO [0m:      	          (24, 5.0),
[92mINFO [0m:      	          (25, 5.0),
[92mINFO [0m:      	          (26, 5.0),
[92mINFO [0m:      	          (27, 5.0),
[92mINFO [0m:      	          (28, 5.0),
[92mINFO [0m:      	          (29, 5.0),
[92mINFO [0m:      	          (30, 5.0),
[92mINFO [0m:      	          (31, 5.0),
[92mINFO [0m:      	          (32, 5.0),
[92mINFO [0m:      	          (33, 5.0),
[92mINFO [0m:      	          (34, 5.0),
[92mINFO [0m:      	          (35, 5.0),
[92mINFO [0m:      	          (36, 5.0),
[92mINFO [0m:      	          (37, 5.0),
[92mINFO [0m:      	          (38, 5.0),
[92mINFO [0m:      	          (39, 5.0),
[92mINFO [0m:      	          (40, 5.0),
[92mINFO [0m:      	          (41, 5.0),
[92mINFO [0m:      	          (42, 5.0),
[92mINFO [0m:      	          (43, 5.0),
[92mINFO [0m:      	          (44, 5.0),
[92mINFO [0m:      	          (45, 5.0),
[92mINFO [0m:      	          (46, 5.0),
[92mINFO [0m:      	          (47, 5.0),
[92mINFO [0m:      	          (48, 5.0),
[92mINFO [0m:      	          (49, 5.0),
[92mINFO [0m:      	          (50, 5.0),
[92mINFO [0m:      	          (51, 5.0),
[92mINFO [0m:      	          (52, 5.0),
[92mINFO [0m:      	          (53, 5.0),
[92mINFO [0m:      	          (54, 5.0),
[92mINFO [0m:      	          (55, 5.0),
[92mINFO [0m:      	          (56, 5.0),
[92mINFO [0m:      	          (57, 5.0),
[92mINFO [0m:      	          (58, 5.0),
[92mINFO [0m:      	          (59, 5.0),
[92mINFO [0m:      	          (60, 5.0)]}
[92mINFO [0m:      	History (metrics, centralized):
[92mINFO [0m:      	{'accuracy': [(0, 0.1),
[92mINFO [0m:      	              (1, 0.1),
[92mINFO [0m:      	              (2, 0.1972),
[92mINFO [0m:      	              (3, 0.2147),
[92mINFO [0m:      	              (4, 0.2147),
[92mINFO [0m:      	              (5, 0.2431),
[92mINFO [0m:      	              (6, 0.2952),
[92mINFO [0m:      	              (7, 0.2952),
[92mINFO [0m:      	              (8, 0.3144),
[92mINFO [0m:      	              (9, 0.3421),
[92mINFO [0m:      	              (10, 0.3421),
[92mINFO [0m:      	              (11, 0.4367),
[92mINFO [0m:      	              (12, 0.4614),
[92mINFO [0m:      	              (13, 0.3581),
[92mINFO [0m:      	              (14, 0.3581),
[92mINFO [0m:      	              (15, 0.3688),
[92mINFO [0m:      	              (16, 0.3688),
[92mINFO [0m:      	              (17, 0.4082),
[92mINFO [0m:      	              (18, 0.3909),
[92mINFO [0m:      	              (19, 0.448),
[92mINFO [0m:      	              (20, 0.525),
[92mINFO [0m:      	              (21, 0.5168),
[92mINFO [0m:      	              (22, 0.5813),
[92mINFO [0m:      	              (23, 0.4966),
[92mINFO [0m:      	              (24, 0.5765),
[92mINFO [0m:      	              (25, 0.6128),
[92mINFO [0m:      	              (26, 0.5762),
[92mINFO [0m:      	              (27, 0.6183),
[92mINFO [0m:      	              (28, 0.5656),
[92mINFO [0m:      	              (29, 0.6184),
[92mINFO [0m:      	              (30, 0.6356),
[92mINFO [0m:      	              (31, 0.6141),
[92mINFO [0m:      	              (32, 0.6418),
[92mINFO [0m:      	              (33, 0.6157),
[92mINFO [0m:      	              (34, 0.6555),
[92mINFO [0m:      	              (35, 0.6809),
[92mINFO [0m:      	              (36, 0.6455),
[92mINFO [0m:      	              (37, 0.6662),
[92mINFO [0m:      	              (38, 0.632),
[92mINFO [0m:      	              (39, 0.7013),
[92mINFO [0m:      	              (40, 0.7032),
[92mINFO [0m:      	              (41, 0.7032),
[92mINFO [0m:      	              (42, 0.6259),
[92mINFO [0m:      	              (43, 0.6318),
[92mINFO [0m:      	              (44, 0.6826),
[92mINFO [0m:      	              (45, 0.6826),
[92mINFO [0m:      	              (46, 0.6788),
[92mINFO [0m:      	              (47, 0.6788),
[92mINFO [0m:      	              (48, 0.7288),
[92mINFO [0m:      	              (49, 0.702),
[92mINFO [0m:      	              (50, 0.7166),
[92mINFO [0m:      	              (51, 0.6753),
[92mINFO [0m:      	              (52, 0.6753),
[92mINFO [0m:      	              (53, 0.7008),
[92mINFO [0m:      	              (54, 0.7587),
[92mINFO [0m:      	              (55, 0.7587),
[92mINFO [0m:      	              (56, 0.708),
[92mINFO [0m:      	              (57, 0.708),
[92mINFO [0m:      	              (58, 0.7379),
[92mINFO [0m:      	              (59, 0.7654),
[92mINFO [0m:      	              (60, 0.7058)]}
[92mINFO [0m:      
[36m(ClientAppActor pid=728514)[0m [2026-03-06 07:53:13,786 E 728514 729114] core_worker_process.cc:825: Failed to establish connection to the metrics exporter agent. Metrics will not be exported. Exporter agent status: RpcError: Running out of retries to initialize the metrics agent. rpc_code: 14[32m [repeated 4x across cluster][0m
