/root/miniconda3/envs/moga-fl/lib/python3.10/site-packages/torch/cuda/__init__.py:65: FutureWarning: The pynvml package is deprecated. Please install nvidia-ml-py instead. If you did not install pynvml directly, please report this to the maintainers of the package that installed pynvml for you.
  import pynvml  # type: ignore[import]
[93mWARNING [0m:   DEPRECATED FEATURE: flwr.simulation.start_simulation() is deprecated.
	Instead, use the `flwr run` CLI command to start a local simulation in your Flower app, as shown for example below:

		$ flwr new  # Create a new Flower app from a template

		$ flwr run  # Run the Flower app in Simulation Mode

	Using `start_simulation()` is deprecated.

            This is a deprecated feature. It will be removed
            entirely in future versions of Flower.
        
[92mINFO [0m:      Starting Flower simulation, config: num_rounds=60, no round_timeout
2026-03-05 12:36:01,448	WARNING utils.py:460 -- Detecting docker specified CPUs. In previous versions of Ray, CPU detection in containers was incorrect. Please ensure that Ray has enough CPUs allocated. As a temporary workaround to revert to the prior behavior, set `RAY_USE_MULTIPROCESSING_CPU_COUNT=1` as an env var before starting Ray. Set the env var: `RAY_DISABLE_DOCKER_CPU_WARNING=1` to mute this warning.
2026-03-05 12:36:01,710	INFO worker.py:2012 -- Started a local Ray instance.
/root/miniconda3/envs/moga-fl/lib/python3.10/site-packages/ray/_private/worker.py:2051: FutureWarning: Tip: In future versions of Ray, Ray will no longer override accelerator visible devices env var if num_gpus=0 or num_gpus=None (default). To enable this behavior and turn off this error message, set RAY_ACCEL_ENV_VAR_OVERRIDE_ON_ZERO=0
  warnings.warn(
[92mINFO [0m:      Flower VCE: Ray initialized with resources: {'CPU': 25.0, 'accelerator_type:G': 1.0, 'GPU': 1.0, 'object_store_memory': 28241956454.0, 'node:172.17.0.6': 1.0, 'memory': 65897898394.0, 'node:__internal_head__': 1.0}
[92mINFO [0m:      Optimize your simulation with Flower VCE: https://flower.ai/docs/framework/how-to-run-simulations.html
[92mINFO [0m:      Flower VCE: Resources for each Virtual Client: {'num_cpus': 2.0, 'num_gpus': 0.25}
[92mINFO [0m:      Flower VCE: Creating VirtualClientEngineActorPool with 4 actors
[92mINFO [0m:      [INIT]
[92mINFO [0m:      Using initial global parameters provided by strategy
[92mINFO [0m:      Starting evaluation of initial global parameters
[92mINFO [0m:      initial parameters (loss, other metrics): 3.5699364686314063, {'accuracy': 0.1}
[92mINFO [0m:      
[92mINFO [0m:      [ROUND 1]
[92mINFO [0m:      configure_fit: strategy sampled 5 clients (out of 10)
[36m(ClientAppActor pid=709647)[0m /root/miniconda3/envs/moga-fl/lib/python3.10/site-packages/torch/cuda/__init__.py:65: FutureWarning: The pynvml package is deprecated. Please install nvidia-ml-py instead. If you did not install pynvml directly, please report this to the maintainers of the package that installed pynvml for you.
[36m(ClientAppActor pid=709647)[0m   import pynvml  # type: ignore[import]
[92mINFO [0m:      aggregate_fit: received 5 results and 0 failures
[92mINFO [0m:      fit progress: (1, 2.0402893371219877, {'accuracy': 0.2677}, 11.992196357809007)
[92mINFO [0m:      configure_evaluate: no clients selected, skipping evaluation
[92mINFO [0m:      
[92mINFO [0m:      [ROUND 2]
[92mINFO [0m:      configure_fit: strategy sampled 5 clients (out of 10)
[92mINFO [0m:      aggregate_fit: received 5 results and 0 failures
[92mINFO [0m:      fit progress: (2, 1.9707060207294513, {'accuracy': 0.2921}, 20.67760960292071)
[92mINFO [0m:      configure_evaluate: no clients selected, skipping evaluation
[92mINFO [0m:      
[92mINFO [0m:      [ROUND 3]
[92mINFO [0m:      configure_fit: strategy sampled 5 clients (out of 10)
[36m(pid=gcs_server)[0m [2026-03-05 12:36:30,937 E 709132 709132] (gcs_server) gcs_server.cc:302: Failed to establish connection to the event+metrics exporter agent. Events and metrics will not be exported. Exporter agent status: RpcError: Running out of retries to initialize the metrics agent. rpc_code: 14
[36m(ClientAppActor pid=709643)[0m /root/miniconda3/envs/moga-fl/lib/python3.10/site-packages/torch/cuda/__init__.py:65: FutureWarning: The pynvml package is deprecated. Please install nvidia-ml-py instead. If you did not install pynvml directly, please report this to the maintainers of the package that installed pynvml for you.[32m [repeated 3x across cluster] (Ray deduplicates logs by default. Set RAY_DEDUP_LOGS=0 to disable log deduplication, or see https://docs.ray.io/en/master/ray-observability/user-guides/configure-logging.html#log-deduplication for more options.)[0m
[36m(ClientAppActor pid=709643)[0m   import pynvml  # type: ignore[import][32m [repeated 3x across cluster][0m
[92mINFO [0m:      aggregate_fit: received 5 results and 0 failures
[33m(raylet)[0m [2026-03-05 12:36:31,627 E 709509 709509] (raylet) main.cc:975: Failed to establish connection to the metrics exporter agent. Metrics will not be exported. Exporter agent status: RpcError: Running out of retries to initialize the metrics agent. rpc_code: 14
[36m(ClientAppActor pid=709643)[0m [2026-03-05 12:36:32,052 E 709643 709961] core_worker_process.cc:825: Failed to establish connection to the metrics exporter agent. Metrics will not be exported. Exporter agent status: RpcError: Running out of retries to initialize the metrics agent. rpc_code: 14
[2026-03-05 12:36:32,388 E 708997 709642] core_worker_process.cc:825: Failed to establish connection to the metrics exporter agent. Metrics will not be exported. Exporter agent status: RpcError: Running out of retries to initialize the metrics agent. rpc_code: 14
[92mINFO [0m:      fit progress: (3, 1.8143574165392526, {'accuracy': 0.3858}, 30.062654491513968)
[92mINFO [0m:      configure_evaluate: no clients selected, skipping evaluation
[92mINFO [0m:      
[92mINFO [0m:      [ROUND 4]
[92mINFO [0m:      configure_fit: strategy sampled 5 clients (out of 10)
[92mINFO [0m:      aggregate_fit: received 5 results and 0 failures
[92mINFO [0m:      fit progress: (4, 1.8084409221818176, {'accuracy': 0.3385}, 39.47739897761494)
[92mINFO [0m:      configure_evaluate: no clients selected, skipping evaluation
[92mINFO [0m:      
[92mINFO [0m:      [ROUND 5]
[92mINFO [0m:      configure_fit: strategy sampled 5 clients (out of 10)
[92mINFO [0m:      aggregate_fit: received 5 results and 0 failures
[92mINFO [0m:      fit progress: (5, 1.849178741249857, {'accuracy': 0.3601}, 49.343237686902285)
[92mINFO [0m:      configure_evaluate: no clients selected, skipping evaluation
[92mINFO [0m:      
[92mINFO [0m:      [ROUND 6]
[92mINFO [0m:      configure_fit: strategy sampled 5 clients (out of 10)
[92mINFO [0m:      aggregate_fit: received 5 results and 0 failures
[92mINFO [0m:      fit progress: (6, 1.6328765093525754, {'accuracy': 0.4019}, 58.77308225631714)
[92mINFO [0m:      configure_evaluate: no clients selected, skipping evaluation
[92mINFO [0m:      
[92mINFO [0m:      [ROUND 7]
[92mINFO [0m:      configure_fit: strategy sampled 5 clients (out of 10)
[92mINFO [0m:      aggregate_fit: received 5 results and 0 failures
[92mINFO [0m:      fit progress: (7, 1.4784709426421154, {'accuracy': 0.4584}, 68.35915702022612)
[92mINFO [0m:      configure_evaluate: no clients selected, skipping evaluation
[92mINFO [0m:      
[92mINFO [0m:      [ROUND 8]
[92mINFO [0m:      configure_fit: strategy sampled 5 clients (out of 10)
[92mINFO [0m:      aggregate_fit: received 5 results and 0 failures
[92mINFO [0m:      fit progress: (8, 1.5228879949714564, {'accuracy': 0.434}, 77.56191030982882)
[92mINFO [0m:      configure_evaluate: no clients selected, skipping evaluation
[92mINFO [0m:      
[92mINFO [0m:      [ROUND 9]
[92mINFO [0m:      configure_fit: strategy sampled 5 clients (out of 10)
[92mINFO [0m:      aggregate_fit: received 5 results and 0 failures
[92mINFO [0m:      fit progress: (9, 1.6480484325674516, {'accuracy': 0.4572}, 86.95919974613935)
[92mINFO [0m:      configure_evaluate: no clients selected, skipping evaluation
[92mINFO [0m:      
[92mINFO [0m:      [ROUND 10]
[92mINFO [0m:      configure_fit: strategy sampled 5 clients (out of 10)
[92mINFO [0m:      aggregate_fit: received 5 results and 0 failures
[92mINFO [0m:      fit progress: (10, 1.6598640604864192, {'accuracy': 0.3934}, 96.34142017550766)
[92mINFO [0m:      configure_evaluate: no clients selected, skipping evaluation
[92mINFO [0m:      
[92mINFO [0m:      [ROUND 11]
[92mINFO [0m:      configure_fit: strategy sampled 5 clients (out of 10)
[92mINFO [0m:      aggregate_fit: received 5 results and 0 failures
[92mINFO [0m:      fit progress: (11, 1.5717099286332916, {'accuracy': 0.4534}, 105.77396039571613)
[92mINFO [0m:      configure_evaluate: no clients selected, skipping evaluation
[92mINFO [0m:      
[92mINFO [0m:      [ROUND 12]
[92mINFO [0m:      configure_fit: strategy sampled 5 clients (out of 10)
[92mINFO [0m:      aggregate_fit: received 5 results and 0 failures
[92mINFO [0m:      fit progress: (12, 1.4730122421361223, {'accuracy': 0.449}, 114.88949896767735)
[92mINFO [0m:      configure_evaluate: no clients selected, skipping evaluation
[92mINFO [0m:      
[92mINFO [0m:      [ROUND 13]
[92mINFO [0m:      configure_fit: strategy sampled 5 clients (out of 10)
[92mINFO [0m:      aggregate_fit: received 5 results and 0 failures
[92mINFO [0m:      fit progress: (13, 1.3900937385196928, {'accuracy': 0.5235}, 124.06696916464716)
[92mINFO [0m:      configure_evaluate: no clients selected, skipping evaluation
[92mINFO [0m:      
[92mINFO [0m:      [ROUND 14]
[92mINFO [0m:      configure_fit: strategy sampled 5 clients (out of 10)
[92mINFO [0m:      aggregate_fit: received 5 results and 0 failures
[92mINFO [0m:      fit progress: (14, 1.375917543338824, {'accuracy': 0.5496}, 133.4243758795783)
[92mINFO [0m:      configure_evaluate: no clients selected, skipping evaluation
[92mINFO [0m:      
[92mINFO [0m:      [ROUND 15]
[92mINFO [0m:      configure_fit: strategy sampled 5 clients (out of 10)
[92mINFO [0m:      aggregate_fit: received 5 results and 0 failures
[92mINFO [0m:      fit progress: (15, 1.3625835195372376, {'accuracy': 0.4786}, 142.51254950277507)
[92mINFO [0m:      configure_evaluate: no clients selected, skipping evaluation
[92mINFO [0m:      
[92mINFO [0m:      [ROUND 16]
[92mINFO [0m:      configure_fit: strategy sampled 5 clients (out of 10)
[92mINFO [0m:      aggregate_fit: received 5 results and 0 failures
[92mINFO [0m:      fit progress: (16, 1.1590376609488378, {'accuracy': 0.5758}, 151.9779458316043)
[92mINFO [0m:      configure_evaluate: no clients selected, skipping evaluation
[92mINFO [0m:      
[92mINFO [0m:      [ROUND 17]
[92mINFO [0m:      configure_fit: strategy sampled 5 clients (out of 10)
[92mINFO [0m:      aggregate_fit: received 5 results and 0 failures
[92mINFO [0m:      fit progress: (17, 1.359262206886388, {'accuracy': 0.5463}, 161.6709086978808)
[92mINFO [0m:      configure_evaluate: no clients selected, skipping evaluation
[92mINFO [0m:      
[92mINFO [0m:      [ROUND 18]
[92mINFO [0m:      configure_fit: strategy sampled 5 clients (out of 10)
[92mINFO [0m:      aggregate_fit: received 5 results and 0 failures
[92mINFO [0m:      fit progress: (18, 1.4598873748054988, {'accuracy': 0.4835}, 171.48439893312752)
[92mINFO [0m:      configure_evaluate: no clients selected, skipping evaluation
[92mINFO [0m:      
[92mINFO [0m:      [ROUND 19]
[92mINFO [0m:      configure_fit: strategy sampled 5 clients (out of 10)
[92mINFO [0m:      aggregate_fit: received 5 results and 0 failures
[92mINFO [0m:      fit progress: (19, 1.2312386594241178, {'accuracy': 0.5658}, 180.93519087228924)
[92mINFO [0m:      configure_evaluate: no clients selected, skipping evaluation
[92mINFO [0m:      
[92mINFO [0m:      [ROUND 20]
[92mINFO [0m:      configure_fit: strategy sampled 5 clients (out of 10)
[92mINFO [0m:      aggregate_fit: received 5 results and 0 failures
[92mINFO [0m:      fit progress: (20, 1.1365364525891557, {'accuracy': 0.5957}, 190.13242338504642)
[92mINFO [0m:      configure_evaluate: no clients selected, skipping evaluation
[92mINFO [0m:      
[92mINFO [0m:      [ROUND 21]
[92mINFO [0m:      configure_fit: strategy sampled 5 clients (out of 10)
[92mINFO [0m:      aggregate_fit: received 5 results and 0 failures
[92mINFO [0m:      fit progress: (21, 1.3276004851618899, {'accuracy': 0.5189}, 200.4777908725664)
[92mINFO [0m:      configure_evaluate: no clients selected, skipping evaluation
[92mINFO [0m:      
[92mINFO [0m:      [ROUND 22]
[92mINFO [0m:      configure_fit: strategy sampled 5 clients (out of 10)
[92mINFO [0m:      aggregate_fit: received 5 results and 0 failures
[92mINFO [0m:      fit progress: (22, 1.3276004851618899, {'accuracy': 0.5189}, 209.63730099145323)
[92mINFO [0m:      configure_evaluate: no clients selected, skipping evaluation
[92mINFO [0m:      
[92mINFO [0m:      [ROUND 23]
[92mINFO [0m:      configure_fit: strategy sampled 5 clients (out of 10)
[92mINFO [0m:      aggregate_fit: received 5 results and 0 failures
[92mINFO [0m:      fit progress: (23, 1.3276004851618899, {'accuracy': 0.5189}, 218.8360135750845)
[92mINFO [0m:      configure_evaluate: no clients selected, skipping evaluation
[92mINFO [0m:      
[92mINFO [0m:      [ROUND 24]
[92mINFO [0m:      configure_fit: strategy sampled 5 clients (out of 10)
[92mINFO [0m:      aggregate_fit: received 5 results and 0 failures
[92mINFO [0m:      fit progress: (24, 1.3276004851618899, {'accuracy': 0.5189}, 228.50476656574756)
[92mINFO [0m:      configure_evaluate: no clients selected, skipping evaluation
[92mINFO [0m:      
[92mINFO [0m:      [ROUND 25]
[92mINFO [0m:      configure_fit: strategy sampled 5 clients (out of 10)
[92mINFO [0m:      aggregate_fit: received 5 results and 0 failures
[92mINFO [0m:      fit progress: (25, 1.1817706083949608, {'accuracy': 0.5792}, 237.5754947811365)
[92mINFO [0m:      configure_evaluate: no clients selected, skipping evaluation
[92mINFO [0m:      
[92mINFO [0m:      [ROUND 26]
[92mINFO [0m:      configure_fit: strategy sampled 5 clients (out of 10)
[92mINFO [0m:      aggregate_fit: received 5 results and 0 failures
[92mINFO [0m:      fit progress: (26, 1.0836744240567655, {'accuracy': 0.6099}, 247.35591689962894)
[92mINFO [0m:      configure_evaluate: no clients selected, skipping evaluation
[92mINFO [0m:      
[92mINFO [0m:      [ROUND 27]
[92mINFO [0m:      configure_fit: strategy sampled 5 clients (out of 10)
[92mINFO [0m:      aggregate_fit: received 5 results and 0 failures
[92mINFO [0m:      fit progress: (27, 1.1418243616442136, {'accuracy': 0.5989}, 257.37424493953586)
[92mINFO [0m:      configure_evaluate: no clients selected, skipping evaluation
[92mINFO [0m:      
[92mINFO [0m:      [ROUND 28]
[92mINFO [0m:      configure_fit: strategy sampled 5 clients (out of 10)
[92mINFO [0m:      aggregate_fit: received 5 results and 0 failures
[92mINFO [0m:      fit progress: (28, 1.109731609308267, {'accuracy': 0.6127}, 267.36608311813325)
[92mINFO [0m:      configure_evaluate: no clients selected, skipping evaluation
[92mINFO [0m:      
[92mINFO [0m:      [ROUND 29]
[92mINFO [0m:      configure_fit: strategy sampled 5 clients (out of 10)
[92mINFO [0m:      aggregate_fit: received 5 results and 0 failures
[92mINFO [0m:      fit progress: (29, 1.1133461383324634, {'accuracy': 0.6145}, 276.5833081258461)
[92mINFO [0m:      configure_evaluate: no clients selected, skipping evaluation
[92mINFO [0m:      
[92mINFO [0m:      [ROUND 30]
[92mINFO [0m:      configure_fit: strategy sampled 5 clients (out of 10)
[92mINFO [0m:      aggregate_fit: received 5 results and 0 failures
[92mINFO [0m:      fit progress: (30, 1.0712770706490626, {'accuracy': 0.626}, 286.3713333485648)
[92mINFO [0m:      configure_evaluate: no clients selected, skipping evaluation
[92mINFO [0m:      
[92mINFO [0m:      [ROUND 31]
[92mINFO [0m:      configure_fit: strategy sampled 5 clients (out of 10)
[92mINFO [0m:      aggregate_fit: received 5 results and 0 failures
[92mINFO [0m:      fit progress: (31, 0.9977095836325537, {'accuracy': 0.6395}, 296.5192713262513)
[92mINFO [0m:      configure_evaluate: no clients selected, skipping evaluation
[92mINFO [0m:      
[92mINFO [0m:      [ROUND 32]
[92mINFO [0m:      configure_fit: strategy sampled 5 clients (out of 10)
[92mINFO [0m:      aggregate_fit: received 5 results and 0 failures
[92mINFO [0m:      fit progress: (32, 0.9373125728172592, {'accuracy': 0.6644}, 305.30083609744906)
[92mINFO [0m:      configure_evaluate: no clients selected, skipping evaluation
[92mINFO [0m:      
[92mINFO [0m:      [ROUND 33]
[92mINFO [0m:      configure_fit: strategy sampled 5 clients (out of 10)
[92mINFO [0m:      aggregate_fit: received 5 results and 0 failures
[92mINFO [0m:      fit progress: (33, 0.9208215324184562, {'accuracy': 0.6607}, 314.5634094122797)
[92mINFO [0m:      configure_evaluate: no clients selected, skipping evaluation
[92mINFO [0m:      
[92mINFO [0m:      [ROUND 34]
[92mINFO [0m:      configure_fit: strategy sampled 5 clients (out of 10)
[92mINFO [0m:      aggregate_fit: received 5 results and 0 failures
[92mINFO [0m:      fit progress: (34, 1.1049787930295438, {'accuracy': 0.6206}, 324.25455323792994)
[92mINFO [0m:      configure_evaluate: no clients selected, skipping evaluation
[92mINFO [0m:      
[92mINFO [0m:      [ROUND 35]
[92mINFO [0m:      configure_fit: strategy sampled 5 clients (out of 10)
[92mINFO [0m:      aggregate_fit: received 5 results and 0 failures
[92mINFO [0m:      fit progress: (35, 0.9558601334125181, {'accuracy': 0.6577}, 334.0098867304623)
[92mINFO [0m:      configure_evaluate: no clients selected, skipping evaluation
[92mINFO [0m:      
[92mINFO [0m:      [ROUND 36]
[92mINFO [0m:      configure_fit: strategy sampled 5 clients (out of 10)
[92mINFO [0m:      aggregate_fit: received 5 results and 0 failures
[92mINFO [0m:      fit progress: (36, 1.0956017963493927, {'accuracy': 0.6081}, 343.95617896225303)
[92mINFO [0m:      configure_evaluate: no clients selected, skipping evaluation
[92mINFO [0m:      
[92mINFO [0m:      [ROUND 37]
[92mINFO [0m:      configure_fit: strategy sampled 5 clients (out of 10)
[92mINFO [0m:      aggregate_fit: received 5 results and 0 failures
[92mINFO [0m:      fit progress: (37, 1.0279533387739448, {'accuracy': 0.6314}, 353.90918316692114)
[92mINFO [0m:      configure_evaluate: no clients selected, skipping evaluation
[92mINFO [0m:      
[92mINFO [0m:      [ROUND 38]
[92mINFO [0m:      configure_fit: strategy sampled 5 clients (out of 10)
[92mINFO [0m:      aggregate_fit: received 5 results and 0 failures
[92mINFO [0m:      fit progress: (38, 0.9199817474884323, {'accuracy': 0.6551}, 363.3786851391196)
[92mINFO [0m:      configure_evaluate: no clients selected, skipping evaluation
[92mINFO [0m:      
[92mINFO [0m:      [ROUND 39]
[92mINFO [0m:      configure_fit: strategy sampled 5 clients (out of 10)
[92mINFO [0m:      aggregate_fit: received 5 results and 0 failures
[92mINFO [0m:      fit progress: (39, 0.9503035703791848, {'accuracy': 0.6568}, 373.7014534752816)
[92mINFO [0m:      configure_evaluate: no clients selected, skipping evaluation
[92mINFO [0m:      
[92mINFO [0m:      [ROUND 40]
[92mINFO [0m:      configure_fit: strategy sampled 5 clients (out of 10)
[92mINFO [0m:      aggregate_fit: received 5 results and 0 failures
[92mINFO [0m:      fit progress: (40, 0.9503035703791848, {'accuracy': 0.6568}, 383.13416207768023)
[92mINFO [0m:      configure_evaluate: no clients selected, skipping evaluation
[92mINFO [0m:      
[92mINFO [0m:      [ROUND 41]
[92mINFO [0m:      configure_fit: strategy sampled 5 clients (out of 10)
[92mINFO [0m:      aggregate_fit: received 5 results and 0 failures
[92mINFO [0m:      fit progress: (41, 0.8266947986204413, {'accuracy': 0.6881}, 392.409807943739)
[92mINFO [0m:      configure_evaluate: no clients selected, skipping evaluation
[92mINFO [0m:      
[92mINFO [0m:      [ROUND 42]
[92mINFO [0m:      configure_fit: strategy sampled 5 clients (out of 10)
[92mINFO [0m:      aggregate_fit: received 5 results and 0 failures
[92mINFO [0m:      fit progress: (42, 0.829872276964067, {'accuracy': 0.7057}, 401.76017960812896)
[92mINFO [0m:      configure_evaluate: no clients selected, skipping evaluation
[92mINFO [0m:      
[92mINFO [0m:      [ROUND 43]
[92mINFO [0m:      configure_fit: strategy sampled 5 clients (out of 10)
[92mINFO [0m:      aggregate_fit: received 5 results and 0 failures
[92mINFO [0m:      fit progress: (43, 0.8364173204083986, {'accuracy': 0.6976}, 411.1528487196192)
[92mINFO [0m:      configure_evaluate: no clients selected, skipping evaluation
[92mINFO [0m:      
[92mINFO [0m:      [ROUND 44]
[92mINFO [0m:      configure_fit: strategy sampled 5 clients (out of 10)
[92mINFO [0m:      aggregate_fit: received 5 results and 0 failures
[92mINFO [0m:      fit progress: (44, 0.8391620516777039, {'accuracy': 0.7031}, 420.4341113306582)
[92mINFO [0m:      configure_evaluate: no clients selected, skipping evaluation
[92mINFO [0m:      
[92mINFO [0m:      [ROUND 45]
[92mINFO [0m:      configure_fit: strategy sampled 5 clients (out of 10)
[92mINFO [0m:      aggregate_fit: received 5 results and 0 failures
[92mINFO [0m:      fit progress: (45, 1.0291980429540706, {'accuracy': 0.6555}, 429.8195481710136)
[92mINFO [0m:      configure_evaluate: no clients selected, skipping evaluation
[92mINFO [0m:      
[92mINFO [0m:      [ROUND 46]
[92mINFO [0m:      configure_fit: strategy sampled 5 clients (out of 10)
[92mINFO [0m:      aggregate_fit: received 5 results and 0 failures
[92mINFO [0m:      fit progress: (46, 0.9646923821183699, {'accuracy': 0.6822}, 439.0850621154532)
[92mINFO [0m:      configure_evaluate: no clients selected, skipping evaluation
[92mINFO [0m:      
[92mINFO [0m:      [ROUND 47]
[92mINFO [0m:      configure_fit: strategy sampled 5 clients (out of 10)
[92mINFO [0m:      aggregate_fit: received 5 results and 0 failures
[92mINFO [0m:      fit progress: (47, 0.918703660180297, {'accuracy': 0.6905}, 448.4541578758508)
[92mINFO [0m:      configure_evaluate: no clients selected, skipping evaluation
[92mINFO [0m:      
[92mINFO [0m:      [ROUND 48]
[92mINFO [0m:      configure_fit: strategy sampled 5 clients (out of 10)
[92mINFO [0m:      aggregate_fit: received 5 results and 0 failures
[92mINFO [0m:      fit progress: (48, 0.9917210242416286, {'accuracy': 0.6707}, 457.8310287883505)
[92mINFO [0m:      configure_evaluate: no clients selected, skipping evaluation
[92mINFO [0m:      
[92mINFO [0m:      [ROUND 49]
[92mINFO [0m:      configure_fit: strategy sampled 5 clients (out of 10)
[92mINFO [0m:      aggregate_fit: received 5 results and 0 failures
[92mINFO [0m:      fit progress: (49, 0.8261568765097027, {'accuracy': 0.7059}, 467.1692826570943)
[92mINFO [0m:      configure_evaluate: no clients selected, skipping evaluation
[92mINFO [0m:      
[92mINFO [0m:      [ROUND 50]
[92mINFO [0m:      configure_fit: strategy sampled 5 clients (out of 10)
[92mINFO [0m:      aggregate_fit: received 5 results and 0 failures
[92mINFO [0m:      fit progress: (50, 0.80263344170172, {'accuracy': 0.7125}, 476.23892223928124)
[92mINFO [0m:      configure_evaluate: no clients selected, skipping evaluation
[92mINFO [0m:      
[92mINFO [0m:      [ROUND 51]
[92mINFO [0m:      configure_fit: strategy sampled 5 clients (out of 10)
[92mINFO [0m:      aggregate_fit: received 5 results and 0 failures
[92mINFO [0m:      fit progress: (51, 0.8541822886165185, {'accuracy': 0.7028}, 485.93780447077006)
[92mINFO [0m:      configure_evaluate: no clients selected, skipping evaluation
[92mINFO [0m:      
[92mINFO [0m:      [ROUND 52]
[92mINFO [0m:      configure_fit: strategy sampled 5 clients (out of 10)
[92mINFO [0m:      aggregate_fit: received 5 results and 0 failures
[92mINFO [0m:      fit progress: (52, 0.7969439550291134, {'accuracy': 0.716}, 495.4689370132983)
[92mINFO [0m:      configure_evaluate: no clients selected, skipping evaluation
[92mINFO [0m:      
[92mINFO [0m:      [ROUND 53]
[92mINFO [0m:      configure_fit: strategy sampled 5 clients (out of 10)
[92mINFO [0m:      aggregate_fit: received 5 results and 0 failures
[92mINFO [0m:      fit progress: (53, 0.785126377510119, {'accuracy': 0.7169}, 504.67785913683474)
[92mINFO [0m:      configure_evaluate: no clients selected, skipping evaluation
[92mINFO [0m:      
[92mINFO [0m:      [ROUND 54]
[92mINFO [0m:      configure_fit: strategy sampled 5 clients (out of 10)
[92mINFO [0m:      aggregate_fit: received 5 results and 0 failures
[92mINFO [0m:      fit progress: (54, 0.9641700356821471, {'accuracy': 0.6829}, 513.8070918284357)
[92mINFO [0m:      configure_evaluate: no clients selected, skipping evaluation
[92mINFO [0m:      
[92mINFO [0m:      [ROUND 55]
[92mINFO [0m:      configure_fit: strategy sampled 5 clients (out of 10)
[92mINFO [0m:      aggregate_fit: received 5 results and 0 failures
[92mINFO [0m:      fit progress: (55, 0.85662442445755, {'accuracy': 0.6893}, 522.8160944022238)
[92mINFO [0m:      configure_evaluate: no clients selected, skipping evaluation
[92mINFO [0m:      
[92mINFO [0m:      [ROUND 56]
[92mINFO [0m:      configure_fit: strategy sampled 5 clients (out of 10)
[92mINFO [0m:      aggregate_fit: received 5 results and 0 failures
[92mINFO [0m:      fit progress: (56, 0.7905960739413395, {'accuracy': 0.7091}, 532.0065379161388)
[92mINFO [0m:      configure_evaluate: no clients selected, skipping evaluation
[92mINFO [0m:      
[92mINFO [0m:      [ROUND 57]
[92mINFO [0m:      configure_fit: strategy sampled 5 clients (out of 10)
[92mINFO [0m:      aggregate_fit: received 5 results and 0 failures
[92mINFO [0m:      fit progress: (57, 0.9184791838066487, {'accuracy': 0.6823}, 541.057545335032)
[92mINFO [0m:      configure_evaluate: no clients selected, skipping evaluation
[92mINFO [0m:      
[92mINFO [0m:      [ROUND 58]
[92mINFO [0m:      configure_fit: strategy sampled 5 clients (out of 10)
[92mINFO [0m:      aggregate_fit: received 5 results and 0 failures
[92mINFO [0m:      fit progress: (58, 0.9917186038403571, {'accuracy': 0.6787}, 550.1850584167987)
[92mINFO [0m:      configure_evaluate: no clients selected, skipping evaluation
[92mINFO [0m:      
[92mINFO [0m:      [ROUND 59]
[92mINFO [0m:      configure_fit: strategy sampled 5 clients (out of 10)
[92mINFO [0m:      aggregate_fit: received 5 results and 0 failures
[92mINFO [0m:      fit progress: (59, 0.8904924317251278, {'accuracy': 0.6954}, 559.3165151877329)
[92mINFO [0m:      configure_evaluate: no clients selected, skipping evaluation
[92mINFO [0m:      
[92mINFO [0m:      [ROUND 60]
[92mINFO [0m:      configure_fit: strategy sampled 5 clients (out of 10)
[92mINFO [0m:      aggregate_fit: received 5 results and 0 failures
[92mINFO [0m:      fit progress: (60, 0.8042189863663686, {'accuracy': 0.7148}, 568.4517495185137)
[92mINFO [0m:      configure_evaluate: no clients selected, skipping evaluation
[92mINFO [0m:      
[92mINFO [0m:      [SUMMARY]
[92mINFO [0m:      Run finished 60 round(s) in 568.45s
[92mINFO [0m:      	History (loss, centralized):
[92mINFO [0m:      		round 0: 3.5699364686314063
[92mINFO [0m:      		round 1: 2.0402893371219877
[92mINFO [0m:      		round 2: 1.9707060207294513
[92mINFO [0m:      		round 3: 1.8143574165392526
[92mINFO [0m:      		round 4: 1.8084409221818176
[92mINFO [0m:      		round 5: 1.849178741249857
[92mINFO [0m:      		round 6: 1.6328765093525754
[92mINFO [0m:      		round 7: 1.4784709426421154
[92mINFO [0m:      		round 8: 1.5228879949714564
[92mINFO [0m:      		round 9: 1.6480484325674516
[92mINFO [0m:      		round 10: 1.6598640604864192
[92mINFO [0m:      		round 11: 1.5717099286332916
[92mINFO [0m:      		round 12: 1.4730122421361223
[92mINFO [0m:      		round 13: 1.3900937385196928
[92mINFO [0m:      		round 14: 1.375917543338824
[92mINFO [0m:      		round 15: 1.3625835195372376
[92mINFO [0m:      		round 16: 1.1590376609488378
[92mINFO [0m:      		round 17: 1.359262206886388
[92mINFO [0m:      		round 18: 1.4598873748054988
[92mINFO [0m:      		round 19: 1.2312386594241178
[92mINFO [0m:      		round 20: 1.1365364525891557
[92mINFO [0m:      		round 21: 1.3276004851618899
[92mINFO [0m:      		round 22: 1.3276004851618899
[92mINFO [0m:      		round 23: 1.3276004851618899
[92mINFO [0m:      		round 24: 1.3276004851618899
[92mINFO [0m:      		round 25: 1.1817706083949608
[92mINFO [0m:      		round 26: 1.0836744240567655
[92mINFO [0m:      		round 27: 1.1418243616442136
[92mINFO [0m:      		round 28: 1.109731609308267
[92mINFO [0m:      		round 29: 1.1133461383324634
[92mINFO [0m:      		round 30: 1.0712770706490626
[92mINFO [0m:      		round 31: 0.9977095836325537
[92mINFO [0m:      		round 32: 0.9373125728172592
[92mINFO [0m:      		round 33: 0.9208215324184562
[92mINFO [0m:      		round 34: 1.1049787930295438
[92mINFO [0m:      		round 35: 0.9558601334125181
[92mINFO [0m:      		round 36: 1.0956017963493927
[92mINFO [0m:      		round 37: 1.0279533387739448
[92mINFO [0m:      		round 38: 0.9199817474884323
[92mINFO [0m:      		round 39: 0.9503035703791848
[92mINFO [0m:      		round 40: 0.9503035703791848
[92mINFO [0m:      		round 41: 0.8266947986204413
[92mINFO [0m:      		round 42: 0.829872276964067
[92mINFO [0m:      		round 43: 0.8364173204083986
[92mINFO [0m:      		round 44: 0.8391620516777039
[92mINFO [0m:      		round 45: 1.0291980429540706
[92mINFO [0m:      		round 46: 0.9646923821183699
[92mINFO [0m:      		round 47: 0.918703660180297
[92mINFO [0m:      		round 48: 0.9917210242416286
[92mINFO [0m:      		round 49: 0.8261568765097027
[92mINFO [0m:      		round 50: 0.80263344170172
[92mINFO [0m:      		round 51: 0.8541822886165185
[92mINFO [0m:      		round 52: 0.7969439550291134
[92mINFO [0m:      		round 53: 0.785126377510119
[92mINFO [0m:      		round 54: 0.9641700356821471
[92mINFO [0m:      		round 55: 0.85662442445755
[92mINFO [0m:      		round 56: 0.7905960739413395
[92mINFO [0m:      		round 57: 0.9184791838066487
[92mINFO [0m:      		round 58: 0.9917186038403571
[92mINFO [0m:      		round 59: 0.8904924317251278
[92mINFO [0m:      		round 60: 0.8042189863663686
[92mINFO [0m:      	History (metrics, distributed, fit):
[92mINFO [0m:      	{'accuracy': [(1, 0.2677),
[92mINFO [0m:      	              (2, 0.2921),
[92mINFO [0m:      	              (3, 0.3858),
[92mINFO [0m:      	              (4, 0.3385),
[92mINFO [0m:      	              (5, 0.3601),
[92mINFO [0m:      	              (6, 0.4019),
[92mINFO [0m:      	              (7, 0.4584),
[92mINFO [0m:      	              (8, 0.434),
[92mINFO [0m:      	              (9, 0.4572),
[92mINFO [0m:      	              (10, 0.3934),
[92mINFO [0m:      	              (11, 0.4534),
[92mINFO [0m:      	              (12, 0.449),
[92mINFO [0m:      	              (13, 0.5235),
[92mINFO [0m:      	              (14, 0.5496),
[92mINFO [0m:      	              (15, 0.4786),
[92mINFO [0m:      	              (16, 0.5758),
[92mINFO [0m:      	              (17, 0.5463),
[92mINFO [0m:      	              (18, 0.4835),
[92mINFO [0m:      	              (19, 0.5658),
[92mINFO [0m:      	              (20, 0.5957),
[92mINFO [0m:      	              (21, 0.5189),
[92mINFO [0m:      	              (22, 0.5189),
[92mINFO [0m:      	              (23, 0.5189),
[92mINFO [0m:      	              (24, 0.5189),
[92mINFO [0m:      	              (25, 0.5792),
[92mINFO [0m:      	              (26, 0.6099),
[92mINFO [0m:      	              (27, 0.5989),
[92mINFO [0m:      	              (28, 0.6127),
[92mINFO [0m:      	              (29, 0.6145),
[92mINFO [0m:      	              (30, 0.626),
[92mINFO [0m:      	              (31, 0.6395),
[92mINFO [0m:      	              (32, 0.6644),
[92mINFO [0m:      	              (33, 0.6607),
[92mINFO [0m:      	              (34, 0.6206),
[92mINFO [0m:      	              (35, 0.6577),
[92mINFO [0m:      	              (36, 0.6081),
[92mINFO [0m:      	              (37, 0.6314),
[92mINFO [0m:      	              (38, 0.6551),
[92mINFO [0m:      	              (39, 0.6568),
[92mINFO [0m:      	              (40, 0.6568),
[92mINFO [0m:      	              (41, 0.6881),
[92mINFO [0m:      	              (42, 0.7057),
[92mINFO [0m:      	              (43, 0.6976),
[92mINFO [0m:      	              (44, 0.7031),
[92mINFO [0m:      	              (45, 0.6555),
[92mINFO [0m:      	              (46, 0.6822),
[92mINFO [0m:      	              (47, 0.6905),
[92mINFO [0m:      	              (48, 0.6707),
[92mINFO [0m:      	              (49, 0.7059),
[92mINFO [0m:      	              (50, 0.7125),
[92mINFO [0m:      	              (51, 0.7028),
[92mINFO [0m:      	              (52, 0.716),
[92mINFO [0m:      	              (53, 0.7169),
[92mINFO [0m:      	              (54, 0.6829),
[92mINFO [0m:      	              (55, 0.6893),
[92mINFO [0m:      	              (56, 0.7091),
[92mINFO [0m:      	              (57, 0.6823),
[92mINFO [0m:      	              (58, 0.6787),
[92mINFO [0m:      	              (59, 0.6954),
[92mINFO [0m:      	              (60, 0.7148)],
[92mINFO [0m:      	 'avg_per': [(1, 0.1166753923664415),
[92mINFO [0m:      	             (2, 0.10329006783178622),
[92mINFO [0m:      	             (3, 0.08375204074475015),
[92mINFO [0m:      	             (4, 0.072386451146571),
[92mINFO [0m:      	             (5, 0.09710594012671658),
[92mINFO [0m:      	             (6, 0.10370514197262826),
[92mINFO [0m:      	             (7, 0.12344348678993766),
[92mINFO [0m:      	             (8, 0.08854952552637654),
[92mINFO [0m:      	             (9, 0.06944064939499042),
[92mINFO [0m:      	             (10, 0.07712398182897293),
[92mINFO [0m:      	             (11, 0.11089069218725371),
[92mINFO [0m:      	             (12, 0.09226367607346361),
[92mINFO [0m:      	             (13, 0.09922436095994636),
[92mINFO [0m:      	             (14, 0.08281818874992934),
[92mINFO [0m:      	             (15, 0.07076973538607542),
[92mINFO [0m:      	             (16, 0.11247935318561861),
[92mINFO [0m:      	             (17, 0.06622029733509119),
[92mINFO [0m:      	             (18, 0.04119643968258045),
[92mINFO [0m:      	             (19, 0.09867150754962736),
[92mINFO [0m:      	             (20, 0.09632499045765867),
[92mINFO [0m:      	             (21, 0.6589535166734717),
[92mINFO [0m:      	             (22, 0.6558544309153642),
[92mINFO [0m:      	             (23, 0.722624337851612),
[92mINFO [0m:      	             (24, 0.7284148865425326),
[92mINFO [0m:      	             (25, 0.7079589356815795),
[92mINFO [0m:      	             (26, 0.6996541568431278),
[92mINFO [0m:      	             (27, 0.6912805725268107),
[92mINFO [0m:      	             (28, 0.6158221122750517),
[92mINFO [0m:      	             (29, 0.7468222392259106),
[92mINFO [0m:      	             (30, 0.6539973527758479),
[92mINFO [0m:      	             (31, 0.7248879420020813),
[92mINFO [0m:      	             (32, 0.7619177218927534),
[92mINFO [0m:      	             (33, 0.7568090191160396),
[92mINFO [0m:      	             (34, 0.6922659606997664),
[92mINFO [0m:      	             (35, 0.7037473749714567),
[92mINFO [0m:      	             (36, 0.7838223010270153),
[92mINFO [0m:      	             (37, 0.6179199563717939),
[92mINFO [0m:      	             (38, 0.7790413157966691),
[92mINFO [0m:      	             (39, 0.6001420924423299),
[92mINFO [0m:      	             (40, 0.7348794509588512),
[92mINFO [0m:      	             (41, 0.12446087928924912),
[92mINFO [0m:      	             (42, 0.10063694195304466),
[92mINFO [0m:      	             (43, 0.08250477480881227),
[92mINFO [0m:      	             (44, 0.15191055866598085),
[92mINFO [0m:      	             (45, 0.07346010358408536),
[92mINFO [0m:      	             (46, 0.09395856371451318),
[92mINFO [0m:      	             (47, 0.06457326789128182),
[92mINFO [0m:      	             (48, 0.13278809918131024),
[92mINFO [0m:      	             (49, 0.08607905201432553),
[92mINFO [0m:      	             (50, 0.09137095844069995),
[92mINFO [0m:      	             (51, 0.09212504983413312),
[92mINFO [0m:      	             (52, 0.12321293562621172),
[92mINFO [0m:      	             (53, 0.10298591495013043),
[92mINFO [0m:      	             (54, 0.08170949774929556),
[92mINFO [0m:      	             (55, 0.1070996697252665),
[92mINFO [0m:      	             (56, 0.14415536353402217),
[92mINFO [0m:      	             (57, 0.09629023437745249),
[92mINFO [0m:      	             (58, 0.089048946873735),
[92mINFO [0m:      	             (59, 0.07459927813118387),
[92mINFO [0m:      	             (60, 0.10780854322581387)],
[92mINFO [0m:      	 'bw_factor': [(1, 1.0),
[92mINFO [0m:      	               (2, 0.8),
[92mINFO [0m:      	               (3, 0.8031494792494465),
[92mINFO [0m:      	               (4, 0.8028702008834425),
[92mINFO [0m:      	               (5, 0.8135896809303164),
[92mINFO [0m:      	               (6, 0.8120266434038405),
[92mINFO [0m:      	               (7, 0.8119466510478357),
[92mINFO [0m:      	               (8, 0.8126779476112264),
[92mINFO [0m:      	               (9, 0.8015918861973473),
[92mINFO [0m:      	               (10, 0.8027607813603175),
[92mINFO [0m:      	               (11, 0.8036382838692393),
[92mINFO [0m:      	               (12, 0.8027376748890386),
[92mINFO [0m:      	               (13, 0.8036400757037949),
[92mINFO [0m:      	               (14, 0.8042110342738443),
[92mINFO [0m:      	               (15, 0.8043392292283015),
[92mINFO [0m:      	               (16, 0.8039811071603942),
[92mINFO [0m:      	               (17, 0.8039022284725807),
[92mINFO [0m:      	               (18, 0.8034358466467422),
[92mINFO [0m:      	               (19, 0.8209371290115743),
[92mINFO [0m:      	               (20, 0.8219343338124467),
[92mINFO [0m:      	               (21, 0.8220008252984041),
[92mINFO [0m:      	               (22, 0.8462710276602217),
[92mINFO [0m:      	               (23, 0.8435765485939781),
[92mINFO [0m:      	               (24, 0.8426305054198775),
[92mINFO [0m:      	               (25, 0.7077395796895504),
[92mINFO [0m:      	               (26, 0.7092946030821802),
[92mINFO [0m:      	               (27, 0.7027741049397919),
[92mINFO [0m:      	               (28, 0.6964318423812126),
[92mINFO [0m:      	               (29, 0.7002532227442874),
[92mINFO [0m:      	               (30, 0.699590422238647),
[92mINFO [0m:      	               (31, 0.7030342595922169),
[92mINFO [0m:      	               (32, 0.6980204185797623),
[92mINFO [0m:      	               (33, 0.6981083776203972),
[92mINFO [0m:      	               (34, 0.8297722763991331),
[92mINFO [0m:      	               (35, 0.8233365950085689),
[92mINFO [0m:      	               (36, 0.8241454692448822),
[92mINFO [0m:      	               (37, 0.8244883402398013),
[92mINFO [0m:      	               (38, 0.819690201043528),
[92mINFO [0m:      	               (39, 0.827195688249904),
[92mINFO [0m:      	               (40, 0.8312434039067328),
[92mINFO [0m:      	               (41, 0.8368338445470368),
[92mINFO [0m:      	               (42, 0.840932963037118),
[92mINFO [0m:      	               (43, 0.8438368136064965),
[92mINFO [0m:      	               (44, 0.806055442145265),
[92mINFO [0m:      	               (45, 0.8088981119499001),
[92mINFO [0m:      	               (46, 0.8035974410006022),
[92mINFO [0m:      	               (47, 0.6827008617754962),
[92mINFO [0m:      	               (48, 0.6837863534345635),
[92mINFO [0m:      	               (49, 0.8028501761360238),
[92mINFO [0m:      	               (50, 0.6824338906931755),
[92mINFO [0m:      	               (51, 0.8029355930755021),
[92mINFO [0m:      	               (52, 0.6837061173123102),
[92mINFO [0m:      	               (53, 0.6833586402147727),
[92mINFO [0m:      	               (54, 0.8035512199792995),
[92mINFO [0m:      	               (55, 0.8055400356691791),
[92mINFO [0m:      	               (56, 0.8041995344946575),
[92mINFO [0m:      	               (57, 0.8059490201190872),
[92mINFO [0m:      	               (58, 0.8070470270397246),
[92mINFO [0m:      	               (59, 0.8071288722079124),
[92mINFO [0m:      	               (60, 0.8060333505914659)],
[92mINFO [0m:      	 'energy': [(1, 55.79253269860299),
[92mINFO [0m:      	            (2, 57.60684843636642),
[92mINFO [0m:      	            (3, 56.94101576501384),
[92mINFO [0m:      	            (4, 62.43677093555024),
[92mINFO [0m:      	            (5, 57.744353018687846),
[92mINFO [0m:      	            (6, 57.706737724535785),
[92mINFO [0m:      	            (7, 56.02781984472626),
[92mINFO [0m:      	            (8, 57.6600527158975),
[92mINFO [0m:      	            (9, 56.24602689549104),
[92mINFO [0m:      	            (10, 56.5106386135605),
[92mINFO [0m:      	            (11, 57.06640307022192),
[92mINFO [0m:      	            (12, 58.01556313857586),
[92mINFO [0m:      	            (13, 55.58353723608678),
[92mINFO [0m:      	            (14, 56.36189256407337),
[92mINFO [0m:      	            (15, 58.19828846580468),
[92mINFO [0m:      	            (16, 58.10737523111928),
[92mINFO [0m:      	            (17, 56.12638971679414),
[92mINFO [0m:      	            (18, 66.80157201414715),
[92mINFO [0m:      	            (19, 56.86599149943811),
[92mINFO [0m:      	            (20, 58.01854051536904),
[92mINFO [0m:      	            (21, 87.57731804852779),
[92mINFO [0m:      	            (22, 95.1208814356676),
[92mINFO [0m:      	            (23, 58.665760711371114),
[92mINFO [0m:      	            (24, 77.03454741239862),
[92mINFO [0m:      	            (25, 84.09696050123287),
[92mINFO [0m:      	            (26, 89.19841564679052),
[92mINFO [0m:      	            (27, 71.9768141664589),
[92mINFO [0m:      	            (28, 69.01428684839814),
[92mINFO [0m:      	            (29, 85.4880370893036),
[92mINFO [0m:      	            (30, 69.13998346848712),
[92mINFO [0m:      	            (31, 82.06207125899039),
[92mINFO [0m:      	            (32, 68.83735871361849),
[92mINFO [0m:      	            (33, 59.345378246705216),
[92mINFO [0m:      	            (34, 82.99350875398356),
[92mINFO [0m:      	            (35, 80.71944503874357),
[92mINFO [0m:      	            (36, 68.26823737525243),
[92mINFO [0m:      	            (37, 67.30966639448009),
[92mINFO [0m:      	            (38, 62.6760140869196),
[92mINFO [0m:      	            (39, 83.47069736697007),
[92mINFO [0m:      	            (40, 58.935477798555986),
[92mINFO [0m:      	            (41, 60.46654081534178),
[92mINFO [0m:      	            (42, 57.82828544540954),
[92mINFO [0m:      	            (43, 57.31282640942768),
[92mINFO [0m:      	            (44, 55.49774960322584),
[92mINFO [0m:      	            (45, 56.51360342245833),
[92mINFO [0m:      	            (46, 56.2849139180138),
[92mINFO [0m:      	            (47, 57.81570217739807),
[92mINFO [0m:      	            (48, 57.35289049905249),
[92mINFO [0m:      	            (49, 56.49831153985794),
[92mINFO [0m:      	            (50, 58.36453150232379),
[92mINFO [0m:      	            (51, 56.15284421804584),
[92mINFO [0m:      	            (52, 57.83007492271301),
[92mINFO [0m:      	            (53, 58.84222819019771),
[92mINFO [0m:      	            (54, 56.024004569280905),
[92mINFO [0m:      	            (55, 57.730405738054465),
[92mINFO [0m:      	            (56, 59.908179257169564),
[92mINFO [0m:      	            (57, 57.526636281654476),
[92mINFO [0m:      	            (58, 55.92594066913835),
[92mINFO [0m:      	            (59, 59.043019845618204),
[92mINFO [0m:      	            (60, 56.394082568895385)],
[92mINFO [0m:      	 'est_upload_time': [(1, 3.0285326986029926),
[92mINFO [0m:      	                     (2, 4.842848436366418),
[92mINFO [0m:      	                     (3, 4.177015765013835),
[92mINFO [0m:      	                     (4, 9.67277093555024),
[92mINFO [0m:      	                     (5, 4.980353018687849),
[92mINFO [0m:      	                     (6, 4.94273772453579),
[92mINFO [0m:      	                     (7, 3.263819844726261),
[92mINFO [0m:      	                     (8, 4.8960527158975),
[92mINFO [0m:      	                     (9, 3.4820268954910425),
[92mINFO [0m:      	                     (10, 3.7466386135604948),
[92mINFO [0m:      	                     (11, 4.302403070221921),
[92mINFO [0m:      	                     (12, 5.251563138575854),
[92mINFO [0m:      	                     (13, 2.819537236086776),
[92mINFO [0m:      	                     (14, 3.597892564073368),
[92mINFO [0m:      	                     (15, 5.434288465804679),
[92mINFO [0m:      	                     (16, 5.343375231119273),
[92mINFO [0m:      	                     (17, 3.3623897167941275),
[92mINFO [0m:      	                     (18, 4.557572014147153),
[92mINFO [0m:      	                     (19, 4.101991499438105),
[92mINFO [0m:      	                     (20, 5.254540515369046),
[92mINFO [0m:      	                     (21, 9.36131804852778),
[92mINFO [0m:      	                     (22, 17.272881435667596),
[92mINFO [0m:      	                     (23, 5.901760711371109),
[92mINFO [0m:      	                     (24, 14.79054741239863),
[92mINFO [0m:      	                     (25, 21.852960501232864),
[92mINFO [0m:      	                     (26, 11.350415646790502),
[92mINFO [0m:      	                     (27, 9.7328141664589),
[92mINFO [0m:      	                     (28, 6.770286848398151),
[92mINFO [0m:      	                     (29, 22.496037089303606),
[92mINFO [0m:      	                     (30, 6.1479834684871255),
[92mINFO [0m:      	                     (31, 11.838071258990384),
[92mINFO [0m:      	                     (32, 16.073358713618475),
[92mINFO [0m:      	                     (33, 6.581378246705219),
[92mINFO [0m:      	                     (34, 11.657508753983574),
[92mINFO [0m:      	                     (35, 11.215445038743566),
[92mINFO [0m:      	                     (36, 6.412237375252422),
[92mINFO [0m:      	                     (37, 5.065666394480081),
[92mINFO [0m:      	                     (38, 9.912014086919598),
[92mINFO [0m:      	                     (39, 5.254697366970076),
[92mINFO [0m:      	                     (40, 6.171477798555983),
[92mINFO [0m:      	                     (41, 7.702540815341779),
[92mINFO [0m:      	                     (42, 5.0642854454095385),
[92mINFO [0m:      	                     (43, 4.548826409427674),
[92mINFO [0m:      	                     (44, 2.733749603225836),
[92mINFO [0m:      	                     (45, 3.74960342245833),
[92mINFO [0m:      	                     (46, 3.5209139180137985),
[92mINFO [0m:      	                     (47, 5.051702177398074),
[92mINFO [0m:      	                     (48, 4.588890499052493),
[92mINFO [0m:      	                     (49, 3.734311539857932),
[92mINFO [0m:      	                     (50, 5.600531502323793),
[92mINFO [0m:      	                     (51, 3.3888442180458416),
[92mINFO [0m:      	                     (52, 5.066074922713007),
[92mINFO [0m:      	                     (53, 6.0782281901977075),
[92mINFO [0m:      	                     (54, 3.260004569280901),
[92mINFO [0m:      	                     (55, 4.966405738054469),
[92mINFO [0m:      	                     (56, 7.144179257169566),
[92mINFO [0m:      	                     (57, 4.762636281654472),
[92mINFO [0m:      	                     (58, 3.1619406691383474),
[92mINFO [0m:      	                     (59, 6.27901984561821),
[92mINFO [0m:      	                     (60, 3.630082568895381)],
[92mINFO [0m:      	 'jain': [(1, 0.49999999999999),
[92mINFO [0m:      	          (2, 0.4999999999999975),
[92mINFO [0m:      	          (3, 0.4999999999999989),
[92mINFO [0m:      	          (4, 0.49999999999999933),
[92mINFO [0m:      	          (5, 0.49999999999999933),
[92mINFO [0m:      	          (6, 0.49999999999999933),
[92mINFO [0m:      	          (7, 0.49999999999999933),
[92mINFO [0m:      	          (8, 0.49999999999999933),
[92mINFO [0m:      	          (9, 0.49999999999999933),
[92mINFO [0m:      	          (10, 0.49999999999999933),
[92mINFO [0m:      	          (11, 0.49999999999999933),
[92mINFO [0m:      	          (12, 0.49999999999999933),
[92mINFO [0m:      	          (13, 0.49999999999999933),
[92mINFO [0m:      	          (14, 0.49999999999999933),
[92mINFO [0m:      	          (15, 0.49999999999999933),
[92mINFO [0m:      	          (16, 0.49999999999999933),
[92mINFO [0m:      	          (17, 0.49999999999999933),
[92mINFO [0m:      	          (18, 0.5405405405405398),
[92mINFO [0m:      	          (19, 0.5405405405405398),
[92mINFO [0m:      	          (20, 0.5405405405405398),
[92mINFO [0m:      	          (21, 0.6060606060606051),
[92mINFO [0m:      	          (22, 0.6666666666666655),
[92mINFO [0m:      	          (23, 0.6666666666666655),
[92mINFO [0m:      	          (24, 0.6451612903225796),
[92mINFO [0m:      	          (25, 0.5882352941176462),
[92mINFO [0m:      	          (26, 0.5882352941176462),
[92mINFO [0m:      	          (27, 0.5405405405405398),
[92mINFO [0m:      	          (28, 0.5405405405405398),
[92mINFO [0m:      	          (29, 0.5882352941176462),
[92mINFO [0m:      	          (30, 0.5555555555555548),
[92mINFO [0m:      	          (31, 0.5714285714285706),
[92mINFO [0m:      	          (32, 0.5714285714285706),
[92mINFO [0m:      	          (33, 0.5714285714285706),
[92mINFO [0m:      	          (34, 0.624999999999999),
[92mINFO [0m:      	          (35, 0.624999999999999),
[92mINFO [0m:      	          (36, 0.6451612903225796),
[92mINFO [0m:      	          (37, 0.6451612903225796),
[92mINFO [0m:      	          (38, 0.624999999999999),
[92mINFO [0m:      	          (39, 0.6451612903225796),
[92mINFO [0m:      	          (40, 0.6060606060606051),
[92mINFO [0m:      	          (41, 0.5882352941176462),
[92mINFO [0m:      	          (42, 0.5882352941176462),
[92mINFO [0m:      	          (43, 0.49999999999999933),
[92mINFO [0m:      	          (44, 0.49999999999999933),
[92mINFO [0m:      	          (45, 0.49999999999999933),
[92mINFO [0m:      	          (46, 0.49999999999999933),
[92mINFO [0m:      	          (47, 0.49999999999999933),
[92mINFO [0m:      	          (48, 0.49999999999999933),
[92mINFO [0m:      	          (49, 0.49999999999999933),
[92mINFO [0m:      	          (50, 0.49999999999999933),
[92mINFO [0m:      	          (51, 0.49999999999999933),
[92mINFO [0m:      	          (52, 0.49999999999999933),
[92mINFO [0m:      	          (53, 0.49999999999999933),
[92mINFO [0m:      	          (54, 0.49999999999999933),
[92mINFO [0m:      	          (55, 0.49999999999999933),
[92mINFO [0m:      	          (56, 0.49999999999999933),
[92mINFO [0m:      	          (57, 0.49999999999999933),
[92mINFO [0m:      	          (58, 0.49999999999999933),
[92mINFO [0m:      	          (59, 0.49999999999999933),
[92mINFO [0m:      	          (60, 0.49999999999999933)],
[92mINFO [0m:      	 'loss': [(1, 2.0402893371219877),
[92mINFO [0m:      	          (2, 1.9707060207294513),
[92mINFO [0m:      	          (3, 1.8143574165392526),
[92mINFO [0m:      	          (4, 1.8084409221818176),
[92mINFO [0m:      	          (5, 1.849178741249857),
[92mINFO [0m:      	          (6, 1.6328765093525754),
[92mINFO [0m:      	          (7, 1.4784709426421154),
[92mINFO [0m:      	          (8, 1.5228879949714564),
[92mINFO [0m:      	          (9, 1.6480484325674516),
[92mINFO [0m:      	          (10, 1.6598640604864192),
[92mINFO [0m:      	          (11, 1.5717099286332916),
[92mINFO [0m:      	          (12, 1.4730122421361223),
[92mINFO [0m:      	          (13, 1.3900937385196928),
[92mINFO [0m:      	          (14, 1.375917543338824),
[92mINFO [0m:      	          (15, 1.3625835195372376),
[92mINFO [0m:      	          (16, 1.1590376609488378),
[92mINFO [0m:      	          (17, 1.359262206886388),
[92mINFO [0m:      	          (18, 1.4598873748054988),
[92mINFO [0m:      	          (19, 1.2312386594241178),
[92mINFO [0m:      	          (20, 1.1365364525891557),
[92mINFO [0m:      	          (21, 1.3276004851618899),
[92mINFO [0m:      	          (22, 1.3276004851618899),
[92mINFO [0m:      	          (23, 1.3276004851618899),
[92mINFO [0m:      	          (24, 1.3276004851618899),
[92mINFO [0m:      	          (25, 1.1817706083949608),
[92mINFO [0m:      	          (26, 1.0836744240567655),
[92mINFO [0m:      	          (27, 1.1418243616442136),
[92mINFO [0m:      	          (28, 1.109731609308267),
[92mINFO [0m:      	          (29, 1.1133461383324634),
[92mINFO [0m:      	          (30, 1.0712770706490626),
[92mINFO [0m:      	          (31, 0.9977095836325537),
[92mINFO [0m:      	          (32, 0.9373125728172592),
[92mINFO [0m:      	          (33, 0.9208215324184562),
[92mINFO [0m:      	          (34, 1.1049787930295438),
[92mINFO [0m:      	          (35, 0.9558601334125181),
[92mINFO [0m:      	          (36, 1.0956017963493927),
[92mINFO [0m:      	          (37, 1.0279533387739448),
[92mINFO [0m:      	          (38, 0.9199817474884323),
[92mINFO [0m:      	          (39, 0.9503035703791848),
[92mINFO [0m:      	          (40, 0.9503035703791848),
[92mINFO [0m:      	          (41, 0.8266947986204413),
[92mINFO [0m:      	          (42, 0.829872276964067),
[92mINFO [0m:      	          (43, 0.8364173204083986),
[92mINFO [0m:      	          (44, 0.8391620516777039),
[92mINFO [0m:      	          (45, 1.0291980429540706),
[92mINFO [0m:      	          (46, 0.9646923821183699),
[92mINFO [0m:      	          (47, 0.918703660180297),
[92mINFO [0m:      	          (48, 0.9917210242416286),
[92mINFO [0m:      	          (49, 0.8261568765097027),
[92mINFO [0m:      	          (50, 0.80263344170172),
[92mINFO [0m:      	          (51, 0.8541822886165185),
[92mINFO [0m:      	          (52, 0.7969439550291134),
[92mINFO [0m:      	          (53, 0.785126377510119),
[92mINFO [0m:      	          (54, 0.9641700356821471),
[92mINFO [0m:      	          (55, 0.85662442445755),
[92mINFO [0m:      	          (56, 0.7905960739413395),
[92mINFO [0m:      	          (57, 0.9184791838066487),
[92mINFO [0m:      	          (58, 0.9917186038403571),
[92mINFO [0m:      	          (59, 0.8904924317251278),
[92mINFO [0m:      	          (60, 0.8042189863663686)],
[92mINFO [0m:      	 'mode': [(1, 'semi_sync'),
[92mINFO [0m:      	          (2, 'semi_sync'),
[92mINFO [0m:      	          (3, 'semi_sync'),
[92mINFO [0m:      	          (4, 'semi_sync'),
[92mINFO [0m:      	          (5, 'semi_sync'),
[92mINFO [0m:      	          (6, 'semi_sync'),
[92mINFO [0m:      	          (7, 'semi_sync'),
[92mINFO [0m:      	          (8, 'semi_sync'),
[92mINFO [0m:      	          (9, 'semi_sync'),
[92mINFO [0m:      	          (10, 'semi_sync'),
[92mINFO [0m:      	          (11, 'semi_sync'),
[92mINFO [0m:      	          (12, 'semi_sync'),
[92mINFO [0m:      	          (13, 'semi_sync'),
[92mINFO [0m:      	          (14, 'semi_sync'),
[92mINFO [0m:      	          (15, 'semi_sync'),
[92mINFO [0m:      	          (16, 'semi_sync'),
[92mINFO [0m:      	          (17, 'semi_sync'),
[92mINFO [0m:      	          (18, 'semi_sync'),
[92mINFO [0m:      	          (19, 'semi_sync'),
[92mINFO [0m:      	          (20, 'semi_sync'),
[92mINFO [0m:      	          (21, 'semi_sync'),
[92mINFO [0m:      	          (22, 'semi_sync'),
[92mINFO [0m:      	          (23, 'semi_sync'),
[92mINFO [0m:      	          (24, 'semi_sync'),
[92mINFO [0m:      	          (25, 'bridge'),
[92mINFO [0m:      	          (26, 'bridge'),
[92mINFO [0m:      	          (27, 'bridge'),
[92mINFO [0m:      	          (28, 'bridge'),
[92mINFO [0m:      	          (29, 'bridge'),
[92mINFO [0m:      	          (30, 'bridge'),
[92mINFO [0m:      	          (31, 'bridge'),
[92mINFO [0m:      	          (32, 'bridge'),
[92mINFO [0m:      	          (33, 'bridge'),
[92mINFO [0m:      	          (34, 'async'),
[92mINFO [0m:      	          (35, 'async'),
[92mINFO [0m:      	          (36, 'async'),
[92mINFO [0m:      	          (37, 'async'),
[92mINFO [0m:      	          (38, 'async'),
[92mINFO [0m:      	          (39, 'async'),
[92mINFO [0m:      	          (40, 'async'),
[92mINFO [0m:      	          (41, 'async'),
[92mINFO [0m:      	          (42, 'async'),
[92mINFO [0m:      	          (43, 'async'),
[92mINFO [0m:      	          (44, 'async'),
[92mINFO [0m:      	          (45, 'bridge'),
[92mINFO [0m:      	          (46, 'bridge'),
[92mINFO [0m:      	          (47, 'bridge'),
[92mINFO [0m:      	          (48, 'bridge'),
[92mINFO [0m:      	          (49, 'bridge'),
[92mINFO [0m:      	          (50, 'bridge'),
[92mINFO [0m:      	          (51, 'bridge'),
[92mINFO [0m:      	          (52, 'bridge'),
[92mINFO [0m:      	          (53, 'bridge'),
[92mINFO [0m:      	          (54, 'semi_sync'),
[92mINFO [0m:      	          (55, 'semi_sync'),
[92mINFO [0m:      	          (56, 'semi_sync'),
[92mINFO [0m:      	          (57, 'semi_sync'),
[92mINFO [0m:      	          (58, 'semi_sync'),
[92mINFO [0m:      	          (59, 'semi_sync'),
[92mINFO [0m:      	          (60, 'semi_sync')],
[92mINFO [0m:      	 'num_exhausted_clients': [(1, 0.0),
[92mINFO [0m:      	                           (2, 0.0),
[92mINFO [0m:      	                           (3, 0.0),
[92mINFO [0m:      	                           (4, 0.0),
[92mINFO [0m:      	                           (5, 0.0),
[92mINFO [0m:      	                           (6, 0.0),
[92mINFO [0m:      	                           (7, 0.0),
[92mINFO [0m:      	                           (8, 0.0),
[92mINFO [0m:      	                           (9, 0.0),
[92mINFO [0m:      	                           (10, 0.0),
[92mINFO [0m:      	                           (11, 0.0),
[92mINFO [0m:      	                           (12, 0.0),
[92mINFO [0m:      	                           (13, 0.0),
[92mINFO [0m:      	                           (14, 0.0),
[92mINFO [0m:      	                           (15, 0.0),
[92mINFO [0m:      	                           (16, 0.0),
[92mINFO [0m:      	                           (17, 0.0),
[92mINFO [0m:      	                           (18, 0.0),
[92mINFO [0m:      	                           (19, 0.0),
[92mINFO [0m:      	                           (20, 0.0),
[92mINFO [0m:      	                           (21, 0.0),
[92mINFO [0m:      	                           (22, 0.0),
[92mINFO [0m:      	                           (23, 0.0),
[92mINFO [0m:      	                           (24, 0.0),
[92mINFO [0m:      	                           (25, 0.0),
[92mINFO [0m:      	                           (26, 0.0),
[92mINFO [0m:      	                           (27, 0.0),
[92mINFO [0m:      	                           (28, 0.0),
[92mINFO [0m:      	                           (29, 0.0),
[92mINFO [0m:      	                           (30, 0.0),
[92mINFO [0m:      	                           (31, 0.0),
[92mINFO [0m:      	                           (32, 0.0),
[92mINFO [0m:      	                           (33, 0.0),
[92mINFO [0m:      	                           (34, 0.0),
[92mINFO [0m:      	                           (35, 0.0),
[92mINFO [0m:      	                           (36, 0.0),
[92mINFO [0m:      	                           (37, 0.0),
[92mINFO [0m:      	                           (38, 0.0),
[92mINFO [0m:      	                           (39, 0.0),
[92mINFO [0m:      	                           (40, 0.0),
[92mINFO [0m:      	                           (41, 0.0),
[92mINFO [0m:      	                           (42, 0.0),
[92mINFO [0m:      	                           (43, 0.0),
[92mINFO [0m:      	                           (44, 0.0),
[92mINFO [0m:      	                           (45, 0.0),
[92mINFO [0m:      	                           (46, 0.0),
[92mINFO [0m:      	                           (47, 0.0),
[92mINFO [0m:      	                           (48, 0.0),
[92mINFO [0m:      	                           (49, 0.0),
[92mINFO [0m:      	                           (50, 0.0),
[92mINFO [0m:      	                           (51, 0.0),
[92mINFO [0m:      	                           (52, 0.0),
[92mINFO [0m:      	                           (53, 0.0),
[92mINFO [0m:      	                           (54, 0.0),
[92mINFO [0m:      	                           (55, 0.0),
[92mINFO [0m:      	                           (56, 0.0),
[92mINFO [0m:      	                           (57, 0.0),
[92mINFO [0m:      	                           (58, 0.0),
[92mINFO [0m:      	                           (59, 0.0),
[92mINFO [0m:      	                           (60, 0.0)],
[92mINFO [0m:      	 'topk': [(1, 5.0),
[92mINFO [0m:      	          (2, 5.0),
[92mINFO [0m:      	          (3, 5.0),
[92mINFO [0m:      	          (4, 5.0),
[92mINFO [0m:      	          (5, 5.0),
[92mINFO [0m:      	          (6, 5.0),
[92mINFO [0m:      	          (7, 5.0),
[92mINFO [0m:      	          (8, 5.0),
[92mINFO [0m:      	          (9, 5.0),
[92mINFO [0m:      	          (10, 5.0),
[92mINFO [0m:      	          (11, 5.0),
[92mINFO [0m:      	          (12, 5.0),
[92mINFO [0m:      	          (13, 5.0),
[92mINFO [0m:      	          (14, 5.0),
[92mINFO [0m:      	          (15, 5.0),
[92mINFO [0m:      	          (16, 5.0),
[92mINFO [0m:      	          (17, 5.0),
[92mINFO [0m:      	          (18, 5.0),
[92mINFO [0m:      	          (19, 5.0),
[92mINFO [0m:      	          (20, 5.0),
[92mINFO [0m:      	          (21, 5.0),
[92mINFO [0m:      	          (22, 5.0),
[92mINFO [0m:      	          (23, 5.0),
[92mINFO [0m:      	          (24, 5.0),
[92mINFO [0m:      	          (25, 5.0),
[92mINFO [0m:      	          (26, 5.0),
[92mINFO [0m:      	          (27, 5.0),
[92mINFO [0m:      	          (28, 5.0),
[92mINFO [0m:      	          (29, 5.0),
[92mINFO [0m:      	          (30, 5.0),
[92mINFO [0m:      	          (31, 5.0),
[92mINFO [0m:      	          (32, 5.0),
[92mINFO [0m:      	          (33, 5.0),
[92mINFO [0m:      	          (34, 5.0),
[92mINFO [0m:      	          (35, 5.0),
[92mINFO [0m:      	          (36, 5.0),
[92mINFO [0m:      	          (37, 5.0),
[92mINFO [0m:      	          (38, 5.0),
[92mINFO [0m:      	          (39, 5.0),
[92mINFO [0m:      	          (40, 5.0),
[92mINFO [0m:      	          (41, 5.0),
[92mINFO [0m:      	          (42, 5.0),
[92mINFO [0m:      	          (43, 5.0),
[92mINFO [0m:      	          (44, 5.0),
[92mINFO [0m:      	          (45, 5.0),
[92mINFO [0m:      	          (46, 5.0),
[92mINFO [0m:      	          (47, 5.0),
[92mINFO [0m:      	          (48, 5.0),
[92mINFO [0m:      	          (49, 5.0),
[92mINFO [0m:      	          (50, 5.0),
[92mINFO [0m:      	          (51, 5.0),
[92mINFO [0m:      	          (52, 5.0),
[92mINFO [0m:      	          (53, 5.0),
[92mINFO [0m:      	          (54, 5.0),
[92mINFO [0m:      	          (55, 5.0),
[92mINFO [0m:      	          (56, 5.0),
[92mINFO [0m:      	          (57, 5.0),
[92mINFO [0m:      	          (58, 5.0),
[92mINFO [0m:      	          (59, 5.0),
[92mINFO [0m:      	          (60, 5.0)]}
[92mINFO [0m:      	History (metrics, centralized):
[92mINFO [0m:      	{'accuracy': [(0, 0.1),
[92mINFO [0m:      	              (1, 0.2677),
[92mINFO [0m:      	              (2, 0.2921),
[92mINFO [0m:      	              (3, 0.3858),
[92mINFO [0m:      	              (4, 0.3385),
[92mINFO [0m:      	              (5, 0.3601),
[92mINFO [0m:      	              (6, 0.4019),
[92mINFO [0m:      	              (7, 0.4584),
[92mINFO [0m:      	              (8, 0.434),
[92mINFO [0m:      	              (9, 0.4572),
[92mINFO [0m:      	              (10, 0.3934),
[92mINFO [0m:      	              (11, 0.4534),
[92mINFO [0m:      	              (12, 0.449),
[92mINFO [0m:      	              (13, 0.5235),
[92mINFO [0m:      	              (14, 0.5496),
[92mINFO [0m:      	              (15, 0.4786),
[92mINFO [0m:      	              (16, 0.5758),
[92mINFO [0m:      	              (17, 0.5463),
[92mINFO [0m:      	              (18, 0.4835),
[92mINFO [0m:      	              (19, 0.5658),
[92mINFO [0m:      	              (20, 0.5957),
[92mINFO [0m:      	              (21, 0.5189),
[92mINFO [0m:      	              (22, 0.5189),
[92mINFO [0m:      	              (23, 0.5189),
[92mINFO [0m:      	              (24, 0.5189),
[92mINFO [0m:      	              (25, 0.5792),
[92mINFO [0m:      	              (26, 0.6099),
[92mINFO [0m:      	              (27, 0.5989),
[92mINFO [0m:      	              (28, 0.6127),
[92mINFO [0m:      	              (29, 0.6145),
[92mINFO [0m:      	              (30, 0.626),
[92mINFO [0m:      	              (31, 0.6395),
[92mINFO [0m:      	              (32, 0.6644),
[92mINFO [0m:      	              (33, 0.6607),
[92mINFO [0m:      	              (34, 0.6206),
[92mINFO [0m:      	              (35, 0.6577),
[92mINFO [0m:      	              (36, 0.6081),
[92mINFO [0m:      	              (37, 0.6314),
[92mINFO [0m:      	              (38, 0.6551),
[92mINFO [0m:      	              (39, 0.6568),
[92mINFO [0m:      	              (40, 0.6568),
[92mINFO [0m:      	              (41, 0.6881),
[92mINFO [0m:      	              (42, 0.7057),
[92mINFO [0m:      	              (43, 0.6976),
[92mINFO [0m:      	              (44, 0.7031),
[92mINFO [0m:      	              (45, 0.6555),
[92mINFO [0m:      	              (46, 0.6822),
[92mINFO [0m:      	              (47, 0.6905),
[92mINFO [0m:      	              (48, 0.6707),
[92mINFO [0m:      	              (49, 0.7059),
[92mINFO [0m:      	              (50, 0.7125),
[92mINFO [0m:      	              (51, 0.7028),
[92mINFO [0m:      	              (52, 0.716),
[92mINFO [0m:      	              (53, 0.7169),
[92mINFO [0m:      	              (54, 0.6829),
[92mINFO [0m:      	              (55, 0.6893),
[92mINFO [0m:      	              (56, 0.7091),
[92mINFO [0m:      	              (57, 0.6823),
[92mINFO [0m:      	              (58, 0.6787),
[92mINFO [0m:      	              (59, 0.6954),
[92mINFO [0m:      	              (60, 0.7148)]}
[92mINFO [0m:      
[36m(pid=709664)[0m [2026-03-05 12:36:32,215 E 709664 711035] core_worker_process.cc:825: Failed to establish connection to the metrics exporter agent. Metrics will not be exported. Exporter agent status: RpcError: Running out of retries to initialize the metrics agent. rpc_code: 14[32m [repeated 20x across cluster][0m
