/root/miniconda3/envs/moga-fl/lib/python3.10/site-packages/torch/cuda/__init__.py:65: FutureWarning: The pynvml package is deprecated. Please install nvidia-ml-py instead. If you did not install pynvml directly, please report this to the maintainers of the package that installed pynvml for you.
  import pynvml  # type: ignore[import]
[93mWARNING [0m:   DEPRECATED FEATURE: flwr.simulation.start_simulation() is deprecated.
	Instead, use the `flwr run` CLI command to start a local simulation in your Flower app, as shown for example below:

		$ flwr new  # Create a new Flower app from a template

		$ flwr run  # Run the Flower app in Simulation Mode

	Using `start_simulation()` is deprecated.

            This is a deprecated feature. It will be removed
            entirely in future versions of Flower.
        
[92mINFO [0m:      Starting Flower simulation, config: num_rounds=60, no round_timeout
2026-03-06 02:54:27,863	WARNING utils.py:460 -- Detecting docker specified CPUs. In previous versions of Ray, CPU detection in containers was incorrect. Please ensure that Ray has enough CPUs allocated. As a temporary workaround to revert to the prior behavior, set `RAY_USE_MULTIPROCESSING_CPU_COUNT=1` as an env var before starting Ray. Set the env var: `RAY_DISABLE_DOCKER_CPU_WARNING=1` to mute this warning.
2026-03-06 02:54:28,077	INFO worker.py:2012 -- Started a local Ray instance.
/root/miniconda3/envs/moga-fl/lib/python3.10/site-packages/ray/_private/worker.py:2051: FutureWarning: Tip: In future versions of Ray, Ray will no longer override accelerator visible devices env var if num_gpus=0 or num_gpus=None (default). To enable this behavior and turn off this error message, set RAY_ACCEL_ENV_VAR_OVERRIDE_ON_ZERO=0
  warnings.warn(
[92mINFO [0m:      Flower VCE: Ray initialized with resources: {'node:__internal_head__': 1.0, 'GPU': 1.0, 'accelerator_type:G': 1.0, 'object_store_memory': 28244572569.0, 'memory': 65904002663.0, 'CPU': 25.0, 'node:172.17.0.6': 1.0}
[92mINFO [0m:      Optimize your simulation with Flower VCE: https://flower.ai/docs/framework/how-to-run-simulations.html
[92mINFO [0m:      Flower VCE: Resources for each Virtual Client: {'num_cpus': 5.0, 'num_gpus': 0.2}
[92mINFO [0m:      Flower VCE: Creating VirtualClientEngineActorPool with 5 actors
[92mINFO [0m:      [INIT]
[92mINFO [0m:      Using initial global parameters provided by strategy
[92mINFO [0m:      Starting evaluation of initial global parameters
[92mINFO [0m:      initial parameters (loss, other metrics): 3.566791999340057, {'accuracy': 0.1}
[92mINFO [0m:      
[92mINFO [0m:      [ROUND 1]
[92mINFO [0m:      configure_fit: strategy sampled 5 clients (out of 10)
[36m(ClientAppActor pid=492470)[0m /root/miniconda3/envs/moga-fl/lib/python3.10/site-packages/torch/cuda/__init__.py:65: FutureWarning: The pynvml package is deprecated. Please install nvidia-ml-py instead. If you did not install pynvml directly, please report this to the maintainers of the package that installed pynvml for you.
[36m(ClientAppActor pid=492470)[0m   import pynvml  # type: ignore[import]
[92mINFO [0m:      aggregate_fit: received 5 results and 0 failures
[92mINFO [0m:      fit progress: (1, 2.4101109862327577, {'accuracy': 0.1421}, 14.319625958800316)
[92mINFO [0m:      configure_evaluate: no clients selected, skipping evaluation
[92mINFO [0m:      
[92mINFO [0m:      [ROUND 2]
[92mINFO [0m:      configure_fit: strategy sampled 5 clients (out of 10)
[92mINFO [0m:      aggregate_fit: received 5 results and 0 failures
[92mINFO [0m:      fit progress: (2, 2.237673020362854, {'accuracy': 0.2302}, 22.23661899007857)
[92mINFO [0m:      configure_evaluate: no clients selected, skipping evaluation
[92mINFO [0m:      
[92mINFO [0m:      [ROUND 3]
[92mINFO [0m:      configure_fit: strategy sampled 5 clients (out of 10)
[36m(pid=gcs_server)[0m [2026-03-06 02:54:57,357 E 491950 491950] (gcs_server) gcs_server.cc:302: Failed to establish connection to the event+metrics exporter agent. Events and metrics will not be exported. Exporter agent status: RpcError: Running out of retries to initialize the metrics agent. rpc_code: 14
[36m(ClientAppActor pid=492461)[0m /root/miniconda3/envs/moga-fl/lib/python3.10/site-packages/torch/cuda/__init__.py:65: FutureWarning: The pynvml package is deprecated. Please install nvidia-ml-py instead. If you did not install pynvml directly, please report this to the maintainers of the package that installed pynvml for you.[32m [repeated 4x across cluster] (Ray deduplicates logs by default. Set RAY_DEDUP_LOGS=0 to disable log deduplication, or see https://docs.ray.io/en/master/ray-observability/user-guides/configure-logging.html#log-deduplication for more options.)[0m
[36m(ClientAppActor pid=492461)[0m   import pynvml  # type: ignore[import][32m [repeated 4x across cluster][0m
[33m(raylet)[0m [2026-03-06 02:54:58,008 E 492327 492327] (raylet) main.cc:975: Failed to establish connection to the metrics exporter agent. Metrics will not be exported. Exporter agent status: RpcError: Running out of retries to initialize the metrics agent. rpc_code: 14
[36m(ClientAppActor pid=492461)[0m [2026-03-06 02:54:58,417 E 492461 492796] core_worker_process.cc:825: Failed to establish connection to the metrics exporter agent. Metrics will not be exported. Exporter agent status: RpcError: Running out of retries to initialize the metrics agent. rpc_code: 14
[92mINFO [0m:      aggregate_fit: received 5 results and 0 failures
[2026-03-06 02:54:58,726 E 491815 492460] core_worker_process.cc:825: Failed to establish connection to the metrics exporter agent. Metrics will not be exported. Exporter agent status: RpcError: Running out of retries to initialize the metrics agent. rpc_code: 14
[92mINFO [0m:      fit progress: (3, 2.106952702999115, {'accuracy': 0.2673}, 30.706370464526117)
[92mINFO [0m:      configure_evaluate: no clients selected, skipping evaluation
[92mINFO [0m:      
[92mINFO [0m:      [ROUND 4]
[92mINFO [0m:      configure_fit: strategy sampled 5 clients (out of 10)
[92mINFO [0m:      aggregate_fit: received 5 results and 0 failures
[92mINFO [0m:      fit progress: (4, 2.0544455289840697, {'accuracy': 0.3166}, 40.89152625016868)
[92mINFO [0m:      configure_evaluate: no clients selected, skipping evaluation
[92mINFO [0m:      
[92mINFO [0m:      [ROUND 5]
[92mINFO [0m:      configure_fit: strategy sampled 5 clients (out of 10)
[92mINFO [0m:      aggregate_fit: received 5 results and 0 failures
[92mINFO [0m:      fit progress: (5, 1.9991325616836548, {'accuracy': 0.2754}, 49.40128300432116)
[92mINFO [0m:      configure_evaluate: no clients selected, skipping evaluation
[92mINFO [0m:      
[92mINFO [0m:      [ROUND 6]
[92mINFO [0m:      configure_fit: strategy sampled 5 clients (out of 10)
[92mINFO [0m:      aggregate_fit: received 5 results and 0 failures
[92mINFO [0m:      fit progress: (6, 1.9328205108642578, {'accuracy': 0.3433}, 57.76663303561509)
[92mINFO [0m:      configure_evaluate: no clients selected, skipping evaluation
[92mINFO [0m:      
[92mINFO [0m:      [ROUND 7]
[92mINFO [0m:      configure_fit: strategy sampled 5 clients (out of 10)
[92mINFO [0m:      aggregate_fit: received 5 results and 0 failures
[92mINFO [0m:      fit progress: (7, 1.692786544561386, {'accuracy': 0.4621}, 68.0422537997365)
[92mINFO [0m:      configure_evaluate: no clients selected, skipping evaluation
[92mINFO [0m:      
[92mINFO [0m:      [ROUND 8]
[92mINFO [0m:      configure_fit: strategy sampled 5 clients (out of 10)
[92mINFO [0m:      aggregate_fit: received 5 results and 0 failures
[92mINFO [0m:      fit progress: (8, 1.7066064476966858, {'accuracy': 0.3486}, 76.98015804030001)
[92mINFO [0m:      configure_evaluate: no clients selected, skipping evaluation
[92mINFO [0m:      
[92mINFO [0m:      [ROUND 9]
[92mINFO [0m:      configure_fit: strategy sampled 5 clients (out of 10)
[92mINFO [0m:      aggregate_fit: received 5 results and 0 failures
[92mINFO [0m:      fit progress: (9, 1.5747980237007142, {'accuracy': 0.3972}, 85.84537816233933)
[92mINFO [0m:      configure_evaluate: no clients selected, skipping evaluation
[92mINFO [0m:      
[92mINFO [0m:      [ROUND 10]
[92mINFO [0m:      configure_fit: strategy sampled 5 clients (out of 10)
[92mINFO [0m:      aggregate_fit: received 5 results and 0 failures
[92mINFO [0m:      fit progress: (10, 1.7442080438137055, {'accuracy': 0.3889}, 94.5730803469196)
[92mINFO [0m:      configure_evaluate: no clients selected, skipping evaluation
[92mINFO [0m:      
[92mINFO [0m:      [ROUND 11]
[92mINFO [0m:      configure_fit: strategy sampled 5 clients (out of 10)
[92mINFO [0m:      aggregate_fit: received 5 results and 0 failures
[92mINFO [0m:      fit progress: (11, 1.5008161783218383, {'accuracy': 0.5422}, 103.04327666759491)
[92mINFO [0m:      configure_evaluate: no clients selected, skipping evaluation
[92mINFO [0m:      
[92mINFO [0m:      [ROUND 12]
[92mINFO [0m:      configure_fit: strategy sampled 5 clients (out of 10)
[92mINFO [0m:      aggregate_fit: received 5 results and 0 failures
[92mINFO [0m:      fit progress: (12, 1.685770183801651, {'accuracy': 0.4646}, 111.9449657201767)
[92mINFO [0m:      configure_evaluate: no clients selected, skipping evaluation
[92mINFO [0m:      
[92mINFO [0m:      [ROUND 13]
[92mINFO [0m:      configure_fit: strategy sampled 5 clients (out of 10)
[92mINFO [0m:      aggregate_fit: received 5 results and 0 failures
[92mINFO [0m:      fit progress: (13, 1.6069213688373565, {'accuracy': 0.4365}, 120.73313155211508)
[92mINFO [0m:      configure_evaluate: no clients selected, skipping evaluation
[92mINFO [0m:      
[92mINFO [0m:      [ROUND 14]
[92mINFO [0m:      configure_fit: strategy sampled 5 clients (out of 10)
[92mINFO [0m:      aggregate_fit: received 5 results and 0 failures
[92mINFO [0m:      fit progress: (14, 1.4164713740348815, {'accuracy': 0.4727}, 130.33244039025158)
[92mINFO [0m:      configure_evaluate: no clients selected, skipping evaluation
[92mINFO [0m:      
[92mINFO [0m:      [ROUND 15]
[92mINFO [0m:      configure_fit: strategy sampled 5 clients (out of 10)
[92mINFO [0m:      aggregate_fit: received 5 results and 0 failures
[92mINFO [0m:      fit progress: (15, 1.389044177532196, {'accuracy': 0.4907}, 140.36475180275738)
[92mINFO [0m:      configure_evaluate: no clients selected, skipping evaluation
[92mINFO [0m:      
[92mINFO [0m:      [ROUND 16]
[92mINFO [0m:      configure_fit: strategy sampled 5 clients (out of 10)
[92mINFO [0m:      aggregate_fit: received 5 results and 0 failures
[92mINFO [0m:      fit progress: (16, 1.3987768650054933, {'accuracy': 0.4929}, 150.35434236191213)
[92mINFO [0m:      configure_evaluate: no clients selected, skipping evaluation
[92mINFO [0m:      
[92mINFO [0m:      [ROUND 17]
[92mINFO [0m:      configure_fit: strategy sampled 5 clients (out of 10)
[92mINFO [0m:      aggregate_fit: received 5 results and 0 failures
[92mINFO [0m:      fit progress: (17, 1.2796215415000916, {'accuracy': 0.5496}, 159.64884160179645)
[92mINFO [0m:      configure_evaluate: no clients selected, skipping evaluation
[92mINFO [0m:      
[92mINFO [0m:      [ROUND 18]
[92mINFO [0m:      configure_fit: strategy sampled 5 clients (out of 10)
[92mINFO [0m:      aggregate_fit: received 5 results and 0 failures
[92mINFO [0m:      fit progress: (18, 1.5424220979213714, {'accuracy': 0.5191}, 168.79787775408477)
[92mINFO [0m:      configure_evaluate: no clients selected, skipping evaluation
[92mINFO [0m:      
[92mINFO [0m:      [ROUND 19]
[92mINFO [0m:      configure_fit: strategy sampled 5 clients (out of 10)
[92mINFO [0m:      aggregate_fit: received 5 results and 0 failures
[92mINFO [0m:      fit progress: (19, 1.2102040588855743, {'accuracy': 0.5625}, 178.02690041065216)
[92mINFO [0m:      configure_evaluate: no clients selected, skipping evaluation
[92mINFO [0m:      
[92mINFO [0m:      [ROUND 20]
[92mINFO [0m:      configure_fit: strategy sampled 5 clients (out of 10)
[92mINFO [0m:      aggregate_fit: received 5 results and 0 failures
[92mINFO [0m:      fit progress: (20, 1.2968004405498506, {'accuracy': 0.5419}, 187.13594233617187)
[92mINFO [0m:      configure_evaluate: no clients selected, skipping evaluation
[92mINFO [0m:      
[92mINFO [0m:      [ROUND 21]
[92mINFO [0m:      configure_fit: strategy sampled 5 clients (out of 10)
[92mINFO [0m:      aggregate_fit: received 5 results and 0 failures
[92mINFO [0m:      fit progress: (21, 1.4464556217193603, {'accuracy': 0.5364}, 196.86301343236119)
[92mINFO [0m:      configure_evaluate: no clients selected, skipping evaluation
[92mINFO [0m:      
[92mINFO [0m:      [ROUND 22]
[92mINFO [0m:      configure_fit: strategy sampled 5 clients (out of 10)
[92mINFO [0m:      aggregate_fit: received 5 results and 0 failures
[92mINFO [0m:      fit progress: (22, 1.725678515434265, {'accuracy': 0.5177}, 205.7340047955513)
[92mINFO [0m:      configure_evaluate: no clients selected, skipping evaluation
[92mINFO [0m:      
[92mINFO [0m:      [ROUND 23]
[92mINFO [0m:      configure_fit: strategy sampled 5 clients (out of 10)
[92mINFO [0m:      aggregate_fit: received 5 results and 0 failures
[92mINFO [0m:      fit progress: (23, 1.3343281328678132, {'accuracy': 0.5631}, 215.08686740417033)
[92mINFO [0m:      configure_evaluate: no clients selected, skipping evaluation
[92mINFO [0m:      
[92mINFO [0m:      [ROUND 24]
[92mINFO [0m:      configure_fit: strategy sampled 5 clients (out of 10)
[92mINFO [0m:      aggregate_fit: received 5 results and 0 failures
[92mINFO [0m:      fit progress: (24, 1.0709798365831376, {'accuracy': 0.6088}, 224.19470186438411)
[92mINFO [0m:      configure_evaluate: no clients selected, skipping evaluation
[92mINFO [0m:      
[92mINFO [0m:      [ROUND 25]
[92mINFO [0m:      configure_fit: strategy sampled 5 clients (out of 10)
[92mINFO [0m:      aggregate_fit: received 5 results and 0 failures
[92mINFO [0m:      fit progress: (25, 1.1957081615924836, {'accuracy': 0.5927}, 233.61995872016996)
[92mINFO [0m:      configure_evaluate: no clients selected, skipping evaluation
[92mINFO [0m:      
[92mINFO [0m:      [ROUND 26]
[92mINFO [0m:      configure_fit: strategy sampled 5 clients (out of 10)
[92mINFO [0m:      aggregate_fit: received 5 results and 0 failures
[92mINFO [0m:      fit progress: (26, 1.1567910104990005, {'accuracy': 0.633}, 242.88766303751618)
[92mINFO [0m:      configure_evaluate: no clients selected, skipping evaluation
[92mINFO [0m:      
[92mINFO [0m:      [ROUND 27]
[92mINFO [0m:      configure_fit: strategy sampled 5 clients (out of 10)
[92mINFO [0m:      aggregate_fit: received 5 results and 0 failures
[92mINFO [0m:      fit progress: (27, 1.4751300930976867, {'accuracy': 0.5604}, 251.79948313441128)
[92mINFO [0m:      configure_evaluate: no clients selected, skipping evaluation
[92mINFO [0m:      
[92mINFO [0m:      [ROUND 28]
[92mINFO [0m:      configure_fit: strategy sampled 5 clients (out of 10)
[92mINFO [0m:      aggregate_fit: received 5 results and 0 failures
[92mINFO [0m:      fit progress: (28, 1.9146325647830964, {'accuracy': 0.4984}, 262.04708338622004)
[92mINFO [0m:      configure_evaluate: no clients selected, skipping evaluation
[92mINFO [0m:      
[92mINFO [0m:      [ROUND 29]
[92mINFO [0m:      configure_fit: strategy sampled 5 clients (out of 10)
[92mINFO [0m:      aggregate_fit: received 5 results and 0 failures
[92mINFO [0m:      fit progress: (29, 1.1305448174476624, {'accuracy': 0.6002}, 270.8805670849979)
[92mINFO [0m:      configure_evaluate: no clients selected, skipping evaluation
[92mINFO [0m:      
[92mINFO [0m:      [ROUND 30]
[92mINFO [0m:      configure_fit: strategy sampled 5 clients (out of 10)
[92mINFO [0m:      aggregate_fit: received 5 results and 0 failures
[92mINFO [0m:      fit progress: (30, 1.1653495907783509, {'accuracy': 0.586}, 280.39849227294326)
[92mINFO [0m:      configure_evaluate: no clients selected, skipping evaluation
[92mINFO [0m:      
[92mINFO [0m:      [ROUND 31]
[92mINFO [0m:      configure_fit: strategy sampled 5 clients (out of 10)
[92mINFO [0m:      aggregate_fit: received 5 results and 0 failures
[92mINFO [0m:      fit progress: (31, 0.9664108484983445, {'accuracy': 0.6363}, 289.8876054752618)
[92mINFO [0m:      configure_evaluate: no clients selected, skipping evaluation
[92mINFO [0m:      
[92mINFO [0m:      [ROUND 32]
[92mINFO [0m:      configure_fit: strategy sampled 5 clients (out of 10)
[92mINFO [0m:      aggregate_fit: received 5 results and 0 failures
[92mINFO [0m:      fit progress: (32, 1.1276194751262665, {'accuracy': 0.6017}, 298.2344766976312)
[92mINFO [0m:      configure_evaluate: no clients selected, skipping evaluation
[92mINFO [0m:      
[92mINFO [0m:      [ROUND 33]
[92mINFO [0m:      configure_fit: strategy sampled 5 clients (out of 10)
[92mINFO [0m:      aggregate_fit: received 5 results and 0 failures
[92mINFO [0m:      fit progress: (33, 1.2431634068489075, {'accuracy': 0.5654}, 307.6102882726118)
[92mINFO [0m:      configure_evaluate: no clients selected, skipping evaluation
[92mINFO [0m:      
[92mINFO [0m:      [ROUND 34]
[92mINFO [0m:      configure_fit: strategy sampled 5 clients (out of 10)
[92mINFO [0m:      aggregate_fit: received 5 results and 0 failures
[92mINFO [0m:      fit progress: (34, 1.0036258280277253, {'accuracy': 0.6397}, 317.88741537183523)
[92mINFO [0m:      configure_evaluate: no clients selected, skipping evaluation
[92mINFO [0m:      
[92mINFO [0m:      [ROUND 35]
[92mINFO [0m:      configure_fit: strategy sampled 5 clients (out of 10)
[92mINFO [0m:      aggregate_fit: received 5 results and 0 failures
[92mINFO [0m:      fit progress: (35, 0.9448612332344055, {'accuracy': 0.6603}, 327.5946853645146)
[92mINFO [0m:      configure_evaluate: no clients selected, skipping evaluation
[92mINFO [0m:      
[92mINFO [0m:      [ROUND 36]
[92mINFO [0m:      configure_fit: strategy sampled 5 clients (out of 10)
[92mINFO [0m:      aggregate_fit: received 5 results and 0 failures
[92mINFO [0m:      fit progress: (36, 0.9978216022253037, {'accuracy': 0.6402}, 337.3465621592477)
[92mINFO [0m:      configure_evaluate: no clients selected, skipping evaluation
[92mINFO [0m:      
[92mINFO [0m:      [ROUND 37]
[92mINFO [0m:      configure_fit: strategy sampled 5 clients (out of 10)
[92mINFO [0m:      aggregate_fit: received 5 results and 0 failures
[92mINFO [0m:      fit progress: (37, 1.0983978420495988, {'accuracy': 0.6347}, 347.89304833393544)
[92mINFO [0m:      configure_evaluate: no clients selected, skipping evaluation
[92mINFO [0m:      
[92mINFO [0m:      [ROUND 38]
[92mINFO [0m:      configure_fit: strategy sampled 5 clients (out of 10)
[92mINFO [0m:      aggregate_fit: received 5 results and 0 failures
[92mINFO [0m:      fit progress: (38, 1.1367288053035736, {'accuracy': 0.604}, 357.2822771240026)
[92mINFO [0m:      configure_evaluate: no clients selected, skipping evaluation
[92mINFO [0m:      
[92mINFO [0m:      [ROUND 39]
[92mINFO [0m:      configure_fit: strategy sampled 5 clients (out of 10)
[92mINFO [0m:      aggregate_fit: received 5 results and 0 failures
[92mINFO [0m:      fit progress: (39, 0.9353657364845276, {'accuracy': 0.6693}, 366.4677407220006)
[92mINFO [0m:      configure_evaluate: no clients selected, skipping evaluation
[92mINFO [0m:      
[92mINFO [0m:      [ROUND 40]
[92mINFO [0m:      configure_fit: strategy sampled 5 clients (out of 10)
[92mINFO [0m:      aggregate_fit: received 5 results and 0 failures
[92mINFO [0m:      fit progress: (40, 1.0217943459749221, {'accuracy': 0.6573}, 375.26733658183366)
[92mINFO [0m:      configure_evaluate: no clients selected, skipping evaluation
[92mINFO [0m:      
[92mINFO [0m:      [ROUND 41]
[92mINFO [0m:      configure_fit: strategy sampled 5 clients (out of 10)
[92mINFO [0m:      aggregate_fit: received 5 results and 0 failures
[92mINFO [0m:      fit progress: (41, 1.674399298429489, {'accuracy': 0.5238}, 383.8996959552169)
[92mINFO [0m:      configure_evaluate: no clients selected, skipping evaluation
[92mINFO [0m:      
[92mINFO [0m:      [ROUND 42]
[92mINFO [0m:      configure_fit: strategy sampled 5 clients (out of 10)
[92mINFO [0m:      aggregate_fit: received 5 results and 0 failures
[92mINFO [0m:      fit progress: (42, 1.3442333817481995, {'accuracy': 0.5892}, 394.10546364914626)
[92mINFO [0m:      configure_evaluate: no clients selected, skipping evaluation
[92mINFO [0m:      
[92mINFO [0m:      [ROUND 43]
[92mINFO [0m:      configure_fit: strategy sampled 5 clients (out of 10)
[92mINFO [0m:      aggregate_fit: received 5 results and 0 failures
[92mINFO [0m:      fit progress: (43, 1.3442333817481995, {'accuracy': 0.5892}, 402.8293190859258)
[92mINFO [0m:      configure_evaluate: no clients selected, skipping evaluation
[92mINFO [0m:      
[92mINFO [0m:      [ROUND 44]
[92mINFO [0m:      configure_fit: strategy sampled 5 clients (out of 10)
[92mINFO [0m:      aggregate_fit: received 5 results and 0 failures
[92mINFO [0m:      fit progress: (44, 1.5295093655586243, {'accuracy': 0.5729}, 411.9519480615854)
[92mINFO [0m:      configure_evaluate: no clients selected, skipping evaluation
[92mINFO [0m:      
[92mINFO [0m:      [ROUND 45]
[92mINFO [0m:      configure_fit: strategy sampled 5 clients (out of 10)
[92mINFO [0m:      aggregate_fit: received 5 results and 0 failures
[92mINFO [0m:      fit progress: (45, 1.5295093655586243, {'accuracy': 0.5729}, 422.2782282428816)
[92mINFO [0m:      configure_evaluate: no clients selected, skipping evaluation
[92mINFO [0m:      
[92mINFO [0m:      [ROUND 46]
[92mINFO [0m:      configure_fit: strategy sampled 5 clients (out of 10)
[92mINFO [0m:      aggregate_fit: received 5 results and 0 failures
[92mINFO [0m:      fit progress: (46, 1.0768904834985733, {'accuracy': 0.6348}, 432.8342430377379)
[92mINFO [0m:      configure_evaluate: no clients selected, skipping evaluation
[92mINFO [0m:      
[92mINFO [0m:      [ROUND 47]
[92mINFO [0m:      configure_fit: strategy sampled 5 clients (out of 10)
[92mINFO [0m:      aggregate_fit: received 5 results and 0 failures
[92mINFO [0m:      fit progress: (47, 0.7761455595493316, {'accuracy': 0.718}, 442.14575240854174)
[92mINFO [0m:      configure_evaluate: no clients selected, skipping evaluation
[92mINFO [0m:      
[92mINFO [0m:      [ROUND 48]
[92mINFO [0m:      configure_fit: strategy sampled 5 clients (out of 10)
[92mINFO [0m:      aggregate_fit: received 5 results and 0 failures
[92mINFO [0m:      fit progress: (48, 0.8230311244726181, {'accuracy': 0.7086}, 451.5001879809424)
[92mINFO [0m:      configure_evaluate: no clients selected, skipping evaluation
[92mINFO [0m:      
[92mINFO [0m:      [ROUND 49]
[92mINFO [0m:      configure_fit: strategy sampled 5 clients (out of 10)
[92mINFO [0m:      aggregate_fit: received 5 results and 0 failures
[92mINFO [0m:      fit progress: (49, 0.782886067032814, {'accuracy': 0.7194}, 460.36155310831964)
[92mINFO [0m:      configure_evaluate: no clients selected, skipping evaluation
[92mINFO [0m:      
[92mINFO [0m:      [ROUND 50]
[92mINFO [0m:      configure_fit: strategy sampled 5 clients (out of 10)
[92mINFO [0m:      aggregate_fit: received 5 results and 0 failures
[92mINFO [0m:      fit progress: (50, 0.782886067032814, {'accuracy': 0.7194}, 469.01880127657205)
[92mINFO [0m:      configure_evaluate: no clients selected, skipping evaluation
[92mINFO [0m:      
[92mINFO [0m:      [ROUND 51]
[92mINFO [0m:      configure_fit: strategy sampled 5 clients (out of 10)
[92mINFO [0m:      aggregate_fit: received 5 results and 0 failures
[92mINFO [0m:      fit progress: (51, 1.0631326019763947, {'accuracy': 0.6351}, 477.89079941343516)
[92mINFO [0m:      configure_evaluate: no clients selected, skipping evaluation
[92mINFO [0m:      
[92mINFO [0m:      [ROUND 52]
[92mINFO [0m:      configure_fit: strategy sampled 5 clients (out of 10)
[92mINFO [0m:      aggregate_fit: received 5 results and 0 failures
[92mINFO [0m:      fit progress: (52, 1.0631326019763947, {'accuracy': 0.6351}, 486.80236437544227)
[92mINFO [0m:      configure_evaluate: no clients selected, skipping evaluation
[92mINFO [0m:      
[92mINFO [0m:      [ROUND 53]
[92mINFO [0m:      configure_fit: strategy sampled 5 clients (out of 10)
[92mINFO [0m:      aggregate_fit: received 5 results and 0 failures
[92mINFO [0m:      fit progress: (53, 0.9766600430011749, {'accuracy': 0.6599}, 495.78485075198114)
[92mINFO [0m:      configure_evaluate: no clients selected, skipping evaluation
[92mINFO [0m:      
[92mINFO [0m:      [ROUND 54]
[92mINFO [0m:      configure_fit: strategy sampled 5 clients (out of 10)
[92mINFO [0m:      aggregate_fit: received 5 results and 0 failures
[92mINFO [0m:      fit progress: (54, 0.8581313580274582, {'accuracy': 0.699}, 506.37711996492)
[92mINFO [0m:      configure_evaluate: no clients selected, skipping evaluation
[92mINFO [0m:      
[92mINFO [0m:      [ROUND 55]
[92mINFO [0m:      configure_fit: strategy sampled 5 clients (out of 10)
[92mINFO [0m:      aggregate_fit: received 5 results and 0 failures
[92mINFO [0m:      fit progress: (55, 0.7271914780139923, {'accuracy': 0.7468}, 515.7192195020616)
[92mINFO [0m:      configure_evaluate: no clients selected, skipping evaluation
[92mINFO [0m:      
[92mINFO [0m:      [ROUND 56]
[92mINFO [0m:      configure_fit: strategy sampled 5 clients (out of 10)
[92mINFO [0m:      aggregate_fit: received 5 results and 0 failures
[92mINFO [0m:      fit progress: (56, 0.7271914780139923, {'accuracy': 0.7468}, 524.5951231531799)
[92mINFO [0m:      configure_evaluate: no clients selected, skipping evaluation
[92mINFO [0m:      
[92mINFO [0m:      [ROUND 57]
[92mINFO [0m:      configure_fit: strategy sampled 5 clients (out of 10)
[92mINFO [0m:      aggregate_fit: received 5 results and 0 failures
[92mINFO [0m:      fit progress: (57, 0.6754377037286758, {'accuracy': 0.7623}, 535.5086641991511)
[92mINFO [0m:      configure_evaluate: no clients selected, skipping evaluation
[92mINFO [0m:      
[92mINFO [0m:      [ROUND 58]
[92mINFO [0m:      configure_fit: strategy sampled 5 clients (out of 10)
[92mINFO [0m:      aggregate_fit: received 5 results and 0 failures
[92mINFO [0m:      fit progress: (58, 0.6754377037286758, {'accuracy': 0.7623}, 544.9358190121129)
[92mINFO [0m:      configure_evaluate: no clients selected, skipping evaluation
[92mINFO [0m:      
[92mINFO [0m:      [ROUND 59]
[92mINFO [0m:      configure_fit: strategy sampled 5 clients (out of 10)
[92mINFO [0m:      aggregate_fit: received 5 results and 0 failures
[92mINFO [0m:      fit progress: (59, 0.7628293335437775, {'accuracy': 0.7292}, 554.1248329691589)
[92mINFO [0m:      configure_evaluate: no clients selected, skipping evaluation
[92mINFO [0m:      
[92mINFO [0m:      [ROUND 60]
[92mINFO [0m:      configure_fit: strategy sampled 5 clients (out of 10)
[92mINFO [0m:      aggregate_fit: received 5 results and 0 failures
[92mINFO [0m:      fit progress: (60, 0.7628293335437775, {'accuracy': 0.7292}, 563.737904265523)
[92mINFO [0m:      configure_evaluate: no clients selected, skipping evaluation
[92mINFO [0m:      
[92mINFO [0m:      [SUMMARY]
[92mINFO [0m:      Run finished 60 round(s) in 563.74s
[92mINFO [0m:      	History (loss, centralized):
[92mINFO [0m:      		round 0: 3.566791999340057
[92mINFO [0m:      		round 1: 2.4101109862327577
[92mINFO [0m:      		round 2: 2.237673020362854
[92mINFO [0m:      		round 3: 2.106952702999115
[92mINFO [0m:      		round 4: 2.0544455289840697
[92mINFO [0m:      		round 5: 1.9991325616836548
[92mINFO [0m:      		round 6: 1.9328205108642578
[92mINFO [0m:      		round 7: 1.692786544561386
[92mINFO [0m:      		round 8: 1.7066064476966858
[92mINFO [0m:      		round 9: 1.5747980237007142
[92mINFO [0m:      		round 10: 1.7442080438137055
[92mINFO [0m:      		round 11: 1.5008161783218383
[92mINFO [0m:      		round 12: 1.685770183801651
[92mINFO [0m:      		round 13: 1.6069213688373565
[92mINFO [0m:      		round 14: 1.4164713740348815
[92mINFO [0m:      		round 15: 1.389044177532196
[92mINFO [0m:      		round 16: 1.3987768650054933
[92mINFO [0m:      		round 17: 1.2796215415000916
[92mINFO [0m:      		round 18: 1.5424220979213714
[92mINFO [0m:      		round 19: 1.2102040588855743
[92mINFO [0m:      		round 20: 1.2968004405498506
[92mINFO [0m:      		round 21: 1.4464556217193603
[92mINFO [0m:      		round 22: 1.725678515434265
[92mINFO [0m:      		round 23: 1.3343281328678132
[92mINFO [0m:      		round 24: 1.0709798365831376
[92mINFO [0m:      		round 25: 1.1957081615924836
[92mINFO [0m:      		round 26: 1.1567910104990005
[92mINFO [0m:      		round 27: 1.4751300930976867
[92mINFO [0m:      		round 28: 1.9146325647830964
[92mINFO [0m:      		round 29: 1.1305448174476624
[92mINFO [0m:      		round 30: 1.1653495907783509
[92mINFO [0m:      		round 31: 0.9664108484983445
[92mINFO [0m:      		round 32: 1.1276194751262665
[92mINFO [0m:      		round 33: 1.2431634068489075
[92mINFO [0m:      		round 34: 1.0036258280277253
[92mINFO [0m:      		round 35: 0.9448612332344055
[92mINFO [0m:      		round 36: 0.9978216022253037
[92mINFO [0m:      		round 37: 1.0983978420495988
[92mINFO [0m:      		round 38: 1.1367288053035736
[92mINFO [0m:      		round 39: 0.9353657364845276
[92mINFO [0m:      		round 40: 1.0217943459749221
[92mINFO [0m:      		round 41: 1.674399298429489
[92mINFO [0m:      		round 42: 1.3442333817481995
[92mINFO [0m:      		round 43: 1.3442333817481995
[92mINFO [0m:      		round 44: 1.5295093655586243
[92mINFO [0m:      		round 45: 1.5295093655586243
[92mINFO [0m:      		round 46: 1.0768904834985733
[92mINFO [0m:      		round 47: 0.7761455595493316
[92mINFO [0m:      		round 48: 0.8230311244726181
[92mINFO [0m:      		round 49: 0.782886067032814
[92mINFO [0m:      		round 50: 0.782886067032814
[92mINFO [0m:      		round 51: 1.0631326019763947
[92mINFO [0m:      		round 52: 1.0631326019763947
[92mINFO [0m:      		round 53: 0.9766600430011749
[92mINFO [0m:      		round 54: 0.8581313580274582
[92mINFO [0m:      		round 55: 0.7271914780139923
[92mINFO [0m:      		round 56: 0.7271914780139923
[92mINFO [0m:      		round 57: 0.6754377037286758
[92mINFO [0m:      		round 58: 0.6754377037286758
[92mINFO [0m:      		round 59: 0.7628293335437775
[92mINFO [0m:      		round 60: 0.7628293335437775
[92mINFO [0m:      	History (metrics, distributed, fit):
[92mINFO [0m:      	{'accuracy': [(1, 0.1421),
[92mINFO [0m:      	              (2, 0.2302),
[92mINFO [0m:      	              (3, 0.2673),
[92mINFO [0m:      	              (4, 0.3166),
[92mINFO [0m:      	              (5, 0.2754),
[92mINFO [0m:      	              (6, 0.3433),
[92mINFO [0m:      	              (7, 0.4621),
[92mINFO [0m:      	              (8, 0.3486),
[92mINFO [0m:      	              (9, 0.3972),
[92mINFO [0m:      	              (10, 0.3889),
[92mINFO [0m:      	              (11, 0.5422),
[92mINFO [0m:      	              (12, 0.4646),
[92mINFO [0m:      	              (13, 0.4365),
[92mINFO [0m:      	              (14, 0.4727),
[92mINFO [0m:      	              (15, 0.4907),
[92mINFO [0m:      	              (16, 0.4929),
[92mINFO [0m:      	              (17, 0.5496),
[92mINFO [0m:      	              (18, 0.5191),
[92mINFO [0m:      	              (19, 0.5625),
[92mINFO [0m:      	              (20, 0.5419),
[92mINFO [0m:      	              (21, 0.5364),
[92mINFO [0m:      	              (22, 0.5177),
[92mINFO [0m:      	              (23, 0.5631),
[92mINFO [0m:      	              (24, 0.6088),
[92mINFO [0m:      	              (25, 0.5927),
[92mINFO [0m:      	              (26, 0.633),
[92mINFO [0m:      	              (27, 0.5604),
[92mINFO [0m:      	              (28, 0.4984),
[92mINFO [0m:      	              (29, 0.6002),
[92mINFO [0m:      	              (30, 0.586),
[92mINFO [0m:      	              (31, 0.6363),
[92mINFO [0m:      	              (32, 0.6017),
[92mINFO [0m:      	              (33, 0.5654),
[92mINFO [0m:      	              (34, 0.6397),
[92mINFO [0m:      	              (35, 0.6603),
[92mINFO [0m:      	              (36, 0.6402),
[92mINFO [0m:      	              (37, 0.6347),
[92mINFO [0m:      	              (38, 0.604),
[92mINFO [0m:      	              (39, 0.6693),
[92mINFO [0m:      	              (40, 0.6573),
[92mINFO [0m:      	              (41, 0.5238),
[92mINFO [0m:      	              (42, 0.5892),
[92mINFO [0m:      	              (43, 0.5892),
[92mINFO [0m:      	              (44, 0.5729),
[92mINFO [0m:      	              (45, 0.5729),
[92mINFO [0m:      	              (46, 0.6348),
[92mINFO [0m:      	              (47, 0.718),
[92mINFO [0m:      	              (48, 0.7086),
[92mINFO [0m:      	              (49, 0.7194),
[92mINFO [0m:      	              (50, 0.7194),
[92mINFO [0m:      	              (51, 0.6351),
[92mINFO [0m:      	              (52, 0.6351),
[92mINFO [0m:      	              (53, 0.6599),
[92mINFO [0m:      	              (54, 0.699),
[92mINFO [0m:      	              (55, 0.7468),
[92mINFO [0m:      	              (56, 0.7468),
[92mINFO [0m:      	              (57, 0.7623),
[92mINFO [0m:      	              (58, 0.7623),
[92mINFO [0m:      	              (59, 0.7292),
[92mINFO [0m:      	              (60, 0.7292)],
[92mINFO [0m:      	 'avg_per': [(1, 0.07878139069672774),
[92mINFO [0m:      	             (2, 0.11834958166760652),
[92mINFO [0m:      	             (3, 0.057354699123154315),
[92mINFO [0m:      	             (4, 0.04357202261539718),
[92mINFO [0m:      	             (5, 0.052424465690693235),
[92mINFO [0m:      	             (6, 0.14280844507755647),
[92mINFO [0m:      	             (7, 0.14869591126765697),
[92mINFO [0m:      	             (8, 0.0643590985760601),
[92mINFO [0m:      	             (9, 0.015456010213703127),
[92mINFO [0m:      	             (10, 0.03393843504987157),
[92mINFO [0m:      	             (11, 0.13392439997702918),
[92mINFO [0m:      	             (12, 0.13880147465917098),
[92mINFO [0m:      	             (13, 0.09466277306267626),
[92mINFO [0m:      	             (14, 0.02689181391180674),
[92mINFO [0m:      	             (15, 0.03938716541615371),
[92mINFO [0m:      	             (16, 0.13456372242711556),
[92mINFO [0m:      	             (17, 0.11803265022341143),
[92mINFO [0m:      	             (18, 0.0838293231370674),
[92mINFO [0m:      	             (19, 0.02882260230772215),
[92mINFO [0m:      	             (20, 0.030843680972204912),
[92mINFO [0m:      	             (21, 0.1331007056234303),
[92mINFO [0m:      	             (22, 0.08924689224076301),
[92mINFO [0m:      	             (23, 0.0860082275132583),
[92mINFO [0m:      	             (24, 0.0634657449600575),
[92mINFO [0m:      	             (25, 0.07151619181380404),
[92mINFO [0m:      	             (26, 0.10407359696468348),
[92mINFO [0m:      	             (27, 0.12271361173773374),
[92mINFO [0m:      	             (28, 0.0914794840869964),
[92mINFO [0m:      	             (29, 0.05551290689722134),
[92mINFO [0m:      	             (30, 0.05324613840554564),
[92mINFO [0m:      	             (31, 0.11773959416667154),
[92mINFO [0m:      	             (32, 0.06935970319415191),
[92mINFO [0m:      	             (33, 0.11600774015079426),
[92mINFO [0m:      	             (34, 0.06640505136290871),
[92mINFO [0m:      	             (35, 0.053243611250517145),
[92mINFO [0m:      	             (36, 0.06577597687093088),
[92mINFO [0m:      	             (37, 0.0640917296953862),
[92mINFO [0m:      	             (38, 0.0980568133313655),
[92mINFO [0m:      	             (39, 0.07615978829134386),
[92mINFO [0m:      	             (40, 0.03192192936628151),
[92mINFO [0m:      	             (41, 0.737669177887269),
[92mINFO [0m:      	             (42, 0.7676248055114213),
[92mINFO [0m:      	             (43, 0.7049798034350919),
[92mINFO [0m:      	             (44, 0.6906872218574106),
[92mINFO [0m:      	             (45, 0.7804745797080124),
[92mINFO [0m:      	             (46, 0.7240700327063674),
[92mINFO [0m:      	             (47, 0.701833397918508),
[92mINFO [0m:      	             (48, 0.7188231478937435),
[92mINFO [0m:      	             (49, 0.5799911009825196),
[92mINFO [0m:      	             (50, 0.727724113810388),
[92mINFO [0m:      	             (51, 0.848378321931019),
[92mINFO [0m:      	             (52, 0.7466844684644844),
[92mINFO [0m:      	             (53, 0.7209994011619336),
[92mINFO [0m:      	             (54, 0.6778781661358676),
[92mINFO [0m:      	             (55, 0.7505277819924445),
[92mINFO [0m:      	             (56, 0.7844342259982092),
[92mINFO [0m:      	             (57, 0.7604653487735306),
[92mINFO [0m:      	             (58, 0.7485506759402876),
[92mINFO [0m:      	             (59, 0.6835733877142802),
[92mINFO [0m:      	             (60, 0.7663268597447374)],
[92mINFO [0m:      	 'bw_factor': [(1, 1.0),
[92mINFO [0m:      	               (2, 0.8),
[92mINFO [0m:      	               (3, 0.8539916045494891),
[92mINFO [0m:      	               (4, 0.85220963782085),
[92mINFO [0m:      	               (5, 0.8465178264984901),
[92mINFO [0m:      	               (6, 0.8354891706808579),
[92mINFO [0m:      	               (7, 0.8145205808364647),
[92mINFO [0m:      	               (8, 0.8168743768901537),
[92mINFO [0m:      	               (9, 0.8147056827088794),
[92mINFO [0m:      	               (10, 0.822313849576332),
[92mINFO [0m:      	               (11, 0.8133568824145595),
[92mINFO [0m:      	               (12, 0.8211192422776177),
[92mINFO [0m:      	               (13, 0.823531338441782),
[92mINFO [0m:      	               (14, 0.8323570983358093),
[92mINFO [0m:      	               (15, 0.8389038109691581),
[92mINFO [0m:      	               (16, 0.8433642787968771),
[92mINFO [0m:      	               (17, 0.837904064797811),
[92mINFO [0m:      	               (18, 0.8245149352014675),
[92mINFO [0m:      	               (19, 0.8140424101877033),
[92mINFO [0m:      	               (20, 0.8211381917043786),
[92mINFO [0m:      	               (21, 0.8190910819219267),
[92mINFO [0m:      	               (22, 0.8431531556835493),
[92mINFO [0m:      	               (23, 0.8591558061642552),
[92mINFO [0m:      	               (24, 0.8502987472402069),
[92mINFO [0m:      	               (25, 0.842777549975348),
[92mINFO [0m:      	               (26, 0.8357860726960002),
[92mINFO [0m:      	               (27, 0.8135050565216694),
[92mINFO [0m:      	               (28, 0.8317029825096789),
[92mINFO [0m:      	               (29, 0.8314647405311439),
[92mINFO [0m:      	               (30, 0.8295011473418458),
[92mINFO [0m:      	               (31, 0.8359716193403014),
[92mINFO [0m:      	               (32, 0.8251154917234291),
[92mINFO [0m:      	               (33, 0.842991895034846),
[92mINFO [0m:      	               (34, 0.8480662259551571),
[92mINFO [0m:      	               (35, 0.839684636578295),
[92mINFO [0m:      	               (36, 0.8416434063764254),
[92mINFO [0m:      	               (37, 0.824479890444079),
[92mINFO [0m:      	               (38, 0.832281894941107),
[92mINFO [0m:      	               (39, 0.8169001093247789),
[92mINFO [0m:      	               (40, 0.8390468697465897),
[92mINFO [0m:      	               (41, 0.8415371171972412),
[92mINFO [0m:      	               (42, 0.8371314862095218),
[92mINFO [0m:      	               (43, 0.8402267961899166),
[92mINFO [0m:      	               (44, 0.8119141498410409),
[92mINFO [0m:      	               (45, 0.8760092917768092),
[92mINFO [0m:      	               (46, 0.857388423453821),
[92mINFO [0m:      	               (47, 0.8519869542703948),
[92mINFO [0m:      	               (48, 0.8545267410352488),
[92mINFO [0m:      	               (49, 0.867544428601856),
[92mINFO [0m:      	               (50, 0.850181359393053),
[92mINFO [0m:      	               (51, 0.8643014641928121),
[92mINFO [0m:      	               (52, 0.8445140301088578),
[92mINFO [0m:      	               (53, 0.8359035220651478),
[92mINFO [0m:      	               (54, 0.835738068543687),
[92mINFO [0m:      	               (55, 0.828419055943187),
[92mINFO [0m:      	               (56, 0.831997824873367),
[92mINFO [0m:      	               (57, 0.8286883328797432),
[92mINFO [0m:      	               (58, 0.8147917467169183),
[92mINFO [0m:      	               (59, 0.8153365725083754),
[92mINFO [0m:      	               (60, 0.8187194556957871)],
[92mINFO [0m:      	 'energy': [(1, 143.41878737439905),
[92mINFO [0m:      	            (2, 65.98468284554097),
[92mINFO [0m:      	            (3, 108.5352477204141),
[92mINFO [0m:      	            (4, 122.30582620311961),
[92mINFO [0m:      	            (5, 105.58690121568665),
[92mINFO [0m:      	            (6, 117.27629695019793),
[92mINFO [0m:      	            (7, 102.7775882992127),
[92mINFO [0m:      	            (8, 108.97184109125578),
[92mINFO [0m:      	            (9, 87.74174847980625),
[92mINFO [0m:      	            (10, 107.28570513566908),
[92mINFO [0m:      	            (11, 117.93820120206212),
[92mINFO [0m:      	            (12, 103.28227543669715),
[92mINFO [0m:      	            (13, 139.62006084827044),
[92mINFO [0m:      	            (14, 89.0046568111829),
[92mINFO [0m:      	            (15, 105.48278541170444),
[92mINFO [0m:      	            (16, 118.52938365258106),
[92mINFO [0m:      	            (17, 102.98590554059786),
[92mINFO [0m:      	            (18, 113.83069551453715),
[92mINFO [0m:      	            (19, 88.6616132176062),
[92mINFO [0m:      	            (20, 106.38154511944906),
[92mINFO [0m:      	            (21, 144.54046622883584),
[92mINFO [0m:      	            (22, 67.5700842869706),
[92mINFO [0m:      	            (23, 114.26568174357027),
[92mINFO [0m:      	            (24, 128.12389230468423),
[92mINFO [0m:      	            (25, 110.83489240131335),
[92mINFO [0m:      	            (26, 124.66469462214842),
[92mINFO [0m:      	            (27, 67.63389955444322),
[92mINFO [0m:      	            (28, 117.07444651708474),
[92mINFO [0m:      	            (29, 128.3717785974872),
[92mINFO [0m:      	            (30, 108.05217464600858),
[92mINFO [0m:      	            (31, 141.5301243680754),
[92mINFO [0m:      	            (32, 66.4734548387106),
[92mINFO [0m:      	            (33, 114.00836487275913),
[92mINFO [0m:      	            (34, 131.7771223841975),
[92mINFO [0m:      	            (35, 105.09658226990135),
[92mINFO [0m:      	            (36, 111.70862962990931),
[92mINFO [0m:      	            (37, 93.44585084382044),
[92mINFO [0m:      	            (38, 116.54820344694305),
[92mINFO [0m:      	            (39, 144.9723334465296),
[92mINFO [0m:      	            (40, 104.48828995430468),
[92mINFO [0m:      	            (41, 106.219742935701),
[92mINFO [0m:      	            (42, 107.57351723497983),
[92mINFO [0m:      	            (43, 86.37957874962692),
[92mINFO [0m:      	            (44, 202.84495589287044),
[92mINFO [0m:      	            (45, 181.76272720897072),
[92mINFO [0m:      	            (46, 129.4867328003554),
[92mINFO [0m:      	            (47, 76.07592006374492),
[92mINFO [0m:      	            (48, 94.18433775391296),
[92mINFO [0m:      	            (49, 88.24353507767132),
[92mINFO [0m:      	            (50, 150.8215924930932),
[92mINFO [0m:      	            (51, 135.76336646162645),
[92mINFO [0m:      	            (52, 120.15734846045189),
[92mINFO [0m:      	            (53, 88.74261434947738),
[92mINFO [0m:      	            (54, 141.74233139302623),
[92mINFO [0m:      	            (55, 125.61810542801342),
[92mINFO [0m:      	            (56, 129.53925067850776),
[92mINFO [0m:      	            (57, 128.13730477193448),
[92mINFO [0m:      	            (58, 142.31579725025733),
[92mINFO [0m:      	            (59, 115.9893510715937),
[92mINFO [0m:      	            (60, 153.12148988994983)],
[92mINFO [0m:      	 'est_upload_time': [(1, 5.874787374399044),
[92mINFO [0m:      	                     (2, 3.5286828455409758),
[92mINFO [0m:      	                     (3, 7.483247720414108),
[92mINFO [0m:      	                     (4, 7.365826203119596),
[92mINFO [0m:      	                     (5, 5.486901215686638),
[92mINFO [0m:      	                     (6, 2.7242969501979255),
[92mINFO [0m:      	                     (7, 2.877588299212681),
[92mINFO [0m:      	                     (8, 7.919841091255761),
[92mINFO [0m:      	                     (9, 3.013748479806243),
[92mINFO [0m:      	                     (10, 7.185705135669071),
[92mINFO [0m:      	                     (11, 3.3862012020621197),
[92mINFO [0m:      	                     (12, 3.3822754366971477),
[92mINFO [0m:      	                     (13, 14.268060848270425),
[92mINFO [0m:      	                     (14, 4.276656811182894),
[92mINFO [0m:      	                     (15, 5.382785411704447),
[92mINFO [0m:      	                     (16, 3.9773836525810586),
[92mINFO [0m:      	                     (17, 3.085905540597853),
[92mINFO [0m:      	                     (18, 4.4506955145371565),
[92mINFO [0m:      	                     (19, 3.933613217606201),
[92mINFO [0m:      	                     (20, 6.281545119449053),
[92mINFO [0m:      	                     (21, 6.784466228835849),
[92mINFO [0m:      	                     (22, 5.714084286970602),
[92mINFO [0m:      	                     (23, 4.885681743570268),
[92mINFO [0m:      	                     (24, 5.951892304684239),
[92mINFO [0m:      	                     (25, 10.134892401313362),
[92mINFO [0m:      	                     (26, 3.480694622148404),
[92mINFO [0m:      	                     (27, 5.777899554443215),
[92mINFO [0m:      	                     (28, 7.694446517084732),
[92mINFO [0m:      	                     (29, 6.199778597487216),
[92mINFO [0m:      	                     (30, 7.952174646008595),
[92mINFO [0m:      	                     (31, 3.7741243680754133),
[92mINFO [0m:      	                     (32, 4.617454838710592),
[92mINFO [0m:      	                     (33, 4.6283648727591205),
[92mINFO [0m:      	                     (34, 9.60512238419749),
[92mINFO [0m:      	                     (35, 4.996582269901341),
[92mINFO [0m:      	                     (36, 4.164629629909314),
[92mINFO [0m:      	                     (37, 3.957850843820451),
[92mINFO [0m:      	                     (38, 7.768203446943043),
[92mINFO [0m:      	                     (39, 13.108333446529604),
[92mINFO [0m:      	                     (40, 4.388289954304675),
[92mINFO [0m:      	                     (41, 5.1877429357010145),
[92mINFO [0m:      	                     (42, 18.08551723497981),
[92mINFO [0m:      	                     (43, 7.811578749626921),
[92mINFO [0m:      	                     (44, 71.58095589287048),
[92mINFO [0m:      	                     (45, 50.850727208970696),
[92mINFO [0m:      	                     (46, 7.334732800355407),
[92mINFO [0m:      	                     (47, 7.707920063744924),
[92mINFO [0m:      	                     (48, 15.616337753912955),
[92mINFO [0m:      	                     (49, 3.5155350776713252),
[92mINFO [0m:      	                     (50, 19.90959249309317),
[92mINFO [0m:      	                     (51, 13.611366461626453),
[92mINFO [0m:      	                     (52, 51.78934846045189),
[92mINFO [0m:      	                     (53, 9.426614349477388),
[92mINFO [0m:      	                     (54, 19.57033139302623),
[92mINFO [0m:      	                     (55, 15.826105428013427),
[92mINFO [0m:      	                     (56, 8.135250678507742),
[92mINFO [0m:      	                     (57, 29.557304771934472),
[92mINFO [0m:      	                     (58, 62.99979725025735),
[92mINFO [0m:      	                     (59, 23.281351071593697),
[92mINFO [0m:      	                     (60, 22.20948988994982)],
[92mINFO [0m:      	 'jain': [(1, 0.49999999999999),
[92mINFO [0m:      	          (2, 0.99999999999999),
[92mINFO [0m:      	          (3, 0.8999999999999965),
[92mINFO [0m:      	          (4, 0.8695652173913024),
[92mINFO [0m:      	          (5, 0.8333333333333316),
[92mINFO [0m:      	          (6, 0.7999999999999984),
[92mINFO [0m:      	          (7, 0.909090909090907),
[92mINFO [0m:      	          (8, 0.9523809523809501),
[92mINFO [0m:      	          (9, 0.909090909090907),
[92mINFO [0m:      	          (10, 0.8333333333333316),
[92mINFO [0m:      	          (11, 0.7999999999999984),
[92mINFO [0m:      	          (12, 0.9523809523809501),
[92mINFO [0m:      	          (13, 0.909090909090907),
[92mINFO [0m:      	          (14, 0.909090909090907),
[92mINFO [0m:      	          (15, 0.909090909090907),
[92mINFO [0m:      	          (16, 0.8695652173913024),
[92mINFO [0m:      	          (17, 0.9523809523809501),
[92mINFO [0m:      	          (18, 0.909090909090907),
[92mINFO [0m:      	          (19, 0.8695652173913024),
[92mINFO [0m:      	          (20, 0.909090909090907),
[92mINFO [0m:      	          (21, 0.909090909090907),
[92mINFO [0m:      	          (22, 0.8695652173913024),
[92mINFO [0m:      	          (23, 0.9523809523809501),
[92mINFO [0m:      	          (24, 0.909090909090907),
[92mINFO [0m:      	          (25, 0.909090909090907),
[92mINFO [0m:      	          (26, 0.8695652173913024),
[92mINFO [0m:      	          (27, 0.9523809523809501),
[92mINFO [0m:      	          (28, 0.9523809523809501),
[92mINFO [0m:      	          (29, 0.8695652173913024),
[92mINFO [0m:      	          (30, 0.909090909090907),
[92mINFO [0m:      	          (31, 0.8695652173913024),
[92mINFO [0m:      	          (32, 0.909090909090907),
[92mINFO [0m:      	          (33, 0.9523809523809501),
[92mINFO [0m:      	          (34, 0.909090909090907),
[92mINFO [0m:      	          (35, 0.909090909090907),
[92mINFO [0m:      	          (36, 0.8695652173913024),
[92mINFO [0m:      	          (37, 0.8333333333333316),
[92mINFO [0m:      	          (38, 0.9523809523809501),
[92mINFO [0m:      	          (39, 0.8695652173913024),
[92mINFO [0m:      	          (40, 0.8695652173913024),
[92mINFO [0m:      	          (41, 0.8695652173913024),
[92mINFO [0m:      	          (42, 0.9523809523809501),
[92mINFO [0m:      	          (43, 0.9523809523809501),
[92mINFO [0m:      	          (44, 0.909090909090907),
[92mINFO [0m:      	          (45, 0.8695652173913024),
[92mINFO [0m:      	          (46, 0.8695652173913024),
[92mINFO [0m:      	          (47, 0.909090909090907),
[92mINFO [0m:      	          (48, 0.9999999999999974),
[92mINFO [0m:      	          (49, 0.909090909090907),
[92mINFO [0m:      	          (50, 0.8333333333333316),
[92mINFO [0m:      	          (51, 0.909090909090907),
[92mINFO [0m:      	          (52, 0.909090909090907),
[92mINFO [0m:      	          (53, 0.9523809523809501),
[92mINFO [0m:      	          (54, 0.909090909090907),
[92mINFO [0m:      	          (55, 0.8695652173913024),
[92mINFO [0m:      	          (56, 0.909090909090907),
[92mINFO [0m:      	          (57, 0.909090909090907),
[92mINFO [0m:      	          (58, 0.9523809523809501),
[92mINFO [0m:      	          (59, 0.909090909090907),
[92mINFO [0m:      	          (60, 0.8695652173913024)],
[92mINFO [0m:      	 'loss': [(1, 2.4101109862327577),
[92mINFO [0m:      	          (2, 2.237673020362854),
[92mINFO [0m:      	          (3, 2.106952702999115),
[92mINFO [0m:      	          (4, 2.0544455289840697),
[92mINFO [0m:      	          (5, 1.9991325616836548),
[92mINFO [0m:      	          (6, 1.9328205108642578),
[92mINFO [0m:      	          (7, 1.692786544561386),
[92mINFO [0m:      	          (8, 1.7066064476966858),
[92mINFO [0m:      	          (9, 1.5747980237007142),
[92mINFO [0m:      	          (10, 1.7442080438137055),
[92mINFO [0m:      	          (11, 1.5008161783218383),
[92mINFO [0m:      	          (12, 1.685770183801651),
[92mINFO [0m:      	          (13, 1.6069213688373565),
[92mINFO [0m:      	          (14, 1.4164713740348815),
[92mINFO [0m:      	          (15, 1.389044177532196),
[92mINFO [0m:      	          (16, 1.3987768650054933),
[92mINFO [0m:      	          (17, 1.2796215415000916),
[92mINFO [0m:      	          (18, 1.5424220979213714),
[92mINFO [0m:      	          (19, 1.2102040588855743),
[92mINFO [0m:      	          (20, 1.2968004405498506),
[92mINFO [0m:      	          (21, 1.4464556217193603),
[92mINFO [0m:      	          (22, 1.725678515434265),
[92mINFO [0m:      	          (23, 1.3343281328678132),
[92mINFO [0m:      	          (24, 1.0709798365831376),
[92mINFO [0m:      	          (25, 1.1957081615924836),
[92mINFO [0m:      	          (26, 1.1567910104990005),
[92mINFO [0m:      	          (27, 1.4751300930976867),
[92mINFO [0m:      	          (28, 1.9146325647830964),
[92mINFO [0m:      	          (29, 1.1305448174476624),
[92mINFO [0m:      	          (30, 1.1653495907783509),
[92mINFO [0m:      	          (31, 0.9664108484983445),
[92mINFO [0m:      	          (32, 1.1276194751262665),
[92mINFO [0m:      	          (33, 1.2431634068489075),
[92mINFO [0m:      	          (34, 1.0036258280277253),
[92mINFO [0m:      	          (35, 0.9448612332344055),
[92mINFO [0m:      	          (36, 0.9978216022253037),
[92mINFO [0m:      	          (37, 1.0983978420495988),
[92mINFO [0m:      	          (38, 1.1367288053035736),
[92mINFO [0m:      	          (39, 0.9353657364845276),
[92mINFO [0m:      	          (40, 1.0217943459749221),
[92mINFO [0m:      	          (41, 1.674399298429489),
[92mINFO [0m:      	          (42, 1.3442333817481995),
[92mINFO [0m:      	          (43, 1.3442333817481995),
[92mINFO [0m:      	          (44, 1.5295093655586243),
[92mINFO [0m:      	          (45, 1.5295093655586243),
[92mINFO [0m:      	          (46, 1.0768904834985733),
[92mINFO [0m:      	          (47, 0.7761455595493316),
[92mINFO [0m:      	          (48, 0.8230311244726181),
[92mINFO [0m:      	          (49, 0.782886067032814),
[92mINFO [0m:      	          (50, 0.782886067032814),
[92mINFO [0m:      	          (51, 1.0631326019763947),
[92mINFO [0m:      	          (52, 1.0631326019763947),
[92mINFO [0m:      	          (53, 0.9766600430011749),
[92mINFO [0m:      	          (54, 0.8581313580274582),
[92mINFO [0m:      	          (55, 0.7271914780139923),
[92mINFO [0m:      	          (56, 0.7271914780139923),
[92mINFO [0m:      	          (57, 0.6754377037286758),
[92mINFO [0m:      	          (58, 0.6754377037286758),
[92mINFO [0m:      	          (59, 0.7628293335437775),
[92mINFO [0m:      	          (60, 0.7628293335437775)],
[92mINFO [0m:      	 'mode': [(1, 'semi_sync'),
[92mINFO [0m:      	          (2, 'semi_sync'),
[92mINFO [0m:      	          (3, 'semi_sync'),
[92mINFO [0m:      	          (4, 'semi_sync'),
[92mINFO [0m:      	          (5, 'semi_sync'),
[92mINFO [0m:      	          (6, 'semi_sync'),
[92mINFO [0m:      	          (7, 'semi_sync'),
[92mINFO [0m:      	          (8, 'semi_sync'),
[92mINFO [0m:      	          (9, 'semi_sync'),
[92mINFO [0m:      	          (10, 'semi_sync'),
[92mINFO [0m:      	          (11, 'semi_sync'),
[92mINFO [0m:      	          (12, 'semi_sync'),
[92mINFO [0m:      	          (13, 'semi_sync'),
[92mINFO [0m:      	          (14, 'semi_sync'),
[92mINFO [0m:      	          (15, 'semi_sync'),
[92mINFO [0m:      	          (16, 'semi_sync'),
[92mINFO [0m:      	          (17, 'semi_sync'),
[92mINFO [0m:      	          (18, 'semi_sync'),
[92mINFO [0m:      	          (19, 'semi_sync'),
[92mINFO [0m:      	          (20, 'semi_sync'),
[92mINFO [0m:      	          (21, 'semi_sync'),
[92mINFO [0m:      	          (22, 'semi_sync'),
[92mINFO [0m:      	          (23, 'semi_sync'),
[92mINFO [0m:      	          (24, 'semi_sync'),
[92mINFO [0m:      	          (25, 'semi_sync'),
[92mINFO [0m:      	          (26, 'semi_sync'),
[92mINFO [0m:      	          (27, 'semi_sync'),
[92mINFO [0m:      	          (28, 'semi_sync'),
[92mINFO [0m:      	          (29, 'semi_sync'),
[92mINFO [0m:      	          (30, 'semi_sync'),
[92mINFO [0m:      	          (31, 'semi_sync'),
[92mINFO [0m:      	          (32, 'semi_sync'),
[92mINFO [0m:      	          (33, 'semi_sync'),
[92mINFO [0m:      	          (34, 'semi_sync'),
[92mINFO [0m:      	          (35, 'semi_sync'),
[92mINFO [0m:      	          (36, 'semi_sync'),
[92mINFO [0m:      	          (37, 'semi_sync'),
[92mINFO [0m:      	          (38, 'semi_sync'),
[92mINFO [0m:      	          (39, 'semi_sync'),
[92mINFO [0m:      	          (40, 'semi_sync'),
[92mINFO [0m:      	          (41, 'semi_sync'),
[92mINFO [0m:      	          (42, 'semi_sync'),
[92mINFO [0m:      	          (43, 'semi_sync'),
[92mINFO [0m:      	          (44, 'semi_sync'),
[92mINFO [0m:      	          (45, 'async'),
[92mINFO [0m:      	          (46, 'async'),
[92mINFO [0m:      	          (47, 'async'),
[92mINFO [0m:      	          (48, 'async'),
[92mINFO [0m:      	          (49, 'async'),
[92mINFO [0m:      	          (50, 'async'),
[92mINFO [0m:      	          (51, 'async'),
[92mINFO [0m:      	          (52, 'async'),
[92mINFO [0m:      	          (53, 'async'),
[92mINFO [0m:      	          (54, 'async'),
[92mINFO [0m:      	          (55, 'async'),
[92mINFO [0m:      	          (56, 'async'),
[92mINFO [0m:      	          (57, 'async'),
[92mINFO [0m:      	          (58, 'async'),
[92mINFO [0m:      	          (59, 'async'),
[92mINFO [0m:      	          (60, 'async')],
[92mINFO [0m:      	 'num_exhausted_clients': [(1, 0.0),
[92mINFO [0m:      	                           (2, 0.0),
[92mINFO [0m:      	                           (3, 0.0),
[92mINFO [0m:      	                           (4, 0.0),
[92mINFO [0m:      	                           (5, 0.0),
[92mINFO [0m:      	                           (6, 0.0),
[92mINFO [0m:      	                           (7, 0.0),
[92mINFO [0m:      	                           (8, 0.0),
[92mINFO [0m:      	                           (9, 0.0),
[92mINFO [0m:      	                           (10, 0.0),
[92mINFO [0m:      	                           (11, 0.0),
[92mINFO [0m:      	                           (12, 0.0),
[92mINFO [0m:      	                           (13, 0.0),
[92mINFO [0m:      	                           (14, 0.0),
[92mINFO [0m:      	                           (15, 0.0),
[92mINFO [0m:      	                           (16, 0.0),
[92mINFO [0m:      	                           (17, 0.0),
[92mINFO [0m:      	                           (18, 0.0),
[92mINFO [0m:      	                           (19, 0.0),
[92mINFO [0m:      	                           (20, 0.0),
[92mINFO [0m:      	                           (21, 0.0),
[92mINFO [0m:      	                           (22, 0.0),
[92mINFO [0m:      	                           (23, 0.0),
[92mINFO [0m:      	                           (24, 0.0),
[92mINFO [0m:      	                           (25, 0.0),
[92mINFO [0m:      	                           (26, 0.0),
[92mINFO [0m:      	                           (27, 0.0),
[92mINFO [0m:      	                           (28, 0.0),
[92mINFO [0m:      	                           (29, 0.0),
[92mINFO [0m:      	                           (30, 0.0),
[92mINFO [0m:      	                           (31, 0.0),
[92mINFO [0m:      	                           (32, 0.0),
[92mINFO [0m:      	                           (33, 0.0),
[92mINFO [0m:      	                           (34, 0.0),
[92mINFO [0m:      	                           (35, 0.0),
[92mINFO [0m:      	                           (36, 0.0),
[92mINFO [0m:      	                           (37, 0.0),
[92mINFO [0m:      	                           (38, 0.0),
[92mINFO [0m:      	                           (39, 0.0),
[92mINFO [0m:      	                           (40, 0.0),
[92mINFO [0m:      	                           (41, 0.0),
[92mINFO [0m:      	                           (42, 0.0),
[92mINFO [0m:      	                           (43, 0.0),
[92mINFO [0m:      	                           (44, 0.0),
[92mINFO [0m:      	                           (45, 0.0),
[92mINFO [0m:      	                           (46, 0.0),
[92mINFO [0m:      	                           (47, 0.0),
[92mINFO [0m:      	                           (48, 0.0),
[92mINFO [0m:      	                           (49, 0.0),
[92mINFO [0m:      	                           (50, 0.0),
[92mINFO [0m:      	                           (51, 0.0),
[92mINFO [0m:      	                           (52, 0.0),
[92mINFO [0m:      	                           (53, 0.0),
[92mINFO [0m:      	                           (54, 0.0),
[92mINFO [0m:      	                           (55, 0.0),
[92mINFO [0m:      	                           (56, 0.0),
[92mINFO [0m:      	                           (57, 0.0),
[92mINFO [0m:      	                           (58, 0.0),
[92mINFO [0m:      	                           (59, 0.0),
[92mINFO [0m:      	                           (60, 0.0)],
[92mINFO [0m:      	 'topk': [(1, 5.0),
[92mINFO [0m:      	          (2, 5.0),
[92mINFO [0m:      	          (3, 5.0),
[92mINFO [0m:      	          (4, 5.0),
[92mINFO [0m:      	          (5, 5.0),
[92mINFO [0m:      	          (6, 5.0),
[92mINFO [0m:      	          (7, 5.0),
[92mINFO [0m:      	          (8, 5.0),
[92mINFO [0m:      	          (9, 5.0),
[92mINFO [0m:      	          (10, 5.0),
[92mINFO [0m:      	          (11, 5.0),
[92mINFO [0m:      	          (12, 5.0),
[92mINFO [0m:      	          (13, 5.0),
[92mINFO [0m:      	          (14, 5.0),
[92mINFO [0m:      	          (15, 5.0),
[92mINFO [0m:      	          (16, 5.0),
[92mINFO [0m:      	          (17, 5.0),
[92mINFO [0m:      	          (18, 5.0),
[92mINFO [0m:      	          (19, 5.0),
[92mINFO [0m:      	          (20, 5.0),
[92mINFO [0m:      	          (21, 5.0),
[92mINFO [0m:      	          (22, 5.0),
[92mINFO [0m:      	          (23, 5.0),
[92mINFO [0m:      	          (24, 5.0),
[92mINFO [0m:      	          (25, 5.0),
[92mINFO [0m:      	          (26, 5.0),
[92mINFO [0m:      	          (27, 5.0),
[92mINFO [0m:      	          (28, 5.0),
[92mINFO [0m:      	          (29, 5.0),
[92mINFO [0m:      	          (30, 5.0),
[92mINFO [0m:      	          (31, 5.0),
[92mINFO [0m:      	          (32, 5.0),
[92mINFO [0m:      	          (33, 5.0),
[92mINFO [0m:      	          (34, 5.0),
[92mINFO [0m:      	          (35, 5.0),
[92mINFO [0m:      	          (36, 5.0),
[92mINFO [0m:      	          (37, 5.0),
[92mINFO [0m:      	          (38, 5.0),
[92mINFO [0m:      	          (39, 5.0),
[92mINFO [0m:      	          (40, 5.0),
[92mINFO [0m:      	          (41, 5.0),
[92mINFO [0m:      	          (42, 5.0),
[92mINFO [0m:      	          (43, 5.0),
[92mINFO [0m:      	          (44, 5.0),
[92mINFO [0m:      	          (45, 5.0),
[92mINFO [0m:      	          (46, 5.0),
[92mINFO [0m:      	          (47, 5.0),
[92mINFO [0m:      	          (48, 5.0),
[92mINFO [0m:      	          (49, 5.0),
[92mINFO [0m:      	          (50, 5.0),
[92mINFO [0m:      	          (51, 5.0),
[92mINFO [0m:      	          (52, 5.0),
[92mINFO [0m:      	          (53, 5.0),
[92mINFO [0m:      	          (54, 5.0),
[92mINFO [0m:      	          (55, 5.0),
[92mINFO [0m:      	          (56, 5.0),
[92mINFO [0m:      	          (57, 5.0),
[92mINFO [0m:      	          (58, 5.0),
[92mINFO [0m:      	          (59, 5.0),
[92mINFO [0m:      	          (60, 5.0)]}
[92mINFO [0m:      	History (metrics, centralized):
[92mINFO [0m:      	{'accuracy': [(0, 0.1),
[92mINFO [0m:      	              (1, 0.1421),
[92mINFO [0m:      	              (2, 0.2302),
[92mINFO [0m:      	              (3, 0.2673),
[92mINFO [0m:      	              (4, 0.3166),
[92mINFO [0m:      	              (5, 0.2754),
[92mINFO [0m:      	              (6, 0.3433),
[92mINFO [0m:      	              (7, 0.4621),
[92mINFO [0m:      	              (8, 0.3486),
[92mINFO [0m:      	              (9, 0.3972),
[92mINFO [0m:      	              (10, 0.3889),
[92mINFO [0m:      	              (11, 0.5422),
[92mINFO [0m:      	              (12, 0.4646),
[92mINFO [0m:      	              (13, 0.4365),
[92mINFO [0m:      	              (14, 0.4727),
[92mINFO [0m:      	              (15, 0.4907),
[92mINFO [0m:      	              (16, 0.4929),
[92mINFO [0m:      	              (17, 0.5496),
[92mINFO [0m:      	              (18, 0.5191),
[92mINFO [0m:      	              (19, 0.5625),
[92mINFO [0m:      	              (20, 0.5419),
[92mINFO [0m:      	              (21, 0.5364),
[92mINFO [0m:      	              (22, 0.5177),
[92mINFO [0m:      	              (23, 0.5631),
[92mINFO [0m:      	              (24, 0.6088),
[92mINFO [0m:      	              (25, 0.5927),
[92mINFO [0m:      	              (26, 0.633),
[92mINFO [0m:      	              (27, 0.5604),
[92mINFO [0m:      	              (28, 0.4984),
[92mINFO [0m:      	              (29, 0.6002),
[92mINFO [0m:      	              (30, 0.586),
[92mINFO [0m:      	              (31, 0.6363),
[92mINFO [0m:      	              (32, 0.6017),
[92mINFO [0m:      	              (33, 0.5654),
[92mINFO [0m:      	              (34, 0.6397),
[92mINFO [0m:      	              (35, 0.6603),
[92mINFO [0m:      	              (36, 0.6402),
[92mINFO [0m:      	              (37, 0.6347),
[92mINFO [0m:      	              (38, 0.604),
[92mINFO [0m:      	              (39, 0.6693),
[92mINFO [0m:      	              (40, 0.6573),
[92mINFO [0m:      	              (41, 0.5238),
[92mINFO [0m:      	              (42, 0.5892),
[92mINFO [0m:      	              (43, 0.5892),
[92mINFO [0m:      	              (44, 0.5729),
[92mINFO [0m:      	              (45, 0.5729),
[92mINFO [0m:      	              (46, 0.6348),
[92mINFO [0m:      	              (47, 0.718),
[92mINFO [0m:      	              (48, 0.7086),
[92mINFO [0m:      	              (49, 0.7194),
[92mINFO [0m:      	              (50, 0.7194),
[92mINFO [0m:      	              (51, 0.6351),
[92mINFO [0m:      	              (52, 0.6351),
[92mINFO [0m:      	              (53, 0.6599),
[92mINFO [0m:      	              (54, 0.699),
[92mINFO [0m:      	              (55, 0.7468),
[92mINFO [0m:      	              (56, 0.7468),
[92mINFO [0m:      	              (57, 0.7623),
[92mINFO [0m:      	              (58, 0.7623),
[92mINFO [0m:      	              (59, 0.7292),
[92mINFO [0m:      	              (60, 0.7292)]}
[92mINFO [0m:      
[36m(ClientAppActor pid=492466)[0m [2026-03-06 02:54:58,428 E 492466 493005] core_worker_process.cc:825: Failed to establish connection to the metrics exporter agent. Metrics will not be exported. Exporter agent status: RpcError: Running out of retries to initialize the metrics agent. rpc_code: 14[32m [repeated 4x across cluster][0m
