/root/miniconda3/envs/moga-fl/lib/python3.10/site-packages/torch/cuda/__init__.py:65: FutureWarning: The pynvml package is deprecated. Please install nvidia-ml-py instead. If you did not install pynvml directly, please report this to the maintainers of the package that installed pynvml for you.
  import pynvml  # type: ignore[import]
[93mWARNING [0m:   DEPRECATED FEATURE: flwr.simulation.start_simulation() is deprecated.
	Instead, use the `flwr run` CLI command to start a local simulation in your Flower app, as shown for example below:

		$ flwr new  # Create a new Flower app from a template

		$ flwr run  # Run the Flower app in Simulation Mode

	Using `start_simulation()` is deprecated.

            This is a deprecated feature. It will be removed
            entirely in future versions of Flower.
        
[92mINFO [0m:      Starting Flower simulation, config: num_rounds=30, no round_timeout
2026-03-05 10:31:36,911	WARNING utils.py:460 -- Detecting docker specified CPUs. In previous versions of Ray, CPU detection in containers was incorrect. Please ensure that Ray has enough CPUs allocated. As a temporary workaround to revert to the prior behavior, set `RAY_USE_MULTIPROCESSING_CPU_COUNT=1` as an env var before starting Ray. Set the env var: `RAY_DISABLE_DOCKER_CPU_WARNING=1` to mute this warning.
2026-03-05 10:31:37,157	INFO worker.py:2012 -- Started a local Ray instance.
/root/miniconda3/envs/moga-fl/lib/python3.10/site-packages/ray/_private/worker.py:2051: FutureWarning: Tip: In future versions of Ray, Ray will no longer override accelerator visible devices env var if num_gpus=0 or num_gpus=None (default). To enable this behavior and turn off this error message, set RAY_ACCEL_ENV_VAR_OVERRIDE_ON_ZERO=0
  warnings.warn(
[92mINFO [0m:      Flower VCE: Ray initialized with resources: {'GPU': 1.0, 'node:172.17.0.6': 1.0, 'node:__internal_head__': 1.0, 'memory': 65883284276.0, 'object_store_memory': 28235693260.0, 'CPU': 25.0, 'accelerator_type:G': 1.0}
[92mINFO [0m:      Optimize your simulation with Flower VCE: https://flower.ai/docs/framework/how-to-run-simulations.html
[92mINFO [0m:      Flower VCE: Resources for each Virtual Client: {'num_cpus': 2.0, 'num_gpus': 0.25}
[92mINFO [0m:      Flower VCE: Creating VirtualClientEngineActorPool with 4 actors
[92mINFO [0m:      [INIT]
[92mINFO [0m:      Using initial global parameters provided by strategy
[92mINFO [0m:      Starting evaluation of initial global parameters
[92mINFO [0m:      initial parameters (loss, other metrics): 3.5699364686314063, {'accuracy': 0.1}
[92mINFO [0m:      
[92mINFO [0m:      [ROUND 1]
[92mINFO [0m:      configure_fit: strategy sampled 5 clients (out of 10)
[36m(ClientAppActor pid=592129)[0m /root/miniconda3/envs/moga-fl/lib/python3.10/site-packages/torch/cuda/__init__.py:65: FutureWarning: The pynvml package is deprecated. Please install nvidia-ml-py instead. If you did not install pynvml directly, please report this to the maintainers of the package that installed pynvml for you.
[36m(ClientAppActor pid=592129)[0m   import pynvml  # type: ignore[import]
[92mINFO [0m:      aggregate_fit: received 5 results and 0 failures
[92mINFO [0m:      fit progress: (1, 2.176374903208093, {'accuracy': 0.186}, 14.769754336215556)
[92mINFO [0m:      configure_evaluate: no clients selected, skipping evaluation
[92mINFO [0m:      
[92mINFO [0m:      [ROUND 2]
[92mINFO [0m:      configure_fit: strategy sampled 5 clients (out of 10)
[92mINFO [0m:      aggregate_fit: received 5 results and 0 failures
[92mINFO [0m:      fit progress: (2, 2.9182712488536593, {'accuracy': 0.2552}, 25.96858057938516)
[92mINFO [0m:      configure_evaluate: no clients selected, skipping evaluation
[92mINFO [0m:      
[92mINFO [0m:      [ROUND 3]
[92mINFO [0m:      configure_fit: strategy sampled 5 clients (out of 10)
[36m(pid=gcs_server)[0m [2026-03-05 10:32:06,418 E 591616 591616] (gcs_server) gcs_server.cc:302: Failed to establish connection to the event+metrics exporter agent. Events and metrics will not be exported. Exporter agent status: RpcError: Running out of retries to initialize the metrics agent. rpc_code: 14
[36m(ClientAppActor pid=592127)[0m /root/miniconda3/envs/moga-fl/lib/python3.10/site-packages/torch/cuda/__init__.py:65: FutureWarning: The pynvml package is deprecated. Please install nvidia-ml-py instead. If you did not install pynvml directly, please report this to the maintainers of the package that installed pynvml for you.[32m [repeated 3x across cluster] (Ray deduplicates logs by default. Set RAY_DEDUP_LOGS=0 to disable log deduplication, or see https://docs.ray.io/en/master/ray-observability/user-guides/configure-logging.html#log-deduplication for more options.)[0m
[36m(ClientAppActor pid=592127)[0m   import pynvml  # type: ignore[import][32m [repeated 3x across cluster][0m
[33m(raylet)[0m [2026-03-05 10:32:07,091 E 591993 591993] (raylet) main.cc:975: Failed to establish connection to the metrics exporter agent. Metrics will not be exported. Exporter agent status: RpcError: Running out of retries to initialize the metrics agent. rpc_code: 14
[36m(ClientAppActor pid=592127)[0m [2026-03-05 10:32:07,504 E 592127 592335] core_worker_process.cc:825: Failed to establish connection to the metrics exporter agent. Metrics will not be exported. Exporter agent status: RpcError: Running out of retries to initialize the metrics agent. rpc_code: 14
[2026-03-05 10:32:07,821 E 591481 592126] core_worker_process.cc:825: Failed to establish connection to the metrics exporter agent. Metrics will not be exported. Exporter agent status: RpcError: Running out of retries to initialize the metrics agent. rpc_code: 14
[92mINFO [0m:      aggregate_fit: received 5 results and 0 failures
[92mINFO [0m:      fit progress: (3, 1.7829303982891613, {'accuracy': 0.3406}, 39.15568167064339)
[92mINFO [0m:      configure_evaluate: no clients selected, skipping evaluation
[92mINFO [0m:      
[92mINFO [0m:      [ROUND 4]
[92mINFO [0m:      configure_fit: strategy sampled 5 clients (out of 10)
[92mINFO [0m:      aggregate_fit: received 5 results and 0 failures
[92mINFO [0m:      fit progress: (4, 1.8569901412046408, {'accuracy': 0.3392}, 48.29222508240491)
[92mINFO [0m:      configure_evaluate: no clients selected, skipping evaluation
[92mINFO [0m:      
[92mINFO [0m:      [ROUND 5]
[92mINFO [0m:      configure_fit: strategy sampled 5 clients (out of 10)
[92mINFO [0m:      aggregate_fit: received 5 results and 0 failures
[92mINFO [0m:      fit progress: (5, 1.7174540214900729, {'accuracy': 0.3635}, 60.34718034416437)
[92mINFO [0m:      configure_evaluate: no clients selected, skipping evaluation
[92mINFO [0m:      
[92mINFO [0m:      [ROUND 6]
[92mINFO [0m:      configure_fit: strategy sampled 5 clients (out of 10)
[92mINFO [0m:      aggregate_fit: received 5 results and 0 failures
[92mINFO [0m:      fit progress: (6, 1.95379295982892, {'accuracy': 0.3509}, 70.99408105760813)
[92mINFO [0m:      configure_evaluate: no clients selected, skipping evaluation
[92mINFO [0m:      
[92mINFO [0m:      [ROUND 7]
[92mINFO [0m:      configure_fit: strategy sampled 5 clients (out of 10)
[92mINFO [0m:      aggregate_fit: received 5 results and 0 failures
[92mINFO [0m:      fit progress: (7, 1.826151568678361, {'accuracy': 0.372}, 83.79151764232665)
[92mINFO [0m:      configure_evaluate: no clients selected, skipping evaluation
[92mINFO [0m:      
[92mINFO [0m:      [ROUND 8]
[92mINFO [0m:      configure_fit: strategy sampled 5 clients (out of 10)
[92mINFO [0m:      aggregate_fit: received 5 results and 0 failures
[92mINFO [0m:      fit progress: (8, 1.5902883508537389, {'accuracy': 0.4155}, 94.84286997560412)
[92mINFO [0m:      configure_evaluate: no clients selected, skipping evaluation
[92mINFO [0m:      
[92mINFO [0m:      [ROUND 9]
[92mINFO [0m:      configure_fit: strategy sampled 5 clients (out of 10)
[92mINFO [0m:      aggregate_fit: received 5 results and 0 failures
[92mINFO [0m:      fit progress: (9, 1.5601164600517177, {'accuracy': 0.4229}, 105.05361413303763)
[92mINFO [0m:      configure_evaluate: no clients selected, skipping evaluation
[92mINFO [0m:      
[92mINFO [0m:      [ROUND 10]
[92mINFO [0m:      configure_fit: strategy sampled 5 clients (out of 10)
[92mINFO [0m:      aggregate_fit: received 5 results and 0 failures
[92mINFO [0m:      fit progress: (10, 1.2687528540816488, {'accuracy': 0.5439}, 116.06941058952361)
[92mINFO [0m:      configure_evaluate: no clients selected, skipping evaluation
[92mINFO [0m:      
[92mINFO [0m:      [ROUND 11]
[92mINFO [0m:      configure_fit: strategy sampled 5 clients (out of 10)
[92mINFO [0m:      aggregate_fit: received 5 results and 0 failures
[92mINFO [0m:      fit progress: (11, 1.1728537309018872, {'accuracy': 0.5871}, 129.405321104452)
[92mINFO [0m:      configure_evaluate: no clients selected, skipping evaluation
[92mINFO [0m:      
[92mINFO [0m:      [ROUND 12]
[92mINFO [0m:      configure_fit: strategy sampled 5 clients (out of 10)
[92mINFO [0m:      aggregate_fit: received 5 results and 0 failures
[92mINFO [0m:      fit progress: (12, 1.1728537309018872, {'accuracy': 0.5871}, 139.54039352573454)
[92mINFO [0m:      configure_evaluate: no clients selected, skipping evaluation
[92mINFO [0m:      
[92mINFO [0m:      [ROUND 13]
[92mINFO [0m:      configure_fit: strategy sampled 5 clients (out of 10)
[92mINFO [0m:      aggregate_fit: received 5 results and 0 failures
[92mINFO [0m:      fit progress: (13, 1.3491494746147832, {'accuracy': 0.5158}, 150.92048382479697)
[92mINFO [0m:      configure_evaluate: no clients selected, skipping evaluation
[92mINFO [0m:      
[92mINFO [0m:      [ROUND 14]
[92mINFO [0m:      configure_fit: strategy sampled 5 clients (out of 10)
[92mINFO [0m:      aggregate_fit: received 5 results and 0 failures
[92mINFO [0m:      fit progress: (14, 1.3491494746147832, {'accuracy': 0.5158}, 160.18766960129142)
[92mINFO [0m:      configure_evaluate: no clients selected, skipping evaluation
[92mINFO [0m:      
[92mINFO [0m:      [ROUND 15]
[92mINFO [0m:      configure_fit: strategy sampled 5 clients (out of 10)
[92mINFO [0m:      aggregate_fit: received 5 results and 0 failures
[92mINFO [0m:      fit progress: (15, 1.0622932231878932, {'accuracy': 0.6037}, 171.16623290162534)
[92mINFO [0m:      configure_evaluate: no clients selected, skipping evaluation
[92mINFO [0m:      
[92mINFO [0m:      [ROUND 16]
[92mINFO [0m:      configure_fit: strategy sampled 5 clients (out of 10)
[92mINFO [0m:      aggregate_fit: received 5 results and 0 failures
[92mINFO [0m:      fit progress: (16, 1.0622932231878932, {'accuracy': 0.6037}, 181.047660831362)
[92mINFO [0m:      configure_evaluate: no clients selected, skipping evaluation
[92mINFO [0m:      
[92mINFO [0m:      [ROUND 17]
[92mINFO [0m:      configure_fit: strategy sampled 5 clients (out of 10)
[92mINFO [0m:      aggregate_fit: received 5 results and 0 failures
[92mINFO [0m:      fit progress: (17, 1.0669660553147522, {'accuracy': 0.6067}, 190.9175570514053)
[92mINFO [0m:      configure_evaluate: no clients selected, skipping evaluation
[92mINFO [0m:      
[92mINFO [0m:      [ROUND 18]
[92mINFO [0m:      configure_fit: strategy sampled 5 clients (out of 10)
[92mINFO [0m:      aggregate_fit: received 5 results and 0 failures
[92mINFO [0m:      fit progress: (18, 1.1663754220250286, {'accuracy': 0.5864}, 201.78807323798537)
[92mINFO [0m:      configure_evaluate: no clients selected, skipping evaluation
[92mINFO [0m:      
[92mINFO [0m:      [ROUND 19]
[92mINFO [0m:      configure_fit: strategy sampled 5 clients (out of 10)
[92mINFO [0m:      aggregate_fit: received 5 results and 0 failures
[92mINFO [0m:      fit progress: (19, 1.1663754220250286, {'accuracy': 0.5864}, 211.56948201637715)
[92mINFO [0m:      configure_evaluate: no clients selected, skipping evaluation
[92mINFO [0m:      
[92mINFO [0m:      [ROUND 20]
[92mINFO [0m:      configure_fit: strategy sampled 5 clients (out of 10)
[92mINFO [0m:      aggregate_fit: received 5 results and 0 failures
[92mINFO [0m:      fit progress: (20, 1.0732130928884578, {'accuracy': 0.6098}, 222.89311385154724)
[92mINFO [0m:      configure_evaluate: no clients selected, skipping evaluation
[92mINFO [0m:      
[92mINFO [0m:      [ROUND 21]
[92mINFO [0m:      configure_fit: strategy sampled 5 clients (out of 10)
[92mINFO [0m:      aggregate_fit: received 5 results and 0 failures
[92mINFO [0m:      fit progress: (21, 0.9885902993286713, {'accuracy': 0.655}, 234.1500984635204)
[92mINFO [0m:      configure_evaluate: no clients selected, skipping evaluation
[92mINFO [0m:      
[92mINFO [0m:      [ROUND 22]
[92mINFO [0m:      configure_fit: strategy sampled 5 clients (out of 10)
[92mINFO [0m:      aggregate_fit: received 5 results and 0 failures
[92mINFO [0m:      fit progress: (22, 0.9653192041795465, {'accuracy': 0.6418}, 247.4134100386873)
[92mINFO [0m:      configure_evaluate: no clients selected, skipping evaluation
[92mINFO [0m:      
[92mINFO [0m:      [ROUND 23]
[92mINFO [0m:      configure_fit: strategy sampled 5 clients (out of 10)
[92mINFO [0m:      aggregate_fit: received 5 results and 0 failures
[92mINFO [0m:      fit progress: (23, 0.9750459707235988, {'accuracy': 0.6517}, 258.654653721489)
[92mINFO [0m:      configure_evaluate: no clients selected, skipping evaluation
[92mINFO [0m:      
[92mINFO [0m:      [ROUND 24]
[92mINFO [0m:      configure_fit: strategy sampled 5 clients (out of 10)
[92mINFO [0m:      aggregate_fit: received 5 results and 0 failures
[92mINFO [0m:      fit progress: (24, 0.9806613363797152, {'accuracy': 0.6521}, 269.32115672621876)
[92mINFO [0m:      configure_evaluate: no clients selected, skipping evaluation
[92mINFO [0m:      
[92mINFO [0m:      [ROUND 25]
[92mINFO [0m:      configure_fit: strategy sampled 5 clients (out of 10)
[92mINFO [0m:      aggregate_fit: received 5 results and 0 failures
[92mINFO [0m:      fit progress: (25, 0.9763969892187964, {'accuracy': 0.6487}, 280.2708515189588)
[92mINFO [0m:      configure_evaluate: no clients selected, skipping evaluation
[92mINFO [0m:      
[92mINFO [0m:      [ROUND 26]
[92mINFO [0m:      configure_fit: strategy sampled 5 clients (out of 10)
[92mINFO [0m:      aggregate_fit: received 5 results and 0 failures
[92mINFO [0m:      fit progress: (26, 1.1126063654694376, {'accuracy': 0.6181}, 291.35674440674484)
[92mINFO [0m:      configure_evaluate: no clients selected, skipping evaluation
[92mINFO [0m:      
[92mINFO [0m:      [ROUND 27]
[92mINFO [0m:      configure_fit: strategy sampled 5 clients (out of 10)
[92mINFO [0m:      aggregate_fit: received 5 results and 0 failures
[92mINFO [0m:      fit progress: (27, 0.9737670504594151, {'accuracy': 0.6528}, 302.2398550454527)
[92mINFO [0m:      configure_evaluate: no clients selected, skipping evaluation
[92mINFO [0m:      
[92mINFO [0m:      [ROUND 28]
[92mINFO [0m:      configure_fit: strategy sampled 5 clients (out of 10)
[92mINFO [0m:      aggregate_fit: received 5 results and 0 failures
[92mINFO [0m:      fit progress: (28, 0.8488211209260965, {'accuracy': 0.7006}, 315.28738434426486)
[92mINFO [0m:      configure_evaluate: no clients selected, skipping evaluation
[92mINFO [0m:      
[92mINFO [0m:      [ROUND 29]
[92mINFO [0m:      configure_fit: strategy sampled 5 clients (out of 10)
[92mINFO [0m:      aggregate_fit: received 5 results and 0 failures
[92mINFO [0m:      fit progress: (29, 0.9796057041687302, {'accuracy': 0.6488}, 328.4231169177219)
[92mINFO [0m:      configure_evaluate: no clients selected, skipping evaluation
[92mINFO [0m:      
[92mINFO [0m:      [ROUND 30]
[92mINFO [0m:      configure_fit: strategy sampled 5 clients (out of 10)
[92mINFO [0m:      aggregate_fit: received 5 results and 0 failures
[92mINFO [0m:      fit progress: (30, 0.9888421764856652, {'accuracy': 0.6464}, 341.1984695326537)
[92mINFO [0m:      configure_evaluate: no clients selected, skipping evaluation
[92mINFO [0m:      
[92mINFO [0m:      [SUMMARY]
[92mINFO [0m:      Run finished 30 round(s) in 341.20s
[92mINFO [0m:      	History (loss, centralized):
[92mINFO [0m:      		round 0: 3.5699364686314063
[92mINFO [0m:      		round 1: 2.176374903208093
[92mINFO [0m:      		round 2: 2.9182712488536593
[92mINFO [0m:      		round 3: 1.7829303982891613
[92mINFO [0m:      		round 4: 1.8569901412046408
[92mINFO [0m:      		round 5: 1.7174540214900729
[92mINFO [0m:      		round 6: 1.95379295982892
[92mINFO [0m:      		round 7: 1.826151568678361
[92mINFO [0m:      		round 8: 1.5902883508537389
[92mINFO [0m:      		round 9: 1.5601164600517177
[92mINFO [0m:      		round 10: 1.2687528540816488
[92mINFO [0m:      		round 11: 1.1728537309018872
[92mINFO [0m:      		round 12: 1.1728537309018872
[92mINFO [0m:      		round 13: 1.3491494746147832
[92mINFO [0m:      		round 14: 1.3491494746147832
[92mINFO [0m:      		round 15: 1.0622932231878932
[92mINFO [0m:      		round 16: 1.0622932231878932
[92mINFO [0m:      		round 17: 1.0669660553147522
[92mINFO [0m:      		round 18: 1.1663754220250286
[92mINFO [0m:      		round 19: 1.1663754220250286
[92mINFO [0m:      		round 20: 1.0732130928884578
[92mINFO [0m:      		round 21: 0.9885902993286713
[92mINFO [0m:      		round 22: 0.9653192041795465
[92mINFO [0m:      		round 23: 0.9750459707235988
[92mINFO [0m:      		round 24: 0.9806613363797152
[92mINFO [0m:      		round 25: 0.9763969892187964
[92mINFO [0m:      		round 26: 1.1126063654694376
[92mINFO [0m:      		round 27: 0.9737670504594151
[92mINFO [0m:      		round 28: 0.8488211209260965
[92mINFO [0m:      		round 29: 0.9796057041687302
[92mINFO [0m:      		round 30: 0.9888421764856652
[92mINFO [0m:      	History (metrics, distributed, fit):
[92mINFO [0m:      	{'accuracy': [(1, 0.186),
[92mINFO [0m:      	              (2, 0.2552),
[92mINFO [0m:      	              (3, 0.3406),
[92mINFO [0m:      	              (4, 0.3392),
[92mINFO [0m:      	              (5, 0.3635),
[92mINFO [0m:      	              (6, 0.3509),
[92mINFO [0m:      	              (7, 0.372),
[92mINFO [0m:      	              (8, 0.4155),
[92mINFO [0m:      	              (9, 0.4229),
[92mINFO [0m:      	              (10, 0.5439),
[92mINFO [0m:      	              (11, 0.5871),
[92mINFO [0m:      	              (12, 0.5871),
[92mINFO [0m:      	              (13, 0.5158),
[92mINFO [0m:      	              (14, 0.5158),
[92mINFO [0m:      	              (15, 0.6037),
[92mINFO [0m:      	              (16, 0.6037),
[92mINFO [0m:      	              (17, 0.6067),
[92mINFO [0m:      	              (18, 0.5864),
[92mINFO [0m:      	              (19, 0.5864),
[92mINFO [0m:      	              (20, 0.6098),
[92mINFO [0m:      	              (21, 0.655),
[92mINFO [0m:      	              (22, 0.6418),
[92mINFO [0m:      	              (23, 0.6517),
[92mINFO [0m:      	              (24, 0.6521),
[92mINFO [0m:      	              (25, 0.6487),
[92mINFO [0m:      	              (26, 0.6181),
[92mINFO [0m:      	              (27, 0.6528),
[92mINFO [0m:      	              (28, 0.7006),
[92mINFO [0m:      	              (29, 0.6488),
[92mINFO [0m:      	              (30, 0.6464)],
[92mINFO [0m:      	 'avg_per': [(1, 0.6942569897333837),
[92mINFO [0m:      	             (2, 0.7633525243316861),
[92mINFO [0m:      	             (3, 0.6364272808836648),
[92mINFO [0m:      	             (4, 0.6787848965623302),
[92mINFO [0m:      	             (5, 0.618246303369782),
[92mINFO [0m:      	             (6, 0.7339353216035311),
[92mINFO [0m:      	             (7, 0.7038718088916343),
[92mINFO [0m:      	             (8, 0.6410717000395236),
[92mINFO [0m:      	             (9, 0.6848316709681561),
[92mINFO [0m:      	             (10, 0.6301679441794128),
[92mINFO [0m:      	             (11, 0.7885808848502445),
[92mINFO [0m:      	             (12, 0.7165536455570759),
[92mINFO [0m:      	             (13, 0.6962384247478995),
[92mINFO [0m:      	             (14, 0.7261835429158976),
[92mINFO [0m:      	             (15, 0.6086202780693047),
[92mINFO [0m:      	             (16, 0.7151616744976198),
[92mINFO [0m:      	             (17, 0.646309820353314),
[92mINFO [0m:      	             (18, 0.6283767446565657),
[92mINFO [0m:      	             (19, 0.7649140670415896),
[92mINFO [0m:      	             (20, 0.7158137463241929),
[92mINFO [0m:      	             (21, 0.09151141005287156),
[92mINFO [0m:      	             (22, 0.053299155070950247),
[92mINFO [0m:      	             (23, 0.10023538243443209),
[92mINFO [0m:      	             (24, 0.05176418987585546),
[92mINFO [0m:      	             (25, 0.0754096327110461),
[92mINFO [0m:      	             (26, 0.09433971566096436),
[92mINFO [0m:      	             (27, 0.08972829133798485),
[92mINFO [0m:      	             (28, 0.12677777802980775),
[92mINFO [0m:      	             (29, 0.06375857961856049),
[92mINFO [0m:      	             (30, 0.10120683655167473)],
[92mINFO [0m:      	 'bw_factor': [(1, 1.0),
[92mINFO [0m:      	               (2, 0.6400000000000001),
[92mINFO [0m:      	               (3, 0.649990120691831),
[92mINFO [0m:      	               (4, 0.6494209785542786),
[92mINFO [0m:      	               (5, 0.6555688517406795),
[92mINFO [0m:      	               (6, 0.6551417613922358),
[92mINFO [0m:      	               (7, 0.6641979143438013),
[92mINFO [0m:      	               (8, 0.6709957127926636),
[92mINFO [0m:      	               (9, 0.8412518880851689),
[92mINFO [0m:      	               (10, 0.6819247397042548),
[92mINFO [0m:      	               (11, 0.8553633929788194),
[92mINFO [0m:      	               (12, 0.8598425907045018),
[92mINFO [0m:      	               (13, 0.8506376504777577),
[92mINFO [0m:      	               (14, 0.8491013994823474),
[92mINFO [0m:      	               (15, 0.8629056344780875),
[92mINFO [0m:      	               (16, 0.841557200434965),
[92mINFO [0m:      	               (17, 0.838047516423906),
[92mINFO [0m:      	               (18, 0.8297479010317912),
[92mINFO [0m:      	               (19, 0.8235863200404653),
[92mINFO [0m:      	               (20, 0.8314586425375856),
[92mINFO [0m:      	               (21, 0.84216653964433),
[92mINFO [0m:      	               (22, 0.8379723193452056),
[92mINFO [0m:      	               (23, 0.8318985560331804),
[92mINFO [0m:      	               (24, 0.661376900814809),
[92mINFO [0m:      	               (25, 0.6551529143337058),
[92mINFO [0m:      	               (26, 0.66026863565063),
[92mINFO [0m:      	               (27, 0.6685243970630776),
[92mINFO [0m:      	               (28, 0.6663225216466758),
[92mINFO [0m:      	               (29, 0.6595199799249694),
[92mINFO [0m:      	               (30, 0.6557133962025861)],
[92mINFO [0m:      	 'energy': [(1, 124.85573840356301),
[92mINFO [0m:      	            (2, 109.26418970707208),
[92mINFO [0m:      	            (3, 128.40051223114224),
[92mINFO [0m:      	            (4, 101.10539512394308),
[92mINFO [0m:      	            (5, 126.22670389129163),
[92mINFO [0m:      	            (6, 148.52812809231776),
[92mINFO [0m:      	            (7, 168.91780784985426),
[92mINFO [0m:      	            (8, 92.63502146566842),
[92mINFO [0m:      	            (9, 88.54439585361494),
[92mINFO [0m:      	            (10, 138.53674668803586),
[92mINFO [0m:      	            (11, 177.30997735273388),
[92mINFO [0m:      	            (12, 125.27757632841337),
[92mINFO [0m:      	            (13, 93.99224843770145),
[92mINFO [0m:      	            (14, 89.5841747987058),
[92mINFO [0m:      	            (15, 142.40410649837355),
[92mINFO [0m:      	            (16, 135.27344464214306),
[92mINFO [0m:      	            (17, 117.63023472158663),
[92mINFO [0m:      	            (18, 107.13286351244828),
[92mINFO [0m:      	            (19, 95.94685689589332),
[92mINFO [0m:      	            (20, 148.70614096594957),
[92mINFO [0m:      	            (21, 130.1043610224633),
[92mINFO [0m:      	            (22, 125.19698157788505),
[92mINFO [0m:      	            (23, 111.34516964794786),
[92mINFO [0m:      	            (24, 104.48442591618434),
[92mINFO [0m:      	            (25, 136.77806550298982),
[92mINFO [0m:      	            (26, 96.96680469666438),
[92mINFO [0m:      	            (27, 118.87437614629872),
[92mINFO [0m:      	            (28, 127.74538834614387),
[92mINFO [0m:      	            (29, 117.21213669206433),
[92mINFO [0m:      	            (30, 139.05833454825336)],
[92mINFO [0m:      	 'est_upload_time': [(1, 8.431738403563005),
[92mINFO [0m:      	                     (2, 10.464189707072082),
[92mINFO [0m:      	                     (3, 5.480512231142247),
[92mINFO [0m:      	                     (4, 5.965395123943089),
[92mINFO [0m:      	                     (5, 11.286703891291634),
[92mINFO [0m:      	                     (6, 30.75612809231778),
[92mINFO [0m:      	                     (7, 38.00580784985427),
[92mINFO [0m:      	                     (8, 7.187021465668413),
[92mINFO [0m:      	                     (9, 2.884395853614942),
[92mINFO [0m:      	                     (10, 23.596746688035854),
[92mINFO [0m:      	                     (11, 30.073977352733895),
[92mINFO [0m:      	                     (12, 23.829576328413363),
[92mINFO [0m:      	                     (13, 8.544248437701462),
[92mINFO [0m:      	                     (14, 3.9241747987058138),
[92mINFO [0m:      	                     (15, 4.860106498373549),
[92mINFO [0m:      	                     (16, 10.641444642143066),
[92mINFO [0m:      	                     (17, 17.530234721586634),
[92mINFO [0m:      	                     (18, 4.732863512448284),
[92mINFO [0m:      	                     (19, 25.722856895893315),
[92mINFO [0m:      	                     (20, 17.07414096594958),
[92mINFO [0m:      	                     (21, 5.472361022463299),
[92mINFO [0m:      	                     (22, 5.112981577885044),
[92mINFO [0m:      	                     (23, 8.945169647947864),
[92mINFO [0m:      	                     (24, 11.77642591618433),
[92mINFO [0m:      	                     (25, 5.146065502989835),
[92mINFO [0m:      	                     (26, 9.05880469666437),
[92mINFO [0m:      	                     (27, 4.534376146298713),
[92mINFO [0m:      	                     (28, 5.36138834614387),
[92mINFO [0m:      	                     (29, 4.520136692064328),
[92mINFO [0m:      	                     (30, 7.4263345482533705)],
[92mINFO [0m:      	 'jain': [(1, 0.49999999999999),
[92mINFO [0m:      	          (2, 0.8333333333333264),
[92mINFO [0m:      	          (3, 0.8333333333333302),
[92mINFO [0m:      	          (4, 0.8333333333333316),
[92mINFO [0m:      	          (5, 0.7692307692307677),
[92mINFO [0m:      	          (6, 0.7692307692307677),
[92mINFO [0m:      	          (7, 0.7692307692307677),
[92mINFO [0m:      	          (8, 0.7692307692307677),
[92mINFO [0m:      	          (9, 0.8333333333333316),
[92mINFO [0m:      	          (10, 0.8333333333333316),
[92mINFO [0m:      	          (11, 0.8333333333333316),
[92mINFO [0m:      	          (12, 0.8333333333333316),
[92mINFO [0m:      	          (13, 0.7692307692307677),
[92mINFO [0m:      	          (14, 0.8333333333333316),
[92mINFO [0m:      	          (15, 0.8333333333333316),
[92mINFO [0m:      	          (16, 0.8333333333333316),
[92mINFO [0m:      	          (17, 0.8333333333333316),
[92mINFO [0m:      	          (18, 0.7407407407407394),
[92mINFO [0m:      	          (19, 0.8333333333333316),
[92mINFO [0m:      	          (20, 0.8333333333333316),
[92mINFO [0m:      	          (21, 0.8333333333333316),
[92mINFO [0m:      	          (22, 0.8695652173913024),
[92mINFO [0m:      	          (23, 0.7999999999999984),
[92mINFO [0m:      	          (24, 0.7999999999999984),
[92mINFO [0m:      	          (25, 0.8333333333333316),
[92mINFO [0m:      	          (26, 0.7692307692307677),
[92mINFO [0m:      	          (27, 0.8333333333333316),
[92mINFO [0m:      	          (28, 0.8695652173913024),
[92mINFO [0m:      	          (29, 0.909090909090907),
[92mINFO [0m:      	          (30, 0.8333333333333316)],
[92mINFO [0m:      	 'loss': [(1, 2.176374903208093),
[92mINFO [0m:      	          (2, 2.9182712488536593),
[92mINFO [0m:      	          (3, 1.7829303982891613),
[92mINFO [0m:      	          (4, 1.8569901412046408),
[92mINFO [0m:      	          (5, 1.7174540214900729),
[92mINFO [0m:      	          (6, 1.95379295982892),
[92mINFO [0m:      	          (7, 1.826151568678361),
[92mINFO [0m:      	          (8, 1.5902883508537389),
[92mINFO [0m:      	          (9, 1.5601164600517177),
[92mINFO [0m:      	          (10, 1.2687528540816488),
[92mINFO [0m:      	          (11, 1.1728537309018872),
[92mINFO [0m:      	          (12, 1.1728537309018872),
[92mINFO [0m:      	          (13, 1.3491494746147832),
[92mINFO [0m:      	          (14, 1.3491494746147832),
[92mINFO [0m:      	          (15, 1.0622932231878932),
[92mINFO [0m:      	          (16, 1.0622932231878932),
[92mINFO [0m:      	          (17, 1.0669660553147522),
[92mINFO [0m:      	          (18, 1.1663754220250286),
[92mINFO [0m:      	          (19, 1.1663754220250286),
[92mINFO [0m:      	          (20, 1.0732130928884578),
[92mINFO [0m:      	          (21, 0.9885902993286713),
[92mINFO [0m:      	          (22, 0.9653192041795465),
[92mINFO [0m:      	          (23, 0.9750459707235988),
[92mINFO [0m:      	          (24, 0.9806613363797152),
[92mINFO [0m:      	          (25, 0.9763969892187964),
[92mINFO [0m:      	          (26, 1.1126063654694376),
[92mINFO [0m:      	          (27, 0.9737670504594151),
[92mINFO [0m:      	          (28, 0.8488211209260965),
[92mINFO [0m:      	          (29, 0.9796057041687302),
[92mINFO [0m:      	          (30, 0.9888421764856652)],
[92mINFO [0m:      	 'mode': [(1, 'semi_sync'),
[92mINFO [0m:      	          (2, 'bridge'),
[92mINFO [0m:      	          (3, 'bridge'),
[92mINFO [0m:      	          (4, 'bridge'),
[92mINFO [0m:      	          (5, 'bridge'),
[92mINFO [0m:      	          (6, 'bridge'),
[92mINFO [0m:      	          (7, 'bridge'),
[92mINFO [0m:      	          (8, 'bridge'),
[92mINFO [0m:      	          (9, 'bridge'),
[92mINFO [0m:      	          (10, 'bridge'),
[92mINFO [0m:      	          (11, 'async'),
[92mINFO [0m:      	          (12, 'async'),
[92mINFO [0m:      	          (13, 'async'),
[92mINFO [0m:      	          (14, 'async'),
[92mINFO [0m:      	          (15, 'async'),
[92mINFO [0m:      	          (16, 'async'),
[92mINFO [0m:      	          (17, 'async'),
[92mINFO [0m:      	          (18, 'async'),
[92mINFO [0m:      	          (19, 'async'),
[92mINFO [0m:      	          (20, 'async'),
[92mINFO [0m:      	          (21, 'async'),
[92mINFO [0m:      	          (22, 'async'),
[92mINFO [0m:      	          (23, 'async'),
[92mINFO [0m:      	          (24, 'bridge'),
[92mINFO [0m:      	          (25, 'bridge'),
[92mINFO [0m:      	          (26, 'bridge'),
[92mINFO [0m:      	          (27, 'bridge'),
[92mINFO [0m:      	          (28, 'bridge'),
[92mINFO [0m:      	          (29, 'bridge'),
[92mINFO [0m:      	          (30, 'bridge')],
[92mINFO [0m:      	 'num_exhausted_clients': [(1, 0.0),
[92mINFO [0m:      	                           (2, 0.0),
[92mINFO [0m:      	                           (3, 0.0),
[92mINFO [0m:      	                           (4, 0.0),
[92mINFO [0m:      	                           (5, 0.0),
[92mINFO [0m:      	                           (6, 0.0),
[92mINFO [0m:      	                           (7, 0.0),
[92mINFO [0m:      	                           (8, 0.0),
[92mINFO [0m:      	                           (9, 0.0),
[92mINFO [0m:      	                           (10, 0.0),
[92mINFO [0m:      	                           (11, 0.0),
[92mINFO [0m:      	                           (12, 0.0),
[92mINFO [0m:      	                           (13, 0.0),
[92mINFO [0m:      	                           (14, 0.0),
[92mINFO [0m:      	                           (15, 0.0),
[92mINFO [0m:      	                           (16, 0.0),
[92mINFO [0m:      	                           (17, 0.0),
[92mINFO [0m:      	                           (18, 0.0),
[92mINFO [0m:      	                           (19, 0.0),
[92mINFO [0m:      	                           (20, 0.0),
[92mINFO [0m:      	                           (21, 0.0),
[92mINFO [0m:      	                           (22, 0.0),
[92mINFO [0m:      	                           (23, 0.0),
[92mINFO [0m:      	                           (24, 0.0),
[92mINFO [0m:      	                           (25, 0.0),
[92mINFO [0m:      	                           (26, 0.0),
[92mINFO [0m:      	                           (27, 0.0),
[92mINFO [0m:      	                           (28, 0.0),
[92mINFO [0m:      	                           (29, 0.0),
[92mINFO [0m:      	                           (30, 0.0)],
[92mINFO [0m:      	 'topk': [(1, 5.0),
[92mINFO [0m:      	          (2, 5.0),
[92mINFO [0m:      	          (3, 5.0),
[92mINFO [0m:      	          (4, 5.0),
[92mINFO [0m:      	          (5, 5.0),
[92mINFO [0m:      	          (6, 5.0),
[92mINFO [0m:      	          (7, 5.0),
[92mINFO [0m:      	          (8, 5.0),
[92mINFO [0m:      	          (9, 5.0),
[92mINFO [0m:      	          (10, 5.0),
[92mINFO [0m:      	          (11, 5.0),
[92mINFO [0m:      	          (12, 5.0),
[92mINFO [0m:      	          (13, 5.0),
[92mINFO [0m:      	          (14, 5.0),
[92mINFO [0m:      	          (15, 5.0),
[92mINFO [0m:      	          (16, 5.0),
[92mINFO [0m:      	          (17, 5.0),
[92mINFO [0m:      	          (18, 5.0),
[92mINFO [0m:      	          (19, 5.0),
[92mINFO [0m:      	          (20, 5.0),
[92mINFO [0m:      	          (21, 5.0),
[92mINFO [0m:      	          (22, 5.0),
[92mINFO [0m:      	          (23, 5.0),
[92mINFO [0m:      	          (24, 5.0),
[92mINFO [0m:      	          (25, 5.0),
[92mINFO [0m:      	          (26, 5.0),
[92mINFO [0m:      	          (27, 5.0),
[92mINFO [0m:      	          (28, 5.0),
[92mINFO [0m:      	          (29, 5.0),
[92mINFO [0m:      	          (30, 5.0)]}
[92mINFO [0m:      	History (metrics, centralized):
[92mINFO [0m:      	{'accuracy': [(0, 0.1),
[92mINFO [0m:      	              (1, 0.186),
[92mINFO [0m:      	              (2, 0.2552),
[92mINFO [0m:      	              (3, 0.3406),
[92mINFO [0m:      	              (4, 0.3392),
[92mINFO [0m:      	              (5, 0.3635),
[92mINFO [0m:      	              (6, 0.3509),
[92mINFO [0m:      	              (7, 0.372),
[92mINFO [0m:      	              (8, 0.4155),
[92mINFO [0m:      	              (9, 0.4229),
[92mINFO [0m:      	              (10, 0.5439),
[92mINFO [0m:      	              (11, 0.5871),
[92mINFO [0m:      	              (12, 0.5871),
[92mINFO [0m:      	              (13, 0.5158),
[92mINFO [0m:      	              (14, 0.5158),
[92mINFO [0m:      	              (15, 0.6037),
[92mINFO [0m:      	              (16, 0.6037),
[92mINFO [0m:      	              (17, 0.6067),
[92mINFO [0m:      	              (18, 0.5864),
[92mINFO [0m:      	              (19, 0.5864),
[92mINFO [0m:      	              (20, 0.6098),
[92mINFO [0m:      	              (21, 0.655),
[92mINFO [0m:      	              (22, 0.6418),
[92mINFO [0m:      	              (23, 0.6517),
[92mINFO [0m:      	              (24, 0.6521),
[92mINFO [0m:      	              (25, 0.6487),
[92mINFO [0m:      	              (26, 0.6181),
[92mINFO [0m:      	              (27, 0.6528),
[92mINFO [0m:      	              (28, 0.7006),
[92mINFO [0m:      	              (29, 0.6488),
[92mINFO [0m:      	              (30, 0.6464)]}
[92mINFO [0m:      
[36m(pid=592176)[0m [2026-03-05 10:32:07,646 E 592176 593520] core_worker_process.cc:825: Failed to establish connection to the metrics exporter agent. Metrics will not be exported. Exporter agent status: RpcError: Running out of retries to initialize the metrics agent. rpc_code: 14[32m [repeated 20x across cluster][0m
