[93mWARNING [0m:   DEPRECATED FEATURE: flwr.simulation.start_simulation() is deprecated.
	Instead, use the `flwr run` CLI command to start a local simulation in your Flower app, as shown for example below:

		$ flwr new  # Create a new Flower app from a template

		$ flwr run  # Run the Flower app in Simulation Mode

	Using `start_simulation()` is deprecated.

            This is a deprecated feature. It will be removed
            entirely in future versions of Flower.
        
[92mINFO [0m:      Starting Flower simulation, config: num_rounds=60, no round_timeout
2026-03-01 01:56:16,778	INFO worker.py:2012 -- Started a local Ray instance.
D:\Code\2025-11\moga-fl\.venv\lib\site-packages\ray\_private\worker.py:2051: FutureWarning: Tip: In future versions of Ray, Ray will no longer override accelerator visible devices env var if num_gpus=0 or num_gpus=None (default). To enable this behavior and turn off this error message, set RAY_ACCEL_ENV_VAR_OVERRIDE_ON_ZERO=0
  warnings.warn(
[92mINFO [0m:      Flower VCE: Ray initialized with resources: {'object_store_memory': 2097202790.0, 'GPU': 1.0, 'memory': 4893473178.0, 'accelerator_type:G': 1.0, 'node:__internal_head__': 1.0, 'node:127.0.0.1': 1.0, 'CPU': 16.0}
[92mINFO [0m:      Optimize your simulation with Flower VCE: https://flower.ai/docs/framework/how-to-run-simulations.html
[92mINFO [0m:      Flower VCE: Resources for each Virtual Client: {'num_cpus': 2.0, 'num_gpus': 0.25}
[92mINFO [0m:      Flower VCE: Creating VirtualClientEngineActorPool with 4 actors
[92mINFO [0m:      [INIT]
[92mINFO [0m:      Using initial global parameters provided by strategy
[92mINFO [0m:      Starting evaluation of initial global parameters
[92mINFO [0m:      initial parameters (loss, other metrics): 3.569974211197865, {'accuracy': 0.1}
[92mINFO [0m:      
[92mINFO [0m:      [ROUND 1]
[92mINFO [0m:      configure_fit: strategy sampled 5 clients (out of 10)
[36m(pid=gcs_server)[0m [2026-03-01 01:56:47,371 E 14660 38428] (gcs_server.exe) gcs_server.cc:302: Failed to establish connection to the event+metrics exporter agent. Events and metrics will not be exported. Exporter agent status: RpcError: Running out of retries to initialize the metrics agent. rpc_code: 14
[33m(raylet)[0m [2026-03-01 01:56:48,821 E 28076 38592] (raylet.exe) main.cc:975: Failed to establish connection to the metrics exporter agent. Metrics will not be exported. Exporter agent status: RpcError: Running out of retries to initialize the metrics agent. rpc_code: 14
[2026-03-01 01:56:50,116 E 40192 43104] core_worker_process.cc:825: Failed to establish connection to the metrics exporter agent. Metrics will not be exported. Exporter agent status: RpcError: Running out of retries to initialize the metrics agent. rpc_code: 14
[92mINFO [0m:      aggregate_fit: received 5 results and 0 failures
[92mINFO [0m:      fit progress: (1, 2.817589011373399, {'accuracy': 0.1765}, 41.631426000007195)
[92mINFO [0m:      configure_evaluate: no clients selected, skipping evaluation
[92mINFO [0m:      
[92mINFO [0m:      [ROUND 2]
[92mINFO [0m:      configure_fit: strategy sampled 5 clients (out of 10)
[92mINFO [0m:      aggregate_fit: received 5 results and 0 failures
[92mINFO [0m:      fit progress: (2, 2.817589011373399, {'accuracy': 0.1765}, 73.6525571999955)
[92mINFO [0m:      configure_evaluate: no clients selected, skipping evaluation
[92mINFO [0m:      
[92mINFO [0m:      [ROUND 3]
[92mINFO [0m:      configure_fit: strategy sampled 5 clients (out of 10)
[92mINFO [0m:      aggregate_fit: received 5 results and 0 failures
[92mINFO [0m:      fit progress: (3, 2.172986839391008, {'accuracy': 0.1914}, 110.05385810000007)
[92mINFO [0m:      configure_evaluate: no clients selected, skipping evaluation
[92mINFO [0m:      
[92mINFO [0m:      [ROUND 4]
[92mINFO [0m:      configure_fit: strategy sampled 5 clients (out of 10)
[92mINFO [0m:      aggregate_fit: received 5 results and 0 failures
[92mINFO [0m:      fit progress: (4, 1.70319597781459, {'accuracy': 0.3419}, 145.03852550001466)
[92mINFO [0m:      configure_evaluate: no clients selected, skipping evaluation
[92mINFO [0m:      
[92mINFO [0m:      [ROUND 5]
[92mINFO [0m:      configure_fit: strategy sampled 5 clients (out of 10)
[92mINFO [0m:      aggregate_fit: received 5 results and 0 failures
[92mINFO [0m:      fit progress: (5, 1.70319597781459, {'accuracy': 0.3419}, 180.4268255000061)
[92mINFO [0m:      configure_evaluate: no clients selected, skipping evaluation
[92mINFO [0m:      
[92mINFO [0m:      [ROUND 6]
[92mINFO [0m:      configure_fit: strategy sampled 5 clients (out of 10)
[92mINFO [0m:      aggregate_fit: received 5 results and 0 failures
[92mINFO [0m:      fit progress: (6, 1.9187766690797443, {'accuracy': 0.3}, 216.89880470000207)
[92mINFO [0m:      configure_evaluate: no clients selected, skipping evaluation
[92mINFO [0m:      
[92mINFO [0m:      [ROUND 7]
[92mINFO [0m:      configure_fit: strategy sampled 5 clients (out of 10)
[92mINFO [0m:      aggregate_fit: received 5 results and 0 failures
[92mINFO [0m:      fit progress: (7, 1.9187766690797443, {'accuracy': 0.3}, 245.8584727999987)
[92mINFO [0m:      configure_evaluate: no clients selected, skipping evaluation
[92mINFO [0m:      
[92mINFO [0m:      [ROUND 8]
[92mINFO [0m:      configure_fit: strategy sampled 5 clients (out of 10)
[92mINFO [0m:      aggregate_fit: received 5 results and 0 failures
[92mINFO [0m:      fit progress: (8, 1.6813291311264038, {'accuracy': 0.3683}, 283.17831980000483)
[92mINFO [0m:      configure_evaluate: no clients selected, skipping evaluation
[92mINFO [0m:      
[92mINFO [0m:      [ROUND 9]
[92mINFO [0m:      configure_fit: strategy sampled 5 clients (out of 10)
[92mINFO [0m:      aggregate_fit: received 5 results and 0 failures
[92mINFO [0m:      fit progress: (9, 1.6813291311264038, {'accuracy': 0.3683}, 317.962114199996)
[92mINFO [0m:      configure_evaluate: no clients selected, skipping evaluation
[92mINFO [0m:      
[92mINFO [0m:      [ROUND 10]
[92mINFO [0m:      configure_fit: strategy sampled 5 clients (out of 10)
[92mINFO [0m:      aggregate_fit: received 5 results and 0 failures
[92mINFO [0m:      fit progress: (10, 2.536300514317766, {'accuracy': 0.3401}, 353.56097049999516)
[92mINFO [0m:      configure_evaluate: no clients selected, skipping evaluation
[92mINFO [0m:      
[92mINFO [0m:      [ROUND 11]
[92mINFO [0m:      configure_fit: strategy sampled 5 clients (out of 10)
[92mINFO [0m:      aggregate_fit: received 5 results and 0 failures
[92mINFO [0m:      fit progress: (11, 2.536300514317766, {'accuracy': 0.3401}, 391.92478299999493)
[92mINFO [0m:      configure_evaluate: no clients selected, skipping evaluation
[92mINFO [0m:      
[92mINFO [0m:      [ROUND 12]
[92mINFO [0m:      configure_fit: strategy sampled 5 clients (out of 10)
[92mINFO [0m:      aggregate_fit: received 5 results and 0 failures
[92mINFO [0m:      fit progress: (12, 2.4676293632652184, {'accuracy': 0.3601}, 418.59284249998746)
[92mINFO [0m:      configure_evaluate: no clients selected, skipping evaluation
[92mINFO [0m:      
[92mINFO [0m:      [ROUND 13]
[92mINFO [0m:      configure_fit: strategy sampled 5 clients (out of 10)
[92mINFO [0m:      aggregate_fit: received 5 results and 0 failures
[92mINFO [0m:      fit progress: (13, 2.4676293632652184, {'accuracy': 0.3601}, 455.1601296000008)
[92mINFO [0m:      configure_evaluate: no clients selected, skipping evaluation
[92mINFO [0m:      
[92mINFO [0m:      [ROUND 14]
[92mINFO [0m:      configure_fit: strategy sampled 5 clients (out of 10)
[92mINFO [0m:      aggregate_fit: received 5 results and 0 failures
[92mINFO [0m:      fit progress: (14, 1.5892730679693101, {'accuracy': 0.4775}, 497.86023749999003)
[92mINFO [0m:      configure_evaluate: no clients selected, skipping evaluation
[92mINFO [0m:      
[92mINFO [0m:      [ROUND 15]
[92mINFO [0m:      configure_fit: strategy sampled 5 clients (out of 10)
[92mINFO [0m:      aggregate_fit: received 5 results and 0 failures
[92mINFO [0m:      fit progress: (15, 1.5892730679693101, {'accuracy': 0.4775}, 541.7346970000071)
[92mINFO [0m:      configure_evaluate: no clients selected, skipping evaluation
[92mINFO [0m:      
[92mINFO [0m:      [ROUND 16]
[92mINFO [0m:      configure_fit: strategy sampled 5 clients (out of 10)
[92mINFO [0m:      aggregate_fit: received 5 results and 0 failures
[92mINFO [0m:      fit progress: (16, 1.3743626588507543, {'accuracy': 0.4935}, 574.1388274999917)
[92mINFO [0m:      configure_evaluate: no clients selected, skipping evaluation
[92mINFO [0m:      
[92mINFO [0m:      [ROUND 17]
[92mINFO [0m:      configure_fit: strategy sampled 5 clients (out of 10)
[92mINFO [0m:      aggregate_fit: received 5 results and 0 failures
[92mINFO [0m:      fit progress: (17, 1.3743626588507543, {'accuracy': 0.4935}, 602.0446692999976)
[92mINFO [0m:      configure_evaluate: no clients selected, skipping evaluation
[92mINFO [0m:      
[92mINFO [0m:      [ROUND 18]
[92mINFO [0m:      configure_fit: strategy sampled 5 clients (out of 10)
[92mINFO [0m:      aggregate_fit: received 5 results and 0 failures
[92mINFO [0m:      fit progress: (18, 1.3320289850234985, {'accuracy': 0.5548}, 639.366812799999)
[92mINFO [0m:      configure_evaluate: no clients selected, skipping evaluation
[92mINFO [0m:      
[92mINFO [0m:      [ROUND 19]
[92mINFO [0m:      configure_fit: strategy sampled 5 clients (out of 10)
[92mINFO [0m:      aggregate_fit: received 5 results and 0 failures
[92mINFO [0m:      fit progress: (19, 1.3320289850234985, {'accuracy': 0.5548}, 670.4183293000096)
[92mINFO [0m:      configure_evaluate: no clients selected, skipping evaluation
[92mINFO [0m:      
[92mINFO [0m:      [ROUND 20]
[92mINFO [0m:      configure_fit: strategy sampled 5 clients (out of 10)
[92mINFO [0m:      aggregate_fit: received 5 results and 0 failures
[92mINFO [0m:      fit progress: (20, 1.9483344388913504, {'accuracy': 0.4296}, 711.9713132999896)
[92mINFO [0m:      configure_evaluate: no clients selected, skipping evaluation
[92mINFO [0m:      
[92mINFO [0m:      [ROUND 21]
[92mINFO [0m:      configure_fit: strategy sampled 5 clients (out of 10)
[92mINFO [0m:      aggregate_fit: received 5 results and 0 failures
[92mINFO [0m:      fit progress: (21, 1.9483344388913504, {'accuracy': 0.4296}, 747.0494668000028)
[92mINFO [0m:      configure_evaluate: no clients selected, skipping evaluation
[92mINFO [0m:      
[92mINFO [0m:      [ROUND 22]
[92mINFO [0m:      configure_fit: strategy sampled 5 clients (out of 10)
[92mINFO [0m:      aggregate_fit: received 5 results and 0 failures
[92mINFO [0m:      fit progress: (22, 1.3041634031488925, {'accuracy': 0.547}, 775.2462299999897)
[92mINFO [0m:      configure_evaluate: no clients selected, skipping evaluation
[92mINFO [0m:      
[92mINFO [0m:      [ROUND 23]
[92mINFO [0m:      configure_fit: strategy sampled 5 clients (out of 10)
[92mINFO [0m:      aggregate_fit: received 5 results and 0 failures
[92mINFO [0m:      fit progress: (23, 1.3041634031488925, {'accuracy': 0.547}, 812.2732325000106)
[92mINFO [0m:      configure_evaluate: no clients selected, skipping evaluation
[92mINFO [0m:      
[92mINFO [0m:      [ROUND 24]
[92mINFO [0m:      configure_fit: strategy sampled 5 clients (out of 10)
[92mINFO [0m:      aggregate_fit: received 5 results and 0 failures
[92mINFO [0m:      fit progress: (24, 1.216114346739612, {'accuracy': 0.5844}, 847.621971000015)
[92mINFO [0m:      configure_evaluate: no clients selected, skipping evaluation
[92mINFO [0m:      
[92mINFO [0m:      [ROUND 25]
[92mINFO [0m:      configure_fit: strategy sampled 5 clients (out of 10)
[92mINFO [0m:      aggregate_fit: received 5 results and 0 failures
[92mINFO [0m:      fit progress: (25, 1.1734996151320543, {'accuracy': 0.5988}, 887.9763065000006)
[92mINFO [0m:      configure_evaluate: no clients selected, skipping evaluation
[92mINFO [0m:      
[92mINFO [0m:      [ROUND 26]
[92mINFO [0m:      configure_fit: strategy sampled 5 clients (out of 10)
[92mINFO [0m:      aggregate_fit: received 5 results and 0 failures
[92mINFO [0m:      fit progress: (26, 1.066906971267507, {'accuracy': 0.6296}, 923.8650788000086)
[92mINFO [0m:      configure_evaluate: no clients selected, skipping evaluation
[92mINFO [0m:      
[92mINFO [0m:      [ROUND 27]
[92mINFO [0m:      configure_fit: strategy sampled 5 clients (out of 10)
[92mINFO [0m:      aggregate_fit: received 5 results and 0 failures
[92mINFO [0m:      fit progress: (27, 1.1832813009431091, {'accuracy': 0.5808}, 950.9666262000101)
[92mINFO [0m:      configure_evaluate: no clients selected, skipping evaluation
[92mINFO [0m:      
[92mINFO [0m:      [ROUND 28]
[92mINFO [0m:      configure_fit: strategy sampled 5 clients (out of 10)
[92mINFO [0m:      aggregate_fit: received 5 results and 0 failures
[92mINFO [0m:      fit progress: (28, 1.2188121472732931, {'accuracy': 0.5809}, 987.436650299991)
[92mINFO [0m:      configure_evaluate: no clients selected, skipping evaluation
[92mINFO [0m:      
[92mINFO [0m:      [ROUND 29]
[92mINFO [0m:      configure_fit: strategy sampled 5 clients (out of 10)
[92mINFO [0m:      aggregate_fit: received 5 results and 0 failures
[92mINFO [0m:      fit progress: (29, 1.354254576224315, {'accuracy': 0.5686}, 1022.9951783000142)
[92mINFO [0m:      configure_evaluate: no clients selected, skipping evaluation
[92mINFO [0m:      
[92mINFO [0m:      [ROUND 30]
[92mINFO [0m:      configure_fit: strategy sampled 5 clients (out of 10)
[92mINFO [0m:      aggregate_fit: received 5 results and 0 failures
[92mINFO [0m:      fit progress: (30, 1.3100580158112924, {'accuracy': 0.562}, 1064.9434949000133)
[92mINFO [0m:      configure_evaluate: no clients selected, skipping evaluation
[92mINFO [0m:      
[92mINFO [0m:      [ROUND 31]
[92mINFO [0m:      configure_fit: strategy sampled 5 clients (out of 10)
[92mINFO [0m:      aggregate_fit: received 5 results and 0 failures
[92mINFO [0m:      fit progress: (31, 1.2096435231498526, {'accuracy': 0.6145}, 1099.7710814999882)
[92mINFO [0m:      configure_evaluate: no clients selected, skipping evaluation
[92mINFO [0m:      
[92mINFO [0m:      [ROUND 32]
[92mINFO [0m:      configure_fit: strategy sampled 5 clients (out of 10)
[92mINFO [0m:      aggregate_fit: received 5 results and 0 failures
[92mINFO [0m:      fit progress: (32, 1.0863629730441902, {'accuracy': 0.6126}, 1127.7258359999978)
[92mINFO [0m:      configure_evaluate: no clients selected, skipping evaluation
[92mINFO [0m:      
[92mINFO [0m:      [ROUND 33]
[92mINFO [0m:      configure_fit: strategy sampled 5 clients (out of 10)
[92mINFO [0m:      aggregate_fit: received 5 results and 0 failures
[92mINFO [0m:      fit progress: (33, 1.0671883685679375, {'accuracy': 0.6194}, 1163.9415332000062)
[92mINFO [0m:      configure_evaluate: no clients selected, skipping evaluation
[92mINFO [0m:      
[92mINFO [0m:      [ROUND 34]
[92mINFO [0m:      configure_fit: strategy sampled 5 clients (out of 10)
[92mINFO [0m:      aggregate_fit: received 5 results and 0 failures
[92mINFO [0m:      fit progress: (34, 1.1520058633405952, {'accuracy': 0.6075}, 1195.244322899991)
[92mINFO [0m:      configure_evaluate: no clients selected, skipping evaluation
[92mINFO [0m:      
[92mINFO [0m:      [ROUND 35]
[92mINFO [0m:      configure_fit: strategy sampled 5 clients (out of 10)
[92mINFO [0m:      aggregate_fit: received 5 results and 0 failures
[92mINFO [0m:      fit progress: (35, 1.3500426562526557, {'accuracy': 0.5818}, 1236.4616517999966)
[92mINFO [0m:      configure_evaluate: no clients selected, skipping evaluation
[92mINFO [0m:      
[92mINFO [0m:      [ROUND 36]
[92mINFO [0m:      configure_fit: strategy sampled 5 clients (out of 10)
[92mINFO [0m:      aggregate_fit: received 5 results and 0 failures
[92mINFO [0m:      fit progress: (36, 0.9370592425141153, {'accuracy': 0.6657}, 1271.3003713999933)
[92mINFO [0m:      configure_evaluate: no clients selected, skipping evaluation
[92mINFO [0m:      
[92mINFO [0m:      [ROUND 37]
[92mINFO [0m:      configure_fit: strategy sampled 5 clients (out of 10)
[92mINFO [0m:      aggregate_fit: received 5 results and 0 failures
[92mINFO [0m:      fit progress: (37, 0.9719065224068074, {'accuracy': 0.7004}, 1301.6871298000042)
[92mINFO [0m:      configure_evaluate: no clients selected, skipping evaluation
[92mINFO [0m:      
[92mINFO [0m:      [ROUND 38]
[92mINFO [0m:      configure_fit: strategy sampled 5 clients (out of 10)
[92mINFO [0m:      aggregate_fit: received 5 results and 0 failures
[92mINFO [0m:      fit progress: (38, 0.9586939562725115, {'accuracy': 0.6725}, 1338.4941885000153)
[92mINFO [0m:      configure_evaluate: no clients selected, skipping evaluation
[92mINFO [0m:      
[92mINFO [0m:      [ROUND 39]
[92mINFO [0m:      configure_fit: strategy sampled 5 clients (out of 10)
[92mINFO [0m:      aggregate_fit: received 5 results and 0 failures
[92mINFO [0m:      fit progress: (39, 1.0434879886953137, {'accuracy': 0.6599}, 1369.6045417000132)
[92mINFO [0m:      configure_evaluate: no clients selected, skipping evaluation
[92mINFO [0m:      
[92mINFO [0m:      [ROUND 40]
[92mINFO [0m:      configure_fit: strategy sampled 5 clients (out of 10)
[92mINFO [0m:      aggregate_fit: received 5 results and 0 failures
[92mINFO [0m:      fit progress: (40, 0.9061917941781539, {'accuracy': 0.7028}, 1411.396293800004)
[92mINFO [0m:      configure_evaluate: no clients selected, skipping evaluation
[92mINFO [0m:      
[92mINFO [0m:      [ROUND 41]
[92mINFO [0m:      configure_fit: strategy sampled 5 clients (out of 10)
[92mINFO [0m:      aggregate_fit: received 5 results and 0 failures
[92mINFO [0m:      fit progress: (41, 1.5472721072691906, {'accuracy': 0.5656}, 1442.5505591999972)
[92mINFO [0m:      configure_evaluate: no clients selected, skipping evaluation
[92mINFO [0m:      
[92mINFO [0m:      [ROUND 42]
[92mINFO [0m:      configure_fit: strategy sampled 5 clients (out of 10)
[92mINFO [0m:      aggregate_fit: received 5 results and 0 failures
[92mINFO [0m:      fit progress: (42, 0.8712289597414717, {'accuracy': 0.6965}, 1477.5612967000052)
[92mINFO [0m:      configure_evaluate: no clients selected, skipping evaluation
[92mINFO [0m:      
[92mINFO [0m:      [ROUND 43]
[92mINFO [0m:      configure_fit: strategy sampled 5 clients (out of 10)
[92mINFO [0m:      aggregate_fit: received 5 results and 0 failures
[92mINFO [0m:      fit progress: (43, 1.2099639162232605, {'accuracy': 0.6212}, 1511.8482766000088)
[92mINFO [0m:      configure_evaluate: no clients selected, skipping evaluation
[92mINFO [0m:      
[92mINFO [0m:      [ROUND 44]
[92mINFO [0m:      configure_fit: strategy sampled 5 clients (out of 10)
[92mINFO [0m:      aggregate_fit: received 5 results and 0 failures
[92mINFO [0m:      fit progress: (44, 1.9470229224313664, {'accuracy': 0.4967}, 1541.3393159999978)
[92mINFO [0m:      configure_evaluate: no clients selected, skipping evaluation
[92mINFO [0m:      
[92mINFO [0m:      [ROUND 45]
[92mINFO [0m:      configure_fit: strategy sampled 5 clients (out of 10)
[92mINFO [0m:      aggregate_fit: received 5 results and 0 failures
[92mINFO [0m:      fit progress: (45, 1.9470229224313664, {'accuracy': 0.4967}, 1583.052718699997)
[92mINFO [0m:      configure_evaluate: no clients selected, skipping evaluation
[92mINFO [0m:      
[92mINFO [0m:      [ROUND 46]
[92mINFO [0m:      configure_fit: strategy sampled 5 clients (out of 10)
[92mINFO [0m:      aggregate_fit: received 5 results and 0 failures
[92mINFO [0m:      fit progress: (46, 0.9281778071500077, {'accuracy': 0.6893}, 1615.2766429999901)
[92mINFO [0m:      configure_evaluate: no clients selected, skipping evaluation
[92mINFO [0m:      
[92mINFO [0m:      [ROUND 47]
[92mINFO [0m:      configure_fit: strategy sampled 5 clients (out of 10)
[92mINFO [0m:      aggregate_fit: received 5 results and 0 failures
[92mINFO [0m:      fit progress: (47, 1.192102412634258, {'accuracy': 0.6246}, 1650.7312384000106)
[92mINFO [0m:      configure_evaluate: no clients selected, skipping evaluation
[92mINFO [0m:      
[92mINFO [0m:      [ROUND 48]
[92mINFO [0m:      configure_fit: strategy sampled 5 clients (out of 10)
[92mINFO [0m:      aggregate_fit: received 5 results and 0 failures
[92mINFO [0m:      fit progress: (48, 1.9510904414744317, {'accuracy': 0.5383}, 1691.871086500003)
[92mINFO [0m:      configure_evaluate: no clients selected, skipping evaluation
[92mINFO [0m:      
[92mINFO [0m:      [ROUND 49]
[92mINFO [0m:      configure_fit: strategy sampled 5 clients (out of 10)
[92mINFO [0m:      aggregate_fit: received 5 results and 0 failures
[92mINFO [0m:      fit progress: (49, 1.766959677768659, {'accuracy': 0.5717}, 1717.5171269999992)
[92mINFO [0m:      configure_evaluate: no clients selected, skipping evaluation
[92mINFO [0m:      
[92mINFO [0m:      [ROUND 50]
[92mINFO [0m:      configure_fit: strategy sampled 5 clients (out of 10)
[92mINFO [0m:      aggregate_fit: received 5 results and 0 failures
[92mINFO [0m:      fit progress: (50, 1.766959677768659, {'accuracy': 0.5717}, 1753.0200680000125)
[92mINFO [0m:      configure_evaluate: no clients selected, skipping evaluation
[92mINFO [0m:      
[92mINFO [0m:      [ROUND 51]
[92mINFO [0m:      configure_fit: strategy sampled 5 clients (out of 10)
[92mINFO [0m:      aggregate_fit: received 5 results and 0 failures
[92mINFO [0m:      fit progress: (51, 1.044377197193194, {'accuracy': 0.6699}, 1789.612578500004)
[92mINFO [0m:      configure_evaluate: no clients selected, skipping evaluation
[92mINFO [0m:      
[92mINFO [0m:      [ROUND 52]
[92mINFO [0m:      configure_fit: strategy sampled 5 clients (out of 10)
[92mINFO [0m:      aggregate_fit: received 5 results and 0 failures
[92mINFO [0m:      fit progress: (52, 1.0217966105364547, {'accuracy': 0.6526}, 1818.5554266000108)
[92mINFO [0m:      configure_evaluate: no clients selected, skipping evaluation
[92mINFO [0m:      
[92mINFO [0m:      [ROUND 53]
[92mINFO [0m:      configure_fit: strategy sampled 5 clients (out of 10)
[92mINFO [0m:      aggregate_fit: received 5 results and 0 failures
[92mINFO [0m:      fit progress: (53, 1.077769644652741, {'accuracy': 0.659}, 1858.6802976999898)
[92mINFO [0m:      configure_evaluate: no clients selected, skipping evaluation
[92mINFO [0m:      
[92mINFO [0m:      [ROUND 54]
[92mINFO [0m:      configure_fit: strategy sampled 5 clients (out of 10)
[92mINFO [0m:      aggregate_fit: received 5 results and 0 failures
[92mINFO [0m:      fit progress: (54, 1.3097379599945456, {'accuracy': 0.6288}, 1890.8465400999994)
[92mINFO [0m:      configure_evaluate: no clients selected, skipping evaluation
[92mINFO [0m:      
[92mINFO [0m:      [ROUND 55]
[92mINFO [0m:      configure_fit: strategy sampled 5 clients (out of 10)
[92mINFO [0m:      aggregate_fit: received 5 results and 0 failures
[92mINFO [0m:      fit progress: (55, 1.0698471974722947, {'accuracy': 0.6805}, 1925.8864402000036)
[92mINFO [0m:      configure_evaluate: no clients selected, skipping evaluation
[92mINFO [0m:      
[92mINFO [0m:      [ROUND 56]
[92mINFO [0m:      configure_fit: strategy sampled 5 clients (out of 10)
[92mINFO [0m:      aggregate_fit: received 5 results and 0 failures
[92mINFO [0m:      fit progress: (56, 1.3222100365010998, {'accuracy': 0.6431}, 1962.652082799992)
[92mINFO [0m:      configure_evaluate: no clients selected, skipping evaluation
[92mINFO [0m:      
[92mINFO [0m:      [ROUND 57]
[92mINFO [0m:      configure_fit: strategy sampled 5 clients (out of 10)
[92mINFO [0m:      aggregate_fit: received 5 results and 0 failures
[92mINFO [0m:      fit progress: (57, 1.3649503769753855, {'accuracy': 0.5572}, 1991.5041744000046)
[92mINFO [0m:      configure_evaluate: no clients selected, skipping evaluation
[92mINFO [0m:      
[92mINFO [0m:      [ROUND 58]
[92mINFO [0m:      configure_fit: strategy sampled 5 clients (out of 10)
[92mINFO [0m:      aggregate_fit: received 5 results and 0 failures
[92mINFO [0m:      fit progress: (58, 1.123738788351228, {'accuracy': 0.6406}, 2031.5679362000083)
[92mINFO [0m:      configure_evaluate: no clients selected, skipping evaluation
[92mINFO [0m:      
[92mINFO [0m:      [ROUND 59]
[92mINFO [0m:      configure_fit: strategy sampled 5 clients (out of 10)
[92mINFO [0m:      aggregate_fit: received 5 results and 0 failures
[92mINFO [0m:      fit progress: (59, 1.1205142095119138, {'accuracy': 0.6699}, 2065.6924344)
[92mINFO [0m:      configure_evaluate: no clients selected, skipping evaluation
[92mINFO [0m:      
[92mINFO [0m:      [ROUND 60]
[92mINFO [0m:      configure_fit: strategy sampled 5 clients (out of 10)
[92mINFO [0m:      aggregate_fit: received 5 results and 0 failures
[92mINFO [0m:      fit progress: (60, 1.1205142095119138, {'accuracy': 0.6699}, 2094.6251824999927)
[92mINFO [0m:      configure_evaluate: no clients selected, skipping evaluation
[92mINFO [0m:      
[92mINFO [0m:      [SUMMARY]
[92mINFO [0m:      Run finished 60 round(s) in 2094.63s
[92mINFO [0m:      	History (loss, centralized):
[92mINFO [0m:      		round 0: 3.569974211197865
[92mINFO [0m:      		round 1: 2.817589011373399
[92mINFO [0m:      		round 2: 2.817589011373399
[92mINFO [0m:      		round 3: 2.172986839391008
[92mINFO [0m:      		round 4: 1.70319597781459
[92mINFO [0m:      		round 5: 1.70319597781459
[92mINFO [0m:      		round 6: 1.9187766690797443
[92mINFO [0m:      		round 7: 1.9187766690797443
[92mINFO [0m:      		round 8: 1.6813291311264038
[92mINFO [0m:      		round 9: 1.6813291311264038
[92mINFO [0m:      		round 10: 2.536300514317766
[92mINFO [0m:      		round 11: 2.536300514317766
[92mINFO [0m:      		round 12: 2.4676293632652184
[92mINFO [0m:      		round 13: 2.4676293632652184
[92mINFO [0m:      		round 14: 1.5892730679693101
[92mINFO [0m:      		round 15: 1.5892730679693101
[92mINFO [0m:      		round 16: 1.3743626588507543
[92mINFO [0m:      		round 17: 1.3743626588507543
[92mINFO [0m:      		round 18: 1.3320289850234985
[92mINFO [0m:      		round 19: 1.3320289850234985
[92mINFO [0m:      		round 20: 1.9483344388913504
[92mINFO [0m:      		round 21: 1.9483344388913504
[92mINFO [0m:      		round 22: 1.3041634031488925
[92mINFO [0m:      		round 23: 1.3041634031488925
[92mINFO [0m:      		round 24: 1.216114346739612
[92mINFO [0m:      		round 25: 1.1734996151320543
[92mINFO [0m:      		round 26: 1.066906971267507
[92mINFO [0m:      		round 27: 1.1832813009431091
[92mINFO [0m:      		round 28: 1.2188121472732931
[92mINFO [0m:      		round 29: 1.354254576224315
[92mINFO [0m:      		round 30: 1.3100580158112924
[92mINFO [0m:      		round 31: 1.2096435231498526
[92mINFO [0m:      		round 32: 1.0863629730441902
[92mINFO [0m:      		round 33: 1.0671883685679375
[92mINFO [0m:      		round 34: 1.1520058633405952
[92mINFO [0m:      		round 35: 1.3500426562526557
[92mINFO [0m:      		round 36: 0.9370592425141153
[92mINFO [0m:      		round 37: 0.9719065224068074
[92mINFO [0m:      		round 38: 0.9586939562725115
[92mINFO [0m:      		round 39: 1.0434879886953137
[92mINFO [0m:      		round 40: 0.9061917941781539
[92mINFO [0m:      		round 41: 1.5472721072691906
[92mINFO [0m:      		round 42: 0.8712289597414717
[92mINFO [0m:      		round 43: 1.2099639162232605
[92mINFO [0m:      		round 44: 1.9470229224313664
[92mINFO [0m:      		round 45: 1.9470229224313664
[92mINFO [0m:      		round 46: 0.9281778071500077
[92mINFO [0m:      		round 47: 1.192102412634258
[92mINFO [0m:      		round 48: 1.9510904414744317
[92mINFO [0m:      		round 49: 1.766959677768659
[92mINFO [0m:      		round 50: 1.766959677768659
[92mINFO [0m:      		round 51: 1.044377197193194
[92mINFO [0m:      		round 52: 1.0217966105364547
[92mINFO [0m:      		round 53: 1.077769644652741
[92mINFO [0m:      		round 54: 1.3097379599945456
[92mINFO [0m:      		round 55: 1.0698471974722947
[92mINFO [0m:      		round 56: 1.3222100365010998
[92mINFO [0m:      		round 57: 1.3649503769753855
[92mINFO [0m:      		round 58: 1.123738788351228
[92mINFO [0m:      		round 59: 1.1205142095119138
[92mINFO [0m:      		round 60: 1.1205142095119138
[92mINFO [0m:      	History (metrics, distributed, fit):
[92mINFO [0m:      	{'accuracy': [(1, 0.1765),
[92mINFO [0m:      	              (2, 0.1765),
[92mINFO [0m:      	              (3, 0.1914),
[92mINFO [0m:      	              (4, 0.3419),
[92mINFO [0m:      	              (5, 0.3419),
[92mINFO [0m:      	              (6, 0.3),
[92mINFO [0m:      	              (7, 0.3),
[92mINFO [0m:      	              (8, 0.3683),
[92mINFO [0m:      	              (9, 0.3683),
[92mINFO [0m:      	              (10, 0.3401),
[92mINFO [0m:      	              (11, 0.3401),
[92mINFO [0m:      	              (12, 0.3601),
[92mINFO [0m:      	              (13, 0.3601),
[92mINFO [0m:      	              (14, 0.4775),
[92mINFO [0m:      	              (15, 0.4775),
[92mINFO [0m:      	              (16, 0.4935),
[92mINFO [0m:      	              (17, 0.4935),
[92mINFO [0m:      	              (18, 0.5548),
[92mINFO [0m:      	              (19, 0.5548),
[92mINFO [0m:      	              (20, 0.4296),
[92mINFO [0m:      	              (21, 0.4296),
[92mINFO [0m:      	              (22, 0.547),
[92mINFO [0m:      	              (23, 0.547),
[92mINFO [0m:      	              (24, 0.5844),
[92mINFO [0m:      	              (25, 0.5988),
[92mINFO [0m:      	              (26, 0.6296),
[92mINFO [0m:      	              (27, 0.5808),
[92mINFO [0m:      	              (28, 0.5809),
[92mINFO [0m:      	              (29, 0.5686),
[92mINFO [0m:      	              (30, 0.562),
[92mINFO [0m:      	              (31, 0.6145),
[92mINFO [0m:      	              (32, 0.6126),
[92mINFO [0m:      	              (33, 0.6194),
[92mINFO [0m:      	              (34, 0.6075),
[92mINFO [0m:      	              (35, 0.5818),
[92mINFO [0m:      	              (36, 0.6657),
[92mINFO [0m:      	              (37, 0.7004),
[92mINFO [0m:      	              (38, 0.6725),
[92mINFO [0m:      	              (39, 0.6599),
[92mINFO [0m:      	              (40, 0.7028),
[92mINFO [0m:      	              (41, 0.5656),
[92mINFO [0m:      	              (42, 0.6965),
[92mINFO [0m:      	              (43, 0.6212),
[92mINFO [0m:      	              (44, 0.4967),
[92mINFO [0m:      	              (45, 0.4967),
[92mINFO [0m:      	              (46, 0.6893),
[92mINFO [0m:      	              (47, 0.6246),
[92mINFO [0m:      	              (48, 0.5383),
[92mINFO [0m:      	              (49, 0.5717),
[92mINFO [0m:      	              (50, 0.5717),
[92mINFO [0m:      	              (51, 0.6699),
[92mINFO [0m:      	              (52, 0.6526),
[92mINFO [0m:      	              (53, 0.659),
[92mINFO [0m:      	              (54, 0.6288),
[92mINFO [0m:      	              (55, 0.6805),
[92mINFO [0m:      	              (56, 0.6431),
[92mINFO [0m:      	              (57, 0.5572),
[92mINFO [0m:      	              (58, 0.6406),
[92mINFO [0m:      	              (59, 0.6699),
[92mINFO [0m:      	              (60, 0.6699)],
[92mINFO [0m:      	 'avg_per': [(1, 0.6942569897333837),
[92mINFO [0m:      	             (2, 0.7633525243316861),
[92mINFO [0m:      	             (3, 0.6959288439479682),
[92mINFO [0m:      	             (4, 0.6725067364479657),
[92mINFO [0m:      	             (5, 0.7369570327263613),
[92mINFO [0m:      	             (6, 0.693127248345881),
[92mINFO [0m:      	             (7, 0.7204962068736291),
[92mINFO [0m:      	             (8, 0.6826400227923436),
[92mINFO [0m:      	             (9, 0.6432591114523114),
[92mINFO [0m:      	             (10, 0.7396252208196564),
[92mINFO [0m:      	             (11, 0.6443761611667901),
[92mINFO [0m:      	             (12, 0.6567817236489539),
[92mINFO [0m:      	             (13, 0.7334301920298965),
[92mINFO [0m:      	             (14, 0.6942395251876546),
[92mINFO [0m:      	             (15, 0.7100648495017036),
[92mINFO [0m:      	             (16, 0.6730840543483453),
[92mINFO [0m:      	             (17, 0.675818272688308),
[92mINFO [0m:      	             (18, 0.6404877572801404),
[92mINFO [0m:      	             (19, 0.6881086218369873),
[92mINFO [0m:      	             (20, 0.7576222440826246),
[92mINFO [0m:      	             (21, 0.124680694810631),
[92mINFO [0m:      	             (22, 0.08057193827192713),
[92mINFO [0m:      	             (23, 0.03729092800706435),
[92mINFO [0m:      	             (24, 0.10387981398854529),
[92mINFO [0m:      	             (25, 0.09765784439287899),
[92mINFO [0m:      	             (26, 0.10802199800326255),
[92mINFO [0m:      	             (27, 0.08154904775240673),
[92mINFO [0m:      	             (28, 0.0591977980871462),
[92mINFO [0m:      	             (29, 0.075209830292865),
[92mINFO [0m:      	             (30, 0.1060848364032398),
[92mINFO [0m:      	             (31, 0.13448052826266052),
[92mINFO [0m:      	             (32, 0.04775559965163015),
[92mINFO [0m:      	             (33, 0.07634009926415475),
[92mINFO [0m:      	             (34, 0.06013953145199199),
[92mINFO [0m:      	             (35, 0.06154902459044505),
[92mINFO [0m:      	             (36, 0.0733935935733401),
[92mINFO [0m:      	             (37, 0.10082679335255755),
[92mINFO [0m:      	             (38, 0.06336373170047618),
[92mINFO [0m:      	             (39, 0.06224347691456498),
[92mINFO [0m:      	             (40, 0.08819817709226406),
[92mINFO [0m:      	             (41, 0.6746559856594047),
[92mINFO [0m:      	             (42, 0.6583144759497999),
[92mINFO [0m:      	             (43, 0.6781211368143701),
[92mINFO [0m:      	             (44, 0.6812455983562925),
[92mINFO [0m:      	             (45, 0.7678267382168553),
[92mINFO [0m:      	             (46, 0.6613390442273379),
[92mINFO [0m:      	             (47, 0.672991190390116),
[92mINFO [0m:      	             (48, 0.6542796102034764),
[92mINFO [0m:      	             (49, 0.6928003195697308),
[92mINFO [0m:      	             (50, 0.7800777299245137),
[92mINFO [0m:      	             (51, 0.7200890470469259),
[92mINFO [0m:      	             (52, 0.612360019535007),
[92mINFO [0m:      	             (53, 0.6568300922650291),
[92mINFO [0m:      	             (54, 0.6407405784580347),
[92mINFO [0m:      	             (55, 0.7779825003357491),
[92mINFO [0m:      	             (56, 0.7216666080159122),
[92mINFO [0m:      	             (57, 0.614280580895249),
[92mINFO [0m:      	             (58, 0.6761208437562789),
[92mINFO [0m:      	             (59, 0.6477673368896883),
[92mINFO [0m:      	             (60, 0.6328517828622434)],
[92mINFO [0m:      	 'bw_factor': [(1, 1.0),
[92mINFO [0m:      	               (2, 0.8),
[92mINFO [0m:      	               (3, 0.8124876508647888),
[92mINFO [0m:      	               (4, 0.8355281882609642),
[92mINFO [0m:      	               (5, 0.8407616744948523),
[92mINFO [0m:      	               (6, 0.840101625938751),
[92mINFO [0m:      	               (7, 0.8307266853706192),
[92mINFO [0m:      	               (8, 0.8228542907904444),
[92mINFO [0m:      	               (9, 0.8484664615041045),
[92mINFO [0m:      	               (10, 0.850161428310143),
[92mINFO [0m:      	               (11, 0.8495950116736177),
[92mINFO [0m:      	               (12, 0.8417426622571375),
[92mINFO [0m:      	               (13, 0.8278930811833234),
[92mINFO [0m:      	               (14, 0.8551219600002541),
[92mINFO [0m:      	               (15, 0.8636052072545125),
[92mINFO [0m:      	               (16, 0.8613175469569716),
[92mINFO [0m:      	               (17, 0.8527060121766279),
[92mINFO [0m:      	               (18, 0.8448255445867823),
[92mINFO [0m:      	               (19, 0.8376112500163494),
[92mINFO [0m:      	               (20, 0.8214605984034105),
[92mINFO [0m:      	               (21, 0.8489246824200471),
[92mINFO [0m:      	               (22, 0.8404685332908197),
[92mINFO [0m:      	               (23, 0.8514787637204715),
[92mINFO [0m:      	               (24, 0.8527907762464698),
[92mINFO [0m:      	               (25, 0.8192264259910038),
[92mINFO [0m:      	               (26, 0.837982482271432),
[92mINFO [0m:      	               (27, 0.8289685816682436),
[92mINFO [0m:      	               (28, 0.8408677993867542),
[92mINFO [0m:      	               (29, 0.8372440074838516),
[92mINFO [0m:      	               (30, 0.8238974345851122),
[92mINFO [0m:      	               (31, 0.8324658132827706),
[92mINFO [0m:      	               (32, 0.8226754815001108),
[92mINFO [0m:      	               (33, 0.8374060020136311),
[92mINFO [0m:      	               (34, 0.8349933065024538),
[92mINFO [0m:      	               (35, 0.8289532267915051),
[92mINFO [0m:      	               (36, 0.8394960438897081),
[92mINFO [0m:      	               (37, 0.8285645123637528),
[92mINFO [0m:      	               (38, 0.8373412712305094),
[92mINFO [0m:      	               (39, 0.8277089980981291),
[92mINFO [0m:      	               (40, 0.8236024445239816),
[92mINFO [0m:      	               (41, 0.8336159795125513),
[92mINFO [0m:      	               (42, 0.8334333976138726),
[92mINFO [0m:      	               (43, 0.8329769152337226),
[92mINFO [0m:      	               (44, 0.8237805010956488),
[92mINFO [0m:      	               (45, 0.8243464346425106),
[92mINFO [0m:      	               (46, 0.8421953013185803),
[92mINFO [0m:      	               (47, 0.84923908216849),
[92mINFO [0m:      	               (48, 0.8512345273265324),
[92mINFO [0m:      	               (49, 0.837844884858526),
[92mINFO [0m:      	               (50, 0.8604187888233574),
[92mINFO [0m:      	               (51, 0.8491940911693705),
[92mINFO [0m:      	               (52, 0.8885741555503208),
[92mINFO [0m:      	               (53, 0.8968321818512366),
[92mINFO [0m:      	               (54, 0.8880717002240398),
[92mINFO [0m:      	               (55, 0.9026092893885014),
[92mINFO [0m:      	               (56, 0.9054243410446281),
[92mINFO [0m:      	               (57, 0.8990219068112154),
[92mINFO [0m:      	               (58, 0.9057691696502813),
[92mINFO [0m:      	               (59, 0.9006151971136244),
[92mINFO [0m:      	               (60, 0.8280825431616945)],
[92mINFO [0m:      	 'energy': [(1, 124.855738403563),
[92mINFO [0m:      	            (2, 109.26418970707209),
[92mINFO [0m:      	            (3, 159.5825577051884),
[92mINFO [0m:      	            (4, 114.53069956023265),
[92mINFO [0m:      	            (5, 126.96238313940808),
[92mINFO [0m:      	            (6, 139.18572959100425),
[92mINFO [0m:      	            (7, 112.4442833143126),
[92mINFO [0m:      	            (8, 186.43711312200034),
[92mINFO [0m:      	            (9, 120.64228877629981),
[92mINFO [0m:      	            (10, 141.29775124176507),
[92mINFO [0m:      	            (11, 141.72367044298858),
[92mINFO [0m:      	            (12, 84.16877440560403),
[92mINFO [0m:      	            (13, 193.50641944718768),
[92mINFO [0m:      	            (14, 108.46649521263046),
[92mINFO [0m:      	            (15, 150.57720950476113),
[92mINFO [0m:      	            (16, 117.4965196313891),
[92mINFO [0m:      	            (17, 90.77450530208523),
[92mINFO [0m:      	            (18, 130.1926621118532),
[92mINFO [0m:      	            (19, 131.65756291116412),
[92mINFO [0m:      	            (20, 174.4366175481804),
[92mINFO [0m:      	            (21, 120.27574633379339),
[92mINFO [0m:      	            (22, 91.78091502036341),
[92mINFO [0m:      	            (23, 127.08030236684401),
[92mINFO [0m:      	            (24, 120.31824517896521),
[92mINFO [0m:      	            (25, 151.39572338500017),
[92mINFO [0m:      	            (26, 119.07423506716735),
[92mINFO [0m:      	            (27, 91.05048888265384),
[92mINFO [0m:      	            (28, 131.29077710969773),
[92mINFO [0m:      	            (29, 120.99735222712091),
[92mINFO [0m:      	            (30, 146.05904367445726),
[92mINFO [0m:      	            (31, 119.6498188312724),
[92mINFO [0m:      	            (32, 88.2602623290627),
[92mINFO [0m:      	            (33, 128.0452722079253),
[92mINFO [0m:      	            (34, 102.07925934711966),
[92mINFO [0m:      	            (35, 144.06035995957188),
[92mINFO [0m:      	            (36, 119.75626965983314),
[92mINFO [0m:      	            (37, 102.75761137545913),
[92mINFO [0m:      	            (38, 129.8318340407118),
[92mINFO [0m:      	            (39, 105.69464787898949),
[92mINFO [0m:      	            (40, 145.33098782733762),
[92mINFO [0m:      	            (41, 103.28830752934672),
[92mINFO [0m:      	            (42, 131.1586547453709),
[92mINFO [0m:      	            (43, 132.42512690210083),
[92mINFO [0m:      	            (44, 98.34682448862165),
[92mINFO [0m:      	            (45, 167.86402195958854),
[92mINFO [0m:      	            (46, 107.51070708001569),
[92mINFO [0m:      	            (47, 189.19645874819085),
[92mINFO [0m:      	            (48, 149.01228326564532),
[92mINFO [0m:      	            (49, 82.44596815423164),
[92mINFO [0m:      	            (50, 208.64585967616097),
[92mINFO [0m:      	            (51, 358.24017971505197),
[92mINFO [0m:      	            (52, 89.84514674301124),
[92mINFO [0m:      	            (53, 145.21309840457963),
[92mINFO [0m:      	            (54, 104.48688857815479),
[92mINFO [0m:      	            (55, 380.8638410322658),
[92mINFO [0m:      	            (56, 138.61426062489159),
[92mINFO [0m:      	            (57, 93.81732957776106),
[92mINFO [0m:      	            (58, 143.7461241158747),
[92mINFO [0m:      	            (59, 118.07164744876464),
[92mINFO [0m:      	            (60, 92.30064143473658)],
[92mINFO [0m:      	 'est_upload_time': [(1, 8.431738403563005),
[92mINFO [0m:      	                     (2, 10.46418970707208),
[92mINFO [0m:      	                     (3, 36.6625577051884),
[92mINFO [0m:      	                     (4, 4.738699560232665),
[92mINFO [0m:      	                     (5, 10.702383139408083),
[92mINFO [0m:      	                     (6, 22.761729591004237),
[92mINFO [0m:      	                     (7, 26.368283314312592),
[92mINFO [0m:      	                     (8, 63.51711312200033),
[92mINFO [0m:      	                     (9, 10.850288776299816),
[92mINFO [0m:      	                     (10, 25.037751241765076),
[92mINFO [0m:      	                     (11, 10.459670442988562),
[92mINFO [0m:      	                     (12, 6.552774405604025),
[92mINFO [0m:      	                     (13, 69.98641944718767),
[92mINFO [0m:      	                     (14, 13.298495212630465),
[92mINFO [0m:      	                     (15, 18.945209504761113),
[92mINFO [0m:      	                     (16, 16.4445196313891),
[92mINFO [0m:      	                     (17, 7.414505302085239),
[92mINFO [0m:      	                     (18, 8.020662111853198),
[92mINFO [0m:      	                     (19, 36.48956291116411),
[92mINFO [0m:      	                     (20, 35.544617548180426),
[92mINFO [0m:      	                     (21, 5.151746333793389),
[92mINFO [0m:      	                     (22, 8.420915020363413),
[92mINFO [0m:      	                     (23, 4.908302366844019),
[92mINFO [0m:      	                     (24, 5.166245178965214),
[92mINFO [0m:      	                     (25, 12.503723385000168),
[92mINFO [0m:      	                     (26, 3.9502350671673407),
[92mINFO [0m:      	                     (27, 7.690488882653844),
[92mINFO [0m:      	                     (28, 9.118777109697708),
[92mINFO [0m:      	                     (29, 5.845352227120919),
[92mINFO [0m:      	                     (30, 7.167043674457251),
[92mINFO [0m:      	                     (31, 4.525818831272398),
[92mINFO [0m:      	                     (32, 4.900262329062694),
[92mINFO [0m:      	                     (33, 5.873272207925298),
[92mINFO [0m:      	                     (34, 6.911259347119666),
[92mINFO [0m:      	                     (35, 5.168359959571893),
[92mINFO [0m:      	                     (36, 4.6322696598331365),
[92mINFO [0m:      	                     (37, 5.157611375459135),
[92mINFO [0m:      	                     (38, 7.659834040711809),
[92mINFO [0m:      	                     (39, 10.526647878989479),
[92mINFO [0m:      	                     (40, 6.43898782733762),
[92mINFO [0m:      	                     (41, 8.148307529346713),
[92mINFO [0m:      	                     (42, 16.21865474537091),
[92mINFO [0m:      	                     (43, 25.09312690210084),
[92mINFO [0m:      	                     (44, 10.438824488621634),
[92mINFO [0m:      	                     (45, 28.972021959588538),
[92mINFO [0m:      	                     (46, 5.110707080015689),
[92mINFO [0m:      	                     (47, 74.25645874819082),
[92mINFO [0m:      	                     (48, 11.468283265645304),
[92mINFO [0m:      	                     (49, 4.765968154231631),
[92mINFO [0m:      	                     (50, 91.63785967616099),
[92mINFO [0m:      	                     (51, 241.21617971505196),
[92mINFO [0m:      	                     (52, 4.369146743011242),
[92mINFO [0m:      	                     (53, 13.949098404579612),
[92mINFO [0m:      	                     (54, 3.7868885781547994),
[92mINFO [0m:      	                     (55, 263.8558410322658),
[92mINFO [0m:      	                     (56, 21.59026062489159),
[92mINFO [0m:      	                     (57, 8.34132957776105),
[92mINFO [0m:      	                     (58, 12.482124115874687),
[92mINFO [0m:      	                     (59, 10.739647448764641),
[92mINFO [0m:      	                     (60, 4.392641434736589)],
[92mINFO [0m:      	 'jain': [(1, 0.49999999999999),
[92mINFO [0m:      	          (2, 0.8333333333333264),
[92mINFO [0m:      	          (3, 0.8333333333333302),
[92mINFO [0m:      	          (4, 0.8333333333333316),
[92mINFO [0m:      	          (5, 0.7999999999999984),
[92mINFO [0m:      	          (6, 0.7692307692307677),
[92mINFO [0m:      	          (7, 0.7692307692307677),
[92mINFO [0m:      	          (8, 0.7692307692307677),
[92mINFO [0m:      	          (9, 0.7407407407407394),
[92mINFO [0m:      	          (10, 0.7692307692307677),
[92mINFO [0m:      	          (11, 0.7407407407407394),
[92mINFO [0m:      	          (12, 0.7999999999999984),
[92mINFO [0m:      	          (13, 0.7999999999999984),
[92mINFO [0m:      	          (14, 0.8333333333333316),
[92mINFO [0m:      	          (15, 0.8333333333333316),
[92mINFO [0m:      	          (16, 0.7692307692307677),
[92mINFO [0m:      	          (17, 0.8333333333333316),
[92mINFO [0m:      	          (18, 0.7692307692307677),
[92mINFO [0m:      	          (19, 0.7999999999999984),
[92mINFO [0m:      	          (20, 0.8333333333333316),
[92mINFO [0m:      	          (21, 0.7999999999999984),
[92mINFO [0m:      	          (22, 0.8695652173913024),
[92mINFO [0m:      	          (23, 0.8333333333333316),
[92mINFO [0m:      	          (24, 0.8333333333333316),
[92mINFO [0m:      	          (25, 0.8333333333333316),
[92mINFO [0m:      	          (26, 0.7692307692307677),
[92mINFO [0m:      	          (27, 0.8333333333333316),
[92mINFO [0m:      	          (28, 0.8333333333333316),
[92mINFO [0m:      	          (29, 0.8333333333333316),
[92mINFO [0m:      	          (30, 0.8333333333333316),
[92mINFO [0m:      	          (31, 0.7692307692307677),
[92mINFO [0m:      	          (32, 0.8333333333333316),
[92mINFO [0m:      	          (33, 0.8333333333333316),
[92mINFO [0m:      	          (34, 0.8695652173913024),
[92mINFO [0m:      	          (35, 0.8333333333333316),
[92mINFO [0m:      	          (36, 0.7999999999999984),
[92mINFO [0m:      	          (37, 0.909090909090907),
[92mINFO [0m:      	          (38, 0.8333333333333316),
[92mINFO [0m:      	          (39, 0.909090909090907),
[92mINFO [0m:      	          (40, 0.8695652173913024),
[92mINFO [0m:      	          (41, 0.7692307692307677),
[92mINFO [0m:      	          (42, 0.7692307692307677),
[92mINFO [0m:      	          (43, 0.7692307692307677),
[92mINFO [0m:      	          (44, 0.7407407407407394),
[92mINFO [0m:      	          (45, 0.7692307692307677),
[92mINFO [0m:      	          (46, 0.7692307692307677),
[92mINFO [0m:      	          (47, 0.7692307692307677),
[92mINFO [0m:      	          (48, 0.714285714285713),
[92mINFO [0m:      	          (49, 0.8333333333333316),
[92mINFO [0m:      	          (50, 0.7999999999999984),
[92mINFO [0m:      	          (51, 0.8333333333333316),
[92mINFO [0m:      	          (52, 0.8333333333333316),
[92mINFO [0m:      	          (53, 0.7692307692307677),
[92mINFO [0m:      	          (54, 0.7407407407407394),
[92mINFO [0m:      	          (55, 0.7692307692307677),
[92mINFO [0m:      	          (56, 0.7692307692307677),
[92mINFO [0m:      	          (57, 0.7692307692307677),
[92mINFO [0m:      	          (58, 0.7692307692307677),
[92mINFO [0m:      	          (59, 0.714285714285713),
[92mINFO [0m:      	          (60, 0.7407407407407394)],
[92mINFO [0m:      	 'loss': [(1, 2.817589011373399),
[92mINFO [0m:      	          (2, 2.817589011373399),
[92mINFO [0m:      	          (3, 2.172986839391008),
[92mINFO [0m:      	          (4, 1.70319597781459),
[92mINFO [0m:      	          (5, 1.70319597781459),
[92mINFO [0m:      	          (6, 1.9187766690797443),
[92mINFO [0m:      	          (7, 1.9187766690797443),
[92mINFO [0m:      	          (8, 1.6813291311264038),
[92mINFO [0m:      	          (9, 1.6813291311264038),
[92mINFO [0m:      	          (10, 2.536300514317766),
[92mINFO [0m:      	          (11, 2.536300514317766),
[92mINFO [0m:      	          (12, 2.4676293632652184),
[92mINFO [0m:      	          (13, 2.4676293632652184),
[92mINFO [0m:      	          (14, 1.5892730679693101),
[92mINFO [0m:      	          (15, 1.5892730679693101),
[92mINFO [0m:      	          (16, 1.3743626588507543),
[92mINFO [0m:      	          (17, 1.3743626588507543),
[92mINFO [0m:      	          (18, 1.3320289850234985),
[92mINFO [0m:      	          (19, 1.3320289850234985),
[92mINFO [0m:      	          (20, 1.9483344388913504),
[92mINFO [0m:      	          (21, 1.9483344388913504),
[92mINFO [0m:      	          (22, 1.3041634031488925),
[92mINFO [0m:      	          (23, 1.3041634031488925),
[92mINFO [0m:      	          (24, 1.216114346739612),
[92mINFO [0m:      	          (25, 1.1734996151320543),
[92mINFO [0m:      	          (26, 1.066906971267507),
[92mINFO [0m:      	          (27, 1.1832813009431091),
[92mINFO [0m:      	          (28, 1.2188121472732931),
[92mINFO [0m:      	          (29, 1.354254576224315),
[92mINFO [0m:      	          (30, 1.3100580158112924),
[92mINFO [0m:      	          (31, 1.2096435231498526),
[92mINFO [0m:      	          (32, 1.0863629730441902),
[92mINFO [0m:      	          (33, 1.0671883685679375),
[92mINFO [0m:      	          (34, 1.1520058633405952),
[92mINFO [0m:      	          (35, 1.3500426562526557),
[92mINFO [0m:      	          (36, 0.9370592425141153),
[92mINFO [0m:      	          (37, 0.9719065224068074),
[92mINFO [0m:      	          (38, 0.9586939562725115),
[92mINFO [0m:      	          (39, 1.0434879886953137),
[92mINFO [0m:      	          (40, 0.9061917941781539),
[92mINFO [0m:      	          (41, 1.5472721072691906),
[92mINFO [0m:      	          (42, 0.8712289597414717),
[92mINFO [0m:      	          (43, 1.2099639162232605),
[92mINFO [0m:      	          (44, 1.9470229224313664),
[92mINFO [0m:      	          (45, 1.9470229224313664),
[92mINFO [0m:      	          (46, 0.9281778071500077),
[92mINFO [0m:      	          (47, 1.192102412634258),
[92mINFO [0m:      	          (48, 1.9510904414744317),
[92mINFO [0m:      	          (49, 1.766959677768659),
[92mINFO [0m:      	          (50, 1.766959677768659),
[92mINFO [0m:      	          (51, 1.044377197193194),
[92mINFO [0m:      	          (52, 1.0217966105364547),
[92mINFO [0m:      	          (53, 1.077769644652741),
[92mINFO [0m:      	          (54, 1.3097379599945456),
[92mINFO [0m:      	          (55, 1.0698471974722947),
[92mINFO [0m:      	          (56, 1.3222100365010998),
[92mINFO [0m:      	          (57, 1.3649503769753855),
[92mINFO [0m:      	          (58, 1.123738788351228),
[92mINFO [0m:      	          (59, 1.1205142095119138),
[92mINFO [0m:      	          (60, 1.1205142095119138)],
[92mINFO [0m:      	 'mode': [(1, 'semi_sync'),
[92mINFO [0m:      	          (2, 'bridge'),
[92mINFO [0m:      	          (3, 'bridge'),
[92mINFO [0m:      	          (4, 'bridge'),
[92mINFO [0m:      	          (5, 'async'),
[92mINFO [0m:      	          (6, 'async'),
[92mINFO [0m:      	          (7, 'async'),
[92mINFO [0m:      	          (8, 'async'),
[92mINFO [0m:      	          (9, 'async'),
[92mINFO [0m:      	          (10, 'async'),
[92mINFO [0m:      	          (11, 'async'),
[92mINFO [0m:      	          (12, 'async'),
[92mINFO [0m:      	          (13, 'async'),
[92mINFO [0m:      	          (14, 'async'),
[92mINFO [0m:      	          (15, 'async'),
[92mINFO [0m:      	          (16, 'async'),
[92mINFO [0m:      	          (17, 'async'),
[92mINFO [0m:      	          (18, 'async'),
[92mINFO [0m:      	          (19, 'async'),
[92mINFO [0m:      	          (20, 'async'),
[92mINFO [0m:      	          (21, 'async'),
[92mINFO [0m:      	          (22, 'async'),
[92mINFO [0m:      	          (23, 'async'),
[92mINFO [0m:      	          (24, 'bridge'),
[92mINFO [0m:      	          (25, 'bridge'),
[92mINFO [0m:      	          (26, 'bridge'),
[92mINFO [0m:      	          (27, 'semi_sync'),
[92mINFO [0m:      	          (28, 'semi_sync'),
[92mINFO [0m:      	          (29, 'semi_sync'),
[92mINFO [0m:      	          (30, 'semi_sync'),
[92mINFO [0m:      	          (31, 'semi_sync'),
[92mINFO [0m:      	          (32, 'semi_sync'),
[92mINFO [0m:      	          (33, 'semi_sync'),
[92mINFO [0m:      	          (34, 'semi_sync'),
[92mINFO [0m:      	          (35, 'semi_sync'),
[92mINFO [0m:      	          (36, 'semi_sync'),
[92mINFO [0m:      	          (37, 'semi_sync'),
[92mINFO [0m:      	          (38, 'semi_sync'),
[92mINFO [0m:      	          (39, 'semi_sync'),
[92mINFO [0m:      	          (40, 'semi_sync'),
[92mINFO [0m:      	          (41, 'semi_sync'),
[92mINFO [0m:      	          (42, 'semi_sync'),
[92mINFO [0m:      	          (43, 'semi_sync'),
[92mINFO [0m:      	          (44, 'semi_sync'),
[92mINFO [0m:      	          (45, 'semi_sync'),
[92mINFO [0m:      	          (46, 'semi_sync'),
[92mINFO [0m:      	          (47, 'semi_sync'),
[92mINFO [0m:      	          (48, 'semi_sync'),
[92mINFO [0m:      	          (49, 'semi_sync'),
[92mINFO [0m:      	          (50, 'semi_sync'),
[92mINFO [0m:      	          (51, 'semi_sync'),
[92mINFO [0m:      	          (52, 'semi_sync'),
[92mINFO [0m:      	          (53, 'semi_sync'),
[92mINFO [0m:      	          (54, 'semi_sync'),
[92mINFO [0m:      	          (55, 'semi_sync'),
[92mINFO [0m:      	          (56, 'semi_sync'),
[92mINFO [0m:      	          (57, 'semi_sync'),
[92mINFO [0m:      	          (58, 'semi_sync'),
[92mINFO [0m:      	          (59, 'semi_sync'),
[92mINFO [0m:      	          (60, 'semi_sync')],
[92mINFO [0m:      	 'num_exhausted_clients': [(1, 0.0),
[92mINFO [0m:      	                           (2, 0.0),
[92mINFO [0m:      	                           (3, 0.0),
[92mINFO [0m:      	                           (4, 0.0),
[92mINFO [0m:      	                           (5, 0.0),
[92mINFO [0m:      	                           (6, 0.0),
[92mINFO [0m:      	                           (7, 0.0),
[92mINFO [0m:      	                           (8, 0.0),
[92mINFO [0m:      	                           (9, 0.0),
[92mINFO [0m:      	                           (10, 0.0),
[92mINFO [0m:      	                           (11, 0.0),
[92mINFO [0m:      	                           (12, 0.0),
[92mINFO [0m:      	                           (13, 0.0),
[92mINFO [0m:      	                           (14, 0.0),
[92mINFO [0m:      	                           (15, 0.0),
[92mINFO [0m:      	                           (16, 0.0),
[92mINFO [0m:      	                           (17, 0.0),
[92mINFO [0m:      	                           (18, 0.0),
[92mINFO [0m:      	                           (19, 0.0),
[92mINFO [0m:      	                           (20, 0.0),
[92mINFO [0m:      	                           (21, 0.0),
[92mINFO [0m:      	                           (22, 0.0),
[92mINFO [0m:      	                           (23, 0.0),
[92mINFO [0m:      	                           (24, 0.0),
[92mINFO [0m:      	                           (25, 0.0),
[92mINFO [0m:      	                           (26, 0.0),
[92mINFO [0m:      	                           (27, 0.0),
[92mINFO [0m:      	                           (28, 0.0),
[92mINFO [0m:      	                           (29, 0.0),
[92mINFO [0m:      	                           (30, 0.0),
[92mINFO [0m:      	                           (31, 0.0),
[92mINFO [0m:      	                           (32, 0.0),
[92mINFO [0m:      	                           (33, 0.0),
[92mINFO [0m:      	                           (34, 0.0),
[92mINFO [0m:      	                           (35, 0.0),
[92mINFO [0m:      	                           (36, 0.0),
[92mINFO [0m:      	                           (37, 0.0),
[92mINFO [0m:      	                           (38, 0.0),
[92mINFO [0m:      	                           (39, 0.0),
[92mINFO [0m:      	                           (40, 0.0),
[92mINFO [0m:      	                           (41, 0.0),
[92mINFO [0m:      	                           (42, 0.0),
[92mINFO [0m:      	                           (43, 0.0),
[92mINFO [0m:      	                           (44, 0.0),
[92mINFO [0m:      	                           (45, 0.0),
[92mINFO [0m:      	                           (46, 0.0),
[92mINFO [0m:      	                           (47, 0.0),
[92mINFO [0m:      	                           (48, 0.0),
[92mINFO [0m:      	                           (49, 0.0),
[92mINFO [0m:      	                           (50, 0.0),
[92mINFO [0m:      	                           (51, 0.0),
[92mINFO [0m:      	                           (52, 0.0),
[92mINFO [0m:      	                           (53, 0.0),
[92mINFO [0m:      	                           (54, 0.0),
[92mINFO [0m:      	                           (55, 0.0),
[92mINFO [0m:      	                           (56, 0.0),
[92mINFO [0m:      	                           (57, 0.0),
[92mINFO [0m:      	                           (58, 1.0),
[92mINFO [0m:      	                           (59, 1.0),
[92mINFO [0m:      	                           (60, 1.0)],
[92mINFO [0m:      	 'topk': [(1, 5.0),
[92mINFO [0m:      	          (2, 5.0),
[92mINFO [0m:      	          (3, 5.0),
[92mINFO [0m:      	          (4, 5.0),
[92mINFO [0m:      	          (5, 5.0),
[92mINFO [0m:      	          (6, 5.0),
[92mINFO [0m:      	          (7, 5.0),
[92mINFO [0m:      	          (8, 5.0),
[92mINFO [0m:      	          (9, 5.0),
[92mINFO [0m:      	          (10, 5.0),
[92mINFO [0m:      	          (11, 5.0),
[92mINFO [0m:      	          (12, 5.0),
[92mINFO [0m:      	          (13, 5.0),
[92mINFO [0m:      	          (14, 5.0),
[92mINFO [0m:      	          (15, 5.0),
[92mINFO [0m:      	          (16, 5.0),
[92mINFO [0m:      	          (17, 5.0),
[92mINFO [0m:      	          (18, 5.0),
[92mINFO [0m:      	          (19, 5.0),
[92mINFO [0m:      	          (20, 5.0),
[92mINFO [0m:      	          (21, 5.0),
[92mINFO [0m:      	          (22, 5.0),
[92mINFO [0m:      	          (23, 5.0),
[92mINFO [0m:      	          (24, 5.0),
[92mINFO [0m:      	          (25, 5.0),
[92mINFO [0m:      	          (26, 5.0),
[92mINFO [0m:      	          (27, 5.0),
[92mINFO [0m:      	          (28, 5.0),
[92mINFO [0m:      	          (29, 5.0),
[92mINFO [0m:      	          (30, 5.0),
[92mINFO [0m:      	          (31, 5.0),
[92mINFO [0m:      	          (32, 5.0),
[92mINFO [0m:      	          (33, 5.0),
[92mINFO [0m:      	          (34, 5.0),
[92mINFO [0m:      	          (35, 5.0),
[92mINFO [0m:      	          (36, 5.0),
[92mINFO [0m:      	          (37, 5.0),
[92mINFO [0m:      	          (38, 5.0),
[92mINFO [0m:      	          (39, 5.0),
[92mINFO [0m:      	          (40, 5.0),
[92mINFO [0m:      	          (41, 5.0),
[92mINFO [0m:      	          (42, 5.0),
[92mINFO [0m:      	          (43, 5.0),
[92mINFO [0m:      	          (44, 5.0),
[92mINFO [0m:      	          (45, 5.0),
[92mINFO [0m:      	          (46, 5.0),
[92mINFO [0m:      	          (47, 5.0),
[92mINFO [0m:      	          (48, 5.0),
[92mINFO [0m:      	          (49, 5.0),
[92mINFO [0m:      	          (50, 5.0),
[92mINFO [0m:      	          (51, 5.0),
[92mINFO [0m:      	          (52, 5.0),
[92mINFO [0m:      	          (53, 5.0),
[92mINFO [0m:      	          (54, 5.0),
[92mINFO [0m:      	          (55, 5.0),
[92mINFO [0m:      	          (56, 5.0),
[92mINFO [0m:      	          (57, 5.0),
[92mINFO [0m:      	          (58, 5.0),
[92mINFO [0m:      	          (59, 5.0),
[92mINFO [0m:      	          (60, 5.0)]}
[92mINFO [0m:      	History (metrics, centralized):
[92mINFO [0m:      	{'accuracy': [(0, 0.1),
[92mINFO [0m:      	              (1, 0.1765),
[92mINFO [0m:      	              (2, 0.1765),
[92mINFO [0m:      	              (3, 0.1914),
[92mINFO [0m:      	              (4, 0.3419),
[92mINFO [0m:      	              (5, 0.3419),
[92mINFO [0m:      	              (6, 0.3),
[92mINFO [0m:      	              (7, 0.3),
[92mINFO [0m:      	              (8, 0.3683),
[92mINFO [0m:      	              (9, 0.3683),
[92mINFO [0m:      	              (10, 0.3401),
[92mINFO [0m:      	              (11, 0.3401),
[92mINFO [0m:      	              (12, 0.3601),
[92mINFO [0m:      	              (13, 0.3601),
[92mINFO [0m:      	              (14, 0.4775),
[92mINFO [0m:      	              (15, 0.4775),
[92mINFO [0m:      	              (16, 0.4935),
[92mINFO [0m:      	              (17, 0.4935),
[92mINFO [0m:      	              (18, 0.5548),
[92mINFO [0m:      	              (19, 0.5548),
[92mINFO [0m:      	              (20, 0.4296),
[92mINFO [0m:      	              (21, 0.4296),
[92mINFO [0m:      	              (22, 0.547),
[92mINFO [0m:      	              (23, 0.547),
[92mINFO [0m:      	              (24, 0.5844),
[92mINFO [0m:      	              (25, 0.5988),
[92mINFO [0m:      	              (26, 0.6296),
[92mINFO [0m:      	              (27, 0.5808),
[92mINFO [0m:      	              (28, 0.5809),
[92mINFO [0m:      	              (29, 0.5686),
[92mINFO [0m:      	              (30, 0.562),
[92mINFO [0m:      	              (31, 0.6145),
[92mINFO [0m:      	              (32, 0.6126),
[92mINFO [0m:      	              (33, 0.6194),
[92mINFO [0m:      	              (34, 0.6075),
[92mINFO [0m:      	              (35, 0.5818),
[92mINFO [0m:      	              (36, 0.6657),
[92mINFO [0m:      	              (37, 0.7004),
[92mINFO [0m:      	              (38, 0.6725),
[92mINFO [0m:      	              (39, 0.6599),
[92mINFO [0m:      	              (40, 0.7028),
[92mINFO [0m:      	              (41, 0.5656),
[92mINFO [0m:      	              (42, 0.6965),
[92mINFO [0m:      	              (43, 0.6212),
[92mINFO [0m:      	              (44, 0.4967),
[92mINFO [0m:      	              (45, 0.4967),
[92mINFO [0m:      	              (46, 0.6893),
[92mINFO [0m:      	              (47, 0.6246),
[92mINFO [0m:      	              (48, 0.5383),
[92mINFO [0m:      	              (49, 0.5717),
[92mINFO [0m:      	              (50, 0.5717),
[92mINFO [0m:      	              (51, 0.6699),
[92mINFO [0m:      	              (52, 0.6526),
[92mINFO [0m:      	              (53, 0.659),
[92mINFO [0m:      	              (54, 0.6288),
[92mINFO [0m:      	              (55, 0.6805),
[92mINFO [0m:      	              (56, 0.6431),
[92mINFO [0m:      	              (57, 0.5572),
[92mINFO [0m:      	              (58, 0.6406),
[92mINFO [0m:      	              (59, 0.6699),
[92mINFO [0m:      	              (60, 0.6699)]}
[92mINFO [0m:      
