/root/miniconda3/envs/moga-fl/lib/python3.10/site-packages/torch/cuda/__init__.py:65: FutureWarning: The pynvml package is deprecated. Please install nvidia-ml-py instead. If you did not install pynvml directly, please report this to the maintainers of the package that installed pynvml for you.
  import pynvml  # type: ignore[import]
[93mWARNING [0m:   DEPRECATED FEATURE: flwr.simulation.start_simulation() is deprecated.
	Instead, use the `flwr run` CLI command to start a local simulation in your Flower app, as shown for example below:

		$ flwr new  # Create a new Flower app from a template

		$ flwr run  # Run the Flower app in Simulation Mode

	Using `start_simulation()` is deprecated.

            This is a deprecated feature. It will be removed
            entirely in future versions of Flower.
        
[92mINFO [0m:      Starting Flower simulation, config: num_rounds=60, no round_timeout
2026-03-05 13:10:52,226	WARNING utils.py:460 -- Detecting docker specified CPUs. In previous versions of Ray, CPU detection in containers was incorrect. Please ensure that Ray has enough CPUs allocated. As a temporary workaround to revert to the prior behavior, set `RAY_USE_MULTIPROCESSING_CPU_COUNT=1` as an env var before starting Ray. Set the env var: `RAY_DISABLE_DOCKER_CPU_WARNING=1` to mute this warning.
2026-03-05 13:10:52,474	INFO worker.py:2012 -- Started a local Ray instance.
/root/miniconda3/envs/moga-fl/lib/python3.10/site-packages/ray/_private/worker.py:2051: FutureWarning: Tip: In future versions of Ray, Ray will no longer override accelerator visible devices env var if num_gpus=0 or num_gpus=None (default). To enable this behavior and turn off this error message, set RAY_ACCEL_ENV_VAR_OVERRIDE_ON_ZERO=0
  warnings.warn(
[92mINFO [0m:      Flower VCE: Ray initialized with resources: {'accelerator_type:G': 1.0, 'memory': 65102084096.0, 'CPU': 25.0, 'node:172.17.0.6': 1.0, 'node:__internal_head__': 1.0, 'object_store_memory': 27900893184.0, 'GPU': 1.0}
[92mINFO [0m:      Optimize your simulation with Flower VCE: https://flower.ai/docs/framework/how-to-run-simulations.html
[92mINFO [0m:      Flower VCE: Resources for each Virtual Client: {'num_cpus': 2.0, 'num_gpus': 0.25}
[92mINFO [0m:      Flower VCE: Creating VirtualClientEngineActorPool with 4 actors
[92mINFO [0m:      [INIT]
[92mINFO [0m:      Using initial global parameters provided by strategy
[92mINFO [0m:      Starting evaluation of initial global parameters
[92mINFO [0m:      initial parameters (loss, other metrics): 3.5699364686314063, {'accuracy': 0.1}
[92mINFO [0m:      
[92mINFO [0m:      [ROUND 1]
[92mINFO [0m:      configure_fit: strategy sampled 5 clients (out of 10)
[36m(ClientAppActor pid=745951)[0m /root/miniconda3/envs/moga-fl/lib/python3.10/site-packages/torch/cuda/__init__.py:65: FutureWarning: The pynvml package is deprecated. Please install nvidia-ml-py instead. If you did not install pynvml directly, please report this to the maintainers of the package that installed pynvml for you.
[36m(ClientAppActor pid=745951)[0m   import pynvml  # type: ignore[import]
[92mINFO [0m:      aggregate_fit: received 5 results and 0 failures
[92mINFO [0m:      fit progress: (1, 2.2422999792461153, {'accuracy': 0.2448}, 13.24942010268569)
[92mINFO [0m:      configure_evaluate: no clients selected, skipping evaluation
[92mINFO [0m:      
[92mINFO [0m:      [ROUND 2]
[92mINFO [0m:      configure_fit: strategy sampled 5 clients (out of 10)
[92mINFO [0m:      aggregate_fit: received 5 results and 0 failures
[92mINFO [0m:      fit progress: (2, 1.7545531822156302, {'accuracy': 0.3825}, 21.968086478300393)
[92mINFO [0m:      configure_evaluate: no clients selected, skipping evaluation
[92mINFO [0m:      
[92mINFO [0m:      [ROUND 3]
[92mINFO [0m:      configure_fit: strategy sampled 5 clients (out of 10)
[36m(pid=gcs_server)[0m [2026-03-05 13:11:21,697 E 745256 745256] (gcs_server) gcs_server.cc:302: Failed to establish connection to the event+metrics exporter agent. Events and metrics will not be exported. Exporter agent status: RpcError: Running out of retries to initialize the metrics agent. rpc_code: 14
[36m(ClientAppActor pid=745949)[0m /root/miniconda3/envs/moga-fl/lib/python3.10/site-packages/torch/cuda/__init__.py:65: FutureWarning: The pynvml package is deprecated. Please install nvidia-ml-py instead. If you did not install pynvml directly, please report this to the maintainers of the package that installed pynvml for you.[32m [repeated 3x across cluster] (Ray deduplicates logs by default. Set RAY_DEDUP_LOGS=0 to disable log deduplication, or see https://docs.ray.io/en/master/ray-observability/user-guides/configure-logging.html#log-deduplication for more options.)[0m
[36m(ClientAppActor pid=745949)[0m   import pynvml  # type: ignore[import][32m [repeated 3x across cluster][0m
[33m(raylet)[0m [2026-03-05 13:11:22,411 E 745814 745814] (raylet) main.cc:975: Failed to establish connection to the metrics exporter agent. Metrics will not be exported. Exporter agent status: RpcError: Running out of retries to initialize the metrics agent. rpc_code: 14
[36m(ClientAppActor pid=745949)[0m [2026-03-05 13:11:22,892 E 745949 746346] core_worker_process.cc:825: Failed to establish connection to the metrics exporter agent. Metrics will not be exported. Exporter agent status: RpcError: Running out of retries to initialize the metrics agent. rpc_code: 14
[92mINFO [0m:      aggregate_fit: received 5 results and 0 failures
[2026-03-05 13:11:23,143 E 745057 745947] core_worker_process.cc:825: Failed to establish connection to the metrics exporter agent. Metrics will not be exported. Exporter agent status: RpcError: Running out of retries to initialize the metrics agent. rpc_code: 14
[92mINFO [0m:      fit progress: (3, 1.6390382655059235, {'accuracy': 0.3673}, 31.176346860826015)
[92mINFO [0m:      configure_evaluate: no clients selected, skipping evaluation
[92mINFO [0m:      
[92mINFO [0m:      [ROUND 4]
[92mINFO [0m:      configure_fit: strategy sampled 5 clients (out of 10)
[92mINFO [0m:      aggregate_fit: received 5 results and 0 failures
[92mINFO [0m:      fit progress: (4, 1.5037084169025663, {'accuracy': 0.4442}, 41.71016577910632)
[92mINFO [0m:      configure_evaluate: no clients selected, skipping evaluation
[92mINFO [0m:      
[92mINFO [0m:      [ROUND 5]
[92mINFO [0m:      configure_fit: strategy sampled 5 clients (out of 10)
[92mINFO [0m:      aggregate_fit: received 5 results and 0 failures
[92mINFO [0m:      fit progress: (5, 1.6496540443806709, {'accuracy': 0.3965}, 51.559126631356776)
[92mINFO [0m:      configure_evaluate: no clients selected, skipping evaluation
[92mINFO [0m:      
[92mINFO [0m:      [ROUND 6]
[92mINFO [0m:      configure_fit: strategy sampled 5 clients (out of 10)
[92mINFO [0m:      aggregate_fit: received 5 results and 0 failures
[92mINFO [0m:      fit progress: (6, 1.3732092621960217, {'accuracy': 0.4999}, 61.89427784830332)
[92mINFO [0m:      configure_evaluate: no clients selected, skipping evaluation
[92mINFO [0m:      
[92mINFO [0m:      [ROUND 7]
[92mINFO [0m:      configure_fit: strategy sampled 5 clients (out of 10)
[92mINFO [0m:      aggregate_fit: received 5 results and 0 failures
[92mINFO [0m:      fit progress: (7, 1.401199615454372, {'accuracy': 0.4804}, 71.30053509771824)
[92mINFO [0m:      configure_evaluate: no clients selected, skipping evaluation
[92mINFO [0m:      
[92mINFO [0m:      [ROUND 8]
[92mINFO [0m:      configure_fit: strategy sampled 5 clients (out of 10)
[92mINFO [0m:      aggregate_fit: received 5 results and 0 failures
[92mINFO [0m:      fit progress: (8, 1.4003071769883362, {'accuracy': 0.5096}, 81.81065465323627)
[92mINFO [0m:      configure_evaluate: no clients selected, skipping evaluation
[92mINFO [0m:      
[92mINFO [0m:      [ROUND 9]
[92mINFO [0m:      configure_fit: strategy sampled 5 clients (out of 10)
[92mINFO [0m:      aggregate_fit: received 5 results and 0 failures
[92mINFO [0m:      fit progress: (9, 1.4286196759984464, {'accuracy': 0.4698}, 91.96770982630551)
[92mINFO [0m:      configure_evaluate: no clients selected, skipping evaluation
[92mINFO [0m:      
[92mINFO [0m:      [ROUND 10]
[92mINFO [0m:      configure_fit: strategy sampled 5 clients (out of 10)
[92mINFO [0m:      aggregate_fit: received 5 results and 0 failures
[92mINFO [0m:      fit progress: (10, 1.8394961553283884, {'accuracy': 0.4589}, 103.15032656863332)
[92mINFO [0m:      configure_evaluate: no clients selected, skipping evaluation
[92mINFO [0m:      
[92mINFO [0m:      [ROUND 11]
[92mINFO [0m:      configure_fit: strategy sampled 5 clients (out of 10)
[92mINFO [0m:      aggregate_fit: received 5 results and 0 failures
[92mINFO [0m:      fit progress: (11, 1.1112405461601065, {'accuracy': 0.5678}, 112.32145919464529)
[92mINFO [0m:      configure_evaluate: no clients selected, skipping evaluation
[92mINFO [0m:      
[92mINFO [0m:      [ROUND 12]
[92mINFO [0m:      configure_fit: strategy sampled 5 clients (out of 10)
[92mINFO [0m:      aggregate_fit: received 5 results and 0 failures
[92mINFO [0m:      fit progress: (12, 1.1127016680150092, {'accuracy': 0.608}, 123.21566355694085)
[92mINFO [0m:      configure_evaluate: no clients selected, skipping evaluation
[92mINFO [0m:      
[92mINFO [0m:      [ROUND 13]
[92mINFO [0m:      configure_fit: strategy sampled 5 clients (out of 10)
[92mINFO [0m:      aggregate_fit: received 5 results and 0 failures
[92mINFO [0m:      fit progress: (13, 1.1485674207723593, {'accuracy': 0.6322}, 133.84769321791828)
[92mINFO [0m:      configure_evaluate: no clients selected, skipping evaluation
[92mINFO [0m:      
[92mINFO [0m:      [ROUND 14]
[92mINFO [0m:      configure_fit: strategy sampled 5 clients (out of 10)
[92mINFO [0m:      aggregate_fit: received 5 results and 0 failures
[92mINFO [0m:      fit progress: (14, 0.9851099003719378, {'accuracy': 0.6534}, 143.81758320424706)
[92mINFO [0m:      configure_evaluate: no clients selected, skipping evaluation
[92mINFO [0m:      
[92mINFO [0m:      [ROUND 15]
[92mINFO [0m:      configure_fit: strategy sampled 5 clients (out of 10)
[92mINFO [0m:      aggregate_fit: received 5 results and 0 failures
[92mINFO [0m:      fit progress: (15, 1.3761856601208071, {'accuracy': 0.5283}, 152.93697933014482)
[92mINFO [0m:      configure_evaluate: no clients selected, skipping evaluation
[92mINFO [0m:      
[92mINFO [0m:      [ROUND 16]
[92mINFO [0m:      configure_fit: strategy sampled 5 clients (out of 10)
[92mINFO [0m:      aggregate_fit: received 5 results and 0 failures
[92mINFO [0m:      fit progress: (16, 0.8617772143098372, {'accuracy': 0.6871}, 163.16944342199713)
[92mINFO [0m:      configure_evaluate: no clients selected, skipping evaluation
[92mINFO [0m:      
[92mINFO [0m:      [ROUND 17]
[92mINFO [0m:      configure_fit: strategy sampled 5 clients (out of 10)
[92mINFO [0m:      aggregate_fit: received 5 results and 0 failures
[92mINFO [0m:      fit progress: (17, 0.9612268171732938, {'accuracy': 0.6555}, 172.56372479628772)
[92mINFO [0m:      configure_evaluate: no clients selected, skipping evaluation
[92mINFO [0m:      
[92mINFO [0m:      [ROUND 18]
[92mINFO [0m:      configure_fit: strategy sampled 5 clients (out of 10)
[92mINFO [0m:      aggregate_fit: received 5 results and 0 failures
[92mINFO [0m:      fit progress: (18, 1.0302512426919574, {'accuracy': 0.6387}, 183.11040498968214)
[92mINFO [0m:      configure_evaluate: no clients selected, skipping evaluation
[92mINFO [0m:      
[92mINFO [0m:      [ROUND 19]
[92mINFO [0m:      configure_fit: strategy sampled 5 clients (out of 10)
[92mINFO [0m:      aggregate_fit: received 5 results and 0 failures
[92mINFO [0m:      fit progress: (19, 1.0513614340673518, {'accuracy': 0.6583}, 193.8505292283371)
[92mINFO [0m:      configure_evaluate: no clients selected, skipping evaluation
[92mINFO [0m:      
[92mINFO [0m:      [ROUND 20]
[92mINFO [0m:      configure_fit: strategy sampled 5 clients (out of 10)
[92mINFO [0m:      aggregate_fit: received 5 results and 0 failures
[92mINFO [0m:      fit progress: (20, 1.070651952978931, {'accuracy': 0.6366}, 205.0375020680949)
[92mINFO [0m:      configure_evaluate: no clients selected, skipping evaluation
[92mINFO [0m:      
[92mINFO [0m:      [ROUND 21]
[92mINFO [0m:      configure_fit: strategy sampled 5 clients (out of 10)
[92mINFO [0m:      aggregate_fit: received 5 results and 0 failures
[92mINFO [0m:      fit progress: (21, 0.8445548988595794, {'accuracy': 0.6971}, 214.93663619831204)
[92mINFO [0m:      configure_evaluate: no clients selected, skipping evaluation
[92mINFO [0m:      
[92mINFO [0m:      [ROUND 22]
[92mINFO [0m:      configure_fit: strategy sampled 5 clients (out of 10)
[92mINFO [0m:      aggregate_fit: received 5 results and 0 failures
[92mINFO [0m:      fit progress: (22, 0.9693632819984532, {'accuracy': 0.6989}, 225.4269150197506)
[92mINFO [0m:      configure_evaluate: no clients selected, skipping evaluation
[92mINFO [0m:      
[92mINFO [0m:      [ROUND 23]
[92mINFO [0m:      configure_fit: strategy sampled 5 clients (out of 10)
[92mINFO [0m:      aggregate_fit: received 5 results and 0 failures
[92mINFO [0m:      fit progress: (23, 1.0815655996527853, {'accuracy': 0.6413}, 235.53895492386073)
[92mINFO [0m:      configure_evaluate: no clients selected, skipping evaluation
[92mINFO [0m:      
[92mINFO [0m:      [ROUND 24]
[92mINFO [0m:      configure_fit: strategy sampled 5 clients (out of 10)
[92mINFO [0m:      aggregate_fit: received 5 results and 0 failures
[92mINFO [0m:      fit progress: (24, 1.2724319651157041, {'accuracy': 0.5893}, 246.3285456839949)
[92mINFO [0m:      configure_evaluate: no clients selected, skipping evaluation
[92mINFO [0m:      
[92mINFO [0m:      [ROUND 25]
[92mINFO [0m:      configure_fit: strategy sampled 5 clients (out of 10)
[92mINFO [0m:      aggregate_fit: received 5 results and 0 failures
[92mINFO [0m:      fit progress: (25, 0.8815547778636594, {'accuracy': 0.7154}, 257.2883900627494)
[92mINFO [0m:      configure_evaluate: no clients selected, skipping evaluation
[92mINFO [0m:      
[92mINFO [0m:      [ROUND 26]
[92mINFO [0m:      configure_fit: strategy sampled 5 clients (out of 10)
[92mINFO [0m:      aggregate_fit: received 5 results and 0 failures
[92mINFO [0m:      fit progress: (26, 0.8099326559259922, {'accuracy': 0.7072}, 266.8372729336843)
[92mINFO [0m:      configure_evaluate: no clients selected, skipping evaluation
[92mINFO [0m:      
[92mINFO [0m:      [ROUND 27]
[92mINFO [0m:      configure_fit: strategy sampled 5 clients (out of 10)
[92mINFO [0m:      aggregate_fit: received 5 results and 0 failures
[92mINFO [0m:      fit progress: (27, 0.8524587539177907, {'accuracy': 0.7201}, 277.67270855233073)
[92mINFO [0m:      configure_evaluate: no clients selected, skipping evaluation
[92mINFO [0m:      
[92mINFO [0m:      [ROUND 28]
[92mINFO [0m:      configure_fit: strategy sampled 5 clients (out of 10)
[92mINFO [0m:      aggregate_fit: received 5 results and 0 failures
[92mINFO [0m:      fit progress: (28, 0.997943955131724, {'accuracy': 0.6572}, 288.16446083877236)
[92mINFO [0m:      configure_evaluate: no clients selected, skipping evaluation
[92mINFO [0m:      
[92mINFO [0m:      [ROUND 29]
[92mINFO [0m:      configure_fit: strategy sampled 5 clients (out of 10)
[92mINFO [0m:      aggregate_fit: received 5 results and 0 failures
[92mINFO [0m:      fit progress: (29, 1.0176321962211705, {'accuracy': 0.6444}, 298.00879269838333)
[92mINFO [0m:      configure_evaluate: no clients selected, skipping evaluation
[92mINFO [0m:      
[92mINFO [0m:      [ROUND 30]
[92mINFO [0m:      configure_fit: strategy sampled 5 clients (out of 10)
[92mINFO [0m:      aggregate_fit: received 5 results and 0 failures
[92mINFO [0m:      fit progress: (30, 0.6657572535774375, {'accuracy': 0.7611}, 307.26923666521907)
[92mINFO [0m:      configure_evaluate: no clients selected, skipping evaluation
[92mINFO [0m:      
[92mINFO [0m:      [ROUND 31]
[92mINFO [0m:      configure_fit: strategy sampled 5 clients (out of 10)
[92mINFO [0m:      aggregate_fit: received 5 results and 0 failures
[92mINFO [0m:      fit progress: (31, 0.7725849128976653, {'accuracy': 0.7242}, 317.2288580071181)
[92mINFO [0m:      configure_evaluate: no clients selected, skipping evaluation
[92mINFO [0m:      
[92mINFO [0m:      [ROUND 32]
[92mINFO [0m:      configure_fit: strategy sampled 5 clients (out of 10)
[92mINFO [0m:      aggregate_fit: received 5 results and 0 failures
[92mINFO [0m:      fit progress: (32, 0.9529942115650901, {'accuracy': 0.6916}, 326.5248465621844)
[92mINFO [0m:      configure_evaluate: no clients selected, skipping evaluation
[92mINFO [0m:      
[92mINFO [0m:      [ROUND 33]
[92mINFO [0m:      configure_fit: strategy sampled 5 clients (out of 10)
[92mINFO [0m:      aggregate_fit: received 5 results and 0 failures
[92mINFO [0m:      fit progress: (33, 1.023681190194963, {'accuracy': 0.6618}, 338.109795155935)
[92mINFO [0m:      configure_evaluate: no clients selected, skipping evaluation
[92mINFO [0m:      
[92mINFO [0m:      [ROUND 34]
[92mINFO [0m:      configure_fit: strategy sampled 5 clients (out of 10)
[92mINFO [0m:      aggregate_fit: received 5 results and 0 failures
[92mINFO [0m:      fit progress: (34, 0.6987674477734144, {'accuracy': 0.7603}, 347.92908022832125)
[92mINFO [0m:      configure_evaluate: no clients selected, skipping evaluation
[92mINFO [0m:      
[92mINFO [0m:      [ROUND 35]
[92mINFO [0m:      configure_fit: strategy sampled 5 clients (out of 10)
[92mINFO [0m:      aggregate_fit: received 5 results and 0 failures
[92mINFO [0m:      fit progress: (35, 0.8553749896303008, {'accuracy': 0.7351}, 358.6939536463469)
[92mINFO [0m:      configure_evaluate: no clients selected, skipping evaluation
[92mINFO [0m:      
[92mINFO [0m:      [ROUND 36]
[92mINFO [0m:      configure_fit: strategy sampled 5 clients (out of 10)
[92mINFO [0m:      aggregate_fit: received 5 results and 0 failures
[92mINFO [0m:      fit progress: (36, 0.8883461190175407, {'accuracy': 0.7083}, 367.78580877836794)
[92mINFO [0m:      configure_evaluate: no clients selected, skipping evaluation
[92mINFO [0m:      
[92mINFO [0m:      [ROUND 37]
[92mINFO [0m:      configure_fit: strategy sampled 5 clients (out of 10)
[92mINFO [0m:      aggregate_fit: received 5 results and 0 failures
[92mINFO [0m:      fit progress: (37, 0.7195318024369735, {'accuracy': 0.7389}, 378.39502939395607)
[92mINFO [0m:      configure_evaluate: no clients selected, skipping evaluation
[92mINFO [0m:      
[92mINFO [0m:      [ROUND 38]
[92mINFO [0m:      configure_fit: strategy sampled 5 clients (out of 10)
[92mINFO [0m:      aggregate_fit: received 5 results and 0 failures
[92mINFO [0m:      fit progress: (38, 0.6970616001871568, {'accuracy': 0.751}, 387.4210636885837)
[92mINFO [0m:      configure_evaluate: no clients selected, skipping evaluation
[92mINFO [0m:      
[92mINFO [0m:      [ROUND 39]
[92mINFO [0m:      configure_fit: strategy sampled 5 clients (out of 10)
[92mINFO [0m:      aggregate_fit: received 5 results and 0 failures
[92mINFO [0m:      fit progress: (39, 0.6309010922154293, {'accuracy': 0.7723}, 396.6851427955553)
[92mINFO [0m:      configure_evaluate: no clients selected, skipping evaluation
[92mINFO [0m:      
[92mINFO [0m:      [ROUND 40]
[92mINFO [0m:      configure_fit: strategy sampled 5 clients (out of 10)
[92mINFO [0m:      aggregate_fit: received 5 results and 0 failures
[92mINFO [0m:      fit progress: (40, 0.7118093997617311, {'accuracy': 0.7608}, 406.8491157107055)
[92mINFO [0m:      configure_evaluate: no clients selected, skipping evaluation
[92mINFO [0m:      
[92mINFO [0m:      [ROUND 41]
[92mINFO [0m:      configure_fit: strategy sampled 5 clients (out of 10)
[92mINFO [0m:      aggregate_fit: received 5 results and 0 failures
[92mINFO [0m:      fit progress: (41, 0.6231093240689628, {'accuracy': 0.7877}, 416.98531683161855)
[92mINFO [0m:      configure_evaluate: no clients selected, skipping evaluation
[92mINFO [0m:      
[92mINFO [0m:      [ROUND 42]
[92mINFO [0m:      configure_fit: strategy sampled 5 clients (out of 10)
[92mINFO [0m:      aggregate_fit: received 5 results and 0 failures
[92mINFO [0m:      fit progress: (42, 0.5873588768741752, {'accuracy': 0.7937}, 426.53852704912424)
[92mINFO [0m:      configure_evaluate: no clients selected, skipping evaluation
[92mINFO [0m:      
[92mINFO [0m:      [ROUND 43]
[92mINFO [0m:      configure_fit: strategy sampled 5 clients (out of 10)
[92mINFO [0m:      aggregate_fit: received 5 results and 0 failures
[92mINFO [0m:      fit progress: (43, 0.6723645525642589, {'accuracy': 0.7726}, 437.12614717986435)
[92mINFO [0m:      configure_evaluate: no clients selected, skipping evaluation
[92mINFO [0m:      
[92mINFO [0m:      [ROUND 44]
[92mINFO [0m:      configure_fit: strategy sampled 5 clients (out of 10)
[92mINFO [0m:      aggregate_fit: received 5 results and 0 failures
[92mINFO [0m:      fit progress: (44, 0.6780113385447973, {'accuracy': 0.7696}, 447.45423729903996)
[92mINFO [0m:      configure_evaluate: no clients selected, skipping evaluation
[92mINFO [0m:      
[92mINFO [0m:      [ROUND 45]
[92mINFO [0m:      configure_fit: strategy sampled 5 clients (out of 10)
[92mINFO [0m:      aggregate_fit: received 5 results and 0 failures
[92mINFO [0m:      fit progress: (45, 0.6468761306774767, {'accuracy': 0.7747}, 457.0779561409727)
[92mINFO [0m:      configure_evaluate: no clients selected, skipping evaluation
[92mINFO [0m:      
[92mINFO [0m:      [ROUND 46]
[92mINFO [0m:      configure_fit: strategy sampled 5 clients (out of 10)
[92mINFO [0m:      aggregate_fit: received 5 results and 0 failures
[92mINFO [0m:      fit progress: (46, 0.6843853034550631, {'accuracy': 0.7736}, 467.5848315479234)
[92mINFO [0m:      configure_evaluate: no clients selected, skipping evaluation
[92mINFO [0m:      
[92mINFO [0m:      [ROUND 47]
[92mINFO [0m:      configure_fit: strategy sampled 5 clients (out of 10)
[92mINFO [0m:      aggregate_fit: received 5 results and 0 failures
[92mINFO [0m:      fit progress: (47, 0.5723668185970451, {'accuracy': 0.7985}, 477.3303319821134)
[92mINFO [0m:      configure_evaluate: no clients selected, skipping evaluation
[92mINFO [0m:      
[92mINFO [0m:      [ROUND 48]
[92mINFO [0m:      configure_fit: strategy sampled 5 clients (out of 10)
[92mINFO [0m:      aggregate_fit: received 5 results and 0 failures
[92mINFO [0m:      fit progress: (48, 0.657936209742027, {'accuracy': 0.7704}, 487.42059742845595)
[92mINFO [0m:      configure_evaluate: no clients selected, skipping evaluation
[92mINFO [0m:      
[92mINFO [0m:      [ROUND 49]
[92mINFO [0m:      configure_fit: strategy sampled 5 clients (out of 10)
[92mINFO [0m:      aggregate_fit: received 5 results and 0 failures
[92mINFO [0m:      fit progress: (49, 0.6979703827749325, {'accuracy': 0.7779}, 497.4320166800171)
[92mINFO [0m:      configure_evaluate: no clients selected, skipping evaluation
[92mINFO [0m:      
[92mINFO [0m:      [ROUND 50]
[92mINFO [0m:      configure_fit: strategy sampled 5 clients (out of 10)
[92mINFO [0m:      aggregate_fit: received 5 results and 0 failures
[92mINFO [0m:      fit progress: (50, 0.5564936557902566, {'accuracy': 0.7999}, 506.38346789963543)
[92mINFO [0m:      configure_evaluate: no clients selected, skipping evaluation
[92mINFO [0m:      
[92mINFO [0m:      [ROUND 51]
[92mINFO [0m:      configure_fit: strategy sampled 5 clients (out of 10)
[92mINFO [0m:      aggregate_fit: received 5 results and 0 failures
[92mINFO [0m:      fit progress: (51, 0.5783187166044984, {'accuracy': 0.7965}, 516.8322544489056)
[92mINFO [0m:      configure_evaluate: no clients selected, skipping evaluation
[92mINFO [0m:      
[92mINFO [0m:      [ROUND 52]
[92mINFO [0m:      configure_fit: strategy sampled 5 clients (out of 10)
[92mINFO [0m:      aggregate_fit: received 5 results and 0 failures
[92mINFO [0m:      fit progress: (52, 0.6315303573125526, {'accuracy': 0.7867}, 528.2297797333449)
[92mINFO [0m:      configure_evaluate: no clients selected, skipping evaluation
[92mINFO [0m:      
[92mINFO [0m:      [ROUND 53]
[92mINFO [0m:      configure_fit: strategy sampled 5 clients (out of 10)
[92mINFO [0m:      aggregate_fit: received 5 results and 0 failures
[92mINFO [0m:      fit progress: (53, 0.6692289513877675, {'accuracy': 0.7793}, 539.1181342834607)
[92mINFO [0m:      configure_evaluate: no clients selected, skipping evaluation
[92mINFO [0m:      
[92mINFO [0m:      [ROUND 54]
[92mINFO [0m:      configure_fit: strategy sampled 5 clients (out of 10)
[92mINFO [0m:      aggregate_fit: received 5 results and 0 failures
[92mINFO [0m:      fit progress: (54, 0.6389969372296636, {'accuracy': 0.7824}, 550.5131477173418)
[92mINFO [0m:      configure_evaluate: no clients selected, skipping evaluation
[92mINFO [0m:      
[92mINFO [0m:      [ROUND 55]
[92mINFO [0m:      configure_fit: strategy sampled 5 clients (out of 10)
[92mINFO [0m:      aggregate_fit: received 5 results and 0 failures
[92mINFO [0m:      fit progress: (55, 0.5910635330254519, {'accuracy': 0.7947}, 560.008434869349)
[92mINFO [0m:      configure_evaluate: no clients selected, skipping evaluation
[92mINFO [0m:      
[92mINFO [0m:      [ROUND 56]
[92mINFO [0m:      configure_fit: strategy sampled 5 clients (out of 10)
[92mINFO [0m:      aggregate_fit: received 5 results and 0 failures
[92mINFO [0m:      fit progress: (56, 0.6862321231938615, {'accuracy': 0.7861}, 570.1408635871485)
[92mINFO [0m:      configure_evaluate: no clients selected, skipping evaluation
[92mINFO [0m:      
[92mINFO [0m:      [ROUND 57]
[92mINFO [0m:      configure_fit: strategy sampled 5 clients (out of 10)
[92mINFO [0m:      aggregate_fit: received 5 results and 0 failures
[92mINFO [0m:      fit progress: (57, 1.2363054194027865, {'accuracy': 0.6556}, 579.1279739756137)
[92mINFO [0m:      configure_evaluate: no clients selected, skipping evaluation
[92mINFO [0m:      
[92mINFO [0m:      [ROUND 58]
[92mINFO [0m:      configure_fit: strategy sampled 5 clients (out of 10)
[92mINFO [0m:      aggregate_fit: received 5 results and 0 failures
[92mINFO [0m:      fit progress: (58, 0.5560254416888273, {'accuracy': 0.8078}, 589.7765814205632)
[92mINFO [0m:      configure_evaluate: no clients selected, skipping evaluation
[92mINFO [0m:      
[92mINFO [0m:      [ROUND 59]
[92mINFO [0m:      configure_fit: strategy sampled 5 clients (out of 10)
[92mINFO [0m:      aggregate_fit: received 5 results and 0 failures
[92mINFO [0m:      fit progress: (59, 0.5671694686141195, {'accuracy': 0.8095}, 599.594398111105)
[92mINFO [0m:      configure_evaluate: no clients selected, skipping evaluation
[92mINFO [0m:      
[92mINFO [0m:      [ROUND 60]
[92mINFO [0m:      configure_fit: strategy sampled 5 clients (out of 10)
[92mINFO [0m:      aggregate_fit: received 5 results and 0 failures
[92mINFO [0m:      fit progress: (60, 0.6107687259776683, {'accuracy': 0.7864}, 608.8674631994218)
[92mINFO [0m:      configure_evaluate: no clients selected, skipping evaluation
[92mINFO [0m:      
[92mINFO [0m:      [SUMMARY]
[92mINFO [0m:      Run finished 60 round(s) in 608.87s
[92mINFO [0m:      	History (loss, centralized):
[92mINFO [0m:      		round 0: 3.5699364686314063
[92mINFO [0m:      		round 1: 2.2422999792461153
[92mINFO [0m:      		round 2: 1.7545531822156302
[92mINFO [0m:      		round 3: 1.6390382655059235
[92mINFO [0m:      		round 4: 1.5037084169025663
[92mINFO [0m:      		round 5: 1.6496540443806709
[92mINFO [0m:      		round 6: 1.3732092621960217
[92mINFO [0m:      		round 7: 1.401199615454372
[92mINFO [0m:      		round 8: 1.4003071769883362
[92mINFO [0m:      		round 9: 1.4286196759984464
[92mINFO [0m:      		round 10: 1.8394961553283884
[92mINFO [0m:      		round 11: 1.1112405461601065
[92mINFO [0m:      		round 12: 1.1127016680150092
[92mINFO [0m:      		round 13: 1.1485674207723593
[92mINFO [0m:      		round 14: 0.9851099003719378
[92mINFO [0m:      		round 15: 1.3761856601208071
[92mINFO [0m:      		round 16: 0.8617772143098372
[92mINFO [0m:      		round 17: 0.9612268171732938
[92mINFO [0m:      		round 18: 1.0302512426919574
[92mINFO [0m:      		round 19: 1.0513614340673518
[92mINFO [0m:      		round 20: 1.070651952978931
[92mINFO [0m:      		round 21: 0.8445548988595794
[92mINFO [0m:      		round 22: 0.9693632819984532
[92mINFO [0m:      		round 23: 1.0815655996527853
[92mINFO [0m:      		round 24: 1.2724319651157041
[92mINFO [0m:      		round 25: 0.8815547778636594
[92mINFO [0m:      		round 26: 0.8099326559259922
[92mINFO [0m:      		round 27: 0.8524587539177907
[92mINFO [0m:      		round 28: 0.997943955131724
[92mINFO [0m:      		round 29: 1.0176321962211705
[92mINFO [0m:      		round 30: 0.6657572535774375
[92mINFO [0m:      		round 31: 0.7725849128976653
[92mINFO [0m:      		round 32: 0.9529942115650901
[92mINFO [0m:      		round 33: 1.023681190194963
[92mINFO [0m:      		round 34: 0.6987674477734144
[92mINFO [0m:      		round 35: 0.8553749896303008
[92mINFO [0m:      		round 36: 0.8883461190175407
[92mINFO [0m:      		round 37: 0.7195318024369735
[92mINFO [0m:      		round 38: 0.6970616001871568
[92mINFO [0m:      		round 39: 0.6309010922154293
[92mINFO [0m:      		round 40: 0.7118093997617311
[92mINFO [0m:      		round 41: 0.6231093240689628
[92mINFO [0m:      		round 42: 0.5873588768741752
[92mINFO [0m:      		round 43: 0.6723645525642589
[92mINFO [0m:      		round 44: 0.6780113385447973
[92mINFO [0m:      		round 45: 0.6468761306774767
[92mINFO [0m:      		round 46: 0.6843853034550631
[92mINFO [0m:      		round 47: 0.5723668185970451
[92mINFO [0m:      		round 48: 0.657936209742027
[92mINFO [0m:      		round 49: 0.6979703827749325
[92mINFO [0m:      		round 50: 0.5564936557902566
[92mINFO [0m:      		round 51: 0.5783187166044984
[92mINFO [0m:      		round 52: 0.6315303573125526
[92mINFO [0m:      		round 53: 0.6692289513877675
[92mINFO [0m:      		round 54: 0.6389969372296636
[92mINFO [0m:      		round 55: 0.5910635330254519
[92mINFO [0m:      		round 56: 0.6862321231938615
[92mINFO [0m:      		round 57: 1.2363054194027865
[92mINFO [0m:      		round 58: 0.5560254416888273
[92mINFO [0m:      		round 59: 0.5671694686141195
[92mINFO [0m:      		round 60: 0.6107687259776683
[92mINFO [0m:      	History (metrics, distributed, fit):
[92mINFO [0m:      	{'accuracy': [(1, 0.2448),
[92mINFO [0m:      	              (2, 0.3825),
[92mINFO [0m:      	              (3, 0.3673),
[92mINFO [0m:      	              (4, 0.4442),
[92mINFO [0m:      	              (5, 0.3965),
[92mINFO [0m:      	              (6, 0.4999),
[92mINFO [0m:      	              (7, 0.4804),
[92mINFO [0m:      	              (8, 0.5096),
[92mINFO [0m:      	              (9, 0.4698),
[92mINFO [0m:      	              (10, 0.4589),
[92mINFO [0m:      	              (11, 0.5678),
[92mINFO [0m:      	              (12, 0.608),
[92mINFO [0m:      	              (13, 0.6322),
[92mINFO [0m:      	              (14, 0.6534),
[92mINFO [0m:      	              (15, 0.5283),
[92mINFO [0m:      	              (16, 0.6871),
[92mINFO [0m:      	              (17, 0.6555),
[92mINFO [0m:      	              (18, 0.6387),
[92mINFO [0m:      	              (19, 0.6583),
[92mINFO [0m:      	              (20, 0.6366),
[92mINFO [0m:      	              (21, 0.6971),
[92mINFO [0m:      	              (22, 0.6989),
[92mINFO [0m:      	              (23, 0.6413),
[92mINFO [0m:      	              (24, 0.5893),
[92mINFO [0m:      	              (25, 0.7154),
[92mINFO [0m:      	              (26, 0.7072),
[92mINFO [0m:      	              (27, 0.7201),
[92mINFO [0m:      	              (28, 0.6572),
[92mINFO [0m:      	              (29, 0.6444),
[92mINFO [0m:      	              (30, 0.7611),
[92mINFO [0m:      	              (31, 0.7242),
[92mINFO [0m:      	              (32, 0.6916),
[92mINFO [0m:      	              (33, 0.6618),
[92mINFO [0m:      	              (34, 0.7603),
[92mINFO [0m:      	              (35, 0.7351),
[92mINFO [0m:      	              (36, 0.7083),
[92mINFO [0m:      	              (37, 0.7389),
[92mINFO [0m:      	              (38, 0.751),
[92mINFO [0m:      	              (39, 0.7723),
[92mINFO [0m:      	              (40, 0.7608),
[92mINFO [0m:      	              (41, 0.7877),
[92mINFO [0m:      	              (42, 0.7937),
[92mINFO [0m:      	              (43, 0.7726),
[92mINFO [0m:      	              (44, 0.7696),
[92mINFO [0m:      	              (45, 0.7747),
[92mINFO [0m:      	              (46, 0.7736),
[92mINFO [0m:      	              (47, 0.7985),
[92mINFO [0m:      	              (48, 0.7704),
[92mINFO [0m:      	              (49, 0.7779),
[92mINFO [0m:      	              (50, 0.7999),
[92mINFO [0m:      	              (51, 0.7965),
[92mINFO [0m:      	              (52, 0.7867),
[92mINFO [0m:      	              (53, 0.7793),
[92mINFO [0m:      	              (54, 0.7824),
[92mINFO [0m:      	              (55, 0.7947),
[92mINFO [0m:      	              (56, 0.7861),
[92mINFO [0m:      	              (57, 0.6556),
[92mINFO [0m:      	              (58, 0.8078),
[92mINFO [0m:      	              (59, 0.8095),
[92mINFO [0m:      	              (60, 0.7864)],
[92mINFO [0m:      	 'avg_per': [(1, 0.055138),
[92mINFO [0m:      	             (2, 0.04314399999999995),
[92mINFO [0m:      	             (3, 0.07868799999999995),
[92mINFO [0m:      	             (4, 0.05161599999999994),
[92mINFO [0m:      	             (5, 0.03200799999999998),
[92mINFO [0m:      	             (6, 0.15200599999999995),
[92mINFO [0m:      	             (7, 0.04683399999999994),
[92mINFO [0m:      	             (8, 0.04321999999999998),
[92mINFO [0m:      	             (9, 0.13820799999999997),
[92mINFO [0m:      	             (10, 0.05537399999999992),
[92mINFO [0m:      	             (11, 0.06785799999999995),
[92mINFO [0m:      	             (12, 0.07229199999999998),
[92mINFO [0m:      	             (13, 0.06362799999999999),
[92mINFO [0m:      	             (14, 0.03986599999999994),
[92mINFO [0m:      	             (15, 0.03561199999999994),
[92mINFO [0m:      	             (16, 0.04313799999999998),
[92mINFO [0m:      	             (17, 0.051521999999999936),
[92mINFO [0m:      	             (18, 0.06481999999999996),
[92mINFO [0m:      	             (19, 0.090592),
[92mINFO [0m:      	             (20, 0.05986399999999996),
[92mINFO [0m:      	             (21, 0.08990999999999996),
[92mINFO [0m:      	             (22, 0.054693999999999944),
[92mINFO [0m:      	             (23, 0.031617999999999966),
[92mINFO [0m:      	             (24, 0.13085399999999994),
[92mINFO [0m:      	             (25, 0.07521599999999992),
[92mINFO [0m:      	             (26, 0.13770999999999994),
[92mINFO [0m:      	             (27, 0.05921599999999997),
[92mINFO [0m:      	             (28, 0.03890599999999996),
[92mINFO [0m:      	             (29, 0.08730199999999996),
[92mINFO [0m:      	             (30, 0.07794199999999994),
[92mINFO [0m:      	             (31, 0.12186199999999998),
[92mINFO [0m:      	             (32, 0.05908599999999996),
[92mINFO [0m:      	             (33, 0.059135999999999946),
[92mINFO [0m:      	             (34, 0.04329799999999998),
[92mINFO [0m:      	             (35, 0.07170599999999998),
[92mINFO [0m:      	             (36, 0.11125399999999996),
[92mINFO [0m:      	             (37, 0.05747799999999995),
[92mINFO [0m:      	             (38, 0.03633999999999994),
[92mINFO [0m:      	             (39, 0.03984999999999998),
[92mINFO [0m:      	             (40, 0.05227599999999995),
[92mINFO [0m:      	             (41, 0.07428399999999999),
[92mINFO [0m:      	             (42, 0.03575999999999996),
[92mINFO [0m:      	             (43, 0.06385999999999996),
[92mINFO [0m:      	             (44, 0.04783999999999996),
[92mINFO [0m:      	             (45, 0.06191799999999999),
[92mINFO [0m:      	             (46, 0.04691999999999996),
[92mINFO [0m:      	             (47, 0.04777799999999998),
[92mINFO [0m:      	             (48, 0.058937999999999977),
[92mINFO [0m:      	             (49, 0.03992799999999998),
[92mINFO [0m:      	             (50, 0.043563999999999936),
[92mINFO [0m:      	             (51, 0.04345399999999996),
[92mINFO [0m:      	             (52, 0.06337599999999993),
[92mINFO [0m:      	             (53, 0.08330999999999995),
[92mINFO [0m:      	             (54, 0.058913999999999946),
[92mINFO [0m:      	             (55, 0.04816599999999998),
[92mINFO [0m:      	             (56, 0.050535999999999956),
[92mINFO [0m:      	             (57, 0.05953399999999994),
[92mINFO [0m:      	             (58, 0.06259199999999998),
[92mINFO [0m:      	             (59, 0.07353399999999999),
[92mINFO [0m:      	             (60, 0.13604799999999995)],
[92mINFO [0m:      	 'bw_factor': [(1, 1.0),
[92mINFO [0m:      	               (2, 0.8),
[92mINFO [0m:      	               (3, 0.8262147877333994),
[92mINFO [0m:      	               (4, 0.8355851529969553),
[92mINFO [0m:      	               (5, 0.8443194380484924),
[92mINFO [0m:      	               (6, 0.8555516544682343),
[92mINFO [0m:      	               (7, 0.9208666481957144),
[92mINFO [0m:      	               (8, 0.9245169703228941),
[92mINFO [0m:      	               (9, 0.9228235923108392),
[92mINFO [0m:      	               (10, 0.9095764212933107),
[92mINFO [0m:      	               (11, 0.8790013314182389),
[92mINFO [0m:      	               (12, 0.8802272637341672),
[92mINFO [0m:      	               (13, 0.8931746028801069),
[92mINFO [0m:      	               (14, 0.8782796666748264),
[92mINFO [0m:      	               (15, 0.89660762828391),
[92mINFO [0m:      	               (16, 0.8952324394370043),
[92mINFO [0m:      	               (17, 0.9095722320075663),
[92mINFO [0m:      	               (18, 0.8183102590715325),
[92mINFO [0m:      	               (19, 0.8401105931327201),
[92mINFO [0m:      	               (20, 0.8279955766013312),
[92mINFO [0m:      	               (21, 0.8211111397199657),
[92mINFO [0m:      	               (22, 0.8139291867823563),
[92mINFO [0m:      	               (23, 0.8122118483940107),
[92mINFO [0m:      	               (24, 0.8195470668817613),
[92mINFO [0m:      	               (25, 0.8126406298472663),
[92mINFO [0m:      	               (26, 0.8246888300860438),
[92mINFO [0m:      	               (27, 0.8298866202687032),
[92mINFO [0m:      	               (28, 0.8170149634959529),
[92mINFO [0m:      	               (29, 0.8241514401668558),
[92mINFO [0m:      	               (30, 0.913282055303741),
[92mINFO [0m:      	               (31, 0.9134056663525044),
[92mINFO [0m:      	               (32, 0.915545048997623),
[92mINFO [0m:      	               (33, 0.9193583671824567),
[92mINFO [0m:      	               (34, 0.8352676145521961),
[92mINFO [0m:      	               (35, 0.8412708165074644),
[92mINFO [0m:      	               (36, 0.851710037780791),
[92mINFO [0m:      	               (37, 0.8470503927039712),
[92mINFO [0m:      	               (38, 0.8634301323679782),
[92mINFO [0m:      	               (39, 0.8755202529888149),
[92mINFO [0m:      	               (40, 0.8888772557606822),
[92mINFO [0m:      	               (41, 0.8778158248773108),
[92mINFO [0m:      	               (42, 0.8673723814902458),
[92mINFO [0m:      	               (43, 0.8213824986044924),
[92mINFO [0m:      	               (44, 0.813171128070187),
[92mINFO [0m:      	               (45, 0.9191466428411026),
[92mINFO [0m:      	               (46, 0.9220387812153029),
[92mINFO [0m:      	               (47, 0.9208144193799678),
[92mINFO [0m:      	               (48, 0.9222212954976469),
[92mINFO [0m:      	               (49, 0.8356874026449463),
[92mINFO [0m:      	               (50, 0.8230410771050546),
[92mINFO [0m:      	               (51, 0.9036158452457539),
[92mINFO [0m:      	               (52, 0.9032119082541507),
[92mINFO [0m:      	               (53, 0.9034143406164552),
[92mINFO [0m:      	               (54, 0.903626456161183),
[92mINFO [0m:      	               (55, 0.829386923177568),
[92mINFO [0m:      	               (56, 0.8321005664825366),
[92mINFO [0m:      	               (57, 0.8327056701603675),
[92mINFO [0m:      	               (58, 0.828360417314433),
[92mINFO [0m:      	               (59, 0.8285095860523553),
[92mINFO [0m:      	               (60, 0.8137632751896691)],
[92mINFO [0m:      	 'energy': [(1, 116.59241343320821),
[92mINFO [0m:      	            (2, 158.01596261854837),
[92mINFO [0m:      	            (3, 115.09417871775538),
[92mINFO [0m:      	            (4, 102.29772238576851),
[92mINFO [0m:      	            (5, 81.09502363510057),
[92mINFO [0m:      	            (6, 512.2770059961238),
[92mINFO [0m:      	            (7, 77.69465691309401),
[92mINFO [0m:      	            (8, 119.64729474647197),
[92mINFO [0m:      	            (9, 216.81944577066355),
[92mINFO [0m:      	            (10, 291.66842541088386),
[92mINFO [0m:      	            (11, 70.54334194815118),
[92mINFO [0m:      	            (12, 509.4827686888215),
[92mINFO [0m:      	            (13, 368.59371251685747),
[92mINFO [0m:      	            (14, 104.9128129105168),
[92mINFO [0m:      	            (15, 84.55604237198175),
[92mINFO [0m:      	            (16, 108.5595665795276),
[92mINFO [0m:      	            (17, 96.45476868079548),
[92mINFO [0m:      	            (18, 131.755364728666),
[92mINFO [0m:      	            (19, 116.48041080772124),
[92mINFO [0m:      	            (20, 126.70079642464303),
[92mINFO [0m:      	            (21, 115.37998525597258),
[92mINFO [0m:      	            (22, 117.2969748634722),
[92mINFO [0m:      	            (23, 97.89285032078602),
[92mINFO [0m:      	            (24, 120.33027309045642),
[92mINFO [0m:      	            (25, 133.874776887446),
[92mINFO [0m:      	            (26, 103.37991484324651),
[92mINFO [0m:      	            (27, 134.4455640354194),
[92mINFO [0m:      	            (28, 101.14092046555363),
[92mINFO [0m:      	            (29, 461.5813904457929),
[92mINFO [0m:      	            (30, 102.23878364799226),
[92mINFO [0m:      	            (31, 114.69557971483115),
[92mINFO [0m:      	            (32, 65.93778626619869),
[92mINFO [0m:      	            (33, 123.27476175317187),
[92mINFO [0m:      	            (34, 87.43791783215502),
[92mINFO [0m:      	            (35, 140.73179987318136),
[92mINFO [0m:      	            (36, 79.05299103482004),
[92mINFO [0m:      	            (37, 77.1717568657751),
[92mINFO [0m:      	            (38, 199.3538912861643),
[92mINFO [0m:      	            (39, 87.47639030334442),
[92mINFO [0m:      	            (40, 123.15577683068113),
[92mINFO [0m:      	            (41, 118.81057841853854),
[92mINFO [0m:      	            (42, 110.51279724581607),
[92mINFO [0m:      	            (43, 107.7019446432836),
[92mINFO [0m:      	            (44, 546.1728501244268),
[92mINFO [0m:      	            (45, 87.21842924271402),
[92mINFO [0m:      	            (46, 123.88706110958695),
[92mINFO [0m:      	            (47, 92.33399386398798),
[92mINFO [0m:      	            (48, 103.68461157572098),
[92mINFO [0m:      	            (49, 118.55275134215998),
[92mINFO [0m:      	            (50, 339.09355301238134),
[92mINFO [0m:      	            (51, 95.07344245750579),
[92mINFO [0m:      	            (52, 102.31174139615027),
[92mINFO [0m:      	            (53, 117.11421106794222),
[92mINFO [0m:      	            (54, 130.37533043975324),
[92mINFO [0m:      	            (55, 87.99759960588764),
[92mINFO [0m:      	            (56, 100.73392955720033),
[92mINFO [0m:      	            (57, 128.44448658060185),
[92mINFO [0m:      	            (58, 123.3639477163124),
[92mINFO [0m:      	            (59, 129.38595094124756),
[92mINFO [0m:      	            (60, 84.83800041205734)],
[92mINFO [0m:      	 'est_upload_time': [(1, 9.300413433208195),
[92mINFO [0m:      	                     (2, 75.02396261854838),
[92mINFO [0m:      	                     (3, 16.130178717755378),
[92mINFO [0m:      	                     (4, 9.245722385768502),
[92mINFO [0m:      	                     (5, 2.499023635100569),
[92mINFO [0m:      	                     (6, 410.8290059961238),
[92mINFO [0m:      	                     (7, 2.3266569130939985),
[92mINFO [0m:      	                     (8, 12.699294746471965),
[92mINFO [0m:      	                     (9, 114.65144577066359),
[92mINFO [0m:      	                     (10, 197.1004254108839),
[92mINFO [0m:      	                     (11, 2.4073419481511755),
[92mINFO [0m:      	                     (12, 393.7947686888215),
[92mINFO [0m:      	                     (13, 244.56171251685754),
[92mINFO [0m:      	                     (14, 11.692812910516807),
[92mINFO [0m:      	                     (15, 4.992042371981737),
[92mINFO [0m:      	                     (16, 2.3795665795276024),
[92mINFO [0m:      	                     (17, 2.5147686807954823),
[92mINFO [0m:      	                     (18, 14.731364728665977),
[92mINFO [0m:      	                     (19, 2.6764108077212514),
[92mINFO [0m:      	                     (20, 12.148796424643026),
[92mINFO [0m:      	                     (21, 14.327985255972582),
[92mINFO [0m:      	                     (22, 2.772974863472198),
[92mINFO [0m:      	                     (23, 2.6048503207860274),
[92mINFO [0m:      	                     (24, 5.390273090456394),
[92mINFO [0m:      	                     (25, 2.6107768874460024),
[92mINFO [0m:      	                     (26, 2.5599148432465153),
[92mINFO [0m:      	                     (27, 2.581564035419394),
[92mINFO [0m:      	                     (28, 2.560920465553631),
[92mINFO [0m:      	                     (29, 382.01739044579296),
[92mINFO [0m:      	                     (30, 3.2747836479922565),
[92mINFO [0m:      	                     (31, 20.155579714831152),
[92mINFO [0m:      	                     (32, 2.3457862661986835),
[92mINFO [0m:      	                     (33, 13.866761753171877),
[92mINFO [0m:      	                     (34, 2.561917832155034),
[92mINFO [0m:      	                     (35, 15.97979987318135),
[92mINFO [0m:      	                     (36, 7.716991034820032),
[92mINFO [0m:      	                     (37, 2.523756865775092),
[92mINFO [0m:      	                     (38, 107.41389128616431),
[92mINFO [0m:      	                     (39, 2.416390303344422),
[92mINFO [0m:      	                     (40, 2.3517768306811284),
[92mINFO [0m:      	                     (41, 2.402578418538538),
[92mINFO [0m:      	                     (42, 2.4327972458160687),
[92mINFO [0m:      	                     (43, 5.533944643283608),
[92mINFO [0m:      	                     (44, 429.1488501244268),
[92mINFO [0m:      	                     (45, 2.278429242714025),
[92mINFO [0m:      	                     (46, 2.3150611095869493),
[92mINFO [0m:      	                     (47, 2.4619938639879915),
[92mINFO [0m:      	                     (48, 2.26461157572099),
[92mINFO [0m:      	                     (49, 2.5127513421599685),
[92mINFO [0m:      	                     (50, 264.4455530123813),
[92mINFO [0m:      	                     (51, 2.365442457505789),
[92mINFO [0m:      	                     (52, 2.4117413961502727),
[92mINFO [0m:      	                     (53, 12.402211067942227),
[92mINFO [0m:      	                     (54, 2.311330439753266),
[92mINFO [0m:      	                     (55, 2.521599605887652),
[92mINFO [0m:      	                     (56, 2.533929557200321),
[92mINFO [0m:      	                     (57, 56.508486580601826),
[92mINFO [0m:      	                     (58, 2.5599477163123976),
[92mINFO [0m:      	                     (59, 15.461950941247547),
[92mINFO [0m:      	                     (60, 7.222000412057344)],
[92mINFO [0m:      	 'jain': [(1, 0.49999999999999),
[92mINFO [0m:      	          (2, 0.6249999999999961),
[92mINFO [0m:      	          (3, 0.642857142857141),
[92mINFO [0m:      	          (4, 0.6451612903225796),
[92mINFO [0m:      	          (5, 0.6896551724137919),
[92mINFO [0m:      	          (6, 0.714285714285713),
[92mINFO [0m:      	          (7, 0.8333333333333316),
[92mINFO [0m:      	          (8, 0.7999999999999984),
[92mINFO [0m:      	          (9, 0.7692307692307677),
[92mINFO [0m:      	          (10, 0.7999999999999984),
[92mINFO [0m:      	          (11, 0.7999999999999984),
[92mINFO [0m:      	          (12, 0.6896551724137919),
[92mINFO [0m:      	          (13, 0.6666666666666655),
[92mINFO [0m:      	          (14, 0.6896551724137919),
[92mINFO [0m:      	          (15, 0.714285714285713),
[92mINFO [0m:      	          (16, 0.8695652173913024),
[92mINFO [0m:      	          (17, 0.8695652173913024),
[92mINFO [0m:      	          (18, 0.8695652173913024),
[92mINFO [0m:      	          (19, 0.7999999999999984),
[92mINFO [0m:      	          (20, 0.7692307692307677),
[92mINFO [0m:      	          (21, 0.7692307692307677),
[92mINFO [0m:      	          (22, 0.7692307692307677),
[92mINFO [0m:      	          (23, 0.8333333333333316),
[92mINFO [0m:      	          (24, 0.8333333333333316),
[92mINFO [0m:      	          (25, 0.6896551724137919),
[92mINFO [0m:      	          (26, 0.7692307692307677),
[92mINFO [0m:      	          (27, 0.7407407407407394),
[92mINFO [0m:      	          (28, 0.8695652173913024),
[92mINFO [0m:      	          (29, 0.909090909090907),
[92mINFO [0m:      	          (30, 0.8695652173913024),
[92mINFO [0m:      	          (31, 0.7999999999999984),
[92mINFO [0m:      	          (32, 0.7999999999999984),
[92mINFO [0m:      	          (33, 0.8695652173913024),
[92mINFO [0m:      	          (34, 0.7999999999999984),
[92mINFO [0m:      	          (35, 0.7692307692307677),
[92mINFO [0m:      	          (36, 0.7407407407407394),
[92mINFO [0m:      	          (37, 0.7999999999999984),
[92mINFO [0m:      	          (38, 0.909090909090907),
[92mINFO [0m:      	          (39, 0.8333333333333316),
[92mINFO [0m:      	          (40, 0.7692307692307677),
[92mINFO [0m:      	          (41, 0.7407407407407394),
[92mINFO [0m:      	          (42, 0.7407407407407394),
[92mINFO [0m:      	          (43, 0.6666666666666655),
[92mINFO [0m:      	          (44, 0.6896551724137919),
[92mINFO [0m:      	          (45, 0.7407407407407394),
[92mINFO [0m:      	          (46, 0.8333333333333316),
[92mINFO [0m:      	          (47, 0.7692307692307677),
[92mINFO [0m:      	          (48, 0.7999999999999984),
[92mINFO [0m:      	          (49, 0.8333333333333316),
[92mINFO [0m:      	          (50, 0.8695652173913024),
[92mINFO [0m:      	          (51, 0.8333333333333316),
[92mINFO [0m:      	          (52, 0.7999999999999984),
[92mINFO [0m:      	          (53, 0.7999999999999984),
[92mINFO [0m:      	          (54, 0.7999999999999984),
[92mINFO [0m:      	          (55, 0.8695652173913024),
[92mINFO [0m:      	          (56, 0.7999999999999984),
[92mINFO [0m:      	          (57, 0.8695652173913024),
[92mINFO [0m:      	          (58, 0.8333333333333316),
[92mINFO [0m:      	          (59, 0.7692307692307677),
[92mINFO [0m:      	          (60, 0.7692307692307677)],
[92mINFO [0m:      	 'loss': [(1, 2.2422999792461153),
[92mINFO [0m:      	          (2, 1.7545531822156302),
[92mINFO [0m:      	          (3, 1.6390382655059235),
[92mINFO [0m:      	          (4, 1.5037084169025663),
[92mINFO [0m:      	          (5, 1.6496540443806709),
[92mINFO [0m:      	          (6, 1.3732092621960217),
[92mINFO [0m:      	          (7, 1.401199615454372),
[92mINFO [0m:      	          (8, 1.4003071769883362),
[92mINFO [0m:      	          (9, 1.4286196759984464),
[92mINFO [0m:      	          (10, 1.8394961553283884),
[92mINFO [0m:      	          (11, 1.1112405461601065),
[92mINFO [0m:      	          (12, 1.1127016680150092),
[92mINFO [0m:      	          (13, 1.1485674207723593),
[92mINFO [0m:      	          (14, 0.9851099003719378),
[92mINFO [0m:      	          (15, 1.3761856601208071),
[92mINFO [0m:      	          (16, 0.8617772143098372),
[92mINFO [0m:      	          (17, 0.9612268171732938),
[92mINFO [0m:      	          (18, 1.0302512426919574),
[92mINFO [0m:      	          (19, 1.0513614340673518),
[92mINFO [0m:      	          (20, 1.070651952978931),
[92mINFO [0m:      	          (21, 0.8445548988595794),
[92mINFO [0m:      	          (22, 0.9693632819984532),
[92mINFO [0m:      	          (23, 1.0815655996527853),
[92mINFO [0m:      	          (24, 1.2724319651157041),
[92mINFO [0m:      	          (25, 0.8815547778636594),
[92mINFO [0m:      	          (26, 0.8099326559259922),
[92mINFO [0m:      	          (27, 0.8524587539177907),
[92mINFO [0m:      	          (28, 0.997943955131724),
[92mINFO [0m:      	          (29, 1.0176321962211705),
[92mINFO [0m:      	          (30, 0.6657572535774375),
[92mINFO [0m:      	          (31, 0.7725849128976653),
[92mINFO [0m:      	          (32, 0.9529942115650901),
[92mINFO [0m:      	          (33, 1.023681190194963),
[92mINFO [0m:      	          (34, 0.6987674477734144),
[92mINFO [0m:      	          (35, 0.8553749896303008),
[92mINFO [0m:      	          (36, 0.8883461190175407),
[92mINFO [0m:      	          (37, 0.7195318024369735),
[92mINFO [0m:      	          (38, 0.6970616001871568),
[92mINFO [0m:      	          (39, 0.6309010922154293),
[92mINFO [0m:      	          (40, 0.7118093997617311),
[92mINFO [0m:      	          (41, 0.6231093240689628),
[92mINFO [0m:      	          (42, 0.5873588768741752),
[92mINFO [0m:      	          (43, 0.6723645525642589),
[92mINFO [0m:      	          (44, 0.6780113385447973),
[92mINFO [0m:      	          (45, 0.6468761306774767),
[92mINFO [0m:      	          (46, 0.6843853034550631),
[92mINFO [0m:      	          (47, 0.5723668185970451),
[92mINFO [0m:      	          (48, 0.657936209742027),
[92mINFO [0m:      	          (49, 0.6979703827749325),
[92mINFO [0m:      	          (50, 0.5564936557902566),
[92mINFO [0m:      	          (51, 0.5783187166044984),
[92mINFO [0m:      	          (52, 0.6315303573125526),
[92mINFO [0m:      	          (53, 0.6692289513877675),
[92mINFO [0m:      	          (54, 0.6389969372296636),
[92mINFO [0m:      	          (55, 0.5910635330254519),
[92mINFO [0m:      	          (56, 0.6862321231938615),
[92mINFO [0m:      	          (57, 1.2363054194027865),
[92mINFO [0m:      	          (58, 0.5560254416888273),
[92mINFO [0m:      	          (59, 0.5671694686141195),
[92mINFO [0m:      	          (60, 0.6107687259776683)],
[92mINFO [0m:      	 'mode': [(1, 'semi_sync'),
[92mINFO [0m:      	          (2, 'semi_sync'),
[92mINFO [0m:      	          (3, 'semi_sync'),
[92mINFO [0m:      	          (4, 'semi_sync'),
[92mINFO [0m:      	          (5, 'semi_sync'),
[92mINFO [0m:      	          (6, 'semi_sync'),
[92mINFO [0m:      	          (7, 'semi_sync'),
[92mINFO [0m:      	          (8, 'semi_sync'),
[92mINFO [0m:      	          (9, 'semi_sync'),
[92mINFO [0m:      	          (10, 'semi_sync'),
[92mINFO [0m:      	          (11, 'semi_sync'),
[92mINFO [0m:      	          (12, 'semi_sync'),
[92mINFO [0m:      	          (13, 'semi_sync'),
[92mINFO [0m:      	          (14, 'semi_sync'),
[92mINFO [0m:      	          (15, 'semi_sync'),
[92mINFO [0m:      	          (16, 'semi_sync'),
[92mINFO [0m:      	          (17, 'semi_sync'),
[92mINFO [0m:      	          (18, 'semi_sync'),
[92mINFO [0m:      	          (19, 'semi_sync'),
[92mINFO [0m:      	          (20, 'semi_sync'),
[92mINFO [0m:      	          (21, 'semi_sync'),
[92mINFO [0m:      	          (22, 'semi_sync'),
[92mINFO [0m:      	          (23, 'semi_sync'),
[92mINFO [0m:      	          (24, 'semi_sync'),
[92mINFO [0m:      	          (25, 'semi_sync'),
[92mINFO [0m:      	          (26, 'semi_sync'),
[92mINFO [0m:      	          (27, 'semi_sync'),
[92mINFO [0m:      	          (28, 'semi_sync'),
[92mINFO [0m:      	          (29, 'semi_sync'),
[92mINFO [0m:      	          (30, 'semi_sync'),
[92mINFO [0m:      	          (31, 'semi_sync'),
[92mINFO [0m:      	          (32, 'semi_sync'),
[92mINFO [0m:      	          (33, 'semi_sync'),
[92mINFO [0m:      	          (34, 'semi_sync'),
[92mINFO [0m:      	          (35, 'semi_sync'),
[92mINFO [0m:      	          (36, 'semi_sync'),
[92mINFO [0m:      	          (37, 'semi_sync'),
[92mINFO [0m:      	          (38, 'semi_sync'),
[92mINFO [0m:      	          (39, 'semi_sync'),
[92mINFO [0m:      	          (40, 'semi_sync'),
[92mINFO [0m:      	          (41, 'semi_sync'),
[92mINFO [0m:      	          (42, 'semi_sync'),
[92mINFO [0m:      	          (43, 'semi_sync'),
[92mINFO [0m:      	          (44, 'semi_sync'),
[92mINFO [0m:      	          (45, 'semi_sync'),
[92mINFO [0m:      	          (46, 'semi_sync'),
[92mINFO [0m:      	          (47, 'semi_sync'),
[92mINFO [0m:      	          (48, 'semi_sync'),
[92mINFO [0m:      	          (49, 'semi_sync'),
[92mINFO [0m:      	          (50, 'semi_sync'),
[92mINFO [0m:      	          (51, 'semi_sync'),
[92mINFO [0m:      	          (52, 'semi_sync'),
[92mINFO [0m:      	          (53, 'semi_sync'),
[92mINFO [0m:      	          (54, 'semi_sync'),
[92mINFO [0m:      	          (55, 'semi_sync'),
[92mINFO [0m:      	          (56, 'semi_sync'),
[92mINFO [0m:      	          (57, 'semi_sync'),
[92mINFO [0m:      	          (58, 'semi_sync'),
[92mINFO [0m:      	          (59, 'semi_sync'),
[92mINFO [0m:      	          (60, 'semi_sync')],
[92mINFO [0m:      	 'num_exhausted_clients': [(1, 0.0),
[92mINFO [0m:      	                           (2, 0.0),
[92mINFO [0m:      	                           (3, 0.0),
[92mINFO [0m:      	                           (4, 0.0),
[92mINFO [0m:      	                           (5, 0.0),
[92mINFO [0m:      	                           (6, 0.0),
[92mINFO [0m:      	                           (7, 0.0),
[92mINFO [0m:      	                           (8, 0.0),
[92mINFO [0m:      	                           (9, 0.0),
[92mINFO [0m:      	                           (10, 0.0),
[92mINFO [0m:      	                           (11, 0.0),
[92mINFO [0m:      	                           (12, 0.0),
[92mINFO [0m:      	                           (13, 0.0),
[92mINFO [0m:      	                           (14, 0.0),
[92mINFO [0m:      	                           (15, 0.0),
[92mINFO [0m:      	                           (16, 0.0),
[92mINFO [0m:      	                           (17, 0.0),
[92mINFO [0m:      	                           (18, 0.0),
[92mINFO [0m:      	                           (19, 0.0),
[92mINFO [0m:      	                           (20, 0.0),
[92mINFO [0m:      	                           (21, 0.0),
[92mINFO [0m:      	                           (22, 0.0),
[92mINFO [0m:      	                           (23, 0.0),
[92mINFO [0m:      	                           (24, 0.0),
[92mINFO [0m:      	                           (25, 0.0),
[92mINFO [0m:      	                           (26, 0.0),
[92mINFO [0m:      	                           (27, 0.0),
[92mINFO [0m:      	                           (28, 0.0),
[92mINFO [0m:      	                           (29, 0.0),
[92mINFO [0m:      	                           (30, 0.0),
[92mINFO [0m:      	                           (31, 0.0),
[92mINFO [0m:      	                           (32, 0.0),
[92mINFO [0m:      	                           (33, 0.0),
[92mINFO [0m:      	                           (34, 0.0),
[92mINFO [0m:      	                           (35, 0.0),
[92mINFO [0m:      	                           (36, 0.0),
[92mINFO [0m:      	                           (37, 0.0),
[92mINFO [0m:      	                           (38, 0.0),
[92mINFO [0m:      	                           (39, 0.0),
[92mINFO [0m:      	                           (40, 0.0),
[92mINFO [0m:      	                           (41, 0.0),
[92mINFO [0m:      	                           (42, 0.0),
[92mINFO [0m:      	                           (43, 0.0),
[92mINFO [0m:      	                           (44, 0.0),
[92mINFO [0m:      	                           (45, 0.0),
[92mINFO [0m:      	                           (46, 0.0),
[92mINFO [0m:      	                           (47, 0.0),
[92mINFO [0m:      	                           (48, 0.0),
[92mINFO [0m:      	                           (49, 0.0),
[92mINFO [0m:      	                           (50, 0.0),
[92mINFO [0m:      	                           (51, 0.0),
[92mINFO [0m:      	                           (52, 0.0),
[92mINFO [0m:      	                           (53, 0.0),
[92mINFO [0m:      	                           (54, 0.0),
[92mINFO [0m:      	                           (55, 0.0),
[92mINFO [0m:      	                           (56, 0.0),
[92mINFO [0m:      	                           (57, 0.0),
[92mINFO [0m:      	                           (58, 0.0),
[92mINFO [0m:      	                           (59, 0.0),
[92mINFO [0m:      	                           (60, 0.0)],
[92mINFO [0m:      	 'topk': [(1, 5.0),
[92mINFO [0m:      	          (2, 5.0),
[92mINFO [0m:      	          (3, 5.0),
[92mINFO [0m:      	          (4, 5.0),
[92mINFO [0m:      	          (5, 5.0),
[92mINFO [0m:      	          (6, 5.0),
[92mINFO [0m:      	          (7, 5.0),
[92mINFO [0m:      	          (8, 5.0),
[92mINFO [0m:      	          (9, 5.0),
[92mINFO [0m:      	          (10, 5.0),
[92mINFO [0m:      	          (11, 5.0),
[92mINFO [0m:      	          (12, 5.0),
[92mINFO [0m:      	          (13, 5.0),
[92mINFO [0m:      	          (14, 5.0),
[92mINFO [0m:      	          (15, 5.0),
[92mINFO [0m:      	          (16, 5.0),
[92mINFO [0m:      	          (17, 5.0),
[92mINFO [0m:      	          (18, 5.0),
[92mINFO [0m:      	          (19, 5.0),
[92mINFO [0m:      	          (20, 5.0),
[92mINFO [0m:      	          (21, 5.0),
[92mINFO [0m:      	          (22, 5.0),
[92mINFO [0m:      	          (23, 5.0),
[92mINFO [0m:      	          (24, 5.0),
[92mINFO [0m:      	          (25, 5.0),
[92mINFO [0m:      	          (26, 5.0),
[92mINFO [0m:      	          (27, 5.0),
[92mINFO [0m:      	          (28, 5.0),
[92mINFO [0m:      	          (29, 5.0),
[92mINFO [0m:      	          (30, 5.0),
[92mINFO [0m:      	          (31, 5.0),
[92mINFO [0m:      	          (32, 5.0),
[92mINFO [0m:      	          (33, 5.0),
[92mINFO [0m:      	          (34, 5.0),
[92mINFO [0m:      	          (35, 5.0),
[92mINFO [0m:      	          (36, 5.0),
[92mINFO [0m:      	          (37, 5.0),
[92mINFO [0m:      	          (38, 5.0),
[92mINFO [0m:      	          (39, 5.0),
[92mINFO [0m:      	          (40, 5.0),
[92mINFO [0m:      	          (41, 5.0),
[92mINFO [0m:      	          (42, 5.0),
[92mINFO [0m:      	          (43, 5.0),
[92mINFO [0m:      	          (44, 5.0),
[92mINFO [0m:      	          (45, 5.0),
[92mINFO [0m:      	          (46, 5.0),
[92mINFO [0m:      	          (47, 5.0),
[92mINFO [0m:      	          (48, 5.0),
[92mINFO [0m:      	          (49, 5.0),
[92mINFO [0m:      	          (50, 5.0),
[92mINFO [0m:      	          (51, 5.0),
[92mINFO [0m:      	          (52, 5.0),
[92mINFO [0m:      	          (53, 5.0),
[92mINFO [0m:      	          (54, 5.0),
[92mINFO [0m:      	          (55, 5.0),
[92mINFO [0m:      	          (56, 5.0),
[92mINFO [0m:      	          (57, 5.0),
[92mINFO [0m:      	          (58, 5.0),
[92mINFO [0m:      	          (59, 5.0),
[92mINFO [0m:      	          (60, 5.0)]}
[92mINFO [0m:      	History (metrics, centralized):
[92mINFO [0m:      	{'accuracy': [(0, 0.1),
[92mINFO [0m:      	              (1, 0.2448),
[92mINFO [0m:      	              (2, 0.3825),
[92mINFO [0m:      	              (3, 0.3673),
[92mINFO [0m:      	              (4, 0.4442),
[92mINFO [0m:      	              (5, 0.3965),
[92mINFO [0m:      	              (6, 0.4999),
[92mINFO [0m:      	              (7, 0.4804),
[92mINFO [0m:      	              (8, 0.5096),
[92mINFO [0m:      	              (9, 0.4698),
[92mINFO [0m:      	              (10, 0.4589),
[92mINFO [0m:      	              (11, 0.5678),
[92mINFO [0m:      	              (12, 0.608),
[92mINFO [0m:      	              (13, 0.6322),
[92mINFO [0m:      	              (14, 0.6534),
[92mINFO [0m:      	              (15, 0.5283),
[92mINFO [0m:      	              (16, 0.6871),
[92mINFO [0m:      	              (17, 0.6555),
[92mINFO [0m:      	              (18, 0.6387),
[92mINFO [0m:      	              (19, 0.6583),
[92mINFO [0m:      	              (20, 0.6366),
[92mINFO [0m:      	              (21, 0.6971),
[92mINFO [0m:      	              (22, 0.6989),
[92mINFO [0m:      	              (23, 0.6413),
[92mINFO [0m:      	              (24, 0.5893),
[92mINFO [0m:      	              (25, 0.7154),
[92mINFO [0m:      	              (26, 0.7072),
[92mINFO [0m:      	              (27, 0.7201),
[92mINFO [0m:      	              (28, 0.6572),
[92mINFO [0m:      	              (29, 0.6444),
[92mINFO [0m:      	              (30, 0.7611),
[92mINFO [0m:      	              (31, 0.7242),
[92mINFO [0m:      	              (32, 0.6916),
[92mINFO [0m:      	              (33, 0.6618),
[92mINFO [0m:      	              (34, 0.7603),
[92mINFO [0m:      	              (35, 0.7351),
[92mINFO [0m:      	              (36, 0.7083),
[92mINFO [0m:      	              (37, 0.7389),
[92mINFO [0m:      	              (38, 0.751),
[92mINFO [0m:      	              (39, 0.7723),
[92mINFO [0m:      	              (40, 0.7608),
[92mINFO [0m:      	              (41, 0.7877),
[92mINFO [0m:      	              (42, 0.7937),
[92mINFO [0m:      	              (43, 0.7726),
[92mINFO [0m:      	              (44, 0.7696),
[92mINFO [0m:      	              (45, 0.7747),
[92mINFO [0m:      	              (46, 0.7736),
[92mINFO [0m:      	              (47, 0.7985),
[92mINFO [0m:      	              (48, 0.7704),
[92mINFO [0m:      	              (49, 0.7779),
[92mINFO [0m:      	              (50, 0.7999),
[92mINFO [0m:      	              (51, 0.7965),
[92mINFO [0m:      	              (52, 0.7867),
[92mINFO [0m:      	              (53, 0.7793),
[92mINFO [0m:      	              (54, 0.7824),
[92mINFO [0m:      	              (55, 0.7947),
[92mINFO [0m:      	              (56, 0.7861),
[92mINFO [0m:      	              (57, 0.6556),
[92mINFO [0m:      	              (58, 0.8078),
[92mINFO [0m:      	              (59, 0.8095),
[92mINFO [0m:      	              (60, 0.7864)]}
[92mINFO [0m:      
[36m(pid=745998)[0m [2026-03-05 13:11:22,960 E 745998 747308] core_worker_process.cc:825: Failed to establish connection to the metrics exporter agent. Metrics will not be exported. Exporter agent status: RpcError: Running out of retries to initialize the metrics agent. rpc_code: 14[32m [repeated 20x across cluster][0m
