/root/miniconda3/envs/moga-fl/lib/python3.10/site-packages/torch/cuda/__init__.py:65: FutureWarning: The pynvml package is deprecated. Please install nvidia-ml-py instead. If you did not install pynvml directly, please report this to the maintainers of the package that installed pynvml for you.
  import pynvml  # type: ignore[import]
[93mWARNING [0m:   DEPRECATED FEATURE: flwr.simulation.start_simulation() is deprecated.
	Instead, use the `flwr run` CLI command to start a local simulation in your Flower app, as shown for example below:

		$ flwr new  # Create a new Flower app from a template

		$ flwr run  # Run the Flower app in Simulation Mode

	Using `start_simulation()` is deprecated.

            This is a deprecated feature. It will be removed
            entirely in future versions of Flower.
        
[92mINFO [0m:      Starting Flower simulation, config: num_rounds=60, no round_timeout
2026-03-06 02:44:42,887	WARNING utils.py:460 -- Detecting docker specified CPUs. In previous versions of Ray, CPU detection in containers was incorrect. Please ensure that Ray has enough CPUs allocated. As a temporary workaround to revert to the prior behavior, set `RAY_USE_MULTIPROCESSING_CPU_COUNT=1` as an env var before starting Ray. Set the env var: `RAY_DISABLE_DOCKER_CPU_WARNING=1` to mute this warning.
2026-03-06 02:44:43,133	INFO worker.py:2012 -- Started a local Ray instance.
/root/miniconda3/envs/moga-fl/lib/python3.10/site-packages/ray/_private/worker.py:2051: FutureWarning: Tip: In future versions of Ray, Ray will no longer override accelerator visible devices env var if num_gpus=0 or num_gpus=None (default). To enable this behavior and turn off this error message, set RAY_ACCEL_ENV_VAR_OVERRIDE_ON_ZERO=0
  warnings.warn(
[92mINFO [0m:      Flower VCE: Ray initialized with resources: {'CPU': 25.0, 'node:172.17.0.6': 1.0, 'object_store_memory': 28245075148.0, 'node:__internal_head__': 1.0, 'memory': 65905175348.0, 'GPU': 1.0, 'accelerator_type:G': 1.0}
[92mINFO [0m:      Optimize your simulation with Flower VCE: https://flower.ai/docs/framework/how-to-run-simulations.html
[92mINFO [0m:      Flower VCE: Resources for each Virtual Client: {'num_cpus': 5.0, 'num_gpus': 0.2}
[92mINFO [0m:      Flower VCE: Creating VirtualClientEngineActorPool with 5 actors
[92mINFO [0m:      [INIT]
[92mINFO [0m:      Using initial global parameters provided by strategy
[92mINFO [0m:      Starting evaluation of initial global parameters
[92mINFO [0m:      initial parameters (loss, other metrics): 3.566791999340057, {'accuracy': 0.1}
[92mINFO [0m:      
[92mINFO [0m:      [ROUND 1]
[92mINFO [0m:      configure_fit: strategy sampled 5 clients (out of 10)
[36m(ClientAppActor pid=482288)[0m /root/miniconda3/envs/moga-fl/lib/python3.10/site-packages/torch/cuda/__init__.py:65: FutureWarning: The pynvml package is deprecated. Please install nvidia-ml-py instead. If you did not install pynvml directly, please report this to the maintainers of the package that installed pynvml for you.
[36m(ClientAppActor pid=482288)[0m   import pynvml  # type: ignore[import]
[92mINFO [0m:      aggregate_fit: received 5 results and 0 failures
[92mINFO [0m:      fit progress: (1, 2.0401070356369018, {'accuracy': 0.2055}, 14.65599599853158)
[92mINFO [0m:      configure_evaluate: no clients selected, skipping evaluation
[92mINFO [0m:      
[92mINFO [0m:      [ROUND 2]
[92mINFO [0m:      configure_fit: strategy sampled 5 clients (out of 10)
[92mINFO [0m:      aggregate_fit: received 5 results and 0 failures
[92mINFO [0m:      fit progress: (2, 2.1073262870311735, {'accuracy': 0.2611}, 22.91051283571869)
[92mINFO [0m:      configure_evaluate: no clients selected, skipping evaluation
[92mINFO [0m:      
[92mINFO [0m:      [ROUND 3]
[92mINFO [0m:      configure_fit: strategy sampled 5 clients (out of 10)
[36m(pid=gcs_server)[0m [2026-03-06 02:45:12,387 E 481770 481770] (gcs_server) gcs_server.cc:302: Failed to establish connection to the event+metrics exporter agent. Events and metrics will not be exported. Exporter agent status: RpcError: Running out of retries to initialize the metrics agent. rpc_code: 14
[36m(ClientAppActor pid=482285)[0m /root/miniconda3/envs/moga-fl/lib/python3.10/site-packages/torch/cuda/__init__.py:65: FutureWarning: The pynvml package is deprecated. Please install nvidia-ml-py instead. If you did not install pynvml directly, please report this to the maintainers of the package that installed pynvml for you.[32m [repeated 4x across cluster] (Ray deduplicates logs by default. Set RAY_DEDUP_LOGS=0 to disable log deduplication, or see https://docs.ray.io/en/master/ray-observability/user-guides/configure-logging.html#log-deduplication for more options.)[0m
[36m(ClientAppActor pid=482285)[0m   import pynvml  # type: ignore[import][32m [repeated 4x across cluster][0m
[33m(raylet)[0m [2026-03-06 02:45:13,094 E 482142 482142] (raylet) main.cc:975: Failed to establish connection to the metrics exporter agent. Metrics will not be exported. Exporter agent status: RpcError: Running out of retries to initialize the metrics agent. rpc_code: 14
[36m(ClientAppActor pid=482285)[0m [2026-03-06 02:45:13,486 E 482285 482518] core_worker_process.cc:825: Failed to establish connection to the metrics exporter agent. Metrics will not be exported. Exporter agent status: RpcError: Running out of retries to initialize the metrics agent. rpc_code: 14
[2026-03-06 02:45:13,788 E 481640 482283] core_worker_process.cc:825: Failed to establish connection to the metrics exporter agent. Metrics will not be exported. Exporter agent status: RpcError: Running out of retries to initialize the metrics agent. rpc_code: 14
[92mINFO [0m:      aggregate_fit: received 5 results and 0 failures
[92mINFO [0m:      fit progress: (3, 1.7623489379882813, {'accuracy': 0.3478}, 32.26260877400637)
[92mINFO [0m:      configure_evaluate: no clients selected, skipping evaluation
[92mINFO [0m:      
[92mINFO [0m:      [ROUND 4]
[92mINFO [0m:      configure_fit: strategy sampled 5 clients (out of 10)
[92mINFO [0m:      aggregate_fit: received 5 results and 0 failures
[92mINFO [0m:      fit progress: (4, 1.6926054656505585, {'accuracy': 0.3883}, 41.739508708007634)
[92mINFO [0m:      configure_evaluate: no clients selected, skipping evaluation
[92mINFO [0m:      
[92mINFO [0m:      [ROUND 5]
[92mINFO [0m:      configure_fit: strategy sampled 5 clients (out of 10)
[92mINFO [0m:      aggregate_fit: received 5 results and 0 failures
[92mINFO [0m:      fit progress: (5, 1.5011430203914642, {'accuracy': 0.4416}, 51.54642924852669)
[92mINFO [0m:      configure_evaluate: no clients selected, skipping evaluation
[92mINFO [0m:      
[92mINFO [0m:      [ROUND 6]
[92mINFO [0m:      configure_fit: strategy sampled 5 clients (out of 10)
[92mINFO [0m:      aggregate_fit: received 5 results and 0 failures
[92mINFO [0m:      fit progress: (6, 1.4259689271450042, {'accuracy': 0.4533}, 60.307212512008846)
[92mINFO [0m:      configure_evaluate: no clients selected, skipping evaluation
[92mINFO [0m:      
[92mINFO [0m:      [ROUND 7]
[92mINFO [0m:      configure_fit: strategy sampled 5 clients (out of 10)
[92mINFO [0m:      aggregate_fit: received 5 results and 0 failures
[92mINFO [0m:      fit progress: (7, 1.5852765679359435, {'accuracy': 0.4311}, 68.91261587757617)
[92mINFO [0m:      configure_evaluate: no clients selected, skipping evaluation
[92mINFO [0m:      
[92mINFO [0m:      [ROUND 8]
[92mINFO [0m:      configure_fit: strategy sampled 5 clients (out of 10)
[92mINFO [0m:      aggregate_fit: received 5 results and 0 failures
[92mINFO [0m:      fit progress: (8, 1.3454837083816529, {'accuracy': 0.5067}, 78.91501718945801)
[92mINFO [0m:      configure_evaluate: no clients selected, skipping evaluation
[92mINFO [0m:      
[92mINFO [0m:      [ROUND 9]
[92mINFO [0m:      configure_fit: strategy sampled 5 clients (out of 10)
[92mINFO [0m:      aggregate_fit: received 5 results and 0 failures
[92mINFO [0m:      fit progress: (9, 1.3546000123023987, {'accuracy': 0.5303}, 88.71046829689294)
[92mINFO [0m:      configure_evaluate: no clients selected, skipping evaluation
[92mINFO [0m:      
[92mINFO [0m:      [ROUND 10]
[92mINFO [0m:      configure_fit: strategy sampled 5 clients (out of 10)
[92mINFO [0m:      aggregate_fit: received 5 results and 0 failures
[92mINFO [0m:      fit progress: (10, 1.256987053155899, {'accuracy': 0.5408}, 98.67071134503931)
[92mINFO [0m:      configure_evaluate: no clients selected, skipping evaluation
[92mINFO [0m:      
[92mINFO [0m:      [ROUND 11]
[92mINFO [0m:      configure_fit: strategy sampled 5 clients (out of 10)
[92mINFO [0m:      aggregate_fit: received 5 results and 0 failures
[92mINFO [0m:      fit progress: (11, 1.134418213367462, {'accuracy': 0.5726}, 107.80260530021042)
[92mINFO [0m:      configure_evaluate: no clients selected, skipping evaluation
[92mINFO [0m:      
[92mINFO [0m:      [ROUND 12]
[92mINFO [0m:      configure_fit: strategy sampled 5 clients (out of 10)
[92mINFO [0m:      aggregate_fit: received 5 results and 0 failures
[92mINFO [0m:      fit progress: (12, 1.1240142643451692, {'accuracy': 0.5994}, 117.09879782795906)
[92mINFO [0m:      configure_evaluate: no clients selected, skipping evaluation
[92mINFO [0m:      
[92mINFO [0m:      [ROUND 13]
[92mINFO [0m:      configure_fit: strategy sampled 5 clients (out of 10)
[92mINFO [0m:      aggregate_fit: received 5 results and 0 failures
[92mINFO [0m:      fit progress: (13, 1.2676441669464111, {'accuracy': 0.5431}, 126.52548088412732)
[92mINFO [0m:      configure_evaluate: no clients selected, skipping evaluation
[92mINFO [0m:      
[92mINFO [0m:      [ROUND 14]
[92mINFO [0m:      configure_fit: strategy sampled 5 clients (out of 10)
[92mINFO [0m:      aggregate_fit: received 5 results and 0 failures
[92mINFO [0m:      fit progress: (14, 1.2637370586395265, {'accuracy': 0.5826}, 135.7100570704788)
[92mINFO [0m:      configure_evaluate: no clients selected, skipping evaluation
[92mINFO [0m:      
[92mINFO [0m:      [ROUND 15]
[92mINFO [0m:      configure_fit: strategy sampled 5 clients (out of 10)
[92mINFO [0m:      aggregate_fit: received 5 results and 0 failures
[92mINFO [0m:      fit progress: (15, 1.0324258744716643, {'accuracy': 0.6287}, 145.41474182531238)
[92mINFO [0m:      configure_evaluate: no clients selected, skipping evaluation
[92mINFO [0m:      
[92mINFO [0m:      [ROUND 16]
[92mINFO [0m:      configure_fit: strategy sampled 5 clients (out of 10)
[92mINFO [0m:      aggregate_fit: received 5 results and 0 failures
[92mINFO [0m:      fit progress: (16, 1.0241869926452636, {'accuracy': 0.6163}, 154.16046381741762)
[92mINFO [0m:      configure_evaluate: no clients selected, skipping evaluation
[92mINFO [0m:      
[92mINFO [0m:      [ROUND 17]
[92mINFO [0m:      configure_fit: strategy sampled 5 clients (out of 10)
[92mINFO [0m:      aggregate_fit: received 5 results and 0 failures
[92mINFO [0m:      fit progress: (17, 1.0028418809175492, {'accuracy': 0.6353}, 163.20134693663567)
[92mINFO [0m:      configure_evaluate: no clients selected, skipping evaluation
[92mINFO [0m:      
[92mINFO [0m:      [ROUND 18]
[92mINFO [0m:      configure_fit: strategy sampled 5 clients (out of 10)
[92mINFO [0m:      aggregate_fit: received 5 results and 0 failures
[92mINFO [0m:      fit progress: (18, 1.0604420274496078, {'accuracy': 0.6156}, 172.0344770969823)
[92mINFO [0m:      configure_evaluate: no clients selected, skipping evaluation
[92mINFO [0m:      
[92mINFO [0m:      [ROUND 19]
[92mINFO [0m:      configure_fit: strategy sampled 5 clients (out of 10)
[92mINFO [0m:      aggregate_fit: received 5 results and 0 failures
[92mINFO [0m:      fit progress: (19, 1.089457780122757, {'accuracy': 0.6298}, 181.5169132919982)
[92mINFO [0m:      configure_evaluate: no clients selected, skipping evaluation
[92mINFO [0m:      
[92mINFO [0m:      [ROUND 20]
[92mINFO [0m:      configure_fit: strategy sampled 5 clients (out of 10)
[92mINFO [0m:      aggregate_fit: received 5 results and 0 failures
[92mINFO [0m:      fit progress: (20, 0.9114366590976715, {'accuracy': 0.6675}, 191.25114671513438)
[92mINFO [0m:      configure_evaluate: no clients selected, skipping evaluation
[92mINFO [0m:      
[92mINFO [0m:      [ROUND 21]
[92mINFO [0m:      configure_fit: strategy sampled 5 clients (out of 10)
[92mINFO [0m:      aggregate_fit: received 5 results and 0 failures
[92mINFO [0m:      fit progress: (21, 1.0157409131526947, {'accuracy': 0.6312}, 199.96784376259893)
[92mINFO [0m:      configure_evaluate: no clients selected, skipping evaluation
[92mINFO [0m:      
[92mINFO [0m:      [ROUND 22]
[92mINFO [0m:      configure_fit: strategy sampled 5 clients (out of 10)
[92mINFO [0m:      aggregate_fit: received 5 results and 0 failures
[92mINFO [0m:      fit progress: (22, 0.8400821447372436, {'accuracy': 0.7061}, 209.51657305378467)
[92mINFO [0m:      configure_evaluate: no clients selected, skipping evaluation
[92mINFO [0m:      
[92mINFO [0m:      [ROUND 23]
[92mINFO [0m:      configure_fit: strategy sampled 5 clients (out of 10)
[92mINFO [0m:      aggregate_fit: received 5 results and 0 failures
[92mINFO [0m:      fit progress: (23, 0.9790492117404938, {'accuracy': 0.6533}, 218.49356375727803)
[92mINFO [0m:      configure_evaluate: no clients selected, skipping evaluation
[92mINFO [0m:      
[92mINFO [0m:      [ROUND 24]
[92mINFO [0m:      configure_fit: strategy sampled 5 clients (out of 10)
[92mINFO [0m:      aggregate_fit: received 5 results and 0 failures
[92mINFO [0m:      fit progress: (24, 0.8913441330194474, {'accuracy': 0.6998}, 227.28044033702463)
[92mINFO [0m:      configure_evaluate: no clients selected, skipping evaluation
[92mINFO [0m:      
[92mINFO [0m:      [ROUND 25]
[92mINFO [0m:      configure_fit: strategy sampled 5 clients (out of 10)
[92mINFO [0m:      aggregate_fit: received 5 results and 0 failures
[92mINFO [0m:      fit progress: (25, 0.9037868082523346, {'accuracy': 0.6794}, 237.80355939362198)
[92mINFO [0m:      configure_evaluate: no clients selected, skipping evaluation
[92mINFO [0m:      
[92mINFO [0m:      [ROUND 26]
[92mINFO [0m:      configure_fit: strategy sampled 5 clients (out of 10)
[92mINFO [0m:      aggregate_fit: received 5 results and 0 failures
[92mINFO [0m:      fit progress: (26, 0.963402944803238, {'accuracy': 0.65}, 246.38019426353276)
[92mINFO [0m:      configure_evaluate: no clients selected, skipping evaluation
[92mINFO [0m:      
[92mINFO [0m:      [ROUND 27]
[92mINFO [0m:      configure_fit: strategy sampled 5 clients (out of 10)
[92mINFO [0m:      aggregate_fit: received 5 results and 0 failures
[92mINFO [0m:      fit progress: (27, 0.7936463207006454, {'accuracy': 0.7209}, 256.25613094773144)
[92mINFO [0m:      configure_evaluate: no clients selected, skipping evaluation
[92mINFO [0m:      
[92mINFO [0m:      [ROUND 28]
[92mINFO [0m:      configure_fit: strategy sampled 5 clients (out of 10)
[92mINFO [0m:      aggregate_fit: received 5 results and 0 failures
[92mINFO [0m:      fit progress: (28, 0.8482140809297561, {'accuracy': 0.7011}, 265.7917676512152)
[92mINFO [0m:      configure_evaluate: no clients selected, skipping evaluation
[92mINFO [0m:      
[92mINFO [0m:      [ROUND 29]
[92mINFO [0m:      configure_fit: strategy sampled 5 clients (out of 10)
[92mINFO [0m:      aggregate_fit: received 5 results and 0 failures
[92mINFO [0m:      fit progress: (29, 0.9565161675214767, {'accuracy': 0.6632}, 274.6323681725189)
[92mINFO [0m:      configure_evaluate: no clients selected, skipping evaluation
[92mINFO [0m:      
[92mINFO [0m:      [ROUND 30]
[92mINFO [0m:      configure_fit: strategy sampled 5 clients (out of 10)
[92mINFO [0m:      aggregate_fit: received 5 results and 0 failures
[92mINFO [0m:      fit progress: (30, 0.8432050675153733, {'accuracy': 0.712}, 283.21981577016413)
[92mINFO [0m:      configure_evaluate: no clients selected, skipping evaluation
[92mINFO [0m:      
[92mINFO [0m:      [ROUND 31]
[92mINFO [0m:      configure_fit: strategy sampled 5 clients (out of 10)
[92mINFO [0m:      aggregate_fit: received 5 results and 0 failures
[92mINFO [0m:      fit progress: (31, 0.7390809178352356, {'accuracy': 0.7478}, 292.8551711253822)
[92mINFO [0m:      configure_evaluate: no clients selected, skipping evaluation
[92mINFO [0m:      
[92mINFO [0m:      [ROUND 32]
[92mINFO [0m:      configure_fit: strategy sampled 5 clients (out of 10)
[92mINFO [0m:      aggregate_fit: received 5 results and 0 failures
[92mINFO [0m:      fit progress: (32, 0.809315636754036, {'accuracy': 0.7109}, 302.84263947140425)
[92mINFO [0m:      configure_evaluate: no clients selected, skipping evaluation
[92mINFO [0m:      
[92mINFO [0m:      [ROUND 33]
[92mINFO [0m:      configure_fit: strategy sampled 5 clients (out of 10)
[92mINFO [0m:      aggregate_fit: received 5 results and 0 failures
[92mINFO [0m:      fit progress: (33, 0.8633740216493606, {'accuracy': 0.6905}, 312.2264551790431)
[92mINFO [0m:      configure_evaluate: no clients selected, skipping evaluation
[92mINFO [0m:      
[92mINFO [0m:      [ROUND 34]
[92mINFO [0m:      configure_fit: strategy sampled 5 clients (out of 10)
[92mINFO [0m:      aggregate_fit: received 5 results and 0 failures
[92mINFO [0m:      fit progress: (34, 0.805071446299553, {'accuracy': 0.7307}, 321.35541449766606)
[92mINFO [0m:      configure_evaluate: no clients selected, skipping evaluation
[92mINFO [0m:      
[92mINFO [0m:      [ROUND 35]
[92mINFO [0m:      configure_fit: strategy sampled 5 clients (out of 10)
[92mINFO [0m:      aggregate_fit: received 5 results and 0 failures
[92mINFO [0m:      fit progress: (35, 0.7721829921007156, {'accuracy': 0.7333}, 330.9679982466623)
[92mINFO [0m:      configure_evaluate: no clients selected, skipping evaluation
[92mINFO [0m:      
[92mINFO [0m:      [ROUND 36]
[92mINFO [0m:      configure_fit: strategy sampled 5 clients (out of 10)
[92mINFO [0m:      aggregate_fit: received 5 results and 0 failures
[92mINFO [0m:      fit progress: (36, 0.8005182206630707, {'accuracy': 0.7377}, 339.6010860931128)
[92mINFO [0m:      configure_evaluate: no clients selected, skipping evaluation
[92mINFO [0m:      
[92mINFO [0m:      [ROUND 37]
[92mINFO [0m:      configure_fit: strategy sampled 5 clients (out of 10)
[92mINFO [0m:      aggregate_fit: received 5 results and 0 failures
[92mINFO [0m:      fit progress: (37, 0.8302307486534118, {'accuracy': 0.7051}, 348.4019377985969)
[92mINFO [0m:      configure_evaluate: no clients selected, skipping evaluation
[92mINFO [0m:      
[92mINFO [0m:      [ROUND 38]
[92mINFO [0m:      configure_fit: strategy sampled 5 clients (out of 10)
[92mINFO [0m:      aggregate_fit: received 5 results and 0 failures
[92mINFO [0m:      fit progress: (38, 0.7488992571830749, {'accuracy': 0.7402}, 357.8183450177312)
[92mINFO [0m:      configure_evaluate: no clients selected, skipping evaluation
[92mINFO [0m:      
[92mINFO [0m:      [ROUND 39]
[92mINFO [0m:      configure_fit: strategy sampled 5 clients (out of 10)
[92mINFO [0m:      aggregate_fit: received 5 results and 0 failures
[92mINFO [0m:      fit progress: (39, 0.782548776268959, {'accuracy': 0.742}, 366.91026666760445)
[92mINFO [0m:      configure_evaluate: no clients selected, skipping evaluation
[92mINFO [0m:      
[92mINFO [0m:      [ROUND 40]
[92mINFO [0m:      configure_fit: strategy sampled 5 clients (out of 10)
[92mINFO [0m:      aggregate_fit: received 5 results and 0 failures
[92mINFO [0m:      fit progress: (40, 0.6864819616079331, {'accuracy': 0.7691}, 377.4822133285925)
[92mINFO [0m:      configure_evaluate: no clients selected, skipping evaluation
[92mINFO [0m:      
[92mINFO [0m:      [ROUND 41]
[92mINFO [0m:      configure_fit: strategy sampled 5 clients (out of 10)
[92mINFO [0m:      aggregate_fit: received 5 results and 0 failures
[92mINFO [0m:      fit progress: (41, 0.6864819616079331, {'accuracy': 0.7691}, 387.6781574776396)
[92mINFO [0m:      configure_evaluate: no clients selected, skipping evaluation
[92mINFO [0m:      
[92mINFO [0m:      [ROUND 42]
[92mINFO [0m:      configure_fit: strategy sampled 5 clients (out of 10)
[92mINFO [0m:      aggregate_fit: received 5 results and 0 failures
[92mINFO [0m:      fit progress: (42, 1.2008266746997833, {'accuracy': 0.6132}, 396.959771159105)
[92mINFO [0m:      configure_evaluate: no clients selected, skipping evaluation
[92mINFO [0m:      
[92mINFO [0m:      [ROUND 43]
[92mINFO [0m:      configure_fit: strategy sampled 5 clients (out of 10)
[92mINFO [0m:      aggregate_fit: received 5 results and 0 failures
[92mINFO [0m:      fit progress: (43, 0.7731279551982879, {'accuracy': 0.7233}, 406.5382662881166)
[92mINFO [0m:      configure_evaluate: no clients selected, skipping evaluation
[92mINFO [0m:      
[92mINFO [0m:      [ROUND 44]
[92mINFO [0m:      configure_fit: strategy sampled 5 clients (out of 10)
[92mINFO [0m:      aggregate_fit: received 5 results and 0 failures
[92mINFO [0m:      fit progress: (44, 0.6741501241922379, {'accuracy': 0.7602}, 415.57957003917545)
[92mINFO [0m:      configure_evaluate: no clients selected, skipping evaluation
[92mINFO [0m:      
[92mINFO [0m:      [ROUND 45]
[92mINFO [0m:      configure_fit: strategy sampled 5 clients (out of 10)
[92mINFO [0m:      aggregate_fit: received 5 results and 0 failures
[92mINFO [0m:      fit progress: (45, 0.6741501241922379, {'accuracy': 0.7602}, 424.311564178206)
[92mINFO [0m:      configure_evaluate: no clients selected, skipping evaluation
[92mINFO [0m:      
[92mINFO [0m:      [ROUND 46]
[92mINFO [0m:      configure_fit: strategy sampled 5 clients (out of 10)
[92mINFO [0m:      aggregate_fit: received 5 results and 0 failures
[92mINFO [0m:      fit progress: (46, 0.6669643700122834, {'accuracy': 0.7695}, 433.33086227066815)
[92mINFO [0m:      configure_evaluate: no clients selected, skipping evaluation
[92mINFO [0m:      
[92mINFO [0m:      [ROUND 47]
[92mINFO [0m:      configure_fit: strategy sampled 5 clients (out of 10)
[92mINFO [0m:      aggregate_fit: received 5 results and 0 failures
[92mINFO [0m:      fit progress: (47, 0.6669643700122834, {'accuracy': 0.7695}, 441.8092233883217)
[92mINFO [0m:      configure_evaluate: no clients selected, skipping evaluation
[92mINFO [0m:      
[92mINFO [0m:      [ROUND 48]
[92mINFO [0m:      configure_fit: strategy sampled 5 clients (out of 10)
[92mINFO [0m:      aggregate_fit: received 5 results and 0 failures
[92mINFO [0m:      fit progress: (48, 0.782812875509262, {'accuracy': 0.732}, 451.07996126357466)
[92mINFO [0m:      configure_evaluate: no clients selected, skipping evaluation
[92mINFO [0m:      
[92mINFO [0m:      [ROUND 49]
[92mINFO [0m:      configure_fit: strategy sampled 5 clients (out of 10)
[92mINFO [0m:      aggregate_fit: received 5 results and 0 failures
[92mINFO [0m:      fit progress: (49, 0.6904655784368515, {'accuracy': 0.7588}, 459.9588331626728)
[92mINFO [0m:      configure_evaluate: no clients selected, skipping evaluation
[92mINFO [0m:      
[92mINFO [0m:      [ROUND 50]
[92mINFO [0m:      configure_fit: strategy sampled 5 clients (out of 10)
[92mINFO [0m:      aggregate_fit: received 5 results and 0 failures
[92mINFO [0m:      fit progress: (50, 0.6904655784368515, {'accuracy': 0.7588}, 468.8543476369232)
[92mINFO [0m:      configure_evaluate: no clients selected, skipping evaluation
[92mINFO [0m:      
[92mINFO [0m:      [ROUND 51]
[92mINFO [0m:      configure_fit: strategy sampled 5 clients (out of 10)
[92mINFO [0m:      aggregate_fit: received 5 results and 0 failures
[92mINFO [0m:      fit progress: (51, 0.6494099140167237, {'accuracy': 0.7719}, 477.8963396502659)
[92mINFO [0m:      configure_evaluate: no clients selected, skipping evaluation
[92mINFO [0m:      
[92mINFO [0m:      [ROUND 52]
[92mINFO [0m:      configure_fit: strategy sampled 5 clients (out of 10)
[92mINFO [0m:      aggregate_fit: received 5 results and 0 failures
[92mINFO [0m:      fit progress: (52, 0.7382903635501862, {'accuracy': 0.7431}, 486.51255564950407)
[92mINFO [0m:      configure_evaluate: no clients selected, skipping evaluation
[92mINFO [0m:      
[92mINFO [0m:      [ROUND 53]
[92mINFO [0m:      configure_fit: strategy sampled 5 clients (out of 10)
[92mINFO [0m:      aggregate_fit: received 5 results and 0 failures
[92mINFO [0m:      fit progress: (53, 0.5672210782766343, {'accuracy': 0.8042}, 495.4132640827447)
[92mINFO [0m:      configure_evaluate: no clients selected, skipping evaluation
[92mINFO [0m:      
[92mINFO [0m:      [ROUND 54]
[92mINFO [0m:      configure_fit: strategy sampled 5 clients (out of 10)
[92mINFO [0m:      aggregate_fit: received 5 results and 0 failures
[92mINFO [0m:      fit progress: (54, 0.6632328242063522, {'accuracy': 0.7709}, 504.24317246489227)
[92mINFO [0m:      configure_evaluate: no clients selected, skipping evaluation
[92mINFO [0m:      
[92mINFO [0m:      [ROUND 55]
[92mINFO [0m:      configure_fit: strategy sampled 5 clients (out of 10)
[92mINFO [0m:      aggregate_fit: received 5 results and 0 failures
[92mINFO [0m:      fit progress: (55, 0.6632328242063522, {'accuracy': 0.7709}, 514.2172197010368)
[92mINFO [0m:      configure_evaluate: no clients selected, skipping evaluation
[92mINFO [0m:      
[92mINFO [0m:      [ROUND 56]
[92mINFO [0m:      configure_fit: strategy sampled 5 clients (out of 10)
[92mINFO [0m:      aggregate_fit: received 5 results and 0 failures
[92mINFO [0m:      fit progress: (56, 0.6238588035106659, {'accuracy': 0.7934}, 523.3049925444648)
[92mINFO [0m:      configure_evaluate: no clients selected, skipping evaluation
[92mINFO [0m:      
[92mINFO [0m:      [ROUND 57]
[92mINFO [0m:      configure_fit: strategy sampled 5 clients (out of 10)
[92mINFO [0m:      aggregate_fit: received 5 results and 0 failures
[92mINFO [0m:      fit progress: (57, 0.6238588035106659, {'accuracy': 0.7934}, 532.3183926232159)
[92mINFO [0m:      configure_evaluate: no clients selected, skipping evaluation
[92mINFO [0m:      
[92mINFO [0m:      [ROUND 58]
[92mINFO [0m:      configure_fit: strategy sampled 5 clients (out of 10)
[92mINFO [0m:      aggregate_fit: received 5 results and 0 failures
[92mINFO [0m:      fit progress: (58, 0.5820683360099792, {'accuracy': 0.7932}, 541.3417285066098)
[92mINFO [0m:      configure_evaluate: no clients selected, skipping evaluation
[92mINFO [0m:      
[92mINFO [0m:      [ROUND 59]
[92mINFO [0m:      configure_fit: strategy sampled 5 clients (out of 10)
[92mINFO [0m:      aggregate_fit: received 5 results and 0 failures
[92mINFO [0m:      fit progress: (59, 0.5820683360099792, {'accuracy': 0.7932}, 550.8062891662121)
[92mINFO [0m:      configure_evaluate: no clients selected, skipping evaluation
[92mINFO [0m:      
[92mINFO [0m:      [ROUND 60]
[92mINFO [0m:      configure_fit: strategy sampled 5 clients (out of 10)
[92mINFO [0m:      aggregate_fit: received 5 results and 0 failures
[92mINFO [0m:      fit progress: (60, 0.7847783625125885, {'accuracy': 0.7545}, 561.216918357648)
[92mINFO [0m:      configure_evaluate: no clients selected, skipping evaluation
[92mINFO [0m:      
[92mINFO [0m:      [SUMMARY]
[92mINFO [0m:      Run finished 60 round(s) in 561.22s
[92mINFO [0m:      	History (loss, centralized):
[92mINFO [0m:      		round 0: 3.566791999340057
[92mINFO [0m:      		round 1: 2.0401070356369018
[92mINFO [0m:      		round 2: 2.1073262870311735
[92mINFO [0m:      		round 3: 1.7623489379882813
[92mINFO [0m:      		round 4: 1.6926054656505585
[92mINFO [0m:      		round 5: 1.5011430203914642
[92mINFO [0m:      		round 6: 1.4259689271450042
[92mINFO [0m:      		round 7: 1.5852765679359435
[92mINFO [0m:      		round 8: 1.3454837083816529
[92mINFO [0m:      		round 9: 1.3546000123023987
[92mINFO [0m:      		round 10: 1.256987053155899
[92mINFO [0m:      		round 11: 1.134418213367462
[92mINFO [0m:      		round 12: 1.1240142643451692
[92mINFO [0m:      		round 13: 1.2676441669464111
[92mINFO [0m:      		round 14: 1.2637370586395265
[92mINFO [0m:      		round 15: 1.0324258744716643
[92mINFO [0m:      		round 16: 1.0241869926452636
[92mINFO [0m:      		round 17: 1.0028418809175492
[92mINFO [0m:      		round 18: 1.0604420274496078
[92mINFO [0m:      		round 19: 1.089457780122757
[92mINFO [0m:      		round 20: 0.9114366590976715
[92mINFO [0m:      		round 21: 1.0157409131526947
[92mINFO [0m:      		round 22: 0.8400821447372436
[92mINFO [0m:      		round 23: 0.9790492117404938
[92mINFO [0m:      		round 24: 0.8913441330194474
[92mINFO [0m:      		round 25: 0.9037868082523346
[92mINFO [0m:      		round 26: 0.963402944803238
[92mINFO [0m:      		round 27: 0.7936463207006454
[92mINFO [0m:      		round 28: 0.8482140809297561
[92mINFO [0m:      		round 29: 0.9565161675214767
[92mINFO [0m:      		round 30: 0.8432050675153733
[92mINFO [0m:      		round 31: 0.7390809178352356
[92mINFO [0m:      		round 32: 0.809315636754036
[92mINFO [0m:      		round 33: 0.8633740216493606
[92mINFO [0m:      		round 34: 0.805071446299553
[92mINFO [0m:      		round 35: 0.7721829921007156
[92mINFO [0m:      		round 36: 0.8005182206630707
[92mINFO [0m:      		round 37: 0.8302307486534118
[92mINFO [0m:      		round 38: 0.7488992571830749
[92mINFO [0m:      		round 39: 0.782548776268959
[92mINFO [0m:      		round 40: 0.6864819616079331
[92mINFO [0m:      		round 41: 0.6864819616079331
[92mINFO [0m:      		round 42: 1.2008266746997833
[92mINFO [0m:      		round 43: 0.7731279551982879
[92mINFO [0m:      		round 44: 0.6741501241922379
[92mINFO [0m:      		round 45: 0.6741501241922379
[92mINFO [0m:      		round 46: 0.6669643700122834
[92mINFO [0m:      		round 47: 0.6669643700122834
[92mINFO [0m:      		round 48: 0.782812875509262
[92mINFO [0m:      		round 49: 0.6904655784368515
[92mINFO [0m:      		round 50: 0.6904655784368515
[92mINFO [0m:      		round 51: 0.6494099140167237
[92mINFO [0m:      		round 52: 0.7382903635501862
[92mINFO [0m:      		round 53: 0.5672210782766343
[92mINFO [0m:      		round 54: 0.6632328242063522
[92mINFO [0m:      		round 55: 0.6632328242063522
[92mINFO [0m:      		round 56: 0.6238588035106659
[92mINFO [0m:      		round 57: 0.6238588035106659
[92mINFO [0m:      		round 58: 0.5820683360099792
[92mINFO [0m:      		round 59: 0.5820683360099792
[92mINFO [0m:      		round 60: 0.7847783625125885
[92mINFO [0m:      	History (metrics, distributed, fit):
[92mINFO [0m:      	{'accuracy': [(1, 0.2055),
[92mINFO [0m:      	              (2, 0.2611),
[92mINFO [0m:      	              (3, 0.3478),
[92mINFO [0m:      	              (4, 0.3883),
[92mINFO [0m:      	              (5, 0.4416),
[92mINFO [0m:      	              (6, 0.4533),
[92mINFO [0m:      	              (7, 0.4311),
[92mINFO [0m:      	              (8, 0.5067),
[92mINFO [0m:      	              (9, 0.5303),
[92mINFO [0m:      	              (10, 0.5408),
[92mINFO [0m:      	              (11, 0.5726),
[92mINFO [0m:      	              (12, 0.5994),
[92mINFO [0m:      	              (13, 0.5431),
[92mINFO [0m:      	              (14, 0.5826),
[92mINFO [0m:      	              (15, 0.6287),
[92mINFO [0m:      	              (16, 0.6163),
[92mINFO [0m:      	              (17, 0.6353),
[92mINFO [0m:      	              (18, 0.6156),
[92mINFO [0m:      	              (19, 0.6298),
[92mINFO [0m:      	              (20, 0.6675),
[92mINFO [0m:      	              (21, 0.6312),
[92mINFO [0m:      	              (22, 0.7061),
[92mINFO [0m:      	              (23, 0.6533),
[92mINFO [0m:      	              (24, 0.6998),
[92mINFO [0m:      	              (25, 0.6794),
[92mINFO [0m:      	              (26, 0.65),
[92mINFO [0m:      	              (27, 0.7209),
[92mINFO [0m:      	              (28, 0.7011),
[92mINFO [0m:      	              (29, 0.6632),
[92mINFO [0m:      	              (30, 0.712),
[92mINFO [0m:      	              (31, 0.7478),
[92mINFO [0m:      	              (32, 0.7109),
[92mINFO [0m:      	              (33, 0.6905),
[92mINFO [0m:      	              (34, 0.7307),
[92mINFO [0m:      	              (35, 0.7333),
[92mINFO [0m:      	              (36, 0.7377),
[92mINFO [0m:      	              (37, 0.7051),
[92mINFO [0m:      	              (38, 0.7402),
[92mINFO [0m:      	              (39, 0.742),
[92mINFO [0m:      	              (40, 0.7691),
[92mINFO [0m:      	              (41, 0.7691),
[92mINFO [0m:      	              (42, 0.6132),
[92mINFO [0m:      	              (43, 0.7233),
[92mINFO [0m:      	              (44, 0.7602),
[92mINFO [0m:      	              (45, 0.7602),
[92mINFO [0m:      	              (46, 0.7695),
[92mINFO [0m:      	              (47, 0.7695),
[92mINFO [0m:      	              (48, 0.732),
[92mINFO [0m:      	              (49, 0.7588),
[92mINFO [0m:      	              (50, 0.7588),
[92mINFO [0m:      	              (51, 0.7719),
[92mINFO [0m:      	              (52, 0.7431),
[92mINFO [0m:      	              (53, 0.8042),
[92mINFO [0m:      	              (54, 0.7709),
[92mINFO [0m:      	              (55, 0.7709),
[92mINFO [0m:      	              (56, 0.7934),
[92mINFO [0m:      	              (57, 0.7934),
[92mINFO [0m:      	              (58, 0.7932),
[92mINFO [0m:      	              (59, 0.7932),
[92mINFO [0m:      	              (60, 0.7545)],
[92mINFO [0m:      	 'avg_per': [(1, 0.07878139069672774),
[92mINFO [0m:      	             (2, 0.11834958166760652),
[92mINFO [0m:      	             (3, 0.07168220192531849),
[92mINFO [0m:      	             (4, 0.04101263807210961),
[92mINFO [0m:      	             (5, 0.07404429688727296),
[92mINFO [0m:      	             (6, 0.1388213928840571),
[92mINFO [0m:      	             (7, 0.1126538761825127),
[92mINFO [0m:      	             (8, 0.05796523278121489),
[92mINFO [0m:      	             (9, 0.051051414152563514),
[92mINFO [0m:      	             (10, 0.06799872620498847),
[92mINFO [0m:      	             (11, 0.11126954601697019),
[92mINFO [0m:      	             (12, 0.10550213228670231),
[92mINFO [0m:      	             (13, 0.0622037750793162),
[92mINFO [0m:      	             (14, 0.053076873033745475),
[92mINFO [0m:      	             (15, 0.07908007429096948),
[92mINFO [0m:      	             (16, 0.10567283753368688),
[92mINFO [0m:      	             (17, 0.09374790111476872),
[92mINFO [0m:      	             (18, 0.04367970451604157),
[92mINFO [0m:      	             (19, 0.07133928041604345),
[92mINFO [0m:      	             (20, 0.07496027720482645),
[92mINFO [0m:      	             (21, 0.13022555481071352),
[92mINFO [0m:      	             (22, 0.12372908347605394),
[92mINFO [0m:      	             (23, 0.06415955653878387),
[92mINFO [0m:      	             (24, 0.06321322571630998),
[92mINFO [0m:      	             (25, 0.06418072651709686),
[92mINFO [0m:      	             (26, 0.14287779732741007),
[92mINFO [0m:      	             (27, 0.08248384333991085),
[92mINFO [0m:      	             (28, 0.03239477400587713),
[92mINFO [0m:      	             (29, 0.10457156580838119),
[92mINFO [0m:      	             (30, 0.09849331255772378),
[92mINFO [0m:      	             (31, 0.11085708515552402),
[92mINFO [0m:      	             (32, 0.09525491379330739),
[92mINFO [0m:      	             (33, 0.08534758555972255),
[92mINFO [0m:      	             (34, 0.08974093006856901),
[92mINFO [0m:      	             (35, 0.09547619834373879),
[92mINFO [0m:      	             (36, 0.08871771941571902),
[92mINFO [0m:      	             (37, 0.10629351350075134),
[92mINFO [0m:      	             (38, 0.0793232807376126),
[92mINFO [0m:      	             (39, 0.06687893172651159),
[92mINFO [0m:      	             (40, 0.07168860424727388),
[92mINFO [0m:      	             (41, 0.7466426464804405),
[92mINFO [0m:      	             (42, 0.8480015600550752),
[92mINFO [0m:      	             (43, 0.6511504865982756),
[92mINFO [0m:      	             (44, 0.6703105629118599),
[92mINFO [0m:      	             (45, 0.724100954663934),
[92mINFO [0m:      	             (46, 0.7846860057602084),
[92mINFO [0m:      	             (47, 0.7904178240896166),
[92mINFO [0m:      	             (48, 0.7195965531815623),
[92mINFO [0m:      	             (49, 0.683469228027149),
[92mINFO [0m:      	             (50, 0.7255845178518905),
[92mINFO [0m:      	             (51, 0.7912031961266451),
[92mINFO [0m:      	             (52, 0.7862735879442264),
[92mINFO [0m:      	             (53, 0.7128272300067608),
[92mINFO [0m:      	             (54, 0.7131116537146954),
[92mINFO [0m:      	             (55, 0.7653019483811505),
[92mINFO [0m:      	             (56, 0.7327287644607734),
[92mINFO [0m:      	             (57, 0.7244477770504794),
[92mINFO [0m:      	             (58, 0.6436441359932906),
[92mINFO [0m:      	             (59, 0.7169820822174646),
[92mINFO [0m:      	             (60, 0.7569752051090188)],
[92mINFO [0m:      	 'bw_factor': [(1, 1.0),
[92mINFO [0m:      	               (2, 0.8),
[92mINFO [0m:      	               (3, 0.8539916045494891),
[92mINFO [0m:      	               (4, 0.8402345320661254),
[92mINFO [0m:      	               (5, 0.8340795713260108),
[92mINFO [0m:      	               (6, 0.8324340240021266),
[92mINFO [0m:      	               (7, 0.830313604841596),
[92mINFO [0m:      	               (8, 0.8570659158995331),
[92mINFO [0m:      	               (9, 0.8537981152095615),
[92mINFO [0m:      	               (10, 0.8575324637119167),
[92mINFO [0m:      	               (11, 0.8334630638896738),
[92mINFO [0m:      	               (12, 0.831178257689307),
[92mINFO [0m:      	               (13, 0.8470156206778455),
[92mINFO [0m:      	               (14, 0.8519066088131765),
[92mINFO [0m:      	               (15, 0.8460603669911744),
[92mINFO [0m:      	               (16, 0.8294950295352969),
[92mINFO [0m:      	               (17, 0.8346225425754076),
[92mINFO [0m:      	               (18, 0.8456847376274361),
[92mINFO [0m:      	               (19, 0.8503157806193875),
[92mINFO [0m:      	               (20, 0.8493468705610095),
[92mINFO [0m:      	               (21, 0.8284684839703674),
[92mINFO [0m:      	               (22, 0.8347330816494694),
[92mINFO [0m:      	               (23, 0.8467796300469401),
[92mINFO [0m:      	               (24, 0.8488080675350429),
[92mINFO [0m:      	               (25, 0.8430649292819556),
[92mINFO [0m:      	               (26, 0.8290376920608549),
[92mINFO [0m:      	               (27, 0.8339930069162129),
[92mINFO [0m:      	               (28, 0.8506564057537997),
[92mINFO [0m:      	               (29, 0.8594009153288835),
[92mINFO [0m:      	               (30, 0.8381643824157579),
[92mINFO [0m:      	               (31, 0.8244482802629397),
[92mINFO [0m:      	               (32, 0.8095864559003315),
[92mINFO [0m:      	               (33, 0.8108726656691236),
[92mINFO [0m:      	               (34, 0.8199968809765739),
[92mINFO [0m:      	               (35, 0.8218682973034347),
[92mINFO [0m:      	               (36, 0.8176455599387347),
[92mINFO [0m:      	               (37, 0.8118885529589999),
[92mINFO [0m:      	               (38, 0.8176096768362142),
[92mINFO [0m:      	               (39, 0.8258653926406141),
[92mINFO [0m:      	               (40, 0.8311302073881948),
[92mINFO [0m:      	               (41, 0.8489253683209599),
[92mINFO [0m:      	               (42, 0.8917881950153093),
[92mINFO [0m:      	               (43, 0.8937516117234703),
[92mINFO [0m:      	               (44, 0.8966149216291985),
[92mINFO [0m:      	               (45, 0.8869849374405471),
[92mINFO [0m:      	               (46, 0.8735848157818406),
[92mINFO [0m:      	               (47, 0.8650741162843487),
[92mINFO [0m:      	               (48, 0.8695270541075556),
[92mINFO [0m:      	               (49, 0.859754563545123),
[92mINFO [0m:      	               (50, 0.8618634196710335),
[92mINFO [0m:      	               (51, 0.8626583591599171),
[92mINFO [0m:      	               (52, 0.8613590284844399),
[92mINFO [0m:      	               (53, 0.8835609524868397),
[92mINFO [0m:      	               (54, 0.8820703748316824),
[92mINFO [0m:      	               (55, 0.9052358678094571),
[92mINFO [0m:      	               (56, 0.885231802208679),
[92mINFO [0m:      	               (57, 0.8818603579335931),
[92mINFO [0m:      	               (58, 0.8910566978411414),
[92mINFO [0m:      	               (59, 0.8839999481783415),
[92mINFO [0m:      	               (60, 0.8485052008777181)],
[92mINFO [0m:      	 'energy': [(1, 143.41878737439905),
[92mINFO [0m:      	            (2, 65.98468284554097),
[92mINFO [0m:      	            (3, 149.95070997668353),
[92mINFO [0m:      	            (4, 138.24354138938358),
[92mINFO [0m:      	            (5, 148.3538071647323),
[92mINFO [0m:      	            (6, 72.34385001693563),
[92mINFO [0m:      	            (7, 65.15511242711459),
[92mINFO [0m:      	            (8, 147.9393548576398),
[92mINFO [0m:      	            (9, 136.09279083063873),
[92mINFO [0m:      	            (10, 143.5600796471997),
[92mINFO [0m:      	            (11, 71.91536753225454),
[92mINFO [0m:      	            (12, 87.68075559522525),
[92mINFO [0m:      	            (13, 122.04977790540642),
[92mINFO [0m:      	            (14, 135.48532589535472),
[92mINFO [0m:      	            (15, 143.2371868416427),
[92mINFO [0m:      	            (16, 72.9917447280394),
[92mINFO [0m:      	            (17, 90.35942391448413),
[92mINFO [0m:      	            (18, 122.2185744891583),
[92mINFO [0m:      	            (19, 141.85835290137507),
[92mINFO [0m:      	            (20, 145.8207561644325),
[92mINFO [0m:      	            (21, 72.08925650183237),
[92mINFO [0m:      	            (22, 87.08583855934573),
[92mINFO [0m:      	            (23, 135.9425871344265),
[92mINFO [0m:      	            (24, 131.56550831509816),
[92mINFO [0m:      	            (25, 146.57207689326785),
[92mINFO [0m:      	            (26, 72.55962275914806),
[92mINFO [0m:      	            (27, 87.09480761990716),
[92mINFO [0m:      	            (28, 105.93148971843648),
[92mINFO [0m:      	            (29, 118.73941675934965),
[92mINFO [0m:      	            (30, 124.15828104569815),
[92mINFO [0m:      	            (31, 123.99917894119747),
[92mINFO [0m:      	            (32, 102.73761783928822),
[92mINFO [0m:      	            (33, 96.08247899007208),
[92mINFO [0m:      	            (34, 118.94442178487404),
[92mINFO [0m:      	            (35, 120.04301422269806),
[92mINFO [0m:      	            (36, 121.30417940598876),
[92mINFO [0m:      	            (37, 82.20255424596198),
[92mINFO [0m:      	            (38, 98.91536516363858),
[92mINFO [0m:      	            (39, 127.20729639161281),
[92mINFO [0m:      	            (40, 152.52354160453038),
[92mINFO [0m:      	            (41, 325.2314571411787),
[92mINFO [0m:      	            (42, 86.14406762422766),
[92mINFO [0m:      	            (43, 108.58252733387779),
[92mINFO [0m:      	            (44, 215.1630174029629),
[92mINFO [0m:      	            (45, 134.10783727754384),
[92mINFO [0m:      	            (46, 122.767823306032),
[92mINFO [0m:      	            (47, 89.42037656689838),
[92mINFO [0m:      	            (48, 191.8634618846479),
[92mINFO [0m:      	            (49, 126.01558853886709),
[92mINFO [0m:      	            (50, 233.16451527178924),
[92mINFO [0m:      	            (51, 95.47953270940593),
[92mINFO [0m:      	            (52, 88.32944492223476),
[92mINFO [0m:      	            (53, 132.96658486766182),
[92mINFO [0m:      	            (54, 353.82743616129574),
[92mINFO [0m:      	            (55, 237.0392775959193),
[92mINFO [0m:      	            (56, 112.18763460252164),
[92mINFO [0m:      	            (57, 67.88823743654928),
[92mINFO [0m:      	            (58, 132.8162200629125),
[92mINFO [0m:      	            (59, 154.14193377781245),
[92mINFO [0m:      	            (60, 160.5931658677124)],
[92mINFO [0m:      	 'est_upload_time': [(1, 5.874787374399044),
[92mINFO [0m:      	                     (2, 3.5286828455409758),
[92mINFO [0m:      	                     (3, 12.406709976683523),
[92mINFO [0m:      	                     (4, 6.979541389383578),
[92mINFO [0m:      	                     (5, 10.809807164732295),
[92mINFO [0m:      	                     (6, 3.6078500169356325),
[92mINFO [0m:      	                     (7, 2.6991124271145863),
[92mINFO [0m:      	                     (8, 10.395354857639822),
[92mINFO [0m:      	                     (9, 4.828790830638726),
[92mINFO [0m:      	                     (10, 6.016079647199701),
[92mINFO [0m:      	                     (11, 3.179367532254534),
[92mINFO [0m:      	                     (12, 3.340755595225258),
[92mINFO [0m:      	                     (13, 6.3897779054064126),
[92mINFO [0m:      	                     (14, 4.221325895354728),
[92mINFO [0m:      	                     (15, 5.693186841642729),
[92mINFO [0m:      	                     (16, 4.255744728039407),
[92mINFO [0m:      	                     (17, 6.019423914484124),
[92mINFO [0m:      	                     (18, 6.558574489158289),
[92mINFO [0m:      	                     (19, 10.594352901375064),
[92mINFO [0m:      	                     (20, 8.276756164432523),
[92mINFO [0m:      	                     (21, 3.353256501832357),
[92mINFO [0m:      	                     (22, 2.7458385593457386),
[92mINFO [0m:      	                     (23, 4.678587134426495),
[92mINFO [0m:      	                     (24, 6.2135083150981725),
[92mINFO [0m:      	                     (25, 9.028076893267833),
[92mINFO [0m:      	                     (26, 3.823622759148048),
[92mINFO [0m:      	                     (27, 2.7548076199071594),
[92mINFO [0m:      	                     (28, 4.8794897184364805),
[92mINFO [0m:      	                     (29, 3.5874167593496593),
[92mINFO [0m:      	                     (30, 9.098281045698139),
[92mINFO [0m:      	                     (31, 8.33917894119748),
[92mINFO [0m:      	                     (32, 8.169617839288234),
[92mINFO [0m:      	                     (33, 4.510478990072084),
[92mINFO [0m:      	                     (34, 4.540421784874028),
[92mINFO [0m:      	                     (35, 4.983014222698046),
[92mINFO [0m:      	                     (36, 6.364179405988762),
[92mINFO [0m:      	                     (37, 4.374554245961984),
[92mINFO [0m:      	                     (38, 7.3433651636385875),
[92mINFO [0m:      	                     (39, 6.1712963916128025),
[92mINFO [0m:      	                     (40, 14.379541604530399),
[92mINFO [0m:      	                     (41, 210.89145714117868),
[92mINFO [0m:      	                     (42, 8.316067624227665),
[92mINFO [0m:      	                     (43, 6.182527333877794),
[92mINFO [0m:      	                     (44, 113.3630174029629),
[92mINFO [0m:      	                     (45, 17.84783727754384),
[92mINFO [0m:      	                     (46, 18.655823306032),
[92mINFO [0m:      	                     (47, 11.592376566898384),
[92mINFO [0m:      	                     (48, 75.43946188464793),
[92mINFO [0m:      	                     (49, 24.215588538867102),
[92mINFO [0m:      	                     (50, 109.64451527178922),
[92mINFO [0m:      	                     (51, 13.251532709405925),
[92mINFO [0m:      	                     (52, 11.249444922234755),
[92mINFO [0m:      	                     (53, 16.54258486766183),
[92mINFO [0m:      	                     (54, 252.02743616129575),
[92mINFO [0m:      	                     (55, 98.14727759591929),
[92mINFO [0m:      	                     (56, 22.69963460252163),
[92mINFO [0m:      	                     (57, 6.780237436549281),
[92mINFO [0m:      	                     (58, 16.3922200629125),
[92mINFO [0m:      	                     (59, 28.78993377781245),
[92mINFO [0m:      	                     (60, 21.701165867712405)],
[92mINFO [0m:      	 'jain': [(1, 0.49999999999999),
[92mINFO [0m:      	          (2, 0.99999999999999),
[92mINFO [0m:      	          (3, 0.8999999999999965),
[92mINFO [0m:      	          (4, 0.8333333333333316),
[92mINFO [0m:      	          (5, 0.8333333333333316),
[92mINFO [0m:      	          (6, 0.7999999999999984),
[92mINFO [0m:      	          (7, 0.9999999999999974),
[92mINFO [0m:      	          (8, 0.9523809523809501),
[92mINFO [0m:      	          (9, 0.9999999999999974),
[92mINFO [0m:      	          (10, 0.8333333333333316),
[92mINFO [0m:      	          (11, 0.7999999999999984),
[92mINFO [0m:      	          (12, 0.9523809523809501),
[92mINFO [0m:      	          (13, 0.9523809523809501),
[92mINFO [0m:      	          (14, 0.9999999999999974),
[92mINFO [0m:      	          (15, 0.8333333333333316),
[92mINFO [0m:      	          (16, 0.8333333333333316),
[92mINFO [0m:      	          (17, 0.9523809523809501),
[92mINFO [0m:      	          (18, 0.9523809523809501),
[92mINFO [0m:      	          (19, 0.9999999999999974),
[92mINFO [0m:      	          (20, 0.8333333333333316),
[92mINFO [0m:      	          (21, 0.8333333333333316),
[92mINFO [0m:      	          (22, 0.9523809523809501),
[92mINFO [0m:      	          (23, 0.9523809523809501),
[92mINFO [0m:      	          (24, 0.9523809523809501),
[92mINFO [0m:      	          (25, 0.8333333333333316),
[92mINFO [0m:      	          (26, 0.8695652173913024),
[92mINFO [0m:      	          (27, 0.9523809523809501),
[92mINFO [0m:      	          (28, 0.909090909090907),
[92mINFO [0m:      	          (29, 0.8333333333333316),
[92mINFO [0m:      	          (30, 0.9523809523809501),
[92mINFO [0m:      	          (31, 0.909090909090907),
[92mINFO [0m:      	          (32, 0.8695652173913024),
[92mINFO [0m:      	          (33, 0.909090909090907),
[92mINFO [0m:      	          (34, 0.909090909090907),
[92mINFO [0m:      	          (35, 0.9523809523809501),
[92mINFO [0m:      	          (36, 0.909090909090907),
[92mINFO [0m:      	          (37, 0.8695652173913024),
[92mINFO [0m:      	          (38, 0.9523809523809501),
[92mINFO [0m:      	          (39, 0.909090909090907),
[92mINFO [0m:      	          (40, 0.8695652173913024),
[92mINFO [0m:      	          (41, 0.7999999999999984),
[92mINFO [0m:      	          (42, 0.909090909090907),
[92mINFO [0m:      	          (43, 0.909090909090907),
[92mINFO [0m:      	          (44, 0.8695652173913024),
[92mINFO [0m:      	          (45, 0.8333333333333316),
[92mINFO [0m:      	          (46, 0.8695652173913024),
[92mINFO [0m:      	          (47, 0.9999999999999974),
[92mINFO [0m:      	          (48, 0.9523809523809501),
[92mINFO [0m:      	          (49, 0.8695652173913024),
[92mINFO [0m:      	          (50, 0.8333333333333316),
[92mINFO [0m:      	          (51, 0.8695652173913024),
[92mINFO [0m:      	          (52, 0.9523809523809501),
[92mINFO [0m:      	          (53, 0.9523809523809501),
[92mINFO [0m:      	          (54, 0.909090909090907),
[92mINFO [0m:      	          (55, 0.8333333333333316),
[92mINFO [0m:      	          (56, 0.7999999999999984),
[92mINFO [0m:      	          (57, 0.909090909090907),
[92mINFO [0m:      	          (58, 0.9523809523809501),
[92mINFO [0m:      	          (59, 0.909090909090907),
[92mINFO [0m:      	          (60, 0.8695652173913024)],
[92mINFO [0m:      	 'loss': [(1, 2.0401070356369018),
[92mINFO [0m:      	          (2, 2.1073262870311735),
[92mINFO [0m:      	          (3, 1.7623489379882813),
[92mINFO [0m:      	          (4, 1.6926054656505585),
[92mINFO [0m:      	          (5, 1.5011430203914642),
[92mINFO [0m:      	          (6, 1.4259689271450042),
[92mINFO [0m:      	          (7, 1.5852765679359435),
[92mINFO [0m:      	          (8, 1.3454837083816529),
[92mINFO [0m:      	          (9, 1.3546000123023987),
[92mINFO [0m:      	          (10, 1.256987053155899),
[92mINFO [0m:      	          (11, 1.134418213367462),
[92mINFO [0m:      	          (12, 1.1240142643451692),
[92mINFO [0m:      	          (13, 1.2676441669464111),
[92mINFO [0m:      	          (14, 1.2637370586395265),
[92mINFO [0m:      	          (15, 1.0324258744716643),
[92mINFO [0m:      	          (16, 1.0241869926452636),
[92mINFO [0m:      	          (17, 1.0028418809175492),
[92mINFO [0m:      	          (18, 1.0604420274496078),
[92mINFO [0m:      	          (19, 1.089457780122757),
[92mINFO [0m:      	          (20, 0.9114366590976715),
[92mINFO [0m:      	          (21, 1.0157409131526947),
[92mINFO [0m:      	          (22, 0.8400821447372436),
[92mINFO [0m:      	          (23, 0.9790492117404938),
[92mINFO [0m:      	          (24, 0.8913441330194474),
[92mINFO [0m:      	          (25, 0.9037868082523346),
[92mINFO [0m:      	          (26, 0.963402944803238),
[92mINFO [0m:      	          (27, 0.7936463207006454),
[92mINFO [0m:      	          (28, 0.8482140809297561),
[92mINFO [0m:      	          (29, 0.9565161675214767),
[92mINFO [0m:      	          (30, 0.8432050675153733),
[92mINFO [0m:      	          (31, 0.7390809178352356),
[92mINFO [0m:      	          (32, 0.809315636754036),
[92mINFO [0m:      	          (33, 0.8633740216493606),
[92mINFO [0m:      	          (34, 0.805071446299553),
[92mINFO [0m:      	          (35, 0.7721829921007156),
[92mINFO [0m:      	          (36, 0.8005182206630707),
[92mINFO [0m:      	          (37, 0.8302307486534118),
[92mINFO [0m:      	          (38, 0.7488992571830749),
[92mINFO [0m:      	          (39, 0.782548776268959),
[92mINFO [0m:      	          (40, 0.6864819616079331),
[92mINFO [0m:      	          (41, 0.6864819616079331),
[92mINFO [0m:      	          (42, 1.2008266746997833),
[92mINFO [0m:      	          (43, 0.7731279551982879),
[92mINFO [0m:      	          (44, 0.6741501241922379),
[92mINFO [0m:      	          (45, 0.6741501241922379),
[92mINFO [0m:      	          (46, 0.6669643700122834),
[92mINFO [0m:      	          (47, 0.6669643700122834),
[92mINFO [0m:      	          (48, 0.782812875509262),
[92mINFO [0m:      	          (49, 0.6904655784368515),
[92mINFO [0m:      	          (50, 0.6904655784368515),
[92mINFO [0m:      	          (51, 0.6494099140167237),
[92mINFO [0m:      	          (52, 0.7382903635501862),
[92mINFO [0m:      	          (53, 0.5672210782766343),
[92mINFO [0m:      	          (54, 0.6632328242063522),
[92mINFO [0m:      	          (55, 0.6632328242063522),
[92mINFO [0m:      	          (56, 0.6238588035106659),
[92mINFO [0m:      	          (57, 0.6238588035106659),
[92mINFO [0m:      	          (58, 0.5820683360099792),
[92mINFO [0m:      	          (59, 0.5820683360099792),
[92mINFO [0m:      	          (60, 0.7847783625125885)],
[92mINFO [0m:      	 'mode': [(1, 'async'),
[92mINFO [0m:      	          (2, 'async'),
[92mINFO [0m:      	          (3, 'async'),
[92mINFO [0m:      	          (4, 'async'),
[92mINFO [0m:      	          (5, 'async'),
[92mINFO [0m:      	          (6, 'async'),
[92mINFO [0m:      	          (7, 'async'),
[92mINFO [0m:      	          (8, 'async'),
[92mINFO [0m:      	          (9, 'async'),
[92mINFO [0m:      	          (10, 'async'),
[92mINFO [0m:      	          (11, 'async'),
[92mINFO [0m:      	          (12, 'async'),
[92mINFO [0m:      	          (13, 'async'),
[92mINFO [0m:      	          (14, 'async'),
[92mINFO [0m:      	          (15, 'async'),
[92mINFO [0m:      	          (16, 'async'),
[92mINFO [0m:      	          (17, 'async'),
[92mINFO [0m:      	          (18, 'async'),
[92mINFO [0m:      	          (19, 'async'),
[92mINFO [0m:      	          (20, 'async'),
[92mINFO [0m:      	          (21, 'async'),
[92mINFO [0m:      	          (22, 'async'),
[92mINFO [0m:      	          (23, 'async'),
[92mINFO [0m:      	          (24, 'async'),
[92mINFO [0m:      	          (25, 'async'),
[92mINFO [0m:      	          (26, 'async'),
[92mINFO [0m:      	          (27, 'async'),
[92mINFO [0m:      	          (28, 'async'),
[92mINFO [0m:      	          (29, 'async'),
[92mINFO [0m:      	          (30, 'async'),
[92mINFO [0m:      	          (31, 'async'),
[92mINFO [0m:      	          (32, 'async'),
[92mINFO [0m:      	          (33, 'async'),
[92mINFO [0m:      	          (34, 'async'),
[92mINFO [0m:      	          (35, 'async'),
[92mINFO [0m:      	          (36, 'async'),
[92mINFO [0m:      	          (37, 'async'),
[92mINFO [0m:      	          (38, 'async'),
[92mINFO [0m:      	          (39, 'async'),
[92mINFO [0m:      	          (40, 'async'),
[92mINFO [0m:      	          (41, 'async'),
[92mINFO [0m:      	          (42, 'async'),
[92mINFO [0m:      	          (43, 'async'),
[92mINFO [0m:      	          (44, 'async'),
[92mINFO [0m:      	          (45, 'async'),
[92mINFO [0m:      	          (46, 'async'),
[92mINFO [0m:      	          (47, 'async'),
[92mINFO [0m:      	          (48, 'async'),
[92mINFO [0m:      	          (49, 'async'),
[92mINFO [0m:      	          (50, 'async'),
[92mINFO [0m:      	          (51, 'async'),
[92mINFO [0m:      	          (52, 'async'),
[92mINFO [0m:      	          (53, 'async'),
[92mINFO [0m:      	          (54, 'async'),
[92mINFO [0m:      	          (55, 'async'),
[92mINFO [0m:      	          (56, 'async'),
[92mINFO [0m:      	          (57, 'async'),
[92mINFO [0m:      	          (58, 'async'),
[92mINFO [0m:      	          (59, 'async'),
[92mINFO [0m:      	          (60, 'async')],
[92mINFO [0m:      	 'num_exhausted_clients': [(1, 0.0),
[92mINFO [0m:      	                           (2, 0.0),
[92mINFO [0m:      	                           (3, 0.0),
[92mINFO [0m:      	                           (4, 0.0),
[92mINFO [0m:      	                           (5, 0.0),
[92mINFO [0m:      	                           (6, 0.0),
[92mINFO [0m:      	                           (7, 0.0),
[92mINFO [0m:      	                           (8, 0.0),
[92mINFO [0m:      	                           (9, 0.0),
[92mINFO [0m:      	                           (10, 0.0),
[92mINFO [0m:      	                           (11, 0.0),
[92mINFO [0m:      	                           (12, 0.0),
[92mINFO [0m:      	                           (13, 0.0),
[92mINFO [0m:      	                           (14, 0.0),
[92mINFO [0m:      	                           (15, 0.0),
[92mINFO [0m:      	                           (16, 0.0),
[92mINFO [0m:      	                           (17, 0.0),
[92mINFO [0m:      	                           (18, 0.0),
[92mINFO [0m:      	                           (19, 0.0),
[92mINFO [0m:      	                           (20, 0.0),
[92mINFO [0m:      	                           (21, 0.0),
[92mINFO [0m:      	                           (22, 0.0),
[92mINFO [0m:      	                           (23, 0.0),
[92mINFO [0m:      	                           (24, 0.0),
[92mINFO [0m:      	                           (25, 0.0),
[92mINFO [0m:      	                           (26, 0.0),
[92mINFO [0m:      	                           (27, 0.0),
[92mINFO [0m:      	                           (28, 0.0),
[92mINFO [0m:      	                           (29, 0.0),
[92mINFO [0m:      	                           (30, 0.0),
[92mINFO [0m:      	                           (31, 0.0),
[92mINFO [0m:      	                           (32, 0.0),
[92mINFO [0m:      	                           (33, 0.0),
[92mINFO [0m:      	                           (34, 0.0),
[92mINFO [0m:      	                           (35, 0.0),
[92mINFO [0m:      	                           (36, 0.0),
[92mINFO [0m:      	                           (37, 0.0),
[92mINFO [0m:      	                           (38, 0.0),
[92mINFO [0m:      	                           (39, 0.0),
[92mINFO [0m:      	                           (40, 0.0),
[92mINFO [0m:      	                           (41, 0.0),
[92mINFO [0m:      	                           (42, 0.0),
[92mINFO [0m:      	                           (43, 0.0),
[92mINFO [0m:      	                           (44, 0.0),
[92mINFO [0m:      	                           (45, 0.0),
[92mINFO [0m:      	                           (46, 0.0),
[92mINFO [0m:      	                           (47, 0.0),
[92mINFO [0m:      	                           (48, 0.0),
[92mINFO [0m:      	                           (49, 0.0),
[92mINFO [0m:      	                           (50, 0.0),
[92mINFO [0m:      	                           (51, 0.0),
[92mINFO [0m:      	                           (52, 0.0),
[92mINFO [0m:      	                           (53, 0.0),
[92mINFO [0m:      	                           (54, 0.0),
[92mINFO [0m:      	                           (55, 0.0),
[92mINFO [0m:      	                           (56, 0.0),
[92mINFO [0m:      	                           (57, 0.0),
[92mINFO [0m:      	                           (58, 0.0),
[92mINFO [0m:      	                           (59, 0.0),
[92mINFO [0m:      	                           (60, 0.0)],
[92mINFO [0m:      	 'topk': [(1, 5.0),
[92mINFO [0m:      	          (2, 5.0),
[92mINFO [0m:      	          (3, 5.0),
[92mINFO [0m:      	          (4, 5.0),
[92mINFO [0m:      	          (5, 5.0),
[92mINFO [0m:      	          (6, 5.0),
[92mINFO [0m:      	          (7, 5.0),
[92mINFO [0m:      	          (8, 5.0),
[92mINFO [0m:      	          (9, 5.0),
[92mINFO [0m:      	          (10, 5.0),
[92mINFO [0m:      	          (11, 5.0),
[92mINFO [0m:      	          (12, 5.0),
[92mINFO [0m:      	          (13, 5.0),
[92mINFO [0m:      	          (14, 5.0),
[92mINFO [0m:      	          (15, 5.0),
[92mINFO [0m:      	          (16, 5.0),
[92mINFO [0m:      	          (17, 5.0),
[92mINFO [0m:      	          (18, 5.0),
[92mINFO [0m:      	          (19, 5.0),
[92mINFO [0m:      	          (20, 5.0),
[92mINFO [0m:      	          (21, 5.0),
[92mINFO [0m:      	          (22, 5.0),
[92mINFO [0m:      	          (23, 5.0),
[92mINFO [0m:      	          (24, 5.0),
[92mINFO [0m:      	          (25, 5.0),
[92mINFO [0m:      	          (26, 5.0),
[92mINFO [0m:      	          (27, 5.0),
[92mINFO [0m:      	          (28, 5.0),
[92mINFO [0m:      	          (29, 5.0),
[92mINFO [0m:      	          (30, 5.0),
[92mINFO [0m:      	          (31, 5.0),
[92mINFO [0m:      	          (32, 5.0),
[92mINFO [0m:      	          (33, 5.0),
[92mINFO [0m:      	          (34, 5.0),
[92mINFO [0m:      	          (35, 5.0),
[92mINFO [0m:      	          (36, 5.0),
[92mINFO [0m:      	          (37, 5.0),
[92mINFO [0m:      	          (38, 5.0),
[92mINFO [0m:      	          (39, 5.0),
[92mINFO [0m:      	          (40, 5.0),
[92mINFO [0m:      	          (41, 5.0),
[92mINFO [0m:      	          (42, 5.0),
[92mINFO [0m:      	          (43, 5.0),
[92mINFO [0m:      	          (44, 5.0),
[92mINFO [0m:      	          (45, 5.0),
[92mINFO [0m:      	          (46, 5.0),
[92mINFO [0m:      	          (47, 5.0),
[92mINFO [0m:      	          (48, 5.0),
[92mINFO [0m:      	          (49, 5.0),
[92mINFO [0m:      	          (50, 5.0),
[92mINFO [0m:      	          (51, 5.0),
[92mINFO [0m:      	          (52, 5.0),
[92mINFO [0m:      	          (53, 5.0),
[92mINFO [0m:      	          (54, 5.0),
[92mINFO [0m:      	          (55, 5.0),
[92mINFO [0m:      	          (56, 5.0),
[92mINFO [0m:      	          (57, 5.0),
[92mINFO [0m:      	          (58, 5.0),
[92mINFO [0m:      	          (59, 5.0),
[92mINFO [0m:      	          (60, 5.0)]}
[92mINFO [0m:      	History (metrics, centralized):
[92mINFO [0m:      	{'accuracy': [(0, 0.1),
[92mINFO [0m:      	              (1, 0.2055),
[92mINFO [0m:      	              (2, 0.2611),
[92mINFO [0m:      	              (3, 0.3478),
[92mINFO [0m:      	              (4, 0.3883),
[92mINFO [0m:      	              (5, 0.4416),
[92mINFO [0m:      	              (6, 0.4533),
[92mINFO [0m:      	              (7, 0.4311),
[92mINFO [0m:      	              (8, 0.5067),
[92mINFO [0m:      	              (9, 0.5303),
[92mINFO [0m:      	              (10, 0.5408),
[92mINFO [0m:      	              (11, 0.5726),
[92mINFO [0m:      	              (12, 0.5994),
[92mINFO [0m:      	              (13, 0.5431),
[92mINFO [0m:      	              (14, 0.5826),
[92mINFO [0m:      	              (15, 0.6287),
[92mINFO [0m:      	              (16, 0.6163),
[92mINFO [0m:      	              (17, 0.6353),
[92mINFO [0m:      	              (18, 0.6156),
[92mINFO [0m:      	              (19, 0.6298),
[92mINFO [0m:      	              (20, 0.6675),
[92mINFO [0m:      	              (21, 0.6312),
[92mINFO [0m:      	              (22, 0.7061),
[92mINFO [0m:      	              (23, 0.6533),
[92mINFO [0m:      	              (24, 0.6998),
[92mINFO [0m:      	              (25, 0.6794),
[92mINFO [0m:      	              (26, 0.65),
[92mINFO [0m:      	              (27, 0.7209),
[92mINFO [0m:      	              (28, 0.7011),
[92mINFO [0m:      	              (29, 0.6632),
[92mINFO [0m:      	              (30, 0.712),
[92mINFO [0m:      	              (31, 0.7478),
[92mINFO [0m:      	              (32, 0.7109),
[92mINFO [0m:      	              (33, 0.6905),
[92mINFO [0m:      	              (34, 0.7307),
[92mINFO [0m:      	              (35, 0.7333),
[92mINFO [0m:      	              (36, 0.7377),
[92mINFO [0m:      	              (37, 0.7051),
[92mINFO [0m:      	              (38, 0.7402),
[92mINFO [0m:      	              (39, 0.742),
[92mINFO [0m:      	              (40, 0.7691),
[92mINFO [0m:      	              (41, 0.7691),
[92mINFO [0m:      	              (42, 0.6132),
[92mINFO [0m:      	              (43, 0.7233),
[92mINFO [0m:      	              (44, 0.7602),
[92mINFO [0m:      	              (45, 0.7602),
[92mINFO [0m:      	              (46, 0.7695),
[92mINFO [0m:      	              (47, 0.7695),
[92mINFO [0m:      	              (48, 0.732),
[92mINFO [0m:      	              (49, 0.7588),
[92mINFO [0m:      	              (50, 0.7588),
[92mINFO [0m:      	              (51, 0.7719),
[92mINFO [0m:      	              (52, 0.7431),
[92mINFO [0m:      	              (53, 0.8042),
[92mINFO [0m:      	              (54, 0.7709),
[92mINFO [0m:      	              (55, 0.7709),
[92mINFO [0m:      	              (56, 0.7934),
[92mINFO [0m:      	              (57, 0.7934),
[92mINFO [0m:      	              (58, 0.7932),
[92mINFO [0m:      	              (59, 0.7932),
[92mINFO [0m:      	              (60, 0.7545)]}
[92mINFO [0m:      
[36m(ClientAppActor pid=482288)[0m [2026-03-06 02:45:13,513 E 482288 482846] core_worker_process.cc:825: Failed to establish connection to the metrics exporter agent. Metrics will not be exported. Exporter agent status: RpcError: Running out of retries to initialize the metrics agent. rpc_code: 14[32m [repeated 4x across cluster][0m
