/root/miniconda3/envs/moga-fl/lib/python3.10/site-packages/torch/cuda/__init__.py:65: FutureWarning: The pynvml package is deprecated. Please install nvidia-ml-py instead. If you did not install pynvml directly, please report this to the maintainers of the package that installed pynvml for you.
  import pynvml  # type: ignore[import]
[93mWARNING [0m:   DEPRECATED FEATURE: flwr.simulation.start_simulation() is deprecated.
	Instead, use the `flwr run` CLI command to start a local simulation in your Flower app, as shown for example below:

		$ flwr new  # Create a new Flower app from a template

		$ flwr run  # Run the Flower app in Simulation Mode

	Using `start_simulation()` is deprecated.

            This is a deprecated feature. It will be removed
            entirely in future versions of Flower.
        
[92mINFO [0m:      Starting Flower simulation, config: num_rounds=60, no round_timeout
2026-03-05 00:45:01,437	WARNING utils.py:460 -- Detecting docker specified CPUs. In previous versions of Ray, CPU detection in containers was incorrect. Please ensure that Ray has enough CPUs allocated. As a temporary workaround to revert to the prior behavior, set `RAY_USE_MULTIPROCESSING_CPU_COUNT=1` as an env var before starting Ray. Set the env var: `RAY_DISABLE_DOCKER_CPU_WARNING=1` to mute this warning.
2026-03-05 00:45:01,682	INFO worker.py:2012 -- Started a local Ray instance.
/root/miniconda3/envs/moga-fl/lib/python3.10/site-packages/ray/_private/worker.py:2051: FutureWarning: Tip: In future versions of Ray, Ray will no longer override accelerator visible devices env var if num_gpus=0 or num_gpus=None (default). To enable this behavior and turn off this error message, set RAY_ACCEL_ENV_VAR_OVERRIDE_ON_ZERO=0
  warnings.warn(
[92mINFO [0m:      Flower VCE: Ray initialized with resources: {'accelerator_type:G': 1.0, 'node:172.17.0.6': 1.0, 'memory': 65912159847.0, 'CPU': 25.0, 'node:__internal_head__': 1.0, 'GPU': 1.0, 'object_store_memory': 28248068505.0}
[92mINFO [0m:      Optimize your simulation with Flower VCE: https://flower.ai/docs/framework/how-to-run-simulations.html
[92mINFO [0m:      Flower VCE: Resources for each Virtual Client: {'num_cpus': 2.0, 'num_gpus': 0.25}
[92mINFO [0m:      Flower VCE: Creating VirtualClientEngineActorPool with 4 actors
[92mINFO [0m:      [INIT]
[92mINFO [0m:      Using initial global parameters provided by strategy
[92mINFO [0m:      Starting evaluation of initial global parameters
[92mINFO [0m:      initial parameters (loss, other metrics): 3.5699364686314063, {'accuracy': 0.1}
[92mINFO [0m:      
[92mINFO [0m:      [ROUND 1]
[92mINFO [0m:      configure_fit: strategy sampled 5 clients (out of 10)
[36m(ClientAppActor pid=117848)[0m /root/miniconda3/envs/moga-fl/lib/python3.10/site-packages/torch/cuda/__init__.py:65: FutureWarning: The pynvml package is deprecated. Please install nvidia-ml-py instead. If you did not install pynvml directly, please report this to the maintainers of the package that installed pynvml for you.
[36m(ClientAppActor pid=117848)[0m   import pynvml  # type: ignore[import]
[92mINFO [0m:      aggregate_fit: received 5 results and 0 failures
[92mINFO [0m:      fit progress: (1, 2.363444174392314, {'accuracy': 0.2366}, 14.63102482445538)
[92mINFO [0m:      configure_evaluate: no clients selected, skipping evaluation
[92mINFO [0m:      
[92mINFO [0m:      [ROUND 2]
[92mINFO [0m:      configure_fit: strategy sampled 5 clients (out of 10)
[92mINFO [0m:      aggregate_fit: received 5 results and 0 failures
[92mINFO [0m:      fit progress: (2, 2.363444174392314, {'accuracy': 0.2366}, 25.72313312906772)
[92mINFO [0m:      configure_evaluate: no clients selected, skipping evaluation
[92mINFO [0m:      
[92mINFO [0m:      [ROUND 3]
[92mINFO [0m:      configure_fit: strategy sampled 5 clients (out of 10)
[36m(pid=gcs_server)[0m [2026-03-05 00:45:30,916 E 117330 117330] (gcs_server) gcs_server.cc:302: Failed to establish connection to the event+metrics exporter agent. Events and metrics will not be exported. Exporter agent status: RpcError: Running out of retries to initialize the metrics agent. rpc_code: 14
[36m(ClientAppActor pid=117841)[0m /root/miniconda3/envs/moga-fl/lib/python3.10/site-packages/torch/cuda/__init__.py:65: FutureWarning: The pynvml package is deprecated. Please install nvidia-ml-py instead. If you did not install pynvml directly, please report this to the maintainers of the package that installed pynvml for you.[32m [repeated 3x across cluster] (Ray deduplicates logs by default. Set RAY_DEDUP_LOGS=0 to disable log deduplication, or see https://docs.ray.io/en/master/ray-observability/user-guides/configure-logging.html#log-deduplication for more options.)[0m
[36m(ClientAppActor pid=117841)[0m   import pynvml  # type: ignore[import][32m [repeated 3x across cluster][0m
[33m(raylet)[0m [2026-03-05 00:45:31,615 E 117707 117707] (raylet) main.cc:975: Failed to establish connection to the metrics exporter agent. Metrics will not be exported. Exporter agent status: RpcError: Running out of retries to initialize the metrics agent. rpc_code: 14
[36m(ClientAppActor pid=117841)[0m [2026-03-05 00:45:32,041 E 117841 118106] core_worker_process.cc:825: Failed to establish connection to the metrics exporter agent. Metrics will not be exported. Exporter agent status: RpcError: Running out of retries to initialize the metrics agent. rpc_code: 14
[2026-03-05 00:45:32,380 E 117195 117840] core_worker_process.cc:825: Failed to establish connection to the metrics exporter agent. Metrics will not be exported. Exporter agent status: RpcError: Running out of retries to initialize the metrics agent. rpc_code: 14
[92mINFO [0m:      aggregate_fit: received 5 results and 0 failures
[92mINFO [0m:      fit progress: (3, 2.2870767297624033, {'accuracy': 0.2618}, 37.30890559498221)
[92mINFO [0m:      configure_evaluate: no clients selected, skipping evaluation
[92mINFO [0m:      
[92mINFO [0m:      [ROUND 4]
[92mINFO [0m:      configure_fit: strategy sampled 5 clients (out of 10)
[92mINFO [0m:      aggregate_fit: received 5 results and 0 failures
[92mINFO [0m:      fit progress: (4, 2.1264733528789086, {'accuracy': 0.3029}, 48.07993735931814)
[92mINFO [0m:      configure_evaluate: no clients selected, skipping evaluation
[92mINFO [0m:      
[92mINFO [0m:      [ROUND 5]
[92mINFO [0m:      configure_fit: strategy sampled 5 clients (out of 10)
[92mINFO [0m:      aggregate_fit: received 5 results and 0 failures
[92mINFO [0m:      fit progress: (5, 2.938224330733094, {'accuracy': 0.3121}, 60.74247927963734)
[92mINFO [0m:      configure_evaluate: no clients selected, skipping evaluation
[92mINFO [0m:      
[92mINFO [0m:      [ROUND 6]
[92mINFO [0m:      configure_fit: strategy sampled 5 clients (out of 10)
[92mINFO [0m:      aggregate_fit: received 5 results and 0 failures
[92mINFO [0m:      fit progress: (6, 1.811478774758834, {'accuracy': 0.3877}, 70.92929731868207)
[92mINFO [0m:      configure_evaluate: no clients selected, skipping evaluation
[92mINFO [0m:      
[92mINFO [0m:      [ROUND 7]
[92mINFO [0m:      configure_fit: strategy sampled 5 clients (out of 10)
[92mINFO [0m:      aggregate_fit: received 5 results and 0 failures
[92mINFO [0m:      fit progress: (7, 1.7824448694156696, {'accuracy': 0.3874}, 80.76069617643952)
[92mINFO [0m:      configure_evaluate: no clients selected, skipping evaluation
[92mINFO [0m:      
[92mINFO [0m:      [ROUND 8]
[92mINFO [0m:      configure_fit: strategy sampled 5 clients (out of 10)
[92mINFO [0m:      aggregate_fit: received 5 results and 0 failures
[92mINFO [0m:      fit progress: (8, 1.538198721559742, {'accuracy': 0.4652}, 91.72152137383819)
[92mINFO [0m:      configure_evaluate: no clients selected, skipping evaluation
[92mINFO [0m:      
[92mINFO [0m:      [ROUND 9]
[92mINFO [0m:      configure_fit: strategy sampled 5 clients (out of 10)
[92mINFO [0m:      aggregate_fit: received 5 results and 0 failures
[92mINFO [0m:      fit progress: (9, 1.5908501751815216, {'accuracy': 0.4531}, 102.40501516032964)
[92mINFO [0m:      configure_evaluate: no clients selected, skipping evaluation
[92mINFO [0m:      
[92mINFO [0m:      [ROUND 10]
[92mINFO [0m:      configure_fit: strategy sampled 5 clients (out of 10)
[92mINFO [0m:      aggregate_fit: received 5 results and 0 failures
[92mINFO [0m:      fit progress: (10, 2.18659081489225, {'accuracy': 0.451}, 113.26967498846352)
[92mINFO [0m:      configure_evaluate: no clients selected, skipping evaluation
[92mINFO [0m:      
[92mINFO [0m:      [ROUND 11]
[92mINFO [0m:      configure_fit: strategy sampled 5 clients (out of 10)
[92mINFO [0m:      aggregate_fit: received 5 results and 0 failures
[92mINFO [0m:      fit progress: (11, 2.2335871820208393, {'accuracy': 0.4535}, 126.34973985422403)
[92mINFO [0m:      configure_evaluate: no clients selected, skipping evaluation
[92mINFO [0m:      
[92mINFO [0m:      [ROUND 12]
[92mINFO [0m:      configure_fit: strategy sampled 5 clients (out of 10)
[92mINFO [0m:      aggregate_fit: received 5 results and 0 failures
[92mINFO [0m:      fit progress: (12, 2.2335871820208393, {'accuracy': 0.4535}, 135.94153491593897)
[92mINFO [0m:      configure_evaluate: no clients selected, skipping evaluation
[92mINFO [0m:      
[92mINFO [0m:      [ROUND 13]
[92mINFO [0m:      configure_fit: strategy sampled 5 clients (out of 10)
[92mINFO [0m:      aggregate_fit: received 5 results and 0 failures
[92mINFO [0m:      fit progress: (13, 2.2868443591685237, {'accuracy': 0.4482}, 148.67939592245966)
[92mINFO [0m:      configure_evaluate: no clients selected, skipping evaluation
[92mINFO [0m:      
[92mINFO [0m:      [ROUND 14]
[92mINFO [0m:      configure_fit: strategy sampled 5 clients (out of 10)
[92mINFO [0m:      aggregate_fit: received 5 results and 0 failures
[92mINFO [0m:      fit progress: (14, 1.4763547619686852, {'accuracy': 0.5261}, 158.29212083574384)
[92mINFO [0m:      configure_evaluate: no clients selected, skipping evaluation
[92mINFO [0m:      
[92mINFO [0m:      [ROUND 15]
[92mINFO [0m:      configure_fit: strategy sampled 5 clients (out of 10)
[92mINFO [0m:      aggregate_fit: received 5 results and 0 failures
[92mINFO [0m:      fit progress: (15, 1.4763547619686852, {'accuracy': 0.5261}, 171.0922371437773)
[92mINFO [0m:      configure_evaluate: no clients selected, skipping evaluation
[92mINFO [0m:      
[92mINFO [0m:      [ROUND 16]
[92mINFO [0m:      configure_fit: strategy sampled 5 clients (out of 10)
[92mINFO [0m:      aggregate_fit: received 5 results and 0 failures
[92mINFO [0m:      fit progress: (16, 1.3986368601835226, {'accuracy': 0.5344}, 180.86473951954395)
[92mINFO [0m:      configure_evaluate: no clients selected, skipping evaluation
[92mINFO [0m:      
[92mINFO [0m:      [ROUND 17]
[92mINFO [0m:      configure_fit: strategy sampled 5 clients (out of 10)
[92mINFO [0m:      aggregate_fit: received 5 results and 0 failures
[92mINFO [0m:      fit progress: (17, 1.8903227999240537, {'accuracy': 0.4362}, 191.12807056959718)
[92mINFO [0m:      configure_evaluate: no clients selected, skipping evaluation
[92mINFO [0m:      
[92mINFO [0m:      [ROUND 18]
[92mINFO [0m:      configure_fit: strategy sampled 5 clients (out of 10)
[92mINFO [0m:      aggregate_fit: received 5 results and 0 failures
[92mINFO [0m:      fit progress: (18, 1.9950358912914614, {'accuracy': 0.426}, 200.92124016676098)
[92mINFO [0m:      configure_evaluate: no clients selected, skipping evaluation
[92mINFO [0m:      
[92mINFO [0m:      [ROUND 19]
[92mINFO [0m:      configure_fit: strategy sampled 5 clients (out of 10)
[92mINFO [0m:      aggregate_fit: received 5 results and 0 failures
[92mINFO [0m:      fit progress: (19, 1.950580198553544, {'accuracy': 0.441}, 211.42921435367316)
[92mINFO [0m:      configure_evaluate: no clients selected, skipping evaluation
[92mINFO [0m:      
[92mINFO [0m:      [ROUND 20]
[92mINFO [0m:      configure_fit: strategy sampled 5 clients (out of 10)
[92mINFO [0m:      aggregate_fit: received 5 results and 0 failures
[92mINFO [0m:      fit progress: (20, 1.3881326544133923, {'accuracy': 0.5447}, 222.6136400103569)
[92mINFO [0m:      configure_evaluate: no clients selected, skipping evaluation
[92mINFO [0m:      
[92mINFO [0m:      [ROUND 21]
[92mINFO [0m:      configure_fit: strategy sampled 5 clients (out of 10)
[92mINFO [0m:      aggregate_fit: received 5 results and 0 failures
[92mINFO [0m:      fit progress: (21, 1.496534629713131, {'accuracy': 0.5209}, 235.22695926297456)
[92mINFO [0m:      configure_evaluate: no clients selected, skipping evaluation
[92mINFO [0m:      
[92mINFO [0m:      [ROUND 22]
[92mINFO [0m:      configure_fit: strategy sampled 5 clients (out of 10)
[92mINFO [0m:      aggregate_fit: received 5 results and 0 failures
[92mINFO [0m:      fit progress: (22, 1.0850269145603422, {'accuracy': 0.615}, 245.40722238831222)
[92mINFO [0m:      configure_evaluate: no clients selected, skipping evaluation
[92mINFO [0m:      
[92mINFO [0m:      [ROUND 23]
[92mINFO [0m:      configure_fit: strategy sampled 5 clients (out of 10)
[92mINFO [0m:      aggregate_fit: received 5 results and 0 failures
[92mINFO [0m:      fit progress: (23, 1.09195231863215, {'accuracy': 0.6282}, 256.9559198683128)
[92mINFO [0m:      configure_evaluate: no clients selected, skipping evaluation
[92mINFO [0m:      
[92mINFO [0m:      [ROUND 24]
[92mINFO [0m:      configure_fit: strategy sampled 5 clients (out of 10)
[92mINFO [0m:      aggregate_fit: received 5 results and 0 failures
[92mINFO [0m:      fit progress: (24, 1.001890761942803, {'accuracy': 0.6447}, 269.6550921276212)
[92mINFO [0m:      configure_evaluate: no clients selected, skipping evaluation
[92mINFO [0m:      
[92mINFO [0m:      [ROUND 25]
[92mINFO [0m:      configure_fit: strategy sampled 5 clients (out of 10)
[92mINFO [0m:      aggregate_fit: received 5 results and 0 failures
[92mINFO [0m:      fit progress: (25, 0.9919053436834601, {'accuracy': 0.6727}, 282.23980115540326)
[92mINFO [0m:      configure_evaluate: no clients selected, skipping evaluation
[92mINFO [0m:      
[92mINFO [0m:      [ROUND 26]
[92mINFO [0m:      configure_fit: strategy sampled 5 clients (out of 10)
[92mINFO [0m:      aggregate_fit: received 5 results and 0 failures
[92mINFO [0m:      fit progress: (26, 1.0097554793840722, {'accuracy': 0.7033}, 295.1874581743032)
[92mINFO [0m:      configure_evaluate: no clients selected, skipping evaluation
[92mINFO [0m:      
[92mINFO [0m:      [ROUND 27]
[92mINFO [0m:      configure_fit: strategy sampled 5 clients (out of 10)
[92mINFO [0m:      aggregate_fit: received 5 results and 0 failures
[92mINFO [0m:      fit progress: (27, 0.9251144513299193, {'accuracy': 0.6775}, 306.2311137765646)
[92mINFO [0m:      configure_evaluate: no clients selected, skipping evaluation
[92mINFO [0m:      
[92mINFO [0m:      [ROUND 28]
[92mINFO [0m:      configure_fit: strategy sampled 5 clients (out of 10)
[92mINFO [0m:      aggregate_fit: received 5 results and 0 failures
[92mINFO [0m:      fit progress: (28, 0.9272699959670441, {'accuracy': 0.6757}, 319.00541316345334)
[92mINFO [0m:      configure_evaluate: no clients selected, skipping evaluation
[92mINFO [0m:      
[92mINFO [0m:      [ROUND 29]
[92mINFO [0m:      configure_fit: strategy sampled 5 clients (out of 10)
[92mINFO [0m:      aggregate_fit: received 5 results and 0 failures
[92mINFO [0m:      fit progress: (29, 1.2279981706715837, {'accuracy': 0.6058}, 330.5991593217477)
[92mINFO [0m:      configure_evaluate: no clients selected, skipping evaluation
[92mINFO [0m:      
[92mINFO [0m:      [ROUND 30]
[92mINFO [0m:      configure_fit: strategy sampled 5 clients (out of 10)
[92mINFO [0m:      aggregate_fit: received 5 results and 0 failures
[92mINFO [0m:      fit progress: (30, 1.18385250281684, {'accuracy': 0.6137}, 342.2906103618443)
[92mINFO [0m:      configure_evaluate: no clients selected, skipping evaluation
[92mINFO [0m:      
[92mINFO [0m:      [ROUND 31]
[92mINFO [0m:      configure_fit: strategy sampled 5 clients (out of 10)
[92mINFO [0m:      aggregate_fit: received 5 results and 0 failures
[92mINFO [0m:      fit progress: (31, 0.8739836570582812, {'accuracy': 0.699}, 355.18095723260194)
[92mINFO [0m:      configure_evaluate: no clients selected, skipping evaluation
[92mINFO [0m:      
[92mINFO [0m:      [ROUND 32]
[92mINFO [0m:      configure_fit: strategy sampled 5 clients (out of 10)
[92mINFO [0m:      aggregate_fit: received 5 results and 0 failures
[92mINFO [0m:      fit progress: (32, 0.8353225777420816, {'accuracy': 0.705}, 366.6024208050221)
[92mINFO [0m:      configure_evaluate: no clients selected, skipping evaluation
[92mINFO [0m:      
[92mINFO [0m:      [ROUND 33]
[92mINFO [0m:      configure_fit: strategy sampled 5 clients (out of 10)
[92mINFO [0m:      aggregate_fit: received 5 results and 0 failures
[92mINFO [0m:      fit progress: (33, 0.9017592208294929, {'accuracy': 0.6908}, 379.4292810559273)
[92mINFO [0m:      configure_evaluate: no clients selected, skipping evaluation
[92mINFO [0m:      
[92mINFO [0m:      [ROUND 34]
[92mINFO [0m:      configure_fit: strategy sampled 5 clients (out of 10)
[92mINFO [0m:      aggregate_fit: received 5 results and 0 failures
[92mINFO [0m:      fit progress: (34, 0.8732068848006332, {'accuracy': 0.6984}, 389.79957178235054)
[92mINFO [0m:      configure_evaluate: no clients selected, skipping evaluation
[92mINFO [0m:      
[92mINFO [0m:      [ROUND 35]
[92mINFO [0m:      configure_fit: strategy sampled 5 clients (out of 10)
[92mINFO [0m:      aggregate_fit: received 5 results and 0 failures
[92mINFO [0m:      fit progress: (35, 0.9559303356122367, {'accuracy': 0.684}, 401.4956717453897)
[92mINFO [0m:      configure_evaluate: no clients selected, skipping evaluation
[92mINFO [0m:      
[92mINFO [0m:      [ROUND 36]
[92mINFO [0m:      configure_fit: strategy sampled 5 clients (out of 10)
[92mINFO [0m:      aggregate_fit: received 5 results and 0 failures
[92mINFO [0m:      fit progress: (36, 0.8314767178100876, {'accuracy': 0.7175}, 414.1200574161485)
[92mINFO [0m:      configure_evaluate: no clients selected, skipping evaluation
[92mINFO [0m:      
[92mINFO [0m:      [ROUND 37]
[92mINFO [0m:      configure_fit: strategy sampled 5 clients (out of 10)
[92mINFO [0m:      aggregate_fit: received 5 results and 0 failures
[92mINFO [0m:      fit progress: (37, 0.851197591310815, {'accuracy': 0.7329}, 426.96290514897555)
[92mINFO [0m:      configure_evaluate: no clients selected, skipping evaluation
[92mINFO [0m:      
[92mINFO [0m:      [ROUND 38]
[92mINFO [0m:      configure_fit: strategy sampled 5 clients (out of 10)
[92mINFO [0m:      aggregate_fit: received 5 results and 0 failures
[92mINFO [0m:      fit progress: (38, 0.7896608393403548, {'accuracy': 0.7209}, 439.85338443890214)
[92mINFO [0m:      configure_evaluate: no clients selected, skipping evaluation
[92mINFO [0m:      
[92mINFO [0m:      [ROUND 39]
[92mINFO [0m:      configure_fit: strategy sampled 5 clients (out of 10)
[92mINFO [0m:      aggregate_fit: received 5 results and 0 failures
[92mINFO [0m:      fit progress: (39, 0.8472153453887263, {'accuracy': 0.7071}, 450.43936719186604)
[92mINFO [0m:      configure_evaluate: no clients selected, skipping evaluation
[92mINFO [0m:      
[92mINFO [0m:      [ROUND 40]
[92mINFO [0m:      configure_fit: strategy sampled 5 clients (out of 10)
[92mINFO [0m:      aggregate_fit: received 5 results and 0 failures
[92mINFO [0m:      fit progress: (40, 0.8660154636902145, {'accuracy': 0.7241}, 461.17792954295874)
[92mINFO [0m:      configure_evaluate: no clients selected, skipping evaluation
[92mINFO [0m:      
[92mINFO [0m:      [ROUND 41]
[92mINFO [0m:      configure_fit: strategy sampled 5 clients (out of 10)
[92mINFO [0m:      aggregate_fit: received 5 results and 0 failures
[92mINFO [0m:      fit progress: (41, 0.9255545320390146, {'accuracy': 0.6809}, 471.7524725459516)
[92mINFO [0m:      configure_evaluate: no clients selected, skipping evaluation
[92mINFO [0m:      
[92mINFO [0m:      [ROUND 42]
[92mINFO [0m:      configure_fit: strategy sampled 5 clients (out of 10)
[92mINFO [0m:      aggregate_fit: received 5 results and 0 failures
[92mINFO [0m:      fit progress: (42, 1.2410067146337485, {'accuracy': 0.6148}, 483.3266036976129)
[92mINFO [0m:      configure_evaluate: no clients selected, skipping evaluation
[92mINFO [0m:      
[92mINFO [0m:      [ROUND 43]
[92mINFO [0m:      configure_fit: strategy sampled 5 clients (out of 10)
[92mINFO [0m:      aggregate_fit: received 5 results and 0 failures
[92mINFO [0m:      fit progress: (43, 1.3267312381840959, {'accuracy': 0.6187}, 494.0453670239076)
[92mINFO [0m:      configure_evaluate: no clients selected, skipping evaluation
[92mINFO [0m:      
[92mINFO [0m:      [ROUND 44]
[92mINFO [0m:      configure_fit: strategy sampled 5 clients (out of 10)
[92mINFO [0m:      aggregate_fit: received 5 results and 0 failures
[92mINFO [0m:      fit progress: (44, 2.879979534994198, {'accuracy': 0.4601}, 503.5695165768266)
[92mINFO [0m:      configure_evaluate: no clients selected, skipping evaluation
[92mINFO [0m:      
[92mINFO [0m:      [ROUND 45]
[92mINFO [0m:      configure_fit: strategy sampled 5 clients (out of 10)
[92mINFO [0m:      aggregate_fit: received 5 results and 0 failures
[92mINFO [0m:      fit progress: (45, 2.879979534994198, {'accuracy': 0.4601}, 514.2614146815613)
[92mINFO [0m:      configure_evaluate: no clients selected, skipping evaluation
[92mINFO [0m:      
[92mINFO [0m:      [ROUND 46]
[92mINFO [0m:      configure_fit: strategy sampled 5 clients (out of 10)
[92mINFO [0m:      aggregate_fit: received 5 results and 0 failures
[92mINFO [0m:      fit progress: (46, 0.7947607696810856, {'accuracy': 0.7302}, 524.9630945613608)
[92mINFO [0m:      configure_evaluate: no clients selected, skipping evaluation
[92mINFO [0m:      
[92mINFO [0m:      [ROUND 47]
[92mINFO [0m:      configure_fit: strategy sampled 5 clients (out of 10)
[92mINFO [0m:      aggregate_fit: received 5 results and 0 failures
[92mINFO [0m:      fit progress: (47, 0.7890122306497791, {'accuracy': 0.7378}, 534.6514168409631)
[92mINFO [0m:      configure_evaluate: no clients selected, skipping evaluation
[92mINFO [0m:      
[92mINFO [0m:      [ROUND 48]
[92mINFO [0m:      configure_fit: strategy sampled 5 clients (out of 10)
[92mINFO [0m:      aggregate_fit: received 5 results and 0 failures
[92mINFO [0m:      fit progress: (48, 1.7035937384714055, {'accuracy': 0.5609}, 546.7656788239256)
[92mINFO [0m:      configure_evaluate: no clients selected, skipping evaluation
[92mINFO [0m:      
[92mINFO [0m:      [ROUND 49]
[92mINFO [0m:      configure_fit: strategy sampled 5 clients (out of 10)
[92mINFO [0m:      aggregate_fit: received 5 results and 0 failures
[92mINFO [0m:      fit progress: (49, 0.9710729024078273, {'accuracy': 0.6911}, 558.0168002266437)
[92mINFO [0m:      configure_evaluate: no clients selected, skipping evaluation
[92mINFO [0m:      
[92mINFO [0m:      [ROUND 50]
[92mINFO [0m:      configure_fit: strategy sampled 5 clients (out of 10)
[92mINFO [0m:      aggregate_fit: received 5 results and 0 failures
[92mINFO [0m:      fit progress: (50, 0.9710729024078273, {'accuracy': 0.6911}, 568.234084032476)
[92mINFO [0m:      configure_evaluate: no clients selected, skipping evaluation
[92mINFO [0m:      
[92mINFO [0m:      [ROUND 51]
[92mINFO [0m:      configure_fit: strategy sampled 5 clients (out of 10)
[92mINFO [0m:      aggregate_fit: received 5 results and 0 failures
[92mINFO [0m:      fit progress: (51, 0.9459439742414257, {'accuracy': 0.7102}, 578.9250417528674)
[92mINFO [0m:      configure_evaluate: no clients selected, skipping evaluation
[92mINFO [0m:      
[92mINFO [0m:      [ROUND 52]
[92mINFO [0m:      configure_fit: strategy sampled 5 clients (out of 10)
[92mINFO [0m:      aggregate_fit: received 5 results and 0 failures
[92mINFO [0m:      fit progress: (52, 0.8339308183404464, {'accuracy': 0.7293}, 589.5691964896396)
[92mINFO [0m:      configure_evaluate: no clients selected, skipping evaluation
[92mINFO [0m:      
[92mINFO [0m:      [ROUND 53]
[92mINFO [0m:      configure_fit: strategy sampled 5 clients (out of 10)
[92mINFO [0m:      aggregate_fit: received 5 results and 0 failures
[92mINFO [0m:      fit progress: (53, 1.2199577228932441, {'accuracy': 0.6507}, 599.858507649973)
[92mINFO [0m:      configure_evaluate: no clients selected, skipping evaluation
[92mINFO [0m:      
[92mINFO [0m:      [ROUND 54]
[92mINFO [0m:      configure_fit: strategy sampled 5 clients (out of 10)
[92mINFO [0m:      aggregate_fit: received 5 results and 0 failures
[92mINFO [0m:      fit progress: (54, 1.7461041196992126, {'accuracy': 0.6102}, 611.0123935770243)
[92mINFO [0m:      configure_evaluate: no clients selected, skipping evaluation
[92mINFO [0m:      
[92mINFO [0m:      [ROUND 55]
[92mINFO [0m:      configure_fit: strategy sampled 5 clients (out of 10)
[92mINFO [0m:      aggregate_fit: received 5 results and 0 failures
[92mINFO [0m:      fit progress: (55, 0.7842430668541148, {'accuracy': 0.7455}, 622.6010967483744)
[92mINFO [0m:      configure_evaluate: no clients selected, skipping evaluation
[92mINFO [0m:      
[92mINFO [0m:      [ROUND 56]
[92mINFO [0m:      configure_fit: strategy sampled 5 clients (out of 10)
[92mINFO [0m:      aggregate_fit: received 5 results and 0 failures
[92mINFO [0m:      fit progress: (56, 0.9502586480937426, {'accuracy': 0.7093}, 632.1448719957843)
[92mINFO [0m:      configure_evaluate: no clients selected, skipping evaluation
[92mINFO [0m:      
[92mINFO [0m:      [ROUND 57]
[92mINFO [0m:      configure_fit: strategy sampled 5 clients (out of 10)
[92mINFO [0m:      aggregate_fit: received 5 results and 0 failures
[92mINFO [0m:      fit progress: (57, 0.9817897277542308, {'accuracy': 0.6737}, 642.6317061306909)
[92mINFO [0m:      configure_evaluate: no clients selected, skipping evaluation
[92mINFO [0m:      
[92mINFO [0m:      [ROUND 58]
[92mINFO [0m:      configure_fit: strategy sampled 5 clients (out of 10)
[92mINFO [0m:      aggregate_fit: received 5 results and 0 failures
[92mINFO [0m:      fit progress: (58, 0.7331464864030669, {'accuracy': 0.7575}, 653.3064015740529)
[92mINFO [0m:      configure_evaluate: no clients selected, skipping evaluation
[92mINFO [0m:      
[92mINFO [0m:      [ROUND 59]
[92mINFO [0m:      configure_fit: strategy sampled 5 clients (out of 10)
[92mINFO [0m:      aggregate_fit: received 5 results and 0 failures
[92mINFO [0m:      fit progress: (59, 0.9923552772666835, {'accuracy': 0.6888}, 663.0677861748263)
[92mINFO [0m:      configure_evaluate: no clients selected, skipping evaluation
[92mINFO [0m:      
[92mINFO [0m:      [ROUND 60]
[92mINFO [0m:      configure_fit: strategy sampled 5 clients (out of 10)
[92mINFO [0m:      aggregate_fit: received 5 results and 0 failures
[92mINFO [0m:      fit progress: (60, 1.1823171015027203, {'accuracy': 0.6726}, 673.522423485294)
[92mINFO [0m:      configure_evaluate: no clients selected, skipping evaluation
[92mINFO [0m:      
[92mINFO [0m:      [SUMMARY]
[92mINFO [0m:      Run finished 60 round(s) in 673.52s
[92mINFO [0m:      	History (loss, centralized):
[92mINFO [0m:      		round 0: 3.5699364686314063
[92mINFO [0m:      		round 1: 2.363444174392314
[92mINFO [0m:      		round 2: 2.363444174392314
[92mINFO [0m:      		round 3: 2.2870767297624033
[92mINFO [0m:      		round 4: 2.1264733528789086
[92mINFO [0m:      		round 5: 2.938224330733094
[92mINFO [0m:      		round 6: 1.811478774758834
[92mINFO [0m:      		round 7: 1.7824448694156696
[92mINFO [0m:      		round 8: 1.538198721559742
[92mINFO [0m:      		round 9: 1.5908501751815216
[92mINFO [0m:      		round 10: 2.18659081489225
[92mINFO [0m:      		round 11: 2.2335871820208393
[92mINFO [0m:      		round 12: 2.2335871820208393
[92mINFO [0m:      		round 13: 2.2868443591685237
[92mINFO [0m:      		round 14: 1.4763547619686852
[92mINFO [0m:      		round 15: 1.4763547619686852
[92mINFO [0m:      		round 16: 1.3986368601835226
[92mINFO [0m:      		round 17: 1.8903227999240537
[92mINFO [0m:      		round 18: 1.9950358912914614
[92mINFO [0m:      		round 19: 1.950580198553544
[92mINFO [0m:      		round 20: 1.3881326544133923
[92mINFO [0m:      		round 21: 1.496534629713131
[92mINFO [0m:      		round 22: 1.0850269145603422
[92mINFO [0m:      		round 23: 1.09195231863215
[92mINFO [0m:      		round 24: 1.001890761942803
[92mINFO [0m:      		round 25: 0.9919053436834601
[92mINFO [0m:      		round 26: 1.0097554793840722
[92mINFO [0m:      		round 27: 0.9251144513299193
[92mINFO [0m:      		round 28: 0.9272699959670441
[92mINFO [0m:      		round 29: 1.2279981706715837
[92mINFO [0m:      		round 30: 1.18385250281684
[92mINFO [0m:      		round 31: 0.8739836570582812
[92mINFO [0m:      		round 32: 0.8353225777420816
[92mINFO [0m:      		round 33: 0.9017592208294929
[92mINFO [0m:      		round 34: 0.8732068848006332
[92mINFO [0m:      		round 35: 0.9559303356122367
[92mINFO [0m:      		round 36: 0.8314767178100876
[92mINFO [0m:      		round 37: 0.851197591310815
[92mINFO [0m:      		round 38: 0.7896608393403548
[92mINFO [0m:      		round 39: 0.8472153453887263
[92mINFO [0m:      		round 40: 0.8660154636902145
[92mINFO [0m:      		round 41: 0.9255545320390146
[92mINFO [0m:      		round 42: 1.2410067146337485
[92mINFO [0m:      		round 43: 1.3267312381840959
[92mINFO [0m:      		round 44: 2.879979534994198
[92mINFO [0m:      		round 45: 2.879979534994198
[92mINFO [0m:      		round 46: 0.7947607696810856
[92mINFO [0m:      		round 47: 0.7890122306497791
[92mINFO [0m:      		round 48: 1.7035937384714055
[92mINFO [0m:      		round 49: 0.9710729024078273
[92mINFO [0m:      		round 50: 0.9710729024078273
[92mINFO [0m:      		round 51: 0.9459439742414257
[92mINFO [0m:      		round 52: 0.8339308183404464
[92mINFO [0m:      		round 53: 1.2199577228932441
[92mINFO [0m:      		round 54: 1.7461041196992126
[92mINFO [0m:      		round 55: 0.7842430668541148
[92mINFO [0m:      		round 56: 0.9502586480937426
[92mINFO [0m:      		round 57: 0.9817897277542308
[92mINFO [0m:      		round 58: 0.7331464864030669
[92mINFO [0m:      		round 59: 0.9923552772666835
[92mINFO [0m:      		round 60: 1.1823171015027203
[92mINFO [0m:      	History (metrics, distributed, fit):
[92mINFO [0m:      	{'accuracy': [(1, 0.2366),
[92mINFO [0m:      	              (2, 0.2366),
[92mINFO [0m:      	              (3, 0.2618),
[92mINFO [0m:      	              (4, 0.3029),
[92mINFO [0m:      	              (5, 0.3121),
[92mINFO [0m:      	              (6, 0.3877),
[92mINFO [0m:      	              (7, 0.3874),
[92mINFO [0m:      	              (8, 0.4652),
[92mINFO [0m:      	              (9, 0.4531),
[92mINFO [0m:      	              (10, 0.451),
[92mINFO [0m:      	              (11, 0.4535),
[92mINFO [0m:      	              (12, 0.4535),
[92mINFO [0m:      	              (13, 0.4482),
[92mINFO [0m:      	              (14, 0.5261),
[92mINFO [0m:      	              (15, 0.5261),
[92mINFO [0m:      	              (16, 0.5344),
[92mINFO [0m:      	              (17, 0.4362),
[92mINFO [0m:      	              (18, 0.426),
[92mINFO [0m:      	              (19, 0.441),
[92mINFO [0m:      	              (20, 0.5447),
[92mINFO [0m:      	              (21, 0.5209),
[92mINFO [0m:      	              (22, 0.615),
[92mINFO [0m:      	              (23, 0.6282),
[92mINFO [0m:      	              (24, 0.6447),
[92mINFO [0m:      	              (25, 0.6727),
[92mINFO [0m:      	              (26, 0.7033),
[92mINFO [0m:      	              (27, 0.6775),
[92mINFO [0m:      	              (28, 0.6757),
[92mINFO [0m:      	              (29, 0.6058),
[92mINFO [0m:      	              (30, 0.6137),
[92mINFO [0m:      	              (31, 0.699),
[92mINFO [0m:      	              (32, 0.705),
[92mINFO [0m:      	              (33, 0.6908),
[92mINFO [0m:      	              (34, 0.6984),
[92mINFO [0m:      	              (35, 0.684),
[92mINFO [0m:      	              (36, 0.7175),
[92mINFO [0m:      	              (37, 0.7329),
[92mINFO [0m:      	              (38, 0.7209),
[92mINFO [0m:      	              (39, 0.7071),
[92mINFO [0m:      	              (40, 0.7241),
[92mINFO [0m:      	              (41, 0.6809),
[92mINFO [0m:      	              (42, 0.6148),
[92mINFO [0m:      	              (43, 0.6187),
[92mINFO [0m:      	              (44, 0.4601),
[92mINFO [0m:      	              (45, 0.4601),
[92mINFO [0m:      	              (46, 0.7302),
[92mINFO [0m:      	              (47, 0.7378),
[92mINFO [0m:      	              (48, 0.5609),
[92mINFO [0m:      	              (49, 0.6911),
[92mINFO [0m:      	              (50, 0.6911),
[92mINFO [0m:      	              (51, 0.7102),
[92mINFO [0m:      	              (52, 0.7293),
[92mINFO [0m:      	              (53, 0.6507),
[92mINFO [0m:      	              (54, 0.6102),
[92mINFO [0m:      	              (55, 0.7455),
[92mINFO [0m:      	              (56, 0.7093),
[92mINFO [0m:      	              (57, 0.6737),
[92mINFO [0m:      	              (58, 0.7575),
[92mINFO [0m:      	              (59, 0.6888),
[92mINFO [0m:      	              (60, 0.6726)],
[92mINFO [0m:      	 'avg_per': [(1, 0.6942569897333837),
[92mINFO [0m:      	             (2, 0.7633525243316861),
[92mINFO [0m:      	             (3, 0.6959288439479682),
[92mINFO [0m:      	             (4, 0.6725067364479657),
[92mINFO [0m:      	             (5, 0.7369570327263613),
[92mINFO [0m:      	             (6, 0.693127248345881),
[92mINFO [0m:      	             (7, 0.7204962068736291),
[92mINFO [0m:      	             (8, 0.6826400227923436),
[92mINFO [0m:      	             (9, 0.6432591114523114),
[92mINFO [0m:      	             (10, 0.7396252208196564),
[92mINFO [0m:      	             (11, 0.6443761611667901),
[92mINFO [0m:      	             (12, 0.6567817236489539),
[92mINFO [0m:      	             (13, 0.7334301920298965),
[92mINFO [0m:      	             (14, 0.6942395251876546),
[92mINFO [0m:      	             (15, 0.7100648495017036),
[92mINFO [0m:      	             (16, 0.6730840543483453),
[92mINFO [0m:      	             (17, 0.675818272688308),
[92mINFO [0m:      	             (18, 0.6404877572801404),
[92mINFO [0m:      	             (19, 0.6881086218369873),
[92mINFO [0m:      	             (20, 0.7576222440826246),
[92mINFO [0m:      	             (21, 0.124680694810631),
[92mINFO [0m:      	             (22, 0.08057193827192713),
[92mINFO [0m:      	             (23, 0.03729092800706435),
[92mINFO [0m:      	             (24, 0.10387981398854529),
[92mINFO [0m:      	             (25, 0.09765784439287899),
[92mINFO [0m:      	             (26, 0.10802199800326255),
[92mINFO [0m:      	             (27, 0.08154904775240673),
[92mINFO [0m:      	             (28, 0.0591977980871462),
[92mINFO [0m:      	             (29, 0.075209830292865),
[92mINFO [0m:      	             (30, 0.1060848364032398),
[92mINFO [0m:      	             (31, 0.13448052826266052),
[92mINFO [0m:      	             (32, 0.04775559965163015),
[92mINFO [0m:      	             (33, 0.07634009926415475),
[92mINFO [0m:      	             (34, 0.06013953145199199),
[92mINFO [0m:      	             (35, 0.06154902459044505),
[92mINFO [0m:      	             (36, 0.0733935935733401),
[92mINFO [0m:      	             (37, 0.10082679335255755),
[92mINFO [0m:      	             (38, 0.06336373170047618),
[92mINFO [0m:      	             (39, 0.06224347691456498),
[92mINFO [0m:      	             (40, 0.08819817709226406),
[92mINFO [0m:      	             (41, 0.6746559856594047),
[92mINFO [0m:      	             (42, 0.6583144759497999),
[92mINFO [0m:      	             (43, 0.6781211368143701),
[92mINFO [0m:      	             (44, 0.6812455983562925),
[92mINFO [0m:      	             (45, 0.7678267382168553),
[92mINFO [0m:      	             (46, 0.6613390442273379),
[92mINFO [0m:      	             (47, 0.672991190390116),
[92mINFO [0m:      	             (48, 0.6542796102034764),
[92mINFO [0m:      	             (49, 0.6928003195697308),
[92mINFO [0m:      	             (50, 0.7800777299245137),
[92mINFO [0m:      	             (51, 0.7200890470469259),
[92mINFO [0m:      	             (52, 0.612360019535007),
[92mINFO [0m:      	             (53, 0.6568300922650291),
[92mINFO [0m:      	             (54, 0.6407405784580347),
[92mINFO [0m:      	             (55, 0.7779825003357489),
[92mINFO [0m:      	             (56, 0.7216666080159122),
[92mINFO [0m:      	             (57, 0.614280580895249),
[92mINFO [0m:      	             (58, 0.6761208437562789),
[92mINFO [0m:      	             (59, 0.6477673368896883),
[92mINFO [0m:      	             (60, 0.6328517828622434)],
[92mINFO [0m:      	 'bw_factor': [(1, 1.0),
[92mINFO [0m:      	               (2, 0.8),
[92mINFO [0m:      	               (3, 0.8124876508647888),
[92mINFO [0m:      	               (4, 0.8355281882609642),
[92mINFO [0m:      	               (5, 0.8407616744948523),
[92mINFO [0m:      	               (6, 0.840101625938751),
[92mINFO [0m:      	               (7, 0.8307266853706192),
[92mINFO [0m:      	               (8, 0.8228542907904444),
[92mINFO [0m:      	               (9, 0.8484664615041045),
[92mINFO [0m:      	               (10, 0.850161428310143),
[92mINFO [0m:      	               (11, 0.8495950116736177),
[92mINFO [0m:      	               (12, 0.8417426622571375),
[92mINFO [0m:      	               (13, 0.8278930811833234),
[92mINFO [0m:      	               (14, 0.8551219600002541),
[92mINFO [0m:      	               (15, 0.8636052072545125),
[92mINFO [0m:      	               (16, 0.8613175469569716),
[92mINFO [0m:      	               (17, 0.8527060121766279),
[92mINFO [0m:      	               (18, 0.8448255445867823),
[92mINFO [0m:      	               (19, 0.8376112500163494),
[92mINFO [0m:      	               (20, 0.8214605984034105),
[92mINFO [0m:      	               (21, 0.8489246824200471),
[92mINFO [0m:      	               (22, 0.8404685332908197),
[92mINFO [0m:      	               (23, 0.8514787637204715),
[92mINFO [0m:      	               (24, 0.8527907762464698),
[92mINFO [0m:      	               (25, 0.8192264259910038),
[92mINFO [0m:      	               (26, 0.837982482271432),
[92mINFO [0m:      	               (27, 0.8289685816682436),
[92mINFO [0m:      	               (28, 0.8408677993867542),
[92mINFO [0m:      	               (29, 0.8372440074838516),
[92mINFO [0m:      	               (30, 0.8238974345851123),
[92mINFO [0m:      	               (31, 0.8324658132827706),
[92mINFO [0m:      	               (32, 0.8226754815001108),
[92mINFO [0m:      	               (33, 0.8374060020136311),
[92mINFO [0m:      	               (34, 0.8349933065024538),
[92mINFO [0m:      	               (35, 0.8289532267915051),
[92mINFO [0m:      	               (36, 0.8394960438897081),
[92mINFO [0m:      	               (37, 0.8285645123637528),
[92mINFO [0m:      	               (38, 0.8373412712305094),
[92mINFO [0m:      	               (39, 0.8277089980981291),
[92mINFO [0m:      	               (40, 0.8236024445239816),
[92mINFO [0m:      	               (41, 0.8336159795125513),
[92mINFO [0m:      	               (42, 0.8334333976138725),
[92mINFO [0m:      	               (43, 0.8329769152337226),
[92mINFO [0m:      	               (44, 0.8237805010956488),
[92mINFO [0m:      	               (45, 0.8243464346425106),
[92mINFO [0m:      	               (46, 0.8421953013185803),
[92mINFO [0m:      	               (47, 0.84923908216849),
[92mINFO [0m:      	               (48, 0.8512345273265324),
[92mINFO [0m:      	               (49, 0.837844884858526),
[92mINFO [0m:      	               (50, 0.8604187888233574),
[92mINFO [0m:      	               (51, 0.8491940911693706),
[92mINFO [0m:      	               (52, 0.8885741555503208),
[92mINFO [0m:      	               (53, 0.8968321818512366),
[92mINFO [0m:      	               (54, 0.8880717002240398),
[92mINFO [0m:      	               (55, 0.9026092893885014),
[92mINFO [0m:      	               (56, 0.9054243410446279),
[92mINFO [0m:      	               (57, 0.8990219068112152),
[92mINFO [0m:      	               (58, 0.9057691696502812),
[92mINFO [0m:      	               (59, 0.9006151971136241),
[92mINFO [0m:      	               (60, 0.8280825431616945)],
[92mINFO [0m:      	 'energy': [(1, 124.85573840356301),
[92mINFO [0m:      	            (2, 109.26418970707209),
[92mINFO [0m:      	            (3, 159.5825577051884),
[92mINFO [0m:      	            (4, 114.53069956023268),
[92mINFO [0m:      	            (5, 126.96238313940808),
[92mINFO [0m:      	            (6, 139.18572959100425),
[92mINFO [0m:      	            (7, 112.44428331431256),
[92mINFO [0m:      	            (8, 186.43711312200034),
[92mINFO [0m:      	            (9, 120.64228877629981),
[92mINFO [0m:      	            (10, 141.29775124176507),
[92mINFO [0m:      	            (11, 141.72367044298858),
[92mINFO [0m:      	            (12, 84.16877440560403),
[92mINFO [0m:      	            (13, 193.50641944718768),
[92mINFO [0m:      	            (14, 108.46649521263046),
[92mINFO [0m:      	            (15, 150.57720950476113),
[92mINFO [0m:      	            (16, 117.4965196313891),
[92mINFO [0m:      	            (17, 90.77450530208523),
[92mINFO [0m:      	            (18, 130.19266211185322),
[92mINFO [0m:      	            (19, 131.6575629111641),
[92mINFO [0m:      	            (20, 174.4366175481804),
[92mINFO [0m:      	            (21, 120.27574633379339),
[92mINFO [0m:      	            (22, 91.78091502036341),
[92mINFO [0m:      	            (23, 127.08030236684401),
[92mINFO [0m:      	            (24, 120.31824517896521),
[92mINFO [0m:      	            (25, 151.39572338500017),
[92mINFO [0m:      	            (26, 119.07423506716734),
[92mINFO [0m:      	            (27, 91.05048888265384),
[92mINFO [0m:      	            (28, 131.29077710969773),
[92mINFO [0m:      	            (29, 120.99735222712091),
[92mINFO [0m:      	            (30, 146.05904367445726),
[92mINFO [0m:      	            (31, 119.6498188312724),
[92mINFO [0m:      	            (32, 88.2602623290627),
[92mINFO [0m:      	            (33, 128.0452722079253),
[92mINFO [0m:      	            (34, 102.07925934711966),
[92mINFO [0m:      	            (35, 144.06035995957188),
[92mINFO [0m:      	            (36, 119.75626965983314),
[92mINFO [0m:      	            (37, 102.75761137545913),
[92mINFO [0m:      	            (38, 129.83183404071184),
[92mINFO [0m:      	            (39, 105.69464787898949),
[92mINFO [0m:      	            (40, 145.33098782733762),
[92mINFO [0m:      	            (41, 103.28830752934672),
[92mINFO [0m:      	            (42, 131.15865474537094),
[92mINFO [0m:      	            (43, 132.42512690210083),
[92mINFO [0m:      	            (44, 98.34682448862164),
[92mINFO [0m:      	            (45, 167.86402195958854),
[92mINFO [0m:      	            (46, 107.51070708001569),
[92mINFO [0m:      	            (47, 189.19645874819082),
[92mINFO [0m:      	            (48, 149.0122832656453),
[92mINFO [0m:      	            (49, 82.44596815423164),
[92mINFO [0m:      	            (50, 208.64585967616097),
[92mINFO [0m:      	            (51, 358.2401797150519),
[92mINFO [0m:      	            (52, 89.84514674301124),
[92mINFO [0m:      	            (53, 145.21309840457963),
[92mINFO [0m:      	            (54, 104.48688857815479),
[92mINFO [0m:      	            (55, 380.86384103226413),
[92mINFO [0m:      	            (56, 138.61426062489159),
[92mINFO [0m:      	            (57, 93.81732957776104),
[92mINFO [0m:      	            (58, 143.7461241158747),
[92mINFO [0m:      	            (59, 118.07164744876464),
[92mINFO [0m:      	            (60, 92.30064143473659)],
[92mINFO [0m:      	 'est_upload_time': [(1, 8.431738403563005),
[92mINFO [0m:      	                     (2, 10.464189707072082),
[92mINFO [0m:      	                     (3, 36.662557705188405),
[92mINFO [0m:      	                     (4, 4.738699560232665),
[92mINFO [0m:      	                     (5, 10.702383139408083),
[92mINFO [0m:      	                     (6, 22.761729591004237),
[92mINFO [0m:      	                     (7, 26.368283314312567),
[92mINFO [0m:      	                     (8, 63.51711312200033),
[92mINFO [0m:      	                     (9, 10.850288776299816),
[92mINFO [0m:      	                     (10, 25.037751241765076),
[92mINFO [0m:      	                     (11, 10.459670442988562),
[92mINFO [0m:      	                     (12, 6.552774405604025),
[92mINFO [0m:      	                     (13, 69.98641944718767),
[92mINFO [0m:      	                     (14, 13.298495212630465),
[92mINFO [0m:      	                     (15, 18.945209504761113),
[92mINFO [0m:      	                     (16, 16.444519631389085),
[92mINFO [0m:      	                     (17, 7.414505302085239),
[92mINFO [0m:      	                     (18, 8.020662111853198),
[92mINFO [0m:      	                     (19, 36.48956291116411),
[92mINFO [0m:      	                     (20, 35.544617548180426),
[92mINFO [0m:      	                     (21, 5.151746333793389),
[92mINFO [0m:      	                     (22, 8.420915020363413),
[92mINFO [0m:      	                     (23, 4.908302366844019),
[92mINFO [0m:      	                     (24, 5.166245178965214),
[92mINFO [0m:      	                     (25, 12.503723385000168),
[92mINFO [0m:      	                     (26, 3.9502350671673407),
[92mINFO [0m:      	                     (27, 7.690488882653844),
[92mINFO [0m:      	                     (28, 9.118777109697708),
[92mINFO [0m:      	                     (29, 5.845352227120919),
[92mINFO [0m:      	                     (30, 7.1670436744572505),
[92mINFO [0m:      	                     (31, 4.525818831272398),
[92mINFO [0m:      	                     (32, 4.900262329062694),
[92mINFO [0m:      	                     (33, 5.873272207925298),
[92mINFO [0m:      	                     (34, 6.911259347119666),
[92mINFO [0m:      	                     (35, 5.168359959571893),
[92mINFO [0m:      	                     (36, 4.6322696598331365),
[92mINFO [0m:      	                     (37, 5.157611375459135),
[92mINFO [0m:      	                     (38, 7.659834040711809),
[92mINFO [0m:      	                     (39, 10.526647878989479),
[92mINFO [0m:      	                     (40, 6.43898782733762),
[92mINFO [0m:      	                     (41, 8.148307529346713),
[92mINFO [0m:      	                     (42, 16.218654745370912),
[92mINFO [0m:      	                     (43, 25.09312690210084),
[92mINFO [0m:      	                     (44, 10.438824488621634),
[92mINFO [0m:      	                     (45, 28.972021959588538),
[92mINFO [0m:      	                     (46, 5.110707080015689),
[92mINFO [0m:      	                     (47, 74.25645874819082),
[92mINFO [0m:      	                     (48, 11.468283265645304),
[92mINFO [0m:      	                     (49, 4.765968154231631),
[92mINFO [0m:      	                     (50, 91.63785967616099),
[92mINFO [0m:      	                     (51, 241.21617971505188),
[92mINFO [0m:      	                     (52, 4.369146743011242),
[92mINFO [0m:      	                     (53, 13.949098404579612),
[92mINFO [0m:      	                     (54, 3.7868885781547985),
[92mINFO [0m:      	                     (55, 263.8558410322641),
[92mINFO [0m:      	                     (56, 21.5902606248916),
[92mINFO [0m:      	                     (57, 8.341329577761053),
[92mINFO [0m:      	                     (58, 12.482124115874688),
[92mINFO [0m:      	                     (59, 10.739647448764643),
[92mINFO [0m:      	                     (60, 4.392641434736588)],
[92mINFO [0m:      	 'jain': [(1, 0.49999999999999),
[92mINFO [0m:      	          (2, 0.8333333333333264),
[92mINFO [0m:      	          (3, 0.8333333333333302),
[92mINFO [0m:      	          (4, 0.8333333333333316),
[92mINFO [0m:      	          (5, 0.7999999999999984),
[92mINFO [0m:      	          (6, 0.7692307692307677),
[92mINFO [0m:      	          (7, 0.7692307692307677),
[92mINFO [0m:      	          (8, 0.7692307692307677),
[92mINFO [0m:      	          (9, 0.7407407407407394),
[92mINFO [0m:      	          (10, 0.7692307692307677),
[92mINFO [0m:      	          (11, 0.7407407407407394),
[92mINFO [0m:      	          (12, 0.7999999999999984),
[92mINFO [0m:      	          (13, 0.7999999999999984),
[92mINFO [0m:      	          (14, 0.8333333333333316),
[92mINFO [0m:      	          (15, 0.8333333333333316),
[92mINFO [0m:      	          (16, 0.7692307692307677),
[92mINFO [0m:      	          (17, 0.8333333333333316),
[92mINFO [0m:      	          (18, 0.7692307692307677),
[92mINFO [0m:      	          (19, 0.7999999999999984),
[92mINFO [0m:      	          (20, 0.8333333333333316),
[92mINFO [0m:      	          (21, 0.7999999999999984),
[92mINFO [0m:      	          (22, 0.8695652173913024),
[92mINFO [0m:      	          (23, 0.8333333333333316),
[92mINFO [0m:      	          (24, 0.8333333333333316),
[92mINFO [0m:      	          (25, 0.8333333333333316),
[92mINFO [0m:      	          (26, 0.7692307692307677),
[92mINFO [0m:      	          (27, 0.8333333333333316),
[92mINFO [0m:      	          (28, 0.8333333333333316),
[92mINFO [0m:      	          (29, 0.8333333333333316),
[92mINFO [0m:      	          (30, 0.8333333333333316),
[92mINFO [0m:      	          (31, 0.7692307692307677),
[92mINFO [0m:      	          (32, 0.8333333333333316),
[92mINFO [0m:      	          (33, 0.8333333333333316),
[92mINFO [0m:      	          (34, 0.8695652173913024),
[92mINFO [0m:      	          (35, 0.8333333333333316),
[92mINFO [0m:      	          (36, 0.7999999999999984),
[92mINFO [0m:      	          (37, 0.909090909090907),
[92mINFO [0m:      	          (38, 0.8333333333333316),
[92mINFO [0m:      	          (39, 0.909090909090907),
[92mINFO [0m:      	          (40, 0.8695652173913024),
[92mINFO [0m:      	          (41, 0.7692307692307677),
[92mINFO [0m:      	          (42, 0.7692307692307677),
[92mINFO [0m:      	          (43, 0.7692307692307677),
[92mINFO [0m:      	          (44, 0.7407407407407394),
[92mINFO [0m:      	          (45, 0.7692307692307677),
[92mINFO [0m:      	          (46, 0.7692307692307677),
[92mINFO [0m:      	          (47, 0.7692307692307677),
[92mINFO [0m:      	          (48, 0.714285714285713),
[92mINFO [0m:      	          (49, 0.8333333333333316),
[92mINFO [0m:      	          (50, 0.7999999999999984),
[92mINFO [0m:      	          (51, 0.8333333333333316),
[92mINFO [0m:      	          (52, 0.8333333333333316),
[92mINFO [0m:      	          (53, 0.7692307692307677),
[92mINFO [0m:      	          (54, 0.7407407407407394),
[92mINFO [0m:      	          (55, 0.7692307692307677),
[92mINFO [0m:      	          (56, 0.7692307692307677),
[92mINFO [0m:      	          (57, 0.7692307692307677),
[92mINFO [0m:      	          (58, 0.7692307692307677),
[92mINFO [0m:      	          (59, 0.714285714285713),
[92mINFO [0m:      	          (60, 0.7407407407407394)],
[92mINFO [0m:      	 'loss': [(1, 2.363444174392314),
[92mINFO [0m:      	          (2, 2.363444174392314),
[92mINFO [0m:      	          (3, 2.2870767297624033),
[92mINFO [0m:      	          (4, 2.1264733528789086),
[92mINFO [0m:      	          (5, 2.938224330733094),
[92mINFO [0m:      	          (6, 1.811478774758834),
[92mINFO [0m:      	          (7, 1.7824448694156696),
[92mINFO [0m:      	          (8, 1.538198721559742),
[92mINFO [0m:      	          (9, 1.5908501751815216),
[92mINFO [0m:      	          (10, 2.18659081489225),
[92mINFO [0m:      	          (11, 2.2335871820208393),
[92mINFO [0m:      	          (12, 2.2335871820208393),
[92mINFO [0m:      	          (13, 2.2868443591685237),
[92mINFO [0m:      	          (14, 1.4763547619686852),
[92mINFO [0m:      	          (15, 1.4763547619686852),
[92mINFO [0m:      	          (16, 1.3986368601835226),
[92mINFO [0m:      	          (17, 1.8903227999240537),
[92mINFO [0m:      	          (18, 1.9950358912914614),
[92mINFO [0m:      	          (19, 1.950580198553544),
[92mINFO [0m:      	          (20, 1.3881326544133923),
[92mINFO [0m:      	          (21, 1.496534629713131),
[92mINFO [0m:      	          (22, 1.0850269145603422),
[92mINFO [0m:      	          (23, 1.09195231863215),
[92mINFO [0m:      	          (24, 1.001890761942803),
[92mINFO [0m:      	          (25, 0.9919053436834601),
[92mINFO [0m:      	          (26, 1.0097554793840722),
[92mINFO [0m:      	          (27, 0.9251144513299193),
[92mINFO [0m:      	          (28, 0.9272699959670441),
[92mINFO [0m:      	          (29, 1.2279981706715837),
[92mINFO [0m:      	          (30, 1.18385250281684),
[92mINFO [0m:      	          (31, 0.8739836570582812),
[92mINFO [0m:      	          (32, 0.8353225777420816),
[92mINFO [0m:      	          (33, 0.9017592208294929),
[92mINFO [0m:      	          (34, 0.8732068848006332),
[92mINFO [0m:      	          (35, 0.9559303356122367),
[92mINFO [0m:      	          (36, 0.8314767178100876),
[92mINFO [0m:      	          (37, 0.851197591310815),
[92mINFO [0m:      	          (38, 0.7896608393403548),
[92mINFO [0m:      	          (39, 0.8472153453887263),
[92mINFO [0m:      	          (40, 0.8660154636902145),
[92mINFO [0m:      	          (41, 0.9255545320390146),
[92mINFO [0m:      	          (42, 1.2410067146337485),
[92mINFO [0m:      	          (43, 1.3267312381840959),
[92mINFO [0m:      	          (44, 2.879979534994198),
[92mINFO [0m:      	          (45, 2.879979534994198),
[92mINFO [0m:      	          (46, 0.7947607696810856),
[92mINFO [0m:      	          (47, 0.7890122306497791),
[92mINFO [0m:      	          (48, 1.7035937384714055),
[92mINFO [0m:      	          (49, 0.9710729024078273),
[92mINFO [0m:      	          (50, 0.9710729024078273),
[92mINFO [0m:      	          (51, 0.9459439742414257),
[92mINFO [0m:      	          (52, 0.8339308183404464),
[92mINFO [0m:      	          (53, 1.2199577228932441),
[92mINFO [0m:      	          (54, 1.7461041196992126),
[92mINFO [0m:      	          (55, 0.7842430668541148),
[92mINFO [0m:      	          (56, 0.9502586480937426),
[92mINFO [0m:      	          (57, 0.9817897277542308),
[92mINFO [0m:      	          (58, 0.7331464864030669),
[92mINFO [0m:      	          (59, 0.9923552772666835),
[92mINFO [0m:      	          (60, 1.1823171015027203)],
[92mINFO [0m:      	 'mode': [(1, 'semi_sync'),
[92mINFO [0m:      	          (2, 'semi_sync'),
[92mINFO [0m:      	          (3, 'semi_sync'),
[92mINFO [0m:      	          (4, 'semi_sync'),
[92mINFO [0m:      	          (5, 'semi_sync'),
[92mINFO [0m:      	          (6, 'semi_sync'),
[92mINFO [0m:      	          (7, 'semi_sync'),
[92mINFO [0m:      	          (8, 'semi_sync'),
[92mINFO [0m:      	          (9, 'semi_sync'),
[92mINFO [0m:      	          (10, 'semi_sync'),
[92mINFO [0m:      	          (11, 'semi_sync'),
[92mINFO [0m:      	          (12, 'semi_sync'),
[92mINFO [0m:      	          (13, 'semi_sync'),
[92mINFO [0m:      	          (14, 'semi_sync'),
[92mINFO [0m:      	          (15, 'semi_sync'),
[92mINFO [0m:      	          (16, 'semi_sync'),
[92mINFO [0m:      	          (17, 'semi_sync'),
[92mINFO [0m:      	          (18, 'semi_sync'),
[92mINFO [0m:      	          (19, 'semi_sync'),
[92mINFO [0m:      	          (20, 'semi_sync'),
[92mINFO [0m:      	          (21, 'semi_sync'),
[92mINFO [0m:      	          (22, 'semi_sync'),
[92mINFO [0m:      	          (23, 'semi_sync'),
[92mINFO [0m:      	          (24, 'semi_sync'),
[92mINFO [0m:      	          (25, 'semi_sync'),
[92mINFO [0m:      	          (26, 'semi_sync'),
[92mINFO [0m:      	          (27, 'semi_sync'),
[92mINFO [0m:      	          (28, 'semi_sync'),
[92mINFO [0m:      	          (29, 'semi_sync'),
[92mINFO [0m:      	          (30, 'semi_sync'),
[92mINFO [0m:      	          (31, 'semi_sync'),
[92mINFO [0m:      	          (32, 'semi_sync'),
[92mINFO [0m:      	          (33, 'semi_sync'),
[92mINFO [0m:      	          (34, 'semi_sync'),
[92mINFO [0m:      	          (35, 'semi_sync'),
[92mINFO [0m:      	          (36, 'semi_sync'),
[92mINFO [0m:      	          (37, 'semi_sync'),
[92mINFO [0m:      	          (38, 'semi_sync'),
[92mINFO [0m:      	          (39, 'semi_sync'),
[92mINFO [0m:      	          (40, 'semi_sync'),
[92mINFO [0m:      	          (41, 'semi_sync'),
[92mINFO [0m:      	          (42, 'semi_sync'),
[92mINFO [0m:      	          (43, 'semi_sync'),
[92mINFO [0m:      	          (44, 'semi_sync'),
[92mINFO [0m:      	          (45, 'semi_sync'),
[92mINFO [0m:      	          (46, 'semi_sync'),
[92mINFO [0m:      	          (47, 'semi_sync'),
[92mINFO [0m:      	          (48, 'semi_sync'),
[92mINFO [0m:      	          (49, 'semi_sync'),
[92mINFO [0m:      	          (50, 'semi_sync'),
[92mINFO [0m:      	          (51, 'semi_sync'),
[92mINFO [0m:      	          (52, 'semi_sync'),
[92mINFO [0m:      	          (53, 'semi_sync'),
[92mINFO [0m:      	          (54, 'semi_sync'),
[92mINFO [0m:      	          (55, 'semi_sync'),
[92mINFO [0m:      	          (56, 'semi_sync'),
[92mINFO [0m:      	          (57, 'semi_sync'),
[92mINFO [0m:      	          (58, 'semi_sync'),
[92mINFO [0m:      	          (59, 'semi_sync'),
[92mINFO [0m:      	          (60, 'semi_sync')],
[92mINFO [0m:      	 'num_exhausted_clients': [(1, 0.0),
[92mINFO [0m:      	                           (2, 0.0),
[92mINFO [0m:      	                           (3, 0.0),
[92mINFO [0m:      	                           (4, 0.0),
[92mINFO [0m:      	                           (5, 0.0),
[92mINFO [0m:      	                           (6, 0.0),
[92mINFO [0m:      	                           (7, 0.0),
[92mINFO [0m:      	                           (8, 0.0),
[92mINFO [0m:      	                           (9, 0.0),
[92mINFO [0m:      	                           (10, 0.0),
[92mINFO [0m:      	                           (11, 0.0),
[92mINFO [0m:      	                           (12, 0.0),
[92mINFO [0m:      	                           (13, 0.0),
[92mINFO [0m:      	                           (14, 0.0),
[92mINFO [0m:      	                           (15, 0.0),
[92mINFO [0m:      	                           (16, 0.0),
[92mINFO [0m:      	                           (17, 0.0),
[92mINFO [0m:      	                           (18, 0.0),
[92mINFO [0m:      	                           (19, 0.0),
[92mINFO [0m:      	                           (20, 0.0),
[92mINFO [0m:      	                           (21, 0.0),
[92mINFO [0m:      	                           (22, 0.0),
[92mINFO [0m:      	                           (23, 0.0),
[92mINFO [0m:      	                           (24, 0.0),
[92mINFO [0m:      	                           (25, 0.0),
[92mINFO [0m:      	                           (26, 0.0),
[92mINFO [0m:      	                           (27, 0.0),
[92mINFO [0m:      	                           (28, 0.0),
[92mINFO [0m:      	                           (29, 0.0),
[92mINFO [0m:      	                           (30, 0.0),
[92mINFO [0m:      	                           (31, 0.0),
[92mINFO [0m:      	                           (32, 0.0),
[92mINFO [0m:      	                           (33, 0.0),
[92mINFO [0m:      	                           (34, 0.0),
[92mINFO [0m:      	                           (35, 0.0),
[92mINFO [0m:      	                           (36, 0.0),
[92mINFO [0m:      	                           (37, 0.0),
[92mINFO [0m:      	                           (38, 0.0),
[92mINFO [0m:      	                           (39, 0.0),
[92mINFO [0m:      	                           (40, 0.0),
[92mINFO [0m:      	                           (41, 0.0),
[92mINFO [0m:      	                           (42, 0.0),
[92mINFO [0m:      	                           (43, 0.0),
[92mINFO [0m:      	                           (44, 0.0),
[92mINFO [0m:      	                           (45, 0.0),
[92mINFO [0m:      	                           (46, 0.0),
[92mINFO [0m:      	                           (47, 0.0),
[92mINFO [0m:      	                           (48, 0.0),
[92mINFO [0m:      	                           (49, 0.0),
[92mINFO [0m:      	                           (50, 0.0),
[92mINFO [0m:      	                           (51, 0.0),
[92mINFO [0m:      	                           (52, 0.0),
[92mINFO [0m:      	                           (53, 0.0),
[92mINFO [0m:      	                           (54, 0.0),
[92mINFO [0m:      	                           (55, 0.0),
[92mINFO [0m:      	                           (56, 0.0),
[92mINFO [0m:      	                           (57, 0.0),
[92mINFO [0m:      	                           (58, 1.0),
[92mINFO [0m:      	                           (59, 1.0),
[92mINFO [0m:      	                           (60, 1.0)],
[92mINFO [0m:      	 'topk': [(1, 5.0),
[92mINFO [0m:      	          (2, 5.0),
[92mINFO [0m:      	          (3, 5.0),
[92mINFO [0m:      	          (4, 5.0),
[92mINFO [0m:      	          (5, 5.0),
[92mINFO [0m:      	          (6, 5.0),
[92mINFO [0m:      	          (7, 5.0),
[92mINFO [0m:      	          (8, 5.0),
[92mINFO [0m:      	          (9, 5.0),
[92mINFO [0m:      	          (10, 5.0),
[92mINFO [0m:      	          (11, 5.0),
[92mINFO [0m:      	          (12, 5.0),
[92mINFO [0m:      	          (13, 5.0),
[92mINFO [0m:      	          (14, 5.0),
[92mINFO [0m:      	          (15, 5.0),
[92mINFO [0m:      	          (16, 5.0),
[92mINFO [0m:      	          (17, 5.0),
[92mINFO [0m:      	          (18, 5.0),
[92mINFO [0m:      	          (19, 5.0),
[92mINFO [0m:      	          (20, 5.0),
[92mINFO [0m:      	          (21, 5.0),
[92mINFO [0m:      	          (22, 5.0),
[92mINFO [0m:      	          (23, 5.0),
[92mINFO [0m:      	          (24, 5.0),
[92mINFO [0m:      	          (25, 5.0),
[92mINFO [0m:      	          (26, 5.0),
[92mINFO [0m:      	          (27, 5.0),
[92mINFO [0m:      	          (28, 5.0),
[92mINFO [0m:      	          (29, 5.0),
[92mINFO [0m:      	          (30, 5.0),
[92mINFO [0m:      	          (31, 5.0),
[92mINFO [0m:      	          (32, 5.0),
[92mINFO [0m:      	          (33, 5.0),
[92mINFO [0m:      	          (34, 5.0),
[92mINFO [0m:      	          (35, 5.0),
[92mINFO [0m:      	          (36, 5.0),
[92mINFO [0m:      	          (37, 5.0),
[92mINFO [0m:      	          (38, 5.0),
[92mINFO [0m:      	          (39, 5.0),
[92mINFO [0m:      	          (40, 5.0),
[92mINFO [0m:      	          (41, 5.0),
[92mINFO [0m:      	          (42, 5.0),
[92mINFO [0m:      	          (43, 5.0),
[92mINFO [0m:      	          (44, 5.0),
[92mINFO [0m:      	          (45, 5.0),
[92mINFO [0m:      	          (46, 5.0),
[92mINFO [0m:      	          (47, 5.0),
[92mINFO [0m:      	          (48, 5.0),
[92mINFO [0m:      	          (49, 5.0),
[92mINFO [0m:      	          (50, 5.0),
[92mINFO [0m:      	          (51, 5.0),
[92mINFO [0m:      	          (52, 5.0),
[92mINFO [0m:      	          (53, 5.0),
[92mINFO [0m:      	          (54, 5.0),
[92mINFO [0m:      	          (55, 5.0),
[92mINFO [0m:      	          (56, 5.0),
[92mINFO [0m:      	          (57, 5.0),
[92mINFO [0m:      	          (58, 5.0),
[92mINFO [0m:      	          (59, 5.0),
[92mINFO [0m:      	          (60, 5.0)]}
[92mINFO [0m:      	History (metrics, centralized):
[92mINFO [0m:      	{'accuracy': [(0, 0.1),
[92mINFO [0m:      	              (1, 0.2366),
[92mINFO [0m:      	              (2, 0.2366),
[92mINFO [0m:      	              (3, 0.2618),
[92mINFO [0m:      	              (4, 0.3029),
[92mINFO [0m:      	              (5, 0.3121),
[92mINFO [0m:      	              (6, 0.3877),
[92mINFO [0m:      	              (7, 0.3874),
[92mINFO [0m:      	              (8, 0.4652),
[92mINFO [0m:      	              (9, 0.4531),
[92mINFO [0m:      	              (10, 0.451),
[92mINFO [0m:      	              (11, 0.4535),
[92mINFO [0m:      	              (12, 0.4535),
[92mINFO [0m:      	              (13, 0.4482),
[92mINFO [0m:      	              (14, 0.5261),
[92mINFO [0m:      	              (15, 0.5261),
[92mINFO [0m:      	              (16, 0.5344),
[92mINFO [0m:      	              (17, 0.4362),
[92mINFO [0m:      	              (18, 0.426),
[92mINFO [0m:      	              (19, 0.441),
[92mINFO [0m:      	              (20, 0.5447),
[92mINFO [0m:      	              (21, 0.5209),
[92mINFO [0m:      	              (22, 0.615),
[92mINFO [0m:      	              (23, 0.6282),
[92mINFO [0m:      	              (24, 0.6447),
[92mINFO [0m:      	              (25, 0.6727),
[92mINFO [0m:      	              (26, 0.7033),
[92mINFO [0m:      	              (27, 0.6775),
[92mINFO [0m:      	              (28, 0.6757),
[92mINFO [0m:      	              (29, 0.6058),
[92mINFO [0m:      	              (30, 0.6137),
[92mINFO [0m:      	              (31, 0.699),
[92mINFO [0m:      	              (32, 0.705),
[92mINFO [0m:      	              (33, 0.6908),
[92mINFO [0m:      	              (34, 0.6984),
[92mINFO [0m:      	              (35, 0.684),
[92mINFO [0m:      	              (36, 0.7175),
[92mINFO [0m:      	              (37, 0.7329),
[92mINFO [0m:      	              (38, 0.7209),
[92mINFO [0m:      	              (39, 0.7071),
[92mINFO [0m:      	              (40, 0.7241),
[92mINFO [0m:      	              (41, 0.6809),
[92mINFO [0m:      	              (42, 0.6148),
[92mINFO [0m:      	              (43, 0.6187),
[92mINFO [0m:      	              (44, 0.4601),
[92mINFO [0m:      	              (45, 0.4601),
[92mINFO [0m:      	              (46, 0.7302),
[92mINFO [0m:      	              (47, 0.7378),
[92mINFO [0m:      	              (48, 0.5609),
[92mINFO [0m:      	              (49, 0.6911),
[92mINFO [0m:      	              (50, 0.6911),
[92mINFO [0m:      	              (51, 0.7102),
[92mINFO [0m:      	              (52, 0.7293),
[92mINFO [0m:      	              (53, 0.6507),
[92mINFO [0m:      	              (54, 0.6102),
[92mINFO [0m:      	              (55, 0.7455),
[92mINFO [0m:      	              (56, 0.7093),
[92mINFO [0m:      	              (57, 0.6737),
[92mINFO [0m:      	              (58, 0.7575),
[92mINFO [0m:      	              (59, 0.6888),
[92mINFO [0m:      	              (60, 0.6726)]}
[92mINFO [0m:      
[36m(pid=117892)[0m [2026-03-05 00:45:32,158 E 117892 119238] core_worker_process.cc:825: Failed to establish connection to the metrics exporter agent. Metrics will not be exported. Exporter agent status: RpcError: Running out of retries to initialize the metrics agent. rpc_code: 14[32m [repeated 20x across cluster][0m
