[93mWARNING [0m:   DEPRECATED FEATURE: flwr.simulation.start_simulation() is deprecated.
	Instead, use the `flwr run` CLI command to start a local simulation in your Flower app, as shown for example below:

		$ flwr new  # Create a new Flower app from a template

		$ flwr run  # Run the Flower app in Simulation Mode

	Using `start_simulation()` is deprecated.

            This is a deprecated feature. It will be removed
            entirely in future versions of Flower.
        
[92mINFO [0m:      Starting Flower simulation, config: num_rounds=60, no round_timeout
2026-03-02 02:09:12,900	INFO worker.py:2012 -- Started a local Ray instance.
D:\Code\2025-11\moga-fl\.venv\lib\site-packages\ray\_private\worker.py:2051: FutureWarning: Tip: In future versions of Ray, Ray will no longer override accelerator visible devices env var if num_gpus=0 or num_gpus=None (default). To enable this behavior and turn off this error message, set RAY_ACCEL_ENV_VAR_OVERRIDE_ON_ZERO=0
  warnings.warn(
[92mINFO [0m:      Flower VCE: Ray initialized with resources: {'object_store_memory': 2251059609.0, 'GPU': 1.0, 'memory': 5252472423.0, 'node:__internal_head__': 1.0, 'accelerator_type:G': 1.0, 'node:127.0.0.1': 1.0, 'CPU': 16.0}
[92mINFO [0m:      Optimize your simulation with Flower VCE: https://flower.ai/docs/framework/how-to-run-simulations.html
[92mINFO [0m:      Flower VCE: Resources for each Virtual Client: {'num_cpus': 2.0, 'num_gpus': 0.25}
[92mINFO [0m:      Flower VCE: Creating VirtualClientEngineActorPool with 4 actors
[92mINFO [0m:      [INIT]
[92mINFO [0m:      Using initial global parameters provided by strategy
[92mINFO [0m:      Starting evaluation of initial global parameters
[92mINFO [0m:      initial parameters (loss, other metrics): 3.569974211197865, {'accuracy': 0.1}
[92mINFO [0m:      
[92mINFO [0m:      [ROUND 1]
[92mINFO [0m:      configure_fit: strategy sampled 5 clients (out of 10)
[36m(pid=gcs_server)[0m [2026-03-02 02:09:43,461 E 35124 30256] (gcs_server.exe) gcs_server.cc:302: Failed to establish connection to the event+metrics exporter agent. Events and metrics will not be exported. Exporter agent status: RpcError: Running out of retries to initialize the metrics agent. rpc_code: 14
[33m(raylet)[0m [2026-03-02 02:09:44,792 E 1256 28700] (raylet.exe) main.cc:975: Failed to establish connection to the metrics exporter agent. Metrics will not be exported. Exporter agent status: RpcError: Running out of retries to initialize the metrics agent. rpc_code: 14
[2026-03-02 02:09:47,134 E 30004 18708] core_worker_process.cc:825: Failed to establish connection to the metrics exporter agent. Metrics will not be exported. Exporter agent status: RpcError: Running out of retries to initialize the metrics agent. rpc_code: 14
[92mINFO [0m:      aggregate_fit: received 5 results and 0 failures
[92mINFO [0m:      fit progress: (1, 2.1510775602316556, {'accuracy': 0.2345}, 47.97820679994766)
[92mINFO [0m:      configure_evaluate: no clients selected, skipping evaluation
[92mINFO [0m:      
[92mINFO [0m:      [ROUND 2]
[92mINFO [0m:      configure_fit: strategy sampled 5 clients (out of 10)
[92mINFO [0m:      aggregate_fit: received 5 results and 0 failures
[92mINFO [0m:      fit progress: (2, 1.904378835159012, {'accuracy': 0.3198}, 69.41996679996373)
[92mINFO [0m:      configure_evaluate: no clients selected, skipping evaluation
[92mINFO [0m:      
[92mINFO [0m:      [ROUND 3]
[92mINFO [0m:      configure_fit: strategy sampled 5 clients (out of 10)
[92mINFO [0m:      aggregate_fit: received 5 results and 0 failures
[92mINFO [0m:      fit progress: (3, 1.663366260407846, {'accuracy': 0.3564}, 112.70080599997891)
[92mINFO [0m:      configure_evaluate: no clients selected, skipping evaluation
[92mINFO [0m:      
[92mINFO [0m:      [ROUND 4]
[92mINFO [0m:      configure_fit: strategy sampled 5 clients (out of 10)
[92mINFO [0m:      aggregate_fit: received 5 results and 0 failures
[92mINFO [0m:      fit progress: (4, 1.8473904238471501, {'accuracy': 0.3251}, 152.75285649998114)
[92mINFO [0m:      configure_evaluate: no clients selected, skipping evaluation
[92mINFO [0m:      
[92mINFO [0m:      [ROUND 5]
[92mINFO [0m:      configure_fit: strategy sampled 5 clients (out of 10)
[92mINFO [0m:      aggregate_fit: received 5 results and 0 failures
[92mINFO [0m:      fit progress: (5, 1.519945991190174, {'accuracy': 0.4445}, 184.7083763999981)
[92mINFO [0m:      configure_evaluate: no clients selected, skipping evaluation
[92mINFO [0m:      
[92mINFO [0m:      [ROUND 6]
[92mINFO [0m:      configure_fit: strategy sampled 5 clients (out of 10)
[92mINFO [0m:      aggregate_fit: received 5 results and 0 failures
[92mINFO [0m:      fit progress: (6, 1.3517494337468208, {'accuracy': 0.4942}, 227.88427499996033)
[92mINFO [0m:      configure_evaluate: no clients selected, skipping evaluation
[92mINFO [0m:      
[92mINFO [0m:      [ROUND 7]
[92mINFO [0m:      configure_fit: strategy sampled 5 clients (out of 10)
[92mINFO [0m:      aggregate_fit: received 5 results and 0 failures
[92mINFO [0m:      fit progress: (7, 1.2947188706337651, {'accuracy': 0.4829}, 262.9893267999869)
[92mINFO [0m:      configure_evaluate: no clients selected, skipping evaluation
[92mINFO [0m:      
[92mINFO [0m:      [ROUND 8]
[92mINFO [0m:      configure_fit: strategy sampled 5 clients (out of 10)
[92mINFO [0m:      aggregate_fit: received 5 results and 0 failures
[92mINFO [0m:      fit progress: (8, 1.2921286549749254, {'accuracy': 0.5232}, 301.79893049999373)
[92mINFO [0m:      configure_evaluate: no clients selected, skipping evaluation
[92mINFO [0m:      
[92mINFO [0m:      [ROUND 9]
[92mINFO [0m:      configure_fit: strategy sampled 5 clients (out of 10)
[92mINFO [0m:      aggregate_fit: received 5 results and 0 failures
[92mINFO [0m:      fit progress: (9, 1.1719713927824287, {'accuracy': 0.5641}, 341.04214330000104)
[92mINFO [0m:      configure_evaluate: no clients selected, skipping evaluation
[92mINFO [0m:      
[92mINFO [0m:      [ROUND 10]
[92mINFO [0m:      configure_fit: strategy sampled 5 clients (out of 10)
[92mINFO [0m:      aggregate_fit: received 5 results and 0 failures
[92mINFO [0m:      fit progress: (10, 1.1724007710625854, {'accuracy': 0.5621}, 378.5206929999986)
[92mINFO [0m:      configure_evaluate: no clients selected, skipping evaluation
[92mINFO [0m:      
[92mINFO [0m:      [ROUND 11]
[92mINFO [0m:      configure_fit: strategy sampled 5 clients (out of 10)
[92mINFO [0m:      aggregate_fit: received 5 results and 0 failures
[92mINFO [0m:      fit progress: (11, 1.2540648775764658, {'accuracy': 0.6158}, 410.6110913999728)
[92mINFO [0m:      configure_evaluate: no clients selected, skipping evaluation
[92mINFO [0m:      
[92mINFO [0m:      [ROUND 12]
[92mINFO [0m:      configure_fit: strategy sampled 5 clients (out of 10)
[92mINFO [0m:      aggregate_fit: received 5 results and 0 failures
[92mINFO [0m:      fit progress: (12, 1.1012990904759756, {'accuracy': 0.5952}, 449.88928699999815)
[92mINFO [0m:      configure_evaluate: no clients selected, skipping evaluation
[92mINFO [0m:      
[92mINFO [0m:      [ROUND 13]
[92mINFO [0m:      configure_fit: strategy sampled 5 clients (out of 10)
[92mINFO [0m:      aggregate_fit: received 5 results and 0 failures
[92mINFO [0m:      fit progress: (13, 1.4130063781255409, {'accuracy': 0.6052}, 489.9969492999953)
[92mINFO [0m:      configure_evaluate: no clients selected, skipping evaluation
[92mINFO [0m:      
[92mINFO [0m:      [ROUND 14]
[92mINFO [0m:      configure_fit: strategy sampled 5 clients (out of 10)
[92mINFO [0m:      aggregate_fit: received 5 results and 0 failures
[92mINFO [0m:      fit progress: (14, 0.9644113062303278, {'accuracy': 0.6439}, 524.5066171999788)
[92mINFO [0m:      configure_evaluate: no clients selected, skipping evaluation
[92mINFO [0m:      
[92mINFO [0m:      [ROUND 15]
[92mINFO [0m:      configure_fit: strategy sampled 5 clients (out of 10)
[92mINFO [0m:      aggregate_fit: received 5 results and 0 failures
[92mINFO [0m:      fit progress: (15, 0.981676619264144, {'accuracy': 0.6371}, 562.1672782999813)
[92mINFO [0m:      configure_evaluate: no clients selected, skipping evaluation
[92mINFO [0m:      
[92mINFO [0m:      [ROUND 16]
[92mINFO [0m:      configure_fit: strategy sampled 5 clients (out of 10)
[92mINFO [0m:      aggregate_fit: received 5 results and 0 failures
[92mINFO [0m:      fit progress: (16, 1.0950019231325463, {'accuracy': 0.6425}, 600.9816872999654)
[92mINFO [0m:      configure_evaluate: no clients selected, skipping evaluation
[92mINFO [0m:      
[92mINFO [0m:      [ROUND 17]
[92mINFO [0m:      configure_fit: strategy sampled 5 clients (out of 10)
[92mINFO [0m:      aggregate_fit: received 5 results and 0 failures
[92mINFO [0m:      fit progress: (17, 1.0038833210739908, {'accuracy': 0.6383}, 638.4434626000002)
[92mINFO [0m:      configure_evaluate: no clients selected, skipping evaluation
[92mINFO [0m:      
[92mINFO [0m:      [ROUND 18]
[92mINFO [0m:      configure_fit: strategy sampled 5 clients (out of 10)
[92mINFO [0m:      aggregate_fit: received 5 results and 0 failures
[92mINFO [0m:      fit progress: (18, 1.342432283147981, {'accuracy': 0.5956}, 674.1953545999713)
[92mINFO [0m:      configure_evaluate: no clients selected, skipping evaluation
[92mINFO [0m:      
[92mINFO [0m:      [ROUND 19]
[92mINFO [0m:      configure_fit: strategy sampled 5 clients (out of 10)
[92mINFO [0m:      aggregate_fit: received 5 results and 0 failures
[92mINFO [0m:      fit progress: (19, 1.04866899870619, {'accuracy': 0.6399}, 708.1322183999582)
[92mINFO [0m:      configure_evaluate: no clients selected, skipping evaluation
[92mINFO [0m:      
[92mINFO [0m:      [ROUND 20]
[92mINFO [0m:      configure_fit: strategy sampled 5 clients (out of 10)
[92mINFO [0m:      aggregate_fit: received 5 results and 0 failures
[92mINFO [0m:      fit progress: (20, 0.8862264714663541, {'accuracy': 0.6755}, 745.6599907999625)
[92mINFO [0m:      configure_evaluate: no clients selected, skipping evaluation
[92mINFO [0m:      
[92mINFO [0m:      [ROUND 21]
[92mINFO [0m:      configure_fit: strategy sampled 5 clients (out of 10)
[92mINFO [0m:      aggregate_fit: received 5 results and 0 failures
[92mINFO [0m:      fit progress: (21, 1.083931274806397, {'accuracy': 0.6649}, 784.4605361999711)
[92mINFO [0m:      configure_evaluate: no clients selected, skipping evaluation
[92mINFO [0m:      
[92mINFO [0m:      [ROUND 22]
[92mINFO [0m:      configure_fit: strategy sampled 5 clients (out of 10)
[92mINFO [0m:      aggregate_fit: received 5 results and 0 failures
[92mINFO [0m:      fit progress: (22, 0.817813022227227, {'accuracy': 0.7067}, 822.4539954999927)
[92mINFO [0m:      configure_evaluate: no clients selected, skipping evaluation
[92mINFO [0m:      
[92mINFO [0m:      [ROUND 23]
[92mINFO [0m:      configure_fit: strategy sampled 5 clients (out of 10)
[92mINFO [0m:      aggregate_fit: received 5 results and 0 failures
[92mINFO [0m:      fit progress: (23, 1.0401190089274057, {'accuracy': 0.6959}, 858.2379191999789)
[92mINFO [0m:      configure_evaluate: no clients selected, skipping evaluation
[92mINFO [0m:      
[92mINFO [0m:      [ROUND 24]
[92mINFO [0m:      configure_fit: strategy sampled 5 clients (out of 10)
[92mINFO [0m:      aggregate_fit: received 5 results and 0 failures
[92mINFO [0m:      fit progress: (24, 0.9521527026273027, {'accuracy': 0.6797}, 892.2115362999612)
[92mINFO [0m:      configure_evaluate: no clients selected, skipping evaluation
[92mINFO [0m:      
[92mINFO [0m:      [ROUND 25]
[92mINFO [0m:      configure_fit: strategy sampled 5 clients (out of 10)
[92mINFO [0m:      aggregate_fit: received 5 results and 0 failures
[92mINFO [0m:      fit progress: (25, 0.8282633967037443, {'accuracy': 0.7096}, 929.6273908999865)
[92mINFO [0m:      configure_evaluate: no clients selected, skipping evaluation
[92mINFO [0m:      
[92mINFO [0m:      [ROUND 26]
[92mINFO [0m:      configure_fit: strategy sampled 5 clients (out of 10)
[92mINFO [0m:      aggregate_fit: received 5 results and 0 failures
[92mINFO [0m:      fit progress: (26, 0.7803641776495343, {'accuracy': 0.7283}, 968.101350199955)
[92mINFO [0m:      configure_evaluate: no clients selected, skipping evaluation
[92mINFO [0m:      
[92mINFO [0m:      [ROUND 27]
[92mINFO [0m:      configure_fit: strategy sampled 5 clients (out of 10)
[92mINFO [0m:      aggregate_fit: received 5 results and 0 failures
[92mINFO [0m:      fit progress: (27, 0.8065696192693107, {'accuracy': 0.7193}, 1005.8690065999981)
[92mINFO [0m:      configure_evaluate: no clients selected, skipping evaluation
[92mINFO [0m:      
[92mINFO [0m:      [ROUND 28]
[92mINFO [0m:      configure_fit: strategy sampled 5 clients (out of 10)
[92mINFO [0m:      aggregate_fit: received 5 results and 0 failures
[92mINFO [0m:      fit progress: (28, 0.9540152210223524, {'accuracy': 0.715}, 1041.755885199993)
[92mINFO [0m:      configure_evaluate: no clients selected, skipping evaluation
[92mINFO [0m:      
[92mINFO [0m:      [ROUND 29]
[92mINFO [0m:      configure_fit: strategy sampled 5 clients (out of 10)
[92mINFO [0m:      aggregate_fit: received 5 results and 0 failures
[92mINFO [0m:      fit progress: (29, 0.878731486918051, {'accuracy': 0.7009}, 1080.0678850999684)
[92mINFO [0m:      configure_evaluate: no clients selected, skipping evaluation
[92mINFO [0m:      
[92mINFO [0m:      [ROUND 30]
[92mINFO [0m:      configure_fit: strategy sampled 5 clients (out of 10)
[92mINFO [0m:      aggregate_fit: received 5 results and 0 failures
[92mINFO [0m:      fit progress: (30, 0.7760778054406371, {'accuracy': 0.7333}, 1112.3120216999669)
[92mINFO [0m:      configure_evaluate: no clients selected, skipping evaluation
[92mINFO [0m:      
[92mINFO [0m:      [ROUND 31]
[92mINFO [0m:      configure_fit: strategy sampled 5 clients (out of 10)
[92mINFO [0m:      aggregate_fit: received 5 results and 0 failures
[92mINFO [0m:      fit progress: (31, 0.8273528912399388, {'accuracy': 0.7068}, 1150.282245899958)
[92mINFO [0m:      configure_evaluate: no clients selected, skipping evaluation
[92mINFO [0m:      
[92mINFO [0m:      [ROUND 32]
[92mINFO [0m:      configure_fit: strategy sampled 5 clients (out of 10)
[92mINFO [0m:      aggregate_fit: received 5 results and 0 failures
[92mINFO [0m:      fit progress: (32, 0.7623993580854391, {'accuracy': 0.7406}, 1188.2373720000032)
[92mINFO [0m:      configure_evaluate: no clients selected, skipping evaluation
[92mINFO [0m:      
[92mINFO [0m:      [ROUND 33]
[92mINFO [0m:      configure_fit: strategy sampled 5 clients (out of 10)
[92mINFO [0m:      aggregate_fit: received 5 results and 0 failures
[92mINFO [0m:      fit progress: (33, 1.0115255683283262, {'accuracy': 0.6796}, 1224.5591732999892)
[92mINFO [0m:      configure_evaluate: no clients selected, skipping evaluation
[92mINFO [0m:      
[92mINFO [0m:      [ROUND 34]
[92mINFO [0m:      configure_fit: strategy sampled 5 clients (out of 10)
[92mINFO [0m:      aggregate_fit: received 5 results and 0 failures
[92mINFO [0m:      fit progress: (34, 0.7463179853143571, {'accuracy': 0.7372}, 1263.9649214999517)
[92mINFO [0m:      configure_evaluate: no clients selected, skipping evaluation
[92mINFO [0m:      
[92mINFO [0m:      [ROUND 35]
[92mINFO [0m:      configure_fit: strategy sampled 5 clients (out of 10)
[92mINFO [0m:      aggregate_fit: received 5 results and 0 failures
[92mINFO [0m:      fit progress: (35, 0.684399627054794, {'accuracy': 0.7584}, 1296.0097936999518)
[92mINFO [0m:      configure_evaluate: no clients selected, skipping evaluation
[92mINFO [0m:      
[92mINFO [0m:      [ROUND 36]
[92mINFO [0m:      configure_fit: strategy sampled 5 clients (out of 10)
[92mINFO [0m:      aggregate_fit: received 5 results and 0 failures
[92mINFO [0m:      fit progress: (36, 0.8232613975488687, {'accuracy': 0.7226}, 1334.2166614999878)
[92mINFO [0m:      configure_evaluate: no clients selected, skipping evaluation
[92mINFO [0m:      
[92mINFO [0m:      [ROUND 37]
[92mINFO [0m:      configure_fit: strategy sampled 5 clients (out of 10)
[92mINFO [0m:      aggregate_fit: received 5 results and 0 failures
[92mINFO [0m:      fit progress: (37, 0.7255030621456194, {'accuracy': 0.7439}, 1372.1446815999807)
[92mINFO [0m:      configure_evaluate: no clients selected, skipping evaluation
[92mINFO [0m:      
[92mINFO [0m:      [ROUND 38]
[92mINFO [0m:      configure_fit: strategy sampled 5 clients (out of 10)
[92mINFO [0m:      aggregate_fit: received 5 results and 0 failures
[92mINFO [0m:      fit progress: (38, 0.6776614283459096, {'accuracy': 0.7685}, 1411.7932951999828)
[92mINFO [0m:      configure_evaluate: no clients selected, skipping evaluation
[92mINFO [0m:      
[92mINFO [0m:      [ROUND 39]
[92mINFO [0m:      configure_fit: strategy sampled 5 clients (out of 10)
[92mINFO [0m:      aggregate_fit: received 5 results and 0 failures
[92mINFO [0m:      fit progress: (39, 0.7360914183568351, {'accuracy': 0.7553}, 1447.0580269999919)
[92mINFO [0m:      configure_evaluate: no clients selected, skipping evaluation
[92mINFO [0m:      
[92mINFO [0m:      [ROUND 40]
[92mINFO [0m:      configure_fit: strategy sampled 5 clients (out of 10)
[92mINFO [0m:      aggregate_fit: received 5 results and 0 failures
[92mINFO [0m:      fit progress: (40, 0.7504752323597292, {'accuracy': 0.7551}, 1479.1168370999512)
[92mINFO [0m:      configure_evaluate: no clients selected, skipping evaluation
[92mINFO [0m:      
[92mINFO [0m:      [ROUND 41]
[92mINFO [0m:      configure_fit: strategy sampled 5 clients (out of 10)
[92mINFO [0m:      aggregate_fit: received 5 results and 0 failures
[92mINFO [0m:      fit progress: (41, 0.8517825694023808, {'accuracy': 0.7463}, 1517.9435025999555)
[92mINFO [0m:      configure_evaluate: no clients selected, skipping evaluation
[92mINFO [0m:      
[92mINFO [0m:      [ROUND 42]
[92mINFO [0m:      configure_fit: strategy sampled 5 clients (out of 10)
[92mINFO [0m:      aggregate_fit: received 5 results and 0 failures
[92mINFO [0m:      fit progress: (42, 0.6240085506741004, {'accuracy': 0.7912}, 1555.3635882999515)
[92mINFO [0m:      configure_evaluate: no clients selected, skipping evaluation
[92mINFO [0m:      
[92mINFO [0m:      [ROUND 43]
[92mINFO [0m:      configure_fit: strategy sampled 5 clients (out of 10)
[92mINFO [0m:      aggregate_fit: received 5 results and 0 failures
[92mINFO [0m:      fit progress: (43, 0.7129588376117658, {'accuracy': 0.7535}, 1595.0261544999667)
[92mINFO [0m:      configure_evaluate: no clients selected, skipping evaluation
[92mINFO [0m:      
[92mINFO [0m:      [ROUND 44]
[92mINFO [0m:      configure_fit: strategy sampled 5 clients (out of 10)
[92mINFO [0m:      aggregate_fit: received 5 results and 0 failures
[92mINFO [0m:      fit progress: (44, 0.6161362498621398, {'accuracy': 0.7885}, 1629.7345072999597)
[92mINFO [0m:      configure_evaluate: no clients selected, skipping evaluation
[92mINFO [0m:      
[92mINFO [0m:      [ROUND 45]
[92mINFO [0m:      configure_fit: strategy sampled 5 clients (out of 10)
[92mINFO [0m:      aggregate_fit: received 5 results and 0 failures
[92mINFO [0m:      fit progress: (45, 0.9001533992682831, {'accuracy': 0.7035}, 1653.4541983999661)
[92mINFO [0m:      configure_evaluate: no clients selected, skipping evaluation
[92mINFO [0m:      
[92mINFO [0m:      [ROUND 46]
[92mINFO [0m:      configure_fit: strategy sampled 5 clients (out of 10)
[92mINFO [0m:      aggregate_fit: received 5 results and 0 failures
[92mINFO [0m:      fit progress: (46, 0.6894929627828961, {'accuracy': 0.7735}, 1689.0506286000018)
[92mINFO [0m:      configure_evaluate: no clients selected, skipping evaluation
[92mINFO [0m:      
[92mINFO [0m:      [ROUND 47]
[92mINFO [0m:      configure_fit: strategy sampled 5 clients (out of 10)
[92mINFO [0m:      aggregate_fit: received 5 results and 0 failures
[92mINFO [0m:      fit progress: (47, 0.6169647944124439, {'accuracy': 0.7961}, 1723.0856147999875)
[92mINFO [0m:      configure_evaluate: no clients selected, skipping evaluation
[92mINFO [0m:      
[92mINFO [0m:      [ROUND 48]
[92mINFO [0m:      configure_fit: strategy sampled 5 clients (out of 10)
[92mINFO [0m:      aggregate_fit: received 5 results and 0 failures
[92mINFO [0m:      fit progress: (48, 0.7224343637876873, {'accuracy': 0.763}, 1760.6463104999857)
[92mINFO [0m:      configure_evaluate: no clients selected, skipping evaluation
[92mINFO [0m:      
[92mINFO [0m:      [ROUND 49]
[92mINFO [0m:      configure_fit: strategy sampled 5 clients (out of 10)
[92mINFO [0m:      aggregate_fit: received 5 results and 0 failures
[92mINFO [0m:      fit progress: (49, 0.6318627150752877, {'accuracy': 0.7786}, 1794.4257874999894)
[92mINFO [0m:      configure_evaluate: no clients selected, skipping evaluation
[92mINFO [0m:      
[92mINFO [0m:      [ROUND 50]
[92mINFO [0m:      configure_fit: strategy sampled 5 clients (out of 10)
[92mINFO [0m:      aggregate_fit: received 5 results and 0 failures
[92mINFO [0m:      fit progress: (50, 0.5798684411411044, {'accuracy': 0.7925}, 1824.619812299963)
[92mINFO [0m:      configure_evaluate: no clients selected, skipping evaluation
[92mINFO [0m:      
[92mINFO [0m:      [ROUND 51]
[92mINFO [0m:      configure_fit: strategy sampled 5 clients (out of 10)
[92mINFO [0m:      aggregate_fit: received 5 results and 0 failures
[92mINFO [0m:      fit progress: (51, 0.5567891129964515, {'accuracy': 0.8082}, 1860.8649793999502)
[92mINFO [0m:      configure_evaluate: no clients selected, skipping evaluation
[92mINFO [0m:      
[92mINFO [0m:      [ROUND 52]
[92mINFO [0m:      configure_fit: strategy sampled 5 clients (out of 10)
[92mINFO [0m:      aggregate_fit: received 5 results and 0 failures
[92mINFO [0m:      fit progress: (52, 0.6199495879155171, {'accuracy': 0.7916}, 1890.5833986999933)
[92mINFO [0m:      configure_evaluate: no clients selected, skipping evaluation
[92mINFO [0m:      
[92mINFO [0m:      [ROUND 53]
[92mINFO [0m:      configure_fit: strategy sampled 5 clients (out of 10)
[92mINFO [0m:      aggregate_fit: received 5 results and 0 failures
[92mINFO [0m:      fit progress: (53, 0.7163927392869056, {'accuracy': 0.7658}, 1925.54308079998)
[92mINFO [0m:      configure_evaluate: no clients selected, skipping evaluation
[92mINFO [0m:      
[92mINFO [0m:      [ROUND 54]
[92mINFO [0m:      configure_fit: strategy sampled 5 clients (out of 10)
[92mINFO [0m:      aggregate_fit: received 5 results and 0 failures
[92mINFO [0m:      fit progress: (54, 0.6188479880743389, {'accuracy': 0.7888}, 1959.1847292999737)
[92mINFO [0m:      configure_evaluate: no clients selected, skipping evaluation
[92mINFO [0m:      
[92mINFO [0m:      [ROUND 55]
[92mINFO [0m:      configure_fit: strategy sampled 5 clients (out of 10)
[92mINFO [0m:      aggregate_fit: received 5 results and 0 failures
[92mINFO [0m:      fit progress: (55, 0.7370771501637712, {'accuracy': 0.7536}, 1991.6566883999621)
[92mINFO [0m:      configure_evaluate: no clients selected, skipping evaluation
[92mINFO [0m:      
[92mINFO [0m:      [ROUND 56]
[92mINFO [0m:      configure_fit: strategy sampled 5 clients (out of 10)
[92mINFO [0m:      aggregate_fit: received 5 results and 0 failures
[92mINFO [0m:      fit progress: (56, 0.6379791513273988, {'accuracy': 0.7867}, 2027.053923600004)
[92mINFO [0m:      configure_evaluate: no clients selected, skipping evaluation
[92mINFO [0m:      
[92mINFO [0m:      [ROUND 57]
[92mINFO [0m:      configure_fit: strategy sampled 5 clients (out of 10)
[92mINFO [0m:      aggregate_fit: received 5 results and 0 failures
[92mINFO [0m:      fit progress: (57, 0.6253907503206518, {'accuracy': 0.7954}, 2057.8480341999675)
[92mINFO [0m:      configure_evaluate: no clients selected, skipping evaluation
[92mINFO [0m:      
[92mINFO [0m:      [ROUND 58]
[92mINFO [0m:      configure_fit: strategy sampled 5 clients (out of 10)
[92mINFO [0m:      aggregate_fit: received 5 results and 0 failures
[92mINFO [0m:      fit progress: (58, 0.6346984207630157, {'accuracy': 0.7939}, 2092.858810899954)
[92mINFO [0m:      configure_evaluate: no clients selected, skipping evaluation
[92mINFO [0m:      
[92mINFO [0m:      [ROUND 59]
[92mINFO [0m:      configure_fit: strategy sampled 5 clients (out of 10)
[92mINFO [0m:      aggregate_fit: received 5 results and 0 failures
[92mINFO [0m:      fit progress: (59, 0.8612446539764163, {'accuracy': 0.7252}, 2121.8466883999645)
[92mINFO [0m:      configure_evaluate: no clients selected, skipping evaluation
[92mINFO [0m:      
[92mINFO [0m:      [ROUND 60]
[92mINFO [0m:      configure_fit: strategy sampled 5 clients (out of 10)
[92mINFO [0m:      aggregate_fit: received 5 results and 0 failures
[92mINFO [0m:      fit progress: (60, 0.6284015978438945, {'accuracy': 0.7833}, 2153.2051668999484)
[92mINFO [0m:      configure_evaluate: no clients selected, skipping evaluation
[92mINFO [0m:      
[92mINFO [0m:      [SUMMARY]
[92mINFO [0m:      Run finished 60 round(s) in 2153.21s
[92mINFO [0m:      	History (loss, centralized):
[92mINFO [0m:      		round 0: 3.569974211197865
[92mINFO [0m:      		round 1: 2.1510775602316556
[92mINFO [0m:      		round 2: 1.904378835159012
[92mINFO [0m:      		round 3: 1.663366260407846
[92mINFO [0m:      		round 4: 1.8473904238471501
[92mINFO [0m:      		round 5: 1.519945991190174
[92mINFO [0m:      		round 6: 1.3517494337468208
[92mINFO [0m:      		round 7: 1.2947188706337651
[92mINFO [0m:      		round 8: 1.2921286549749254
[92mINFO [0m:      		round 9: 1.1719713927824287
[92mINFO [0m:      		round 10: 1.1724007710625854
[92mINFO [0m:      		round 11: 1.2540648775764658
[92mINFO [0m:      		round 12: 1.1012990904759756
[92mINFO [0m:      		round 13: 1.4130063781255409
[92mINFO [0m:      		round 14: 0.9644113062303278
[92mINFO [0m:      		round 15: 0.981676619264144
[92mINFO [0m:      		round 16: 1.0950019231325463
[92mINFO [0m:      		round 17: 1.0038833210739908
[92mINFO [0m:      		round 18: 1.342432283147981
[92mINFO [0m:      		round 19: 1.04866899870619
[92mINFO [0m:      		round 20: 0.8862264714663541
[92mINFO [0m:      		round 21: 1.083931274806397
[92mINFO [0m:      		round 22: 0.817813022227227
[92mINFO [0m:      		round 23: 1.0401190089274057
[92mINFO [0m:      		round 24: 0.9521527026273027
[92mINFO [0m:      		round 25: 0.8282633967037443
[92mINFO [0m:      		round 26: 0.7803641776495343
[92mINFO [0m:      		round 27: 0.8065696192693107
[92mINFO [0m:      		round 28: 0.9540152210223524
[92mINFO [0m:      		round 29: 0.878731486918051
[92mINFO [0m:      		round 30: 0.7760778054406371
[92mINFO [0m:      		round 31: 0.8273528912399388
[92mINFO [0m:      		round 32: 0.7623993580854391
[92mINFO [0m:      		round 33: 1.0115255683283262
[92mINFO [0m:      		round 34: 0.7463179853143571
[92mINFO [0m:      		round 35: 0.684399627054794
[92mINFO [0m:      		round 36: 0.8232613975488687
[92mINFO [0m:      		round 37: 0.7255030621456194
[92mINFO [0m:      		round 38: 0.6776614283459096
[92mINFO [0m:      		round 39: 0.7360914183568351
[92mINFO [0m:      		round 40: 0.7504752323597292
[92mINFO [0m:      		round 41: 0.8517825694023808
[92mINFO [0m:      		round 42: 0.6240085506741004
[92mINFO [0m:      		round 43: 0.7129588376117658
[92mINFO [0m:      		round 44: 0.6161362498621398
[92mINFO [0m:      		round 45: 0.9001533992682831
[92mINFO [0m:      		round 46: 0.6894929627828961
[92mINFO [0m:      		round 47: 0.6169647944124439
[92mINFO [0m:      		round 48: 0.7224343637876873
[92mINFO [0m:      		round 49: 0.6318627150752877
[92mINFO [0m:      		round 50: 0.5798684411411044
[92mINFO [0m:      		round 51: 0.5567891129964515
[92mINFO [0m:      		round 52: 0.6199495879155171
[92mINFO [0m:      		round 53: 0.7163927392869056
[92mINFO [0m:      		round 54: 0.6188479880743389
[92mINFO [0m:      		round 55: 0.7370771501637712
[92mINFO [0m:      		round 56: 0.6379791513273988
[92mINFO [0m:      		round 57: 0.6253907503206518
[92mINFO [0m:      		round 58: 0.6346984207630157
[92mINFO [0m:      		round 59: 0.8612446539764163
[92mINFO [0m:      		round 60: 0.6284015978438945
[92mINFO [0m:      	History (metrics, distributed, fit):
[92mINFO [0m:      	{'accuracy': [(1, 0.2345),
[92mINFO [0m:      	              (2, 0.3198),
[92mINFO [0m:      	              (3, 0.3564),
[92mINFO [0m:      	              (4, 0.3251),
[92mINFO [0m:      	              (5, 0.4445),
[92mINFO [0m:      	              (6, 0.4942),
[92mINFO [0m:      	              (7, 0.4829),
[92mINFO [0m:      	              (8, 0.5232),
[92mINFO [0m:      	              (9, 0.5641),
[92mINFO [0m:      	              (10, 0.5621),
[92mINFO [0m:      	              (11, 0.6158),
[92mINFO [0m:      	              (12, 0.5952),
[92mINFO [0m:      	              (13, 0.6052),
[92mINFO [0m:      	              (14, 0.6439),
[92mINFO [0m:      	              (15, 0.6371),
[92mINFO [0m:      	              (16, 0.6425),
[92mINFO [0m:      	              (17, 0.6383),
[92mINFO [0m:      	              (18, 0.5956),
[92mINFO [0m:      	              (19, 0.6399),
[92mINFO [0m:      	              (20, 0.6755),
[92mINFO [0m:      	              (21, 0.6649),
[92mINFO [0m:      	              (22, 0.7067),
[92mINFO [0m:      	              (23, 0.6959),
[92mINFO [0m:      	              (24, 0.6797),
[92mINFO [0m:      	              (25, 0.7096),
[92mINFO [0m:      	              (26, 0.7283),
[92mINFO [0m:      	              (27, 0.7193),
[92mINFO [0m:      	              (28, 0.715),
[92mINFO [0m:      	              (29, 0.7009),
[92mINFO [0m:      	              (30, 0.7333),
[92mINFO [0m:      	              (31, 0.7068),
[92mINFO [0m:      	              (32, 0.7406),
[92mINFO [0m:      	              (33, 0.6796),
[92mINFO [0m:      	              (34, 0.7372),
[92mINFO [0m:      	              (35, 0.7584),
[92mINFO [0m:      	              (36, 0.7226),
[92mINFO [0m:      	              (37, 0.7439),
[92mINFO [0m:      	              (38, 0.7685),
[92mINFO [0m:      	              (39, 0.7553),
[92mINFO [0m:      	              (40, 0.7551),
[92mINFO [0m:      	              (41, 0.7463),
[92mINFO [0m:      	              (42, 0.7912),
[92mINFO [0m:      	              (43, 0.7535),
[92mINFO [0m:      	              (44, 0.7885),
[92mINFO [0m:      	              (45, 0.7035),
[92mINFO [0m:      	              (46, 0.7735),
[92mINFO [0m:      	              (47, 0.7961),
[92mINFO [0m:      	              (48, 0.763),
[92mINFO [0m:      	              (49, 0.7786),
[92mINFO [0m:      	              (50, 0.7925),
[92mINFO [0m:      	              (51, 0.8082),
[92mINFO [0m:      	              (52, 0.7916),
[92mINFO [0m:      	              (53, 0.7658),
[92mINFO [0m:      	              (54, 0.7888),
[92mINFO [0m:      	              (55, 0.7536),
[92mINFO [0m:      	              (56, 0.7867),
[92mINFO [0m:      	              (57, 0.7954),
[92mINFO [0m:      	              (58, 0.7939),
[92mINFO [0m:      	              (59, 0.7252),
[92mINFO [0m:      	              (60, 0.7833)],
[92mINFO [0m:      	 'avg_per': [(1, 0.043375999999999984),
[92mINFO [0m:      	             (2, 0.043219999999999974),
[92mINFO [0m:      	             (3, 0.07683799999999996),
[92mINFO [0m:      	             (4, 0.05937199999999994),
[92mINFO [0m:      	             (5, 0.03200799999999998),
[92mINFO [0m:      	             (6, 0.06754199999999998),
[92mINFO [0m:      	             (7, 0.05430199999999996),
[92mINFO [0m:      	             (8, 0.027848),
[92mINFO [0m:      	             (9, 0.06321799999999997),
[92mINFO [0m:      	             (10, 0.05161399999999996),
[92mINFO [0m:      	             (11, 0.051773999999999966),
[92mINFO [0m:      	             (12, 0.04329199999999998),
[92mINFO [0m:      	             (13, 0.06739399999999998),
[92mINFO [0m:      	             (14, 0.06025399999999994),
[92mINFO [0m:      	             (15, 0.03937199999999996),
[92mINFO [0m:      	             (16, 0.027607999999999983),
[92mINFO [0m:      	             (17, 0.02760599999999998),
[92mINFO [0m:      	             (18, 0.07203799999999998),
[92mINFO [0m:      	             (19, 0.08235199999999998),
[92mINFO [0m:      	             (20, 0.07523599999999997),
[92mINFO [0m:      	             (21, 0.08236599999999997),
[92mINFO [0m:      	             (22, 0.07037999999999997),
[92mINFO [0m:      	             (23, 0.05545399999999996),
[92mINFO [0m:      	             (24, 0.039461999999999935),
[92mINFO [0m:      	             (25, 0.07540199999999994),
[92mINFO [0m:      	             (26, 0.07113599999999995),
[92mINFO [0m:      	             (27, 0.059527999999999956),
[92mINFO [0m:      	             (28, 0.06909199999999995),
[92mINFO [0m:      	             (29, 0.07868799999999992),
[92mINFO [0m:      	             (30, 0.08705999999999993),
[92mINFO [0m:      	             (31, 0.07106799999999996),
[92mINFO [0m:      	             (32, 0.07091399999999996),
[92mINFO [0m:      	             (33, 0.07082599999999994),
[92mINFO [0m:      	             (34, 0.04722999999999998),
[92mINFO [0m:      	             (35, 0.07045799999999994),
[92mINFO [0m:      	             (36, 0.043449999999999975),
[92mINFO [0m:      	             (37, 0.04594599999999998),
[92mINFO [0m:      	             (38, 0.035535999999999957),
[92mINFO [0m:      	             (39, 0.04040199999999996),
[92mINFO [0m:      	             (40, 0.04803999999999994),
[92mINFO [0m:      	             (41, 0.07851799999999995),
[92mINFO [0m:      	             (42, 0.06706),
[92mINFO [0m:      	             (43, 0.067376),
[92mINFO [0m:      	             (44, 0.05552799999999998),
[92mINFO [0m:      	             (45, 0.05860199999999997),
[92mINFO [0m:      	             (46, 0.06677799999999999),
[92mINFO [0m:      	             (47, 0.056087999999999985),
[92mINFO [0m:      	             (48, 0.03886199999999998),
[92mINFO [0m:      	             (49, 0.04323199999999994),
[92mINFO [0m:      	             (50, 0.03508199999999996),
[92mINFO [0m:      	             (51, 0.062297999999999965),
[92mINFO [0m:      	             (52, 0.07694399999999998),
[92mINFO [0m:      	             (53, 0.04817399999999992),
[92mINFO [0m:      	             (54, 0.058675999999999895),
[92mINFO [0m:      	             (55, 0.048239999999999984),
[92mINFO [0m:      	             (56, 0.051687999999999935),
[92mINFO [0m:      	             (57, 0.06698799999999996),
[92mINFO [0m:      	             (58, 0.06588599999999994),
[92mINFO [0m:      	             (59, 0.07046799999999998),
[92mINFO [0m:      	             (60, 0.05879399999999994)],
[92mINFO [0m:      	 'bw_factor': [(1, 1.0),
[92mINFO [0m:      	               (2, 0.8),
[92mINFO [0m:      	               (3, 0.8650741959687395),
[92mINFO [0m:      	               (4, 0.8513554901935542),
[92mINFO [0m:      	               (5, 0.8509846624230881),
[92mINFO [0m:      	               (6, 0.8678886554847993),
[92mINFO [0m:      	               (7, 0.8409249366772543),
[92mINFO [0m:      	               (8, 0.8345386682549112),
[92mINFO [0m:      	               (9, 0.8356290319141527),
[92mINFO [0m:      	               (10, 0.8251337544895709),
[92mINFO [0m:      	               (11, 0.9102338765977007),
[92mINFO [0m:      	               (12, 0.9113186075462393),
[92mINFO [0m:      	               (13, 0.9109747763831567),
[92mINFO [0m:      	               (14, 0.9108309142076163),
[92mINFO [0m:      	               (15, 0.8204103645587084),
[92mINFO [0m:      	               (16, 0.8134883938830594),
[92mINFO [0m:      	               (17, 0.8147931181008953),
[92mINFO [0m:      	               (18, 0.8102605778668621),
[92mINFO [0m:      	               (19, 0.8163895362310987),
[92mINFO [0m:      	               (20, 0.8210657054006646),
[92mINFO [0m:      	               (21, 0.8187262452574569),
[92mINFO [0m:      	               (22, 0.8177271399060521),
[92mINFO [0m:      	               (23, 0.8152427290355116),
[92mINFO [0m:      	               (24, 0.8119734044771174),
[92mINFO [0m:      	               (25, 0.8119558996811049),
[92mINFO [0m:      	               (26, 0.8089530941059565),
[92mINFO [0m:      	               (27, 0.8125112000530437),
[92mINFO [0m:      	               (28, 0.8102633999606161),
[92mINFO [0m:      	               (29, 0.8068386763563653),
[92mINFO [0m:      	               (30, 0.8054480169235441),
[92mINFO [0m:      	               (31, 0.8134499424715114),
[92mINFO [0m:      	               (32, 0.8460165590719257),
[92mINFO [0m:      	               (33, 0.8442447119921721),
[92mINFO [0m:      	               (34, 0.8467678557096666),
[92mINFO [0m:      	               (35, 0.8380420230853715),
[92mINFO [0m:      	               (36, 0.8198647145011052),
[92mINFO [0m:      	               (37, 0.8195810084085364),
[92mINFO [0m:      	               (38, 0.8171611536025966),
[92mINFO [0m:      	               (39, 0.816645116528957),
[92mINFO [0m:      	               (40, 0.8109903956350499),
[92mINFO [0m:      	               (41, 0.8233509308148079),
[92mINFO [0m:      	               (42, 0.8218489351528253),
[92mINFO [0m:      	               (43, 0.817235444454526),
[92mINFO [0m:      	               (44, 0.8180604852755126),
[92mINFO [0m:      	               (45, 0.9146614868961082),
[92mINFO [0m:      	               (46, 0.919874884970082),
[92mINFO [0m:      	               (47, 0.9209577065497705),
[92mINFO [0m:      	               (48, 0.9236740289931001),
[92mINFO [0m:      	               (49, 0.8290977604260846),
[92mINFO [0m:      	               (50, 0.8157669943063167),
[92mINFO [0m:      	               (51, 0.908352640736421),
[92mINFO [0m:      	               (52, 0.9072543898948171),
[92mINFO [0m:      	               (53, 0.9113321087418947),
[92mINFO [0m:      	               (54, 0.9103013748425409),
[92mINFO [0m:      	               (55, 0.8141324652165505),
[92mINFO [0m:      	               (56, 0.8156628202161005),
[92mINFO [0m:      	               (57, 0.8082333008700727),
[92mINFO [0m:      	               (58, 0.8515573170642252),
[92mINFO [0m:      	               (59, 0.8506946953945911),
[92mINFO [0m:      	               (60, 0.848522566335602)],
[92mINFO [0m:      	 'energy': [(1, 159.24328671244382),
[92mINFO [0m:      	            (2, 55.61699825012646),
[92mINFO [0m:      	            (3, 174.7303716332353),
[92mINFO [0m:      	            (4, 131.15944968151098),
[92mINFO [0m:      	            (5, 100.17046691727532),
[92mINFO [0m:      	            (6, 149.8446104072545),
[92mINFO [0m:      	            (7, 114.69524885012585),
[92mINFO [0m:      	            (8, 127.89174732708543),
[92mINFO [0m:      	            (9, 131.62368205332558),
[92mINFO [0m:      	            (10, 470.51440549633776),
[92mINFO [0m:      	            (11, 104.48761810262454),
[92mINFO [0m:      	            (12, 131.12729763286293),
[92mINFO [0m:      	            (13, 132.9774665732819),
[92mINFO [0m:      	            (14, 109.03511256727548),
[92mINFO [0m:      	            (15, 122.89694058547158),
[92mINFO [0m:      	            (16, 127.65731921157037),
[92mINFO [0m:      	            (17, 124.8431472010604),
[92mINFO [0m:      	            (18, 140.4820387598558),
[92mINFO [0m:      	            (19, 109.75858501493953),
[92mINFO [0m:      	            (20, 134.23036182187536),
[92mINFO [0m:      	            (21, 127.65027433508486),
[92mINFO [0m:      	            (22, 124.36148544381112),
[92mINFO [0m:      	            (23, 118.53543738266761),
[92mINFO [0m:      	            (24, 109.53042269446011),
[92mINFO [0m:      	            (25, 122.7501946076062),
[92mINFO [0m:      	            (26, 127.57986644005912),
[92mINFO [0m:      	            (27, 124.27091809418471),
[92mINFO [0m:      	            (28, 118.26893829494921),
[92mINFO [0m:      	            (29, 126.29859750166489),
[92mINFO [0m:      	            (30, 102.38175870326162),
[92mINFO [0m:      	            (31, 166.82910827112445),
[92mINFO [0m:      	            (32, 124.18085166111076),
[92mINFO [0m:      	            (33, 117.87992117307516),
[92mINFO [0m:      	            (34, 131.49621621594633),
[92mINFO [0m:      	            (35, 100.18517995154563),
[92mINFO [0m:      	            (36, 134.01472940212767),
[92mINFO [0m:      	            (37, 124.36584491328456),
[92mINFO [0m:      	            (38, 134.440428776955),
[92mINFO [0m:      	            (39, 115.38964198336322),
[92mINFO [0m:      	            (40, 100.77961641254159),
[92mINFO [0m:      	            (41, 128.40442372964608),
[92mINFO [0m:      	            (42, 124.78186653487887),
[92mINFO [0m:      	            (43, 134.1394605763893),
[92mINFO [0m:      	            (44, 548.022139050126),
[92mINFO [0m:      	            (45, 71.26327244526728),
[92mINFO [0m:      	            (46, 112.91366256866792),
[92mINFO [0m:      	            (47, 104.3673638615221),
[92mINFO [0m:      	            (48, 119.32959219463069),
[92mINFO [0m:      	            (49, 103.07837013954546),
[92mINFO [0m:      	            (50, 392.312180140393),
[92mINFO [0m:      	            (51, 112.98450750173399),
[92mINFO [0m:      	            (52, 87.334816776699),
[92mINFO [0m:      	            (53, 111.16575940354784),
[92mINFO [0m:      	            (54, 108.51795387940844),
[92mINFO [0m:      	            (55, 102.82112148005504),
[92mINFO [0m:      	            (56, 113.74491920258362),
[92mINFO [0m:      	            (57, 165.11333542897026),
[92mINFO [0m:      	            (58, 111.36656070114046),
[92mINFO [0m:      	            (59, 109.99407095829244),
[92mINFO [0m:      	            (60, 96.29736289608954)],
[92mINFO [0m:      	 'est_upload_time': [(1, 12.007286712443832),
[92mINFO [0m:      	                     (2, 2.852998250126463),
[92mINFO [0m:      	                     (3, 27.49437163323531),
[92mINFO [0m:      	                     (4, 2.4954496815109692),
[92mINFO [0m:      	                     (5, 2.5704669172753234),
[92mINFO [0m:      	                     (6, 2.608610407254492),
[92mINFO [0m:      	                     (7, 2.6032488501258424),
[92mINFO [0m:      	                     (8, 2.5397473270854185),
[92mINFO [0m:      	                     (9, 2.959682053325575),
[92mINFO [0m:      	                     (10, 350.43040549633776),
[92mINFO [0m:      	                     (11, 2.339618102624538),
[92mINFO [0m:      	                     (12, 2.463297632862927),
[92mINFO [0m:      	                     (13, 2.313466573281899),
[92mINFO [0m:      	                     (14, 2.855112567275474),
[92mINFO [0m:      	                     (15, 2.8129405854715754),
[92mINFO [0m:      	                     (16, 2.9053192115703705),
[92mINFO [0m:      	                     (17, 3.4111472010604094),
[92mINFO [0m:      	                     (18, 25.190038759855817),
[92mINFO [0m:      	                     (19, 2.97858501493952),
[92mINFO [0m:      	                     (20, 14.146361821875367),
[92mINFO [0m:      	                     (21, 2.8982743350848557),
[92mINFO [0m:      	                     (22, 2.9294854438111244),
[92mINFO [0m:      	                     (23, 3.243437382667617),
[92mINFO [0m:      	                     (24, 2.750422694460104),
[92mINFO [0m:      	                     (25, 2.6661946076062017),
[92mINFO [0m:      	                     (26, 2.8278664400591143),
[92mINFO [0m:      	                     (27, 2.8389180941847134),
[92mINFO [0m:      	                     (28, 2.976938294949216),
[92mINFO [0m:      	                     (29, 2.778597501664879),
[92mINFO [0m:      	                     (30, 4.181758703261626),
[92mINFO [0m:      	                     (31, 42.077108271124445),
[92mINFO [0m:      	                     (32, 2.748851661110769),
[92mINFO [0m:      	                     (33, 2.587921173075158),
[92mINFO [0m:      	                     (34, 2.83221621594633),
[92mINFO [0m:      	                     (35, 2.5851799515456366),
[92mINFO [0m:      	                     (36, 9.262729402127666),
[92mINFO [0m:      	                     (37, 2.933844913284555),
[92mINFO [0m:      	                     (38, 3.176428776954987),
[92mINFO [0m:      	                     (39, 2.697641983363211),
[92mINFO [0m:      	                     (40, 2.579616412541576),
[92mINFO [0m:      	                     (41, 3.0524237296461036),
[92mINFO [0m:      	                     (42, 3.349866534878874),
[92mINFO [0m:      	                     (43, 2.875460576389301),
[92mINFO [0m:      	                     (44, 440.69013905012605),
[92mINFO [0m:      	                     (45, 2.5272724452672795),
[92mINFO [0m:      	                     (46, 2.4016625686679225),
[92mINFO [0m:      	                     (47, 2.9193638615221076),
[92mINFO [0m:      	                     (48, 2.305592194630698),
[92mINFO [0m:      	                     (49, 2.6263701395454704),
[92mINFO [0m:      	                     (50, 307.43618014039305),
[92mINFO [0m:      	                     (51, 2.4725075017339826),
[92mINFO [0m:      	                     (52, 2.6268167766990076),
[92mINFO [0m:      	                     (53, 2.4857594035478456),
[92mINFO [0m:      	                     (54, 2.3219538794084396),
[92mINFO [0m:      	                     (55, 2.721121480055048),
[92mINFO [0m:      	                     (56, 3.232919202583625),
[92mINFO [0m:      	                     (57, 70.92533542897027),
[92mINFO [0m:      	                     (58, 2.6865607011404613),
[92mINFO [0m:      	                     (59, 19.02207095829245),
[92mINFO [0m:      	                     (60, 2.4773628960895278)],
[92mINFO [0m:      	 'jain': [(1, 0.49999999999999),
[92mINFO [0m:      	          (2, 0.99999999999999),
[92mINFO [0m:      	          (3, 0.8999999999999965),
[92mINFO [0m:      	          (4, 0.8695652173913024),
[92mINFO [0m:      	          (5, 0.909090909090907),
[92mINFO [0m:      	          (6, 0.7407407407407394),
[92mINFO [0m:      	          (7, 0.7692307692307677),
[92mINFO [0m:      	          (8, 0.8333333333333316),
[92mINFO [0m:      	          (9, 0.7692307692307677),
[92mINFO [0m:      	          (10, 0.7999999999999984),
[92mINFO [0m:      	          (11, 0.8333333333333316),
[92mINFO [0m:      	          (12, 0.7999999999999984),
[92mINFO [0m:      	          (13, 0.8333333333333316),
[92mINFO [0m:      	          (14, 0.8333333333333316),
[92mINFO [0m:      	          (15, 0.7692307692307677),
[92mINFO [0m:      	          (16, 0.7692307692307677),
[92mINFO [0m:      	          (17, 0.7692307692307677),
[92mINFO [0m:      	          (18, 0.8333333333333316),
[92mINFO [0m:      	          (19, 0.8695652173913024),
[92mINFO [0m:      	          (20, 0.8333333333333316),
[92mINFO [0m:      	          (21, 0.8695652173913024),
[92mINFO [0m:      	          (22, 0.7999999999999984),
[92mINFO [0m:      	          (23, 0.8333333333333316),
[92mINFO [0m:      	          (24, 0.8695652173913024),
[92mINFO [0m:      	          (25, 0.8333333333333316),
[92mINFO [0m:      	          (26, 0.8695652173913024),
[92mINFO [0m:      	          (27, 0.7999999999999984),
[92mINFO [0m:      	          (28, 0.8333333333333316),
[92mINFO [0m:      	          (29, 0.8333333333333316),
[92mINFO [0m:      	          (30, 0.8333333333333316),
[92mINFO [0m:      	          (31, 0.8333333333333316),
[92mINFO [0m:      	          (32, 0.8333333333333316),
[92mINFO [0m:      	          (33, 0.8695652173913024),
[92mINFO [0m:      	          (34, 0.8333333333333316),
[92mINFO [0m:      	          (35, 0.8333333333333316),
[92mINFO [0m:      	          (36, 0.8333333333333316),
[92mINFO [0m:      	          (37, 0.7692307692307677),
[92mINFO [0m:      	          (38, 0.7692307692307677),
[92mINFO [0m:      	          (39, 0.8333333333333316),
[92mINFO [0m:      	          (40, 0.8333333333333316),
[92mINFO [0m:      	          (41, 0.8333333333333316),
[92mINFO [0m:      	          (42, 0.7692307692307677),
[92mINFO [0m:      	          (43, 0.8333333333333316),
[92mINFO [0m:      	          (44, 0.8333333333333316),
[92mINFO [0m:      	          (45, 0.909090909090907),
[92mINFO [0m:      	          (46, 0.8695652173913024),
[92mINFO [0m:      	          (47, 0.7692307692307677),
[92mINFO [0m:      	          (48, 0.7692307692307677),
[92mINFO [0m:      	          (49, 0.6896551724137919),
[92mINFO [0m:      	          (50, 0.714285714285713),
[92mINFO [0m:      	          (51, 0.714285714285713),
[92mINFO [0m:      	          (52, 0.7999999999999984),
[92mINFO [0m:      	          (53, 0.7407407407407394),
[92mINFO [0m:      	          (54, 0.7407407407407394),
[92mINFO [0m:      	          (55, 0.7407407407407394),
[92mINFO [0m:      	          (56, 0.714285714285713),
[92mINFO [0m:      	          (57, 0.6896551724137919),
[92mINFO [0m:      	          (58, 0.6666666666666655),
[92mINFO [0m:      	          (59, 0.7692307692307677),
[92mINFO [0m:      	          (60, 0.8333333333333316)],
[92mINFO [0m:      	 'loss': [(1, 2.1510775602316556),
[92mINFO [0m:      	          (2, 1.904378835159012),
[92mINFO [0m:      	          (3, 1.663366260407846),
[92mINFO [0m:      	          (4, 1.8473904238471501),
[92mINFO [0m:      	          (5, 1.519945991190174),
[92mINFO [0m:      	          (6, 1.3517494337468208),
[92mINFO [0m:      	          (7, 1.2947188706337651),
[92mINFO [0m:      	          (8, 1.2921286549749254),
[92mINFO [0m:      	          (9, 1.1719713927824287),
[92mINFO [0m:      	          (10, 1.1724007710625854),
[92mINFO [0m:      	          (11, 1.2540648775764658),
[92mINFO [0m:      	          (12, 1.1012990904759756),
[92mINFO [0m:      	          (13, 1.4130063781255409),
[92mINFO [0m:      	          (14, 0.9644113062303278),
[92mINFO [0m:      	          (15, 0.981676619264144),
[92mINFO [0m:      	          (16, 1.0950019231325463),
[92mINFO [0m:      	          (17, 1.0038833210739908),
[92mINFO [0m:      	          (18, 1.342432283147981),
[92mINFO [0m:      	          (19, 1.04866899870619),
[92mINFO [0m:      	          (20, 0.8862264714663541),
[92mINFO [0m:      	          (21, 1.083931274806397),
[92mINFO [0m:      	          (22, 0.817813022227227),
[92mINFO [0m:      	          (23, 1.0401190089274057),
[92mINFO [0m:      	          (24, 0.9521527026273027),
[92mINFO [0m:      	          (25, 0.8282633967037443),
[92mINFO [0m:      	          (26, 0.7803641776495343),
[92mINFO [0m:      	          (27, 0.8065696192693107),
[92mINFO [0m:      	          (28, 0.9540152210223524),
[92mINFO [0m:      	          (29, 0.878731486918051),
[92mINFO [0m:      	          (30, 0.7760778054406371),
[92mINFO [0m:      	          (31, 0.8273528912399388),
[92mINFO [0m:      	          (32, 0.7623993580854391),
[92mINFO [0m:      	          (33, 1.0115255683283262),
[92mINFO [0m:      	          (34, 0.7463179853143571),
[92mINFO [0m:      	          (35, 0.684399627054794),
[92mINFO [0m:      	          (36, 0.8232613975488687),
[92mINFO [0m:      	          (37, 0.7255030621456194),
[92mINFO [0m:      	          (38, 0.6776614283459096),
[92mINFO [0m:      	          (39, 0.7360914183568351),
[92mINFO [0m:      	          (40, 0.7504752323597292),
[92mINFO [0m:      	          (41, 0.8517825694023808),
[92mINFO [0m:      	          (42, 0.6240085506741004),
[92mINFO [0m:      	          (43, 0.7129588376117658),
[92mINFO [0m:      	          (44, 0.6161362498621398),
[92mINFO [0m:      	          (45, 0.9001533992682831),
[92mINFO [0m:      	          (46, 0.6894929627828961),
[92mINFO [0m:      	          (47, 0.6169647944124439),
[92mINFO [0m:      	          (48, 0.7224343637876873),
[92mINFO [0m:      	          (49, 0.6318627150752877),
[92mINFO [0m:      	          (50, 0.5798684411411044),
[92mINFO [0m:      	          (51, 0.5567891129964515),
[92mINFO [0m:      	          (52, 0.6199495879155171),
[92mINFO [0m:      	          (53, 0.7163927392869056),
[92mINFO [0m:      	          (54, 0.6188479880743389),
[92mINFO [0m:      	          (55, 0.7370771501637712),
[92mINFO [0m:      	          (56, 0.6379791513273988),
[92mINFO [0m:      	          (57, 0.6253907503206518),
[92mINFO [0m:      	          (58, 0.6346984207630157),
[92mINFO [0m:      	          (59, 0.8612446539764163),
[92mINFO [0m:      	          (60, 0.6284015978438945)],
[92mINFO [0m:      	 'mode': [(1, 'semi_sync'),
[92mINFO [0m:      	          (2, 'semi_sync'),
[92mINFO [0m:      	          (3, 'semi_sync'),
[92mINFO [0m:      	          (4, 'semi_sync'),
[92mINFO [0m:      	          (5, 'semi_sync'),
[92mINFO [0m:      	          (6, 'semi_sync'),
[92mINFO [0m:      	          (7, 'semi_sync'),
[92mINFO [0m:      	          (8, 'semi_sync'),
[92mINFO [0m:      	          (9, 'semi_sync'),
[92mINFO [0m:      	          (10, 'semi_sync'),
[92mINFO [0m:      	          (11, 'semi_sync'),
[92mINFO [0m:      	          (12, 'semi_sync'),
[92mINFO [0m:      	          (13, 'semi_sync'),
[92mINFO [0m:      	          (14, 'semi_sync'),
[92mINFO [0m:      	          (15, 'semi_sync'),
[92mINFO [0m:      	          (16, 'semi_sync'),
[92mINFO [0m:      	          (17, 'semi_sync'),
[92mINFO [0m:      	          (18, 'semi_sync'),
[92mINFO [0m:      	          (19, 'semi_sync'),
[92mINFO [0m:      	          (20, 'semi_sync'),
[92mINFO [0m:      	          (21, 'semi_sync'),
[92mINFO [0m:      	          (22, 'semi_sync'),
[92mINFO [0m:      	          (23, 'semi_sync'),
[92mINFO [0m:      	          (24, 'semi_sync'),
[92mINFO [0m:      	          (25, 'semi_sync'),
[92mINFO [0m:      	          (26, 'semi_sync'),
[92mINFO [0m:      	          (27, 'semi_sync'),
[92mINFO [0m:      	          (28, 'semi_sync'),
[92mINFO [0m:      	          (29, 'semi_sync'),
[92mINFO [0m:      	          (30, 'semi_sync'),
[92mINFO [0m:      	          (31, 'semi_sync'),
[92mINFO [0m:      	          (32, 'semi_sync'),
[92mINFO [0m:      	          (33, 'semi_sync'),
[92mINFO [0m:      	          (34, 'semi_sync'),
[92mINFO [0m:      	          (35, 'semi_sync'),
[92mINFO [0m:      	          (36, 'semi_sync'),
[92mINFO [0m:      	          (37, 'semi_sync'),
[92mINFO [0m:      	          (38, 'semi_sync'),
[92mINFO [0m:      	          (39, 'semi_sync'),
[92mINFO [0m:      	          (40, 'semi_sync'),
[92mINFO [0m:      	          (41, 'semi_sync'),
[92mINFO [0m:      	          (42, 'semi_sync'),
[92mINFO [0m:      	          (43, 'semi_sync'),
[92mINFO [0m:      	          (44, 'semi_sync'),
[92mINFO [0m:      	          (45, 'semi_sync'),
[92mINFO [0m:      	          (46, 'semi_sync'),
[92mINFO [0m:      	          (47, 'semi_sync'),
[92mINFO [0m:      	          (48, 'semi_sync'),
[92mINFO [0m:      	          (49, 'semi_sync'),
[92mINFO [0m:      	          (50, 'semi_sync'),
[92mINFO [0m:      	          (51, 'semi_sync'),
[92mINFO [0m:      	          (52, 'semi_sync'),
[92mINFO [0m:      	          (53, 'semi_sync'),
[92mINFO [0m:      	          (54, 'semi_sync'),
[92mINFO [0m:      	          (55, 'semi_sync'),
[92mINFO [0m:      	          (56, 'semi_sync'),
[92mINFO [0m:      	          (57, 'semi_sync'),
[92mINFO [0m:      	          (58, 'semi_sync'),
[92mINFO [0m:      	          (59, 'semi_sync'),
[92mINFO [0m:      	          (60, 'semi_sync')],
[92mINFO [0m:      	 'num_exhausted_clients': [(1, 0.0),
[92mINFO [0m:      	                           (2, 0.0),
[92mINFO [0m:      	                           (3, 0.0),
[92mINFO [0m:      	                           (4, 0.0),
[92mINFO [0m:      	                           (5, 0.0),
[92mINFO [0m:      	                           (6, 0.0),
[92mINFO [0m:      	                           (7, 0.0),
[92mINFO [0m:      	                           (8, 0.0),
[92mINFO [0m:      	                           (9, 0.0),
[92mINFO [0m:      	                           (10, 0.0),
[92mINFO [0m:      	                           (11, 0.0),
[92mINFO [0m:      	                           (12, 0.0),
[92mINFO [0m:      	                           (13, 0.0),
[92mINFO [0m:      	                           (14, 0.0),
[92mINFO [0m:      	                           (15, 0.0),
[92mINFO [0m:      	                           (16, 0.0),
[92mINFO [0m:      	                           (17, 0.0),
[92mINFO [0m:      	                           (18, 0.0),
[92mINFO [0m:      	                           (19, 0.0),
[92mINFO [0m:      	                           (20, 0.0),
[92mINFO [0m:      	                           (21, 0.0),
[92mINFO [0m:      	                           (22, 0.0),
[92mINFO [0m:      	                           (23, 0.0),
[92mINFO [0m:      	                           (24, 0.0),
[92mINFO [0m:      	                           (25, 0.0),
[92mINFO [0m:      	                           (26, 0.0),
[92mINFO [0m:      	                           (27, 0.0),
[92mINFO [0m:      	                           (28, 0.0),
[92mINFO [0m:      	                           (29, 0.0),
[92mINFO [0m:      	                           (30, 0.0),
[92mINFO [0m:      	                           (31, 0.0),
[92mINFO [0m:      	                           (32, 0.0),
[92mINFO [0m:      	                           (33, 0.0),
[92mINFO [0m:      	                           (34, 0.0),
[92mINFO [0m:      	                           (35, 0.0),
[92mINFO [0m:      	                           (36, 0.0),
[92mINFO [0m:      	                           (37, 0.0),
[92mINFO [0m:      	                           (38, 0.0),
[92mINFO [0m:      	                           (39, 0.0),
[92mINFO [0m:      	                           (40, 0.0),
[92mINFO [0m:      	                           (41, 0.0),
[92mINFO [0m:      	                           (42, 0.0),
[92mINFO [0m:      	                           (43, 1.0),
[92mINFO [0m:      	                           (44, 1.0),
[92mINFO [0m:      	                           (45, 1.0),
[92mINFO [0m:      	                           (46, 1.0),
[92mINFO [0m:      	                           (47, 1.0),
[92mINFO [0m:      	                           (48, 1.0),
[92mINFO [0m:      	                           (49, 1.0),
[92mINFO [0m:      	                           (50, 1.0),
[92mINFO [0m:      	                           (51, 1.0),
[92mINFO [0m:      	                           (52, 1.0),
[92mINFO [0m:      	                           (53, 1.0),
[92mINFO [0m:      	                           (54, 1.0),
[92mINFO [0m:      	                           (55, 1.0),
[92mINFO [0m:      	                           (56, 1.0),
[92mINFO [0m:      	                           (57, 1.0),
[92mINFO [0m:      	                           (58, 1.0),
[92mINFO [0m:      	                           (59, 1.0),
[92mINFO [0m:      	                           (60, 1.0)],
[92mINFO [0m:      	 'topk': [(1, 5.0),
[92mINFO [0m:      	          (2, 5.0),
[92mINFO [0m:      	          (3, 5.0),
[92mINFO [0m:      	          (4, 5.0),
[92mINFO [0m:      	          (5, 5.0),
[92mINFO [0m:      	          (6, 5.0),
[92mINFO [0m:      	          (7, 5.0),
[92mINFO [0m:      	          (8, 5.0),
[92mINFO [0m:      	          (9, 5.0),
[92mINFO [0m:      	          (10, 5.0),
[92mINFO [0m:      	          (11, 5.0),
[92mINFO [0m:      	          (12, 5.0),
[92mINFO [0m:      	          (13, 5.0),
[92mINFO [0m:      	          (14, 5.0),
[92mINFO [0m:      	          (15, 5.0),
[92mINFO [0m:      	          (16, 5.0),
[92mINFO [0m:      	          (17, 5.0),
[92mINFO [0m:      	          (18, 5.0),
[92mINFO [0m:      	          (19, 5.0),
[92mINFO [0m:      	          (20, 5.0),
[92mINFO [0m:      	          (21, 5.0),
[92mINFO [0m:      	          (22, 5.0),
[92mINFO [0m:      	          (23, 5.0),
[92mINFO [0m:      	          (24, 5.0),
[92mINFO [0m:      	          (25, 5.0),
[92mINFO [0m:      	          (26, 5.0),
[92mINFO [0m:      	          (27, 5.0),
[92mINFO [0m:      	          (28, 5.0),
[92mINFO [0m:      	          (29, 5.0),
[92mINFO [0m:      	          (30, 5.0),
[92mINFO [0m:      	          (31, 5.0),
[92mINFO [0m:      	          (32, 5.0),
[92mINFO [0m:      	          (33, 5.0),
[92mINFO [0m:      	          (34, 5.0),
[92mINFO [0m:      	          (35, 5.0),
[92mINFO [0m:      	          (36, 5.0),
[92mINFO [0m:      	          (37, 5.0),
[92mINFO [0m:      	          (38, 5.0),
[92mINFO [0m:      	          (39, 5.0),
[92mINFO [0m:      	          (40, 5.0),
[92mINFO [0m:      	          (41, 5.0),
[92mINFO [0m:      	          (42, 5.0),
[92mINFO [0m:      	          (43, 5.0),
[92mINFO [0m:      	          (44, 5.0),
[92mINFO [0m:      	          (45, 5.0),
[92mINFO [0m:      	          (46, 5.0),
[92mINFO [0m:      	          (47, 5.0),
[92mINFO [0m:      	          (48, 5.0),
[92mINFO [0m:      	          (49, 5.0),
[92mINFO [0m:      	          (50, 5.0),
[92mINFO [0m:      	          (51, 5.0),
[92mINFO [0m:      	          (52, 5.0),
[92mINFO [0m:      	          (53, 5.0),
[92mINFO [0m:      	          (54, 5.0),
[92mINFO [0m:      	          (55, 5.0),
[92mINFO [0m:      	          (56, 5.0),
[92mINFO [0m:      	          (57, 5.0),
[92mINFO [0m:      	          (58, 5.0),
[92mINFO [0m:      	          (59, 5.0),
[92mINFO [0m:      	          (60, 5.0)]}
[92mINFO [0m:      	History (metrics, centralized):
[92mINFO [0m:      	{'accuracy': [(0, 0.1),
[92mINFO [0m:      	              (1, 0.2345),
[92mINFO [0m:      	              (2, 0.3198),
[92mINFO [0m:      	              (3, 0.3564),
[92mINFO [0m:      	              (4, 0.3251),
[92mINFO [0m:      	              (5, 0.4445),
[92mINFO [0m:      	              (6, 0.4942),
[92mINFO [0m:      	              (7, 0.4829),
[92mINFO [0m:      	              (8, 0.5232),
[92mINFO [0m:      	              (9, 0.5641),
[92mINFO [0m:      	              (10, 0.5621),
[92mINFO [0m:      	              (11, 0.6158),
[92mINFO [0m:      	              (12, 0.5952),
[92mINFO [0m:      	              (13, 0.6052),
[92mINFO [0m:      	              (14, 0.6439),
[92mINFO [0m:      	              (15, 0.6371),
[92mINFO [0m:      	              (16, 0.6425),
[92mINFO [0m:      	              (17, 0.6383),
[92mINFO [0m:      	              (18, 0.5956),
[92mINFO [0m:      	              (19, 0.6399),
[92mINFO [0m:      	              (20, 0.6755),
[92mINFO [0m:      	              (21, 0.6649),
[92mINFO [0m:      	              (22, 0.7067),
[92mINFO [0m:      	              (23, 0.6959),
[92mINFO [0m:      	              (24, 0.6797),
[92mINFO [0m:      	              (25, 0.7096),
[92mINFO [0m:      	              (26, 0.7283),
[92mINFO [0m:      	              (27, 0.7193),
[92mINFO [0m:      	              (28, 0.715),
[92mINFO [0m:      	              (29, 0.7009),
[92mINFO [0m:      	              (30, 0.7333),
[92mINFO [0m:      	              (31, 0.7068),
[92mINFO [0m:      	              (32, 0.7406),
[92mINFO [0m:      	              (33, 0.6796),
[92mINFO [0m:      	              (34, 0.7372),
[92mINFO [0m:      	              (35, 0.7584),
[92mINFO [0m:      	              (36, 0.7226),
[92mINFO [0m:      	              (37, 0.7439),
[92mINFO [0m:      	              (38, 0.7685),
[92mINFO [0m:      	              (39, 0.7553),
[92mINFO [0m:      	              (40, 0.7551),
[92mINFO [0m:      	              (41, 0.7463),
[92mINFO [0m:      	              (42, 0.7912),
[92mINFO [0m:      	              (43, 0.7535),
[92mINFO [0m:      	              (44, 0.7885),
[92mINFO [0m:      	              (45, 0.7035),
[92mINFO [0m:      	              (46, 0.7735),
[92mINFO [0m:      	              (47, 0.7961),
[92mINFO [0m:      	              (48, 0.763),
[92mINFO [0m:      	              (49, 0.7786),
[92mINFO [0m:      	              (50, 0.7925),
[92mINFO [0m:      	              (51, 0.8082),
[92mINFO [0m:      	              (52, 0.7916),
[92mINFO [0m:      	              (53, 0.7658),
[92mINFO [0m:      	              (54, 0.7888),
[92mINFO [0m:      	              (55, 0.7536),
[92mINFO [0m:      	              (56, 0.7867),
[92mINFO [0m:      	              (57, 0.7954),
[92mINFO [0m:      	              (58, 0.7939),
[92mINFO [0m:      	              (59, 0.7252),
[92mINFO [0m:      	              (60, 0.7833)]}
[92mINFO [0m:      
