/root/miniconda3/envs/moga-fl/lib/python3.10/site-packages/torch/cuda/__init__.py:65: FutureWarning: The pynvml package is deprecated. Please install nvidia-ml-py instead. If you did not install pynvml directly, please report this to the maintainers of the package that installed pynvml for you.
  import pynvml  # type: ignore[import]
[93mWARNING [0m:   DEPRECATED FEATURE: flwr.simulation.start_simulation() is deprecated.
	Instead, use the `flwr run` CLI command to start a local simulation in your Flower app, as shown for example below:

		$ flwr new  # Create a new Flower app from a template

		$ flwr run  # Run the Flower app in Simulation Mode

	Using `start_simulation()` is deprecated.

            This is a deprecated feature. It will be removed
            entirely in future versions of Flower.
        
[92mINFO [0m:      Starting Flower simulation, config: num_rounds=60, no round_timeout
2026-03-03 03:21:04,577	WARNING utils.py:460 -- Detecting docker specified CPUs. In previous versions of Ray, CPU detection in containers was incorrect. Please ensure that Ray has enough CPUs allocated. As a temporary workaround to revert to the prior behavior, set `RAY_USE_MULTIPROCESSING_CPU_COUNT=1` as an env var before starting Ray. Set the env var: `RAY_DISABLE_DOCKER_CPU_WARNING=1` to mute this warning.
2026-03-03 03:21:04,799	INFO worker.py:2012 -- Started a local Ray instance.
/root/miniconda3/envs/moga-fl/lib/python3.10/site-packages/ray/_private/worker.py:2051: FutureWarning: Tip: In future versions of Ray, Ray will no longer override accelerator visible devices env var if num_gpus=0 or num_gpus=None (default). To enable this behavior and turn off this error message, set RAY_ACCEL_ENV_VAR_OVERRIDE_ON_ZERO=0
  warnings.warn(
[92mINFO [0m:      Flower VCE: Ray initialized with resources: {'memory': 65810984960.0, 'CPU': 25.0, 'GPU': 1.0, 'accelerator_type:G': 1.0, 'object_store_memory': 28204707840.0, 'node:__internal_head__': 1.0, 'node:172.17.0.5': 1.0}
[92mINFO [0m:      Optimize your simulation with Flower VCE: https://flower.ai/docs/framework/how-to-run-simulations.html
[92mINFO [0m:      Flower VCE: Resources for each Virtual Client: {'num_cpus': 2.0, 'num_gpus': 0.25}
[92mINFO [0m:      Flower VCE: Creating VirtualClientEngineActorPool with 4 actors
[92mINFO [0m:      [INIT]
[92mINFO [0m:      Using initial global parameters provided by strategy
[92mINFO [0m:      Starting evaluation of initial global parameters
[92mINFO [0m:      initial parameters (loss, other metrics): 3.5699364686314063, {'accuracy': 0.1}
[92mINFO [0m:      
[92mINFO [0m:      [ROUND 1]
[92mINFO [0m:      configure_fit: strategy sampled 5 clients (out of 10)
[36m(ClientAppActor pid=135961)[0m /root/miniconda3/envs/moga-fl/lib/python3.10/site-packages/torch/cuda/__init__.py:65: FutureWarning: The pynvml package is deprecated. Please install nvidia-ml-py instead. If you did not install pynvml directly, please report this to the maintainers of the package that installed pynvml for you.
[36m(ClientAppActor pid=135961)[0m   import pynvml  # type: ignore[import]
[92mINFO [0m:      aggregate_fit: received 5 results and 0 failures
[92mINFO [0m:      fit progress: (1, 3.030929028233395, {'accuracy': 0.1385}, 12.319012809544802)
[92mINFO [0m:      configure_evaluate: no clients selected, skipping evaluation
[92mINFO [0m:      
[92mINFO [0m:      [ROUND 2]
[92mINFO [0m:      configure_fit: strategy sampled 5 clients (out of 10)
[92mINFO [0m:      aggregate_fit: received 5 results and 0 failures
[92mINFO [0m:      fit progress: (2, 3.030929028233395, {'accuracy': 0.1385}, 22.474015783518553)
[92mINFO [0m:      configure_evaluate: no clients selected, skipping evaluation
[92mINFO [0m:      
[92mINFO [0m:      [ROUND 3]
[92mINFO [0m:      configure_fit: strategy sampled 5 clients (out of 10)
[36m(pid=gcs_server)[0m [2026-03-03 03:21:34,040 E 135450 135450] (gcs_server) gcs_server.cc:302: Failed to establish connection to the event+metrics exporter agent. Events and metrics will not be exported. Exporter agent status: RpcError: Running out of retries to initialize the metrics agent. rpc_code: 14
[36m(ClientAppActor pid=135959)[0m /root/miniconda3/envs/moga-fl/lib/python3.10/site-packages/torch/cuda/__init__.py:65: FutureWarning: The pynvml package is deprecated. Please install nvidia-ml-py instead. If you did not install pynvml directly, please report this to the maintainers of the package that installed pynvml for you.[32m [repeated 3x across cluster] (Ray deduplicates logs by default. Set RAY_DEDUP_LOGS=0 to disable log deduplication, or see https://docs.ray.io/en/master/ray-observability/user-guides/configure-logging.html#log-deduplication for more options.)[0m
[36m(ClientAppActor pid=135959)[0m   import pynvml  # type: ignore[import][32m [repeated 3x across cluster][0m
[33m(raylet)[0m [2026-03-03 03:21:34,741 E 135825 135825] (raylet) main.cc:975: Failed to establish connection to the metrics exporter agent. Metrics will not be exported. Exporter agent status: RpcError: Running out of retries to initialize the metrics agent. rpc_code: 14
[36m(ClientAppActor pid=135959)[0m [2026-03-03 03:21:35,114 E 135959 136225] core_worker_process.cc:825: Failed to establish connection to the metrics exporter agent. Metrics will not be exported. Exporter agent status: RpcError: Running out of retries to initialize the metrics agent. rpc_code: 14
[2026-03-03 03:21:35,414 E 135315 135958] core_worker_process.cc:825: Failed to establish connection to the metrics exporter agent. Metrics will not be exported. Exporter agent status: RpcError: Running out of retries to initialize the metrics agent. rpc_code: 14
[92mINFO [0m:      aggregate_fit: received 5 results and 0 failures
[92mINFO [0m:      fit progress: (3, 3.0309283491931382, {'accuracy': 0.1385}, 33.15747451130301)
[92mINFO [0m:      configure_evaluate: no clients selected, skipping evaluation
[92mINFO [0m:      
[92mINFO [0m:      [ROUND 4]
[92mINFO [0m:      configure_fit: strategy sampled 5 clients (out of 10)
[92mINFO [0m:      aggregate_fit: received 5 results and 0 failures
[92mINFO [0m:      fit progress: (4, 3.0309301720389836, {'accuracy': 0.1385}, 42.521608565934)
[92mINFO [0m:      configure_evaluate: no clients selected, skipping evaluation
[92mINFO [0m:      
[92mINFO [0m:      [ROUND 5]
[92mINFO [0m:      configure_fit: strategy sampled 5 clients (out of 10)
[92mINFO [0m:      aggregate_fit: received 5 results and 0 failures
[92mINFO [0m:      fit progress: (5, 3.4307913478416734, {'accuracy': 0.2285}, 53.589521498419344)
[92mINFO [0m:      configure_evaluate: no clients selected, skipping evaluation
[92mINFO [0m:      
[92mINFO [0m:      [ROUND 6]
[92mINFO [0m:      configure_fit: strategy sampled 5 clients (out of 10)
[92mINFO [0m:      aggregate_fit: received 5 results and 0 failures
[92mINFO [0m:      fit progress: (6, 2.892927975594243, {'accuracy': 0.2399}, 64.57424457091838)
[92mINFO [0m:      configure_evaluate: no clients selected, skipping evaluation
[92mINFO [0m:      
[92mINFO [0m:      [ROUND 7]
[92mINFO [0m:      configure_fit: strategy sampled 5 clients (out of 10)
[92mINFO [0m:      aggregate_fit: received 5 results and 0 failures
[92mINFO [0m:      fit progress: (7, 2.289458271823352, {'accuracy': 0.2305}, 75.81721767038107)
[92mINFO [0m:      configure_evaluate: no clients selected, skipping evaluation
[92mINFO [0m:      
[92mINFO [0m:      [ROUND 8]
[92mINFO [0m:      configure_fit: strategy sampled 5 clients (out of 10)
[92mINFO [0m:      aggregate_fit: received 5 results and 0 failures
[92mINFO [0m:      fit progress: (8, 2.9385805703416654, {'accuracy': 0.263}, 87.10835947096348)
[92mINFO [0m:      configure_evaluate: no clients selected, skipping evaluation
[92mINFO [0m:      
[92mINFO [0m:      [ROUND 9]
[92mINFO [0m:      configure_fit: strategy sampled 5 clients (out of 10)
[92mINFO [0m:      aggregate_fit: received 5 results and 0 failures
[92mINFO [0m:      fit progress: (9, 2.0060519387450397, {'accuracy': 0.3568}, 98.22020657174289)
[92mINFO [0m:      configure_evaluate: no clients selected, skipping evaluation
[92mINFO [0m:      
[92mINFO [0m:      [ROUND 10]
[92mINFO [0m:      configure_fit: strategy sampled 5 clients (out of 10)
[92mINFO [0m:      aggregate_fit: received 5 results and 0 failures
[92mINFO [0m:      fit progress: (10, 2.4467928801910785, {'accuracy': 0.3409}, 109.14117980469018)
[92mINFO [0m:      configure_evaluate: no clients selected, skipping evaluation
[92mINFO [0m:      
[92mINFO [0m:      [ROUND 11]
[92mINFO [0m:      configure_fit: strategy sampled 5 clients (out of 10)
[92mINFO [0m:      aggregate_fit: received 5 results and 0 failures
[92mINFO [0m:      fit progress: (11, 1.8922378684900985, {'accuracy': 0.3167}, 119.92212938517332)
[92mINFO [0m:      configure_evaluate: no clients selected, skipping evaluation
[92mINFO [0m:      
[92mINFO [0m:      [ROUND 12]
[92mINFO [0m:      configure_fit: strategy sampled 5 clients (out of 10)
[92mINFO [0m:      aggregate_fit: received 5 results and 0 failures
[92mINFO [0m:      fit progress: (12, 1.9970966079567052, {'accuracy': 0.3313}, 130.75568340253085)
[92mINFO [0m:      configure_evaluate: no clients selected, skipping evaluation
[92mINFO [0m:      
[92mINFO [0m:      [ROUND 13]
[92mINFO [0m:      configure_fit: strategy sampled 5 clients (out of 10)
[92mINFO [0m:      aggregate_fit: received 5 results and 0 failures
[92mINFO [0m:      fit progress: (13, 1.9249372919903527, {'accuracy': 0.3473}, 140.92200709227473)
[92mINFO [0m:      configure_evaluate: no clients selected, skipping evaluation
[92mINFO [0m:      
[92mINFO [0m:      [ROUND 14]
[92mINFO [0m:      configure_fit: strategy sampled 5 clients (out of 10)
[92mINFO [0m:      aggregate_fit: received 5 results and 0 failures
[92mINFO [0m:      fit progress: (14, 2.03932949561107, {'accuracy': 0.3534}, 151.93364330008626)
[92mINFO [0m:      configure_evaluate: no clients selected, skipping evaluation
[92mINFO [0m:      
[92mINFO [0m:      [ROUND 15]
[92mINFO [0m:      configure_fit: strategy sampled 5 clients (out of 10)
[92mINFO [0m:      aggregate_fit: received 5 results and 0 failures
[92mINFO [0m:      fit progress: (15, 1.6074710541133639, {'accuracy': 0.4182}, 161.51532070804387)
[92mINFO [0m:      configure_evaluate: no clients selected, skipping evaluation
[92mINFO [0m:      
[92mINFO [0m:      [ROUND 16]
[92mINFO [0m:      configure_fit: strategy sampled 5 clients (out of 10)
[92mINFO [0m:      aggregate_fit: received 5 results and 0 failures
[92mINFO [0m:      fit progress: (16, 1.6431166159955761, {'accuracy': 0.4147}, 172.31464439071715)
[92mINFO [0m:      configure_evaluate: no clients selected, skipping evaluation
[92mINFO [0m:      
[92mINFO [0m:      [ROUND 17]
[92mINFO [0m:      configure_fit: strategy sampled 5 clients (out of 10)
[92mINFO [0m:      aggregate_fit: received 5 results and 0 failures
[92mINFO [0m:      fit progress: (17, 3.596269320838059, {'accuracy': 0.2867}, 182.7772251330316)
[92mINFO [0m:      configure_evaluate: no clients selected, skipping evaluation
[92mINFO [0m:      
[92mINFO [0m:      [ROUND 18]
[92mINFO [0m:      configure_fit: strategy sampled 5 clients (out of 10)
[92mINFO [0m:      aggregate_fit: received 5 results and 0 failures
[92mINFO [0m:      fit progress: (18, 3.596269320838059, {'accuracy': 0.2867}, 193.48661431204528)
[92mINFO [0m:      configure_evaluate: no clients selected, skipping evaluation
[92mINFO [0m:      
[92mINFO [0m:      [ROUND 19]
[92mINFO [0m:      configure_fit: strategy sampled 5 clients (out of 10)
[92mINFO [0m:      aggregate_fit: received 5 results and 0 failures
[92mINFO [0m:      fit progress: (19, 1.4039523812788952, {'accuracy': 0.4881}, 204.39167198352516)
[92mINFO [0m:      configure_evaluate: no clients selected, skipping evaluation
[92mINFO [0m:      
[92mINFO [0m:      [ROUND 20]
[92mINFO [0m:      configure_fit: strategy sampled 5 clients (out of 10)
[92mINFO [0m:      aggregate_fit: received 5 results and 0 failures
[92mINFO [0m:      fit progress: (20, 1.3504889886590499, {'accuracy': 0.5097}, 215.2882089605555)
[92mINFO [0m:      configure_evaluate: no clients selected, skipping evaluation
[92mINFO [0m:      
[92mINFO [0m:      [ROUND 21]
[92mINFO [0m:      configure_fit: strategy sampled 5 clients (out of 10)
[92mINFO [0m:      aggregate_fit: received 5 results and 0 failures
[92mINFO [0m:      fit progress: (21, 1.4716032200221774, {'accuracy': 0.4965}, 225.18258109223098)
[92mINFO [0m:      configure_evaluate: no clients selected, skipping evaluation
[92mINFO [0m:      
[92mINFO [0m:      [ROUND 22]
[92mINFO [0m:      configure_fit: strategy sampled 5 clients (out of 10)
[92mINFO [0m:      aggregate_fit: received 5 results and 0 failures
[92mINFO [0m:      fit progress: (22, 1.3489146036437796, {'accuracy': 0.5199}, 234.36926963180304)
[92mINFO [0m:      configure_evaluate: no clients selected, skipping evaluation
[92mINFO [0m:      
[92mINFO [0m:      [ROUND 23]
[92mINFO [0m:      configure_fit: strategy sampled 5 clients (out of 10)
[92mINFO [0m:      aggregate_fit: received 5 results and 0 failures
[92mINFO [0m:      fit progress: (23, 1.2051437542408328, {'accuracy': 0.5639}, 243.93364426027983)
[92mINFO [0m:      configure_evaluate: no clients selected, skipping evaluation
[92mINFO [0m:      
[92mINFO [0m:      [ROUND 24]
[92mINFO [0m:      configure_fit: strategy sampled 5 clients (out of 10)
[92mINFO [0m:      aggregate_fit: received 5 results and 0 failures
[92mINFO [0m:      fit progress: (24, 1.2507851199258733, {'accuracy': 0.5722}, 253.5268127731979)
[92mINFO [0m:      configure_evaluate: no clients selected, skipping evaluation
[92mINFO [0m:      
[92mINFO [0m:      [ROUND 25]
[92mINFO [0m:      configure_fit: strategy sampled 5 clients (out of 10)
[92mINFO [0m:      aggregate_fit: received 5 results and 0 failures
[92mINFO [0m:      fit progress: (25, 1.3185517123982877, {'accuracy': 0.5212}, 263.0800580531359)
[92mINFO [0m:      configure_evaluate: no clients selected, skipping evaluation
[92mINFO [0m:      
[92mINFO [0m:      [ROUND 26]
[92mINFO [0m:      configure_fit: strategy sampled 5 clients (out of 10)
[92mINFO [0m:      aggregate_fit: received 5 results and 0 failures
[92mINFO [0m:      fit progress: (26, 1.1730208042301709, {'accuracy': 0.5827}, 272.7094125794247)
[92mINFO [0m:      configure_evaluate: no clients selected, skipping evaluation
[92mINFO [0m:      
[92mINFO [0m:      [ROUND 27]
[92mINFO [0m:      configure_fit: strategy sampled 5 clients (out of 10)
[92mINFO [0m:      aggregate_fit: received 5 results and 0 failures
[92mINFO [0m:      fit progress: (27, 1.237454731253129, {'accuracy': 0.5828}, 282.4786165179685)
[92mINFO [0m:      configure_evaluate: no clients selected, skipping evaluation
[92mINFO [0m:      
[92mINFO [0m:      [ROUND 28]
[92mINFO [0m:      configure_fit: strategy sampled 5 clients (out of 10)
[92mINFO [0m:      aggregate_fit: received 5 results and 0 failures
[92mINFO [0m:      fit progress: (28, 1.43719189076484, {'accuracy': 0.565}, 292.26959197595716)
[92mINFO [0m:      configure_evaluate: no clients selected, skipping evaluation
[92mINFO [0m:      
[92mINFO [0m:      [ROUND 29]
[92mINFO [0m:      configure_fit: strategy sampled 5 clients (out of 10)
[92mINFO [0m:      aggregate_fit: received 5 results and 0 failures
[92mINFO [0m:      fit progress: (29, 1.1876528519618361, {'accuracy': 0.5932}, 301.89741448592395)
[92mINFO [0m:      configure_evaluate: no clients selected, skipping evaluation
[92mINFO [0m:      
[92mINFO [0m:      [ROUND 30]
[92mINFO [0m:      configure_fit: strategy sampled 5 clients (out of 10)
[92mINFO [0m:      aggregate_fit: received 5 results and 0 failures
[92mINFO [0m:      fit progress: (30, 1.2443612504609023, {'accuracy': 0.5831}, 312.44768057297915)
[92mINFO [0m:      configure_evaluate: no clients selected, skipping evaluation
[92mINFO [0m:      
[92mINFO [0m:      [ROUND 31]
[92mINFO [0m:      configure_fit: strategy sampled 5 clients (out of 10)
[92mINFO [0m:      aggregate_fit: received 5 results and 0 failures
[92mINFO [0m:      fit progress: (31, 1.2338652112815953, {'accuracy': 0.5963}, 321.89591861423105)
[92mINFO [0m:      configure_evaluate: no clients selected, skipping evaluation
[92mINFO [0m:      
[92mINFO [0m:      [ROUND 32]
[92mINFO [0m:      configure_fit: strategy sampled 5 clients (out of 10)
[92mINFO [0m:      aggregate_fit: received 5 results and 0 failures
[92mINFO [0m:      fit progress: (32, 1.3357590965077848, {'accuracy': 0.5745}, 331.5667851055041)
[92mINFO [0m:      configure_evaluate: no clients selected, skipping evaluation
[92mINFO [0m:      
[92mINFO [0m:      [ROUND 33]
[92mINFO [0m:      configure_fit: strategy sampled 5 clients (out of 10)
[92mINFO [0m:      aggregate_fit: received 5 results and 0 failures
[92mINFO [0m:      fit progress: (33, 1.1285043947304352, {'accuracy': 0.6197}, 341.3531421702355)
[92mINFO [0m:      configure_evaluate: no clients selected, skipping evaluation
[92mINFO [0m:      
[92mINFO [0m:      [ROUND 34]
[92mINFO [0m:      configure_fit: strategy sampled 5 clients (out of 10)
[92mINFO [0m:      aggregate_fit: received 5 results and 0 failures
[92mINFO [0m:      fit progress: (34, 1.1144219546378413, {'accuracy': 0.6134}, 351.19142371881753)
[92mINFO [0m:      configure_evaluate: no clients selected, skipping evaluation
[92mINFO [0m:      
[92mINFO [0m:      [ROUND 35]
[92mINFO [0m:      configure_fit: strategy sampled 5 clients (out of 10)
[92mINFO [0m:      aggregate_fit: received 5 results and 0 failures
[92mINFO [0m:      fit progress: (35, 1.111751668060882, {'accuracy': 0.6285}, 360.9522407297045)
[92mINFO [0m:      configure_evaluate: no clients selected, skipping evaluation
[92mINFO [0m:      
[92mINFO [0m:      [ROUND 36]
[92mINFO [0m:      configure_fit: strategy sampled 5 clients (out of 10)
[92mINFO [0m:      aggregate_fit: received 5 results and 0 failures
[92mINFO [0m:      fit progress: (36, 1.3304266265675992, {'accuracy': 0.5928}, 370.8080320255831)
[92mINFO [0m:      configure_evaluate: no clients selected, skipping evaluation
[92mINFO [0m:      
[92mINFO [0m:      [ROUND 37]
[92mINFO [0m:      configure_fit: strategy sampled 5 clients (out of 10)
[92mINFO [0m:      aggregate_fit: received 5 results and 0 failures
[92mINFO [0m:      fit progress: (37, 1.3265569542027726, {'accuracy': 0.6077}, 380.71543488278985)
[92mINFO [0m:      configure_evaluate: no clients selected, skipping evaluation
[92mINFO [0m:      
[92mINFO [0m:      [ROUND 38]
[92mINFO [0m:      configure_fit: strategy sampled 5 clients (out of 10)
[92mINFO [0m:      aggregate_fit: received 5 results and 0 failures
[92mINFO [0m:      fit progress: (38, 1.1326571808585637, {'accuracy': 0.6268}, 390.4232037421316)
[92mINFO [0m:      configure_evaluate: no clients selected, skipping evaluation
[92mINFO [0m:      
[92mINFO [0m:      [ROUND 39]
[92mINFO [0m:      configure_fit: strategy sampled 5 clients (out of 10)
[92mINFO [0m:      aggregate_fit: received 5 results and 0 failures
[92mINFO [0m:      fit progress: (39, 1.0396670170977145, {'accuracy': 0.6347}, 399.9723807349801)
[92mINFO [0m:      configure_evaluate: no clients selected, skipping evaluation
[92mINFO [0m:      
[92mINFO [0m:      [ROUND 40]
[92mINFO [0m:      configure_fit: strategy sampled 5 clients (out of 10)
[92mINFO [0m:      aggregate_fit: received 5 results and 0 failures
[92mINFO [0m:      fit progress: (40, 1.0386989561817315, {'accuracy': 0.64}, 409.5845157178119)
[92mINFO [0m:      configure_evaluate: no clients selected, skipping evaluation
[92mINFO [0m:      
[92mINFO [0m:      [ROUND 41]
[92mINFO [0m:      configure_fit: strategy sampled 5 clients (out of 10)
[92mINFO [0m:      aggregate_fit: received 5 results and 0 failures
[92mINFO [0m:      fit progress: (41, 1.6859057402308983, {'accuracy': 0.4855}, 419.08211795333773)
[92mINFO [0m:      configure_evaluate: no clients selected, skipping evaluation
[92mINFO [0m:      
[92mINFO [0m:      [ROUND 42]
[92mINFO [0m:      configure_fit: strategy sampled 5 clients (out of 10)
[92mINFO [0m:      aggregate_fit: received 5 results and 0 failures
[92mINFO [0m:      fit progress: (42, 1.0990823877008655, {'accuracy': 0.6108}, 428.6585642043501)
[92mINFO [0m:      configure_evaluate: no clients selected, skipping evaluation
[92mINFO [0m:      
[92mINFO [0m:      [ROUND 43]
[92mINFO [0m:      configure_fit: strategy sampled 5 clients (out of 10)
[92mINFO [0m:      aggregate_fit: received 5 results and 0 failures
[92mINFO [0m:      fit progress: (43, 1.7206981287726872, {'accuracy': 0.4833}, 439.3599482579157)
[92mINFO [0m:      configure_evaluate: no clients selected, skipping evaluation
[92mINFO [0m:      
[92mINFO [0m:      [ROUND 44]
[92mINFO [0m:      configure_fit: strategy sampled 5 clients (out of 10)
[92mINFO [0m:      aggregate_fit: received 5 results and 0 failures
[92mINFO [0m:      fit progress: (44, 1.5438893912713738, {'accuracy': 0.5351}, 449.97393197659403)
[92mINFO [0m:      configure_evaluate: no clients selected, skipping evaluation
[92mINFO [0m:      
[92mINFO [0m:      [ROUND 45]
[92mINFO [0m:      configure_fit: strategy sampled 5 clients (out of 10)
[92mINFO [0m:      aggregate_fit: received 5 results and 0 failures
[92mINFO [0m:      fit progress: (45, 1.5438893912713738, {'accuracy': 0.5351}, 459.34286578092724)
[92mINFO [0m:      configure_evaluate: no clients selected, skipping evaluation
[92mINFO [0m:      
[92mINFO [0m:      [ROUND 46]
[92mINFO [0m:      configure_fit: strategy sampled 5 clients (out of 10)
[92mINFO [0m:      aggregate_fit: received 5 results and 0 failures
[92mINFO [0m:      fit progress: (46, 1.740078649943388, {'accuracy': 0.4887}, 468.8741079829633)
[92mINFO [0m:      configure_evaluate: no clients selected, skipping evaluation
[92mINFO [0m:      
[92mINFO [0m:      [ROUND 47]
[92mINFO [0m:      configure_fit: strategy sampled 5 clients (out of 10)
[92mINFO [0m:      aggregate_fit: received 5 results and 0 failures
[92mINFO [0m:      fit progress: (47, 1.1023440730722645, {'accuracy': 0.6223}, 479.53182573243976)
[92mINFO [0m:      configure_evaluate: no clients selected, skipping evaluation
[92mINFO [0m:      
[92mINFO [0m:      [ROUND 48]
[92mINFO [0m:      configure_fit: strategy sampled 5 clients (out of 10)
[92mINFO [0m:      aggregate_fit: received 5 results and 0 failures
[92mINFO [0m:      fit progress: (48, 1.1023440730722645, {'accuracy': 0.6223}, 489.1174638774246)
[92mINFO [0m:      configure_evaluate: no clients selected, skipping evaluation
[92mINFO [0m:      
[92mINFO [0m:      [ROUND 49]
[92mINFO [0m:      configure_fit: strategy sampled 5 clients (out of 10)
[92mINFO [0m:      aggregate_fit: received 5 results and 0 failures
[92mINFO [0m:      fit progress: (49, 1.0031225205976753, {'accuracy': 0.6499}, 499.0362205347046)
[92mINFO [0m:      configure_evaluate: no clients selected, skipping evaluation
[92mINFO [0m:      
[92mINFO [0m:      [ROUND 50]
[92mINFO [0m:      configure_fit: strategy sampled 5 clients (out of 10)
[92mINFO [0m:      aggregate_fit: received 5 results and 0 failures
[92mINFO [0m:      fit progress: (50, 1.0031225205976753, {'accuracy': 0.6499}, 508.72391354106367)
[92mINFO [0m:      configure_evaluate: no clients selected, skipping evaluation
[92mINFO [0m:      
[92mINFO [0m:      [ROUND 51]
[92mINFO [0m:      configure_fit: strategy sampled 5 clients (out of 10)
[92mINFO [0m:      aggregate_fit: received 5 results and 0 failures
[92mINFO [0m:      fit progress: (51, 2.4523363354839858, {'accuracy': 0.4564}, 518.8431972051039)
[92mINFO [0m:      configure_evaluate: no clients selected, skipping evaluation
[92mINFO [0m:      
[92mINFO [0m:      [ROUND 52]
[92mINFO [0m:      configure_fit: strategy sampled 5 clients (out of 10)
[92mINFO [0m:      aggregate_fit: received 5 results and 0 failures
[92mINFO [0m:      fit progress: (52, 1.1169432190400135, {'accuracy': 0.6016}, 529.186157966964)
[92mINFO [0m:      configure_evaluate: no clients selected, skipping evaluation
[92mINFO [0m:      
[92mINFO [0m:      [ROUND 53]
[92mINFO [0m:      configure_fit: strategy sampled 5 clients (out of 10)
[92mINFO [0m:      aggregate_fit: received 5 results and 0 failures
[92mINFO [0m:      fit progress: (53, 2.17120652862742, {'accuracy': 0.4862}, 538.8718688394874)
[92mINFO [0m:      configure_evaluate: no clients selected, skipping evaluation
[92mINFO [0m:      
[92mINFO [0m:      [ROUND 54]
[92mINFO [0m:      configure_fit: strategy sampled 5 clients (out of 10)
[92mINFO [0m:      aggregate_fit: received 5 results and 0 failures
[92mINFO [0m:      fit progress: (54, 1.807957679410524, {'accuracy': 0.541}, 549.463805437088)
[92mINFO [0m:      configure_evaluate: no clients selected, skipping evaluation
[92mINFO [0m:      
[92mINFO [0m:      [ROUND 55]
[92mINFO [0m:      configure_fit: strategy sampled 5 clients (out of 10)
[92mINFO [0m:      aggregate_fit: received 5 results and 0 failures
[92mINFO [0m:      fit progress: (55, 1.6666979337040382, {'accuracy': 0.5121}, 560.0884855929762)
[92mINFO [0m:      configure_evaluate: no clients selected, skipping evaluation
[92mINFO [0m:      
[92mINFO [0m:      [ROUND 56]
[92mINFO [0m:      configure_fit: strategy sampled 5 clients (out of 10)
[92mINFO [0m:      aggregate_fit: received 5 results and 0 failures
[92mINFO [0m:      fit progress: (56, 3.252288226839862, {'accuracy': 0.3785}, 569.7627056827769)
[92mINFO [0m:      configure_evaluate: no clients selected, skipping evaluation
[92mINFO [0m:      
[92mINFO [0m:      [ROUND 57]
[92mINFO [0m:      configure_fit: strategy sampled 5 clients (out of 10)
[92mINFO [0m:      aggregate_fit: received 5 results and 0 failures
[92mINFO [0m:      fit progress: (57, 1.5211311971084982, {'accuracy': 0.5137}, 580.2411342579871)
[92mINFO [0m:      configure_evaluate: no clients selected, skipping evaluation
[92mINFO [0m:      
[92mINFO [0m:      [ROUND 58]
[92mINFO [0m:      configure_fit: strategy sampled 5 clients (out of 10)
[92mINFO [0m:      aggregate_fit: received 5 results and 0 failures
[92mINFO [0m:      fit progress: (58, 2.1730017209354835, {'accuracy': 0.4914}, 590.8158995658159)
[92mINFO [0m:      configure_evaluate: no clients selected, skipping evaluation
[92mINFO [0m:      
[92mINFO [0m:      [ROUND 59]
[92mINFO [0m:      configure_fit: strategy sampled 5 clients (out of 10)
[92mINFO [0m:      aggregate_fit: received 5 results and 0 failures
[92mINFO [0m:      fit progress: (59, 1.5417809501478943, {'accuracy': 0.5171}, 599.8335670493543)
[92mINFO [0m:      configure_evaluate: no clients selected, skipping evaluation
[92mINFO [0m:      
[92mINFO [0m:      [ROUND 60]
[92mINFO [0m:      configure_fit: strategy sampled 5 clients (out of 10)
[92mINFO [0m:      aggregate_fit: received 5 results and 0 failures
[92mINFO [0m:      fit progress: (60, 0.9243830917756769, {'accuracy': 0.6833}, 610.3398930132389)
[92mINFO [0m:      configure_evaluate: no clients selected, skipping evaluation
[92mINFO [0m:      
[92mINFO [0m:      [SUMMARY]
[92mINFO [0m:      Run finished 60 round(s) in 610.34s
[92mINFO [0m:      	History (loss, centralized):
[92mINFO [0m:      		round 0: 3.5699364686314063
[92mINFO [0m:      		round 1: 3.030929028233395
[92mINFO [0m:      		round 2: 3.030929028233395
[92mINFO [0m:      		round 3: 3.0309283491931382
[92mINFO [0m:      		round 4: 3.0309301720389836
[92mINFO [0m:      		round 5: 3.4307913478416734
[92mINFO [0m:      		round 6: 2.892927975594243
[92mINFO [0m:      		round 7: 2.289458271823352
[92mINFO [0m:      		round 8: 2.9385805703416654
[92mINFO [0m:      		round 9: 2.0060519387450397
[92mINFO [0m:      		round 10: 2.4467928801910785
[92mINFO [0m:      		round 11: 1.8922378684900985
[92mINFO [0m:      		round 12: 1.9970966079567052
[92mINFO [0m:      		round 13: 1.9249372919903527
[92mINFO [0m:      		round 14: 2.03932949561107
[92mINFO [0m:      		round 15: 1.6074710541133639
[92mINFO [0m:      		round 16: 1.6431166159955761
[92mINFO [0m:      		round 17: 3.596269320838059
[92mINFO [0m:      		round 18: 3.596269320838059
[92mINFO [0m:      		round 19: 1.4039523812788952
[92mINFO [0m:      		round 20: 1.3504889886590499
[92mINFO [0m:      		round 21: 1.4716032200221774
[92mINFO [0m:      		round 22: 1.3489146036437796
[92mINFO [0m:      		round 23: 1.2051437542408328
[92mINFO [0m:      		round 24: 1.2507851199258733
[92mINFO [0m:      		round 25: 1.3185517123982877
[92mINFO [0m:      		round 26: 1.1730208042301709
[92mINFO [0m:      		round 27: 1.237454731253129
[92mINFO [0m:      		round 28: 1.43719189076484
[92mINFO [0m:      		round 29: 1.1876528519618361
[92mINFO [0m:      		round 30: 1.2443612504609023
[92mINFO [0m:      		round 31: 1.2338652112815953
[92mINFO [0m:      		round 32: 1.3357590965077848
[92mINFO [0m:      		round 33: 1.1285043947304352
[92mINFO [0m:      		round 34: 1.1144219546378413
[92mINFO [0m:      		round 35: 1.111751668060882
[92mINFO [0m:      		round 36: 1.3304266265675992
[92mINFO [0m:      		round 37: 1.3265569542027726
[92mINFO [0m:      		round 38: 1.1326571808585637
[92mINFO [0m:      		round 39: 1.0396670170977145
[92mINFO [0m:      		round 40: 1.0386989561817315
[92mINFO [0m:      		round 41: 1.6859057402308983
[92mINFO [0m:      		round 42: 1.0990823877008655
[92mINFO [0m:      		round 43: 1.7206981287726872
[92mINFO [0m:      		round 44: 1.5438893912713738
[92mINFO [0m:      		round 45: 1.5438893912713738
[92mINFO [0m:      		round 46: 1.740078649943388
[92mINFO [0m:      		round 47: 1.1023440730722645
[92mINFO [0m:      		round 48: 1.1023440730722645
[92mINFO [0m:      		round 49: 1.0031225205976753
[92mINFO [0m:      		round 50: 1.0031225205976753
[92mINFO [0m:      		round 51: 2.4523363354839858
[92mINFO [0m:      		round 52: 1.1169432190400135
[92mINFO [0m:      		round 53: 2.17120652862742
[92mINFO [0m:      		round 54: 1.807957679410524
[92mINFO [0m:      		round 55: 1.6666979337040382
[92mINFO [0m:      		round 56: 3.252288226839862
[92mINFO [0m:      		round 57: 1.5211311971084982
[92mINFO [0m:      		round 58: 2.1730017209354835
[92mINFO [0m:      		round 59: 1.5417809501478943
[92mINFO [0m:      		round 60: 0.9243830917756769
[92mINFO [0m:      	History (metrics, distributed, fit):
[92mINFO [0m:      	{'accuracy': [(1, 0.1385),
[92mINFO [0m:      	              (2, 0.1385),
[92mINFO [0m:      	              (3, 0.1385),
[92mINFO [0m:      	              (4, 0.1385),
[92mINFO [0m:      	              (5, 0.2285),
[92mINFO [0m:      	              (6, 0.2399),
[92mINFO [0m:      	              (7, 0.2305),
[92mINFO [0m:      	              (8, 0.263),
[92mINFO [0m:      	              (9, 0.3568),
[92mINFO [0m:      	              (10, 0.3409),
[92mINFO [0m:      	              (11, 0.3167),
[92mINFO [0m:      	              (12, 0.3313),
[92mINFO [0m:      	              (13, 0.3473),
[92mINFO [0m:      	              (14, 0.3534),
[92mINFO [0m:      	              (15, 0.4182),
[92mINFO [0m:      	              (16, 0.4147),
[92mINFO [0m:      	              (17, 0.2867),
[92mINFO [0m:      	              (18, 0.2867),
[92mINFO [0m:      	              (19, 0.4881),
[92mINFO [0m:      	              (20, 0.5097),
[92mINFO [0m:      	              (21, 0.4965),
[92mINFO [0m:      	              (22, 0.5199),
[92mINFO [0m:      	              (23, 0.5639),
[92mINFO [0m:      	              (24, 0.5722),
[92mINFO [0m:      	              (25, 0.5212),
[92mINFO [0m:      	              (26, 0.5827),
[92mINFO [0m:      	              (27, 0.5828),
[92mINFO [0m:      	              (28, 0.565),
[92mINFO [0m:      	              (29, 0.5932),
[92mINFO [0m:      	              (30, 0.5831),
[92mINFO [0m:      	              (31, 0.5963),
[92mINFO [0m:      	              (32, 0.5745),
[92mINFO [0m:      	              (33, 0.6197),
[92mINFO [0m:      	              (34, 0.6134),
[92mINFO [0m:      	              (35, 0.6285),
[92mINFO [0m:      	              (36, 0.5928),
[92mINFO [0m:      	              (37, 0.6077),
[92mINFO [0m:      	              (38, 0.6268),
[92mINFO [0m:      	              (39, 0.6347),
[92mINFO [0m:      	              (40, 0.64),
[92mINFO [0m:      	              (41, 0.4855),
[92mINFO [0m:      	              (42, 0.6108),
[92mINFO [0m:      	              (43, 0.4833),
[92mINFO [0m:      	              (44, 0.5351),
[92mINFO [0m:      	              (45, 0.5351),
[92mINFO [0m:      	              (46, 0.4887),
[92mINFO [0m:      	              (47, 0.6223),
[92mINFO [0m:      	              (48, 0.6223),
[92mINFO [0m:      	              (49, 0.6499),
[92mINFO [0m:      	              (50, 0.6499),
[92mINFO [0m:      	              (51, 0.4564),
[92mINFO [0m:      	              (52, 0.6016),
[92mINFO [0m:      	              (53, 0.4862),
[92mINFO [0m:      	              (54, 0.541),
[92mINFO [0m:      	              (55, 0.5121),
[92mINFO [0m:      	              (56, 0.3785),
[92mINFO [0m:      	              (57, 0.5137),
[92mINFO [0m:      	              (58, 0.4914),
[92mINFO [0m:      	              (59, 0.5171),
[92mINFO [0m:      	              (60, 0.6833)],
[92mINFO [0m:      	 'avg_per': [(1, 0.8125196328244935),
[92mINFO [0m:      	             (2, 0.6998870600267523),
[92mINFO [0m:      	             (3, 0.7406585893096194),
[92mINFO [0m:      	             (4, 0.6999397029789306),
[92mINFO [0m:      	             (5, 0.7754997616989897),
[92mINFO [0m:      	             (6, 0.7442078780810931),
[92mINFO [0m:      	             (7, 0.6734825731677804),
[92mINFO [0m:      	             (8, 0.6558599070459606),
[92mINFO [0m:      	             (9, 0.6702241639663118),
[92mINFO [0m:      	             (10, 0.6565812209659913),
[92mINFO [0m:      	             (11, 0.6437375121679622),
[92mINFO [0m:      	             (12, 0.6812768686663508),
[92mINFO [0m:      	             (13, 0.612272788758592),
[92mINFO [0m:      	             (14, 0.714123448713684),
[92mINFO [0m:      	             (15, 0.6778693472643793),
[92mINFO [0m:      	             (16, 0.643852935163856),
[92mINFO [0m:      	             (17, 0.7410690642013151),
[92mINFO [0m:      	             (18, 0.6656596961111646),
[92mINFO [0m:      	             (19, 0.6308493806858454),
[92mINFO [0m:      	             (20, 0.614465107215664),
[92mINFO [0m:      	             (21, 0.08362531094504813),
[92mINFO [0m:      	             (22, 0.11307840546056327),
[92mINFO [0m:      	             (23, 0.09749308977931767),
[92mINFO [0m:      	             (24, 0.06651318815242516),
[92mINFO [0m:      	             (25, 0.10227664897220327),
[92mINFO [0m:      	             (26, 0.049013848562897644),
[92mINFO [0m:      	             (27, 0.09082842174333991),
[92mINFO [0m:      	             (28, 0.10243473851961271),
[92mINFO [0m:      	             (29, 0.07986516031017823),
[92mINFO [0m:      	             (30, 0.08493838924222223),
[92mINFO [0m:      	             (31, 0.10925807410048613),
[92mINFO [0m:      	             (32, 0.11529510194815103),
[92mINFO [0m:      	             (33, 0.09475377349091947),
[92mINFO [0m:      	             (34, 0.09418565417455706),
[92mINFO [0m:      	             (35, 0.08794949637476904),
[92mINFO [0m:      	             (36, 0.0886929089359645),
[92mINFO [0m:      	             (37, 0.07140165121034878),
[92mINFO [0m:      	             (38, 0.11052618619035101),
[92mINFO [0m:      	             (39, 0.10132894803494778),
[92mINFO [0m:      	             (40, 0.05338510883613575),
[92mINFO [0m:      	             (41, 0.6802778388906118),
[92mINFO [0m:      	             (42, 0.7790413157966691),
[92mINFO [0m:      	             (43, 0.6391901404214393),
[92mINFO [0m:      	             (44, 0.6270458554292956),
[92mINFO [0m:      	             (45, 0.7481736401198031),
[92mINFO [0m:      	             (46, 0.7088630616648389),
[92mINFO [0m:      	             (47, 0.6809183693103132),
[92mINFO [0m:      	             (48, 0.6545199409538599),
[92mINFO [0m:      	             (49, 0.7242091390273127),
[92mINFO [0m:      	             (50, 0.7253168448804861),
[92mINFO [0m:      	             (51, 0.7369132778779788),
[92mINFO [0m:      	             (52, 0.6809227909757487),
[92mINFO [0m:      	             (53, 0.6952898527553841),
[92mINFO [0m:      	             (54, 0.7630142800670814),
[92mINFO [0m:      	             (55, 0.6633771900422688),
[92mINFO [0m:      	             (56, 0.7069354256885063),
[92mINFO [0m:      	             (57, 0.706664607012265),
[92mINFO [0m:      	             (58, 0.6850346869047715),
[92mINFO [0m:      	             (59, 0.6861917849176542),
[92mINFO [0m:      	             (60, 0.678644830778209)],
[92mINFO [0m:      	 'bw_factor': [(1, 1.0),
[92mINFO [0m:      	               (2, 0.6400000000000001),
[92mINFO [0m:      	               (3, 0.6585854780191918),
[92mINFO [0m:      	               (4, 0.8169548315306603),
[92mINFO [0m:      	               (5, 0.6613696749522251),
[92mINFO [0m:      	               (6, 0.6526877164446363),
[92mINFO [0m:      	               (7, 0.6516279819486314),
[92mINFO [0m:      	               (8, 0.6538658998065886),
[92mINFO [0m:      	               (9, 0.6673365154148193),
[92mINFO [0m:      	               (10, 0.6682149309883932),
[92mINFO [0m:      	               (11, 0.8382894383393258),
[92mINFO [0m:      	               (12, 0.8314382535735322),
[92mINFO [0m:      	               (13, 0.8182900524120127),
[92mINFO [0m:      	               (14, 0.8155920238000665),
[92mINFO [0m:      	               (15, 0.8138388626386834),
[92mINFO [0m:      	               (16, 0.8294739662854417),
[92mINFO [0m:      	               (17, 0.831441480559891),
[92mINFO [0m:      	               (18, 0.8190959781224172),
[92mINFO [0m:      	               (19, 0.817247780152854),
[92mINFO [0m:      	               (20, 0.8063679567458242),
[92mINFO [0m:      	               (21, 0.8348691497957872),
[92mINFO [0m:      	               (22, 0.8407128556522031),
[92mINFO [0m:      	               (23, 0.8498814957646023),
[92mINFO [0m:      	               (24, 0.8593409233094563),
[92mINFO [0m:      	               (25, 0.8038854468623875),
[92mINFO [0m:      	               (26, 0.8034906675700739),
[92mINFO [0m:      	               (27, 0.8019937575086759),
[92mINFO [0m:      	               (28, 0.8018041507483404),
[92mINFO [0m:      	               (29, 0.8020324563562162),
[92mINFO [0m:      	               (30, 0.8019358708917675),
[92mINFO [0m:      	               (31, 0.838328264984721),
[92mINFO [0m:      	               (32, 0.8359908859761598),
[92mINFO [0m:      	               (33, 0.8367009225653967),
[92mINFO [0m:      	               (34, 0.8371832677680386),
[92mINFO [0m:      	               (35, 0.8082346493188429),
[92mINFO [0m:      	               (36, 0.8050221194222634),
[92mINFO [0m:      	               (37, 0.8046526356607953),
[92mINFO [0m:      	               (38, 0.8041708369108129),
[92mINFO [0m:      	               (39, 0.8035533833769729),
[92mINFO [0m:      	               (40, 0.8180309911996201),
[92mINFO [0m:      	               (41, 0.8183828676916218),
[92mINFO [0m:      	               (42, 0.8406929772243582),
[92mINFO [0m:      	               (43, 0.8365999605967998),
[92mINFO [0m:      	               (44, 0.8333716624847741),
[92mINFO [0m:      	               (45, 0.830894942456176),
[92mINFO [0m:      	               (46, 0.8444435752398942),
[92mINFO [0m:      	               (47, 0.8308300231419883),
[92mINFO [0m:      	               (48, 0.8319072171916341),
[92mINFO [0m:      	               (49, 0.8342047937670705),
[92mINFO [0m:      	               (50, 0.8334172358365788),
[92mINFO [0m:      	               (51, 0.8412194866915619),
[92mINFO [0m:      	               (52, 0.8357616469880857),
[92mINFO [0m:      	               (53, 0.8223148027078123),
[92mINFO [0m:      	               (54, 0.8204346924360919),
[92mINFO [0m:      	               (55, 0.8227903435628043),
[92mINFO [0m:      	               (56, 0.8333029717062896),
[92mINFO [0m:      	               (57, 0.839287482321346),
[92mINFO [0m:      	               (58, 0.8290242694756749),
[92mINFO [0m:      	               (59, 0.8308768958551009),
[92mINFO [0m:      	               (60, 0.8338682177400764)],
[92mINFO [0m:      	 'energy': [(1, 59.93617528881879),
[92mINFO [0m:      	            (2, 78.07427084759985),
[92mINFO [0m:      	            (3, 76.35632476987797),
[92mINFO [0m:      	            (4, 56.21976773047315),
[92mINFO [0m:      	            (5, 76.88211478904665),
[92mINFO [0m:      	            (6, 75.7206557932979),
[92mINFO [0m:      	            (7, 72.05492832877995),
[92mINFO [0m:      	            (8, 96.97787641672737),
[92mINFO [0m:      	            (9, 74.75244286563216),
[92mINFO [0m:      	            (10, 69.86168966902929),
[92mINFO [0m:      	            (11, 85.34319531928584),
[92mINFO [0m:      	            (12, 80.19682311522875),
[92mINFO [0m:      	            (13, 87.56984323362661),
[92mINFO [0m:      	            (14, 72.93217063034139),
[92mINFO [0m:      	            (15, 57.95992381352333),
[92mINFO [0m:      	            (16, 76.75092478375964),
[92mINFO [0m:      	            (17, 70.04800029649506),
[92mINFO [0m:      	            (18, 75.76918869729018),
[92mINFO [0m:      	            (19, 74.66065397299404),
[92mINFO [0m:      	            (20, 95.75098358767772),
[92mINFO [0m:      	            (21, 58.85718862551714),
[92mINFO [0m:      	            (22, 58.21106251881721),
[92mINFO [0m:      	            (23, 56.54566414107096),
[92mINFO [0m:      	            (24, 57.24110963918393),
[92mINFO [0m:      	            (25, 56.78250441311722),
[92mINFO [0m:      	            (26, 56.11266252040243),
[92mINFO [0m:      	            (27, 56.762730168204676),
[92mINFO [0m:      	            (28, 57.32942945588047),
[92mINFO [0m:      	            (29, 56.89324820452874),
[92mINFO [0m:      	            (30, 76.55715557979799),
[92mINFO [0m:      	            (31, 60.34159193635212),
[92mINFO [0m:      	            (32, 56.24226182328923),
[92mINFO [0m:      	            (33, 56.15470867009221),
[92mINFO [0m:      	            (34, 58.68996833694335),
[92mINFO [0m:      	            (35, 57.77797391990887),
[92mINFO [0m:      	            (36, 56.675961628520916),
[92mINFO [0m:      	            (37, 56.720243737716984),
[92mINFO [0m:      	            (38, 55.831570551845154),
[92mINFO [0m:      	            (39, 64.11648365642489),
[92mINFO [0m:      	            (40, 56.22473996155068),
[92mINFO [0m:      	            (41, 80.58621930057701),
[92mINFO [0m:      	            (42, 62.42838526283195),
[92mINFO [0m:      	            (43, 69.31961044889152),
[92mINFO [0m:      	            (44, 89.13736301003567),
[92mINFO [0m:      	            (45, 56.43243132593785),
[92mINFO [0m:      	            (46, 86.69790796697355),
[92mINFO [0m:      	            (47, 67.39924570818098),
[92mINFO [0m:      	            (48, 90.90600200564369),
[92mINFO [0m:      	            (49, 57.86430618211472),
[92mINFO [0m:      	            (50, 72.51247932954084),
[92mINFO [0m:      	            (51, 77.3222534487947),
[92mINFO [0m:      	            (52, 67.08135822206236),
[92mINFO [0m:      	            (53, 60.77179344094755),
[92mINFO [0m:      	            (54, 68.86959426040906),
[92mINFO [0m:      	            (55, 84.28781298024782),
[92mINFO [0m:      	            (56, 56.99293199205885),
[92mINFO [0m:      	            (57, 78.0730687391956),
[92mINFO [0m:      	            (58, 65.74651774458222),
[92mINFO [0m:      	            (59, 58.595842647045316),
[92mINFO [0m:      	            (60, 86.85724607148448)],
[92mINFO [0m:      	 'est_upload_time': [(1, 7.17217528881879),
[92mINFO [0m:      	                     (2, 15.83027084759984),
[92mINFO [0m:      	                     (3, 7.268324769877968),
[92mINFO [0m:      	                     (4, 3.455767730473148),
[92mINFO [0m:      	                     (5, 13.89011478904666),
[92mINFO [0m:      	                     (6, 13.476655793297898),
[92mINFO [0m:      	                     (7, 9.062928328779954),
[92mINFO [0m:      	                     (8, 11.529876416727362),
[92mINFO [0m:      	                     (9, 6.384442865632165),
[92mINFO [0m:      	                     (10, 7.6176896690292955),
[92mINFO [0m:      	                     (11, 6.747195319285843),
[92mINFO [0m:      	                     (12, 10.692823115228753),
[92mINFO [0m:      	                     (13, 9.353843233626607),
[92mINFO [0m:      	                     (14, 3.4281706303413966),
[92mINFO [0m:      	                     (15, 5.1959238135233266),
[92mINFO [0m:      	                     (16, 7.246924783759635),
[92mINFO [0m:      	                     (17, 7.804000296495071),
[92mINFO [0m:      	                     (18, 12.777188697290173),
[92mINFO [0m:      	                     (19, 5.156653972994041),
[92mINFO [0m:      	                     (20, 10.274983587677728),
[92mINFO [0m:      	                     (21, 6.09318862551714),
[92mINFO [0m:      	                     (22, 5.447062518817209),
[92mINFO [0m:      	                     (23, 3.7816641410709506),
[92mINFO [0m:      	                     (24, 4.477109639183926),
[92mINFO [0m:      	                     (25, 4.018504413117219),
[92mINFO [0m:      	                     (26, 3.3486625204024305),
[92mINFO [0m:      	                     (27, 3.998730168204675),
[92mINFO [0m:      	                     (28, 4.565429455880473),
[92mINFO [0m:      	                     (29, 4.129248204528739),
[92mINFO [0m:      	                     (30, 14.313155579797987),
[92mINFO [0m:      	                     (31, 7.577591936352113),
[92mINFO [0m:      	                     (32, 3.478261823289233),
[92mINFO [0m:      	                     (33, 3.3907086700922138),
[92mINFO [0m:      	                     (34, 5.925968336943357),
[92mINFO [0m:      	                     (35, 5.013973919908866),
[92mINFO [0m:      	                     (36, 3.911961628520908),
[92mINFO [0m:      	                     (37, 3.9562437377169837),
[92mINFO [0m:      	                     (38, 3.067570551845156),
[92mINFO [0m:      	                     (39, 11.35248365642489),
[92mINFO [0m:      	                     (40, 3.46073996155068),
[92mINFO [0m:      	                     (41, 18.34221930057701),
[92mINFO [0m:      	                     (42, 9.664385262831953),
[92mINFO [0m:      	                     (43, 7.075610448891521),
[92mINFO [0m:      	                     (44, 10.921363010035654),
[92mINFO [0m:      	                     (45, 3.6684313259378474),
[92mINFO [0m:      	                     (46, 15.361907966973542),
[92mINFO [0m:      	                     (47, 5.155245708180983),
[92mINFO [0m:      	                     (48, 13.058002005643683),
[92mINFO [0m:      	                     (49, 5.100306182114712),
[92mINFO [0m:      	                     (50, 10.268479329540845),
[92mINFO [0m:      	                     (51, 14.330253448794691),
[92mINFO [0m:      	                     (52, 4.8373582220623685),
[92mINFO [0m:      	                     (53, 8.007793440947546),
[92mINFO [0m:      	                     (54, 7.761594260409052),
[92mINFO [0m:      	                     (55, 5.691812980247818),
[92mINFO [0m:      	                     (56, 4.228931992058843),
[92mINFO [0m:      	                     (57, 15.829068739195609),
[92mINFO [0m:      	                     (58, 4.638517744582215),
[92mINFO [0m:      	                     (59, 5.831842647045315),
[92mINFO [0m:      	                     (60, 9.009246071484483)],
[92mINFO [0m:      	 'jain': [(1, 0.49999999999999),
[92mINFO [0m:      	          (2, 0.5555555555555525),
[92mINFO [0m:      	          (3, 0.6081081081081064),
[92mINFO [0m:      	          (4, 0.5882352941176462),
[92mINFO [0m:      	          (5, 0.624999999999999),
[92mINFO [0m:      	          (6, 0.624999999999999),
[92mINFO [0m:      	          (7, 0.5714285714285706),
[92mINFO [0m:      	          (8, 0.6060606060606051),
[92mINFO [0m:      	          (9, 0.6896551724137919),
[92mINFO [0m:      	          (10, 0.6896551724137919),
[92mINFO [0m:      	          (11, 0.714285714285713),
[92mINFO [0m:      	          (12, 0.624999999999999),
[92mINFO [0m:      	          (13, 0.6451612903225796),
[92mINFO [0m:      	          (14, 0.624999999999999),
[92mINFO [0m:      	          (15, 0.624999999999999),
[92mINFO [0m:      	          (16, 0.624999999999999),
[92mINFO [0m:      	          (17, 0.5714285714285706),
[92mINFO [0m:      	          (18, 0.5882352941176462),
[92mINFO [0m:      	          (19, 0.5714285714285706),
[92mINFO [0m:      	          (20, 0.6060606060606051),
[92mINFO [0m:      	          (21, 0.6060606060606051),
[92mINFO [0m:      	          (22, 0.6060606060606051),
[92mINFO [0m:      	          (23, 0.5882352941176462),
[92mINFO [0m:      	          (24, 0.49999999999999933),
[92mINFO [0m:      	          (25, 0.49999999999999933),
[92mINFO [0m:      	          (26, 0.49999999999999933),
[92mINFO [0m:      	          (27, 0.49999999999999933),
[92mINFO [0m:      	          (28, 0.49999999999999933),
[92mINFO [0m:      	          (29, 0.49999999999999933),
[92mINFO [0m:      	          (30, 0.5405405405405398),
[92mINFO [0m:      	          (31, 0.5405405405405398),
[92mINFO [0m:      	          (32, 0.5405405405405398),
[92mINFO [0m:      	          (33, 0.5405405405405398),
[92mINFO [0m:      	          (34, 0.49999999999999933),
[92mINFO [0m:      	          (35, 0.49999999999999933),
[92mINFO [0m:      	          (36, 0.49999999999999933),
[92mINFO [0m:      	          (37, 0.49999999999999933),
[92mINFO [0m:      	          (38, 0.49999999999999933),
[92mINFO [0m:      	          (39, 0.49999999999999933),
[92mINFO [0m:      	          (40, 0.49999999999999933),
[92mINFO [0m:      	          (41, 0.5405405405405398),
[92mINFO [0m:      	          (42, 0.5405405405405398),
[92mINFO [0m:      	          (43, 0.5555555555555548),
[92mINFO [0m:      	          (44, 0.5882352941176462),
[92mINFO [0m:      	          (45, 0.6060606060606051),
[92mINFO [0m:      	          (46, 0.624999999999999),
[92mINFO [0m:      	          (47, 0.624999999999999),
[92mINFO [0m:      	          (48, 0.624999999999999),
[92mINFO [0m:      	          (49, 0.624999999999999),
[92mINFO [0m:      	          (50, 0.5882352941176462),
[92mINFO [0m:      	          (51, 0.624999999999999),
[92mINFO [0m:      	          (52, 0.5714285714285706),
[92mINFO [0m:      	          (53, 0.5714285714285706),
[92mINFO [0m:      	          (54, 0.6060606060606051),
[92mINFO [0m:      	          (55, 0.6451612903225796),
[92mINFO [0m:      	          (56, 0.624999999999999),
[92mINFO [0m:      	          (57, 0.6451612903225796),
[92mINFO [0m:      	          (58, 0.6451612903225796),
[92mINFO [0m:      	          (59, 0.5714285714285706),
[92mINFO [0m:      	          (60, 0.6060606060606051)],
[92mINFO [0m:      	 'loss': [(1, 3.030929028233395),
[92mINFO [0m:      	          (2, 3.030929028233395),
[92mINFO [0m:      	          (3, 3.0309283491931382),
[92mINFO [0m:      	          (4, 3.0309301720389836),
[92mINFO [0m:      	          (5, 3.4307913478416734),
[92mINFO [0m:      	          (6, 2.892927975594243),
[92mINFO [0m:      	          (7, 2.289458271823352),
[92mINFO [0m:      	          (8, 2.9385805703416654),
[92mINFO [0m:      	          (9, 2.0060519387450397),
[92mINFO [0m:      	          (10, 2.4467928801910785),
[92mINFO [0m:      	          (11, 1.8922378684900985),
[92mINFO [0m:      	          (12, 1.9970966079567052),
[92mINFO [0m:      	          (13, 1.9249372919903527),
[92mINFO [0m:      	          (14, 2.03932949561107),
[92mINFO [0m:      	          (15, 1.6074710541133639),
[92mINFO [0m:      	          (16, 1.6431166159955761),
[92mINFO [0m:      	          (17, 3.596269320838059),
[92mINFO [0m:      	          (18, 3.596269320838059),
[92mINFO [0m:      	          (19, 1.4039523812788952),
[92mINFO [0m:      	          (20, 1.3504889886590499),
[92mINFO [0m:      	          (21, 1.4716032200221774),
[92mINFO [0m:      	          (22, 1.3489146036437796),
[92mINFO [0m:      	          (23, 1.2051437542408328),
[92mINFO [0m:      	          (24, 1.2507851199258733),
[92mINFO [0m:      	          (25, 1.3185517123982877),
[92mINFO [0m:      	          (26, 1.1730208042301709),
[92mINFO [0m:      	          (27, 1.237454731253129),
[92mINFO [0m:      	          (28, 1.43719189076484),
[92mINFO [0m:      	          (29, 1.1876528519618361),
[92mINFO [0m:      	          (30, 1.2443612504609023),
[92mINFO [0m:      	          (31, 1.2338652112815953),
[92mINFO [0m:      	          (32, 1.3357590965077848),
[92mINFO [0m:      	          (33, 1.1285043947304352),
[92mINFO [0m:      	          (34, 1.1144219546378413),
[92mINFO [0m:      	          (35, 1.111751668060882),
[92mINFO [0m:      	          (36, 1.3304266265675992),
[92mINFO [0m:      	          (37, 1.3265569542027726),
[92mINFO [0m:      	          (38, 1.1326571808585637),
[92mINFO [0m:      	          (39, 1.0396670170977145),
[92mINFO [0m:      	          (40, 1.0386989561817315),
[92mINFO [0m:      	          (41, 1.6859057402308983),
[92mINFO [0m:      	          (42, 1.0990823877008655),
[92mINFO [0m:      	          (43, 1.7206981287726872),
[92mINFO [0m:      	          (44, 1.5438893912713738),
[92mINFO [0m:      	          (45, 1.5438893912713738),
[92mINFO [0m:      	          (46, 1.740078649943388),
[92mINFO [0m:      	          (47, 1.1023440730722645),
[92mINFO [0m:      	          (48, 1.1023440730722645),
[92mINFO [0m:      	          (49, 1.0031225205976753),
[92mINFO [0m:      	          (50, 1.0031225205976753),
[92mINFO [0m:      	          (51, 2.4523363354839858),
[92mINFO [0m:      	          (52, 1.1169432190400135),
[92mINFO [0m:      	          (53, 2.17120652862742),
[92mINFO [0m:      	          (54, 1.807957679410524),
[92mINFO [0m:      	          (55, 1.6666979337040382),
[92mINFO [0m:      	          (56, 3.252288226839862),
[92mINFO [0m:      	          (57, 1.5211311971084982),
[92mINFO [0m:      	          (58, 2.1730017209354835),
[92mINFO [0m:      	          (59, 1.5417809501478943),
[92mINFO [0m:      	          (60, 0.9243830917756769)],
[92mINFO [0m:      	 'mode': [(1, 'semi_sync'),
[92mINFO [0m:      	          (2, 'bridge'),
[92mINFO [0m:      	          (3, 'bridge'),
[92mINFO [0m:      	          (4, 'bridge'),
[92mINFO [0m:      	          (5, 'bridge'),
[92mINFO [0m:      	          (6, 'bridge'),
[92mINFO [0m:      	          (7, 'bridge'),
[92mINFO [0m:      	          (8, 'bridge'),
[92mINFO [0m:      	          (9, 'bridge'),
[92mINFO [0m:      	          (10, 'bridge'),
[92mINFO [0m:      	          (11, 'async'),
[92mINFO [0m:      	          (12, 'async'),
[92mINFO [0m:      	          (13, 'async'),
[92mINFO [0m:      	          (14, 'async'),
[92mINFO [0m:      	          (15, 'async'),
[92mINFO [0m:      	          (16, 'async'),
[92mINFO [0m:      	          (17, 'async'),
[92mINFO [0m:      	          (18, 'async'),
[92mINFO [0m:      	          (19, 'async'),
[92mINFO [0m:      	          (20, 'async'),
[92mINFO [0m:      	          (21, 'async'),
[92mINFO [0m:      	          (22, 'async'),
[92mINFO [0m:      	          (23, 'async'),
[92mINFO [0m:      	          (24, 'async'),
[92mINFO [0m:      	          (25, 'async'),
[92mINFO [0m:      	          (26, 'async'),
[92mINFO [0m:      	          (27, 'async'),
[92mINFO [0m:      	          (28, 'async'),
[92mINFO [0m:      	          (29, 'async'),
[92mINFO [0m:      	          (30, 'async'),
[92mINFO [0m:      	          (31, 'async'),
[92mINFO [0m:      	          (32, 'async'),
[92mINFO [0m:      	          (33, 'async'),
[92mINFO [0m:      	          (34, 'async'),
[92mINFO [0m:      	          (35, 'async'),
[92mINFO [0m:      	          (36, 'async'),
[92mINFO [0m:      	          (37, 'async'),
[92mINFO [0m:      	          (38, 'async'),
[92mINFO [0m:      	          (39, 'async'),
[92mINFO [0m:      	          (40, 'async'),
[92mINFO [0m:      	          (41, 'async'),
[92mINFO [0m:      	          (42, 'async'),
[92mINFO [0m:      	          (43, 'async'),
[92mINFO [0m:      	          (44, 'async'),
[92mINFO [0m:      	          (45, 'async'),
[92mINFO [0m:      	          (46, 'async'),
[92mINFO [0m:      	          (47, 'async'),
[92mINFO [0m:      	          (48, 'async'),
[92mINFO [0m:      	          (49, 'async'),
[92mINFO [0m:      	          (50, 'async'),
[92mINFO [0m:      	          (51, 'async'),
[92mINFO [0m:      	          (52, 'async'),
[92mINFO [0m:      	          (53, 'async'),
[92mINFO [0m:      	          (54, 'async'),
[92mINFO [0m:      	          (55, 'async'),
[92mINFO [0m:      	          (56, 'async'),
[92mINFO [0m:      	          (57, 'async'),
[92mINFO [0m:      	          (58, 'async'),
[92mINFO [0m:      	          (59, 'async'),
[92mINFO [0m:      	          (60, 'async')],
[92mINFO [0m:      	 'num_exhausted_clients': [(1, 0.0),
[92mINFO [0m:      	                           (2, 0.0),
[92mINFO [0m:      	                           (3, 0.0),
[92mINFO [0m:      	                           (4, 0.0),
[92mINFO [0m:      	                           (5, 0.0),
[92mINFO [0m:      	                           (6, 0.0),
[92mINFO [0m:      	                           (7, 0.0),
[92mINFO [0m:      	                           (8, 0.0),
[92mINFO [0m:      	                           (9, 0.0),
[92mINFO [0m:      	                           (10, 0.0),
[92mINFO [0m:      	                           (11, 0.0),
[92mINFO [0m:      	                           (12, 0.0),
[92mINFO [0m:      	                           (13, 0.0),
[92mINFO [0m:      	                           (14, 0.0),
[92mINFO [0m:      	                           (15, 0.0),
[92mINFO [0m:      	                           (16, 0.0),
[92mINFO [0m:      	                           (17, 0.0),
[92mINFO [0m:      	                           (18, 0.0),
[92mINFO [0m:      	                           (19, 0.0),
[92mINFO [0m:      	                           (20, 0.0),
[92mINFO [0m:      	                           (21, 0.0),
[92mINFO [0m:      	                           (22, 0.0),
[92mINFO [0m:      	                           (23, 0.0),
[92mINFO [0m:      	                           (24, 0.0),
[92mINFO [0m:      	                           (25, 0.0),
[92mINFO [0m:      	                           (26, 0.0),
[92mINFO [0m:      	                           (27, 0.0),
[92mINFO [0m:      	                           (28, 0.0),
[92mINFO [0m:      	                           (29, 0.0),
[92mINFO [0m:      	                           (30, 0.0),
[92mINFO [0m:      	                           (31, 0.0),
[92mINFO [0m:      	                           (32, 0.0),
[92mINFO [0m:      	                           (33, 0.0),
[92mINFO [0m:      	                           (34, 0.0),
[92mINFO [0m:      	                           (35, 0.0),
[92mINFO [0m:      	                           (36, 0.0),
[92mINFO [0m:      	                           (37, 0.0),
[92mINFO [0m:      	                           (38, 0.0),
[92mINFO [0m:      	                           (39, 0.0),
[92mINFO [0m:      	                           (40, 0.0),
[92mINFO [0m:      	                           (41, 0.0),
[92mINFO [0m:      	                           (42, 0.0),
[92mINFO [0m:      	                           (43, 0.0),
[92mINFO [0m:      	                           (44, 0.0),
[92mINFO [0m:      	                           (45, 0.0),
[92mINFO [0m:      	                           (46, 0.0),
[92mINFO [0m:      	                           (47, 0.0),
[92mINFO [0m:      	                           (48, 0.0),
[92mINFO [0m:      	                           (49, 0.0),
[92mINFO [0m:      	                           (50, 0.0),
[92mINFO [0m:      	                           (51, 0.0),
[92mINFO [0m:      	                           (52, 0.0),
[92mINFO [0m:      	                           (53, 0.0),
[92mINFO [0m:      	                           (54, 0.0),
[92mINFO [0m:      	                           (55, 0.0),
[92mINFO [0m:      	                           (56, 0.0),
[92mINFO [0m:      	                           (57, 0.0),
[92mINFO [0m:      	                           (58, 0.0),
[92mINFO [0m:      	                           (59, 0.0),
[92mINFO [0m:      	                           (60, 0.0)],
[92mINFO [0m:      	 'topk': [(1, 5.0),
[92mINFO [0m:      	          (2, 5.0),
[92mINFO [0m:      	          (3, 5.0),
[92mINFO [0m:      	          (4, 5.0),
[92mINFO [0m:      	          (5, 5.0),
[92mINFO [0m:      	          (6, 5.0),
[92mINFO [0m:      	          (7, 5.0),
[92mINFO [0m:      	          (8, 5.0),
[92mINFO [0m:      	          (9, 5.0),
[92mINFO [0m:      	          (10, 5.0),
[92mINFO [0m:      	          (11, 5.0),
[92mINFO [0m:      	          (12, 5.0),
[92mINFO [0m:      	          (13, 5.0),
[92mINFO [0m:      	          (14, 5.0),
[92mINFO [0m:      	          (15, 5.0),
[92mINFO [0m:      	          (16, 5.0),
[92mINFO [0m:      	          (17, 5.0),
[92mINFO [0m:      	          (18, 5.0),
[92mINFO [0m:      	          (19, 5.0),
[92mINFO [0m:      	          (20, 5.0),
[92mINFO [0m:      	          (21, 5.0),
[92mINFO [0m:      	          (22, 5.0),
[92mINFO [0m:      	          (23, 5.0),
[92mINFO [0m:      	          (24, 5.0),
[92mINFO [0m:      	          (25, 5.0),
[92mINFO [0m:      	          (26, 5.0),
[92mINFO [0m:      	          (27, 5.0),
[92mINFO [0m:      	          (28, 5.0),
[92mINFO [0m:      	          (29, 5.0),
[92mINFO [0m:      	          (30, 5.0),
[92mINFO [0m:      	          (31, 5.0),
[92mINFO [0m:      	          (32, 5.0),
[92mINFO [0m:      	          (33, 5.0),
[92mINFO [0m:      	          (34, 5.0),
[92mINFO [0m:      	          (35, 5.0),
[92mINFO [0m:      	          (36, 5.0),
[92mINFO [0m:      	          (37, 5.0),
[92mINFO [0m:      	          (38, 5.0),
[92mINFO [0m:      	          (39, 5.0),
[92mINFO [0m:      	          (40, 5.0),
[92mINFO [0m:      	          (41, 5.0),
[92mINFO [0m:      	          (42, 5.0),
[92mINFO [0m:      	          (43, 5.0),
[92mINFO [0m:      	          (44, 5.0),
[92mINFO [0m:      	          (45, 5.0),
[92mINFO [0m:      	          (46, 5.0),
[92mINFO [0m:      	          (47, 5.0),
[92mINFO [0m:      	          (48, 5.0),
[92mINFO [0m:      	          (49, 5.0),
[92mINFO [0m:      	          (50, 5.0),
[92mINFO [0m:      	          (51, 5.0),
[92mINFO [0m:      	          (52, 5.0),
[92mINFO [0m:      	          (53, 5.0),
[92mINFO [0m:      	          (54, 5.0),
[92mINFO [0m:      	          (55, 5.0),
[92mINFO [0m:      	          (56, 5.0),
[92mINFO [0m:      	          (57, 5.0),
[92mINFO [0m:      	          (58, 5.0),
[92mINFO [0m:      	          (59, 5.0),
[92mINFO [0m:      	          (60, 5.0)]}
[92mINFO [0m:      	History (metrics, centralized):
[92mINFO [0m:      	{'accuracy': [(0, 0.1),
[92mINFO [0m:      	              (1, 0.1385),
[92mINFO [0m:      	              (2, 0.1385),
[92mINFO [0m:      	              (3, 0.1385),
[92mINFO [0m:      	              (4, 0.1385),
[92mINFO [0m:      	              (5, 0.2285),
[92mINFO [0m:      	              (6, 0.2399),
[92mINFO [0m:      	              (7, 0.2305),
[92mINFO [0m:      	              (8, 0.263),
[92mINFO [0m:      	              (9, 0.3568),
[92mINFO [0m:      	              (10, 0.3409),
[92mINFO [0m:      	              (11, 0.3167),
[92mINFO [0m:      	              (12, 0.3313),
[92mINFO [0m:      	              (13, 0.3473),
[92mINFO [0m:      	              (14, 0.3534),
[92mINFO [0m:      	              (15, 0.4182),
[92mINFO [0m:      	              (16, 0.4147),
[92mINFO [0m:      	              (17, 0.2867),
[92mINFO [0m:      	              (18, 0.2867),
[92mINFO [0m:      	              (19, 0.4881),
[92mINFO [0m:      	              (20, 0.5097),
[92mINFO [0m:      	              (21, 0.4965),
[92mINFO [0m:      	              (22, 0.5199),
[92mINFO [0m:      	              (23, 0.5639),
[92mINFO [0m:      	              (24, 0.5722),
[92mINFO [0m:      	              (25, 0.5212),
[92mINFO [0m:      	              (26, 0.5827),
[92mINFO [0m:      	              (27, 0.5828),
[92mINFO [0m:      	              (28, 0.565),
[92mINFO [0m:      	              (29, 0.5932),
[92mINFO [0m:      	              (30, 0.5831),
[92mINFO [0m:      	              (31, 0.5963),
[92mINFO [0m:      	              (32, 0.5745),
[92mINFO [0m:      	              (33, 0.6197),
[92mINFO [0m:      	              (34, 0.6134),
[92mINFO [0m:      	              (35, 0.6285),
[92mINFO [0m:      	              (36, 0.5928),
[92mINFO [0m:      	              (37, 0.6077),
[92mINFO [0m:      	              (38, 0.6268),
[92mINFO [0m:      	              (39, 0.6347),
[92mINFO [0m:      	              (40, 0.64),
[92mINFO [0m:      	              (41, 0.4855),
[92mINFO [0m:      	              (42, 0.6108),
[92mINFO [0m:      	              (43, 0.4833),
[92mINFO [0m:      	              (44, 0.5351),
[92mINFO [0m:      	              (45, 0.5351),
[92mINFO [0m:      	              (46, 0.4887),
[92mINFO [0m:      	              (47, 0.6223),
[92mINFO [0m:      	              (48, 0.6223),
[92mINFO [0m:      	              (49, 0.6499),
[92mINFO [0m:      	              (50, 0.6499),
[92mINFO [0m:      	              (51, 0.4564),
[92mINFO [0m:      	              (52, 0.6016),
[92mINFO [0m:      	              (53, 0.4862),
[92mINFO [0m:      	              (54, 0.541),
[92mINFO [0m:      	              (55, 0.5121),
[92mINFO [0m:      	              (56, 0.3785),
[92mINFO [0m:      	              (57, 0.5137),
[92mINFO [0m:      	              (58, 0.4914),
[92mINFO [0m:      	              (59, 0.5171),
[92mINFO [0m:      	              (60, 0.6833)]}
[92mINFO [0m:      
[36m(pid=135981)[0m [2026-03-03 03:21:35,238 E 135981 137340] core_worker_process.cc:825: Failed to establish connection to the metrics exporter agent. Metrics will not be exported. Exporter agent status: RpcError: Running out of retries to initialize the metrics agent. rpc_code: 14[32m [repeated 20x across cluster][0m
