/root/miniconda3/envs/moga-fl/lib/python3.10/site-packages/torch/cuda/__init__.py:65: FutureWarning: The pynvml package is deprecated. Please install nvidia-ml-py instead. If you did not install pynvml directly, please report this to the maintainers of the package that installed pynvml for you.
  import pynvml  # type: ignore[import]
[93mWARNING [0m:   DEPRECATED FEATURE: flwr.simulation.start_simulation() is deprecated.
	Instead, use the `flwr run` CLI command to start a local simulation in your Flower app, as shown for example below:

		$ flwr new  # Create a new Flower app from a template

		$ flwr run  # Run the Flower app in Simulation Mode

	Using `start_simulation()` is deprecated.

            This is a deprecated feature. It will be removed
            entirely in future versions of Flower.
        
[92mINFO [0m:      Starting Flower simulation, config: num_rounds=60, no round_timeout
2026-03-06 02:05:17,291	WARNING utils.py:460 -- Detecting docker specified CPUs. In previous versions of Ray, CPU detection in containers was incorrect. Please ensure that Ray has enough CPUs allocated. As a temporary workaround to revert to the prior behavior, set `RAY_USE_MULTIPROCESSING_CPU_COUNT=1` as an env var before starting Ray. Set the env var: `RAY_DISABLE_DOCKER_CPU_WARNING=1` to mute this warning.
2026-03-06 02:05:17,534	INFO worker.py:2012 -- Started a local Ray instance.
/root/miniconda3/envs/moga-fl/lib/python3.10/site-packages/ray/_private/worker.py:2051: FutureWarning: Tip: In future versions of Ray, Ray will no longer override accelerator visible devices env var if num_gpus=0 or num_gpus=None (default). To enable this behavior and turn off this error message, set RAY_ACCEL_ENV_VAR_OVERRIDE_ON_ZERO=0
  warnings.warn(
[92mINFO [0m:      Flower VCE: Ray initialized with resources: {'accelerator_type:G': 1.0, 'GPU': 1.0, 'node:__internal_head__': 1.0, 'CPU': 25.0, 'memory': 65905831936.0, 'node:172.17.0.6': 1.0, 'object_store_memory': 28245356544.0}
[92mINFO [0m:      Optimize your simulation with Flower VCE: https://flower.ai/docs/framework/how-to-run-simulations.html
[92mINFO [0m:      Flower VCE: Resources for each Virtual Client: {'num_cpus': 5.0, 'num_gpus': 0.2}
[92mINFO [0m:      Flower VCE: Creating VirtualClientEngineActorPool with 5 actors
[92mINFO [0m:      [INIT]
[92mINFO [0m:      Using initial global parameters provided by strategy
[92mINFO [0m:      Starting evaluation of initial global parameters
[92mINFO [0m:      initial parameters (loss, other metrics): 3.566791999340057, {'accuracy': 0.1}
[92mINFO [0m:      
[92mINFO [0m:      [ROUND 1]
[92mINFO [0m:      configure_fit: strategy sampled 5 clients (out of 10)
[36m(ClientAppActor pid=439742)[0m /root/miniconda3/envs/moga-fl/lib/python3.10/site-packages/torch/cuda/__init__.py:65: FutureWarning: The pynvml package is deprecated. Please install nvidia-ml-py instead. If you did not install pynvml directly, please report this to the maintainers of the package that installed pynvml for you.
[36m(ClientAppActor pid=439742)[0m   import pynvml  # type: ignore[import]
[92mINFO [0m:      aggregate_fit: received 5 results and 0 failures
[92mINFO [0m:      fit progress: (1, 1.955958080291748, {'accuracy': 0.2411}, 13.010173421353102)
[92mINFO [0m:      configure_evaluate: no clients selected, skipping evaluation
[92mINFO [0m:      
[92mINFO [0m:      [ROUND 2]
[92mINFO [0m:      configure_fit: strategy sampled 5 clients (out of 10)
[92mINFO [0m:      aggregate_fit: received 5 results and 0 failures
[92mINFO [0m:      fit progress: (2, 1.856372320652008, {'accuracy': 0.284}, 21.578068845905364)
[92mINFO [0m:      configure_evaluate: no clients selected, skipping evaluation
[92mINFO [0m:      
[92mINFO [0m:      [ROUND 3]
[92mINFO [0m:      configure_fit: strategy sampled 5 clients (out of 10)
[36m(pid=gcs_server)[0m [2026-03-06 02:05:46,780 E 439229 439229] (gcs_server) gcs_server.cc:302: Failed to establish connection to the event+metrics exporter agent. Events and metrics will not be exported. Exporter agent status: RpcError: Running out of retries to initialize the metrics agent. rpc_code: 14
[36m(ClientAppActor pid=439744)[0m /root/miniconda3/envs/moga-fl/lib/python3.10/site-packages/torch/cuda/__init__.py:65: FutureWarning: The pynvml package is deprecated. Please install nvidia-ml-py instead. If you did not install pynvml directly, please report this to the maintainers of the package that installed pynvml for you.[32m [repeated 4x across cluster] (Ray deduplicates logs by default. Set RAY_DEDUP_LOGS=0 to disable log deduplication, or see https://docs.ray.io/en/master/ray-observability/user-guides/configure-logging.html#log-deduplication for more options.)[0m
[36m(ClientAppActor pid=439744)[0m   import pynvml  # type: ignore[import][32m [repeated 4x across cluster][0m
[33m(raylet)[0m [2026-03-06 02:05:47,495 E 439606 439606] (raylet) main.cc:975: Failed to establish connection to the metrics exporter agent. Metrics will not be exported. Exporter agent status: RpcError: Running out of retries to initialize the metrics agent. rpc_code: 14
[92mINFO [0m:      aggregate_fit: received 5 results and 0 failures
[36m(ClientAppActor pid=439744)[0m [2026-03-06 02:05:47,874 E 439744 439991] core_worker_process.cc:825: Failed to establish connection to the metrics exporter agent. Metrics will not be exported. Exporter agent status: RpcError: Running out of retries to initialize the metrics agent. rpc_code: 14
[2026-03-06 02:05:48,128 E 439094 439739] core_worker_process.cc:825: Failed to establish connection to the metrics exporter agent. Metrics will not be exported. Exporter agent status: RpcError: Running out of retries to initialize the metrics agent. rpc_code: 14
[92mINFO [0m:      fit progress: (3, 1.7826872050762177, {'accuracy': 0.3702}, 30.194864248856902)
[92mINFO [0m:      configure_evaluate: no clients selected, skipping evaluation
[92mINFO [0m:      
[92mINFO [0m:      [ROUND 4]
[92mINFO [0m:      configure_fit: strategy sampled 5 clients (out of 10)
[92mINFO [0m:      aggregate_fit: received 5 results and 0 failures
[92mINFO [0m:      fit progress: (4, 2.415681254863739, {'accuracy': 0.3152}, 39.05410966742784)
[92mINFO [0m:      configure_evaluate: no clients selected, skipping evaluation
[92mINFO [0m:      
[92mINFO [0m:      [ROUND 5]
[92mINFO [0m:      configure_fit: strategy sampled 5 clients (out of 10)
[92mINFO [0m:      aggregate_fit: received 5 results and 0 failures
[92mINFO [0m:      fit progress: (5, 4.804145073890686, {'accuracy': 0.2126}, 48.17431994713843)
[92mINFO [0m:      configure_evaluate: no clients selected, skipping evaluation
[92mINFO [0m:      
[92mINFO [0m:      [ROUND 6]
[92mINFO [0m:      configure_fit: strategy sampled 5 clients (out of 10)
[92mINFO [0m:      aggregate_fit: received 5 results and 0 failures
[92mINFO [0m:      fit progress: (6, 1.78533473610878, {'accuracy': 0.3867}, 57.114178732037544)
[92mINFO [0m:      configure_evaluate: no clients selected, skipping evaluation
[92mINFO [0m:      
[92mINFO [0m:      [ROUND 7]
[92mINFO [0m:      configure_fit: strategy sampled 5 clients (out of 10)
[92mINFO [0m:      aggregate_fit: received 5 results and 0 failures
[92mINFO [0m:      fit progress: (7, 1.620739644765854, {'accuracy': 0.3948}, 66.23242803663015)
[92mINFO [0m:      configure_evaluate: no clients selected, skipping evaluation
[92mINFO [0m:      
[92mINFO [0m:      [ROUND 8]
[92mINFO [0m:      configure_fit: strategy sampled 5 clients (out of 10)
[92mINFO [0m:      aggregate_fit: received 5 results and 0 failures
[92mINFO [0m:      fit progress: (8, 1.6431509017944337, {'accuracy': 0.3947}, 75.06901269312948)
[92mINFO [0m:      configure_evaluate: no clients selected, skipping evaluation
[92mINFO [0m:      
[92mINFO [0m:      [ROUND 9]
[92mINFO [0m:      configure_fit: strategy sampled 5 clients (out of 10)
[92mINFO [0m:      aggregate_fit: received 5 results and 0 failures
[92mINFO [0m:      fit progress: (9, 1.922396570444107, {'accuracy': 0.3084}, 84.05784886237234)
[92mINFO [0m:      configure_evaluate: no clients selected, skipping evaluation
[92mINFO [0m:      
[92mINFO [0m:      [ROUND 10]
[92mINFO [0m:      configure_fit: strategy sampled 5 clients (out of 10)
[92mINFO [0m:      aggregate_fit: received 5 results and 0 failures
[92mINFO [0m:      fit progress: (10, 1.9159643530845643, {'accuracy': 0.3475}, 92.64527594204992)
[92mINFO [0m:      configure_evaluate: no clients selected, skipping evaluation
[92mINFO [0m:      
[92mINFO [0m:      [ROUND 11]
[92mINFO [0m:      configure_fit: strategy sampled 5 clients (out of 10)
[92mINFO [0m:      aggregate_fit: received 5 results and 0 failures
[92mINFO [0m:      fit progress: (11, 1.5768782675266266, {'accuracy': 0.4243}, 101.6779202837497)
[92mINFO [0m:      configure_evaluate: no clients selected, skipping evaluation
[92mINFO [0m:      
[92mINFO [0m:      [ROUND 12]
[92mINFO [0m:      configure_fit: strategy sampled 5 clients (out of 10)
[92mINFO [0m:      aggregate_fit: received 5 results and 0 failures
[92mINFO [0m:      fit progress: (12, 1.417078286409378, {'accuracy': 0.5003}, 110.57967112213373)
[92mINFO [0m:      configure_evaluate: no clients selected, skipping evaluation
[92mINFO [0m:      
[92mINFO [0m:      [ROUND 13]
[92mINFO [0m:      configure_fit: strategy sampled 5 clients (out of 10)
[92mINFO [0m:      aggregate_fit: received 5 results and 0 failures
[92mINFO [0m:      fit progress: (13, 1.3195596098899842, {'accuracy': 0.5382}, 119.37085676193237)
[92mINFO [0m:      configure_evaluate: no clients selected, skipping evaluation
[92mINFO [0m:      
[92mINFO [0m:      [ROUND 14]
[92mINFO [0m:      configure_fit: strategy sampled 5 clients (out of 10)
[92mINFO [0m:      aggregate_fit: received 5 results and 0 failures
[92mINFO [0m:      fit progress: (14, 1.52536398768425, {'accuracy': 0.4919}, 128.04524649865925)
[92mINFO [0m:      configure_evaluate: no clients selected, skipping evaluation
[92mINFO [0m:      
[92mINFO [0m:      [ROUND 15]
[92mINFO [0m:      configure_fit: strategy sampled 5 clients (out of 10)
[92mINFO [0m:      aggregate_fit: received 5 results and 0 failures
[92mINFO [0m:      fit progress: (15, 2.171111023426056, {'accuracy': 0.3382}, 136.70808617211878)
[92mINFO [0m:      configure_evaluate: no clients selected, skipping evaluation
[92mINFO [0m:      
[92mINFO [0m:      [ROUND 16]
[92mINFO [0m:      configure_fit: strategy sampled 5 clients (out of 10)
[92mINFO [0m:      aggregate_fit: received 5 results and 0 failures
[92mINFO [0m:      fit progress: (16, 1.2798942625522614, {'accuracy': 0.5393}, 145.65056275296956)
[92mINFO [0m:      configure_evaluate: no clients selected, skipping evaluation
[92mINFO [0m:      
[92mINFO [0m:      [ROUND 17]
[92mINFO [0m:      configure_fit: strategy sampled 5 clients (out of 10)
[92mINFO [0m:      aggregate_fit: received 5 results and 0 failures
[92mINFO [0m:      fit progress: (17, 1.230082768201828, {'accuracy': 0.5494}, 154.69313491880894)
[92mINFO [0m:      configure_evaluate: no clients selected, skipping evaluation
[92mINFO [0m:      
[92mINFO [0m:      [ROUND 18]
[92mINFO [0m:      configure_fit: strategy sampled 5 clients (out of 10)
[92mINFO [0m:      aggregate_fit: received 5 results and 0 failures
[92mINFO [0m:      fit progress: (18, 2.1707796335220335, {'accuracy': 0.4101}, 163.73766992986202)
[92mINFO [0m:      configure_evaluate: no clients selected, skipping evaluation
[92mINFO [0m:      
[92mINFO [0m:      [ROUND 19]
[92mINFO [0m:      configure_fit: strategy sampled 5 clients (out of 10)
[92mINFO [0m:      aggregate_fit: received 5 results and 0 failures
[92mINFO [0m:      fit progress: (19, 1.6403942346572875, {'accuracy': 0.4734}, 172.66037379950285)
[92mINFO [0m:      configure_evaluate: no clients selected, skipping evaluation
[92mINFO [0m:      
[92mINFO [0m:      [ROUND 20]
[92mINFO [0m:      configure_fit: strategy sampled 5 clients (out of 10)
[92mINFO [0m:      aggregate_fit: received 5 results and 0 failures
[92mINFO [0m:      fit progress: (20, 1.618766760826111, {'accuracy': 0.5318}, 181.18678452353925)
[92mINFO [0m:      configure_evaluate: no clients selected, skipping evaluation
[92mINFO [0m:      
[92mINFO [0m:      [ROUND 21]
[92mINFO [0m:      configure_fit: strategy sampled 5 clients (out of 10)
[92mINFO [0m:      aggregate_fit: received 5 results and 0 failures
[92mINFO [0m:      fit progress: (21, 1.6784750640392303, {'accuracy': 0.4849}, 190.1993528828025)
[92mINFO [0m:      configure_evaluate: no clients selected, skipping evaluation
[92mINFO [0m:      
[92mINFO [0m:      [ROUND 22]
[92mINFO [0m:      configure_fit: strategy sampled 5 clients (out of 10)
[92mINFO [0m:      aggregate_fit: received 5 results and 0 failures
[92mINFO [0m:      fit progress: (22, 1.1322341203689574, {'accuracy': 0.587}, 199.13429355155677)
[92mINFO [0m:      configure_evaluate: no clients selected, skipping evaluation
[92mINFO [0m:      
[92mINFO [0m:      [ROUND 23]
[92mINFO [0m:      configure_fit: strategy sampled 5 clients (out of 10)
[92mINFO [0m:      aggregate_fit: received 5 results and 0 failures
[92mINFO [0m:      fit progress: (23, 1.5592925369739532, {'accuracy': 0.5034}, 208.08933622203767)
[92mINFO [0m:      configure_evaluate: no clients selected, skipping evaluation
[92mINFO [0m:      
[92mINFO [0m:      [ROUND 24]
[92mINFO [0m:      configure_fit: strategy sampled 5 clients (out of 10)
[92mINFO [0m:      aggregate_fit: received 5 results and 0 failures
[92mINFO [0m:      fit progress: (24, 1.6336945831775664, {'accuracy': 0.4999}, 217.06809131801128)
[92mINFO [0m:      configure_evaluate: no clients selected, skipping evaluation
[92mINFO [0m:      
[92mINFO [0m:      [ROUND 25]
[92mINFO [0m:      configure_fit: strategy sampled 5 clients (out of 10)
[92mINFO [0m:      aggregate_fit: received 5 results and 0 failures
[92mINFO [0m:      fit progress: (25, 1.2548546373844147, {'accuracy': 0.6175}, 225.78017060644925)
[92mINFO [0m:      configure_evaluate: no clients selected, skipping evaluation
[92mINFO [0m:      
[92mINFO [0m:      [ROUND 26]
[92mINFO [0m:      configure_fit: strategy sampled 5 clients (out of 10)
[92mINFO [0m:      aggregate_fit: received 5 results and 0 failures
[92mINFO [0m:      fit progress: (26, 1.1461200892925263, {'accuracy': 0.6017}, 234.56841148808599)
[92mINFO [0m:      configure_evaluate: no clients selected, skipping evaluation
[92mINFO [0m:      
[92mINFO [0m:      [ROUND 27]
[92mINFO [0m:      configure_fit: strategy sampled 5 clients (out of 10)
[92mINFO [0m:      aggregate_fit: received 5 results and 0 failures
[92mINFO [0m:      fit progress: (27, 1.3519235610961915, {'accuracy': 0.5403}, 243.92469749506563)
[92mINFO [0m:      configure_evaluate: no clients selected, skipping evaluation
[92mINFO [0m:      
[92mINFO [0m:      [ROUND 28]
[92mINFO [0m:      configure_fit: strategy sampled 5 clients (out of 10)
[92mINFO [0m:      aggregate_fit: received 5 results and 0 failures
[92mINFO [0m:      fit progress: (28, 1.3954645931720733, {'accuracy': 0.5393}, 252.79202709160745)
[92mINFO [0m:      configure_evaluate: no clients selected, skipping evaluation
[92mINFO [0m:      
[92mINFO [0m:      [ROUND 29]
[92mINFO [0m:      configure_fit: strategy sampled 5 clients (out of 10)
[92mINFO [0m:      aggregate_fit: received 5 results and 0 failures
[92mINFO [0m:      fit progress: (29, 1.559501725435257, {'accuracy': 0.4713}, 261.64512061234564)
[92mINFO [0m:      configure_evaluate: no clients selected, skipping evaluation
[92mINFO [0m:      
[92mINFO [0m:      [ROUND 30]
[92mINFO [0m:      configure_fit: strategy sampled 5 clients (out of 10)
[92mINFO [0m:      aggregate_fit: received 5 results and 0 failures
[92mINFO [0m:      fit progress: (30, 1.174197405576706, {'accuracy': 0.6016}, 270.80905714724213)
[92mINFO [0m:      configure_evaluate: no clients selected, skipping evaluation
[92mINFO [0m:      
[92mINFO [0m:      [ROUND 31]
[92mINFO [0m:      configure_fit: strategy sampled 5 clients (out of 10)
[92mINFO [0m:      aggregate_fit: received 5 results and 0 failures
[92mINFO [0m:      fit progress: (31, 1.0952319622039794, {'accuracy': 0.6264}, 279.9372805505991)
[92mINFO [0m:      configure_evaluate: no clients selected, skipping evaluation
[92mINFO [0m:      
[92mINFO [0m:      [ROUND 32]
[92mINFO [0m:      configure_fit: strategy sampled 5 clients (out of 10)
[92mINFO [0m:      aggregate_fit: received 5 results and 0 failures
[92mINFO [0m:      fit progress: (32, 0.9967244327068329, {'accuracy': 0.6315}, 288.81773530878127)
[92mINFO [0m:      configure_evaluate: no clients selected, skipping evaluation
[92mINFO [0m:      
[92mINFO [0m:      [ROUND 33]
[92mINFO [0m:      configure_fit: strategy sampled 5 clients (out of 10)
[92mINFO [0m:      aggregate_fit: received 5 results and 0 failures
[92mINFO [0m:      fit progress: (33, 1.6049052834510804, {'accuracy': 0.4781}, 297.59879075177014)
[92mINFO [0m:      configure_evaluate: no clients selected, skipping evaluation
[92mINFO [0m:      
[92mINFO [0m:      [ROUND 34]
[92mINFO [0m:      configure_fit: strategy sampled 5 clients (out of 10)
[92mINFO [0m:      aggregate_fit: received 5 results and 0 failures
[92mINFO [0m:      fit progress: (34, 1.3183799803256988, {'accuracy': 0.5622}, 306.3808470927179)
[92mINFO [0m:      configure_evaluate: no clients selected, skipping evaluation
[92mINFO [0m:      
[92mINFO [0m:      [ROUND 35]
[92mINFO [0m:      configure_fit: strategy sampled 5 clients (out of 10)
[92mINFO [0m:      aggregate_fit: received 5 results and 0 failures
[92mINFO [0m:      fit progress: (35, 1.1621556043624879, {'accuracy': 0.6502}, 315.22157280799)
[92mINFO [0m:      configure_evaluate: no clients selected, skipping evaluation
[92mINFO [0m:      
[92mINFO [0m:      [ROUND 36]
[92mINFO [0m:      configure_fit: strategy sampled 5 clients (out of 10)
[92mINFO [0m:      aggregate_fit: received 5 results and 0 failures
[92mINFO [0m:      fit progress: (36, 1.2241163074970245, {'accuracy': 0.598}, 324.3283268008381)
[92mINFO [0m:      configure_evaluate: no clients selected, skipping evaluation
[92mINFO [0m:      
[92mINFO [0m:      [ROUND 37]
[92mINFO [0m:      configure_fit: strategy sampled 5 clients (out of 10)
[92mINFO [0m:      aggregate_fit: received 5 results and 0 failures
[92mINFO [0m:      fit progress: (37, 1.2511350631713867, {'accuracy': 0.5621}, 333.29598085861653)
[92mINFO [0m:      configure_evaluate: no clients selected, skipping evaluation
[92mINFO [0m:      
[92mINFO [0m:      [ROUND 38]
[92mINFO [0m:      configure_fit: strategy sampled 5 clients (out of 10)
[92mINFO [0m:      aggregate_fit: received 5 results and 0 failures
[92mINFO [0m:      fit progress: (38, 0.9984304934740067, {'accuracy': 0.6513}, 342.317732042633)
[92mINFO [0m:      configure_evaluate: no clients selected, skipping evaluation
[92mINFO [0m:      
[92mINFO [0m:      [ROUND 39]
[92mINFO [0m:      configure_fit: strategy sampled 5 clients (out of 10)
[92mINFO [0m:      aggregate_fit: received 5 results and 0 failures
[92mINFO [0m:      fit progress: (39, 1.1372962653636933, {'accuracy': 0.6005}, 351.2895229877904)
[92mINFO [0m:      configure_evaluate: no clients selected, skipping evaluation
[92mINFO [0m:      
[92mINFO [0m:      [ROUND 40]
[92mINFO [0m:      configure_fit: strategy sampled 5 clients (out of 10)
[92mINFO [0m:      aggregate_fit: received 5 results and 0 failures
[92mINFO [0m:      fit progress: (40, 1.3947200715541839, {'accuracy': 0.6194}, 359.74718472827226)
[92mINFO [0m:      configure_evaluate: no clients selected, skipping evaluation
[92mINFO [0m:      
[92mINFO [0m:      [ROUND 41]
[92mINFO [0m:      configure_fit: strategy sampled 5 clients (out of 10)
[92mINFO [0m:      aggregate_fit: received 5 results and 0 failures
[92mINFO [0m:      fit progress: (41, 1.9065377712249756, {'accuracy': 0.5089}, 368.73383898101747)
[92mINFO [0m:      configure_evaluate: no clients selected, skipping evaluation
[92mINFO [0m:      
[92mINFO [0m:      [ROUND 42]
[92mINFO [0m:      configure_fit: strategy sampled 5 clients (out of 10)
[92mINFO [0m:      aggregate_fit: received 5 results and 0 failures
[92mINFO [0m:      fit progress: (42, 0.7795768558979035, {'accuracy': 0.7226}, 377.6775219514966)
[92mINFO [0m:      configure_evaluate: no clients selected, skipping evaluation
[92mINFO [0m:      
[92mINFO [0m:      [ROUND 43]
[92mINFO [0m:      configure_fit: strategy sampled 5 clients (out of 10)
[92mINFO [0m:      aggregate_fit: received 5 results and 0 failures
[92mINFO [0m:      fit progress: (43, 0.8283957004547119, {'accuracy': 0.7143}, 386.55333752464503)
[92mINFO [0m:      configure_evaluate: no clients selected, skipping evaluation
[92mINFO [0m:      
[92mINFO [0m:      [ROUND 44]
[92mINFO [0m:      configure_fit: strategy sampled 5 clients (out of 10)
[92mINFO [0m:      aggregate_fit: received 5 results and 0 failures
[92mINFO [0m:      fit progress: (44, 1.444117045402527, {'accuracy': 0.5813}, 395.15062548127025)
[92mINFO [0m:      configure_evaluate: no clients selected, skipping evaluation
[92mINFO [0m:      
[92mINFO [0m:      [ROUND 45]
[92mINFO [0m:      configure_fit: strategy sampled 5 clients (out of 10)
[92mINFO [0m:      aggregate_fit: received 5 results and 0 failures
[92mINFO [0m:      fit progress: (45, 1.0473313242197038, {'accuracy': 0.6448}, 403.7308440497145)
[92mINFO [0m:      configure_evaluate: no clients selected, skipping evaluation
[92mINFO [0m:      
[92mINFO [0m:      [ROUND 46]
[92mINFO [0m:      configure_fit: strategy sampled 5 clients (out of 10)
[92mINFO [0m:      aggregate_fit: received 5 results and 0 failures
[92mINFO [0m:      fit progress: (46, 1.0919397592544555, {'accuracy': 0.6269}, 412.9416886707768)
[92mINFO [0m:      configure_evaluate: no clients selected, skipping evaluation
[92mINFO [0m:      
[92mINFO [0m:      [ROUND 47]
[92mINFO [0m:      configure_fit: strategy sampled 5 clients (out of 10)
[92mINFO [0m:      aggregate_fit: received 5 results and 0 failures
[92mINFO [0m:      fit progress: (47, 0.8718857318162918, {'accuracy': 0.6935}, 421.8123888541013)
[92mINFO [0m:      configure_evaluate: no clients selected, skipping evaluation
[92mINFO [0m:      
[92mINFO [0m:      [ROUND 48]
[92mINFO [0m:      configure_fit: strategy sampled 5 clients (out of 10)
[92mINFO [0m:      aggregate_fit: received 5 results and 0 failures
[92mINFO [0m:      fit progress: (48, 1.12146657705307, {'accuracy': 0.6337}, 430.7777343709022)
[92mINFO [0m:      configure_evaluate: no clients selected, skipping evaluation
[92mINFO [0m:      
[92mINFO [0m:      [ROUND 49]
[92mINFO [0m:      configure_fit: strategy sampled 5 clients (out of 10)
[92mINFO [0m:      aggregate_fit: received 5 results and 0 failures
[92mINFO [0m:      fit progress: (49, 1.2509789705276488, {'accuracy': 0.6373}, 439.454728201963)
[92mINFO [0m:      configure_evaluate: no clients selected, skipping evaluation
[92mINFO [0m:      
[92mINFO [0m:      [ROUND 50]
[92mINFO [0m:      configure_fit: strategy sampled 5 clients (out of 10)
[92mINFO [0m:      aggregate_fit: received 5 results and 0 failures
[92mINFO [0m:      fit progress: (50, 0.8866760820150376, {'accuracy': 0.725}, 448.0810421984643)
[92mINFO [0m:      configure_evaluate: no clients selected, skipping evaluation
[92mINFO [0m:      
[92mINFO [0m:      [ROUND 51]
[92mINFO [0m:      configure_fit: strategy sampled 5 clients (out of 10)
[92mINFO [0m:      aggregate_fit: received 5 results and 0 failures
[92mINFO [0m:      fit progress: (51, 1.247282725572586, {'accuracy': 0.6157}, 456.90964822657406)
[92mINFO [0m:      configure_evaluate: no clients selected, skipping evaluation
[92mINFO [0m:      
[92mINFO [0m:      [ROUND 52]
[92mINFO [0m:      configure_fit: strategy sampled 5 clients (out of 10)
[92mINFO [0m:      aggregate_fit: received 5 results and 0 failures
[92mINFO [0m:      fit progress: (52, 0.9392631709575653, {'accuracy': 0.6888}, 465.7849084120244)
[92mINFO [0m:      configure_evaluate: no clients selected, skipping evaluation
[92mINFO [0m:      
[92mINFO [0m:      [ROUND 53]
[92mINFO [0m:      configure_fit: strategy sampled 5 clients (out of 10)
[92mINFO [0m:      aggregate_fit: received 5 results and 0 failures
[92mINFO [0m:      fit progress: (53, 0.8549105763435364, {'accuracy': 0.7087}, 474.7618165621534)
[92mINFO [0m:      configure_evaluate: no clients selected, skipping evaluation
[92mINFO [0m:      
[92mINFO [0m:      [ROUND 54]
[92mINFO [0m:      configure_fit: strategy sampled 5 clients (out of 10)
[92mINFO [0m:      aggregate_fit: received 5 results and 0 failures
[92mINFO [0m:      fit progress: (54, 0.9389099895954132, {'accuracy': 0.7093}, 483.63498221337795)
[92mINFO [0m:      configure_evaluate: no clients selected, skipping evaluation
[92mINFO [0m:      
[92mINFO [0m:      [ROUND 55]
[92mINFO [0m:      configure_fit: strategy sampled 5 clients (out of 10)
[92mINFO [0m:      aggregate_fit: received 5 results and 0 failures
[92mINFO [0m:      fit progress: (55, 0.8984080582857132, {'accuracy': 0.6975}, 492.9746587956324)
[92mINFO [0m:      configure_evaluate: no clients selected, skipping evaluation
[92mINFO [0m:      
[92mINFO [0m:      [ROUND 56]
[92mINFO [0m:      configure_fit: strategy sampled 5 clients (out of 10)
[92mINFO [0m:      aggregate_fit: received 5 results and 0 failures
[92mINFO [0m:      fit progress: (56, 0.8329524040222168, {'accuracy': 0.7137}, 502.0440515810624)
[92mINFO [0m:      configure_evaluate: no clients selected, skipping evaluation
[92mINFO [0m:      
[92mINFO [0m:      [ROUND 57]
[92mINFO [0m:      configure_fit: strategy sampled 5 clients (out of 10)
[92mINFO [0m:      aggregate_fit: received 5 results and 0 failures
[92mINFO [0m:      fit progress: (57, 0.7731448918581009, {'accuracy': 0.726}, 510.9354200186208)
[92mINFO [0m:      configure_evaluate: no clients selected, skipping evaluation
[92mINFO [0m:      
[92mINFO [0m:      [ROUND 58]
[92mINFO [0m:      configure_fit: strategy sampled 5 clients (out of 10)
[92mINFO [0m:      aggregate_fit: received 5 results and 0 failures
[92mINFO [0m:      fit progress: (58, 0.7896297365427017, {'accuracy': 0.732}, 519.7915856782347)
[92mINFO [0m:      configure_evaluate: no clients selected, skipping evaluation
[92mINFO [0m:      
[92mINFO [0m:      [ROUND 59]
[92mINFO [0m:      configure_fit: strategy sampled 5 clients (out of 10)
[92mINFO [0m:      aggregate_fit: received 5 results and 0 failures
[92mINFO [0m:      fit progress: (59, 1.209414505958557, {'accuracy': 0.6226}, 528.6616572337225)
[92mINFO [0m:      configure_evaluate: no clients selected, skipping evaluation
[92mINFO [0m:      
[92mINFO [0m:      [ROUND 60]
[92mINFO [0m:      configure_fit: strategy sampled 5 clients (out of 10)
[92mINFO [0m:      aggregate_fit: received 5 results and 0 failures
[92mINFO [0m:      fit progress: (60, 0.9894799411296844, {'accuracy': 0.697}, 537.1539810588583)
[92mINFO [0m:      configure_evaluate: no clients selected, skipping evaluation
[92mINFO [0m:      
[92mINFO [0m:      [SUMMARY]
[92mINFO [0m:      Run finished 60 round(s) in 537.15s
[92mINFO [0m:      	History (loss, centralized):
[92mINFO [0m:      		round 0: 3.566791999340057
[92mINFO [0m:      		round 1: 1.955958080291748
[92mINFO [0m:      		round 2: 1.856372320652008
[92mINFO [0m:      		round 3: 1.7826872050762177
[92mINFO [0m:      		round 4: 2.415681254863739
[92mINFO [0m:      		round 5: 4.804145073890686
[92mINFO [0m:      		round 6: 1.78533473610878
[92mINFO [0m:      		round 7: 1.620739644765854
[92mINFO [0m:      		round 8: 1.6431509017944337
[92mINFO [0m:      		round 9: 1.922396570444107
[92mINFO [0m:      		round 10: 1.9159643530845643
[92mINFO [0m:      		round 11: 1.5768782675266266
[92mINFO [0m:      		round 12: 1.417078286409378
[92mINFO [0m:      		round 13: 1.3195596098899842
[92mINFO [0m:      		round 14: 1.52536398768425
[92mINFO [0m:      		round 15: 2.171111023426056
[92mINFO [0m:      		round 16: 1.2798942625522614
[92mINFO [0m:      		round 17: 1.230082768201828
[92mINFO [0m:      		round 18: 2.1707796335220335
[92mINFO [0m:      		round 19: 1.6403942346572875
[92mINFO [0m:      		round 20: 1.618766760826111
[92mINFO [0m:      		round 21: 1.6784750640392303
[92mINFO [0m:      		round 22: 1.1322341203689574
[92mINFO [0m:      		round 23: 1.5592925369739532
[92mINFO [0m:      		round 24: 1.6336945831775664
[92mINFO [0m:      		round 25: 1.2548546373844147
[92mINFO [0m:      		round 26: 1.1461200892925263
[92mINFO [0m:      		round 27: 1.3519235610961915
[92mINFO [0m:      		round 28: 1.3954645931720733
[92mINFO [0m:      		round 29: 1.559501725435257
[92mINFO [0m:      		round 30: 1.174197405576706
[92mINFO [0m:      		round 31: 1.0952319622039794
[92mINFO [0m:      		round 32: 0.9967244327068329
[92mINFO [0m:      		round 33: 1.6049052834510804
[92mINFO [0m:      		round 34: 1.3183799803256988
[92mINFO [0m:      		round 35: 1.1621556043624879
[92mINFO [0m:      		round 36: 1.2241163074970245
[92mINFO [0m:      		round 37: 1.2511350631713867
[92mINFO [0m:      		round 38: 0.9984304934740067
[92mINFO [0m:      		round 39: 1.1372962653636933
[92mINFO [0m:      		round 40: 1.3947200715541839
[92mINFO [0m:      		round 41: 1.9065377712249756
[92mINFO [0m:      		round 42: 0.7795768558979035
[92mINFO [0m:      		round 43: 0.8283957004547119
[92mINFO [0m:      		round 44: 1.444117045402527
[92mINFO [0m:      		round 45: 1.0473313242197038
[92mINFO [0m:      		round 46: 1.0919397592544555
[92mINFO [0m:      		round 47: 0.8718857318162918
[92mINFO [0m:      		round 48: 1.12146657705307
[92mINFO [0m:      		round 49: 1.2509789705276488
[92mINFO [0m:      		round 50: 0.8866760820150376
[92mINFO [0m:      		round 51: 1.247282725572586
[92mINFO [0m:      		round 52: 0.9392631709575653
[92mINFO [0m:      		round 53: 0.8549105763435364
[92mINFO [0m:      		round 54: 0.9389099895954132
[92mINFO [0m:      		round 55: 0.8984080582857132
[92mINFO [0m:      		round 56: 0.8329524040222168
[92mINFO [0m:      		round 57: 0.7731448918581009
[92mINFO [0m:      		round 58: 0.7896297365427017
[92mINFO [0m:      		round 59: 1.209414505958557
[92mINFO [0m:      		round 60: 0.9894799411296844
[92mINFO [0m:      	History (metrics, distributed, fit):
[92mINFO [0m:      	{'accuracy': [(1, 0.2411),
[92mINFO [0m:      	              (2, 0.284),
[92mINFO [0m:      	              (3, 0.3702),
[92mINFO [0m:      	              (4, 0.3152),
[92mINFO [0m:      	              (5, 0.2126),
[92mINFO [0m:      	              (6, 0.3867),
[92mINFO [0m:      	              (7, 0.3948),
[92mINFO [0m:      	              (8, 0.3947),
[92mINFO [0m:      	              (9, 0.3084),
[92mINFO [0m:      	              (10, 0.3475),
[92mINFO [0m:      	              (11, 0.4243),
[92mINFO [0m:      	              (12, 0.5003),
[92mINFO [0m:      	              (13, 0.5382),
[92mINFO [0m:      	              (14, 0.4919),
[92mINFO [0m:      	              (15, 0.3382),
[92mINFO [0m:      	              (16, 0.5393),
[92mINFO [0m:      	              (17, 0.5494),
[92mINFO [0m:      	              (18, 0.4101),
[92mINFO [0m:      	              (19, 0.4734),
[92mINFO [0m:      	              (20, 0.5318),
[92mINFO [0m:      	              (21, 0.4849),
[92mINFO [0m:      	              (22, 0.587),
[92mINFO [0m:      	              (23, 0.5034),
[92mINFO [0m:      	              (24, 0.4999),
[92mINFO [0m:      	              (25, 0.6175),
[92mINFO [0m:      	              (26, 0.6017),
[92mINFO [0m:      	              (27, 0.5403),
[92mINFO [0m:      	              (28, 0.5393),
[92mINFO [0m:      	              (29, 0.4713),
[92mINFO [0m:      	              (30, 0.6016),
[92mINFO [0m:      	              (31, 0.6264),
[92mINFO [0m:      	              (32, 0.6315),
[92mINFO [0m:      	              (33, 0.4781),
[92mINFO [0m:      	              (34, 0.5622),
[92mINFO [0m:      	              (35, 0.6502),
[92mINFO [0m:      	              (36, 0.598),
[92mINFO [0m:      	              (37, 0.5621),
[92mINFO [0m:      	              (38, 0.6513),
[92mINFO [0m:      	              (39, 0.6005),
[92mINFO [0m:      	              (40, 0.6194),
[92mINFO [0m:      	              (41, 0.5089),
[92mINFO [0m:      	              (42, 0.7226),
[92mINFO [0m:      	              (43, 0.7143),
[92mINFO [0m:      	              (44, 0.5813),
[92mINFO [0m:      	              (45, 0.6448),
[92mINFO [0m:      	              (46, 0.6269),
[92mINFO [0m:      	              (47, 0.6935),
[92mINFO [0m:      	              (48, 0.6337),
[92mINFO [0m:      	              (49, 0.6373),
[92mINFO [0m:      	              (50, 0.725),
[92mINFO [0m:      	              (51, 0.6157),
[92mINFO [0m:      	              (52, 0.6888),
[92mINFO [0m:      	              (53, 0.7087),
[92mINFO [0m:      	              (54, 0.7093),
[92mINFO [0m:      	              (55, 0.6975),
[92mINFO [0m:      	              (56, 0.7137),
[92mINFO [0m:      	              (57, 0.726),
[92mINFO [0m:      	              (58, 0.732),
[92mINFO [0m:      	              (59, 0.6226),
[92mINFO [0m:      	              (60, 0.697)],
[92mINFO [0m:      	 'avg_per': [(1, 0.051297999999999996),
[92mINFO [0m:      	             (2, 0.04360199999999996),
[92mINFO [0m:      	             (3, 0.07506799999999995),
[92mINFO [0m:      	             (4, 0.05561399999999992),
[92mINFO [0m:      	             (5, 0.051373999999999975),
[92mINFO [0m:      	             (6, 0.1324839999999999),
[92mINFO [0m:      	             (7, 0.039219999999999935),
[92mINFO [0m:      	             (8, 0.051615999999999974),
[92mINFO [0m:      	             (9, 0.12667799999999996),
[92mINFO [0m:      	             (10, 0.05561399999999996),
[92mINFO [0m:      	             (11, 0.06801399999999995),
[92mINFO [0m:      	             (12, 0.063088),
[92mINFO [0m:      	             (13, 0.04778999999999998),
[92mINFO [0m:      	             (14, 0.06768399999999994),
[92mINFO [0m:      	             (15, 0.043791999999999935),
[92mINFO [0m:      	             (16, 0.06274199999999998),
[92mINFO [0m:      	             (17, 0.043597999999999956),
[92mINFO [0m:      	             (18, 0.08247599999999995),
[92mINFO [0m:      	             (19, 0.09450999999999998),
[92mINFO [0m:      	             (20, 0.06378999999999999),
[92mINFO [0m:      	             (21, 0.06721599999999996),
[92mINFO [0m:      	             (22, 0.07446199999999997),
[92mINFO [0m:      	             (23, 0.058987999999999985),
[92mINFO [0m:      	             (24, 0.04360999999999994),
[92mINFO [0m:      	             (25, 0.06768599999999993),
[92mINFO [0m:      	             (26, 0.07537199999999995),
[92mINFO [0m:      	             (27, 0.06321599999999997),
[92mINFO [0m:      	             (28, 0.03490199999999996),
[92mINFO [0m:      	             (29, 0.06744999999999994),
[92mINFO [0m:      	             (30, 0.059527999999999935),
[92mINFO [0m:      	             (31, 0.13607399999999994),
[92mINFO [0m:      	             (32, 0.04992999999999994),
[92mINFO [0m:      	             (33, 0.07051199999999996),
[92mINFO [0m:      	             (34, 0.06330199999999997),
[92mINFO [0m:      	             (35, 0.08329799999999998),
[92mINFO [0m:      	             (36, 0.119332),
[92mINFO [0m:      	             (37, 0.049869999999999956),
[92mINFO [0m:      	             (38, 0.059943999999999976),
[92mINFO [0m:      	             (39, 0.059159999999999956),
[92mINFO [0m:      	             (40, 0.051661999999999965),
[92mINFO [0m:      	             (41, 0.051297999999999955),
[92mINFO [0m:      	             (42, 0.047447999999999955),
[92mINFO [0m:      	             (43, 0.071292),
[92mINFO [0m:      	             (44, 0.05153199999999998),
[92mINFO [0m:      	             (45, 0.027457999999999972),
[92mINFO [0m:      	             (46, 0.055289999999999936),
[92mINFO [0m:      	             (47, 0.05076399999999996),
[92mINFO [0m:      	             (48, 0.04284599999999996),
[92mINFO [0m:      	             (49, 0.13168399999999997),
[92mINFO [0m:      	             (50, 0.15453999999999996),
[92mINFO [0m:      	             (51, 0.06289799999999997),
[92mINFO [0m:      	             (52, 0.06055399999999994),
[92mINFO [0m:      	             (53, 0.07130399999999995),
[92mINFO [0m:      	             (54, 0.07474199999999993),
[92mINFO [0m:      	             (55, 0.03576599999999998),
[92mINFO [0m:      	             (56, 0.04707199999999994),
[92mINFO [0m:      	             (57, 0.059377999999999966),
[92mINFO [0m:      	             (58, 0.06943199999999994),
[92mINFO [0m:      	             (59, 0.05507399999999998),
[92mINFO [0m:      	             (60, 0.05085799999999994)],
[92mINFO [0m:      	 'bw_factor': [(1, 1.0),
[92mINFO [0m:      	               (2, 0.8),
[92mINFO [0m:      	               (3, 0.8462105941283807),
[92mINFO [0m:      	               (4, 0.8636609095001365),
[92mINFO [0m:      	               (5, 0.8630767943604781),
[92mINFO [0m:      	               (6, 0.8552567558600594),
[92mINFO [0m:      	               (7, 0.926055891900729),
[92mINFO [0m:      	               (8, 0.9261095976383757),
[92mINFO [0m:      	               (9, 0.927621825921832),
[92mINFO [0m:      	               (10, 0.914746122575816),
[92mINFO [0m:      	               (11, 0.8983120692761993),
[92mINFO [0m:      	               (12, 0.8983151526076736),
[92mINFO [0m:      	               (13, 0.9136295346450731),
[92mINFO [0m:      	               (14, 0.9061510141135182),
[92mINFO [0m:      	               (15, 0.9048600964960747),
[92mINFO [0m:      	               (16, 0.9021979007053863),
[92mINFO [0m:      	               (17, 0.9063427252006706),
[92mINFO [0m:      	               (18, 0.8417230293397291),
[92mINFO [0m:      	               (19, 0.8422631068595114),
[92mINFO [0m:      	               (20, 0.8392755443573731),
[92mINFO [0m:      	               (21, 0.8256561649046568),
[92mINFO [0m:      	               (22, 0.8176863841975892),
[92mINFO [0m:      	               (23, 0.8195022650831905),
[92mINFO [0m:      	               (24, 0.8326551916691337),
[92mINFO [0m:      	               (25, 0.8326679219798585),
[92mINFO [0m:      	               (26, 0.8271396529976427),
[92mINFO [0m:      	               (27, 0.8272149326523581),
[92mINFO [0m:      	               (28, 0.82724545505135),
[92mINFO [0m:      	               (29, 0.8409753763476551),
[92mINFO [0m:      	               (30, 0.8409397591239517),
[92mINFO [0m:      	               (31, 0.8292802938593362),
[92mINFO [0m:      	               (32, 0.8218029015364902),
[92mINFO [0m:      	               (33, 0.8216798000277996),
[92mINFO [0m:      	               (34, 0.8277858459110589),
[92mINFO [0m:      	               (35, 0.826235287816943),
[92mINFO [0m:      	               (36, 0.8201325404113569),
[92mINFO [0m:      	               (37, 0.8176017813777834),
[92mINFO [0m:      	               (38, 0.8249163809777278),
[92mINFO [0m:      	               (39, 0.8979579972553432),
[92mINFO [0m:      	               (40, 0.8980650413113453),
[92mINFO [0m:      	               (41, 0.8934983691282561),
[92mINFO [0m:      	               (42, 0.8935596553335894),
[92mINFO [0m:      	               (43, 0.8272882236006406),
[92mINFO [0m:      	               (44, 0.8408630320788273),
[92mINFO [0m:      	               (45, 0.9291518243329003),
[92mINFO [0m:      	               (46, 0.9265558675498261),
[92mINFO [0m:      	               (47, 0.9265796576827757),
[92mINFO [0m:      	               (48, 0.926581531555553),
[92mINFO [0m:      	               (49, 0.8408459863039168),
[92mINFO [0m:      	               (50, 0.8412283944618116),
[92mINFO [0m:      	               (51, 0.8278463120443857),
[92mINFO [0m:      	               (52, 0.8278196795588214),
[92mINFO [0m:      	               (53, 0.8276058784591853),
[92mINFO [0m:      	               (54, 0.8310698527779432),
[92mINFO [0m:      	               (55, 0.8307059674639384),
[92mINFO [0m:      	               (56, 0.8170942819795897),
[92mINFO [0m:      	               (57, 0.8170004168526566),
[92mINFO [0m:      	               (58, 0.8756299544231194),
[92mINFO [0m:      	               (59, 0.8831087991632169),
[92mINFO [0m:      	               (60, 0.8831339445999162)],
[92mINFO [0m:      	 'energy': [(1, 92.09889174064244),
[92mINFO [0m:      	            (2, 171.22124747103072),
[92mINFO [0m:      	            (3, 86.84209810511256),
[92mINFO [0m:      	            (4, 118.72100422984255),
[92mINFO [0m:      	            (5, 118.87802668690593),
[92mINFO [0m:      	            (6, 677.4967931082374),
[92mINFO [0m:      	            (7, 86.11438880456876),
[92mINFO [0m:      	            (8, 98.2304079800608),
[92mINFO [0m:      	            (9, 293.34298120568144),
[92mINFO [0m:      	            (10, 118.90103703281883),
[92mINFO [0m:      	            (11, 86.09629933163492),
[92mINFO [0m:      	            (12, 685.0892787691924),
[92mINFO [0m:      	            (13, 395.8120659501527),
[92mINFO [0m:      	            (14, 136.58891342251627),
[92mINFO [0m:      	            (15, 122.57313521533598),
[92mINFO [0m:      	            (16, 86.43947400367014),
[92mINFO [0m:      	            (17, 86.77606620435543),
[92mINFO [0m:      	            (18, 90.89743520376052),
[92mINFO [0m:      	            (19, 119.2658721503379),
[92mINFO [0m:      	            (20, 118.92601737516216),
[92mINFO [0m:      	            (21, 105.78652314186233),
[92mINFO [0m:      	            (22, 86.5659828529133),
[92mINFO [0m:      	            (23, 86.75450829405803),
[92mINFO [0m:      	            (24, 118.93892062532178),
[92mINFO [0m:      	            (25, 118.93968188397089),
[92mINFO [0m:      	            (26, 86.3869080892297),
[92mINFO [0m:      	            (27, 86.68190180552912),
[92mINFO [0m:      	            (28, 86.27827119983232),
[92mINFO [0m:      	            (29, 118.90083820250787),
[92mINFO [0m:      	            (30, 120.88374820420361),
[92mINFO [0m:      	            (31, 104.75980602110835),
[92mINFO [0m:      	            (32, 86.57589063543436),
[92mINFO [0m:      	            (33, 104.13840394100353),
[92mINFO [0m:      	            (34, 119.3692836131346),
[92mINFO [0m:      	            (35, 119.32941773864292),
[92mINFO [0m:      	            (36, 92.6177884921369),
[92mINFO [0m:      	            (37, 86.67563365775804),
[92mINFO [0m:      	            (38, 286.9055994575434),
[92mINFO [0m:      	            (39, 118.71518695752982),
[92mINFO [0m:      	            (40, 118.82186489644259),
[92mINFO [0m:      	            (41, 86.32396654816577),
[92mINFO [0m:      	            (42, 86.5776888248476),
[92mINFO [0m:      	            (43, 86.45550577772617),
[92mINFO [0m:      	            (44, 622.0140440394237),
[92mINFO [0m:      	            (45, 118.61839808399701),
[92mINFO [0m:      	            (46, 86.28173288876386),
[92mINFO [0m:      	            (47, 86.432194274041),
[92mINFO [0m:      	            (48, 86.23955781855643),
[92mINFO [0m:      	            (49, 119.03542459453988),
[92mINFO [0m:      	            (50, 119.4017068044363),
[92mINFO [0m:      	            (51, 86.49579355869744),
[92mINFO [0m:      	            (52, 86.75012214282047),
[92mINFO [0m:      	            (53, 110.76333567481161),
[92mINFO [0m:      	            (54, 119.03749304914973),
[92mINFO [0m:      	            (55, 118.90181188330499),
[92mINFO [0m:      	            (56, 86.97359153071764),
[92mINFO [0m:      	            (57, 218.44338936655026),
[92mINFO [0m:      	            (58, 86.36340917768766),
[92mINFO [0m:      	            (59, 118.79195479491108),
[92mINFO [0m:      	            (60, 119.11420764304555)],
[92mINFO [0m:      	 'est_upload_time': [(1, 8.358891740642449),
[92mINFO [0m:      	                     (2, 87.48124747103073),
[92mINFO [0m:      	                     (3, 3.102098105112555),
[92mINFO [0m:      	                     (4, 2.461004229842556),
[92mINFO [0m:      	                     (5, 2.6180266869059126),
[92mINFO [0m:      	                     (6, 593.7567931082375),
[92mINFO [0m:      	                     (7, 2.374388804568762),
[92mINFO [0m:      	                     (8, 14.490407980060802),
[92mINFO [0m:      	                     (9, 177.08298120568142),
[92mINFO [0m:      	                     (10, 2.641037032818844),
[92mINFO [0m:      	                     (11, 2.356299331634917),
[92mINFO [0m:      	                     (12, 601.3492787691924),
[92mINFO [0m:      	                     (13, 312.0720659501527),
[92mINFO [0m:      	                     (14, 20.328913422516244),
[92mINFO [0m:      	                     (15, 6.3131352153359765),
[92mINFO [0m:      	                     (16, 2.6994740036701503),
[92mINFO [0m:      	                     (17, 3.0360662043554294),
[92mINFO [0m:      	                     (18, 7.157435203760505),
[92mINFO [0m:      	                     (19, 3.0058721503378902),
[92mINFO [0m:      	                     (20, 2.6660173751621725),
[92mINFO [0m:      	                     (21, 22.04652314186233),
[92mINFO [0m:      	                     (22, 2.8259828529133073),
[92mINFO [0m:      	                     (23, 3.014508294058028),
[92mINFO [0m:      	                     (24, 2.6789206253217763),
[92mINFO [0m:      	                     (25, 2.6796818839709062),
[92mINFO [0m:      	                     (26, 2.646908089229702),
[92mINFO [0m:      	                     (27, 2.9419018055291235),
[92mINFO [0m:      	                     (28, 2.5382711998323066),
[92mINFO [0m:      	                     (29, 2.6408382025078803),
[92mINFO [0m:      	                     (30, 4.623748204203598),
[92mINFO [0m:      	                     (31, 21.01980602110835),
[92mINFO [0m:      	                     (32, 2.8358906354343763),
[92mINFO [0m:      	                     (33, 20.398403941003522),
[92mINFO [0m:      	                     (34, 3.109283613134587),
[92mINFO [0m:      	                     (35, 3.06941773864292),
[92mINFO [0m:      	                     (36, 8.877788492136897),
[92mINFO [0m:      	                     (37, 2.9356336577580584),
[92mINFO [0m:      	                     (38, 203.1655994575434),
[92mINFO [0m:      	                     (39, 2.4551869575298104),
[92mINFO [0m:      	                     (40, 2.5618648964425823),
[92mINFO [0m:      	                     (41, 2.583966548165783),
[92mINFO [0m:      	                     (42, 2.8376888248475907),
[92mINFO [0m:      	                     (43, 2.715505777726165),
[92mINFO [0m:      	                     (44, 505.75404403942366),
[92mINFO [0m:      	                     (45, 2.3583980839970033),
[92mINFO [0m:      	                     (46, 2.5417328887638595),
[92mINFO [0m:      	                     (47, 2.692194274040995),
[92mINFO [0m:      	                     (48, 2.4995578185564398),
[92mINFO [0m:      	                     (49, 2.775424594539875),
[92mINFO [0m:      	                     (50, 3.141706804436306),
[92mINFO [0m:      	                     (51, 2.755793558697444),
[92mINFO [0m:      	                     (52, 3.0101221428204625),
[92mINFO [0m:      	                     (53, 27.023335674811612),
[92mINFO [0m:      	                     (54, 2.7774930491497347),
[92mINFO [0m:      	                     (55, 2.641811883304972),
[92mINFO [0m:      	                     (56, 3.233591530717653),
[92mINFO [0m:      	                     (57, 134.70338936655025),
[92mINFO [0m:      	                     (58, 2.623409177687665),
[92mINFO [0m:      	                     (59, 2.53195479491108),
[92mINFO [0m:      	                     (60, 2.8542076430455525)],
[92mINFO [0m:      	 'jain': [(1, 0.49999999999999),
[92mINFO [0m:      	          (2, 0.4999999999999975),
[92mINFO [0m:      	          (3, 0.4999999999999989),
[92mINFO [0m:      	          (4, 0.7999999999999984),
[92mINFO [0m:      	          (5, 0.9999999999999974),
[92mINFO [0m:      	          (6, 0.9999999999999974),
[92mINFO [0m:      	          (7, 0.9999999999999974),
[92mINFO [0m:      	          (8, 0.7999999999999984),
[92mINFO [0m:      	          (9, 0.7999999999999984),
[92mINFO [0m:      	          (10, 0.9999999999999974),
[92mINFO [0m:      	          (11, 0.9999999999999974),
[92mINFO [0m:      	          (12, 0.9999999999999974),
[92mINFO [0m:      	          (13, 0.7999999999999984),
[92mINFO [0m:      	          (14, 0.7999999999999984),
[92mINFO [0m:      	          (15, 0.9999999999999974),
[92mINFO [0m:      	          (16, 0.9999999999999974),
[92mINFO [0m:      	          (17, 0.9999999999999974),
[92mINFO [0m:      	          (18, 0.7999999999999984),
[92mINFO [0m:      	          (19, 0.7999999999999984),
[92mINFO [0m:      	          (20, 0.9999999999999974),
[92mINFO [0m:      	          (21, 0.9999999999999974),
[92mINFO [0m:      	          (22, 0.9999999999999974),
[92mINFO [0m:      	          (23, 0.7999999999999984),
[92mINFO [0m:      	          (24, 0.7999999999999984),
[92mINFO [0m:      	          (25, 0.9999999999999974),
[92mINFO [0m:      	          (26, 0.9999999999999974),
[92mINFO [0m:      	          (27, 0.9999999999999974),
[92mINFO [0m:      	          (28, 0.7999999999999984),
[92mINFO [0m:      	          (29, 0.7999999999999984),
[92mINFO [0m:      	          (30, 0.9999999999999974),
[92mINFO [0m:      	          (31, 0.9999999999999974),
[92mINFO [0m:      	          (32, 0.9999999999999974),
[92mINFO [0m:      	          (33, 0.7999999999999984),
[92mINFO [0m:      	          (34, 0.7999999999999984),
[92mINFO [0m:      	          (35, 0.9999999999999974),
[92mINFO [0m:      	          (36, 0.9999999999999974),
[92mINFO [0m:      	          (37, 0.9999999999999974),
[92mINFO [0m:      	          (38, 0.7999999999999984),
[92mINFO [0m:      	          (39, 0.7999999999999984),
[92mINFO [0m:      	          (40, 0.9999999999999974),
[92mINFO [0m:      	          (41, 0.9999999999999974),
[92mINFO [0m:      	          (42, 0.9999999999999974),
[92mINFO [0m:      	          (43, 0.7999999999999984),
[92mINFO [0m:      	          (44, 0.7999999999999984),
[92mINFO [0m:      	          (45, 0.9999999999999974),
[92mINFO [0m:      	          (46, 0.9999999999999974),
[92mINFO [0m:      	          (47, 0.9999999999999974),
[92mINFO [0m:      	          (48, 0.7999999999999984),
[92mINFO [0m:      	          (49, 0.7999999999999984),
[92mINFO [0m:      	          (50, 0.9999999999999974),
[92mINFO [0m:      	          (51, 0.9999999999999974),
[92mINFO [0m:      	          (52, 0.9999999999999974),
[92mINFO [0m:      	          (53, 0.7999999999999984),
[92mINFO [0m:      	          (54, 0.7999999999999984),
[92mINFO [0m:      	          (55, 0.9999999999999974),
[92mINFO [0m:      	          (56, 0.9999999999999974),
[92mINFO [0m:      	          (57, 0.9999999999999974),
[92mINFO [0m:      	          (58, 0.7999999999999984),
[92mINFO [0m:      	          (59, 0.7999999999999984),
[92mINFO [0m:      	          (60, 0.9999999999999974)],
[92mINFO [0m:      	 'loss': [(1, 1.955958080291748),
[92mINFO [0m:      	          (2, 1.856372320652008),
[92mINFO [0m:      	          (3, 1.7826872050762177),
[92mINFO [0m:      	          (4, 2.415681254863739),
[92mINFO [0m:      	          (5, 4.804145073890686),
[92mINFO [0m:      	          (6, 1.78533473610878),
[92mINFO [0m:      	          (7, 1.620739644765854),
[92mINFO [0m:      	          (8, 1.6431509017944337),
[92mINFO [0m:      	          (9, 1.922396570444107),
[92mINFO [0m:      	          (10, 1.9159643530845643),
[92mINFO [0m:      	          (11, 1.5768782675266266),
[92mINFO [0m:      	          (12, 1.417078286409378),
[92mINFO [0m:      	          (13, 1.3195596098899842),
[92mINFO [0m:      	          (14, 1.52536398768425),
[92mINFO [0m:      	          (15, 2.171111023426056),
[92mINFO [0m:      	          (16, 1.2798942625522614),
[92mINFO [0m:      	          (17, 1.230082768201828),
[92mINFO [0m:      	          (18, 2.1707796335220335),
[92mINFO [0m:      	          (19, 1.6403942346572875),
[92mINFO [0m:      	          (20, 1.618766760826111),
[92mINFO [0m:      	          (21, 1.6784750640392303),
[92mINFO [0m:      	          (22, 1.1322341203689574),
[92mINFO [0m:      	          (23, 1.5592925369739532),
[92mINFO [0m:      	          (24, 1.6336945831775664),
[92mINFO [0m:      	          (25, 1.2548546373844147),
[92mINFO [0m:      	          (26, 1.1461200892925263),
[92mINFO [0m:      	          (27, 1.3519235610961915),
[92mINFO [0m:      	          (28, 1.3954645931720733),
[92mINFO [0m:      	          (29, 1.559501725435257),
[92mINFO [0m:      	          (30, 1.174197405576706),
[92mINFO [0m:      	          (31, 1.0952319622039794),
[92mINFO [0m:      	          (32, 0.9967244327068329),
[92mINFO [0m:      	          (33, 1.6049052834510804),
[92mINFO [0m:      	          (34, 1.3183799803256988),
[92mINFO [0m:      	          (35, 1.1621556043624879),
[92mINFO [0m:      	          (36, 1.2241163074970245),
[92mINFO [0m:      	          (37, 1.2511350631713867),
[92mINFO [0m:      	          (38, 0.9984304934740067),
[92mINFO [0m:      	          (39, 1.1372962653636933),
[92mINFO [0m:      	          (40, 1.3947200715541839),
[92mINFO [0m:      	          (41, 1.9065377712249756),
[92mINFO [0m:      	          (42, 0.7795768558979035),
[92mINFO [0m:      	          (43, 0.8283957004547119),
[92mINFO [0m:      	          (44, 1.444117045402527),
[92mINFO [0m:      	          (45, 1.0473313242197038),
[92mINFO [0m:      	          (46, 1.0919397592544555),
[92mINFO [0m:      	          (47, 0.8718857318162918),
[92mINFO [0m:      	          (48, 1.12146657705307),
[92mINFO [0m:      	          (49, 1.2509789705276488),
[92mINFO [0m:      	          (50, 0.8866760820150376),
[92mINFO [0m:      	          (51, 1.247282725572586),
[92mINFO [0m:      	          (52, 0.9392631709575653),
[92mINFO [0m:      	          (53, 0.8549105763435364),
[92mINFO [0m:      	          (54, 0.9389099895954132),
[92mINFO [0m:      	          (55, 0.8984080582857132),
[92mINFO [0m:      	          (56, 0.8329524040222168),
[92mINFO [0m:      	          (57, 0.7731448918581009),
[92mINFO [0m:      	          (58, 0.7896297365427017),
[92mINFO [0m:      	          (59, 1.209414505958557),
[92mINFO [0m:      	          (60, 0.9894799411296844)],
[92mINFO [0m:      	 'mode': [(1, 'semi_sync'),
[92mINFO [0m:      	          (2, 'semi_sync'),
[92mINFO [0m:      	          (3, 'semi_sync'),
[92mINFO [0m:      	          (4, 'semi_sync'),
[92mINFO [0m:      	          (5, 'semi_sync'),
[92mINFO [0m:      	          (6, 'semi_sync'),
[92mINFO [0m:      	          (7, 'semi_sync'),
[92mINFO [0m:      	          (8, 'semi_sync'),
[92mINFO [0m:      	          (9, 'semi_sync'),
[92mINFO [0m:      	          (10, 'semi_sync'),
[92mINFO [0m:      	          (11, 'semi_sync'),
[92mINFO [0m:      	          (12, 'semi_sync'),
[92mINFO [0m:      	          (13, 'semi_sync'),
[92mINFO [0m:      	          (14, 'semi_sync'),
[92mINFO [0m:      	          (15, 'semi_sync'),
[92mINFO [0m:      	          (16, 'semi_sync'),
[92mINFO [0m:      	          (17, 'semi_sync'),
[92mINFO [0m:      	          (18, 'semi_sync'),
[92mINFO [0m:      	          (19, 'semi_sync'),
[92mINFO [0m:      	          (20, 'semi_sync'),
[92mINFO [0m:      	          (21, 'semi_sync'),
[92mINFO [0m:      	          (22, 'semi_sync'),
[92mINFO [0m:      	          (23, 'semi_sync'),
[92mINFO [0m:      	          (24, 'semi_sync'),
[92mINFO [0m:      	          (25, 'semi_sync'),
[92mINFO [0m:      	          (26, 'semi_sync'),
[92mINFO [0m:      	          (27, 'semi_sync'),
[92mINFO [0m:      	          (28, 'semi_sync'),
[92mINFO [0m:      	          (29, 'semi_sync'),
[92mINFO [0m:      	          (30, 'semi_sync'),
[92mINFO [0m:      	          (31, 'semi_sync'),
[92mINFO [0m:      	          (32, 'semi_sync'),
[92mINFO [0m:      	          (33, 'semi_sync'),
[92mINFO [0m:      	          (34, 'semi_sync'),
[92mINFO [0m:      	          (35, 'semi_sync'),
[92mINFO [0m:      	          (36, 'semi_sync'),
[92mINFO [0m:      	          (37, 'semi_sync'),
[92mINFO [0m:      	          (38, 'semi_sync'),
[92mINFO [0m:      	          (39, 'semi_sync'),
[92mINFO [0m:      	          (40, 'semi_sync'),
[92mINFO [0m:      	          (41, 'semi_sync'),
[92mINFO [0m:      	          (42, 'semi_sync'),
[92mINFO [0m:      	          (43, 'semi_sync'),
[92mINFO [0m:      	          (44, 'semi_sync'),
[92mINFO [0m:      	          (45, 'semi_sync'),
[92mINFO [0m:      	          (46, 'semi_sync'),
[92mINFO [0m:      	          (47, 'semi_sync'),
[92mINFO [0m:      	          (48, 'semi_sync'),
[92mINFO [0m:      	          (49, 'semi_sync'),
[92mINFO [0m:      	          (50, 'semi_sync'),
[92mINFO [0m:      	          (51, 'semi_sync'),
[92mINFO [0m:      	          (52, 'semi_sync'),
[92mINFO [0m:      	          (53, 'semi_sync'),
[92mINFO [0m:      	          (54, 'semi_sync'),
[92mINFO [0m:      	          (55, 'semi_sync'),
[92mINFO [0m:      	          (56, 'semi_sync'),
[92mINFO [0m:      	          (57, 'semi_sync'),
[92mINFO [0m:      	          (58, 'semi_sync'),
[92mINFO [0m:      	          (59, 'semi_sync'),
[92mINFO [0m:      	          (60, 'semi_sync')],
[92mINFO [0m:      	 'num_exhausted_clients': [(1, 0.0),
[92mINFO [0m:      	                           (2, 0.0),
[92mINFO [0m:      	                           (3, 0.0),
[92mINFO [0m:      	                           (4, 0.0),
[92mINFO [0m:      	                           (5, 0.0),
[92mINFO [0m:      	                           (6, 0.0),
[92mINFO [0m:      	                           (7, 0.0),
[92mINFO [0m:      	                           (8, 0.0),
[92mINFO [0m:      	                           (9, 0.0),
[92mINFO [0m:      	                           (10, 0.0),
[92mINFO [0m:      	                           (11, 0.0),
[92mINFO [0m:      	                           (12, 0.0),
[92mINFO [0m:      	                           (13, 0.0),
[92mINFO [0m:      	                           (14, 0.0),
[92mINFO [0m:      	                           (15, 0.0),
[92mINFO [0m:      	                           (16, 0.0),
[92mINFO [0m:      	                           (17, 0.0),
[92mINFO [0m:      	                           (18, 0.0),
[92mINFO [0m:      	                           (19, 0.0),
[92mINFO [0m:      	                           (20, 0.0),
[92mINFO [0m:      	                           (21, 0.0),
[92mINFO [0m:      	                           (22, 0.0),
[92mINFO [0m:      	                           (23, 0.0),
[92mINFO [0m:      	                           (24, 0.0),
[92mINFO [0m:      	                           (25, 0.0),
[92mINFO [0m:      	                           (26, 0.0),
[92mINFO [0m:      	                           (27, 0.0),
[92mINFO [0m:      	                           (28, 0.0),
[92mINFO [0m:      	                           (29, 0.0),
[92mINFO [0m:      	                           (30, 0.0),
[92mINFO [0m:      	                           (31, 0.0),
[92mINFO [0m:      	                           (32, 0.0),
[92mINFO [0m:      	                           (33, 0.0),
[92mINFO [0m:      	                           (34, 0.0),
[92mINFO [0m:      	                           (35, 0.0),
[92mINFO [0m:      	                           (36, 0.0),
[92mINFO [0m:      	                           (37, 0.0),
[92mINFO [0m:      	                           (38, 0.0),
[92mINFO [0m:      	                           (39, 0.0),
[92mINFO [0m:      	                           (40, 0.0),
[92mINFO [0m:      	                           (41, 0.0),
[92mINFO [0m:      	                           (42, 0.0),
[92mINFO [0m:      	                           (43, 0.0),
[92mINFO [0m:      	                           (44, 0.0),
[92mINFO [0m:      	                           (45, 0.0),
[92mINFO [0m:      	                           (46, 0.0),
[92mINFO [0m:      	                           (47, 0.0),
[92mINFO [0m:      	                           (48, 0.0),
[92mINFO [0m:      	                           (49, 0.0),
[92mINFO [0m:      	                           (50, 0.0),
[92mINFO [0m:      	                           (51, 0.0),
[92mINFO [0m:      	                           (52, 0.0),
[92mINFO [0m:      	                           (53, 0.0),
[92mINFO [0m:      	                           (54, 0.0),
[92mINFO [0m:      	                           (55, 0.0),
[92mINFO [0m:      	                           (56, 0.0),
[92mINFO [0m:      	                           (57, 0.0),
[92mINFO [0m:      	                           (58, 0.0),
[92mINFO [0m:      	                           (59, 0.0),
[92mINFO [0m:      	                           (60, 0.0)],
[92mINFO [0m:      	 'topk': [(1, 5.0),
[92mINFO [0m:      	          (2, 5.0),
[92mINFO [0m:      	          (3, 5.0),
[92mINFO [0m:      	          (4, 5.0),
[92mINFO [0m:      	          (5, 5.0),
[92mINFO [0m:      	          (6, 5.0),
[92mINFO [0m:      	          (7, 5.0),
[92mINFO [0m:      	          (8, 5.0),
[92mINFO [0m:      	          (9, 5.0),
[92mINFO [0m:      	          (10, 5.0),
[92mINFO [0m:      	          (11, 5.0),
[92mINFO [0m:      	          (12, 5.0),
[92mINFO [0m:      	          (13, 5.0),
[92mINFO [0m:      	          (14, 5.0),
[92mINFO [0m:      	          (15, 5.0),
[92mINFO [0m:      	          (16, 5.0),
[92mINFO [0m:      	          (17, 5.0),
[92mINFO [0m:      	          (18, 5.0),
[92mINFO [0m:      	          (19, 5.0),
[92mINFO [0m:      	          (20, 5.0),
[92mINFO [0m:      	          (21, 5.0),
[92mINFO [0m:      	          (22, 5.0),
[92mINFO [0m:      	          (23, 5.0),
[92mINFO [0m:      	          (24, 5.0),
[92mINFO [0m:      	          (25, 5.0),
[92mINFO [0m:      	          (26, 5.0),
[92mINFO [0m:      	          (27, 5.0),
[92mINFO [0m:      	          (28, 5.0),
[92mINFO [0m:      	          (29, 5.0),
[92mINFO [0m:      	          (30, 5.0),
[92mINFO [0m:      	          (31, 5.0),
[92mINFO [0m:      	          (32, 5.0),
[92mINFO [0m:      	          (33, 5.0),
[92mINFO [0m:      	          (34, 5.0),
[92mINFO [0m:      	          (35, 5.0),
[92mINFO [0m:      	          (36, 5.0),
[92mINFO [0m:      	          (37, 5.0),
[92mINFO [0m:      	          (38, 5.0),
[92mINFO [0m:      	          (39, 5.0),
[92mINFO [0m:      	          (40, 5.0),
[92mINFO [0m:      	          (41, 5.0),
[92mINFO [0m:      	          (42, 5.0),
[92mINFO [0m:      	          (43, 5.0),
[92mINFO [0m:      	          (44, 5.0),
[92mINFO [0m:      	          (45, 5.0),
[92mINFO [0m:      	          (46, 5.0),
[92mINFO [0m:      	          (47, 5.0),
[92mINFO [0m:      	          (48, 5.0),
[92mINFO [0m:      	          (49, 5.0),
[92mINFO [0m:      	          (50, 5.0),
[92mINFO [0m:      	          (51, 5.0),
[92mINFO [0m:      	          (52, 5.0),
[92mINFO [0m:      	          (53, 5.0),
[92mINFO [0m:      	          (54, 5.0),
[92mINFO [0m:      	          (55, 5.0),
[92mINFO [0m:      	          (56, 5.0),
[92mINFO [0m:      	          (57, 5.0),
[92mINFO [0m:      	          (58, 5.0),
[92mINFO [0m:      	          (59, 5.0),
[92mINFO [0m:      	          (60, 5.0)]}
[92mINFO [0m:      	History (metrics, centralized):
[92mINFO [0m:      	{'accuracy': [(0, 0.1),
[92mINFO [0m:      	              (1, 0.2411),
[92mINFO [0m:      	              (2, 0.284),
[92mINFO [0m:      	              (3, 0.3702),
[92mINFO [0m:      	              (4, 0.3152),
[92mINFO [0m:      	              (5, 0.2126),
[92mINFO [0m:      	              (6, 0.3867),
[92mINFO [0m:      	              (7, 0.3948),
[92mINFO [0m:      	              (8, 0.3947),
[92mINFO [0m:      	              (9, 0.3084),
[92mINFO [0m:      	              (10, 0.3475),
[92mINFO [0m:      	              (11, 0.4243),
[92mINFO [0m:      	              (12, 0.5003),
[92mINFO [0m:      	              (13, 0.5382),
[92mINFO [0m:      	              (14, 0.4919),
[92mINFO [0m:      	              (15, 0.3382),
[92mINFO [0m:      	              (16, 0.5393),
[92mINFO [0m:      	              (17, 0.5494),
[92mINFO [0m:      	              (18, 0.4101),
[92mINFO [0m:      	              (19, 0.4734),
[92mINFO [0m:      	              (20, 0.5318),
[92mINFO [0m:      	              (21, 0.4849),
[92mINFO [0m:      	              (22, 0.587),
[92mINFO [0m:      	              (23, 0.5034),
[92mINFO [0m:      	              (24, 0.4999),
[92mINFO [0m:      	              (25, 0.6175),
[92mINFO [0m:      	              (26, 0.6017),
[92mINFO [0m:      	              (27, 0.5403),
[92mINFO [0m:      	              (28, 0.5393),
[92mINFO [0m:      	              (29, 0.4713),
[92mINFO [0m:      	              (30, 0.6016),
[92mINFO [0m:      	              (31, 0.6264),
[92mINFO [0m:      	              (32, 0.6315),
[92mINFO [0m:      	              (33, 0.4781),
[92mINFO [0m:      	              (34, 0.5622),
[92mINFO [0m:      	              (35, 0.6502),
[92mINFO [0m:      	              (36, 0.598),
[92mINFO [0m:      	              (37, 0.5621),
[92mINFO [0m:      	              (38, 0.6513),
[92mINFO [0m:      	              (39, 0.6005),
[92mINFO [0m:      	              (40, 0.6194),
[92mINFO [0m:      	              (41, 0.5089),
[92mINFO [0m:      	              (42, 0.7226),
[92mINFO [0m:      	              (43, 0.7143),
[92mINFO [0m:      	              (44, 0.5813),
[92mINFO [0m:      	              (45, 0.6448),
[92mINFO [0m:      	              (46, 0.6269),
[92mINFO [0m:      	              (47, 0.6935),
[92mINFO [0m:      	              (48, 0.6337),
[92mINFO [0m:      	              (49, 0.6373),
[92mINFO [0m:      	              (50, 0.725),
[92mINFO [0m:      	              (51, 0.6157),
[92mINFO [0m:      	              (52, 0.6888),
[92mINFO [0m:      	              (53, 0.7087),
[92mINFO [0m:      	              (54, 0.7093),
[92mINFO [0m:      	              (55, 0.6975),
[92mINFO [0m:      	              (56, 0.7137),
[92mINFO [0m:      	              (57, 0.726),
[92mINFO [0m:      	              (58, 0.732),
[92mINFO [0m:      	              (59, 0.6226),
[92mINFO [0m:      	              (60, 0.697)]}
[92mINFO [0m:      
[36m(ClientAppActor pid=439742)[0m [2026-03-06 02:05:47,894 E 439742 440264] core_worker_process.cc:825: Failed to establish connection to the metrics exporter agent. Metrics will not be exported. Exporter agent status: RpcError: Running out of retries to initialize the metrics agent. rpc_code: 14[32m [repeated 4x across cluster][0m
