[93mWARNING [0m:   DEPRECATED FEATURE: flwr.simulation.start_simulation() is deprecated.
	Instead, use the `flwr run` CLI command to start a local simulation in your Flower app, as shown for example below:

		$ flwr new  # Create a new Flower app from a template

		$ flwr run  # Run the Flower app in Simulation Mode

	Using `start_simulation()` is deprecated.

            This is a deprecated feature. It will be removed
            entirely in future versions of Flower.
        
[92mINFO [0m:      Starting Flower simulation, config: num_rounds=60, no round_timeout
2026-03-01 04:50:18,166	INFO worker.py:2012 -- Started a local Ray instance.
D:\Code\2025-11\moga-fl\.venv\lib\site-packages\ray\_private\worker.py:2051: FutureWarning: Tip: In future versions of Ray, Ray will no longer override accelerator visible devices env var if num_gpus=0 or num_gpus=None (default). To enable this behavior and turn off this error message, set RAY_ACCEL_ENV_VAR_OVERRIDE_ON_ZERO=0
  warnings.warn(
[92mINFO [0m:      Flower VCE: Ray initialized with resources: {'object_store_memory': 2392004198.0, 'GPU': 1.0, 'memory': 5581343130.0, 'node:__internal_head__': 1.0, 'node:127.0.0.1': 1.0, 'accelerator_type:G': 1.0, 'CPU': 16.0}
[92mINFO [0m:      Optimize your simulation with Flower VCE: https://flower.ai/docs/framework/how-to-run-simulations.html
[92mINFO [0m:      Flower VCE: Resources for each Virtual Client: {'num_cpus': 2.0, 'num_gpus': 0.25}
[92mINFO [0m:      Flower VCE: Creating VirtualClientEngineActorPool with 4 actors
[92mINFO [0m:      [INIT]
[92mINFO [0m:      Using initial global parameters provided by strategy
[92mINFO [0m:      Starting evaluation of initial global parameters
[92mINFO [0m:      initial parameters (loss, other metrics): 3.569974211197865, {'accuracy': 0.1}
[92mINFO [0m:      
[92mINFO [0m:      [ROUND 1]
[92mINFO [0m:      configure_fit: strategy sampled 5 clients (out of 10)
[92mINFO [0m:      aggregate_fit: received 5 results and 0 failures
[36m(pid=gcs_server)[0m [2026-03-01 04:50:48,678 E 27224 35028] (gcs_server.exe) gcs_server.cc:302: Failed to establish connection to the event+metrics exporter agent. Events and metrics will not be exported. Exporter agent status: RpcError: Running out of retries to initialize the metrics agent. rpc_code: 14
[92mINFO [0m:      fit progress: (1, 13.407820351516143, {'accuracy': 0.1312}, 26.128399799985345)
[92mINFO [0m:      configure_evaluate: no clients selected, skipping evaluation
[92mINFO [0m:      
[92mINFO [0m:      [ROUND 2]
[92mINFO [0m:      configure_fit: strategy sampled 5 clients (out of 10)
[33m(raylet)[0m [2026-03-01 04:50:50,070 E 29324 21340] (raylet.exe) main.cc:975: Failed to establish connection to the metrics exporter agent. Metrics will not be exported. Exporter agent status: RpcError: Running out of retries to initialize the metrics agent. rpc_code: 14
[2026-03-01 04:50:52,348 E 44896 28528] core_worker_process.cc:825: Failed to establish connection to the metrics exporter agent. Metrics will not be exported. Exporter agent status: RpcError: Running out of retries to initialize the metrics agent. rpc_code: 14
[92mINFO [0m:      aggregate_fit: received 5 results and 0 failures
[92mINFO [0m:      fit progress: (2, 13.407820351516143, {'accuracy': 0.1312}, 48.69182009997894)
[92mINFO [0m:      configure_evaluate: no clients selected, skipping evaluation
[92mINFO [0m:      
[92mINFO [0m:      [ROUND 3]
[92mINFO [0m:      configure_fit: strategy sampled 5 clients (out of 10)
[92mINFO [0m:      aggregate_fit: received 5 results and 0 failures
[92mINFO [0m:      fit progress: (3, 5.9614357223993615, {'accuracy': 0.1916}, 68.99379529998987)
[92mINFO [0m:      configure_evaluate: no clients selected, skipping evaluation
[92mINFO [0m:      
[92mINFO [0m:      [ROUND 4]
[92mINFO [0m:      configure_fit: strategy sampled 5 clients (out of 10)
[92mINFO [0m:      aggregate_fit: received 5 results and 0 failures
[92mINFO [0m:      fit progress: (4, 2.681278775009928, {'accuracy': 0.2269}, 91.23100639999029)
[92mINFO [0m:      configure_evaluate: no clients selected, skipping evaluation
[92mINFO [0m:      
[92mINFO [0m:      [ROUND 5]
[92mINFO [0m:      configure_fit: strategy sampled 5 clients (out of 10)
[92mINFO [0m:      aggregate_fit: received 5 results and 0 failures
[92mINFO [0m:      fit progress: (5, 2.681278775009928, {'accuracy': 0.2269}, 113.22356889999355)
[92mINFO [0m:      configure_evaluate: no clients selected, skipping evaluation
[92mINFO [0m:      
[92mINFO [0m:      [ROUND 6]
[92mINFO [0m:      configure_fit: strategy sampled 5 clients (out of 10)
[92mINFO [0m:      aggregate_fit: received 5 results and 0 failures
[92mINFO [0m:      fit progress: (6, 2.875323033031029, {'accuracy': 0.2517}, 137.424271099997)
[92mINFO [0m:      configure_evaluate: no clients selected, skipping evaluation
[92mINFO [0m:      
[92mINFO [0m:      [ROUND 7]
[92mINFO [0m:      configure_fit: strategy sampled 5 clients (out of 10)
[92mINFO [0m:      aggregate_fit: received 5 results and 0 failures
[92mINFO [0m:      fit progress: (7, 2.875323033031029, {'accuracy': 0.2517}, 164.13589949999005)
[92mINFO [0m:      configure_evaluate: no clients selected, skipping evaluation
[92mINFO [0m:      
[92mINFO [0m:      [ROUND 8]
[92mINFO [0m:      configure_fit: strategy sampled 5 clients (out of 10)
[92mINFO [0m:      aggregate_fit: received 5 results and 0 failures
[92mINFO [0m:      fit progress: (8, 1.9891756757905212, {'accuracy': 0.3096}, 186.88740710000275)
[92mINFO [0m:      configure_evaluate: no clients selected, skipping evaluation
[92mINFO [0m:      
[92mINFO [0m:      [ROUND 9]
[92mINFO [0m:      configure_fit: strategy sampled 5 clients (out of 10)
[92mINFO [0m:      aggregate_fit: received 5 results and 0 failures
[92mINFO [0m:      fit progress: (9, 1.9891756757905212, {'accuracy': 0.3096}, 207.24042539999937)
[92mINFO [0m:      configure_evaluate: no clients selected, skipping evaluation
[92mINFO [0m:      
[92mINFO [0m:      [ROUND 10]
[92mINFO [0m:      configure_fit: strategy sampled 5 clients (out of 10)
[92mINFO [0m:      aggregate_fit: received 5 results and 0 failures
[92mINFO [0m:      fit progress: (10, 1.8569413212281238, {'accuracy': 0.3478}, 227.98050999999396)
[92mINFO [0m:      configure_evaluate: no clients selected, skipping evaluation
[92mINFO [0m:      
[92mINFO [0m:      [ROUND 11]
[92mINFO [0m:      configure_fit: strategy sampled 5 clients (out of 10)
[92mINFO [0m:      aggregate_fit: received 5 results and 0 failures
[92mINFO [0m:      fit progress: (11, 1.8569413212281238, {'accuracy': 0.3478}, 250.32383419998223)
[92mINFO [0m:      configure_evaluate: no clients selected, skipping evaluation
[92mINFO [0m:      
[92mINFO [0m:      [ROUND 12]
[92mINFO [0m:      configure_fit: strategy sampled 5 clients (out of 10)
[92mINFO [0m:      aggregate_fit: received 5 results and 0 failures
[92mINFO [0m:      fit progress: (12, 2.293982795522183, {'accuracy': 0.3284}, 275.11883229998057)
[92mINFO [0m:      configure_evaluate: no clients selected, skipping evaluation
[92mINFO [0m:      
[92mINFO [0m:      [ROUND 13]
[92mINFO [0m:      configure_fit: strategy sampled 5 clients (out of 10)
[92mINFO [0m:      aggregate_fit: received 5 results and 0 failures
[92mINFO [0m:      fit progress: (13, 2.293982795522183, {'accuracy': 0.3284}, 297.27398849997553)
[92mINFO [0m:      configure_evaluate: no clients selected, skipping evaluation
[92mINFO [0m:      
[92mINFO [0m:      [ROUND 14]
[92mINFO [0m:      configure_fit: strategy sampled 5 clients (out of 10)
[92mINFO [0m:      aggregate_fit: received 5 results and 0 failures
[92mINFO [0m:      fit progress: (14, 1.8084934859336177, {'accuracy': 0.3734}, 319.78775429999223)
[92mINFO [0m:      configure_evaluate: no clients selected, skipping evaluation
[92mINFO [0m:      
[92mINFO [0m:      [ROUND 15]
[92mINFO [0m:      configure_fit: strategy sampled 5 clients (out of 10)
[92mINFO [0m:      aggregate_fit: received 5 results and 0 failures
[92mINFO [0m:      fit progress: (15, 1.8084934859336177, {'accuracy': 0.3734}, 342.4606122999976)
[92mINFO [0m:      configure_evaluate: no clients selected, skipping evaluation
[92mINFO [0m:      
[92mINFO [0m:      [ROUND 16]
[92mINFO [0m:      configure_fit: strategy sampled 5 clients (out of 10)
[92mINFO [0m:      aggregate_fit: received 5 results and 0 failures
[92mINFO [0m:      fit progress: (16, 1.450378019598466, {'accuracy': 0.4562}, 365.43726730000344)
[92mINFO [0m:      configure_evaluate: no clients selected, skipping evaluation
[92mINFO [0m:      
[92mINFO [0m:      [ROUND 17]
[92mINFO [0m:      configure_fit: strategy sampled 5 clients (out of 10)
[92mINFO [0m:      aggregate_fit: received 5 results and 0 failures
[92mINFO [0m:      fit progress: (17, 1.450378019598466, {'accuracy': 0.4562}, 386.623059799982)
[92mINFO [0m:      configure_evaluate: no clients selected, skipping evaluation
[92mINFO [0m:      
[92mINFO [0m:      [ROUND 18]
[92mINFO [0m:      configure_fit: strategy sampled 5 clients (out of 10)
[92mINFO [0m:      aggregate_fit: received 5 results and 0 failures
[92mINFO [0m:      fit progress: (18, 1.6282746278786961, {'accuracy': 0.3952}, 408.6558049999876)
[92mINFO [0m:      configure_evaluate: no clients selected, skipping evaluation
[92mINFO [0m:      
[92mINFO [0m:      [ROUND 19]
[92mINFO [0m:      configure_fit: strategy sampled 5 clients (out of 10)
[92mINFO [0m:      aggregate_fit: received 5 results and 0 failures
[92mINFO [0m:      fit progress: (19, 1.6282746278786961, {'accuracy': 0.3952}, 435.54475929998443)
[92mINFO [0m:      configure_evaluate: no clients selected, skipping evaluation
[92mINFO [0m:      
[92mINFO [0m:      [ROUND 20]
[92mINFO [0m:      configure_fit: strategy sampled 5 clients (out of 10)
[92mINFO [0m:      aggregate_fit: received 5 results and 0 failures
[92mINFO [0m:      fit progress: (20, 1.8627226111255115, {'accuracy': 0.435}, 462.45165499998257)
[92mINFO [0m:      configure_evaluate: no clients selected, skipping evaluation
[92mINFO [0m:      
[92mINFO [0m:      [ROUND 21]
[92mINFO [0m:      configure_fit: strategy sampled 5 clients (out of 10)
[92mINFO [0m:      aggregate_fit: received 5 results and 0 failures
[92mINFO [0m:      fit progress: (21, 1.8627226111255115, {'accuracy': 0.435}, 482.77282939999714)
[92mINFO [0m:      configure_evaluate: no clients selected, skipping evaluation
[92mINFO [0m:      
[92mINFO [0m:      [ROUND 22]
[92mINFO [0m:      configure_fit: strategy sampled 5 clients (out of 10)
[92mINFO [0m:      aggregate_fit: received 5 results and 0 failures
[92mINFO [0m:      fit progress: (22, 1.40437520908404, {'accuracy': 0.4724}, 503.5576552999846)
[92mINFO [0m:      configure_evaluate: no clients selected, skipping evaluation
[92mINFO [0m:      
[92mINFO [0m:      [ROUND 23]
[92mINFO [0m:      configure_fit: strategy sampled 5 clients (out of 10)
[92mINFO [0m:      aggregate_fit: received 5 results and 0 failures
[92mINFO [0m:      fit progress: (23, 1.40437520908404, {'accuracy': 0.4724}, 523.8575891999935)
[92mINFO [0m:      configure_evaluate: no clients selected, skipping evaluation
[92mINFO [0m:      
[92mINFO [0m:      [ROUND 24]
[92mINFO [0m:      configure_fit: strategy sampled 5 clients (out of 10)
[92mINFO [0m:      aggregate_fit: received 5 results and 0 failures
[92mINFO [0m:      fit progress: (24, 1.578754550294031, {'accuracy': 0.4495}, 544.3052961999783)
[92mINFO [0m:      configure_evaluate: no clients selected, skipping evaluation
[92mINFO [0m:      
[92mINFO [0m:      [ROUND 25]
[92mINFO [0m:      configure_fit: strategy sampled 5 clients (out of 10)
[92mINFO [0m:      aggregate_fit: received 5 results and 0 failures
[92mINFO [0m:      fit progress: (25, 1.5398707933063749, {'accuracy': 0.4278}, 564.6839216999942)
[92mINFO [0m:      configure_evaluate: no clients selected, skipping evaluation
[92mINFO [0m:      
[92mINFO [0m:      [ROUND 26]
[92mINFO [0m:      configure_fit: strategy sampled 5 clients (out of 10)
[92mINFO [0m:      aggregate_fit: received 5 results and 0 failures
[92mINFO [0m:      fit progress: (26, 1.2991140009481696, {'accuracy': 0.537}, 585.1842975000036)
[92mINFO [0m:      configure_evaluate: no clients selected, skipping evaluation
[92mINFO [0m:      
[92mINFO [0m:      [ROUND 27]
[92mINFO [0m:      configure_fit: strategy sampled 5 clients (out of 10)
[92mINFO [0m:      aggregate_fit: received 5 results and 0 failures
[92mINFO [0m:      fit progress: (27, 1.6883380775210224, {'accuracy': 0.4509}, 605.5113272999879)
[92mINFO [0m:      configure_evaluate: no clients selected, skipping evaluation
[92mINFO [0m:      
[92mINFO [0m:      [ROUND 28]
[92mINFO [0m:      configure_fit: strategy sampled 5 clients (out of 10)
[92mINFO [0m:      aggregate_fit: received 5 results and 0 failures
[92mINFO [0m:      fit progress: (28, 1.349309577217585, {'accuracy': 0.5106}, 625.9887308999896)
[92mINFO [0m:      configure_evaluate: no clients selected, skipping evaluation
[92mINFO [0m:      
[92mINFO [0m:      [ROUND 29]
[92mINFO [0m:      configure_fit: strategy sampled 5 clients (out of 10)
[92mINFO [0m:      aggregate_fit: received 5 results and 0 failures
[92mINFO [0m:      fit progress: (29, 1.2913389417189587, {'accuracy': 0.518}, 646.785129099997)
[92mINFO [0m:      configure_evaluate: no clients selected, skipping evaluation
[92mINFO [0m:      
[92mINFO [0m:      [ROUND 30]
[92mINFO [0m:      configure_fit: strategy sampled 5 clients (out of 10)
[92mINFO [0m:      aggregate_fit: received 5 results and 0 failures
[92mINFO [0m:      fit progress: (30, 1.3819714875160893, {'accuracy': 0.5018}, 668.2525263999996)
[92mINFO [0m:      configure_evaluate: no clients selected, skipping evaluation
[92mINFO [0m:      
[92mINFO [0m:      [ROUND 31]
[92mINFO [0m:      configure_fit: strategy sampled 5 clients (out of 10)
[92mINFO [0m:      aggregate_fit: received 5 results and 0 failures
[92mINFO [0m:      fit progress: (31, 1.3282941760896128, {'accuracy': 0.5277}, 688.5860905000009)
[92mINFO [0m:      configure_evaluate: no clients selected, skipping evaluation
[92mINFO [0m:      
[92mINFO [0m:      [ROUND 32]
[92mINFO [0m:      configure_fit: strategy sampled 5 clients (out of 10)
[92mINFO [0m:      aggregate_fit: received 5 results and 0 failures
[92mINFO [0m:      fit progress: (32, 1.3284481431864485, {'accuracy': 0.5451}, 709.1387074999802)
[92mINFO [0m:      configure_evaluate: no clients selected, skipping evaluation
[92mINFO [0m:      
[92mINFO [0m:      [ROUND 33]
[92mINFO [0m:      configure_fit: strategy sampled 5 clients (out of 10)
[92mINFO [0m:      aggregate_fit: received 5 results and 0 failures
[92mINFO [0m:      fit progress: (33, 1.2904492028151886, {'accuracy': 0.5238}, 729.5126662999974)
[92mINFO [0m:      configure_evaluate: no clients selected, skipping evaluation
[92mINFO [0m:      
[92mINFO [0m:      [ROUND 34]
[92mINFO [0m:      configure_fit: strategy sampled 5 clients (out of 10)
[92mINFO [0m:      aggregate_fit: received 5 results and 0 failures
[92mINFO [0m:      fit progress: (34, 1.3346787313871746, {'accuracy': 0.5481}, 749.9024589999754)
[92mINFO [0m:      configure_evaluate: no clients selected, skipping evaluation
[92mINFO [0m:      
[92mINFO [0m:      [ROUND 35]
[92mINFO [0m:      configure_fit: strategy sampled 5 clients (out of 10)
[92mINFO [0m:      aggregate_fit: received 5 results and 0 failures
[92mINFO [0m:      fit progress: (35, 1.102303510979761, {'accuracy': 0.5961}, 770.2655186999764)
[92mINFO [0m:      configure_evaluate: no clients selected, skipping evaluation
[92mINFO [0m:      
[92mINFO [0m:      [ROUND 36]
[92mINFO [0m:      configure_fit: strategy sampled 5 clients (out of 10)
[92mINFO [0m:      aggregate_fit: received 5 results and 0 failures
[92mINFO [0m:      fit progress: (36, 1.351134660877759, {'accuracy': 0.5119}, 790.6344953999796)
[92mINFO [0m:      configure_evaluate: no clients selected, skipping evaluation
[92mINFO [0m:      
[92mINFO [0m:      [ROUND 37]
[92mINFO [0m:      configure_fit: strategy sampled 5 clients (out of 10)
[92mINFO [0m:      aggregate_fit: received 5 results and 0 failures
[92mINFO [0m:      fit progress: (37, 1.3597341383559793, {'accuracy': 0.5584}, 811.0345548999903)
[92mINFO [0m:      configure_evaluate: no clients selected, skipping evaluation
[92mINFO [0m:      
[92mINFO [0m:      [ROUND 38]
[92mINFO [0m:      configure_fit: strategy sampled 5 clients (out of 10)
[92mINFO [0m:      aggregate_fit: received 5 results and 0 failures
[92mINFO [0m:      fit progress: (38, 1.342643734775012, {'accuracy': 0.5528}, 833.3776238999853)
[92mINFO [0m:      configure_evaluate: no clients selected, skipping evaluation
[92mINFO [0m:      
[92mINFO [0m:      [ROUND 39]
[92mINFO [0m:      configure_fit: strategy sampled 5 clients (out of 10)
[92mINFO [0m:      aggregate_fit: received 5 results and 0 failures
[92mINFO [0m:      fit progress: (39, 1.2419080221200292, {'accuracy': 0.5859}, 853.611041999975)
[92mINFO [0m:      configure_evaluate: no clients selected, skipping evaluation
[92mINFO [0m:      
[92mINFO [0m:      [ROUND 40]
[92mINFO [0m:      configure_fit: strategy sampled 5 clients (out of 10)
[92mINFO [0m:      aggregate_fit: received 5 results and 0 failures
[92mINFO [0m:      fit progress: (40, 1.262361942967282, {'accuracy': 0.5752}, 874.4387390999764)
[92mINFO [0m:      configure_evaluate: no clients selected, skipping evaluation
[92mINFO [0m:      
[92mINFO [0m:      [ROUND 41]
[92mINFO [0m:      configure_fit: strategy sampled 5 clients (out of 10)
[92mINFO [0m:      aggregate_fit: received 5 results and 0 failures
[92mINFO [0m:      fit progress: (41, 1.1404837981055054, {'accuracy': 0.5931}, 896.5131244999939)
[92mINFO [0m:      configure_evaluate: no clients selected, skipping evaluation
[92mINFO [0m:      
[92mINFO [0m:      [ROUND 42]
[92mINFO [0m:      configure_fit: strategy sampled 5 clients (out of 10)
[92mINFO [0m:      aggregate_fit: received 5 results and 0 failures
[92mINFO [0m:      fit progress: (42, 1.6837922063054918, {'accuracy': 0.5017}, 923.6801957999996)
[92mINFO [0m:      configure_evaluate: no clients selected, skipping evaluation
[92mINFO [0m:      
[92mINFO [0m:      [ROUND 43]
[92mINFO [0m:      configure_fit: strategy sampled 5 clients (out of 10)
[92mINFO [0m:      aggregate_fit: received 5 results and 0 failures
[92mINFO [0m:      fit progress: (43, 2.931284807905366, {'accuracy': 0.3995}, 944.0645951999759)
[92mINFO [0m:      configure_evaluate: no clients selected, skipping evaluation
[92mINFO [0m:      
[92mINFO [0m:      [ROUND 44]
[92mINFO [0m:      configure_fit: strategy sampled 5 clients (out of 10)
[92mINFO [0m:      aggregate_fit: received 5 results and 0 failures
[92mINFO [0m:      fit progress: (44, 2.931284807905366, {'accuracy': 0.3995}, 966.6373115000024)
[92mINFO [0m:      configure_evaluate: no clients selected, skipping evaluation
[92mINFO [0m:      
[92mINFO [0m:      [ROUND 45]
[92mINFO [0m:      configure_fit: strategy sampled 5 clients (out of 10)
[92mINFO [0m:      aggregate_fit: received 5 results and 0 failures
[92mINFO [0m:      fit progress: (45, 1.8717411590527884, {'accuracy': 0.4264}, 996.8916519999912)
[92mINFO [0m:      configure_evaluate: no clients selected, skipping evaluation
[92mINFO [0m:      
[92mINFO [0m:      [ROUND 46]
[92mINFO [0m:      configure_fit: strategy sampled 5 clients (out of 10)
[92mINFO [0m:      aggregate_fit: received 5 results and 0 failures
[92mINFO [0m:      fit progress: (46, 1.5111295165894907, {'accuracy': 0.5744}, 1020.9669384000008)
[92mINFO [0m:      configure_evaluate: no clients selected, skipping evaluation
[92mINFO [0m:      
[92mINFO [0m:      [ROUND 47]
[92mINFO [0m:      configure_fit: strategy sampled 5 clients (out of 10)
[92mINFO [0m:      aggregate_fit: received 5 results and 0 failures
[92mINFO [0m:      fit progress: (47, 1.5111295165894907, {'accuracy': 0.5744}, 1043.5915841999813)
[92mINFO [0m:      configure_evaluate: no clients selected, skipping evaluation
[92mINFO [0m:      
[92mINFO [0m:      [ROUND 48]
[92mINFO [0m:      configure_fit: strategy sampled 5 clients (out of 10)
[92mINFO [0m:      aggregate_fit: received 5 results and 0 failures
[92mINFO [0m:      fit progress: (48, 1.103143771992454, {'accuracy': 0.6168}, 1068.8799020999868)
[92mINFO [0m:      configure_evaluate: no clients selected, skipping evaluation
[92mINFO [0m:      
[92mINFO [0m:      [ROUND 49]
[92mINFO [0m:      configure_fit: strategy sampled 5 clients (out of 10)
[92mINFO [0m:      aggregate_fit: received 5 results and 0 failures
[92mINFO [0m:      fit progress: (49, 1.103143771992454, {'accuracy': 0.6168}, 1090.928293199977)
[92mINFO [0m:      configure_evaluate: no clients selected, skipping evaluation
[92mINFO [0m:      
[92mINFO [0m:      [ROUND 50]
[92mINFO [0m:      configure_fit: strategy sampled 5 clients (out of 10)
[92mINFO [0m:      aggregate_fit: received 5 results and 0 failures
[92mINFO [0m:      fit progress: (50, 1.1965201866777637, {'accuracy': 0.6028}, 1113.6690204999759)
[92mINFO [0m:      configure_evaluate: no clients selected, skipping evaluation
[92mINFO [0m:      
[92mINFO [0m:      [ROUND 51]
[92mINFO [0m:      configure_fit: strategy sampled 5 clients (out of 10)
[92mINFO [0m:      aggregate_fit: received 5 results and 0 failures
[92mINFO [0m:      fit progress: (51, 1.1965201866777637, {'accuracy': 0.6028}, 1136.000686399988)
[92mINFO [0m:      configure_evaluate: no clients selected, skipping evaluation
[92mINFO [0m:      
[92mINFO [0m:      [ROUND 52]
[92mINFO [0m:      configure_fit: strategy sampled 5 clients (out of 10)
[92mINFO [0m:      aggregate_fit: received 5 results and 0 failures
[92mINFO [0m:      fit progress: (52, 1.0134970945648, {'accuracy': 0.65}, 1158.415245399985)
[92mINFO [0m:      configure_evaluate: no clients selected, skipping evaluation
[92mINFO [0m:      
[92mINFO [0m:      [ROUND 53]
[92mINFO [0m:      configure_fit: strategy sampled 5 clients (out of 10)
[92mINFO [0m:      aggregate_fit: received 5 results and 0 failures
[92mINFO [0m:      fit progress: (53, 1.0134970945648, {'accuracy': 0.65}, 1182.5729441999865)
[92mINFO [0m:      configure_evaluate: no clients selected, skipping evaluation
[92mINFO [0m:      
[92mINFO [0m:      [ROUND 54]
[92mINFO [0m:      configure_fit: strategy sampled 5 clients (out of 10)
[92mINFO [0m:      aggregate_fit: received 5 results and 0 failures
[92mINFO [0m:      fit progress: (54, 0.9142346548128731, {'accuracy': 0.6677}, 1202.9435108999896)
[92mINFO [0m:      configure_evaluate: no clients selected, skipping evaluation
[92mINFO [0m:      
[92mINFO [0m:      [ROUND 55]
[92mINFO [0m:      configure_fit: strategy sampled 5 clients (out of 10)
[92mINFO [0m:      aggregate_fit: received 5 results and 0 failures
[92mINFO [0m:      fit progress: (55, 0.9142346548128731, {'accuracy': 0.6677}, 1225.5236494999845)
[92mINFO [0m:      configure_evaluate: no clients selected, skipping evaluation
[92mINFO [0m:      
[92mINFO [0m:      [ROUND 56]
[92mINFO [0m:      configure_fit: strategy sampled 5 clients (out of 10)
[92mINFO [0m:      aggregate_fit: received 5 results and 0 failures
[92mINFO [0m:      fit progress: (56, 1.0869791922689993, {'accuracy': 0.6178}, 1246.428319699975)
[92mINFO [0m:      configure_evaluate: no clients selected, skipping evaluation
[92mINFO [0m:      
[92mINFO [0m:      [ROUND 57]
[92mINFO [0m:      configure_fit: strategy sampled 5 clients (out of 10)
[92mINFO [0m:      aggregate_fit: received 5 results and 0 failures
[92mINFO [0m:      fit progress: (57, 1.0869791922689993, {'accuracy': 0.6178}, 1268.9497665999806)
[92mINFO [0m:      configure_evaluate: no clients selected, skipping evaluation
[92mINFO [0m:      
[92mINFO [0m:      [ROUND 58]
[92mINFO [0m:      configure_fit: strategy sampled 5 clients (out of 10)
[92mINFO [0m:      aggregate_fit: received 5 results and 0 failures
[92mINFO [0m:      fit progress: (58, 1.131817123557948, {'accuracy': 0.6253}, 1291.4222567999968)
[92mINFO [0m:      configure_evaluate: no clients selected, skipping evaluation
[92mINFO [0m:      
[92mINFO [0m:      [ROUND 59]
[92mINFO [0m:      configure_fit: strategy sampled 5 clients (out of 10)
[92mINFO [0m:      aggregate_fit: received 5 results and 0 failures
[92mINFO [0m:      fit progress: (59, 1.131817123557948, {'accuracy': 0.6253}, 1313.6099363999965)
[92mINFO [0m:      configure_evaluate: no clients selected, skipping evaluation
[92mINFO [0m:      
[92mINFO [0m:      [ROUND 60]
[92mINFO [0m:      configure_fit: strategy sampled 5 clients (out of 10)
[92mINFO [0m:      aggregate_fit: received 5 results and 0 failures
[92mINFO [0m:      fit progress: (60, 0.9623369476463222, {'accuracy': 0.6536}, 1333.9443766999757)
[92mINFO [0m:      configure_evaluate: no clients selected, skipping evaluation
[92mINFO [0m:      
[92mINFO [0m:      [SUMMARY]
[92mINFO [0m:      Run finished 60 round(s) in 1333.94s
[92mINFO [0m:      	History (loss, centralized):
[92mINFO [0m:      		round 0: 3.569974211197865
[92mINFO [0m:      		round 1: 13.407820351516143
[92mINFO [0m:      		round 2: 13.407820351516143
[92mINFO [0m:      		round 3: 5.9614357223993615
[92mINFO [0m:      		round 4: 2.681278775009928
[92mINFO [0m:      		round 5: 2.681278775009928
[92mINFO [0m:      		round 6: 2.875323033031029
[92mINFO [0m:      		round 7: 2.875323033031029
[92mINFO [0m:      		round 8: 1.9891756757905212
[92mINFO [0m:      		round 9: 1.9891756757905212
[92mINFO [0m:      		round 10: 1.8569413212281238
[92mINFO [0m:      		round 11: 1.8569413212281238
[92mINFO [0m:      		round 12: 2.293982795522183
[92mINFO [0m:      		round 13: 2.293982795522183
[92mINFO [0m:      		round 14: 1.8084934859336177
[92mINFO [0m:      		round 15: 1.8084934859336177
[92mINFO [0m:      		round 16: 1.450378019598466
[92mINFO [0m:      		round 17: 1.450378019598466
[92mINFO [0m:      		round 18: 1.6282746278786961
[92mINFO [0m:      		round 19: 1.6282746278786961
[92mINFO [0m:      		round 20: 1.8627226111255115
[92mINFO [0m:      		round 21: 1.8627226111255115
[92mINFO [0m:      		round 22: 1.40437520908404
[92mINFO [0m:      		round 23: 1.40437520908404
[92mINFO [0m:      		round 24: 1.578754550294031
[92mINFO [0m:      		round 25: 1.5398707933063749
[92mINFO [0m:      		round 26: 1.2991140009481696
[92mINFO [0m:      		round 27: 1.6883380775210224
[92mINFO [0m:      		round 28: 1.349309577217585
[92mINFO [0m:      		round 29: 1.2913389417189587
[92mINFO [0m:      		round 30: 1.3819714875160893
[92mINFO [0m:      		round 31: 1.3282941760896128
[92mINFO [0m:      		round 32: 1.3284481431864485
[92mINFO [0m:      		round 33: 1.2904492028151886
[92mINFO [0m:      		round 34: 1.3346787313871746
[92mINFO [0m:      		round 35: 1.102303510979761
[92mINFO [0m:      		round 36: 1.351134660877759
[92mINFO [0m:      		round 37: 1.3597341383559793
[92mINFO [0m:      		round 38: 1.342643734775012
[92mINFO [0m:      		round 39: 1.2419080221200292
[92mINFO [0m:      		round 40: 1.262361942967282
[92mINFO [0m:      		round 41: 1.1404837981055054
[92mINFO [0m:      		round 42: 1.6837922063054918
[92mINFO [0m:      		round 43: 2.931284807905366
[92mINFO [0m:      		round 44: 2.931284807905366
[92mINFO [0m:      		round 45: 1.8717411590527884
[92mINFO [0m:      		round 46: 1.5111295165894907
[92mINFO [0m:      		round 47: 1.5111295165894907
[92mINFO [0m:      		round 48: 1.103143771992454
[92mINFO [0m:      		round 49: 1.103143771992454
[92mINFO [0m:      		round 50: 1.1965201866777637
[92mINFO [0m:      		round 51: 1.1965201866777637
[92mINFO [0m:      		round 52: 1.0134970945648
[92mINFO [0m:      		round 53: 1.0134970945648
[92mINFO [0m:      		round 54: 0.9142346548128731
[92mINFO [0m:      		round 55: 0.9142346548128731
[92mINFO [0m:      		round 56: 1.0869791922689993
[92mINFO [0m:      		round 57: 1.0869791922689993
[92mINFO [0m:      		round 58: 1.131817123557948
[92mINFO [0m:      		round 59: 1.131817123557948
[92mINFO [0m:      		round 60: 0.9623369476463222
[92mINFO [0m:      	History (metrics, distributed, fit):
[92mINFO [0m:      	{'accuracy': [(1, 0.1312),
[92mINFO [0m:      	              (2, 0.1312),
[92mINFO [0m:      	              (3, 0.1916),
[92mINFO [0m:      	              (4, 0.2269),
[92mINFO [0m:      	              (5, 0.2269),
[92mINFO [0m:      	              (6, 0.2517),
[92mINFO [0m:      	              (7, 0.2517),
[92mINFO [0m:      	              (8, 0.3096),
[92mINFO [0m:      	              (9, 0.3096),
[92mINFO [0m:      	              (10, 0.3478),
[92mINFO [0m:      	              (11, 0.3478),
[92mINFO [0m:      	              (12, 0.3284),
[92mINFO [0m:      	              (13, 0.3284),
[92mINFO [0m:      	              (14, 0.3734),
[92mINFO [0m:      	              (15, 0.3734),
[92mINFO [0m:      	              (16, 0.4562),
[92mINFO [0m:      	              (17, 0.4562),
[92mINFO [0m:      	              (18, 0.3952),
[92mINFO [0m:      	              (19, 0.3952),
[92mINFO [0m:      	              (20, 0.435),
[92mINFO [0m:      	              (21, 0.435),
[92mINFO [0m:      	              (22, 0.4724),
[92mINFO [0m:      	              (23, 0.4724),
[92mINFO [0m:      	              (24, 0.4495),
[92mINFO [0m:      	              (25, 0.4278),
[92mINFO [0m:      	              (26, 0.537),
[92mINFO [0m:      	              (27, 0.4509),
[92mINFO [0m:      	              (28, 0.5106),
[92mINFO [0m:      	              (29, 0.518),
[92mINFO [0m:      	              (30, 0.5018),
[92mINFO [0m:      	              (31, 0.5277),
[92mINFO [0m:      	              (32, 0.5451),
[92mINFO [0m:      	              (33, 0.5238),
[92mINFO [0m:      	              (34, 0.5481),
[92mINFO [0m:      	              (35, 0.5961),
[92mINFO [0m:      	              (36, 0.5119),
[92mINFO [0m:      	              (37, 0.5584),
[92mINFO [0m:      	              (38, 0.5528),
[92mINFO [0m:      	              (39, 0.5859),
[92mINFO [0m:      	              (40, 0.5752),
[92mINFO [0m:      	              (41, 0.5931),
[92mINFO [0m:      	              (42, 0.5017),
[92mINFO [0m:      	              (43, 0.3995),
[92mINFO [0m:      	              (44, 0.3995),
[92mINFO [0m:      	              (45, 0.4264),
[92mINFO [0m:      	              (46, 0.5744),
[92mINFO [0m:      	              (47, 0.5744),
[92mINFO [0m:      	              (48, 0.6168),
[92mINFO [0m:      	              (49, 0.6168),
[92mINFO [0m:      	              (50, 0.6028),
[92mINFO [0m:      	              (51, 0.6028),
[92mINFO [0m:      	              (52, 0.65),
[92mINFO [0m:      	              (53, 0.65),
[92mINFO [0m:      	              (54, 0.6677),
[92mINFO [0m:      	              (55, 0.6677),
[92mINFO [0m:      	              (56, 0.6178),
[92mINFO [0m:      	              (57, 0.6178),
[92mINFO [0m:      	              (58, 0.6253),
[92mINFO [0m:      	              (59, 0.6253),
[92mINFO [0m:      	              (60, 0.6536)],
[92mINFO [0m:      	 'avg_per': [(1, 0.8125196328244935),
[92mINFO [0m:      	             (2, 0.6998870600267523),
[92mINFO [0m:      	             (3, 0.7384420916756879),
[92mINFO [0m:      	             (4, 0.6307477136532755),
[92mINFO [0m:      	             (5, 0.6858692666859787),
[92mINFO [0m:      	             (6, 0.704088665815793),
[92mINFO [0m:      	             (7, 0.7300085376657626),
[92mINFO [0m:      	             (8, 0.6741669422511863),
[92mINFO [0m:      	             (9, 0.7062414611387284),
[92mINFO [0m:      	             (10, 0.7235289591151892),
[92mINFO [0m:      	             (11, 0.7292437013859845),
[92mINFO [0m:      	             (12, 0.6700403327715015),
[92mINFO [0m:      	             (13, 0.7082231168384252),
[92mINFO [0m:      	             (14, 0.670776572554008),
[92mINFO [0m:      	             (15, 0.6261307754036054),
[92mINFO [0m:      	             (16, 0.7337301087545084),
[92mINFO [0m:      	             (17, 0.6989956690039552),
[92mINFO [0m:      	             (18, 0.6426919892858061),
[92mINFO [0m:      	             (19, 0.6498832764732254),
[92mINFO [0m:      	             (20, 0.6624988714527129),
[92mINFO [0m:      	             (21, 0.12161858121089501),
[92mINFO [0m:      	             (22, 0.10406358834115728),
[92mINFO [0m:      	             (23, 0.07672192793404974),
[92mINFO [0m:      	             (24, 0.11688077306473839),
[92mINFO [0m:      	             (25, 0.10301855153782488),
[92mINFO [0m:      	             (26, 0.10150805286593409),
[92mINFO [0m:      	             (27, 0.1305629248806119),
[92mINFO [0m:      	             (28, 0.044399895299754424),
[92mINFO [0m:      	             (29, 0.07811452576904968),
[92mINFO [0m:      	             (30, 0.09379957431392523),
[92mINFO [0m:      	             (31, 0.1320167228712317),
[92mINFO [0m:      	             (32, 0.07703635827947614),
[92mINFO [0m:      	             (33, 0.1014516378332537),
[92mINFO [0m:      	             (34, 0.08809290821089003),
[92mINFO [0m:      	             (35, 0.07109037223195591),
[92mINFO [0m:      	             (36, 0.08785664915576437),
[92mINFO [0m:      	             (37, 0.0668457405899021),
[92mINFO [0m:      	             (38, 0.0672532307791326),
[92mINFO [0m:      	             (39, 0.11271027340100519),
[92mINFO [0m:      	             (40, 0.09420150357881933),
[92mINFO [0m:      	             (41, 0.6311805820137059),
[92mINFO [0m:      	             (42, 0.6775670133737466),
[92mINFO [0m:      	             (43, 0.7502502487058785),
[92mINFO [0m:      	             (44, 0.6907257985126145),
[92mINFO [0m:      	             (45, 0.6787353252294729),
[92mINFO [0m:      	             (46, 0.6765358387066144),
[92mINFO [0m:      	             (47, 0.6787709837647421),
[92mINFO [0m:      	             (48, 0.7058942274831345),
[92mINFO [0m:      	             (49, 0.6458736659994464),
[92mINFO [0m:      	             (50, 0.7479069293587048),
[92mINFO [0m:      	             (51, 0.6596960513231951),
[92mINFO [0m:      	             (52, 0.6473919607015646),
[92mINFO [0m:      	             (53, 0.6914893475452468),
[92mINFO [0m:      	             (54, 0.7515900438563267),
[92mINFO [0m:      	             (55, 0.7443121788991858),
[92mINFO [0m:      	             (56, 0.7383805381928852),
[92mINFO [0m:      	             (57, 0.653959990703098),
[92mINFO [0m:      	             (58, 0.6823768266328126),
[92mINFO [0m:      	             (59, 0.6779528988538274),
[92mINFO [0m:      	             (60, 0.7133627079146654)],
[92mINFO [0m:      	 'bw_factor': [(1, 1.0),
[92mINFO [0m:      	               (2, 0.8),
[92mINFO [0m:      	               (3, 0.8232318475239896),
[92mINFO [0m:      	               (4, 0.8308834397329559),
[92mINFO [0m:      	               (5, 0.827848648381411),
[92mINFO [0m:      	               (6, 0.820177454603149),
[92mINFO [0m:      	               (7, 0.8247484407598216),
[92mINFO [0m:      	               (8, 0.8198436434266185),
[92mINFO [0m:      	               (9, 0.8178288880259902),
[92mINFO [0m:      	               (10, 0.8254948676466817),
[92mINFO [0m:      	               (11, 0.8379560172181297),
[92mINFO [0m:      	               (12, 0.8211715713545814),
[92mINFO [0m:      	               (13, 0.8314209272648009),
[92mINFO [0m:      	               (14, 0.8209888307494944),
[92mINFO [0m:      	               (15, 0.8136905386551805),
[92mINFO [0m:      	               (16, 0.8179844079638173),
[92mINFO [0m:      	               (17, 0.8257330772553649),
[92mINFO [0m:      	               (18, 0.8364311823507526),
[92mINFO [0m:      	               (19, 0.8378809569383966),
[92mINFO [0m:      	               (20, 0.8291164605623027),
[92mINFO [0m:      	               (21, 0.8355607162572292),
[92mINFO [0m:      	               (22, 0.8356214007464332),
[92mINFO [0m:      	               (23, 0.8412109046872996),
[92mINFO [0m:      	               (24, 0.8557968407934624),
[92mINFO [0m:      	               (25, 0.8045054429407229),
[92mINFO [0m:      	               (26, 0.8050939551084624),
[92mINFO [0m:      	               (27, 0.8021068756401304),
[92mINFO [0m:      	               (28, 0.8053651253779954),
[92mINFO [0m:      	               (29, 0.8070250854790664),
[92mINFO [0m:      	               (30, 0.8070679948411477),
[92mINFO [0m:      	               (31, 0.8081405004422043),
[92mINFO [0m:      	               (32, 0.8094862159349571),
[92mINFO [0m:      	               (33, 0.8069555849035346),
[92mINFO [0m:      	               (34, 0.8068501683982081),
[92mINFO [0m:      	               (35, 0.8036254180366929),
[92mINFO [0m:      	               (36, 0.8044198152389423),
[92mINFO [0m:      	               (37, 0.8016038567162392),
[92mINFO [0m:      	               (38, 0.8010337089025892),
[92mINFO [0m:      	               (39, 0.8239499890354998),
[92mINFO [0m:      	               (40, 0.8227416499983425),
[92mINFO [0m:      	               (41, 0.8215322319070981),
[92mINFO [0m:      	               (42, 0.8173237387398897),
[92mINFO [0m:      	               (43, 0.8592362460134533),
[92mINFO [0m:      	               (44, 0.8593385948786377),
[92mINFO [0m:      	               (45, 0.8502803637599363),
[92mINFO [0m:      	               (46, 0.8406628087897231),
[92mINFO [0m:      	               (47, 0.8545804890972303),
[92mINFO [0m:      	               (48, 0.8453701149309183),
[92mINFO [0m:      	               (49, 0.8407487199209547),
[92mINFO [0m:      	               (50, 0.8250860854760821),
[92mINFO [0m:      	               (51, 0.8175587395402387),
[92mINFO [0m:      	               (52, 0.8170902682048067),
[92mINFO [0m:      	               (53, 0.8284653325561218),
[92mINFO [0m:      	               (54, 0.820901119091233),
[92mINFO [0m:      	               (55, 0.8225885087523744),
[92mINFO [0m:      	               (56, 0.825641848805317),
[92mINFO [0m:      	               (57, 0.8303461788350252),
[92mINFO [0m:      	               (58, 0.8362545707937881),
[92mINFO [0m:      	               (59, 0.829697576068499),
[92mINFO [0m:      	               (60, 0.8137535956020898)],
[92mINFO [0m:      	 'energy': [(1, 59.93617528881879),
[92mINFO [0m:      	            (2, 78.07427084759985),
[92mINFO [0m:      	            (3, 60.04433583013615),
[92mINFO [0m:      	            (4, 70.75704309444754),
[92mINFO [0m:      	            (5, 71.91463250418781),
[92mINFO [0m:      	            (6, 80.92354804144578),
[92mINFO [0m:      	            (7, 85.89485351567109),
[92mINFO [0m:      	            (8, 74.21818549458516),
[92mINFO [0m:      	            (9, 58.74526857271953),
[92mINFO [0m:      	            (10, 59.51657569991774),
[92mINFO [0m:      	            (11, 74.70401983128878),
[92mINFO [0m:      	            (12, 81.36590194748835),
[92mINFO [0m:      	            (13, 75.72160741614294),
[92mINFO [0m:      	            (14, 71.3932180785191),
[92mINFO [0m:      	            (15, 67.71652884845135),
[92mINFO [0m:      	            (16, 86.43947624927736),
[92mINFO [0m:      	            (17, 57.22683539004224),
[92mINFO [0m:      	            (18, 68.88686295780995),
[92mINFO [0m:      	            (19, 82.86849837521618),
[92mINFO [0m:      	            (20, 91.30701883489806),
[92mINFO [0m:      	            (21, 57.11601699406756),
[92mINFO [0m:      	            (22, 58.679644125681435),
[92mINFO [0m:      	            (23, 56.2325315198157),
[92mINFO [0m:      	            (24, 57.40282809535743),
[92mINFO [0m:      	            (25, 56.4253433027359),
[92mINFO [0m:      	            (26, 57.1317970597468),
[92mINFO [0m:      	            (27, 59.10053467555275),
[92mINFO [0m:      	            (28, 55.44073750508996),
[92mINFO [0m:      	            (29, 56.374623977904086),
[92mINFO [0m:      	            (30, 60.241258671899175),
[92mINFO [0m:      	            (31, 57.47918277359875),
[92mINFO [0m:      	            (32, 58.48970547643114),
[92mINFO [0m:      	            (33, 56.50163243721719),
[92mINFO [0m:      	            (34, 57.24730855457538),
[92mINFO [0m:      	            (35, 56.54990160578133),
[92mINFO [0m:      	            (36, 56.85406201449017),
[92mINFO [0m:      	            (37, 57.15442099341191),
[92mINFO [0m:      	            (38, 67.65504552860295),
[92mINFO [0m:      	            (39, 58.18490625723846),
[92mINFO [0m:      	            (40, 58.49052673501523),
[92mINFO [0m:      	            (41, 69.46626200126293),
[92mINFO [0m:      	            (42, 102.54186655892782),
[92mINFO [0m:      	            (43, 57.97500538371437),
[92mINFO [0m:      	            (44, 77.06748526769134),
[92mINFO [0m:      	            (45, 108.64754919184449),
[92mINFO [0m:      	            (46, 72.29942944200269),
[92mINFO [0m:      	            (47, 77.98869698990785),
[92mINFO [0m:      	            (48, 87.10955010129054),
[92mINFO [0m:      	            (49, 67.33577147948058),
[92mINFO [0m:      	            (50, 87.7498514299091),
[92mINFO [0m:      	            (51, 78.81086279157444),
[92mINFO [0m:      	            (52, 67.14634596461947),
[92mINFO [0m:      	            (53, 80.61094363404287),
[92mINFO [0m:      	            (54, 59.45800202963995),
[92mINFO [0m:      	            (55, 83.31391615170695),
[92mINFO [0m:      	            (56, 59.30762281171821),
[92mINFO [0m:      	            (57, 70.76591818916715),
[92mINFO [0m:      	            (58, 70.38378020463824),
[92mINFO [0m:      	            (59, 73.56426105017943),
[92mINFO [0m:      	            (60, 57.2995374996894)],
[92mINFO [0m:      	 'est_upload_time': [(1, 7.172175288818789),
[92mINFO [0m:      	                     (2, 15.83027084759984),
[92mINFO [0m:      	                     (3, 7.28033583013614),
[92mINFO [0m:      	                     (4, 7.76504309444754),
[92mINFO [0m:      	                     (5, 9.670632504187811),
[92mINFO [0m:      	                     (6, 11.419548041445786),
[92mINFO [0m:      	                     (7, 8.04685351567109),
[92mINFO [0m:      	                     (8, 11.226185494585156),
[92mINFO [0m:      	                     (9, 5.981268572719527),
[92mINFO [0m:      	                     (10, 6.752575699917736),
[92mINFO [0m:      	                     (11, 12.460019831288774),
[92mINFO [0m:      	                     (12, 10.02990194748834),
[92mINFO [0m:      	                     (13, 13.477607416142941),
[92mINFO [0m:      	                     (14, 9.149218078519096),
[92mINFO [0m:      	                     (15, 4.724528848451352),
[92mINFO [0m:      	                     (16, 24.19547624927737),
[92mINFO [0m:      	                     (17, 4.462835390042232),
[92mINFO [0m:      	                     (18, 6.64286295780996),
[92mINFO [0m:      	                     (19, 5.02049837521618),
[92mINFO [0m:      	                     (20, 13.459018834898055),
[92mINFO [0m:      	                     (21, 4.352016994067553),
[92mINFO [0m:      	                     (22, 5.915644125681432),
[92mINFO [0m:      	                     (23, 3.4685315198157016),
[92mINFO [0m:      	                     (24, 4.638828095357425),
[92mINFO [0m:      	                     (25, 3.661343302735891),
[92mINFO [0m:      	                     (26, 4.367797059746792),
[92mINFO [0m:      	                     (27, 6.336534675552745),
[92mINFO [0m:      	                     (28, 2.67673750508996),
[92mINFO [0m:      	                     (29, 3.6106239779040865),
[92mINFO [0m:      	                     (30, 7.477258671899172),
[92mINFO [0m:      	                     (31, 4.71518277359875),
[92mINFO [0m:      	                     (32, 5.72570547643113),
[92mINFO [0m:      	                     (33, 3.73763243721719),
[92mINFO [0m:      	                     (34, 4.483308554575384),
[92mINFO [0m:      	                     (35, 3.785901605781323),
[92mINFO [0m:      	                     (36, 4.090062014490167),
[92mINFO [0m:      	                     (37, 4.390420993411919),
[92mINFO [0m:      	                     (38, 5.411045528602946),
[92mINFO [0m:      	                     (39, 5.4209062572384585),
[92mINFO [0m:      	                     (40, 5.726526735015227),
[92mINFO [0m:      	                     (41, 7.2222620012629335),
[92mINFO [0m:      	                     (42, 23.94586655892781),
[92mINFO [0m:      	                     (43, 5.211005383714367),
[92mINFO [0m:      	                     (44, 14.075485267691338),
[92mINFO [0m:      	                     (45, 15.939549191844495),
[92mINFO [0m:      	                     (46, 3.9314294420026856),
[92mINFO [0m:      	                     (47, 15.744696989907855),
[92mINFO [0m:      	                     (48, 15.773550101290532),
[92mINFO [0m:      	                     (49, 5.091771479480576),
[92mINFO [0m:      	                     (50, 25.505851429909097),
[92mINFO [0m:      	                     (51, 16.566862791574426),
[92mINFO [0m:      	                     (52, 4.1543459646194725),
[92mINFO [0m:      	                     (53, 11.10694363404287),
[92mINFO [0m:      	                     (54, 6.694002029639948),
[92mINFO [0m:      	                     (55, 21.06991615170695),
[92mINFO [0m:      	                     (56, 6.5436228117182),
[92mINFO [0m:      	                     (57, 7.773918189167155),
[92mINFO [0m:      	                     (58, 8.139780204638251),
[92mINFO [0m:      	                     (59, 10.57226105017942),
[92mINFO [0m:      	                     (60, 4.535537499689401)],
[92mINFO [0m:      	 'jain': [(1, 0.49999999999999),
[92mINFO [0m:      	          (2, 0.5555555555555525),
[92mINFO [0m:      	          (3, 0.5487804878048766),
[92mINFO [0m:      	          (4, 0.5714285714285706),
[92mINFO [0m:      	          (5, 0.5714285714285706),
[92mINFO [0m:      	          (6, 0.5882352941176462),
[92mINFO [0m:      	          (7, 0.6060606060606051),
[92mINFO [0m:      	          (8, 0.6060606060606051),
[92mINFO [0m:      	          (9, 0.624999999999999),
[92mINFO [0m:      	          (10, 0.624999999999999),
[92mINFO [0m:      	          (11, 0.5714285714285706),
[92mINFO [0m:      	          (12, 0.6060606060606051),
[92mINFO [0m:      	          (13, 0.5882352941176462),
[92mINFO [0m:      	          (14, 0.5405405405405398),
[92mINFO [0m:      	          (15, 0.5714285714285706),
[92mINFO [0m:      	          (16, 0.5405405405405398),
[92mINFO [0m:      	          (17, 0.5714285714285706),
[92mINFO [0m:      	          (18, 0.5714285714285706),
[92mINFO [0m:      	          (19, 0.5882352941176462),
[92mINFO [0m:      	          (20, 0.6060606060606051),
[92mINFO [0m:      	          (21, 0.6060606060606051),
[92mINFO [0m:      	          (22, 0.624999999999999),
[92mINFO [0m:      	          (23, 0.5882352941176462),
[92mINFO [0m:      	          (24, 0.49999999999999933),
[92mINFO [0m:      	          (25, 0.49999999999999933),
[92mINFO [0m:      	          (26, 0.49999999999999933),
[92mINFO [0m:      	          (27, 0.49999999999999933),
[92mINFO [0m:      	          (28, 0.49999999999999933),
[92mINFO [0m:      	          (29, 0.49999999999999933),
[92mINFO [0m:      	          (30, 0.49999999999999933),
[92mINFO [0m:      	          (31, 0.49999999999999933),
[92mINFO [0m:      	          (32, 0.49999999999999933),
[92mINFO [0m:      	          (33, 0.49999999999999933),
[92mINFO [0m:      	          (34, 0.49999999999999933),
[92mINFO [0m:      	          (35, 0.49999999999999933),
[92mINFO [0m:      	          (36, 0.49999999999999933),
[92mINFO [0m:      	          (37, 0.49999999999999933),
[92mINFO [0m:      	          (38, 0.5405405405405398),
[92mINFO [0m:      	          (39, 0.5405405405405398),
[92mINFO [0m:      	          (40, 0.5405405405405398),
[92mINFO [0m:      	          (41, 0.5555555555555548),
[92mINFO [0m:      	          (42, 0.624999999999999),
[92mINFO [0m:      	          (43, 0.624999999999999),
[92mINFO [0m:      	          (44, 0.624999999999999),
[92mINFO [0m:      	          (45, 0.6666666666666655),
[92mINFO [0m:      	          (46, 0.6666666666666655),
[92mINFO [0m:      	          (47, 0.6896551724137919),
[92mINFO [0m:      	          (48, 0.714285714285713),
[92mINFO [0m:      	          (49, 0.624999999999999),
[92mINFO [0m:      	          (50, 0.5405405405405398),
[92mINFO [0m:      	          (51, 0.5405405405405398),
[92mINFO [0m:      	          (52, 0.5405405405405398),
[92mINFO [0m:      	          (53, 0.5714285714285706),
[92mINFO [0m:      	          (54, 0.5882352941176462),
[92mINFO [0m:      	          (55, 0.5882352941176462),
[92mINFO [0m:      	          (56, 0.5714285714285706),
[92mINFO [0m:      	          (57, 0.5714285714285706),
[92mINFO [0m:      	          (58, 0.5714285714285706),
[92mINFO [0m:      	          (59, 0.5714285714285706),
[92mINFO [0m:      	          (60, 0.5714285714285706)],
[92mINFO [0m:      	 'loss': [(1, 13.407820351516143),
[92mINFO [0m:      	          (2, 13.407820351516143),
[92mINFO [0m:      	          (3, 5.9614357223993615),
[92mINFO [0m:      	          (4, 2.681278775009928),
[92mINFO [0m:      	          (5, 2.681278775009928),
[92mINFO [0m:      	          (6, 2.875323033031029),
[92mINFO [0m:      	          (7, 2.875323033031029),
[92mINFO [0m:      	          (8, 1.9891756757905212),
[92mINFO [0m:      	          (9, 1.9891756757905212),
[92mINFO [0m:      	          (10, 1.8569413212281238),
[92mINFO [0m:      	          (11, 1.8569413212281238),
[92mINFO [0m:      	          (12, 2.293982795522183),
[92mINFO [0m:      	          (13, 2.293982795522183),
[92mINFO [0m:      	          (14, 1.8084934859336177),
[92mINFO [0m:      	          (15, 1.8084934859336177),
[92mINFO [0m:      	          (16, 1.450378019598466),
[92mINFO [0m:      	          (17, 1.450378019598466),
[92mINFO [0m:      	          (18, 1.6282746278786961),
[92mINFO [0m:      	          (19, 1.6282746278786961),
[92mINFO [0m:      	          (20, 1.8627226111255115),
[92mINFO [0m:      	          (21, 1.8627226111255115),
[92mINFO [0m:      	          (22, 1.40437520908404),
[92mINFO [0m:      	          (23, 1.40437520908404),
[92mINFO [0m:      	          (24, 1.578754550294031),
[92mINFO [0m:      	          (25, 1.5398707933063749),
[92mINFO [0m:      	          (26, 1.2991140009481696),
[92mINFO [0m:      	          (27, 1.6883380775210224),
[92mINFO [0m:      	          (28, 1.349309577217585),
[92mINFO [0m:      	          (29, 1.2913389417189587),
[92mINFO [0m:      	          (30, 1.3819714875160893),
[92mINFO [0m:      	          (31, 1.3282941760896128),
[92mINFO [0m:      	          (32, 1.3284481431864485),
[92mINFO [0m:      	          (33, 1.2904492028151886),
[92mINFO [0m:      	          (34, 1.3346787313871746),
[92mINFO [0m:      	          (35, 1.102303510979761),
[92mINFO [0m:      	          (36, 1.351134660877759),
[92mINFO [0m:      	          (37, 1.3597341383559793),
[92mINFO [0m:      	          (38, 1.342643734775012),
[92mINFO [0m:      	          (39, 1.2419080221200292),
[92mINFO [0m:      	          (40, 1.262361942967282),
[92mINFO [0m:      	          (41, 1.1404837981055054),
[92mINFO [0m:      	          (42, 1.6837922063054918),
[92mINFO [0m:      	          (43, 2.931284807905366),
[92mINFO [0m:      	          (44, 2.931284807905366),
[92mINFO [0m:      	          (45, 1.8717411590527884),
[92mINFO [0m:      	          (46, 1.5111295165894907),
[92mINFO [0m:      	          (47, 1.5111295165894907),
[92mINFO [0m:      	          (48, 1.103143771992454),
[92mINFO [0m:      	          (49, 1.103143771992454),
[92mINFO [0m:      	          (50, 1.1965201866777637),
[92mINFO [0m:      	          (51, 1.1965201866777637),
[92mINFO [0m:      	          (52, 1.0134970945648),
[92mINFO [0m:      	          (53, 1.0134970945648),
[92mINFO [0m:      	          (54, 0.9142346548128731),
[92mINFO [0m:      	          (55, 0.9142346548128731),
[92mINFO [0m:      	          (56, 1.0869791922689993),
[92mINFO [0m:      	          (57, 1.0869791922689993),
[92mINFO [0m:      	          (58, 1.131817123557948),
[92mINFO [0m:      	          (59, 1.131817123557948),
[92mINFO [0m:      	          (60, 0.9623369476463222)],
[92mINFO [0m:      	 'mode': [(1, 'semi_sync'),
[92mINFO [0m:      	          (2, 'bridge'),
[92mINFO [0m:      	          (3, 'bridge'),
[92mINFO [0m:      	          (4, 'bridge'),
[92mINFO [0m:      	          (5, 'async'),
[92mINFO [0m:      	          (6, 'async'),
[92mINFO [0m:      	          (7, 'async'),
[92mINFO [0m:      	          (8, 'async'),
[92mINFO [0m:      	          (9, 'async'),
[92mINFO [0m:      	          (10, 'async'),
[92mINFO [0m:      	          (11, 'async'),
[92mINFO [0m:      	          (12, 'async'),
[92mINFO [0m:      	          (13, 'async'),
[92mINFO [0m:      	          (14, 'async'),
[92mINFO [0m:      	          (15, 'async'),
[92mINFO [0m:      	          (16, 'async'),
[92mINFO [0m:      	          (17, 'async'),
[92mINFO [0m:      	          (18, 'async'),
[92mINFO [0m:      	          (19, 'async'),
[92mINFO [0m:      	          (20, 'async'),
[92mINFO [0m:      	          (21, 'async'),
[92mINFO [0m:      	          (22, 'async'),
[92mINFO [0m:      	          (23, 'async'),
[92mINFO [0m:      	          (24, 'bridge'),
[92mINFO [0m:      	          (25, 'bridge'),
[92mINFO [0m:      	          (26, 'bridge'),
[92mINFO [0m:      	          (27, 'semi_sync'),
[92mINFO [0m:      	          (28, 'semi_sync'),
[92mINFO [0m:      	          (29, 'semi_sync'),
[92mINFO [0m:      	          (30, 'semi_sync'),
[92mINFO [0m:      	          (31, 'semi_sync'),
[92mINFO [0m:      	          (32, 'semi_sync'),
[92mINFO [0m:      	          (33, 'semi_sync'),
[92mINFO [0m:      	          (34, 'semi_sync'),
[92mINFO [0m:      	          (35, 'semi_sync'),
[92mINFO [0m:      	          (36, 'semi_sync'),
[92mINFO [0m:      	          (37, 'semi_sync'),
[92mINFO [0m:      	          (38, 'semi_sync'),
[92mINFO [0m:      	          (39, 'semi_sync'),
[92mINFO [0m:      	          (40, 'semi_sync'),
[92mINFO [0m:      	          (41, 'semi_sync'),
[92mINFO [0m:      	          (42, 'semi_sync'),
[92mINFO [0m:      	          (43, 'semi_sync'),
[92mINFO [0m:      	          (44, 'semi_sync'),
[92mINFO [0m:      	          (45, 'bridge'),
[92mINFO [0m:      	          (46, 'bridge'),
[92mINFO [0m:      	          (47, 'bridge'),
[92mINFO [0m:      	          (48, 'async'),
[92mINFO [0m:      	          (49, 'async'),
[92mINFO [0m:      	          (50, 'async'),
[92mINFO [0m:      	          (51, 'async'),
[92mINFO [0m:      	          (52, 'async'),
[92mINFO [0m:      	          (53, 'async'),
[92mINFO [0m:      	          (54, 'async'),
[92mINFO [0m:      	          (55, 'async'),
[92mINFO [0m:      	          (56, 'async'),
[92mINFO [0m:      	          (57, 'async'),
[92mINFO [0m:      	          (58, 'async'),
[92mINFO [0m:      	          (59, 'async'),
[92mINFO [0m:      	          (60, 'async')],
[92mINFO [0m:      	 'num_exhausted_clients': [(1, 0.0),
[92mINFO [0m:      	                           (2, 0.0),
[92mINFO [0m:      	                           (3, 0.0),
[92mINFO [0m:      	                           (4, 0.0),
[92mINFO [0m:      	                           (5, 0.0),
[92mINFO [0m:      	                           (6, 0.0),
[92mINFO [0m:      	                           (7, 0.0),
[92mINFO [0m:      	                           (8, 0.0),
[92mINFO [0m:      	                           (9, 0.0),
[92mINFO [0m:      	                           (10, 0.0),
[92mINFO [0m:      	                           (11, 0.0),
[92mINFO [0m:      	                           (12, 0.0),
[92mINFO [0m:      	                           (13, 0.0),
[92mINFO [0m:      	                           (14, 0.0),
[92mINFO [0m:      	                           (15, 0.0),
[92mINFO [0m:      	                           (16, 0.0),
[92mINFO [0m:      	                           (17, 0.0),
[92mINFO [0m:      	                           (18, 0.0),
[92mINFO [0m:      	                           (19, 0.0),
[92mINFO [0m:      	                           (20, 0.0),
[92mINFO [0m:      	                           (21, 0.0),
[92mINFO [0m:      	                           (22, 0.0),
[92mINFO [0m:      	                           (23, 0.0),
[92mINFO [0m:      	                           (24, 0.0),
[92mINFO [0m:      	                           (25, 0.0),
[92mINFO [0m:      	                           (26, 0.0),
[92mINFO [0m:      	                           (27, 0.0),
[92mINFO [0m:      	                           (28, 0.0),
[92mINFO [0m:      	                           (29, 0.0),
[92mINFO [0m:      	                           (30, 0.0),
[92mINFO [0m:      	                           (31, 0.0),
[92mINFO [0m:      	                           (32, 0.0),
[92mINFO [0m:      	                           (33, 0.0),
[92mINFO [0m:      	                           (34, 0.0),
[92mINFO [0m:      	                           (35, 0.0),
[92mINFO [0m:      	                           (36, 0.0),
[92mINFO [0m:      	                           (37, 0.0),
[92mINFO [0m:      	                           (38, 0.0),
[92mINFO [0m:      	                           (39, 0.0),
[92mINFO [0m:      	                           (40, 0.0),
[92mINFO [0m:      	                           (41, 0.0),
[92mINFO [0m:      	                           (42, 0.0),
[92mINFO [0m:      	                           (43, 0.0),
[92mINFO [0m:      	                           (44, 0.0),
[92mINFO [0m:      	                           (45, 0.0),
[92mINFO [0m:      	                           (46, 0.0),
[92mINFO [0m:      	                           (47, 0.0),
[92mINFO [0m:      	                           (48, 0.0),
[92mINFO [0m:      	                           (49, 0.0),
[92mINFO [0m:      	                           (50, 0.0),
[92mINFO [0m:      	                           (51, 0.0),
[92mINFO [0m:      	                           (52, 0.0),
[92mINFO [0m:      	                           (53, 0.0),
[92mINFO [0m:      	                           (54, 0.0),
[92mINFO [0m:      	                           (55, 0.0),
[92mINFO [0m:      	                           (56, 0.0),
[92mINFO [0m:      	                           (57, 0.0),
[92mINFO [0m:      	                           (58, 0.0),
[92mINFO [0m:      	                           (59, 0.0),
[92mINFO [0m:      	                           (60, 0.0)],
[92mINFO [0m:      	 'topk': [(1, 5.0),
[92mINFO [0m:      	          (2, 5.0),
[92mINFO [0m:      	          (3, 5.0),
[92mINFO [0m:      	          (4, 5.0),
[92mINFO [0m:      	          (5, 5.0),
[92mINFO [0m:      	          (6, 5.0),
[92mINFO [0m:      	          (7, 5.0),
[92mINFO [0m:      	          (8, 5.0),
[92mINFO [0m:      	          (9, 5.0),
[92mINFO [0m:      	          (10, 5.0),
[92mINFO [0m:      	          (11, 5.0),
[92mINFO [0m:      	          (12, 5.0),
[92mINFO [0m:      	          (13, 5.0),
[92mINFO [0m:      	          (14, 5.0),
[92mINFO [0m:      	          (15, 5.0),
[92mINFO [0m:      	          (16, 5.0),
[92mINFO [0m:      	          (17, 5.0),
[92mINFO [0m:      	          (18, 5.0),
[92mINFO [0m:      	          (19, 5.0),
[92mINFO [0m:      	          (20, 5.0),
[92mINFO [0m:      	          (21, 5.0),
[92mINFO [0m:      	          (22, 5.0),
[92mINFO [0m:      	          (23, 5.0),
[92mINFO [0m:      	          (24, 5.0),
[92mINFO [0m:      	          (25, 5.0),
[92mINFO [0m:      	          (26, 5.0),
[92mINFO [0m:      	          (27, 5.0),
[92mINFO [0m:      	          (28, 5.0),
[92mINFO [0m:      	          (29, 5.0),
[92mINFO [0m:      	          (30, 5.0),
[92mINFO [0m:      	          (31, 5.0),
[92mINFO [0m:      	          (32, 5.0),
[92mINFO [0m:      	          (33, 5.0),
[92mINFO [0m:      	          (34, 5.0),
[92mINFO [0m:      	          (35, 5.0),
[92mINFO [0m:      	          (36, 5.0),
[92mINFO [0m:      	          (37, 5.0),
[92mINFO [0m:      	          (38, 5.0),
[92mINFO [0m:      	          (39, 5.0),
[92mINFO [0m:      	          (40, 5.0),
[92mINFO [0m:      	          (41, 5.0),
[92mINFO [0m:      	          (42, 5.0),
[92mINFO [0m:      	          (43, 5.0),
[92mINFO [0m:      	          (44, 5.0),
[92mINFO [0m:      	          (45, 5.0),
[92mINFO [0m:      	          (46, 5.0),
[92mINFO [0m:      	          (47, 5.0),
[92mINFO [0m:      	          (48, 5.0),
[92mINFO [0m:      	          (49, 5.0),
[92mINFO [0m:      	          (50, 5.0),
[92mINFO [0m:      	          (51, 5.0),
[92mINFO [0m:      	          (52, 5.0),
[92mINFO [0m:      	          (53, 5.0),
[92mINFO [0m:      	          (54, 5.0),
[92mINFO [0m:      	          (55, 5.0),
[92mINFO [0m:      	          (56, 5.0),
[92mINFO [0m:      	          (57, 5.0),
[92mINFO [0m:      	          (58, 5.0),
[92mINFO [0m:      	          (59, 5.0),
[92mINFO [0m:      	          (60, 5.0)]}
[92mINFO [0m:      	History (metrics, centralized):
[92mINFO [0m:      	{'accuracy': [(0, 0.1),
[92mINFO [0m:      	              (1, 0.1312),
[92mINFO [0m:      	              (2, 0.1312),
[92mINFO [0m:      	              (3, 0.1916),
[92mINFO [0m:      	              (4, 0.2269),
[92mINFO [0m:      	              (5, 0.2269),
[92mINFO [0m:      	              (6, 0.2517),
[92mINFO [0m:      	              (7, 0.2517),
[92mINFO [0m:      	              (8, 0.3096),
[92mINFO [0m:      	              (9, 0.3096),
[92mINFO [0m:      	              (10, 0.3478),
[92mINFO [0m:      	              (11, 0.3478),
[92mINFO [0m:      	              (12, 0.3284),
[92mINFO [0m:      	              (13, 0.3284),
[92mINFO [0m:      	              (14, 0.3734),
[92mINFO [0m:      	              (15, 0.3734),
[92mINFO [0m:      	              (16, 0.4562),
[92mINFO [0m:      	              (17, 0.4562),
[92mINFO [0m:      	              (18, 0.3952),
[92mINFO [0m:      	              (19, 0.3952),
[92mINFO [0m:      	              (20, 0.435),
[92mINFO [0m:      	              (21, 0.435),
[92mINFO [0m:      	              (22, 0.4724),
[92mINFO [0m:      	              (23, 0.4724),
[92mINFO [0m:      	              (24, 0.4495),
[92mINFO [0m:      	              (25, 0.4278),
[92mINFO [0m:      	              (26, 0.537),
[92mINFO [0m:      	              (27, 0.4509),
[92mINFO [0m:      	              (28, 0.5106),
[92mINFO [0m:      	              (29, 0.518),
[92mINFO [0m:      	              (30, 0.5018),
[92mINFO [0m:      	              (31, 0.5277),
[92mINFO [0m:      	              (32, 0.5451),
[92mINFO [0m:      	              (33, 0.5238),
[92mINFO [0m:      	              (34, 0.5481),
[92mINFO [0m:      	              (35, 0.5961),
[92mINFO [0m:      	              (36, 0.5119),
[92mINFO [0m:      	              (37, 0.5584),
[92mINFO [0m:      	              (38, 0.5528),
[92mINFO [0m:      	              (39, 0.5859),
[92mINFO [0m:      	              (40, 0.5752),
[92mINFO [0m:      	              (41, 0.5931),
[92mINFO [0m:      	              (42, 0.5017),
[92mINFO [0m:      	              (43, 0.3995),
[92mINFO [0m:      	              (44, 0.3995),
[92mINFO [0m:      	              (45, 0.4264),
[92mINFO [0m:      	              (46, 0.5744),
[92mINFO [0m:      	              (47, 0.5744),
[92mINFO [0m:      	              (48, 0.6168),
[92mINFO [0m:      	              (49, 0.6168),
[92mINFO [0m:      	              (50, 0.6028),
[92mINFO [0m:      	              (51, 0.6028),
[92mINFO [0m:      	              (52, 0.65),
[92mINFO [0m:      	              (53, 0.65),
[92mINFO [0m:      	              (54, 0.6677),
[92mINFO [0m:      	              (55, 0.6677),
[92mINFO [0m:      	              (56, 0.6178),
[92mINFO [0m:      	              (57, 0.6178),
[92mINFO [0m:      	              (58, 0.6253),
[92mINFO [0m:      	              (59, 0.6253),
[92mINFO [0m:      	              (60, 0.6536)]}
[92mINFO [0m:      
