[93mWARNING [0m:   DEPRECATED FEATURE: flwr.simulation.start_simulation() is deprecated.
	Instead, use the `flwr run` CLI command to start a local simulation in your Flower app, as shown for example below:

		$ flwr new  # Create a new Flower app from a template

		$ flwr run  # Run the Flower app in Simulation Mode

	Using `start_simulation()` is deprecated.

            This is a deprecated feature. It will be removed
            entirely in future versions of Flower.
        
[92mINFO [0m:      Starting Flower simulation, config: num_rounds=60, no round_timeout
2026-03-01 01:33:24,548	INFO worker.py:2012 -- Started a local Ray instance.
D:\Code\2025-11\moga-fl\.venv\lib\site-packages\ray\_private\worker.py:2051: FutureWarning: Tip: In future versions of Ray, Ray will no longer override accelerator visible devices env var if num_gpus=0 or num_gpus=None (default). To enable this behavior and turn off this error message, set RAY_ACCEL_ENV_VAR_OVERRIDE_ON_ZERO=0
  warnings.warn(
[92mINFO [0m:      Flower VCE: Ray initialized with resources: {'node:127.0.0.1': 1.0, 'GPU': 1.0, 'memory': 4318748672.0, 'node:__internal_head__': 1.0, 'accelerator_type:G': 1.0, 'object_store_memory': 1850892288.0, 'CPU': 16.0}
[92mINFO [0m:      Optimize your simulation with Flower VCE: https://flower.ai/docs/framework/how-to-run-simulations.html
[92mINFO [0m:      Flower VCE: Resources for each Virtual Client: {'num_cpus': 2.0, 'num_gpus': 0.25}
[92mINFO [0m:      Flower VCE: Creating VirtualClientEngineActorPool with 4 actors
[92mINFO [0m:      [INIT]
[92mINFO [0m:      Using initial global parameters provided by strategy
[92mINFO [0m:      Starting evaluation of initial global parameters
[92mINFO [0m:      initial parameters (loss, other metrics): 3.569974211197865, {'accuracy': 0.1}
[92mINFO [0m:      
[92mINFO [0m:      [ROUND 1]
[92mINFO [0m:      configure_fit: strategy sampled 5 clients (out of 10)
[92mINFO [0m:      aggregate_fit: received 5 results and 0 failures
[36m(pid=gcs_server)[0m [2026-03-01 01:33:55,106 E 37020 10688] (gcs_server.exe) gcs_server.cc:302: Failed to establish connection to the event+metrics exporter agent. Events and metrics will not be exported. Exporter agent status: RpcError: Running out of retries to initialize the metrics agent. rpc_code: 14
[33m(raylet)[0m [2026-03-01 01:33:56,468 E 38688 25324] (raylet.exe) main.cc:975: Failed to establish connection to the metrics exporter agent. Metrics will not be exported. Exporter agent status: RpcError: Running out of retries to initialize the metrics agent. rpc_code: 14
[92mINFO [0m:      fit progress: (1, 3.2208497131927105, {'accuracy': 0.1897}, 27.55332370000542)
[92mINFO [0m:      configure_evaluate: no clients selected, skipping evaluation
[92mINFO [0m:      
[92mINFO [0m:      [ROUND 2]
[92mINFO [0m:      configure_fit: strategy sampled 5 clients (out of 10)
[2026-03-01 01:33:57,656 E 40136 26416] core_worker_process.cc:825: Failed to establish connection to the metrics exporter agent. Metrics will not be exported. Exporter agent status: RpcError: Running out of retries to initialize the metrics agent. rpc_code: 14
[92mINFO [0m:      aggregate_fit: received 5 results and 0 failures
[92mINFO [0m:      fit progress: (2, 2.096807353104217, {'accuracy': 0.3016}, 51.93021980000776)
[92mINFO [0m:      configure_evaluate: no clients selected, skipping evaluation
[92mINFO [0m:      
[92mINFO [0m:      [ROUND 3]
[92mINFO [0m:      configure_fit: strategy sampled 5 clients (out of 10)
[92mINFO [0m:      aggregate_fit: received 5 results and 0 failures
[92mINFO [0m:      fit progress: (3, 1.870359801038911, {'accuracy': 0.3344}, 72.00895290001063)
[92mINFO [0m:      configure_evaluate: no clients selected, skipping evaluation
[92mINFO [0m:      
[92mINFO [0m:      [ROUND 4]
[92mINFO [0m:      configure_fit: strategy sampled 5 clients (out of 10)
[92mINFO [0m:      aggregate_fit: received 5 results and 0 failures
[92mINFO [0m:      fit progress: (4, 2.4782498305356957, {'accuracy': 0.3446}, 92.28533559999778)
[92mINFO [0m:      configure_evaluate: no clients selected, skipping evaluation
[92mINFO [0m:      
[92mINFO [0m:      [ROUND 5]
[92mINFO [0m:      configure_fit: strategy sampled 5 clients (out of 10)
[92mINFO [0m:      aggregate_fit: received 5 results and 0 failures
[92mINFO [0m:      fit progress: (5, 1.7506379553034335, {'accuracy': 0.3614}, 112.29448370001046)
[92mINFO [0m:      configure_evaluate: no clients selected, skipping evaluation
[92mINFO [0m:      
[92mINFO [0m:      [ROUND 6]
[92mINFO [0m:      configure_fit: strategy sampled 5 clients (out of 10)
[92mINFO [0m:      aggregate_fit: received 5 results and 0 failures
[92mINFO [0m:      fit progress: (6, 1.6781015697913835, {'accuracy': 0.387}, 139.1969068000035)
[92mINFO [0m:      configure_evaluate: no clients selected, skipping evaluation
[92mINFO [0m:      
[92mINFO [0m:      [ROUND 7]
[92mINFO [0m:      configure_fit: strategy sampled 5 clients (out of 10)
[92mINFO [0m:      aggregate_fit: received 5 results and 0 failures
[92mINFO [0m:      fit progress: (7, 1.7627157727374305, {'accuracy': 0.4251}, 159.30165710000438)
[92mINFO [0m:      configure_evaluate: no clients selected, skipping evaluation
[92mINFO [0m:      
[92mINFO [0m:      [ROUND 8]
[92mINFO [0m:      configure_fit: strategy sampled 5 clients (out of 10)
[92mINFO [0m:      aggregate_fit: received 5 results and 0 failures
[92mINFO [0m:      fit progress: (8, 1.630136489868164, {'accuracy': 0.4182}, 179.51965110001038)
[92mINFO [0m:      configure_evaluate: no clients selected, skipping evaluation
[92mINFO [0m:      
[92mINFO [0m:      [ROUND 9]
[92mINFO [0m:      configure_fit: strategy sampled 5 clients (out of 10)
[92mINFO [0m:      aggregate_fit: received 5 results and 0 failures
[92mINFO [0m:      fit progress: (9, 2.067701232584217, {'accuracy': 0.3868}, 212.36834899999667)
[92mINFO [0m:      configure_evaluate: no clients selected, skipping evaluation
[92mINFO [0m:      
[92mINFO [0m:      [ROUND 10]
[92mINFO [0m:      configure_fit: strategy sampled 5 clients (out of 10)
[92mINFO [0m:      aggregate_fit: received 5 results and 0 failures
[92mINFO [0m:      fit progress: (10, 1.968061400365226, {'accuracy': 0.4087}, 239.1651484000031)
[92mINFO [0m:      configure_evaluate: no clients selected, skipping evaluation
[92mINFO [0m:      
[92mINFO [0m:      [ROUND 11]
[92mINFO [0m:      configure_fit: strategy sampled 5 clients (out of 10)
[92mINFO [0m:      aggregate_fit: received 5 results and 0 failures
[92mINFO [0m:      fit progress: (11, 1.3679321808151053, {'accuracy': 0.4779}, 259.35233829999925)
[92mINFO [0m:      configure_evaluate: no clients selected, skipping evaluation
[92mINFO [0m:      
[92mINFO [0m:      [ROUND 12]
[92mINFO [0m:      configure_fit: strategy sampled 5 clients (out of 10)
[92mINFO [0m:      aggregate_fit: received 5 results and 0 failures
[92mINFO [0m:      fit progress: (12, 1.3154222678534593, {'accuracy': 0.5321}, 290.0223862999992)
[92mINFO [0m:      configure_evaluate: no clients selected, skipping evaluation
[92mINFO [0m:      
[92mINFO [0m:      [ROUND 13]
[92mINFO [0m:      configure_fit: strategy sampled 5 clients (out of 10)
[92mINFO [0m:      aggregate_fit: received 5 results and 0 failures
[92mINFO [0m:      fit progress: (13, 1.4608442888984197, {'accuracy': 0.4872}, 315.2903389999992)
[92mINFO [0m:      configure_evaluate: no clients selected, skipping evaluation
[92mINFO [0m:      
[92mINFO [0m:      [ROUND 14]
[92mINFO [0m:      configure_fit: strategy sampled 5 clients (out of 10)
[92mINFO [0m:      aggregate_fit: received 5 results and 0 failures
[92mINFO [0m:      fit progress: (14, 1.4377217398414128, {'accuracy': 0.4833}, 335.66677360000904)
[92mINFO [0m:      configure_evaluate: no clients selected, skipping evaluation
[92mINFO [0m:      
[92mINFO [0m:      [ROUND 15]
[92mINFO [0m:      configure_fit: strategy sampled 5 clients (out of 10)
[92mINFO [0m:      aggregate_fit: received 5 results and 0 failures
[92mINFO [0m:      fit progress: (15, 1.6723512426207336, {'accuracy': 0.4593}, 355.7735333000019)
[92mINFO [0m:      configure_evaluate: no clients selected, skipping evaluation
[92mINFO [0m:      
[92mINFO [0m:      [ROUND 16]
[92mINFO [0m:      configure_fit: strategy sampled 5 clients (out of 10)
[92mINFO [0m:      aggregate_fit: received 5 results and 0 failures
[92mINFO [0m:      fit progress: (16, 1.6355698817892919, {'accuracy': 0.4882}, 375.9795245999994)
[92mINFO [0m:      configure_evaluate: no clients selected, skipping evaluation
[92mINFO [0m:      
[92mINFO [0m:      [ROUND 17]
[92mINFO [0m:      configure_fit: strategy sampled 5 clients (out of 10)
[92mINFO [0m:      aggregate_fit: received 5 results and 0 failures
[92mINFO [0m:      fit progress: (17, 1.39454121076608, {'accuracy': 0.5248}, 396.0362202000106)
[92mINFO [0m:      configure_evaluate: no clients selected, skipping evaluation
[92mINFO [0m:      
[92mINFO [0m:      [ROUND 18]
[92mINFO [0m:      configure_fit: strategy sampled 5 clients (out of 10)
[92mINFO [0m:      aggregate_fit: received 5 results and 0 failures
[92mINFO [0m:      fit progress: (18, 1.68518882461741, {'accuracy': 0.4936}, 418.4174647000036)
[92mINFO [0m:      configure_evaluate: no clients selected, skipping evaluation
[92mINFO [0m:      
[92mINFO [0m:      [ROUND 19]
[92mINFO [0m:      configure_fit: strategy sampled 5 clients (out of 10)
[92mINFO [0m:      aggregate_fit: received 5 results and 0 failures
[92mINFO [0m:      fit progress: (19, 1.467575252810611, {'accuracy': 0.5637}, 438.50885060001747)
[92mINFO [0m:      configure_evaluate: no clients selected, skipping evaluation
[92mINFO [0m:      
[92mINFO [0m:      [ROUND 20]
[92mINFO [0m:      configure_fit: strategy sampled 5 clients (out of 10)
[92mINFO [0m:      aggregate_fit: received 5 results and 0 failures
[92mINFO [0m:      fit progress: (20, 1.5096262089813812, {'accuracy': 0.5565}, 458.7405076000141)
[92mINFO [0m:      configure_evaluate: no clients selected, skipping evaluation
[92mINFO [0m:      
[92mINFO [0m:      [ROUND 21]
[92mINFO [0m:      configure_fit: strategy sampled 5 clients (out of 10)
[92mINFO [0m:      aggregate_fit: received 5 results and 0 failures
[92mINFO [0m:      fit progress: (21, 1.432082776781879, {'accuracy': 0.5498}, 479.14062560000457)
[92mINFO [0m:      configure_evaluate: no clients selected, skipping evaluation
[92mINFO [0m:      
[92mINFO [0m:      [ROUND 22]
[92mINFO [0m:      configure_fit: strategy sampled 5 clients (out of 10)
[92mINFO [0m:      aggregate_fit: received 5 results and 0 failures
[92mINFO [0m:      fit progress: (22, 1.3772118891341776, {'accuracy': 0.587}, 499.27946730001713)
[92mINFO [0m:      configure_evaluate: no clients selected, skipping evaluation
[92mINFO [0m:      
[92mINFO [0m:      [ROUND 23]
[92mINFO [0m:      configure_fit: strategy sampled 5 clients (out of 10)
[92mINFO [0m:      aggregate_fit: received 5 results and 0 failures
[92mINFO [0m:      fit progress: (23, 1.8277809529364863, {'accuracy': 0.504}, 519.444061599992)
[92mINFO [0m:      configure_evaluate: no clients selected, skipping evaluation
[92mINFO [0m:      
[92mINFO [0m:      [ROUND 24]
[92mINFO [0m:      configure_fit: strategy sampled 5 clients (out of 10)
[92mINFO [0m:      aggregate_fit: received 5 results and 0 failures
[92mINFO [0m:      fit progress: (24, 1.2337736781639388, {'accuracy': 0.5598}, 539.5653481000045)
[92mINFO [0m:      configure_evaluate: no clients selected, skipping evaluation
[92mINFO [0m:      
[92mINFO [0m:      [ROUND 25]
[92mINFO [0m:      configure_fit: strategy sampled 5 clients (out of 10)
[92mINFO [0m:      aggregate_fit: received 5 results and 0 failures
[92mINFO [0m:      fit progress: (25, 1.5105872425851943, {'accuracy': 0.5288}, 559.679134200007)
[92mINFO [0m:      configure_evaluate: no clients selected, skipping evaluation
[92mINFO [0m:      
[92mINFO [0m:      [ROUND 26]
[92mINFO [0m:      configure_fit: strategy sampled 5 clients (out of 10)
[92mINFO [0m:      aggregate_fit: received 5 results and 0 failures
[92mINFO [0m:      fit progress: (26, 1.32153957252261, {'accuracy': 0.5643}, 580.7233713000023)
[92mINFO [0m:      configure_evaluate: no clients selected, skipping evaluation
[92mINFO [0m:      
[92mINFO [0m:      [ROUND 27]
[92mINFO [0m:      configure_fit: strategy sampled 5 clients (out of 10)
[92mINFO [0m:      aggregate_fit: received 5 results and 0 failures
[92mINFO [0m:      fit progress: (27, 1.4491661062723473, {'accuracy': 0.5794}, 600.8952014000097)
[92mINFO [0m:      configure_evaluate: no clients selected, skipping evaluation
[92mINFO [0m:      
[92mINFO [0m:      [ROUND 28]
[92mINFO [0m:      configure_fit: strategy sampled 5 clients (out of 10)
[92mINFO [0m:      aggregate_fit: received 5 results and 0 failures
[92mINFO [0m:      fit progress: (28, 1.50487106963049, {'accuracy': 0.5415}, 621.1741546000121)
[92mINFO [0m:      configure_evaluate: no clients selected, skipping evaluation
[92mINFO [0m:      
[92mINFO [0m:      [ROUND 29]
[92mINFO [0m:      configure_fit: strategy sampled 5 clients (out of 10)
[92mINFO [0m:      aggregate_fit: received 5 results and 0 failures
[92mINFO [0m:      fit progress: (29, 1.2553377483464494, {'accuracy': 0.5863}, 647.9702939999988)
[92mINFO [0m:      configure_evaluate: no clients selected, skipping evaluation
[92mINFO [0m:      
[92mINFO [0m:      [ROUND 30]
[92mINFO [0m:      configure_fit: strategy sampled 5 clients (out of 10)
[92mINFO [0m:      aggregate_fit: received 5 results and 0 failures
[92mINFO [0m:      fit progress: (30, 1.125122546395169, {'accuracy': 0.5791}, 669.2274404999916)
[92mINFO [0m:      configure_evaluate: no clients selected, skipping evaluation
[92mINFO [0m:      
[92mINFO [0m:      [ROUND 31]
[92mINFO [0m:      configure_fit: strategy sampled 5 clients (out of 10)
[92mINFO [0m:      aggregate_fit: received 5 results and 0 failures
[92mINFO [0m:      fit progress: (31, 1.2622504981258247, {'accuracy': 0.6035}, 691.6691984999925)
[92mINFO [0m:      configure_evaluate: no clients selected, skipping evaluation
[92mINFO [0m:      
[92mINFO [0m:      [ROUND 32]
[92mINFO [0m:      configure_fit: strategy sampled 5 clients (out of 10)
[92mINFO [0m:      aggregate_fit: received 5 results and 0 failures
[92mINFO [0m:      fit progress: (32, 1.4465328424791746, {'accuracy': 0.5497}, 712.4133862000017)
[92mINFO [0m:      configure_evaluate: no clients selected, skipping evaluation
[92mINFO [0m:      
[92mINFO [0m:      [ROUND 33]
[92mINFO [0m:      configure_fit: strategy sampled 5 clients (out of 10)
[92mINFO [0m:      aggregate_fit: received 5 results and 0 failures
[92mINFO [0m:      fit progress: (33, 1.6988121889814545, {'accuracy': 0.5238}, 733.1746140000178)
[92mINFO [0m:      configure_evaluate: no clients selected, skipping evaluation
[92mINFO [0m:      
[92mINFO [0m:      [ROUND 34]
[92mINFO [0m:      configure_fit: strategy sampled 5 clients (out of 10)
[92mINFO [0m:      aggregate_fit: received 5 results and 0 failures
[92mINFO [0m:      fit progress: (34, 1.1361074123201491, {'accuracy': 0.5802}, 753.9236361999938)
[92mINFO [0m:      configure_evaluate: no clients selected, skipping evaluation
[92mINFO [0m:      
[92mINFO [0m:      [ROUND 35]
[92mINFO [0m:      configure_fit: strategy sampled 5 clients (out of 10)
[92mINFO [0m:      aggregate_fit: received 5 results and 0 failures
[92mINFO [0m:      fit progress: (35, 1.2653812366195871, {'accuracy': 0.601}, 776.350397400005)
[92mINFO [0m:      configure_evaluate: no clients selected, skipping evaluation
[92mINFO [0m:      
[92mINFO [0m:      [ROUND 36]
[92mINFO [0m:      configure_fit: strategy sampled 5 clients (out of 10)
[92mINFO [0m:      aggregate_fit: received 5 results and 0 failures
[92mINFO [0m:      fit progress: (36, 1.2145203819757775, {'accuracy': 0.5836}, 797.1397159000044)
[92mINFO [0m:      configure_evaluate: no clients selected, skipping evaluation
[92mINFO [0m:      
[92mINFO [0m:      [ROUND 37]
[92mINFO [0m:      configure_fit: strategy sampled 5 clients (out of 10)
[92mINFO [0m:      aggregate_fit: received 5 results and 0 failures
[92mINFO [0m:      fit progress: (37, 1.030204254615156, {'accuracy': 0.6297}, 817.820324100001)
[92mINFO [0m:      configure_evaluate: no clients selected, skipping evaluation
[92mINFO [0m:      
[92mINFO [0m:      [ROUND 38]
[92mINFO [0m:      configure_fit: strategy sampled 5 clients (out of 10)
[92mINFO [0m:      aggregate_fit: received 5 results and 0 failures
[92mINFO [0m:      fit progress: (38, 1.0197080743463733, {'accuracy': 0.6432}, 843.6859586999926)
[92mINFO [0m:      configure_evaluate: no clients selected, skipping evaluation
[92mINFO [0m:      
[92mINFO [0m:      [ROUND 39]
[92mINFO [0m:      configure_fit: strategy sampled 5 clients (out of 10)
[92mINFO [0m:      aggregate_fit: received 5 results and 0 failures
[92mINFO [0m:      fit progress: (39, 1.071989210346077, {'accuracy': 0.6142}, 864.1823551999987)
[92mINFO [0m:      configure_evaluate: no clients selected, skipping evaluation
[92mINFO [0m:      
[92mINFO [0m:      [ROUND 40]
[92mINFO [0m:      configure_fit: strategy sampled 5 clients (out of 10)
[92mINFO [0m:      aggregate_fit: received 5 results and 0 failures
[92mINFO [0m:      fit progress: (40, 1.723491197899927, {'accuracy': 0.5947}, 884.8543888000131)
[92mINFO [0m:      configure_evaluate: no clients selected, skipping evaluation
[92mINFO [0m:      
[92mINFO [0m:      [ROUND 41]
[92mINFO [0m:      configure_fit: strategy sampled 5 clients (out of 10)
[92mINFO [0m:      aggregate_fit: received 5 results and 0 failures
[92mINFO [0m:      fit progress: (41, 1.328410791445382, {'accuracy': 0.6286}, 905.4723125000019)
[92mINFO [0m:      configure_evaluate: no clients selected, skipping evaluation
[92mINFO [0m:      
[92mINFO [0m:      [ROUND 42]
[92mINFO [0m:      configure_fit: strategy sampled 5 clients (out of 10)
[92mINFO [0m:      aggregate_fit: received 5 results and 0 failures
[92mINFO [0m:      fit progress: (42, 1.075063377241545, {'accuracy': 0.6252}, 926.2906400999927)
[92mINFO [0m:      configure_evaluate: no clients selected, skipping evaluation
[92mINFO [0m:      
[92mINFO [0m:      [ROUND 43]
[92mINFO [0m:      configure_fit: strategy sampled 5 clients (out of 10)
[92mINFO [0m:      aggregate_fit: received 5 results and 0 failures
[92mINFO [0m:      fit progress: (43, 1.6115938304345818, {'accuracy': 0.5612}, 946.8704919000156)
[92mINFO [0m:      configure_evaluate: no clients selected, skipping evaluation
[92mINFO [0m:      
[92mINFO [0m:      [ROUND 44]
[92mINFO [0m:      configure_fit: strategy sampled 5 clients (out of 10)
[92mINFO [0m:      aggregate_fit: received 5 results and 0 failures
[92mINFO [0m:      fit progress: (44, 0.981886478164528, {'accuracy': 0.6599}, 979.418745700008)
[92mINFO [0m:      configure_evaluate: no clients selected, skipping evaluation
[92mINFO [0m:      
[92mINFO [0m:      [ROUND 45]
[92mINFO [0m:      configure_fit: strategy sampled 5 clients (out of 10)
[92mINFO [0m:      aggregate_fit: received 5 results and 0 failures
[92mINFO [0m:      fit progress: (45, 1.1639455715312232, {'accuracy': 0.6256}, 1000.0543776999984)
[92mINFO [0m:      configure_evaluate: no clients selected, skipping evaluation
[92mINFO [0m:      
[92mINFO [0m:      [ROUND 46]
[92mINFO [0m:      configure_fit: strategy sampled 5 clients (out of 10)
[92mINFO [0m:      aggregate_fit: received 5 results and 0 failures
[92mINFO [0m:      fit progress: (46, 1.1781955572623242, {'accuracy': 0.6008}, 1020.7558496000129)
[92mINFO [0m:      configure_evaluate: no clients selected, skipping evaluation
[92mINFO [0m:      
[92mINFO [0m:      [ROUND 47]
[92mINFO [0m:      configure_fit: strategy sampled 5 clients (out of 10)
[92mINFO [0m:      aggregate_fit: received 5 results and 0 failures
[92mINFO [0m:      fit progress: (47, 1.3884920198706132, {'accuracy': 0.5633}, 1041.3263251000026)
[92mINFO [0m:      configure_evaluate: no clients selected, skipping evaluation
[92mINFO [0m:      
[92mINFO [0m:      [ROUND 48]
[92mINFO [0m:      configure_fit: strategy sampled 5 clients (out of 10)
[92mINFO [0m:      aggregate_fit: received 5 results and 0 failures
[92mINFO [0m:      fit progress: (48, 1.1438833852357502, {'accuracy': 0.6667}, 1062.153235900012)
[92mINFO [0m:      configure_evaluate: no clients selected, skipping evaluation
[92mINFO [0m:      
[92mINFO [0m:      [ROUND 49]
[92mINFO [0m:      configure_fit: strategy sampled 5 clients (out of 10)
[92mINFO [0m:      aggregate_fit: received 5 results and 0 failures
[92mINFO [0m:      fit progress: (49, 0.924519190305396, {'accuracy': 0.6725}, 1082.7618488000007)
[92mINFO [0m:      configure_evaluate: no clients selected, skipping evaluation
[92mINFO [0m:      
[92mINFO [0m:      [ROUND 50]
[92mINFO [0m:      configure_fit: strategy sampled 5 clients (out of 10)
[92mINFO [0m:      aggregate_fit: received 5 results and 0 failures
[92mINFO [0m:      fit progress: (50, 0.9326139001906673, {'accuracy': 0.6805}, 1107.8272459)
[92mINFO [0m:      configure_evaluate: no clients selected, skipping evaluation
[92mINFO [0m:      
[92mINFO [0m:      [ROUND 51]
[92mINFO [0m:      configure_fit: strategy sampled 5 clients (out of 10)
[92mINFO [0m:      aggregate_fit: received 5 results and 0 failures
[92mINFO [0m:      fit progress: (51, 0.8529134249385399, {'accuracy': 0.703}, 1128.4803097000113)
[92mINFO [0m:      configure_evaluate: no clients selected, skipping evaluation
[92mINFO [0m:      
[92mINFO [0m:      [ROUND 52]
[92mINFO [0m:      configure_fit: strategy sampled 5 clients (out of 10)
[92mINFO [0m:      aggregate_fit: received 5 results and 0 failures
[92mINFO [0m:      fit progress: (52, 1.2265171272845208, {'accuracy': 0.6465}, 1149.33222750001)
[92mINFO [0m:      configure_evaluate: no clients selected, skipping evaluation
[92mINFO [0m:      
[92mINFO [0m:      [ROUND 53]
[92mINFO [0m:      configure_fit: strategy sampled 5 clients (out of 10)
[92mINFO [0m:      aggregate_fit: received 5 results and 0 failures
[92mINFO [0m:      fit progress: (53, 1.1328646284115464, {'accuracy': 0.6431}, 1170.0163010999968)
[92mINFO [0m:      configure_evaluate: no clients selected, skipping evaluation
[92mINFO [0m:      
[92mINFO [0m:      [ROUND 54]
[92mINFO [0m:      configure_fit: strategy sampled 5 clients (out of 10)
[92mINFO [0m:      aggregate_fit: received 5 results and 0 failures
[92mINFO [0m:      fit progress: (54, 0.8703095686586597, {'accuracy': 0.695}, 1190.8311976999976)
[92mINFO [0m:      configure_evaluate: no clients selected, skipping evaluation
[92mINFO [0m:      
[92mINFO [0m:      [ROUND 55]
[92mINFO [0m:      configure_fit: strategy sampled 5 clients (out of 10)
[92mINFO [0m:      aggregate_fit: received 5 results and 0 failures
[92mINFO [0m:      fit progress: (55, 1.1210802785957916, {'accuracy': 0.6765}, 1211.3507158000139)
[92mINFO [0m:      configure_evaluate: no clients selected, skipping evaluation
[92mINFO [0m:      
[92mINFO [0m:      [ROUND 56]
[92mINFO [0m:      configure_fit: strategy sampled 5 clients (out of 10)
[92mINFO [0m:      aggregate_fit: received 5 results and 0 failures
[92mINFO [0m:      fit progress: (56, 1.909710138658934, {'accuracy': 0.6127}, 1232.2164712999947)
[92mINFO [0m:      configure_evaluate: no clients selected, skipping evaluation
[92mINFO [0m:      
[92mINFO [0m:      [ROUND 57]
[92mINFO [0m:      configure_fit: strategy sampled 5 clients (out of 10)
[92mINFO [0m:      aggregate_fit: received 5 results and 0 failures
[92mINFO [0m:      fit progress: (57, 1.203499964520901, {'accuracy': 0.6255}, 1257.3777463000151)
[92mINFO [0m:      configure_evaluate: no clients selected, skipping evaluation
[92mINFO [0m:      
[92mINFO [0m:      [ROUND 58]
[92mINFO [0m:      configure_fit: strategy sampled 5 clients (out of 10)
[92mINFO [0m:      aggregate_fit: received 5 results and 0 failures
[92mINFO [0m:      fit progress: (58, 1.0033046399490744, {'accuracy': 0.6394}, 1278.111820799997)
[92mINFO [0m:      configure_evaluate: no clients selected, skipping evaluation
[92mINFO [0m:      
[92mINFO [0m:      [ROUND 59]
[92mINFO [0m:      configure_fit: strategy sampled 5 clients (out of 10)
[92mINFO [0m:      aggregate_fit: received 5 results and 0 failures
[92mINFO [0m:      fit progress: (59, 0.9935987078690831, {'accuracy': 0.6573}, 1298.8688864000142)
[92mINFO [0m:      configure_evaluate: no clients selected, skipping evaluation
[92mINFO [0m:      
[92mINFO [0m:      [ROUND 60]
[92mINFO [0m:      configure_fit: strategy sampled 5 clients (out of 10)
[92mINFO [0m:      aggregate_fit: received 5 results and 0 failures
[92mINFO [0m:      fit progress: (60, 1.0305457869662513, {'accuracy': 0.6617}, 1319.7705045000184)
[92mINFO [0m:      configure_evaluate: no clients selected, skipping evaluation
[92mINFO [0m:      
[92mINFO [0m:      [SUMMARY]
[92mINFO [0m:      Run finished 60 round(s) in 1319.77s
[92mINFO [0m:      	History (loss, centralized):
[92mINFO [0m:      		round 0: 3.569974211197865
[92mINFO [0m:      		round 1: 3.2208497131927105
[92mINFO [0m:      		round 2: 2.096807353104217
[92mINFO [0m:      		round 3: 1.870359801038911
[92mINFO [0m:      		round 4: 2.4782498305356957
[92mINFO [0m:      		round 5: 1.7506379553034335
[92mINFO [0m:      		round 6: 1.6781015697913835
[92mINFO [0m:      		round 7: 1.7627157727374305
[92mINFO [0m:      		round 8: 1.630136489868164
[92mINFO [0m:      		round 9: 2.067701232584217
[92mINFO [0m:      		round 10: 1.968061400365226
[92mINFO [0m:      		round 11: 1.3679321808151053
[92mINFO [0m:      		round 12: 1.3154222678534593
[92mINFO [0m:      		round 13: 1.4608442888984197
[92mINFO [0m:      		round 14: 1.4377217398414128
[92mINFO [0m:      		round 15: 1.6723512426207336
[92mINFO [0m:      		round 16: 1.6355698817892919
[92mINFO [0m:      		round 17: 1.39454121076608
[92mINFO [0m:      		round 18: 1.68518882461741
[92mINFO [0m:      		round 19: 1.467575252810611
[92mINFO [0m:      		round 20: 1.5096262089813812
[92mINFO [0m:      		round 21: 1.432082776781879
[92mINFO [0m:      		round 22: 1.3772118891341776
[92mINFO [0m:      		round 23: 1.8277809529364863
[92mINFO [0m:      		round 24: 1.2337736781639388
[92mINFO [0m:      		round 25: 1.5105872425851943
[92mINFO [0m:      		round 26: 1.32153957252261
[92mINFO [0m:      		round 27: 1.4491661062723473
[92mINFO [0m:      		round 28: 1.50487106963049
[92mINFO [0m:      		round 29: 1.2553377483464494
[92mINFO [0m:      		round 30: 1.125122546395169
[92mINFO [0m:      		round 31: 1.2622504981258247
[92mINFO [0m:      		round 32: 1.4465328424791746
[92mINFO [0m:      		round 33: 1.6988121889814545
[92mINFO [0m:      		round 34: 1.1361074123201491
[92mINFO [0m:      		round 35: 1.2653812366195871
[92mINFO [0m:      		round 36: 1.2145203819757775
[92mINFO [0m:      		round 37: 1.030204254615156
[92mINFO [0m:      		round 38: 1.0197080743463733
[92mINFO [0m:      		round 39: 1.071989210346077
[92mINFO [0m:      		round 40: 1.723491197899927
[92mINFO [0m:      		round 41: 1.328410791445382
[92mINFO [0m:      		round 42: 1.075063377241545
[92mINFO [0m:      		round 43: 1.6115938304345818
[92mINFO [0m:      		round 44: 0.981886478164528
[92mINFO [0m:      		round 45: 1.1639455715312232
[92mINFO [0m:      		round 46: 1.1781955572623242
[92mINFO [0m:      		round 47: 1.3884920198706132
[92mINFO [0m:      		round 48: 1.1438833852357502
[92mINFO [0m:      		round 49: 0.924519190305396
[92mINFO [0m:      		round 50: 0.9326139001906673
[92mINFO [0m:      		round 51: 0.8529134249385399
[92mINFO [0m:      		round 52: 1.2265171272845208
[92mINFO [0m:      		round 53: 1.1328646284115464
[92mINFO [0m:      		round 54: 0.8703095686586597
[92mINFO [0m:      		round 55: 1.1210802785957916
[92mINFO [0m:      		round 56: 1.909710138658934
[92mINFO [0m:      		round 57: 1.203499964520901
[92mINFO [0m:      		round 58: 1.0033046399490744
[92mINFO [0m:      		round 59: 0.9935987078690831
[92mINFO [0m:      		round 60: 1.0305457869662513
[92mINFO [0m:      	History (metrics, distributed, fit):
[92mINFO [0m:      	{'accuracy': [(1, 0.1897),
[92mINFO [0m:      	              (2, 0.3016),
[92mINFO [0m:      	              (3, 0.3344),
[92mINFO [0m:      	              (4, 0.3446),
[92mINFO [0m:      	              (5, 0.3614),
[92mINFO [0m:      	              (6, 0.387),
[92mINFO [0m:      	              (7, 0.4251),
[92mINFO [0m:      	              (8, 0.4182),
[92mINFO [0m:      	              (9, 0.3868),
[92mINFO [0m:      	              (10, 0.4087),
[92mINFO [0m:      	              (11, 0.4779),
[92mINFO [0m:      	              (12, 0.5321),
[92mINFO [0m:      	              (13, 0.4872),
[92mINFO [0m:      	              (14, 0.4833),
[92mINFO [0m:      	              (15, 0.4593),
[92mINFO [0m:      	              (16, 0.4882),
[92mINFO [0m:      	              (17, 0.5248),
[92mINFO [0m:      	              (18, 0.4936),
[92mINFO [0m:      	              (19, 0.5637),
[92mINFO [0m:      	              (20, 0.5565),
[92mINFO [0m:      	              (21, 0.5498),
[92mINFO [0m:      	              (22, 0.587),
[92mINFO [0m:      	              (23, 0.504),
[92mINFO [0m:      	              (24, 0.5598),
[92mINFO [0m:      	              (25, 0.5288),
[92mINFO [0m:      	              (26, 0.5643),
[92mINFO [0m:      	              (27, 0.5794),
[92mINFO [0m:      	              (28, 0.5415),
[92mINFO [0m:      	              (29, 0.5863),
[92mINFO [0m:      	              (30, 0.5791),
[92mINFO [0m:      	              (31, 0.6035),
[92mINFO [0m:      	              (32, 0.5497),
[92mINFO [0m:      	              (33, 0.5238),
[92mINFO [0m:      	              (34, 0.5802),
[92mINFO [0m:      	              (35, 0.601),
[92mINFO [0m:      	              (36, 0.5836),
[92mINFO [0m:      	              (37, 0.6297),
[92mINFO [0m:      	              (38, 0.6432),
[92mINFO [0m:      	              (39, 0.6142),
[92mINFO [0m:      	              (40, 0.5947),
[92mINFO [0m:      	              (41, 0.6286),
[92mINFO [0m:      	              (42, 0.6252),
[92mINFO [0m:      	              (43, 0.5612),
[92mINFO [0m:      	              (44, 0.6599),
[92mINFO [0m:      	              (45, 0.6256),
[92mINFO [0m:      	              (46, 0.6008),
[92mINFO [0m:      	              (47, 0.5633),
[92mINFO [0m:      	              (48, 0.6667),
[92mINFO [0m:      	              (49, 0.6725),
[92mINFO [0m:      	              (50, 0.6805),
[92mINFO [0m:      	              (51, 0.703),
[92mINFO [0m:      	              (52, 0.6465),
[92mINFO [0m:      	              (53, 0.6431),
[92mINFO [0m:      	              (54, 0.695),
[92mINFO [0m:      	              (55, 0.6765),
[92mINFO [0m:      	              (56, 0.6127),
[92mINFO [0m:      	              (57, 0.6255),
[92mINFO [0m:      	              (58, 0.6394),
[92mINFO [0m:      	              (59, 0.6573),
[92mINFO [0m:      	              (60, 0.6617)],
[92mINFO [0m:      	 'avg_per': [(1, 0.059379999999999974),
[92mINFO [0m:      	             (2, 0.039223999999999974),
[92mINFO [0m:      	             (3, 0.07176399999999994),
[92mINFO [0m:      	             (4, 0.07137999999999994),
[92mINFO [0m:      	             (5, 0.04800799999999996),
[92mINFO [0m:      	             (6, 0.15600599999999992),
[92mINFO [0m:      	             (7, 0.05444999999999994),
[92mINFO [0m:      	             (8, 0.04362199999999996),
[92mINFO [0m:      	             (9, 0.13820799999999997),
[92mINFO [0m:      	             (10, 0.06721399999999994),
[92mINFO [0m:      	             (11, 0.07130799999999997),
[92mINFO [0m:      	             (12, 0.05629599999999996),
[92mINFO [0m:      	             (13, 0.05178399999999996),
[92mINFO [0m:      	             (14, 0.051607999999999946),
[92mINFO [0m:      	             (15, 0.03986399999999996),
[92mINFO [0m:      	             (16, 0.07058799999999998),
[92mINFO [0m:      	             (17, 0.13960199999999998),
[92mINFO [0m:      	             (18, 0.08271799999999997),
[92mINFO [0m:      	             (19, 0.05522199999999996),
[92mINFO [0m:      	             (20, 0.060113999999999924),
[92mINFO [0m:      	             (21, 0.04360599999999996),
[92mINFO [0m:      	             (22, 0.05947399999999996),
[92mINFO [0m:      	             (23, 0.05536999999999999),
[92mINFO [0m:      	             (24, 0.03501799999999995),
[92mINFO [0m:      	             (25, 0.06747999999999996),
[92mINFO [0m:      	             (26, 0.05585799999999996),
[92mINFO [0m:      	             (27, 0.04360399999999996),
[92mINFO [0m:      	             (28, 0.04776799999999998),
[92mINFO [0m:      	             (29, 0.08730199999999996),
[92mINFO [0m:      	             (30, 0.06737799999999998),
[92mINFO [0m:      	             (31, 0.14084199999999997),
[92mINFO [0m:      	             (32, 0.049777999999999954),
[92mINFO [0m:      	             (33, 0.03521799999999996),
[92mINFO [0m:      	             (34, 0.05921999999999994),
[92mINFO [0m:      	             (35, 0.06709799999999996),
[92mINFO [0m:      	             (36, 0.212354),
[92mINFO [0m:      	             (37, 0.06963799999999995),
[92mINFO [0m:      	             (38, 0.05994599999999996),
[92mINFO [0m:      	             (39, 0.04890599999999996),
[92mINFO [0m:      	             (40, 0.0559579999999999),
[92mINFO [0m:      	             (41, 0.03953399999999996),
[92mINFO [0m:      	             (42, 0.04314399999999998),
[92mINFO [0m:      	             (43, 0.07521799999999998),
[92mINFO [0m:      	             (44, 0.055529999999999954),
[92mINFO [0m:      	             (45, 0.05490999999999996),
[92mINFO [0m:      	             (46, 0.06313999999999995),
[92mINFO [0m:      	             (47, 0.03929999999999998),
[92mINFO [0m:      	             (48, 0.06707599999999998),
[92mINFO [0m:      	             (49, 0.05145399999999996),
[92mINFO [0m:      	             (50, 0.04356399999999994),
[92mINFO [0m:      	             (51, 0.06275399999999993),
[92mINFO [0m:      	             (52, 0.047687999999999946),
[92mINFO [0m:      	             (53, 0.05985599999999993),
[92mINFO [0m:      	             (54, 0.06331999999999995),
[92mINFO [0m:      	             (55, 0.04416599999999994),
[92mINFO [0m:      	             (56, 0.06199799999999994),
[92mINFO [0m:      	             (57, 0.059533999999999934),
[92mINFO [0m:      	             (58, 0.07381399999999992),
[92mINFO [0m:      	             (59, 0.08237599999999996),
[92mINFO [0m:      	             (60, 0.04800999999999994)],
[92mINFO [0m:      	 'bw_factor': [(1, 1.0),
[92mINFO [0m:      	               (2, 0.8),
[92mINFO [0m:      	               (3, 0.8546961910223584),
[92mINFO [0m:      	               (4, 0.8790624923807108),
[92mINFO [0m:      	               (5, 0.8886692414025446),
[92mINFO [0m:      	               (6, 0.8933425061510347),
[92mINFO [0m:      	               (7, 0.9316263642235442),
[92mINFO [0m:      	               (8, 0.9316694778430323),
[92mINFO [0m:      	               (9, 0.9313528463209898),
[92mINFO [0m:      	               (10, 0.9144313777902121),
[92mINFO [0m:      	               (11, 0.8897470153806613),
[92mINFO [0m:      	               (12, 0.8897342402913254),
[92mINFO [0m:      	               (13, 0.8953415900578326),
[92mINFO [0m:      	               (14, 0.8834887635294469),
[92mINFO [0m:      	               (15, 0.9056915176364974),
[92mINFO [0m:      	               (16, 0.9052005710617917),
[92mINFO [0m:      	               (17, 0.9243926165115373),
[92mINFO [0m:      	               (18, 0.8112359735132788),
[92mINFO [0m:      	               (19, 0.8533423206475538),
[92mINFO [0m:      	               (20, 0.8558785199399196),
[92mINFO [0m:      	               (21, 0.8558704891066637),
[92mINFO [0m:      	               (22, 0.845421311487653),
[92mINFO [0m:      	               (23, 0.8366770722400854),
[92mINFO [0m:      	               (24, 0.8365916911018245),
[92mINFO [0m:      	               (25, 0.8365146885192305),
[92mINFO [0m:      	               (26, 0.8016743005383218),
[92mINFO [0m:      	               (27, 0.8009158627328884),
[92mINFO [0m:      	               (28, 0.8002953699074398),
[92mINFO [0m:      	               (29, 0.8008386220460662),
[92mINFO [0m:      	               (30, 0.9323621640830679),
[92mINFO [0m:      	               (31, 0.932393148269499),
[92mINFO [0m:      	               (32, 0.9299385900675697),
[92mINFO [0m:      	               (33, 0.9300076070700731),
[92mINFO [0m:      	               (34, 0.8353193694427526),
[92mINFO [0m:      	               (35, 0.8351468611372441),
[92mINFO [0m:      	               (36, 0.8426982751668198),
[92mINFO [0m:      	               (37, 0.8425027602260747),
[92mINFO [0m:      	               (38, 0.8513974713819428),
[92mINFO [0m:      	               (39, 0.9012813890741486),
[92mINFO [0m:      	               (40, 0.9085508918664535),
[92mINFO [0m:      	               (41, 0.9086358833030227),
[92mINFO [0m:      	               (42, 0.9086439985730881),
[92mINFO [0m:      	               (43, 0.8010362223061829),
[92mINFO [0m:      	               (44, 0.8111110041747633),
[92mINFO [0m:      	               (45, 0.9342027923321812),
[92mINFO [0m:      	               (46, 0.9342041370602961),
[92mINFO [0m:      	               (47, 0.934228392418238),
[92mINFO [0m:      	               (48, 0.9346314365232222),
[92mINFO [0m:      	               (49, 0.8002481485786472),
[92mINFO [0m:      	               (50, 0.8001591418527436),
[92mINFO [0m:      	               (51, 0.9260501216810242),
[92mINFO [0m:      	               (52, 0.9260391555756968),
[92mINFO [0m:      	               (53, 0.9260362252870364),
[92mINFO [0m:      	               (54, 0.9244813476839258),
[92mINFO [0m:      	               (55, 0.8246869413595007),
[92mINFO [0m:      	               (56, 0.8246685694903048),
[92mINFO [0m:      	               (57, 0.8242081139004601),
[92mINFO [0m:      	               (58, 0.885498892755734),
[92mINFO [0m:      	               (59, 0.8853759260356237),
[92mINFO [0m:      	               (60, 0.8854499563366209)],
[92mINFO [0m:      	 'energy': [(1, 69.66527764109239),
[92mINFO [0m:      	            (2, 153.77355505686862),
[92mINFO [0m:      	            (3, 55.516024597067606),
[92mINFO [0m:      	            (4, 63.4396734391468),
[92mINFO [0m:      	            (5, 55.292786959146824),
[92mINFO [0m:      	            (6, 474.18074222044993),
[92mINFO [0m:      	            (7, 55.107151635292865),
[92mINFO [0m:      	            (8, 66.44248484179751),
[92mINFO [0m:      	            (9, 215.76947710683027),
[92mINFO [0m:      	            (10, 279.9190079255053),
[92mINFO [0m:      	            (11, 55.1786714419538),
[92mINFO [0m:      	            (12, 503.9180219998598),
[92mINFO [0m:      	            (13, 335.22653509266195),
[92mINFO [0m:      	            (14, 56.15164927402277),
[92mINFO [0m:      	            (15, 60.12660797861944),
[92mINFO [0m:      	            (16, 55.407231539885856),
[92mINFO [0m:      	            (17, 55.309323628128396),
[92mINFO [0m:      	            (18, 88.37536980568422),
[92mINFO [0m:      	            (19, 55.6438569713446),
[92mINFO [0m:      	            (20, 55.421426097062394),
[92mINFO [0m:      	            (21, 73.77832235303562),
[92mINFO [0m:      	            (22, 56.15022681680816),
[92mINFO [0m:      	            (23, 55.76984251417398),
[92mINFO [0m:      	            (24, 55.53504852427527),
[92mINFO [0m:      	            (25, 55.26554231224983),
[92mINFO [0m:      	            (26, 55.48738629844115),
[92mINFO [0m:      	            (27, 55.52414931928926),
[92mINFO [0m:      	            (28, 55.73730955386194),
[92mINFO [0m:      	            (29, 472.70211027282585),
[92mINFO [0m:      	            (30, 55.1944604922201),
[92mINFO [0m:      	            (31, 78.72964615607825),
[92mINFO [0m:      	            (32, 55.08481989930061),
[92mINFO [0m:      	            (33, 70.29602890303977),
[92mINFO [0m:      	            (34, 55.46609084925348),
[92mINFO [0m:      	            (35, 84.27028546500665),
[92mINFO [0m:      	            (36, 55.41434189668571),
[92mINFO [0m:      	            (37, 55.304831938364174),
[92mINFO [0m:      	            (38, 200.11804071838776),
[92mINFO [0m:      	            (39, 55.17511234914813),
[92mINFO [0m:      	            (40, 55.07417550140487),
[92mINFO [0m:      	            (41, 55.27235169945618),
[92mINFO [0m:      	            (42, 55.55768056924059),
[92mINFO [0m:      	            (43, 59.72546881210732),
[92mINFO [0m:      	            (44, 539.8280020976442),
[92mINFO [0m:      	            (45, 55.25783326162295),
[92mINFO [0m:      	            (46, 55.295806140882405),
[92mINFO [0m:      	            (47, 55.373978933090434),
[92mINFO [0m:      	            (48, 55.29347791344029),
[92mINFO [0m:      	            (49, 55.37984266758282),
[92mINFO [0m:      	            (50, 346.65583119591855),
[92mINFO [0m:      	            (51, 55.45000822023522),
[92mINFO [0m:      	            (52, 55.313793946464166),
[92mINFO [0m:      	            (53, 66.15999042586782),
[92mINFO [0m:      	            (54, 55.05041303113357),
[92mINFO [0m:      	            (55, 55.47431787403734),
[92mINFO [0m:      	            (56, 55.92306869477744),
[92mINFO [0m:      	            (57, 129.02708706193957),
[92mINFO [0m:      	            (58, 55.36773378516156),
[92mINFO [0m:      	            (59, 55.2832795921972),
[92mINFO [0m:      	            (60, 55.809153617738154)],
[92mINFO [0m:      	 'est_upload_time': [(1, 8.557277641092394),
[92mINFO [0m:      	                     (2, 86.38555505686861),
[92mINFO [0m:      	                     (3, 2.752024597067603),
[92mINFO [0m:      	                     (4, 10.675673439146799),
[92mINFO [0m:      	                     (5, 2.5287869591468177),
[92mINFO [0m:      	                     (6, 395.21674222044993),
[92mINFO [0m:      	                     (7, 2.343151635292865),
[92mINFO [0m:      	                     (8, 13.678484841797514),
[92mINFO [0m:      	                     (9, 113.60147710683026),
[92mINFO [0m:      	                     (10, 201.3230079255053),
[92mINFO [0m:      	                     (11, 2.4146714419538013),
[92mINFO [0m:      	                     (12, 404.97002199985974),
[92mINFO [0m:      	                     (13, 258.746535092662),
[92mINFO [0m:      	                     (14, 3.387649274022772),
[92mINFO [0m:      	                     (15, 7.36260797861944),
[92mINFO [0m:      	                     (16, 2.6432315398858632),
[92mINFO [0m:      	                     (17, 2.545323628128389),
[92mINFO [0m:      	                     (18, 26.131369805684233),
[92mINFO [0m:      	                     (19, 2.8798569713445965),
[92mINFO [0m:      	                     (20, 2.6574260970624),
[92mINFO [0m:      	                     (21, 21.01432235303562),
[92mINFO [0m:      	                     (22, 3.3862268168081515),
[92mINFO [0m:      	                     (23, 3.0058425141739846),
[92mINFO [0m:      	                     (24, 2.7710485242752667),
[92mINFO [0m:      	                     (25, 2.501542312249825),
[92mINFO [0m:      	                     (26, 2.72338629844115),
[92mINFO [0m:      	                     (27, 2.7601493192892557),
[92mINFO [0m:      	                     (28, 2.97330955386194),
[92mINFO [0m:      	                     (29, 393.1381102728259),
[92mINFO [0m:      	                     (30, 2.4304604922201025),
[92mINFO [0m:      	                     (31, 16.873646156078248),
[92mINFO [0m:      	                     (32, 2.320819899300602),
[92mINFO [0m:      	                     (33, 17.53202890303976),
[92mINFO [0m:      	                     (34, 2.7020908492534845),
[92mINFO [0m:      	                     (35, 22.41428546500667),
[92mINFO [0m:      	                     (36, 2.650341896685716),
[92mINFO [0m:      	                     (37, 2.5408319383641715),
[92mINFO [0m:      	                     (38, 124.75004071838777),
[92mINFO [0m:      	                     (39, 2.4111123491481345),
[92mINFO [0m:      	                     (40, 2.3101755014048773),
[92mINFO [0m:      	                     (41, 2.508351699456179),
[92mINFO [0m:      	                     (42, 2.793680569240589),
[92mINFO [0m:      	                     (43, 6.96146881210732),
[92mINFO [0m:      	                     (44, 439.3760020976443),
[92mINFO [0m:      	                     (45, 2.4938332616229433),
[92mINFO [0m:      	                     (46, 2.5318061408824066),
[92mINFO [0m:      	                     (47, 2.609978933090443),
[92mINFO [0m:      	                     (48, 2.5294779134402923),
[92mINFO [0m:      	                     (49, 2.615842667582821),
[92mINFO [0m:      	                     (50, 272.00783119591847),
[92mINFO [0m:      	                     (51, 2.6860082202352182),
[92mINFO [0m:      	                     (52, 2.549793946464164),
[92mINFO [0m:      	                     (53, 13.395990425867819),
[92mINFO [0m:      	                     (54, 2.286413031133566),
[92mINFO [0m:      	                     (55, 2.710317874037338),
[92mINFO [0m:      	                     (56, 3.159068694777435),
[92mINFO [0m:      	                     (57, 57.091087061939575),
[92mINFO [0m:      	                     (58, 2.6037337851615647),
[92mINFO [0m:      	                     (59, 2.5192795921971882),
[92mINFO [0m:      	                     (60, 3.0451536177381553)],
[92mINFO [0m:      	 'jain': [(1, 0.49999999999999),
[92mINFO [0m:      	          (2, 0.5555555555555525),
[92mINFO [0m:      	          (3, 0.5769230769230754),
[92mINFO [0m:      	          (4, 0.5714285714285706),
[92mINFO [0m:      	          (5, 0.5405405405405398),
[92mINFO [0m:      	          (6, 0.5882352941176462),
[92mINFO [0m:      	          (7, 0.5882352941176462),
[92mINFO [0m:      	          (8, 0.5882352941176462),
[92mINFO [0m:      	          (9, 0.6896551724137919),
[92mINFO [0m:      	          (10, 0.7407407407407394),
[92mINFO [0m:      	          (11, 0.7407407407407394),
[92mINFO [0m:      	          (12, 0.7999999999999984),
[92mINFO [0m:      	          (13, 0.7407407407407394),
[92mINFO [0m:      	          (14, 0.6666666666666655),
[92mINFO [0m:      	          (15, 0.6666666666666655),
[92mINFO [0m:      	          (16, 0.5882352941176462),
[92mINFO [0m:      	          (17, 0.49999999999999933),
[92mINFO [0m:      	          (18, 0.5405405405405398),
[92mINFO [0m:      	          (19, 0.5405405405405398),
[92mINFO [0m:      	          (20, 0.5405405405405398),
[92mINFO [0m:      	          (21, 0.5405405405405398),
[92mINFO [0m:      	          (22, 0.49999999999999933),
[92mINFO [0m:      	          (23, 0.49999999999999933),
[92mINFO [0m:      	          (24, 0.49999999999999933),
[92mINFO [0m:      	          (25, 0.49999999999999933),
[92mINFO [0m:      	          (26, 0.49999999999999933),
[92mINFO [0m:      	          (27, 0.49999999999999933),
[92mINFO [0m:      	          (28, 0.49999999999999933),
[92mINFO [0m:      	          (29, 0.5882352941176462),
[92mINFO [0m:      	          (30, 0.5882352941176462),
[92mINFO [0m:      	          (31, 0.624999999999999),
[92mINFO [0m:      	          (32, 0.624999999999999),
[92mINFO [0m:      	          (33, 0.5405405405405398),
[92mINFO [0m:      	          (34, 0.5405405405405398),
[92mINFO [0m:      	          (35, 0.5405405405405398),
[92mINFO [0m:      	          (36, 0.5405405405405398),
[92mINFO [0m:      	          (37, 0.5405405405405398),
[92mINFO [0m:      	          (38, 0.5882352941176462),
[92mINFO [0m:      	          (39, 0.5405405405405398),
[92mINFO [0m:      	          (40, 0.5405405405405398),
[92mINFO [0m:      	          (41, 0.5405405405405398),
[92mINFO [0m:      	          (42, 0.49999999999999933),
[92mINFO [0m:      	          (43, 0.49999999999999933),
[92mINFO [0m:      	          (44, 0.6451612903225796),
[92mINFO [0m:      	          (45, 0.6451612903225796),
[92mINFO [0m:      	          (46, 0.6451612903225796),
[92mINFO [0m:      	          (47, 0.6451612903225796),
[92mINFO [0m:      	          (48, 0.49999999999999933),
[92mINFO [0m:      	          (49, 0.49999999999999933),
[92mINFO [0m:      	          (50, 0.5405405405405398),
[92mINFO [0m:      	          (51, 0.5405405405405398),
[92mINFO [0m:      	          (52, 0.5405405405405398),
[92mINFO [0m:      	          (53, 0.5405405405405398),
[92mINFO [0m:      	          (54, 0.49999999999999933),
[92mINFO [0m:      	          (55, 0.49999999999999933),
[92mINFO [0m:      	          (56, 0.49999999999999933),
[92mINFO [0m:      	          (57, 0.5882352941176462),
[92mINFO [0m:      	          (58, 0.5882352941176462),
[92mINFO [0m:      	          (59, 0.5882352941176462),
[92mINFO [0m:      	          (60, 0.5882352941176462)],
[92mINFO [0m:      	 'loss': [(1, 3.2208497131927105),
[92mINFO [0m:      	          (2, 2.096807353104217),
[92mINFO [0m:      	          (3, 1.870359801038911),
[92mINFO [0m:      	          (4, 2.4782498305356957),
[92mINFO [0m:      	          (5, 1.7506379553034335),
[92mINFO [0m:      	          (6, 1.6781015697913835),
[92mINFO [0m:      	          (7, 1.7627157727374305),
[92mINFO [0m:      	          (8, 1.630136489868164),
[92mINFO [0m:      	          (9, 2.067701232584217),
[92mINFO [0m:      	          (10, 1.968061400365226),
[92mINFO [0m:      	          (11, 1.3679321808151053),
[92mINFO [0m:      	          (12, 1.3154222678534593),
[92mINFO [0m:      	          (13, 1.4608442888984197),
[92mINFO [0m:      	          (14, 1.4377217398414128),
[92mINFO [0m:      	          (15, 1.6723512426207336),
[92mINFO [0m:      	          (16, 1.6355698817892919),
[92mINFO [0m:      	          (17, 1.39454121076608),
[92mINFO [0m:      	          (18, 1.68518882461741),
[92mINFO [0m:      	          (19, 1.467575252810611),
[92mINFO [0m:      	          (20, 1.5096262089813812),
[92mINFO [0m:      	          (21, 1.432082776781879),
[92mINFO [0m:      	          (22, 1.3772118891341776),
[92mINFO [0m:      	          (23, 1.8277809529364863),
[92mINFO [0m:      	          (24, 1.2337736781639388),
[92mINFO [0m:      	          (25, 1.5105872425851943),
[92mINFO [0m:      	          (26, 1.32153957252261),
[92mINFO [0m:      	          (27, 1.4491661062723473),
[92mINFO [0m:      	          (28, 1.50487106963049),
[92mINFO [0m:      	          (29, 1.2553377483464494),
[92mINFO [0m:      	          (30, 1.125122546395169),
[92mINFO [0m:      	          (31, 1.2622504981258247),
[92mINFO [0m:      	          (32, 1.4465328424791746),
[92mINFO [0m:      	          (33, 1.6988121889814545),
[92mINFO [0m:      	          (34, 1.1361074123201491),
[92mINFO [0m:      	          (35, 1.2653812366195871),
[92mINFO [0m:      	          (36, 1.2145203819757775),
[92mINFO [0m:      	          (37, 1.030204254615156),
[92mINFO [0m:      	          (38, 1.0197080743463733),
[92mINFO [0m:      	          (39, 1.071989210346077),
[92mINFO [0m:      	          (40, 1.723491197899927),
[92mINFO [0m:      	          (41, 1.328410791445382),
[92mINFO [0m:      	          (42, 1.075063377241545),
[92mINFO [0m:      	          (43, 1.6115938304345818),
[92mINFO [0m:      	          (44, 0.981886478164528),
[92mINFO [0m:      	          (45, 1.1639455715312232),
[92mINFO [0m:      	          (46, 1.1781955572623242),
[92mINFO [0m:      	          (47, 1.3884920198706132),
[92mINFO [0m:      	          (48, 1.1438833852357502),
[92mINFO [0m:      	          (49, 0.924519190305396),
[92mINFO [0m:      	          (50, 0.9326139001906673),
[92mINFO [0m:      	          (51, 0.8529134249385399),
[92mINFO [0m:      	          (52, 1.2265171272845208),
[92mINFO [0m:      	          (53, 1.1328646284115464),
[92mINFO [0m:      	          (54, 0.8703095686586597),
[92mINFO [0m:      	          (55, 1.1210802785957916),
[92mINFO [0m:      	          (56, 1.909710138658934),
[92mINFO [0m:      	          (57, 1.203499964520901),
[92mINFO [0m:      	          (58, 1.0033046399490744),
[92mINFO [0m:      	          (59, 0.9935987078690831),
[92mINFO [0m:      	          (60, 1.0305457869662513)],
[92mINFO [0m:      	 'mode': [(1, 'semi_sync'),
[92mINFO [0m:      	          (2, 'semi_sync'),
[92mINFO [0m:      	          (3, 'semi_sync'),
[92mINFO [0m:      	          (4, 'semi_sync'),
[92mINFO [0m:      	          (5, 'semi_sync'),
[92mINFO [0m:      	          (6, 'semi_sync'),
[92mINFO [0m:      	          (7, 'semi_sync'),
[92mINFO [0m:      	          (8, 'semi_sync'),
[92mINFO [0m:      	          (9, 'semi_sync'),
[92mINFO [0m:      	          (10, 'semi_sync'),
[92mINFO [0m:      	          (11, 'semi_sync'),
[92mINFO [0m:      	          (12, 'semi_sync'),
[92mINFO [0m:      	          (13, 'semi_sync'),
[92mINFO [0m:      	          (14, 'semi_sync'),
[92mINFO [0m:      	          (15, 'semi_sync'),
[92mINFO [0m:      	          (16, 'semi_sync'),
[92mINFO [0m:      	          (17, 'semi_sync'),
[92mINFO [0m:      	          (18, 'semi_sync'),
[92mINFO [0m:      	          (19, 'semi_sync'),
[92mINFO [0m:      	          (20, 'semi_sync'),
[92mINFO [0m:      	          (21, 'semi_sync'),
[92mINFO [0m:      	          (22, 'semi_sync'),
[92mINFO [0m:      	          (23, 'semi_sync'),
[92mINFO [0m:      	          (24, 'semi_sync'),
[92mINFO [0m:      	          (25, 'semi_sync'),
[92mINFO [0m:      	          (26, 'semi_sync'),
[92mINFO [0m:      	          (27, 'semi_sync'),
[92mINFO [0m:      	          (28, 'semi_sync'),
[92mINFO [0m:      	          (29, 'semi_sync'),
[92mINFO [0m:      	          (30, 'semi_sync'),
[92mINFO [0m:      	          (31, 'semi_sync'),
[92mINFO [0m:      	          (32, 'semi_sync'),
[92mINFO [0m:      	          (33, 'semi_sync'),
[92mINFO [0m:      	          (34, 'semi_sync'),
[92mINFO [0m:      	          (35, 'semi_sync'),
[92mINFO [0m:      	          (36, 'semi_sync'),
[92mINFO [0m:      	          (37, 'semi_sync'),
[92mINFO [0m:      	          (38, 'semi_sync'),
[92mINFO [0m:      	          (39, 'semi_sync'),
[92mINFO [0m:      	          (40, 'semi_sync'),
[92mINFO [0m:      	          (41, 'semi_sync'),
[92mINFO [0m:      	          (42, 'semi_sync'),
[92mINFO [0m:      	          (43, 'semi_sync'),
[92mINFO [0m:      	          (44, 'semi_sync'),
[92mINFO [0m:      	          (45, 'semi_sync'),
[92mINFO [0m:      	          (46, 'semi_sync'),
[92mINFO [0m:      	          (47, 'semi_sync'),
[92mINFO [0m:      	          (48, 'semi_sync'),
[92mINFO [0m:      	          (49, 'semi_sync'),
[92mINFO [0m:      	          (50, 'semi_sync'),
[92mINFO [0m:      	          (51, 'semi_sync'),
[92mINFO [0m:      	          (52, 'semi_sync'),
[92mINFO [0m:      	          (53, 'semi_sync'),
[92mINFO [0m:      	          (54, 'semi_sync'),
[92mINFO [0m:      	          (55, 'semi_sync'),
[92mINFO [0m:      	          (56, 'semi_sync'),
[92mINFO [0m:      	          (57, 'semi_sync'),
[92mINFO [0m:      	          (58, 'semi_sync'),
[92mINFO [0m:      	          (59, 'semi_sync'),
[92mINFO [0m:      	          (60, 'semi_sync')],
[92mINFO [0m:      	 'num_exhausted_clients': [(1, 0.0),
[92mINFO [0m:      	                           (2, 0.0),
[92mINFO [0m:      	                           (3, 0.0),
[92mINFO [0m:      	                           (4, 0.0),
[92mINFO [0m:      	                           (5, 0.0),
[92mINFO [0m:      	                           (6, 0.0),
[92mINFO [0m:      	                           (7, 0.0),
[92mINFO [0m:      	                           (8, 0.0),
[92mINFO [0m:      	                           (9, 0.0),
[92mINFO [0m:      	                           (10, 0.0),
[92mINFO [0m:      	                           (11, 0.0),
[92mINFO [0m:      	                           (12, 0.0),
[92mINFO [0m:      	                           (13, 0.0),
[92mINFO [0m:      	                           (14, 0.0),
[92mINFO [0m:      	                           (15, 0.0),
[92mINFO [0m:      	                           (16, 0.0),
[92mINFO [0m:      	                           (17, 0.0),
[92mINFO [0m:      	                           (18, 0.0),
[92mINFO [0m:      	                           (19, 0.0),
[92mINFO [0m:      	                           (20, 0.0),
[92mINFO [0m:      	                           (21, 0.0),
[92mINFO [0m:      	                           (22, 0.0),
[92mINFO [0m:      	                           (23, 0.0),
[92mINFO [0m:      	                           (24, 0.0),
[92mINFO [0m:      	                           (25, 0.0),
[92mINFO [0m:      	                           (26, 0.0),
[92mINFO [0m:      	                           (27, 0.0),
[92mINFO [0m:      	                           (28, 0.0),
[92mINFO [0m:      	                           (29, 0.0),
[92mINFO [0m:      	                           (30, 0.0),
[92mINFO [0m:      	                           (31, 0.0),
[92mINFO [0m:      	                           (32, 0.0),
[92mINFO [0m:      	                           (33, 0.0),
[92mINFO [0m:      	                           (34, 0.0),
[92mINFO [0m:      	                           (35, 0.0),
[92mINFO [0m:      	                           (36, 0.0),
[92mINFO [0m:      	                           (37, 0.0),
[92mINFO [0m:      	                           (38, 0.0),
[92mINFO [0m:      	                           (39, 0.0),
[92mINFO [0m:      	                           (40, 0.0),
[92mINFO [0m:      	                           (41, 0.0),
[92mINFO [0m:      	                           (42, 0.0),
[92mINFO [0m:      	                           (43, 0.0),
[92mINFO [0m:      	                           (44, 0.0),
[92mINFO [0m:      	                           (45, 0.0),
[92mINFO [0m:      	                           (46, 0.0),
[92mINFO [0m:      	                           (47, 0.0),
[92mINFO [0m:      	                           (48, 0.0),
[92mINFO [0m:      	                           (49, 0.0),
[92mINFO [0m:      	                           (50, 0.0),
[92mINFO [0m:      	                           (51, 0.0),
[92mINFO [0m:      	                           (52, 0.0),
[92mINFO [0m:      	                           (53, 0.0),
[92mINFO [0m:      	                           (54, 0.0),
[92mINFO [0m:      	                           (55, 0.0),
[92mINFO [0m:      	                           (56, 0.0),
[92mINFO [0m:      	                           (57, 0.0),
[92mINFO [0m:      	                           (58, 0.0),
[92mINFO [0m:      	                           (59, 0.0),
[92mINFO [0m:      	                           (60, 0.0)],
[92mINFO [0m:      	 'topk': [(1, 5.0),
[92mINFO [0m:      	          (2, 5.0),
[92mINFO [0m:      	          (3, 5.0),
[92mINFO [0m:      	          (4, 5.0),
[92mINFO [0m:      	          (5, 5.0),
[92mINFO [0m:      	          (6, 5.0),
[92mINFO [0m:      	          (7, 5.0),
[92mINFO [0m:      	          (8, 5.0),
[92mINFO [0m:      	          (9, 5.0),
[92mINFO [0m:      	          (10, 5.0),
[92mINFO [0m:      	          (11, 5.0),
[92mINFO [0m:      	          (12, 5.0),
[92mINFO [0m:      	          (13, 5.0),
[92mINFO [0m:      	          (14, 5.0),
[92mINFO [0m:      	          (15, 5.0),
[92mINFO [0m:      	          (16, 5.0),
[92mINFO [0m:      	          (17, 5.0),
[92mINFO [0m:      	          (18, 5.0),
[92mINFO [0m:      	          (19, 5.0),
[92mINFO [0m:      	          (20, 5.0),
[92mINFO [0m:      	          (21, 5.0),
[92mINFO [0m:      	          (22, 5.0),
[92mINFO [0m:      	          (23, 5.0),
[92mINFO [0m:      	          (24, 5.0),
[92mINFO [0m:      	          (25, 5.0),
[92mINFO [0m:      	          (26, 5.0),
[92mINFO [0m:      	          (27, 5.0),
[92mINFO [0m:      	          (28, 5.0),
[92mINFO [0m:      	          (29, 5.0),
[92mINFO [0m:      	          (30, 5.0),
[92mINFO [0m:      	          (31, 5.0),
[92mINFO [0m:      	          (32, 5.0),
[92mINFO [0m:      	          (33, 5.0),
[92mINFO [0m:      	          (34, 5.0),
[92mINFO [0m:      	          (35, 5.0),
[92mINFO [0m:      	          (36, 5.0),
[92mINFO [0m:      	          (37, 5.0),
[92mINFO [0m:      	          (38, 5.0),
[92mINFO [0m:      	          (39, 5.0),
[92mINFO [0m:      	          (40, 5.0),
[92mINFO [0m:      	          (41, 5.0),
[92mINFO [0m:      	          (42, 5.0),
[92mINFO [0m:      	          (43, 5.0),
[92mINFO [0m:      	          (44, 5.0),
[92mINFO [0m:      	          (45, 5.0),
[92mINFO [0m:      	          (46, 5.0),
[92mINFO [0m:      	          (47, 5.0),
[92mINFO [0m:      	          (48, 5.0),
[92mINFO [0m:      	          (49, 5.0),
[92mINFO [0m:      	          (50, 5.0),
[92mINFO [0m:      	          (51, 5.0),
[92mINFO [0m:      	          (52, 5.0),
[92mINFO [0m:      	          (53, 5.0),
[92mINFO [0m:      	          (54, 5.0),
[92mINFO [0m:      	          (55, 5.0),
[92mINFO [0m:      	          (56, 5.0),
[92mINFO [0m:      	          (57, 5.0),
[92mINFO [0m:      	          (58, 5.0),
[92mINFO [0m:      	          (59, 5.0),
[92mINFO [0m:      	          (60, 5.0)]}
[92mINFO [0m:      	History (metrics, centralized):
[92mINFO [0m:      	{'accuracy': [(0, 0.1),
[92mINFO [0m:      	              (1, 0.1897),
[92mINFO [0m:      	              (2, 0.3016),
[92mINFO [0m:      	              (3, 0.3344),
[92mINFO [0m:      	              (4, 0.3446),
[92mINFO [0m:      	              (5, 0.3614),
[92mINFO [0m:      	              (6, 0.387),
[92mINFO [0m:      	              (7, 0.4251),
[92mINFO [0m:      	              (8, 0.4182),
[92mINFO [0m:      	              (9, 0.3868),
[92mINFO [0m:      	              (10, 0.4087),
[92mINFO [0m:      	              (11, 0.4779),
[92mINFO [0m:      	              (12, 0.5321),
[92mINFO [0m:      	              (13, 0.4872),
[92mINFO [0m:      	              (14, 0.4833),
[92mINFO [0m:      	              (15, 0.4593),
[92mINFO [0m:      	              (16, 0.4882),
[92mINFO [0m:      	              (17, 0.5248),
[92mINFO [0m:      	              (18, 0.4936),
[92mINFO [0m:      	              (19, 0.5637),
[92mINFO [0m:      	              (20, 0.5565),
[92mINFO [0m:      	              (21, 0.5498),
[92mINFO [0m:      	              (22, 0.587),
[92mINFO [0m:      	              (23, 0.504),
[92mINFO [0m:      	              (24, 0.5598),
[92mINFO [0m:      	              (25, 0.5288),
[92mINFO [0m:      	              (26, 0.5643),
[92mINFO [0m:      	              (27, 0.5794),
[92mINFO [0m:      	              (28, 0.5415),
[92mINFO [0m:      	              (29, 0.5863),
[92mINFO [0m:      	              (30, 0.5791),
[92mINFO [0m:      	              (31, 0.6035),
[92mINFO [0m:      	              (32, 0.5497),
[92mINFO [0m:      	              (33, 0.5238),
[92mINFO [0m:      	              (34, 0.5802),
[92mINFO [0m:      	              (35, 0.601),
[92mINFO [0m:      	              (36, 0.5836),
[92mINFO [0m:      	              (37, 0.6297),
[92mINFO [0m:      	              (38, 0.6432),
[92mINFO [0m:      	              (39, 0.6142),
[92mINFO [0m:      	              (40, 0.5947),
[92mINFO [0m:      	              (41, 0.6286),
[92mINFO [0m:      	              (42, 0.6252),
[92mINFO [0m:      	              (43, 0.5612),
[92mINFO [0m:      	              (44, 0.6599),
[92mINFO [0m:      	              (45, 0.6256),
[92mINFO [0m:      	              (46, 0.6008),
[92mINFO [0m:      	              (47, 0.5633),
[92mINFO [0m:      	              (48, 0.6667),
[92mINFO [0m:      	              (49, 0.6725),
[92mINFO [0m:      	              (50, 0.6805),
[92mINFO [0m:      	              (51, 0.703),
[92mINFO [0m:      	              (52, 0.6465),
[92mINFO [0m:      	              (53, 0.6431),
[92mINFO [0m:      	              (54, 0.695),
[92mINFO [0m:      	              (55, 0.6765),
[92mINFO [0m:      	              (56, 0.6127),
[92mINFO [0m:      	              (57, 0.6255),
[92mINFO [0m:      	              (58, 0.6394),
[92mINFO [0m:      	              (59, 0.6573),
[92mINFO [0m:      	              (60, 0.6617)]}
[92mINFO [0m:      
