[93mWARNING [0m:   DEPRECATED FEATURE: flwr.simulation.start_simulation() is deprecated.
	Instead, use the `flwr run` CLI command to start a local simulation in your Flower app, as shown for example below:

		$ flwr new  # Create a new Flower app from a template

		$ flwr run  # Run the Flower app in Simulation Mode

	Using `start_simulation()` is deprecated.

            This is a deprecated feature. It will be removed
            entirely in future versions of Flower.
        
[92mINFO [0m:      Starting Flower simulation, config: num_rounds=60, no round_timeout
2026-02-28 18:55:46,358	INFO worker.py:2012 -- Started a local Ray instance.
D:\Code\2025-11\moga-fl\.venv\lib\site-packages\ray\_private\worker.py:2051: FutureWarning: Tip: In future versions of Ray, Ray will no longer override accelerator visible devices env var if num_gpus=0 or num_gpus=None (default). To enable this behavior and turn off this error message, set RAY_ACCEL_ENV_VAR_OVERRIDE_ON_ZERO=0
  warnings.warn(
[92mINFO [0m:      Flower VCE: Ray initialized with resources: {'node:127.0.0.1': 1.0, 'GPU': 1.0, 'memory': 2221910836.0, 'node:__internal_head__': 1.0, 'accelerator_type:G': 1.0, 'object_store_memory': 952247500.0, 'CPU': 16.0}
[92mINFO [0m:      Optimize your simulation with Flower VCE: https://flower.ai/docs/framework/how-to-run-simulations.html
[92mINFO [0m:      Flower VCE: Resources for each Virtual Client: {'num_cpus': 2.0, 'num_gpus': 0.25}
[92mINFO [0m:      Flower VCE: Creating VirtualClientEngineActorPool with 4 actors
[92mINFO [0m:      [INIT]
[92mINFO [0m:      Using initial global parameters provided by strategy
[92mINFO [0m:      Starting evaluation of initial global parameters
[92mINFO [0m:      initial parameters (loss, other metrics): 3.569974211197865, {'accuracy': 0.1}
[92mINFO [0m:      
[92mINFO [0m:      [ROUND 1]
[92mINFO [0m:      configure_fit: strategy sampled 5 clients (out of 10)
[36m(pid=gcs_server)[0m [2026-02-28 18:56:17,846 E 11064 42500] (gcs_server.exe) gcs_server.cc:302: Failed to establish connection to the event+metrics exporter agent. Events and metrics will not be exported. Exporter agent status: RpcError: Running out of retries to initialize the metrics agent. rpc_code: 14
[33m(raylet)[0m [2026-02-28 18:56:18,267 E 29680 25660] (raylet.exe) main.cc:975: Failed to establish connection to the metrics exporter agent. Metrics will not be exported. Exporter agent status: RpcError: Running out of retries to initialize the metrics agent. rpc_code: 14
[2026-02-28 18:56:19,698 E 43624 6604] core_worker_process.cc:825: Failed to establish connection to the metrics exporter agent. Metrics will not be exported. Exporter agent status: RpcError: Running out of retries to initialize the metrics agent. rpc_code: 14
[92mINFO [0m:      aggregate_fit: received 5 results and 0 failures
[92mINFO [0m:      fit progress: (1, 2.4429518180557444, {'accuracy': 0.1801}, 47.68742380000185)
[92mINFO [0m:      configure_evaluate: no clients selected, skipping evaluation
[92mINFO [0m:      
[92mINFO [0m:      [ROUND 2]
[92mINFO [0m:      configure_fit: strategy sampled 5 clients (out of 10)
[92mINFO [0m:      aggregate_fit: received 5 results and 0 failures
[92mINFO [0m:      fit progress: (2, 2.0391782823997207, {'accuracy': 0.2547}, 69.2827774999896)
[92mINFO [0m:      configure_evaluate: no clients selected, skipping evaluation
[92mINFO [0m:      
[92mINFO [0m:      [ROUND 3]
[92mINFO [0m:      configure_fit: strategy sampled 5 clients (out of 10)
[92mINFO [0m:      aggregate_fit: received 5 results and 0 failures
[92mINFO [0m:      fit progress: (3, 1.677792546115344, {'accuracy': 0.3446}, 112.25690659999964)
[92mINFO [0m:      configure_evaluate: no clients selected, skipping evaluation
[92mINFO [0m:      
[92mINFO [0m:      [ROUND 4]
[92mINFO [0m:      configure_fit: strategy sampled 5 clients (out of 10)
[92mINFO [0m:      aggregate_fit: received 5 results and 0 failures
[92mINFO [0m:      fit progress: (4, 3.0438094259817388, {'accuracy': 0.2948}, 139.00195249999524)
[92mINFO [0m:      configure_evaluate: no clients selected, skipping evaluation
[92mINFO [0m:      
[92mINFO [0m:      [ROUND 5]
[92mINFO [0m:      configure_fit: strategy sampled 5 clients (out of 10)
[92mINFO [0m:      aggregate_fit: received 5 results and 0 failures
[92mINFO [0m:      fit progress: (5, 1.8640797077854978, {'accuracy': 0.3376}, 180.18563419999555)
[92mINFO [0m:      configure_evaluate: no clients selected, skipping evaluation
[92mINFO [0m:      
[92mINFO [0m:      [ROUND 6]
[92mINFO [0m:      configure_fit: strategy sampled 5 clients (out of 10)
[92mINFO [0m:      aggregate_fit: received 5 results and 0 failures
[92mINFO [0m:      fit progress: (6, 1.683220240134227, {'accuracy': 0.4248}, 219.61584149999544)
[92mINFO [0m:      configure_evaluate: no clients selected, skipping evaluation
[92mINFO [0m:      
[92mINFO [0m:      [ROUND 7]
[92mINFO [0m:      configure_fit: strategy sampled 5 clients (out of 10)
[92mINFO [0m:      aggregate_fit: received 5 results and 0 failures
[92mINFO [0m:      fit progress: (7, 2.1339977753313284, {'accuracy': 0.4525}, 247.16719989999547)
[92mINFO [0m:      configure_evaluate: no clients selected, skipping evaluation
[92mINFO [0m:      
[92mINFO [0m:      [ROUND 8]
[92mINFO [0m:      configure_fit: strategy sampled 5 clients (out of 10)
[92mINFO [0m:      aggregate_fit: received 5 results and 0 failures
[92mINFO [0m:      fit progress: (8, 1.5180054978479314, {'accuracy': 0.4599}, 290.449936399993)
[92mINFO [0m:      configure_evaluate: no clients selected, skipping evaluation
[92mINFO [0m:      
[92mINFO [0m:      [ROUND 9]
[92mINFO [0m:      configure_fit: strategy sampled 5 clients (out of 10)
[33m(raylet)[0m [2026-02-28 19:00:52,299 C 29680 38972] (raylet.exe) dlmalloc.cc:128:  An unexpected system state has occurred. You have likely discovered a bug in Ray. Please report this issue at https://github.com/ray-project/ray/issues and we'll work with you to fix it. Check failed: *handle != nullptr CreateFileMapping() failed. GetLastError() = 1450
[33m(raylet)[0m *** StackTrace Information ***
[33m(raylet)[0m unknown
[33m(raylet)[0m 
[33m(raylet)[0m Windows fatal exception: Windows fatal exception: access violation
[33m(raylet)[0m 
[33m(raylet)[0m access violation
[33m(raylet)[0m 
[33m(raylet)[0m Stack (most recent call first):
[33m(raylet)[0m   File "D:\Code\2025-11\moga-fl\.venv\lib\site-packages\ray\_private\worker.py", line 1042 in main_loop
[33m(raylet)[0m   File "D:\Code\2025-1Windows fatal exception: access violation
[33m(raylet)[0m 
[33m(raylet)[0m   File "D:\Code1\moga-fl\.venv\lib\site-packages\ray\_private\workers\default_worker.\2025-11\mogpa-fl\.y", line 322 in <movenv\lib\site-packagesdule>
[33m(raylet)[0m \ray\_private\worker.py", line 1042 in main_loop
[33m(raylet)[0m   File "D:\Code\2025-11\moga-fl\.venv\lib\site-packages\ray\_private\workers\default_worker.py", line 322 in <module>
Windows fatal exception: access violation

Stack (most recent call first):
  File "D:\Code\2025-11\moga-fl\.venv\lib\site-packages\ray\actor.py", line 2143 in _actor_method_call
  File "D:\Code\2025-11\moga-fl\.venv\lib\site-packages\ray\actor.py", line 858 in invocation
  File "D:\Code\2025-11\moga-fl\.venv\lib\site-packages\ray\actor.py", line 878 in _remote
  File "D:\Code\2025-11\moga-fl\.venv\lib\site-packages\ray\util\tracing\tracing_helper.py", line 422 in _start_span
  File "D:\Code\2025-11\moga-fl\.venv\lib\site-packages\ray\_private\auto_init_hook.py", line 22 in auto_init_wrapper
  File "D:\Code\2025-11\moga-fl\.venv\lib\site-packages\ray\actor.py", line 680 in remote
  File "D:\Code\2025-11\moga-fl\.venv\lib\site-packages\flwr\simulation\ray_transport\ray_client_proxy.py", line 85 in <lambda>
  File "D:\Code\2025-11\moga-fl\.venv\lib\site-packages\flwr\simulation\ray_transport\ray_actor.py", line 224 in submit
  File "D:\Code\2025-11\moga-fl\.venv\lib\site-packages\ray\util\actor_pool.py", line 375 in _return_actor
  File "D:\Code\2025-11\moga-fl\.venv\lib\site-packages\flwr\simulation\ray_transport\ray_actor.py", line 375 in process_unordered_future
  File "D:\Code\2025-11\moga-fl\.venv\lib\site-packages\flwr\simulation\ray_transport\ray_actor.py", line 393 in get_client_result
  File "D:\Code\2025-11\moga-fl\.venv\lib\site-packages\flwr\simulation\ray_transport\ray_client_proxy.py", line 90 in _submit_job
  File "D:\Code\2025-11\moga-fl\.venv\lib\site-packages\flwr\simulation\ray_transport\ray_client_proxy.py", line 183 in fit
  File "D:\Code\2025-11\moga-fl\.venv\lib\site-packages\flwr\server\server.py", line 367 in fit_client
  File "C:\Users\he_xu\AppData\Local\Programs\Python\Python310\lib\concurrent\futures\thread.py", line 52 in run
  File "C:\Users\he_xu\AppData\Local\Programs\Python\Python310\lib\concurrent\futures\thread.py", line 77 in _worker
  File "C:\Users\he_xu\AppData\Local\Programs\Python\Python310\lib\threading.py", line 946 in run
  File "C:\Users\he_xu\AppData\Local\Programs\Python\Python310\lib\threading.py", line 1009 in _bootstrap_inner
  File "C:\Users\he_xu\AppData\Local\Programs\Python\Python310\lib\threading.py", line 966 in _bootstrap
