/root/miniconda3/envs/moga-fl/lib/python3.10/site-packages/torch/cuda/__init__.py:65: FutureWarning: The pynvml package is deprecated. Please install nvidia-ml-py instead. If you did not install pynvml directly, please report this to the maintainers of the package that installed pynvml for you.
  import pynvml  # type: ignore[import]
[93mWARNING [0m:   DEPRECATED FEATURE: flwr.simulation.start_simulation() is deprecated.
	Instead, use the `flwr run` CLI command to start a local simulation in your Flower app, as shown for example below:

		$ flwr new  # Create a new Flower app from a template

		$ flwr run  # Run the Flower app in Simulation Mode

	Using `start_simulation()` is deprecated.

            This is a deprecated feature. It will be removed
            entirely in future versions of Flower.
        
[92mINFO [0m:      Starting Flower simulation, config: num_rounds=60, no round_timeout
2026-03-05 13:31:26,786	WARNING utils.py:460 -- Detecting docker specified CPUs. In previous versions of Ray, CPU detection in containers was incorrect. Please ensure that Ray has enough CPUs allocated. As a temporary workaround to revert to the prior behavior, set `RAY_USE_MULTIPROCESSING_CPU_COUNT=1` as an env var before starting Ray. Set the env var: `RAY_DISABLE_DOCKER_CPU_WARNING=1` to mute this warning.
2026-03-05 13:31:27,050	INFO worker.py:2012 -- Started a local Ray instance.
/root/miniconda3/envs/moga-fl/lib/python3.10/site-packages/ray/_private/worker.py:2051: FutureWarning: Tip: In future versions of Ray, Ray will no longer override accelerator visible devices env var if num_gpus=0 or num_gpus=None (default). To enable this behavior and turn off this error message, set RAY_ACCEL_ENV_VAR_OVERRIDE_ON_ZERO=0
  warnings.warn(
[92mINFO [0m:      Flower VCE: Ray initialized with resources: {'accelerator_type:G': 1.0, 'CPU': 25.0, 'GPU': 1.0, 'node:172.17.0.6': 1.0, 'node:__internal_head__': 1.0, 'memory': 63436972032.0, 'object_store_memory': 27187273728.0}
[92mINFO [0m:      Optimize your simulation with Flower VCE: https://flower.ai/docs/framework/how-to-run-simulations.html
[92mINFO [0m:      Flower VCE: Resources for each Virtual Client: {'num_cpus': 2.0, 'num_gpus': 0.25}
[92mINFO [0m:      Flower VCE: Creating VirtualClientEngineActorPool with 4 actors
[92mINFO [0m:      [INIT]
[92mINFO [0m:      Using initial global parameters provided by strategy
[92mINFO [0m:      Starting evaluation of initial global parameters
[92mINFO [0m:      initial parameters (loss, other metrics): 3.5699364686314063, {'accuracy': 0.1}
[92mINFO [0m:      
[92mINFO [0m:      [ROUND 1]
[92mINFO [0m:      configure_fit: strategy sampled 5 clients (out of 10)
[36m(ClientAppActor pid=774350)[0m /root/miniconda3/envs/moga-fl/lib/python3.10/site-packages/torch/cuda/__init__.py:65: FutureWarning: The pynvml package is deprecated. Please install nvidia-ml-py instead. If you did not install pynvml directly, please report this to the maintainers of the package that installed pynvml for you.
[36m(ClientAppActor pid=774350)[0m   import pynvml  # type: ignore[import]
[92mINFO [0m:      aggregate_fit: received 5 results and 0 failures
[92mINFO [0m:      fit progress: (1, 2.133905935891067, {'accuracy': 0.2208}, 16.152907699346542)
[92mINFO [0m:      configure_evaluate: no clients selected, skipping evaluation
[92mINFO [0m:      
[92mINFO [0m:      [ROUND 2]
[92mINFO [0m:      configure_fit: strategy sampled 5 clients (out of 10)
[92mINFO [0m:      aggregate_fit: received 5 results and 0 failures
[92mINFO [0m:      fit progress: (2, 2.0684778629979, {'accuracy': 0.2518}, 24.975444434210658)
[92mINFO [0m:      configure_evaluate: no clients selected, skipping evaluation
[92mINFO [0m:      
[92mINFO [0m:      [ROUND 3]
[92mINFO [0m:      configure_fit: strategy sampled 5 clients (out of 10)
[36m(pid=gcs_server)[0m [2026-03-05 13:31:56,227 E 771652 771652] (gcs_server) gcs_server.cc:302: Failed to establish connection to the event+metrics exporter agent. Events and metrics will not be exported. Exporter agent status: RpcError: Running out of retries to initialize the metrics agent. rpc_code: 14
[36m(ClientAppActor pid=774348)[0m /root/miniconda3/envs/moga-fl/lib/python3.10/site-packages/torch/cuda/__init__.py:65: FutureWarning: The pynvml package is deprecated. Please install nvidia-ml-py instead. If you did not install pynvml directly, please report this to the maintainers of the package that installed pynvml for you.[32m [repeated 3x across cluster] (Ray deduplicates logs by default. Set RAY_DEDUP_LOGS=0 to disable log deduplication, or see https://docs.ray.io/en/master/ray-observability/user-guides/configure-logging.html#log-deduplication for more options.)[0m
[36m(ClientAppActor pid=774348)[0m   import pynvml  # type: ignore[import][32m [repeated 3x across cluster][0m
[2026-03-05 13:31:57,671 E 771336 774343] core_worker_process.cc:825: Failed to establish connection to the metrics exporter agent. Metrics will not be exported. Exporter agent status: RpcError: Running out of retries to initialize the metrics agent. rpc_code: 14
[33m(raylet)[0m [2026-03-05 13:31:56,999 E 774002 774002] (raylet) main.cc:975: Failed to establish connection to the metrics exporter agent. Metrics will not be exported. Exporter agent status: RpcError: Running out of retries to initialize the metrics agent. rpc_code: 14
[36m(ClientAppActor pid=774348)[0m [2026-03-05 13:31:57,425 E 774348 774728] core_worker_process.cc:825: Failed to establish connection to the metrics exporter agent. Metrics will not be exported. Exporter agent status: RpcError: Running out of retries to initialize the metrics agent. rpc_code: 14
[92mINFO [0m:      aggregate_fit: received 5 results and 0 failures
[92mINFO [0m:      fit progress: (3, 1.6045298018032992, {'accuracy': 0.3609}, 38.34617999754846)
[92mINFO [0m:      configure_evaluate: no clients selected, skipping evaluation
[92mINFO [0m:      
[92mINFO [0m:      [ROUND 4]
[92mINFO [0m:      configure_fit: strategy sampled 5 clients (out of 10)
[92mINFO [0m:      aggregate_fit: received 5 results and 0 failures
[92mINFO [0m:      fit progress: (4, 1.840523436099668, {'accuracy': 0.393}, 50.154431571252644)
[92mINFO [0m:      configure_evaluate: no clients selected, skipping evaluation
[92mINFO [0m:      
[92mINFO [0m:      [ROUND 5]
[92mINFO [0m:      configure_fit: strategy sampled 5 clients (out of 10)
[92mINFO [0m:      aggregate_fit: received 5 results and 0 failures
[92mINFO [0m:      fit progress: (5, 1.484737355497819, {'accuracy': 0.4295}, 62.4744622297585)
[92mINFO [0m:      configure_evaluate: no clients selected, skipping evaluation
[92mINFO [0m:      
[92mINFO [0m:      [ROUND 6]
[92mINFO [0m:      configure_fit: strategy sampled 5 clients (out of 10)
[92mINFO [0m:      aggregate_fit: received 5 results and 0 failures
[92mINFO [0m:      fit progress: (6, 1.3963308198542534, {'accuracy': 0.4911}, 74.64915204048157)
[92mINFO [0m:      configure_evaluate: no clients selected, skipping evaluation
[92mINFO [0m:      
[92mINFO [0m:      [ROUND 7]
[92mINFO [0m:      configure_fit: strategy sampled 5 clients (out of 10)
[92mINFO [0m:      aggregate_fit: received 5 results and 0 failures
[92mINFO [0m:      fit progress: (7, 1.411770924737182, {'accuracy': 0.4861}, 83.98037722148001)
[92mINFO [0m:      configure_evaluate: no clients selected, skipping evaluation
[92mINFO [0m:      
[92mINFO [0m:      [ROUND 8]
[92mINFO [0m:      configure_fit: strategy sampled 5 clients (out of 10)
[92mINFO [0m:      aggregate_fit: received 5 results and 0 failures
[92mINFO [0m:      fit progress: (8, 1.2160668192030508, {'accuracy': 0.5372}, 97.08260114118457)
[92mINFO [0m:      configure_evaluate: no clients selected, skipping evaluation
[92mINFO [0m:      
[92mINFO [0m:      [ROUND 9]
[92mINFO [0m:      configure_fit: strategy sampled 5 clients (out of 10)
[92mINFO [0m:      aggregate_fit: received 5 results and 0 failures
[92mINFO [0m:      fit progress: (9, 1.7130248757857311, {'accuracy': 0.4504}, 108.7175859445706)
[92mINFO [0m:      configure_evaluate: no clients selected, skipping evaluation
[92mINFO [0m:      
[92mINFO [0m:      [ROUND 10]
[92mINFO [0m:      configure_fit: strategy sampled 5 clients (out of 10)
[92mINFO [0m:      aggregate_fit: received 5 results and 0 failures
[92mINFO [0m:      fit progress: (10, 1.1639387200150308, {'accuracy': 0.5854}, 121.99840085022151)
[92mINFO [0m:      configure_evaluate: no clients selected, skipping evaluation
[92mINFO [0m:      
[92mINFO [0m:      [ROUND 11]
[92mINFO [0m:      configure_fit: strategy sampled 5 clients (out of 10)
[92mINFO [0m:      aggregate_fit: received 5 results and 0 failures
[92mINFO [0m:      fit progress: (11, 1.237165448031848, {'accuracy': 0.5589}, 135.1498920666054)
[92mINFO [0m:      configure_evaluate: no clients selected, skipping evaluation
[92mINFO [0m:      
[92mINFO [0m:      [ROUND 12]
[92mINFO [0m:      configure_fit: strategy sampled 5 clients (out of 10)
[92mINFO [0m:      aggregate_fit: received 5 results and 0 failures
[92mINFO [0m:      fit progress: (12, 1.4269044127645372, {'accuracy': 0.524}, 146.62540631648153)
[92mINFO [0m:      configure_evaluate: no clients selected, skipping evaluation
[92mINFO [0m:      
[92mINFO [0m:      [ROUND 13]
[92mINFO [0m:      configure_fit: strategy sampled 5 clients (out of 10)
[92mINFO [0m:      aggregate_fit: received 5 results and 0 failures
[92mINFO [0m:      fit progress: (13, 1.1291896233075782, {'accuracy': 0.5941}, 159.9892340041697)
[92mINFO [0m:      configure_evaluate: no clients selected, skipping evaluation
[92mINFO [0m:      
[92mINFO [0m:      [ROUND 14]
[92mINFO [0m:      configure_fit: strategy sampled 5 clients (out of 10)
[92mINFO [0m:      aggregate_fit: received 5 results and 0 failures
[92mINFO [0m:      fit progress: (14, 1.0594457078583632, {'accuracy': 0.6202}, 171.85181046742946)
[92mINFO [0m:      configure_evaluate: no clients selected, skipping evaluation
[92mINFO [0m:      
[92mINFO [0m:      [ROUND 15]
[92mINFO [0m:      configure_fit: strategy sampled 5 clients (out of 10)
[92mINFO [0m:      aggregate_fit: received 5 results and 0 failures
[92mINFO [0m:      fit progress: (15, 1.1134751325921168, {'accuracy': 0.6313}, 184.58770215231925)
[92mINFO [0m:      configure_evaluate: no clients selected, skipping evaluation
[92mINFO [0m:      
[92mINFO [0m:      [ROUND 16]
[92mINFO [0m:      configure_fit: strategy sampled 5 clients (out of 10)
[92mINFO [0m:      aggregate_fit: received 5 results and 0 failures
[92mINFO [0m:      fit progress: (16, 1.0288620410086233, {'accuracy': 0.619}, 199.10096191894263)
[92mINFO [0m:      configure_evaluate: no clients selected, skipping evaluation
[92mINFO [0m:      
[92mINFO [0m:      [ROUND 17]
[92mINFO [0m:      configure_fit: strategy sampled 5 clients (out of 10)
[92mINFO [0m:      aggregate_fit: received 5 results and 0 failures
[92mINFO [0m:      fit progress: (17, 1.2271263599395752, {'accuracy': 0.5852}, 211.18517061322927)
[92mINFO [0m:      configure_evaluate: no clients selected, skipping evaluation
[92mINFO [0m:      
[92mINFO [0m:      [ROUND 18]
[92mINFO [0m:      configure_fit: strategy sampled 5 clients (out of 10)
[92mINFO [0m:      aggregate_fit: received 5 results and 0 failures
[92mINFO [0m:      fit progress: (18, 0.9956180453300476, {'accuracy': 0.6423}, 223.6161013962701)
[92mINFO [0m:      configure_evaluate: no clients selected, skipping evaluation
[92mINFO [0m:      
[92mINFO [0m:      [ROUND 19]
[92mINFO [0m:      configure_fit: strategy sampled 5 clients (out of 10)
[92mINFO [0m:      aggregate_fit: received 5 results and 0 failures
[92mINFO [0m:      fit progress: (19, 1.1384837325615218, {'accuracy': 0.6627}, 236.92250687535852)
[92mINFO [0m:      configure_evaluate: no clients selected, skipping evaluation
[92mINFO [0m:      
[92mINFO [0m:      [ROUND 20]
[92mINFO [0m:      configure_fit: strategy sampled 5 clients (out of 10)
[92mINFO [0m:      aggregate_fit: received 5 results and 0 failures
[92mINFO [0m:      fit progress: (20, 0.9454158899150317, {'accuracy': 0.665}, 250.37075670156628)
[92mINFO [0m:      configure_evaluate: no clients selected, skipping evaluation
[92mINFO [0m:      
[92mINFO [0m:      [ROUND 21]
[92mINFO [0m:      configure_fit: strategy sampled 5 clients (out of 10)
[92mINFO [0m:      aggregate_fit: received 5 results and 0 failures
[92mINFO [0m:      fit progress: (21, 0.9430502992642077, {'accuracy': 0.6693}, 263.91317389532924)
[92mINFO [0m:      configure_evaluate: no clients selected, skipping evaluation
[92mINFO [0m:      
[92mINFO [0m:      [ROUND 22]
[92mINFO [0m:      configure_fit: strategy sampled 5 clients (out of 10)
[92mINFO [0m:      aggregate_fit: received 5 results and 0 failures
[92mINFO [0m:      fit progress: (22, 1.0944027108482168, {'accuracy': 0.6241}, 274.78915703110397)
[92mINFO [0m:      configure_evaluate: no clients selected, skipping evaluation
[92mINFO [0m:      
[92mINFO [0m:      [ROUND 23]
[92mINFO [0m:      configure_fit: strategy sampled 5 clients (out of 10)
[92mINFO [0m:      aggregate_fit: received 5 results and 0 failures
[92mINFO [0m:      fit progress: (23, 0.8673286068288586, {'accuracy': 0.696}, 288.35196069907397)
[92mINFO [0m:      configure_evaluate: no clients selected, skipping evaluation
[92mINFO [0m:      
[92mINFO [0m:      [ROUND 24]
[92mINFO [0m:      configure_fit: strategy sampled 5 clients (out of 10)
[92mINFO [0m:      aggregate_fit: received 5 results and 0 failures
[92mINFO [0m:      fit progress: (24, 0.8157933301563505, {'accuracy': 0.7071}, 300.3061359953135)
[92mINFO [0m:      configure_evaluate: no clients selected, skipping evaluation
[92mINFO [0m:      
[92mINFO [0m:      [ROUND 25]
[92mINFO [0m:      configure_fit: strategy sampled 5 clients (out of 10)
[92mINFO [0m:      aggregate_fit: received 5 results and 0 failures
[92mINFO [0m:      fit progress: (25, 0.8930730140661891, {'accuracy': 0.6882}, 312.9469799119979)
[92mINFO [0m:      configure_evaluate: no clients selected, skipping evaluation
[92mINFO [0m:      
[92mINFO [0m:      [ROUND 26]
[92mINFO [0m:      configure_fit: strategy sampled 5 clients (out of 10)
[92mINFO [0m:      aggregate_fit: received 5 results and 0 failures
[92mINFO [0m:      fit progress: (26, 0.8032439434075658, {'accuracy': 0.7169}, 325.03995027951896)
[92mINFO [0m:      configure_evaluate: no clients selected, skipping evaluation
[92mINFO [0m:      
[92mINFO [0m:      [ROUND 27]
[92mINFO [0m:      configure_fit: strategy sampled 5 clients (out of 10)
[92mINFO [0m:      aggregate_fit: received 5 results and 0 failures
[92mINFO [0m:      fit progress: (27, 1.0930452580693402, {'accuracy': 0.6389}, 337.52057459484786)
[92mINFO [0m:      configure_evaluate: no clients selected, skipping evaluation
[92mINFO [0m:      
[92mINFO [0m:      [ROUND 28]
[92mINFO [0m:      configure_fit: strategy sampled 5 clients (out of 10)
[92mINFO [0m:      aggregate_fit: received 5 results and 0 failures
[92mINFO [0m:      fit progress: (28, 0.7588144985935356, {'accuracy': 0.7245}, 351.0265256781131)
[92mINFO [0m:      configure_evaluate: no clients selected, skipping evaluation
[92mINFO [0m:      
[92mINFO [0m:      [ROUND 29]
[92mINFO [0m:      configure_fit: strategy sampled 5 clients (out of 10)
[92mINFO [0m:      aggregate_fit: received 5 results and 0 failures
[92mINFO [0m:      fit progress: (29, 0.8251274469532545, {'accuracy': 0.7161}, 364.8751757731661)
[92mINFO [0m:      configure_evaluate: no clients selected, skipping evaluation
[92mINFO [0m:      
[92mINFO [0m:      [ROUND 30]
[92mINFO [0m:      configure_fit: strategy sampled 5 clients (out of 10)
[92mINFO [0m:      aggregate_fit: received 5 results and 0 failures
[92mINFO [0m:      fit progress: (30, 0.8474778721604166, {'accuracy': 0.7131}, 377.49329228606075)
[92mINFO [0m:      configure_evaluate: no clients selected, skipping evaluation
[92mINFO [0m:      
[92mINFO [0m:      [ROUND 31]
[92mINFO [0m:      configure_fit: strategy sampled 5 clients (out of 10)
[92mINFO [0m:      aggregate_fit: received 5 results and 0 failures
[92mINFO [0m:      fit progress: (31, 0.7099103655996202, {'accuracy': 0.7515}, 389.4798902031034)
[92mINFO [0m:      configure_evaluate: no clients selected, skipping evaluation
[92mINFO [0m:      
[92mINFO [0m:      [ROUND 32]
[92mINFO [0m:      configure_fit: strategy sampled 5 clients (out of 10)
[92mINFO [0m:      aggregate_fit: received 5 results and 0 failures
[92mINFO [0m:      fit progress: (32, 0.9283952147145814, {'accuracy': 0.6854}, 401.18838059995323)
[92mINFO [0m:      configure_evaluate: no clients selected, skipping evaluation
[92mINFO [0m:      
[92mINFO [0m:      [ROUND 33]
[92mINFO [0m:      configure_fit: strategy sampled 5 clients (out of 10)
[92mINFO [0m:      aggregate_fit: received 5 results and 0 failures
[92mINFO [0m:      fit progress: (33, 0.7196982499164871, {'accuracy': 0.7495}, 415.05492104776204)
[92mINFO [0m:      configure_evaluate: no clients selected, skipping evaluation
[92mINFO [0m:      
[92mINFO [0m:      [ROUND 34]
[92mINFO [0m:      configure_fit: strategy sampled 5 clients (out of 10)
[92mINFO [0m:      aggregate_fit: received 5 results and 0 failures
[92mINFO [0m:      fit progress: (34, 1.049360048167313, {'accuracy': 0.6455}, 427.0632527489215)
[92mINFO [0m:      configure_evaluate: no clients selected, skipping evaluation
[92mINFO [0m:      
[92mINFO [0m:      [ROUND 35]
[92mINFO [0m:      configure_fit: strategy sampled 5 clients (out of 10)
[92mINFO [0m:      aggregate_fit: received 5 results and 0 failures
[92mINFO [0m:      fit progress: (35, 0.7606325722947905, {'accuracy': 0.7369}, 439.8547042645514)
[92mINFO [0m:      configure_evaluate: no clients selected, skipping evaluation
[92mINFO [0m:      
[92mINFO [0m:      [ROUND 36]
[92mINFO [0m:      configure_fit: strategy sampled 5 clients (out of 10)
[92mINFO [0m:      aggregate_fit: received 5 results and 0 failures
[92mINFO [0m:      fit progress: (36, 0.7686685633055771, {'accuracy': 0.7379}, 452.4046626808122)
[92mINFO [0m:      configure_evaluate: no clients selected, skipping evaluation
[92mINFO [0m:      
[92mINFO [0m:      [ROUND 37]
[92mINFO [0m:      configure_fit: strategy sampled 5 clients (out of 10)
[92mINFO [0m:      aggregate_fit: received 5 results and 0 failures
[92mINFO [0m:      fit progress: (37, 0.7370763553094261, {'accuracy': 0.7615}, 465.8809371786192)
[92mINFO [0m:      configure_evaluate: no clients selected, skipping evaluation
[92mINFO [0m:      
[92mINFO [0m:      [ROUND 38]
[92mINFO [0m:      configure_fit: strategy sampled 5 clients (out of 10)
[92mINFO [0m:      aggregate_fit: received 5 results and 0 failures
[92mINFO [0m:      fit progress: (38, 0.8520389191712006, {'accuracy': 0.7162}, 479.8163661286235)
[92mINFO [0m:      configure_evaluate: no clients selected, skipping evaluation
[92mINFO [0m:      
[92mINFO [0m:      [ROUND 39]
[92mINFO [0m:      configure_fit: strategy sampled 5 clients (out of 10)
[92mINFO [0m:      aggregate_fit: received 5 results and 0 failures
[92mINFO [0m:      fit progress: (39, 0.6618830029723011, {'accuracy': 0.767}, 490.5134125612676)
[92mINFO [0m:      configure_evaluate: no clients selected, skipping evaluation
[92mINFO [0m:      
[92mINFO [0m:      [ROUND 40]
[92mINFO [0m:      configure_fit: strategy sampled 5 clients (out of 10)
[92mINFO [0m:      aggregate_fit: received 5 results and 0 failures
[92mINFO [0m:      fit progress: (40, 0.7097519432442098, {'accuracy': 0.7592}, 502.7922483123839)
[92mINFO [0m:      configure_evaluate: no clients selected, skipping evaluation
[92mINFO [0m:      
[92mINFO [0m:      [ROUND 41]
[92mINFO [0m:      configure_fit: strategy sampled 5 clients (out of 10)
[92mINFO [0m:      aggregate_fit: received 5 results and 0 failures
[92mINFO [0m:      fit progress: (41, 0.7716545032549508, {'accuracy': 0.7323}, 513.6834651911631)
[92mINFO [0m:      configure_evaluate: no clients selected, skipping evaluation
[92mINFO [0m:      
[92mINFO [0m:      [ROUND 42]
[92mINFO [0m:      configure_fit: strategy sampled 5 clients (out of 10)
[92mINFO [0m:      aggregate_fit: received 5 results and 0 failures
[92mINFO [0m:      fit progress: (42, 1.3576156625264808, {'accuracy': 0.6214}, 527.0776472846046)
[92mINFO [0m:      configure_evaluate: no clients selected, skipping evaluation
[92mINFO [0m:      
[92mINFO [0m:      [ROUND 43]
[92mINFO [0m:      configure_fit: strategy sampled 5 clients (out of 10)
[92mINFO [0m:      aggregate_fit: received 5 results and 0 failures
[92mINFO [0m:      fit progress: (43, 1.0605192207082916, {'accuracy': 0.6639}, 537.9571276102215)
[92mINFO [0m:      configure_evaluate: no clients selected, skipping evaluation
[92mINFO [0m:      
[92mINFO [0m:      [ROUND 44]
[92mINFO [0m:      configure_fit: strategy sampled 5 clients (out of 10)
[92mINFO [0m:      aggregate_fit: received 5 results and 0 failures
[92mINFO [0m:      fit progress: (44, 1.8904308654084991, {'accuracy': 0.5221}, 547.9170645968989)
[92mINFO [0m:      configure_evaluate: no clients selected, skipping evaluation
[92mINFO [0m:      
[92mINFO [0m:      [ROUND 45]
[92mINFO [0m:      configure_fit: strategy sampled 5 clients (out of 10)
[92mINFO [0m:      aggregate_fit: received 5 results and 0 failures
[92mINFO [0m:      fit progress: (45, 1.190614441527596, {'accuracy': 0.6497}, 560.8447044510394)
[92mINFO [0m:      configure_evaluate: no clients selected, skipping evaluation
[92mINFO [0m:      
[92mINFO [0m:      [ROUND 46]
[92mINFO [0m:      configure_fit: strategy sampled 5 clients (out of 10)
[92mINFO [0m:      aggregate_fit: received 5 results and 0 failures
[92mINFO [0m:      fit progress: (46, 0.6471809427949446, {'accuracy': 0.777}, 572.409419009462)
[92mINFO [0m:      configure_evaluate: no clients selected, skipping evaluation
[92mINFO [0m:      
[92mINFO [0m:      [ROUND 47]
[92mINFO [0m:      configure_fit: strategy sampled 5 clients (out of 10)
[92mINFO [0m:      aggregate_fit: received 5 results and 0 failures
[92mINFO [0m:      fit progress: (47, 0.7639966063861605, {'accuracy': 0.7459}, 583.8167239315808)
[92mINFO [0m:      configure_evaluate: no clients selected, skipping evaluation
[92mINFO [0m:      
[92mINFO [0m:      [ROUND 48]
[92mINFO [0m:      configure_fit: strategy sampled 5 clients (out of 10)
[92mINFO [0m:      aggregate_fit: received 5 results and 0 failures
[92mINFO [0m:      fit progress: (48, 0.6423364221295224, {'accuracy': 0.7734}, 595.4449307331815)
[92mINFO [0m:      configure_evaluate: no clients selected, skipping evaluation
[92mINFO [0m:      
[92mINFO [0m:      [ROUND 49]
[92mINFO [0m:      configure_fit: strategy sampled 5 clients (out of 10)
[92mINFO [0m:      aggregate_fit: received 5 results and 0 failures
[92mINFO [0m:      fit progress: (49, 0.7428217658513709, {'accuracy': 0.7439}, 605.9911597883329)
[92mINFO [0m:      configure_evaluate: no clients selected, skipping evaluation
[92mINFO [0m:      
[92mINFO [0m:      [ROUND 50]
[92mINFO [0m:      configure_fit: strategy sampled 5 clients (out of 10)
[92mINFO [0m:      aggregate_fit: received 5 results and 0 failures
[92mINFO [0m:      fit progress: (50, 0.6161006028893627, {'accuracy': 0.7961}, 617.9881825232878)
[92mINFO [0m:      configure_evaluate: no clients selected, skipping evaluation
[92mINFO [0m:      
[92mINFO [0m:      [ROUND 51]
[92mINFO [0m:      configure_fit: strategy sampled 5 clients (out of 10)
[92mINFO [0m:      aggregate_fit: received 5 results and 0 failures
[92mINFO [0m:      fit progress: (51, 0.6982183456420898, {'accuracy': 0.7693}, 629.0160248195753)
[92mINFO [0m:      configure_evaluate: no clients selected, skipping evaluation
[92mINFO [0m:      
[92mINFO [0m:      [ROUND 52]
[92mINFO [0m:      configure_fit: strategy sampled 5 clients (out of 10)
[92mINFO [0m:      aggregate_fit: received 5 results and 0 failures
[92mINFO [0m:      fit progress: (52, 0.8543916314463073, {'accuracy': 0.7225}, 640.6565512064844)
[92mINFO [0m:      configure_evaluate: no clients selected, skipping evaluation
[92mINFO [0m:      
[92mINFO [0m:      [ROUND 53]
[92mINFO [0m:      configure_fit: strategy sampled 5 clients (out of 10)
[92mINFO [0m:      aggregate_fit: received 5 results and 0 failures
[92mINFO [0m:      fit progress: (53, 0.6447888069514986, {'accuracy': 0.7761}, 651.2369053307921)
[92mINFO [0m:      configure_evaluate: no clients selected, skipping evaluation
[92mINFO [0m:      
[92mINFO [0m:      [ROUND 54]
[92mINFO [0m:      configure_fit: strategy sampled 5 clients (out of 10)
[92mINFO [0m:      aggregate_fit: received 5 results and 0 failures
[92mINFO [0m:      fit progress: (54, 0.6234776219235191, {'accuracy': 0.7995}, 663.6317989649251)
[92mINFO [0m:      configure_evaluate: no clients selected, skipping evaluation
[92mINFO [0m:      
[92mINFO [0m:      [ROUND 55]
[92mINFO [0m:      configure_fit: strategy sampled 5 clients (out of 10)
[92mINFO [0m:      aggregate_fit: received 5 results and 0 failures
[92mINFO [0m:      fit progress: (55, 0.5959067186222801, {'accuracy': 0.7972}, 675.1343430699781)
[92mINFO [0m:      configure_evaluate: no clients selected, skipping evaluation
[92mINFO [0m:      
[92mINFO [0m:      [ROUND 56]
[92mINFO [0m:      configure_fit: strategy sampled 5 clients (out of 10)
[92mINFO [0m:      aggregate_fit: received 5 results and 0 failures
[92mINFO [0m:      fit progress: (56, 0.5389195771156987, {'accuracy': 0.8166}, 686.7644999232143)
[92mINFO [0m:      configure_evaluate: no clients selected, skipping evaluation
[92mINFO [0m:      
[92mINFO [0m:      [ROUND 57]
[92mINFO [0m:      configure_fit: strategy sampled 5 clients (out of 10)
[92mINFO [0m:      aggregate_fit: received 5 results and 0 failures
[92mINFO [0m:      fit progress: (57, 0.6169274143780334, {'accuracy': 0.7949}, 698.5393710173666)
[92mINFO [0m:      configure_evaluate: no clients selected, skipping evaluation
[92mINFO [0m:      
[92mINFO [0m:      [ROUND 58]
[92mINFO [0m:      configure_fit: strategy sampled 5 clients (out of 10)
[92mINFO [0m:      aggregate_fit: received 5 results and 0 failures
[92mINFO [0m:      fit progress: (58, 0.6731384966192366, {'accuracy': 0.7784}, 710.4070360856131)
[92mINFO [0m:      configure_evaluate: no clients selected, skipping evaluation
[92mINFO [0m:      
[92mINFO [0m:      [ROUND 59]
[92mINFO [0m:      configure_fit: strategy sampled 5 clients (out of 10)
[92mINFO [0m:      aggregate_fit: received 5 results and 0 failures
[92mINFO [0m:      fit progress: (59, 0.695129305878772, {'accuracy': 0.7694}, 721.3821072792634)
[92mINFO [0m:      configure_evaluate: no clients selected, skipping evaluation
[92mINFO [0m:      
[92mINFO [0m:      [ROUND 60]
[92mINFO [0m:      configure_fit: strategy sampled 5 clients (out of 10)
[92mINFO [0m:      aggregate_fit: received 5 results and 0 failures
[92mINFO [0m:      fit progress: (60, 0.695129305878772, {'accuracy': 0.7694}, 733.080472804606)
[92mINFO [0m:      configure_evaluate: no clients selected, skipping evaluation
[92mINFO [0m:      
[92mINFO [0m:      [SUMMARY]
[92mINFO [0m:      Run finished 60 round(s) in 733.08s
[92mINFO [0m:      	History (loss, centralized):
[92mINFO [0m:      		round 0: 3.5699364686314063
[92mINFO [0m:      		round 1: 2.133905935891067
[92mINFO [0m:      		round 2: 2.0684778629979
[92mINFO [0m:      		round 3: 1.6045298018032992
[92mINFO [0m:      		round 4: 1.840523436099668
[92mINFO [0m:      		round 5: 1.484737355497819
[92mINFO [0m:      		round 6: 1.3963308198542534
[92mINFO [0m:      		round 7: 1.411770924737182
[92mINFO [0m:      		round 8: 1.2160668192030508
[92mINFO [0m:      		round 9: 1.7130248757857311
[92mINFO [0m:      		round 10: 1.1639387200150308
[92mINFO [0m:      		round 11: 1.237165448031848
[92mINFO [0m:      		round 12: 1.4269044127645372
[92mINFO [0m:      		round 13: 1.1291896233075782
[92mINFO [0m:      		round 14: 1.0594457078583632
[92mINFO [0m:      		round 15: 1.1134751325921168
[92mINFO [0m:      		round 16: 1.0288620410086233
[92mINFO [0m:      		round 17: 1.2271263599395752
[92mINFO [0m:      		round 18: 0.9956180453300476
[92mINFO [0m:      		round 19: 1.1384837325615218
[92mINFO [0m:      		round 20: 0.9454158899150317
[92mINFO [0m:      		round 21: 0.9430502992642077
[92mINFO [0m:      		round 22: 1.0944027108482168
[92mINFO [0m:      		round 23: 0.8673286068288586
[92mINFO [0m:      		round 24: 0.8157933301563505
[92mINFO [0m:      		round 25: 0.8930730140661891
[92mINFO [0m:      		round 26: 0.8032439434075658
[92mINFO [0m:      		round 27: 1.0930452580693402
[92mINFO [0m:      		round 28: 0.7588144985935356
[92mINFO [0m:      		round 29: 0.8251274469532545
[92mINFO [0m:      		round 30: 0.8474778721604166
[92mINFO [0m:      		round 31: 0.7099103655996202
[92mINFO [0m:      		round 32: 0.9283952147145814
[92mINFO [0m:      		round 33: 0.7196982499164871
[92mINFO [0m:      		round 34: 1.049360048167313
[92mINFO [0m:      		round 35: 0.7606325722947905
[92mINFO [0m:      		round 36: 0.7686685633055771
[92mINFO [0m:      		round 37: 0.7370763553094261
[92mINFO [0m:      		round 38: 0.8520389191712006
[92mINFO [0m:      		round 39: 0.6618830029723011
[92mINFO [0m:      		round 40: 0.7097519432442098
[92mINFO [0m:      		round 41: 0.7716545032549508
[92mINFO [0m:      		round 42: 1.3576156625264808
[92mINFO [0m:      		round 43: 1.0605192207082916
[92mINFO [0m:      		round 44: 1.8904308654084991
[92mINFO [0m:      		round 45: 1.190614441527596
[92mINFO [0m:      		round 46: 0.6471809427949446
[92mINFO [0m:      		round 47: 0.7639966063861605
[92mINFO [0m:      		round 48: 0.6423364221295224
[92mINFO [0m:      		round 49: 0.7428217658513709
[92mINFO [0m:      		round 50: 0.6161006028893627
[92mINFO [0m:      		round 51: 0.6982183456420898
[92mINFO [0m:      		round 52: 0.8543916314463073
[92mINFO [0m:      		round 53: 0.6447888069514986
[92mINFO [0m:      		round 54: 0.6234776219235191
[92mINFO [0m:      		round 55: 0.5959067186222801
[92mINFO [0m:      		round 56: 0.5389195771156987
[92mINFO [0m:      		round 57: 0.6169274143780334
[92mINFO [0m:      		round 58: 0.6731384966192366
[92mINFO [0m:      		round 59: 0.695129305878772
[92mINFO [0m:      		round 60: 0.695129305878772
[92mINFO [0m:      	History (metrics, distributed, fit):
[92mINFO [0m:      	{'accuracy': [(1, 0.2208),
[92mINFO [0m:      	              (2, 0.2518),
[92mINFO [0m:      	              (3, 0.3609),
[92mINFO [0m:      	              (4, 0.393),
[92mINFO [0m:      	              (5, 0.4295),
[92mINFO [0m:      	              (6, 0.4911),
[92mINFO [0m:      	              (7, 0.4861),
[92mINFO [0m:      	              (8, 0.5372),
[92mINFO [0m:      	              (9, 0.4504),
[92mINFO [0m:      	              (10, 0.5854),
[92mINFO [0m:      	              (11, 0.5589),
[92mINFO [0m:      	              (12, 0.524),
[92mINFO [0m:      	              (13, 0.5941),
[92mINFO [0m:      	              (14, 0.6202),
[92mINFO [0m:      	              (15, 0.6313),
[92mINFO [0m:      	              (16, 0.619),
[92mINFO [0m:      	              (17, 0.5852),
[92mINFO [0m:      	              (18, 0.6423),
[92mINFO [0m:      	              (19, 0.6627),
[92mINFO [0m:      	              (20, 0.665),
[92mINFO [0m:      	              (21, 0.6693),
[92mINFO [0m:      	              (22, 0.6241),
[92mINFO [0m:      	              (23, 0.696),
[92mINFO [0m:      	              (24, 0.7071),
[92mINFO [0m:      	              (25, 0.6882),
[92mINFO [0m:      	              (26, 0.7169),
[92mINFO [0m:      	              (27, 0.6389),
[92mINFO [0m:      	              (28, 0.7245),
[92mINFO [0m:      	              (29, 0.7161),
[92mINFO [0m:      	              (30, 0.7131),
[92mINFO [0m:      	              (31, 0.7515),
[92mINFO [0m:      	              (32, 0.6854),
[92mINFO [0m:      	              (33, 0.7495),
[92mINFO [0m:      	              (34, 0.6455),
[92mINFO [0m:      	              (35, 0.7369),
[92mINFO [0m:      	              (36, 0.7379),
[92mINFO [0m:      	              (37, 0.7615),
[92mINFO [0m:      	              (38, 0.7162),
[92mINFO [0m:      	              (39, 0.767),
[92mINFO [0m:      	              (40, 0.7592),
[92mINFO [0m:      	              (41, 0.7323),
[92mINFO [0m:      	              (42, 0.6214),
[92mINFO [0m:      	              (43, 0.6639),
[92mINFO [0m:      	              (44, 0.5221),
[92mINFO [0m:      	              (45, 0.6497),
[92mINFO [0m:      	              (46, 0.777),
[92mINFO [0m:      	              (47, 0.7459),
[92mINFO [0m:      	              (48, 0.7734),
[92mINFO [0m:      	              (49, 0.7439),
[92mINFO [0m:      	              (50, 0.7961),
[92mINFO [0m:      	              (51, 0.7693),
[92mINFO [0m:      	              (52, 0.7225),
[92mINFO [0m:      	              (53, 0.7761),
[92mINFO [0m:      	              (54, 0.7995),
[92mINFO [0m:      	              (55, 0.7972),
[92mINFO [0m:      	              (56, 0.8166),
[92mINFO [0m:      	              (57, 0.7949),
[92mINFO [0m:      	              (58, 0.7784),
[92mINFO [0m:      	              (59, 0.7694),
[92mINFO [0m:      	              (60, 0.7694)],
[92mINFO [0m:      	 'avg_per': [(1, 0.07878139069672774),
[92mINFO [0m:      	             (2, 0.11834958166760652),
[92mINFO [0m:      	             (3, 0.0711064282374931),
[92mINFO [0m:      	             (4, 0.06498855496988154),
[92mINFO [0m:      	             (5, 0.06258095369935063),
[92mINFO [0m:      	             (6, 0.06658458022060036),
[92mINFO [0m:      	             (7, 0.13755642240116792),
[92mINFO [0m:      	             (8, 0.06330340509180885),
[92mINFO [0m:      	             (9, 0.09052042633190589),
[92mINFO [0m:      	             (10, 0.06444329224853583),
[92mINFO [0m:      	             (11, 0.06784835956499313),
[92mINFO [0m:      	             (12, 0.09226280367173187),
[92mINFO [0m:      	             (13, 0.0914602277484506),
[92mINFO [0m:      	             (14, 0.09089331575586222),
[92mINFO [0m:      	             (15, 0.0882520897801536),
[92mINFO [0m:      	             (16, 0.059080418279212635),
[92mINFO [0m:      	             (17, 0.06620629122568264),
[92mINFO [0m:      	             (18, 0.058716233091656286),
[92mINFO [0m:      	             (19, 0.11815208372790391),
[92mINFO [0m:      	             (20, 0.08134808820748282),
[92mINFO [0m:      	             (21, 0.06614521478667752),
[92mINFO [0m:      	             (22, 0.10694148168375821),
[92mINFO [0m:      	             (23, 0.06757680931899215),
[92mINFO [0m:      	             (24, 0.1028324846269016),
[92mINFO [0m:      	             (25, 0.0818049280180948),
[92mINFO [0m:      	             (26, 0.055292784922609875),
[92mINFO [0m:      	             (27, 0.13056286621090135),
[92mINFO [0m:      	             (28, 0.07148439727573645),
[92mINFO [0m:      	             (29, 0.09318217418437143),
[92mINFO [0m:      	             (30, 0.11726854177218693),
[92mINFO [0m:      	             (31, 0.08443715802250287),
[92mINFO [0m:      	             (32, 0.0783577459368481),
[92mINFO [0m:      	             (33, 0.060098063570694624),
[92mINFO [0m:      	             (34, 0.08445571636772255),
[92mINFO [0m:      	             (35, 0.07476632630235056),
[92mINFO [0m:      	             (36, 0.05472574313888897),
[92mINFO [0m:      	             (37, 0.09721056622073448),
[92mINFO [0m:      	             (38, 0.07675059596701721),
[92mINFO [0m:      	             (39, 0.09078592977047889),
[92mINFO [0m:      	             (40, 0.07873180616810989),
[92mINFO [0m:      	             (41, 0.636675351206226),
[92mINFO [0m:      	             (42, 0.7279956876576199),
[92mINFO [0m:      	             (43, 0.6781211368143701),
[92mINFO [0m:      	             (44, 0.6907785592599612),
[92mINFO [0m:      	             (45, 0.7556013884426827),
[92mINFO [0m:      	             (46, 0.6480417349811021),
[92mINFO [0m:      	             (47, 0.6398282593608414),
[92mINFO [0m:      	             (48, 0.6561626158477672),
[92mINFO [0m:      	             (49, 0.6371770606355696),
[92mINFO [0m:      	             (50, 0.6845439821394832),
[92mINFO [0m:      	             (51, 0.7112412525251711),
[92mINFO [0m:      	             (52, 0.7357837056531236),
[92mINFO [0m:      	             (53, 0.6424356395341182),
[92mINFO [0m:      	             (54, 0.7178891144862526),
[92mINFO [0m:      	             (55, 0.7862278405916755),
[92mINFO [0m:      	             (56, 0.7369109921842105),
[92mINFO [0m:      	             (57, 0.7335397816818867),
[92mINFO [0m:      	             (58, 0.664881969136409),
[92mINFO [0m:      	             (59, 0.6719814908269142),
[92mINFO [0m:      	             (60, 0.7224233330886756)],
[92mINFO [0m:      	 'bw_factor': [(1, 1.0),
[92mINFO [0m:      	               (2, 0.8),
[92mINFO [0m:      	               (3, 0.8539916045494891),
[92mINFO [0m:      	               (4, 0.8373528341699441),
[92mINFO [0m:      	               (5, 0.8500869322189624),
[92mINFO [0m:      	               (6, 0.8554673152317944),
[92mINFO [0m:      	               (7, 0.828522566538665),
[92mINFO [0m:      	               (8, 0.8549662755011063),
[92mINFO [0m:      	               (9, 0.8346914539765202),
[92mINFO [0m:      	               (10, 0.8501941572541521),
[92mINFO [0m:      	               (11, 0.8517867045551247),
[92mINFO [0m:      	               (12, 0.8243745491612641),
[92mINFO [0m:      	               (13, 0.8497608981916385),
[92mINFO [0m:      	               (14, 0.8362823218508231),
[92mINFO [0m:      	               (15, 0.854564528777727),
[92mINFO [0m:      	               (16, 0.8569624621045463),
[92mINFO [0m:      	               (17, 0.8303635814618724),
[92mINFO [0m:      	               (18, 0.8540182914647862),
[92mINFO [0m:      	               (19, 0.8329419906115522),
[92mINFO [0m:      	               (20, 0.8464771945657199),
[92mINFO [0m:      	               (21, 0.8503478844331316),
[92mINFO [0m:      	               (22, 0.8267626013621148),
[92mINFO [0m:      	               (23, 0.8435465828817363),
[92mINFO [0m:      	               (24, 0.8285389972520589),
[92mINFO [0m:      	               (25, 0.8477788404379144),
[92mINFO [0m:      	               (26, 0.8497718398301836),
[92mINFO [0m:      	               (27, 0.8265872695194743),
[92mINFO [0m:      	               (28, 0.8440352179839186),
[92mINFO [0m:      	               (29, 0.8265719513432206),
[92mINFO [0m:      	               (30, 0.8411305131173841),
[92mINFO [0m:      	               (31, 0.842554012744061),
[92mINFO [0m:      	               (32, 0.8212921698992736),
[92mINFO [0m:      	               (33, 0.8408217413562538),
[92mINFO [0m:      	               (34, 0.8251778052406278),
[92mINFO [0m:      	               (35, 0.844585226114997),
[92mINFO [0m:      	               (36, 0.8462893289786121),
[92mINFO [0m:      	               (37, 0.8231434572990494),
[92mINFO [0m:      	               (38, 0.842301172326355),
[92mINFO [0m:      	               (39, 0.8264749365557187),
[92mINFO [0m:      	               (40, 0.8432188516449187),
[92mINFO [0m:      	               (41, 0.8448125579504292),
[92mINFO [0m:      	               (42, 0.832301461052867),
[92mINFO [0m:      	               (43, 0.8263677854168707),
[92mINFO [0m:      	               (44, 0.8102352997827672),
[92mINFO [0m:      	               (45, 0.8258612279204622),
[92mINFO [0m:      	               (46, 0.8353007851473885),
[92mINFO [0m:      	               (47, 0.8397708694341594),
[92mINFO [0m:      	               (48, 0.8416914988407138),
[92mINFO [0m:      	               (49, 0.8351036854954609),
[92mINFO [0m:      	               (50, 0.8138015748930852),
[92mINFO [0m:      	               (51, 0.8251052041946006),
[92mINFO [0m:      	               (52, 0.8390020219439305),
[92mINFO [0m:      	               (53, 0.8272879662079922),
[92mINFO [0m:      	               (54, 0.8311574860089775),
[92mINFO [0m:      	               (55, 0.8363416548968188),
[92mINFO [0m:      	               (56, 0.8429323100725771),
[92mINFO [0m:      	               (57, 0.8336253303612466),
[92mINFO [0m:      	               (58, 0.8182155466984034),
[92mINFO [0m:      	               (59, 0.817301562388672),
[92mINFO [0m:      	               (60, 0.8261100316579937)],
[92mINFO [0m:      	 'energy': [(1, 143.41878737439905),
[92mINFO [0m:      	            (2, 65.98468284554097),
[92mINFO [0m:      	            (3, 145.44862206052136),
[92mINFO [0m:      	            (4, 81.24089047188804),
[92mINFO [0m:      	            (5, 127.76740146691392),
[92mINFO [0m:      	            (6, 144.36621422919515),
[92mINFO [0m:      	            (7, 65.38488866131038),
[92mINFO [0m:      	            (8, 146.3545053671442),
[92mINFO [0m:      	            (9, 82.38959206588544),
[92mINFO [0m:      	            (10, 139.7046847790427),
[92mINFO [0m:      	            (11, 145.62273753562584),
[92mINFO [0m:      	            (12, 69.84757142399015),
[92mINFO [0m:      	            (13, 156.16525043394466),
[92mINFO [0m:      	            (14, 82.60377631453974),
[92mINFO [0m:      	            (15, 138.13326036549321),
[92mINFO [0m:      	            (16, 152.9239885605056),
[92mINFO [0m:      	            (17, 72.8210772811035),
[92mINFO [0m:      	            (18, 155.4264967036986),
[92mINFO [0m:      	            (19, 96.05867371016629),
[92mINFO [0m:      	            (20, 140.89183324213982),
[92mINFO [0m:      	            (21, 146.13663571096717),
[92mINFO [0m:      	            (22, 74.18437779968056),
[92mINFO [0m:      	            (23, 148.69498793056468),
[92mINFO [0m:      	            (24, 83.67446823600524),
[92mINFO [0m:      	            (25, 140.20965529938556),
[92mINFO [0m:      	            (26, 143.1329658502053),
[92mINFO [0m:      	            (27, 79.45694697725389),
[92mINFO [0m:      	            (28, 146.96804011529576),
[92mINFO [0m:      	            (29, 97.41678948246022),
[92mINFO [0m:      	            (30, 138.94878684545375),
[92mINFO [0m:      	            (31, 141.95317442001092),
[92mINFO [0m:      	            (32, 73.5984315146617),
[92mINFO [0m:      	            (33, 141.83091732319946),
[92mINFO [0m:      	            (34, 83.8498868370159),
[92mINFO [0m:      	            (35, 136.7392737916826),
[92mINFO [0m:      	            (36, 142.84642724587746),
[92mINFO [0m:      	            (37, 87.09869440629403),
[92mINFO [0m:      	            (38, 148.42509901209436),
[92mINFO [0m:      	            (39, 87.0349286923901),
[92mINFO [0m:      	            (40, 138.11550692204557),
[92mINFO [0m:      	            (41, 124.23791032170598),
[92mINFO [0m:      	            (42, 141.30149941673002),
[92mINFO [0m:      	            (43, 132.62581688074403),
[92mINFO [0m:      	            (44, 93.95616540935782),
[92mINFO [0m:      	            (45, 160.36878812970167),
[92mINFO [0m:      	            (46, 126.9642594185887),
[92mINFO [0m:      	            (47, 126.46563667323586),
[92mINFO [0m:      	            (48, 115.08575826141572),
[92mINFO [0m:      	            (49, 104.29524861889952),
[92mINFO [0m:      	            (50, 138.45518595203134),
[92mINFO [0m:      	            (51, 161.19041044675114),
[92mINFO [0m:      	            (52, 152.84962730285585),
[92mINFO [0m:      	            (53, 91.8206589198465),
[92mINFO [0m:      	            (54, 121.74241973490297),
[92mINFO [0m:      	            (55, 113.74205137693716),
[92mINFO [0m:      	            (56, 140.6255893347311),
[92mINFO [0m:      	            (57, 135.16085710200747),
[92mINFO [0m:      	            (58, 124.31301137887638),
[92mINFO [0m:      	            (59, 88.96812773423268),
[92mINFO [0m:      	            (60, 147.9615946392567)],
[92mINFO [0m:      	 'est_upload_time': [(1, 5.874787374399044),
[92mINFO [0m:      	                     (2, 3.5286828455409758),
[92mINFO [0m:      	                     (3, 7.904622060521361),
[92mINFO [0m:      	                     (4, 2.812890471888046),
[92mINFO [0m:      	                     (5, 5.595401466913915),
[92mINFO [0m:      	                     (6, 6.822214229195149),
[92mINFO [0m:      	                     (7, 2.928888661310392),
[92mINFO [0m:      	                     (8, 8.81050536714422),
[92mINFO [0m:      	                     (9, 3.961592065885438),
[92mINFO [0m:      	                     (10, 7.840684779042718),
[92mINFO [0m:      	                     (11, 8.07873753562585),
[92mINFO [0m:      	                     (12, 6.2555714239901485),
[92mINFO [0m:      	                     (13, 18.62125043394466),
[92mINFO [0m:      	                     (14, 4.175776314539747),
[92mINFO [0m:      	                     (15, 6.269260365493215),
[92mINFO [0m:      	                     (16, 15.379988560505591),
[92mINFO [0m:      	                     (17, 3.4850772811034907),
[92mINFO [0m:      	                     (18, 17.88249670369859),
[92mINFO [0m:      	                     (19, 3.3906737101662916),
[92mINFO [0m:      	                     (20, 9.027833242139831),
[92mINFO [0m:      	                     (21, 8.592635710967155),
[92mINFO [0m:      	                     (22, 4.84837779968055),
[92mINFO [0m:      	                     (23, 11.15098793056467),
[92mINFO [0m:      	                     (24, 5.246468236005244),
[92mINFO [0m:      	                     (25, 8.345655299385564),
[92mINFO [0m:      	                     (26, 5.588965850205314),
[92mINFO [0m:      	                     (27, 10.1209469772539),
[92mINFO [0m:      	                     (28, 9.424040115295766),
[92mINFO [0m:      	                     (29, 4.748789482460215),
[92mINFO [0m:      	                     (30, 7.084786845453753),
[92mINFO [0m:      	                     (31, 4.409174420010913),
[92mINFO [0m:      	                     (32, 4.262431514661699),
[92mINFO [0m:      	                     (33, 4.2869173231994475),
[92mINFO [0m:      	                     (34, 5.421886837015911),
[92mINFO [0m:      	                     (35, 4.875273791682585),
[92mINFO [0m:      	                     (36, 5.302427245877439),
[92mINFO [0m:      	                     (37, 3.522694406294021),
[92mINFO [0m:      	                     (38, 10.881099012094364),
[92mINFO [0m:      	                     (39, 8.606928692390095),
[92mINFO [0m:      	                     (40, 6.251506922045564),
[92mINFO [0m:      	                     (41, 7.813910321705987),
[92mINFO [0m:      	                     (42, 25.013499416730014),
[92mINFO [0m:      	                     (43, 25.29381688074402),
[92mINFO [0m:      	                     (44, 14.392165409357826),
[92mINFO [0m:      	                     (45, 28.504788129701673),
[92mINFO [0m:      	                     (46, 10.5402594185887),
[92mINFO [0m:      	                     (47, 10.177636673235876),
[92mINFO [0m:      	                     (48, 7.753758261415718),
[92mINFO [0m:      	                     (49, 24.731248618899517),
[92mINFO [0m:      	                     (50, 6.591185952031353),
[92mINFO [0m:      	                     (51, 44.76641044675114),
[92mINFO [0m:      	                     (52, 36.56162730285584),
[92mINFO [0m:      	                     (53, 6.372658919846481),
[92mINFO [0m:      	                     (54, 12.714419734902968),
[92mINFO [0m:      	                     (55, 6.198051376937165),
[92mINFO [0m:      	                     (56, 24.20158933473109),
[92mINFO [0m:      	                     (57, 12.240857102007483),
[92mINFO [0m:      	                     (58, 9.373011378876383),
[92mINFO [0m:      	                     (59, 10.152127734232675),
[92mINFO [0m:      	                     (60, 16.097594639256684)],
[92mINFO [0m:      	 'jain': [(1, 0.49999999999999),
[92mINFO [0m:      	          (2, 0.99999999999999),
[92mINFO [0m:      	          (3, 0.8999999999999965),
[92mINFO [0m:      	          (4, 0.9523809523809501),
[92mINFO [0m:      	          (5, 0.9523809523809501),
[92mINFO [0m:      	          (6, 0.7692307692307677),
[92mINFO [0m:      	          (7, 0.9523809523809501),
[92mINFO [0m:      	          (8, 0.8333333333333316),
[92mINFO [0m:      	          (9, 0.9523809523809501),
[92mINFO [0m:      	          (10, 0.909090909090907),
[92mINFO [0m:      	          (11, 0.7999999999999984),
[92mINFO [0m:      	          (12, 0.909090909090907),
[92mINFO [0m:      	          (13, 0.7999999999999984),
[92mINFO [0m:      	          (14, 0.909090909090907),
[92mINFO [0m:      	          (15, 0.909090909090907),
[92mINFO [0m:      	          (16, 0.7999999999999984),
[92mINFO [0m:      	          (17, 0.8695652173913024),
[92mINFO [0m:      	          (18, 0.7999999999999984),
[92mINFO [0m:      	          (19, 0.909090909090907),
[92mINFO [0m:      	          (20, 0.909090909090907),
[92mINFO [0m:      	          (21, 0.7999999999999984),
[92mINFO [0m:      	          (22, 0.909090909090907),
[92mINFO [0m:      	          (23, 0.7999999999999984),
[92mINFO [0m:      	          (24, 0.8695652173913024),
[92mINFO [0m:      	          (25, 0.8695652173913024),
[92mINFO [0m:      	          (26, 0.7999999999999984),
[92mINFO [0m:      	          (27, 0.8695652173913024),
[92mINFO [0m:      	          (28, 0.7999999999999984),
[92mINFO [0m:      	          (29, 0.909090909090907),
[92mINFO [0m:      	          (30, 0.909090909090907),
[92mINFO [0m:      	          (31, 0.7999999999999984),
[92mINFO [0m:      	          (32, 0.909090909090907),
[92mINFO [0m:      	          (33, 0.7999999999999984),
[92mINFO [0m:      	          (34, 0.8695652173913024),
[92mINFO [0m:      	          (35, 0.8695652173913024),
[92mINFO [0m:      	          (36, 0.7999999999999984),
[92mINFO [0m:      	          (37, 0.909090909090907),
[92mINFO [0m:      	          (38, 0.7999999999999984),
[92mINFO [0m:      	          (39, 0.909090909090907),
[92mINFO [0m:      	          (40, 0.909090909090907),
[92mINFO [0m:      	          (41, 0.7999999999999984),
[92mINFO [0m:      	          (42, 0.7999999999999984),
[92mINFO [0m:      	          (43, 0.7407407407407394),
[92mINFO [0m:      	          (44, 0.7692307692307677),
[92mINFO [0m:      	          (45, 0.7692307692307677),
[92mINFO [0m:      	          (46, 0.7692307692307677),
[92mINFO [0m:      	          (47, 0.7692307692307677),
[92mINFO [0m:      	          (48, 0.7407407407407394),
[92mINFO [0m:      	          (49, 0.7692307692307677),
[92mINFO [0m:      	          (50, 0.7692307692307677),
[92mINFO [0m:      	          (51, 0.7692307692307677),
[92mINFO [0m:      	          (52, 0.7692307692307677),
[92mINFO [0m:      	          (53, 0.7692307692307677),
[92mINFO [0m:      	          (54, 0.7692307692307677),
[92mINFO [0m:      	          (55, 0.8333333333333316),
[92mINFO [0m:      	          (56, 0.8333333333333316),
[92mINFO [0m:      	          (57, 0.8333333333333316),
[92mINFO [0m:      	          (58, 0.7692307692307677),
[92mINFO [0m:      	          (59, 0.7407407407407394),
[92mINFO [0m:      	          (60, 0.714285714285713)],
[92mINFO [0m:      	 'loss': [(1, 2.133905935891067),
[92mINFO [0m:      	          (2, 2.0684778629979),
[92mINFO [0m:      	          (3, 1.6045298018032992),
[92mINFO [0m:      	          (4, 1.840523436099668),
[92mINFO [0m:      	          (5, 1.484737355497819),
[92mINFO [0m:      	          (6, 1.3963308198542534),
[92mINFO [0m:      	          (7, 1.411770924737182),
[92mINFO [0m:      	          (8, 1.2160668192030508),
[92mINFO [0m:      	          (9, 1.7130248757857311),
[92mINFO [0m:      	          (10, 1.1639387200150308),
[92mINFO [0m:      	          (11, 1.237165448031848),
[92mINFO [0m:      	          (12, 1.4269044127645372),
[92mINFO [0m:      	          (13, 1.1291896233075782),
[92mINFO [0m:      	          (14, 1.0594457078583632),
[92mINFO [0m:      	          (15, 1.1134751325921168),
[92mINFO [0m:      	          (16, 1.0288620410086233),
[92mINFO [0m:      	          (17, 1.2271263599395752),
[92mINFO [0m:      	          (18, 0.9956180453300476),
[92mINFO [0m:      	          (19, 1.1384837325615218),
[92mINFO [0m:      	          (20, 0.9454158899150317),
[92mINFO [0m:      	          (21, 0.9430502992642077),
[92mINFO [0m:      	          (22, 1.0944027108482168),
[92mINFO [0m:      	          (23, 0.8673286068288586),
[92mINFO [0m:      	          (24, 0.8157933301563505),
[92mINFO [0m:      	          (25, 0.8930730140661891),
[92mINFO [0m:      	          (26, 0.8032439434075658),
[92mINFO [0m:      	          (27, 1.0930452580693402),
[92mINFO [0m:      	          (28, 0.7588144985935356),
[92mINFO [0m:      	          (29, 0.8251274469532545),
[92mINFO [0m:      	          (30, 0.8474778721604166),
[92mINFO [0m:      	          (31, 0.7099103655996202),
[92mINFO [0m:      	          (32, 0.9283952147145814),
[92mINFO [0m:      	          (33, 0.7196982499164871),
[92mINFO [0m:      	          (34, 1.049360048167313),
[92mINFO [0m:      	          (35, 0.7606325722947905),
[92mINFO [0m:      	          (36, 0.7686685633055771),
[92mINFO [0m:      	          (37, 0.7370763553094261),
[92mINFO [0m:      	          (38, 0.8520389191712006),
[92mINFO [0m:      	          (39, 0.6618830029723011),
[92mINFO [0m:      	          (40, 0.7097519432442098),
[92mINFO [0m:      	          (41, 0.7716545032549508),
[92mINFO [0m:      	          (42, 1.3576156625264808),
[92mINFO [0m:      	          (43, 1.0605192207082916),
[92mINFO [0m:      	          (44, 1.8904308654084991),
[92mINFO [0m:      	          (45, 1.190614441527596),
[92mINFO [0m:      	          (46, 0.6471809427949446),
[92mINFO [0m:      	          (47, 0.7639966063861605),
[92mINFO [0m:      	          (48, 0.6423364221295224),
[92mINFO [0m:      	          (49, 0.7428217658513709),
[92mINFO [0m:      	          (50, 0.6161006028893627),
[92mINFO [0m:      	          (51, 0.6982183456420898),
[92mINFO [0m:      	          (52, 0.8543916314463073),
[92mINFO [0m:      	          (53, 0.6447888069514986),
[92mINFO [0m:      	          (54, 0.6234776219235191),
[92mINFO [0m:      	          (55, 0.5959067186222801),
[92mINFO [0m:      	          (56, 0.5389195771156987),
[92mINFO [0m:      	          (57, 0.6169274143780334),
[92mINFO [0m:      	          (58, 0.6731384966192366),
[92mINFO [0m:      	          (59, 0.695129305878772),
[92mINFO [0m:      	          (60, 0.695129305878772)],
[92mINFO [0m:      	 'mode': [(1, 'semi_sync'),
[92mINFO [0m:      	          (2, 'semi_sync'),
[92mINFO [0m:      	          (3, 'semi_sync'),
[92mINFO [0m:      	          (4, 'semi_sync'),
[92mINFO [0m:      	          (5, 'semi_sync'),
[92mINFO [0m:      	          (6, 'semi_sync'),
[92mINFO [0m:      	          (7, 'semi_sync'),
[92mINFO [0m:      	          (8, 'semi_sync'),
[92mINFO [0m:      	          (9, 'semi_sync'),
[92mINFO [0m:      	          (10, 'semi_sync'),
[92mINFO [0m:      	          (11, 'semi_sync'),
[92mINFO [0m:      	          (12, 'semi_sync'),
[92mINFO [0m:      	          (13, 'semi_sync'),
[92mINFO [0m:      	          (14, 'semi_sync'),
[92mINFO [0m:      	          (15, 'semi_sync'),
[92mINFO [0m:      	          (16, 'semi_sync'),
[92mINFO [0m:      	          (17, 'semi_sync'),
[92mINFO [0m:      	          (18, 'semi_sync'),
[92mINFO [0m:      	          (19, 'semi_sync'),
[92mINFO [0m:      	          (20, 'semi_sync'),
[92mINFO [0m:      	          (21, 'semi_sync'),
[92mINFO [0m:      	          (22, 'semi_sync'),
[92mINFO [0m:      	          (23, 'semi_sync'),
[92mINFO [0m:      	          (24, 'semi_sync'),
[92mINFO [0m:      	          (25, 'semi_sync'),
[92mINFO [0m:      	          (26, 'semi_sync'),
[92mINFO [0m:      	          (27, 'semi_sync'),
[92mINFO [0m:      	          (28, 'semi_sync'),
[92mINFO [0m:      	          (29, 'semi_sync'),
[92mINFO [0m:      	          (30, 'semi_sync'),
[92mINFO [0m:      	          (31, 'semi_sync'),
[92mINFO [0m:      	          (32, 'semi_sync'),
[92mINFO [0m:      	          (33, 'semi_sync'),
[92mINFO [0m:      	          (34, 'semi_sync'),
[92mINFO [0m:      	          (35, 'semi_sync'),
[92mINFO [0m:      	          (36, 'semi_sync'),
[92mINFO [0m:      	          (37, 'semi_sync'),
[92mINFO [0m:      	          (38, 'semi_sync'),
[92mINFO [0m:      	          (39, 'semi_sync'),
[92mINFO [0m:      	          (40, 'semi_sync'),
[92mINFO [0m:      	          (41, 'semi_sync'),
[92mINFO [0m:      	          (42, 'semi_sync'),
[92mINFO [0m:      	          (43, 'semi_sync'),
[92mINFO [0m:      	          (44, 'semi_sync'),
[92mINFO [0m:      	          (45, 'semi_sync'),
[92mINFO [0m:      	          (46, 'bridge'),
[92mINFO [0m:      	          (47, 'bridge'),
[92mINFO [0m:      	          (48, 'bridge'),
[92mINFO [0m:      	          (49, 'bridge'),
[92mINFO [0m:      	          (50, 'bridge'),
[92mINFO [0m:      	          (51, 'async'),
[92mINFO [0m:      	          (52, 'async'),
[92mINFO [0m:      	          (53, 'async'),
[92mINFO [0m:      	          (54, 'async'),
[92mINFO [0m:      	          (55, 'async'),
[92mINFO [0m:      	          (56, 'async'),
[92mINFO [0m:      	          (57, 'async'),
[92mINFO [0m:      	          (58, 'async'),
[92mINFO [0m:      	          (59, 'async'),
[92mINFO [0m:      	          (60, 'async')],
[92mINFO [0m:      	 'num_exhausted_clients': [(1, 0.0),
[92mINFO [0m:      	                           (2, 0.0),
[92mINFO [0m:      	                           (3, 0.0),
[92mINFO [0m:      	                           (4, 0.0),
[92mINFO [0m:      	                           (5, 0.0),
[92mINFO [0m:      	                           (6, 0.0),
[92mINFO [0m:      	                           (7, 0.0),
[92mINFO [0m:      	                           (8, 0.0),
[92mINFO [0m:      	                           (9, 0.0),
[92mINFO [0m:      	                           (10, 0.0),
[92mINFO [0m:      	                           (11, 0.0),
[92mINFO [0m:      	                           (12, 0.0),
[92mINFO [0m:      	                           (13, 0.0),
[92mINFO [0m:      	                           (14, 0.0),
[92mINFO [0m:      	                           (15, 0.0),
[92mINFO [0m:      	                           (16, 0.0),
[92mINFO [0m:      	                           (17, 0.0),
[92mINFO [0m:      	                           (18, 0.0),
[92mINFO [0m:      	                           (19, 0.0),
[92mINFO [0m:      	                           (20, 0.0),
[92mINFO [0m:      	                           (21, 0.0),
[92mINFO [0m:      	                           (22, 0.0),
[92mINFO [0m:      	                           (23, 0.0),
[92mINFO [0m:      	                           (24, 0.0),
[92mINFO [0m:      	                           (25, 0.0),
[92mINFO [0m:      	                           (26, 0.0),
[92mINFO [0m:      	                           (27, 0.0),
[92mINFO [0m:      	                           (28, 0.0),
[92mINFO [0m:      	                           (29, 0.0),
[92mINFO [0m:      	                           (30, 0.0),
[92mINFO [0m:      	                           (31, 0.0),
[92mINFO [0m:      	                           (32, 0.0),
[92mINFO [0m:      	                           (33, 0.0),
[92mINFO [0m:      	                           (34, 0.0),
[92mINFO [0m:      	                           (35, 0.0),
[92mINFO [0m:      	                           (36, 0.0),
[92mINFO [0m:      	                           (37, 0.0),
[92mINFO [0m:      	                           (38, 0.0),
[92mINFO [0m:      	                           (39, 0.0),
[92mINFO [0m:      	                           (40, 0.0),
[92mINFO [0m:      	                           (41, 0.0),
[92mINFO [0m:      	                           (42, 0.0),
[92mINFO [0m:      	                           (43, 0.0),
[92mINFO [0m:      	                           (44, 0.0),
[92mINFO [0m:      	                           (45, 0.0),
[92mINFO [0m:      	                           (46, 0.0),
[92mINFO [0m:      	                           (47, 0.0),
[92mINFO [0m:      	                           (48, 0.0),
[92mINFO [0m:      	                           (49, 0.0),
[92mINFO [0m:      	                           (50, 0.0),
[92mINFO [0m:      	                           (51, 0.0),
[92mINFO [0m:      	                           (52, 0.0),
[92mINFO [0m:      	                           (53, 0.0),
[92mINFO [0m:      	                           (54, 0.0),
[92mINFO [0m:      	                           (55, 0.0),
[92mINFO [0m:      	                           (56, 0.0),
[92mINFO [0m:      	                           (57, 0.0),
[92mINFO [0m:      	                           (58, 0.0),
[92mINFO [0m:      	                           (59, 0.0),
[92mINFO [0m:      	                           (60, 0.0)],
[92mINFO [0m:      	 'topk': [(1, 5.0),
[92mINFO [0m:      	          (2, 5.0),
[92mINFO [0m:      	          (3, 5.0),
[92mINFO [0m:      	          (4, 5.0),
[92mINFO [0m:      	          (5, 5.0),
[92mINFO [0m:      	          (6, 5.0),
[92mINFO [0m:      	          (7, 5.0),
[92mINFO [0m:      	          (8, 5.0),
[92mINFO [0m:      	          (9, 5.0),
[92mINFO [0m:      	          (10, 5.0),
[92mINFO [0m:      	          (11, 5.0),
[92mINFO [0m:      	          (12, 5.0),
[92mINFO [0m:      	          (13, 5.0),
[92mINFO [0m:      	          (14, 5.0),
[92mINFO [0m:      	          (15, 5.0),
[92mINFO [0m:      	          (16, 5.0),
[92mINFO [0m:      	          (17, 5.0),
[92mINFO [0m:      	          (18, 5.0),
[92mINFO [0m:      	          (19, 5.0),
[92mINFO [0m:      	          (20, 5.0),
[92mINFO [0m:      	          (21, 5.0),
[92mINFO [0m:      	          (22, 5.0),
[92mINFO [0m:      	          (23, 5.0),
[92mINFO [0m:      	          (24, 5.0),
[92mINFO [0m:      	          (25, 5.0),
[92mINFO [0m:      	          (26, 5.0),
[92mINFO [0m:      	          (27, 5.0),
[92mINFO [0m:      	          (28, 5.0),
[92mINFO [0m:      	          (29, 5.0),
[92mINFO [0m:      	          (30, 5.0),
[92mINFO [0m:      	          (31, 5.0),
[92mINFO [0m:      	          (32, 5.0),
[92mINFO [0m:      	          (33, 5.0),
[92mINFO [0m:      	          (34, 5.0),
[92mINFO [0m:      	          (35, 5.0),
[92mINFO [0m:      	          (36, 5.0),
[92mINFO [0m:      	          (37, 5.0),
[92mINFO [0m:      	          (38, 5.0),
[92mINFO [0m:      	          (39, 5.0),
[92mINFO [0m:      	          (40, 5.0),
[92mINFO [0m:      	          (41, 5.0),
[92mINFO [0m:      	          (42, 5.0),
[92mINFO [0m:      	          (43, 5.0),
[92mINFO [0m:      	          (44, 5.0),
[92mINFO [0m:      	          (45, 5.0),
[92mINFO [0m:      	          (46, 5.0),
[92mINFO [0m:      	          (47, 5.0),
[92mINFO [0m:      	          (48, 5.0),
[92mINFO [0m:      	          (49, 5.0),
[92mINFO [0m:      	          (50, 5.0),
[92mINFO [0m:      	          (51, 5.0),
[92mINFO [0m:      	          (52, 5.0),
[92mINFO [0m:      	          (53, 5.0),
[92mINFO [0m:      	          (54, 5.0),
[92mINFO [0m:      	          (55, 5.0),
[92mINFO [0m:      	          (56, 5.0),
[92mINFO [0m:      	          (57, 5.0),
[92mINFO [0m:      	          (58, 5.0),
[92mINFO [0m:      	          (59, 5.0),
[92mINFO [0m:      	          (60, 5.0)]}
[92mINFO [0m:      	History (metrics, centralized):
[92mINFO [0m:      	{'accuracy': [(0, 0.1),
[92mINFO [0m:      	              (1, 0.2208),
[92mINFO [0m:      	              (2, 0.2518),
[92mINFO [0m:      	              (3, 0.3609),
[92mINFO [0m:      	              (4, 0.393),
[92mINFO [0m:      	              (5, 0.4295),
[92mINFO [0m:      	              (6, 0.4911),
[92mINFO [0m:      	              (7, 0.4861),
[92mINFO [0m:      	              (8, 0.5372),
[92mINFO [0m:      	              (9, 0.4504),
[92mINFO [0m:      	              (10, 0.5854),
[92mINFO [0m:      	              (11, 0.5589),
[92mINFO [0m:      	              (12, 0.524),
[92mINFO [0m:      	              (13, 0.5941),
[92mINFO [0m:      	              (14, 0.6202),
[92mINFO [0m:      	              (15, 0.6313),
[92mINFO [0m:      	              (16, 0.619),
[92mINFO [0m:      	              (17, 0.5852),
[92mINFO [0m:      	              (18, 0.6423),
[92mINFO [0m:      	              (19, 0.6627),
[92mINFO [0m:      	              (20, 0.665),
[92mINFO [0m:      	              (21, 0.6693),
[92mINFO [0m:      	              (22, 0.6241),
[92mINFO [0m:      	              (23, 0.696),
[92mINFO [0m:      	              (24, 0.7071),
[92mINFO [0m:      	              (25, 0.6882),
[92mINFO [0m:      	              (26, 0.7169),
[92mINFO [0m:      	              (27, 0.6389),
[92mINFO [0m:      	              (28, 0.7245),
[92mINFO [0m:      	              (29, 0.7161),
[92mINFO [0m:      	              (30, 0.7131),
[92mINFO [0m:      	              (31, 0.7515),
[92mINFO [0m:      	              (32, 0.6854),
[92mINFO [0m:      	              (33, 0.7495),
[92mINFO [0m:      	              (34, 0.6455),
[92mINFO [0m:      	              (35, 0.7369),
[92mINFO [0m:      	              (36, 0.7379),
[92mINFO [0m:      	              (37, 0.7615),
[92mINFO [0m:      	              (38, 0.7162),
[92mINFO [0m:      	              (39, 0.767),
[92mINFO [0m:      	              (40, 0.7592),
[92mINFO [0m:      	              (41, 0.7323),
[92mINFO [0m:      	              (42, 0.6214),
[92mINFO [0m:      	              (43, 0.6639),
[92mINFO [0m:      	              (44, 0.5221),
[92mINFO [0m:      	              (45, 0.6497),
[92mINFO [0m:      	              (46, 0.777),
[92mINFO [0m:      	              (47, 0.7459),
[92mINFO [0m:      	              (48, 0.7734),
[92mINFO [0m:      	              (49, 0.7439),
[92mINFO [0m:      	              (50, 0.7961),
[92mINFO [0m:      	              (51, 0.7693),
[92mINFO [0m:      	              (52, 0.7225),
[92mINFO [0m:      	              (53, 0.7761),
[92mINFO [0m:      	              (54, 0.7995),
[92mINFO [0m:      	              (55, 0.7972),
[92mINFO [0m:      	              (56, 0.8166),
[92mINFO [0m:      	              (57, 0.7949),
[92mINFO [0m:      	              (58, 0.7784),
[92mINFO [0m:      	              (59, 0.7694),
[92mINFO [0m:      	              (60, 0.7694)]}
[92mINFO [0m:      
[36m(pid=774368)[0m [2026-03-05 13:31:57,552 E 774368 775932] core_worker_process.cc:825: Failed to establish connection to the metrics exporter agent. Metrics will not be exported. Exporter agent status: RpcError: Running out of retries to initialize the metrics agent. rpc_code: 14[32m [repeated 20x across cluster][0m
