[93mWARNING [0m:   DEPRECATED FEATURE: flwr.simulation.start_simulation() is deprecated.
	Instead, use the `flwr run` CLI command to start a local simulation in your Flower app, as shown for example below:

		$ flwr new  # Create a new Flower app from a template

		$ flwr run  # Run the Flower app in Simulation Mode

	Using `start_simulation()` is deprecated.

            This is a deprecated feature. It will be removed
            entirely in future versions of Flower.
        
[92mINFO [0m:      Starting Flower simulation, config: num_rounds=60, no round_timeout
2026-02-28 17:37:58,391	INFO worker.py:2012 -- Started a local Ray instance.
D:\Code\2025-11\moga-fl\.venv\lib\site-packages\ray\_private\worker.py:2051: FutureWarning: Tip: In future versions of Ray, Ray will no longer override accelerator visible devices env var if num_gpus=0 or num_gpus=None (default). To enable this behavior and turn off this error message, set RAY_ACCEL_ENV_VAR_OVERRIDE_ON_ZERO=0
  warnings.warn(
[92mINFO [0m:      Flower VCE: Ray initialized with resources: {'object_store_memory': 1319506329.0, 'GPU': 1.0, 'memory': 3078848103.0, 'node:__internal_head__': 1.0, 'node:127.0.0.1': 1.0, 'accelerator_type:G': 1.0, 'CPU': 16.0}
[92mINFO [0m:      Optimize your simulation with Flower VCE: https://flower.ai/docs/framework/how-to-run-simulations.html
[92mINFO [0m:      Flower VCE: Resources for each Virtual Client: {'num_cpus': 2.0, 'num_gpus': 0.25}
[92mINFO [0m:      Flower VCE: Creating VirtualClientEngineActorPool with 4 actors
[92mINFO [0m:      [INIT]
[92mINFO [0m:      Using initial global parameters provided by strategy
[92mINFO [0m:      Starting evaluation of initial global parameters
[92mINFO [0m:      initial parameters (loss, other metrics): 3.569974211197865, {'accuracy': 0.1}
[92mINFO [0m:      
[92mINFO [0m:      [ROUND 1]
[92mINFO [0m:      configure_fit: strategy sampled 5 clients (out of 10)
[36m(pid=gcs_server)[0m [2026-02-28 17:38:28,718 E 12880 18680] (gcs_server.exe) gcs_server.cc:302: Failed to establish connection to the event+metrics exporter agent. Events and metrics will not be exported. Exporter agent status: RpcError: Running out of retries to initialize the metrics agent. rpc_code: 14
[33m(raylet)[0m [2026-02-28 17:38:30,281 E 20672 25128] (raylet.exe) main.cc:975: Failed to establish connection to the metrics exporter agent. Metrics will not be exported. Exporter agent status: RpcError: Running out of retries to initialize the metrics agent. rpc_code: 14
[2026-02-28 17:38:32,050 E 43928 40304] core_worker_process.cc:825: Failed to establish connection to the metrics exporter agent. Metrics will not be exported. Exporter agent status: RpcError: Running out of retries to initialize the metrics agent. rpc_code: 14
[92mINFO [0m:      aggregate_fit: received 5 results and 0 failures
[92mINFO [0m:      fit progress: (1, 2.0731287334538715, {'accuracy': 0.3367}, 47.206315599993104)
[92mINFO [0m:      configure_evaluate: no clients selected, skipping evaluation
[92mINFO [0m:      
[92mINFO [0m:      [ROUND 2]
[92mINFO [0m:      configure_fit: strategy sampled 5 clients (out of 10)
[92mINFO [0m:      aggregate_fit: received 5 results and 0 failures
[92mINFO [0m:      fit progress: (2, 2.0142150755170025, {'accuracy': 0.3102}, 68.5446488999878)
[92mINFO [0m:      configure_evaluate: no clients selected, skipping evaluation
[92mINFO [0m:      
[92mINFO [0m:      [ROUND 3]
[92mINFO [0m:      configure_fit: strategy sampled 5 clients (out of 10)
[92mINFO [0m:      aggregate_fit: received 5 results and 0 failures
[92mINFO [0m:      fit progress: (3, 1.6639634642419936, {'accuracy': 0.3381}, 112.064999299997)
[92mINFO [0m:      configure_evaluate: no clients selected, skipping evaluation
[92mINFO [0m:      
[92mINFO [0m:      [ROUND 4]
[92mINFO [0m:      configure_fit: strategy sampled 5 clients (out of 10)
[92mINFO [0m:      aggregate_fit: received 5 results and 0 failures
[92mINFO [0m:      fit progress: (4, 2.17369300504274, {'accuracy': 0.3357}, 138.36725799998385)
[92mINFO [0m:      configure_evaluate: no clients selected, skipping evaluation
[92mINFO [0m:      
[92mINFO [0m:      [ROUND 5]
[92mINFO [0m:      configure_fit: strategy sampled 5 clients (out of 10)
[92mINFO [0m:      aggregate_fit: received 5 results and 0 failures
[92mINFO [0m:      fit progress: (5, 1.7187717187253735, {'accuracy': 0.3945}, 179.35485209999024)
[92mINFO [0m:      configure_evaluate: no clients selected, skipping evaluation
[92mINFO [0m:      
[92mINFO [0m:      [ROUND 6]
[92mINFO [0m:      configure_fit: strategy sampled 5 clients (out of 10)
[92mINFO [0m:      aggregate_fit: received 5 results and 0 failures
[92mINFO [0m:      fit progress: (6, 1.4908491342882566, {'accuracy': 0.4589}, 218.98647370000253)
[92mINFO [0m:      configure_evaluate: no clients selected, skipping evaluation
[92mINFO [0m:      
[92mINFO [0m:      [ROUND 7]
[92mINFO [0m:      configure_fit: strategy sampled 5 clients (out of 10)
[92mINFO [0m:      aggregate_fit: received 5 results and 0 failures
[92mINFO [0m:      fit progress: (7, 2.1780113328861286, {'accuracy': 0.3116}, 246.84088569998858)
[92mINFO [0m:      configure_evaluate: no clients selected, skipping evaluation
[92mINFO [0m:      
[92mINFO [0m:      [ROUND 8]
[92mINFO [0m:      configure_fit: strategy sampled 5 clients (out of 10)
[92mINFO [0m:      aggregate_fit: received 5 results and 0 failures
[92mINFO [0m:      fit progress: (8, 1.489183039604863, {'accuracy': 0.4692}, 290.86695890000556)
[92mINFO [0m:      configure_evaluate: no clients selected, skipping evaluation
[92mINFO [0m:      
[92mINFO [0m:      [ROUND 9]
[92mINFO [0m:      configure_fit: strategy sampled 5 clients (out of 10)
[92mINFO [0m:      aggregate_fit: received 5 results and 0 failures
[92mINFO [0m:      fit progress: (9, 1.7785662774798237, {'accuracy': 0.423}, 324.2996932999813)
[92mINFO [0m:      configure_evaluate: no clients selected, skipping evaluation
[92mINFO [0m:      
[92mINFO [0m:      [ROUND 10]
[92mINFO [0m:      configure_fit: strategy sampled 5 clients (out of 10)
[92mINFO [0m:      aggregate_fit: received 5 results and 0 failures
[92mINFO [0m:      fit progress: (10, 1.2852617170237288, {'accuracy': 0.5301}, 359.38793589998386)
[92mINFO [0m:      configure_evaluate: no clients selected, skipping evaluation
[92mINFO [0m:      
[92mINFO [0m:      [ROUND 11]
[92mINFO [0m:      configure_fit: strategy sampled 5 clients (out of 10)
[92mINFO [0m:      aggregate_fit: received 5 results and 0 failures
[92mINFO [0m:      fit progress: (11, 1.315643674210657, {'accuracy': 0.5053}, 396.9519789000042)
[92mINFO [0m:      configure_evaluate: no clients selected, skipping evaluation
[92mINFO [0m:      
[92mINFO [0m:      [ROUND 12]
[92mINFO [0m:      configure_fit: strategy sampled 5 clients (out of 10)
[92mINFO [0m:      aggregate_fit: received 5 results and 0 failures
[92mINFO [0m:      fit progress: (12, 1.247673909875411, {'accuracy': 0.5315}, 430.9502680999867)
[92mINFO [0m:      configure_evaluate: no clients selected, skipping evaluation
[92mINFO [0m:      
[92mINFO [0m:      [ROUND 13]
[92mINFO [0m:      configure_fit: strategy sampled 5 clients (out of 10)
[92mINFO [0m:      aggregate_fit: received 5 results and 0 failures
[92mINFO [0m:      fit progress: (13, 1.2180722650093367, {'accuracy': 0.5603}, 472.1762574999884)
[92mINFO [0m:      configure_evaluate: no clients selected, skipping evaluation
[92mINFO [0m:      
[92mINFO [0m:      [ROUND 14]
[92mINFO [0m:      configure_fit: strategy sampled 5 clients (out of 10)
[92mINFO [0m:      aggregate_fit: received 5 results and 0 failures
[92mINFO [0m:      fit progress: (14, 1.1713552972938441, {'accuracy': 0.5783}, 505.5047481000074)
[92mINFO [0m:      configure_evaluate: no clients selected, skipping evaluation
[92mINFO [0m:      
[92mINFO [0m:      [ROUND 15]
[92mINFO [0m:      configure_fit: strategy sampled 5 clients (out of 10)
[92mINFO [0m:      aggregate_fit: received 5 results and 0 failures
[92mINFO [0m:      fit progress: (15, 1.2097954372816448, {'accuracy': 0.5776}, 540.6268450999924)
[92mINFO [0m:      configure_evaluate: no clients selected, skipping evaluation
[92mINFO [0m:      
[92mINFO [0m:      [ROUND 16]
[92mINFO [0m:      configure_fit: strategy sampled 5 clients (out of 10)
[92mINFO [0m:      aggregate_fit: received 5 results and 0 failures
[92mINFO [0m:      fit progress: (16, 1.1439199530625646, {'accuracy': 0.6127}, 578.5652416999801)
[92mINFO [0m:      configure_evaluate: no clients selected, skipping evaluation
[92mINFO [0m:      
[92mINFO [0m:      [ROUND 17]
[92mINFO [0m:      configure_fit: strategy sampled 5 clients (out of 10)
[92mINFO [0m:      aggregate_fit: received 5 results and 0 failures
[92mINFO [0m:      fit progress: (17, 1.3522972532465487, {'accuracy': 0.5242}, 616.1130910000065)
[92mINFO [0m:      configure_evaluate: no clients selected, skipping evaluation
[92mINFO [0m:      
[92mINFO [0m:      [ROUND 18]
[92mINFO [0m:      configure_fit: strategy sampled 5 clients (out of 10)
[92mINFO [0m:      aggregate_fit: received 5 results and 0 failures
[92mINFO [0m:      fit progress: (18, 1.064371255379689, {'accuracy': 0.6272}, 653.6134499000036)
[92mINFO [0m:      configure_evaluate: no clients selected, skipping evaluation
[92mINFO [0m:      
[92mINFO [0m:      [ROUND 19]
[92mINFO [0m:      configure_fit: strategy sampled 5 clients (out of 10)
[92mINFO [0m:      aggregate_fit: received 5 results and 0 failures
[92mINFO [0m:      fit progress: (19, 1.332262016549895, {'accuracy': 0.5459}, 686.9998675999814)
[92mINFO [0m:      configure_evaluate: no clients selected, skipping evaluation
[92mINFO [0m:      
[92mINFO [0m:      [ROUND 20]
[92mINFO [0m:      configure_fit: strategy sampled 5 clients (out of 10)
[92mINFO [0m:      aggregate_fit: received 5 results and 0 failures
[92mINFO [0m:      fit progress: (20, 1.1535691935804826, {'accuracy': 0.5956}, 722.1941393000016)
[92mINFO [0m:      configure_evaluate: no clients selected, skipping evaluation
[92mINFO [0m:      
[92mINFO [0m:      [ROUND 21]
[92mINFO [0m:      configure_fit: strategy sampled 5 clients (out of 10)
[92mINFO [0m:      aggregate_fit: received 5 results and 0 failures
[92mINFO [0m:      fit progress: (21, 1.1742665413059765, {'accuracy': 0.6202}, 760.0700148000033)
[92mINFO [0m:      configure_evaluate: no clients selected, skipping evaluation
[92mINFO [0m:      
[92mINFO [0m:      [ROUND 22]
[92mINFO [0m:      configure_fit: strategy sampled 5 clients (out of 10)
[92mINFO [0m:      aggregate_fit: received 5 results and 0 failures
[92mINFO [0m:      fit progress: (22, 1.0226572540741932, {'accuracy': 0.6279}, 797.6482079999987)
[92mINFO [0m:      configure_evaluate: no clients selected, skipping evaluation
[92mINFO [0m:      
[92mINFO [0m:      [ROUND 23]
[92mINFO [0m:      configure_fit: strategy sampled 5 clients (out of 10)
[92mINFO [0m:      aggregate_fit: received 5 results and 0 failures
[92mINFO [0m:      fit progress: (23, 1.0639981974529316, {'accuracy': 0.6431}, 834.9844572999864)
[92mINFO [0m:      configure_evaluate: no clients selected, skipping evaluation
[92mINFO [0m:      
[92mINFO [0m:      [ROUND 24]
[92mINFO [0m:      configure_fit: strategy sampled 5 clients (out of 10)
[92mINFO [0m:      aggregate_fit: received 5 results and 0 failures
[92mINFO [0m:      fit progress: (24, 1.039959088910984, {'accuracy': 0.6546}, 868.3622286999889)
[92mINFO [0m:      configure_evaluate: no clients selected, skipping evaluation
[92mINFO [0m:      
[92mINFO [0m:      [ROUND 25]
[92mINFO [0m:      configure_fit: strategy sampled 5 clients (out of 10)
[92mINFO [0m:      aggregate_fit: received 5 results and 0 failures
[92mINFO [0m:      fit progress: (25, 1.0435998696315139, {'accuracy': 0.6669}, 903.3711379999877)
[92mINFO [0m:      configure_evaluate: no clients selected, skipping evaluation
[92mINFO [0m:      
[92mINFO [0m:      [ROUND 26]
[92mINFO [0m:      configure_fit: strategy sampled 5 clients (out of 10)
[92mINFO [0m:      aggregate_fit: received 5 results and 0 failures
[92mINFO [0m:      fit progress: (26, 0.9302102018006241, {'accuracy': 0.6813}, 941.3147470999975)
[92mINFO [0m:      configure_evaluate: no clients selected, skipping evaluation
[92mINFO [0m:      
[92mINFO [0m:      [ROUND 27]
[92mINFO [0m:      configure_fit: strategy sampled 5 clients (out of 10)
[92mINFO [0m:      aggregate_fit: received 5 results and 0 failures
[92mINFO [0m:      fit progress: (27, 0.9676145707504659, {'accuracy': 0.6629}, 978.7030711999978)
[92mINFO [0m:      configure_evaluate: no clients selected, skipping evaluation
[92mINFO [0m:      
[92mINFO [0m:      [ROUND 28]
[92mINFO [0m:      configure_fit: strategy sampled 5 clients (out of 10)
[92mINFO [0m:      aggregate_fit: received 5 results and 0 failures
[92mINFO [0m:      fit progress: (28, 1.2700523266309425, {'accuracy': 0.5867}, 1015.9989019999921)
[92mINFO [0m:      configure_evaluate: no clients selected, skipping evaluation
[92mINFO [0m:      
[92mINFO [0m:      [ROUND 29]
[92mINFO [0m:      configure_fit: strategy sampled 5 clients (out of 10)
[92mINFO [0m:      aggregate_fit: received 5 results and 0 failures
[92mINFO [0m:      fit progress: (29, 1.3677880703648435, {'accuracy': 0.556}, 1048.9567411000025)
[92mINFO [0m:      configure_evaluate: no clients selected, skipping evaluation
[92mINFO [0m:      
[92mINFO [0m:      [ROUND 30]
[92mINFO [0m:      configure_fit: strategy sampled 5 clients (out of 10)
[92mINFO [0m:      aggregate_fit: received 5 results and 0 failures
[92mINFO [0m:      fit progress: (30, 0.9271799499475504, {'accuracy': 0.6848}, 1084.3105016000045)
[92mINFO [0m:      configure_evaluate: no clients selected, skipping evaluation
[92mINFO [0m:      
[92mINFO [0m:      [ROUND 31]
[92mINFO [0m:      configure_fit: strategy sampled 5 clients (out of 10)
[92mINFO [0m:      aggregate_fit: received 5 results and 0 failures
[92mINFO [0m:      fit progress: (31, 1.051570389089705, {'accuracy': 0.6571}, 1123.4952318999858)
[92mINFO [0m:      configure_evaluate: no clients selected, skipping evaluation
[92mINFO [0m:      
[92mINFO [0m:      [ROUND 32]
[92mINFO [0m:      configure_fit: strategy sampled 5 clients (out of 10)
[92mINFO [0m:      aggregate_fit: received 5 results and 0 failures
[92mINFO [0m:      fit progress: (32, 1.2135943913761573, {'accuracy': 0.6246}, 1153.0409589000046)
[92mINFO [0m:      configure_evaluate: no clients selected, skipping evaluation
[92mINFO [0m:      
[92mINFO [0m:      [ROUND 33]
[92mINFO [0m:      configure_fit: strategy sampled 5 clients (out of 10)
[92mINFO [0m:      aggregate_fit: received 5 results and 0 failures
[92mINFO [0m:      fit progress: (33, 1.3479043298129794, {'accuracy': 0.6141}, 1190.1245272999804)
[92mINFO [0m:      configure_evaluate: no clients selected, skipping evaluation
[92mINFO [0m:      
[92mINFO [0m:      [ROUND 34]
[92mINFO [0m:      configure_fit: strategy sampled 5 clients (out of 10)
[92mINFO [0m:      aggregate_fit: received 5 results and 0 failures
[92mINFO [0m:      fit progress: (34, 0.993911420997185, {'accuracy': 0.6501}, 1227.4576082999993)
[92mINFO [0m:      configure_evaluate: no clients selected, skipping evaluation
[92mINFO [0m:      
[92mINFO [0m:      [ROUND 35]
[92mINFO [0m:      configure_fit: strategy sampled 5 clients (out of 10)
[92mINFO [0m:      aggregate_fit: received 5 results and 0 failures
[92mINFO [0m:      fit progress: (35, 0.8168998330454283, {'accuracy': 0.7051}, 1264.1959654999955)
[92mINFO [0m:      configure_evaluate: no clients selected, skipping evaluation
[92mINFO [0m:      
[92mINFO [0m:      [ROUND 36]
[92mINFO [0m:      configure_fit: strategy sampled 5 clients (out of 10)
[92mINFO [0m:      aggregate_fit: received 5 results and 0 failures
[92mINFO [0m:      fit progress: (36, 1.0260110550288912, {'accuracy': 0.6813}, 1304.0908987000003)
[92mINFO [0m:      configure_evaluate: no clients selected, skipping evaluation
[92mINFO [0m:      
[92mINFO [0m:      [ROUND 37]
[92mINFO [0m:      configure_fit: strategy sampled 5 clients (out of 10)
[92mINFO [0m:      aggregate_fit: received 5 results and 0 failures
[92mINFO [0m:      fit progress: (37, 1.5224535887754416, {'accuracy': 0.5317}, 1332.396974400006)
[92mINFO [0m:      configure_evaluate: no clients selected, skipping evaluation
[92mINFO [0m:      
[92mINFO [0m:      [ROUND 38]
[92mINFO [0m:      configure_fit: strategy sampled 5 clients (out of 10)
[92mINFO [0m:      aggregate_fit: received 5 results and 0 failures
[92mINFO [0m:      fit progress: (38, 0.8419539649275285, {'accuracy': 0.7105}, 1370.0981579999789)
[92mINFO [0m:      configure_evaluate: no clients selected, skipping evaluation
[92mINFO [0m:      
[92mINFO [0m:      [ROUND 39]
[92mINFO [0m:      configure_fit: strategy sampled 5 clients (out of 10)
[92mINFO [0m:      aggregate_fit: received 5 results and 0 failures
[92mINFO [0m:      fit progress: (39, 0.9657310164427455, {'accuracy': 0.6621}, 1399.2205683999928)
[92mINFO [0m:      configure_evaluate: no clients selected, skipping evaluation
[92mINFO [0m:      
[92mINFO [0m:      [ROUND 40]
[92mINFO [0m:      configure_fit: strategy sampled 5 clients (out of 10)
[92mINFO [0m:      aggregate_fit: received 5 results and 0 failures
[92mINFO [0m:      fit progress: (40, 0.8822574856915052, {'accuracy': 0.6888}, 1431.3385127999936)
[92mINFO [0m:      configure_evaluate: no clients selected, skipping evaluation
[92mINFO [0m:      
[92mINFO [0m:      [ROUND 41]
[92mINFO [0m:      configure_fit: strategy sampled 5 clients (out of 10)
[92mINFO [0m:      aggregate_fit: received 5 results and 0 failures
[92mINFO [0m:      fit progress: (41, 1.0989937820012057, {'accuracy': 0.6647}, 1463.279592499981)
[92mINFO [0m:      configure_evaluate: no clients selected, skipping evaluation
[92mINFO [0m:      
[92mINFO [0m:      [ROUND 42]
[92mINFO [0m:      configure_fit: strategy sampled 5 clients (out of 10)
[92mINFO [0m:      aggregate_fit: received 5 results and 0 failures
[92mINFO [0m:      fit progress: (42, 0.7425858318051205, {'accuracy': 0.7519}, 1493.4838454999845)
[92mINFO [0m:      configure_evaluate: no clients selected, skipping evaluation
[92mINFO [0m:      
[92mINFO [0m:      [ROUND 43]
[92mINFO [0m:      configure_fit: strategy sampled 5 clients (out of 10)
[92mINFO [0m:      aggregate_fit: received 5 results and 0 failures
[92mINFO [0m:      fit progress: (43, 0.7482280225693425, {'accuracy': 0.7433}, 1530.0368309000041)
[92mINFO [0m:      configure_evaluate: no clients selected, skipping evaluation
[92mINFO [0m:      
[92mINFO [0m:      [ROUND 44]
[92mINFO [0m:      configure_fit: strategy sampled 5 clients (out of 10)
[92mINFO [0m:      aggregate_fit: received 5 results and 0 failures
[92mINFO [0m:      fit progress: (44, 0.8124103432969202, {'accuracy': 0.7315}, 1563.708338299999)
[92mINFO [0m:      configure_evaluate: no clients selected, skipping evaluation
[92mINFO [0m:      
[92mINFO [0m:      [ROUND 45]
[92mINFO [0m:      configure_fit: strategy sampled 5 clients (out of 10)
[92mINFO [0m:      aggregate_fit: received 5 results and 0 failures
[92mINFO [0m:      fit progress: (45, 0.9503277653380285, {'accuracy': 0.6796}, 1590.624342199997)
[92mINFO [0m:      configure_evaluate: no clients selected, skipping evaluation
[92mINFO [0m:      
[92mINFO [0m:      [ROUND 46]
[92mINFO [0m:      configure_fit: strategy sampled 5 clients (out of 10)
[92mINFO [0m:      aggregate_fit: received 5 results and 0 failures
[92mINFO [0m:      fit progress: (46, 0.6981085670899742, {'accuracy': 0.752}, 1623.0654906999844)
[92mINFO [0m:      configure_evaluate: no clients selected, skipping evaluation
[92mINFO [0m:      
[92mINFO [0m:      [ROUND 47]
[92mINFO [0m:      configure_fit: strategy sampled 5 clients (out of 10)
[92mINFO [0m:      aggregate_fit: received 5 results and 0 failures
[92mINFO [0m:      fit progress: (47, 0.7671355891831314, {'accuracy': 0.7381}, 1650.7100101999822)
[92mINFO [0m:      configure_evaluate: no clients selected, skipping evaluation
[92mINFO [0m:      
[92mINFO [0m:      [ROUND 48]
[92mINFO [0m:      configure_fit: strategy sampled 5 clients (out of 10)
[92mINFO [0m:      aggregate_fit: received 5 results and 0 failures
[92mINFO [0m:      fit progress: (48, 0.8543665409088135, {'accuracy': 0.7119}, 1686.592131399986)
[92mINFO [0m:      configure_evaluate: no clients selected, skipping evaluation
[92mINFO [0m:      
[92mINFO [0m:      [ROUND 49]
[92mINFO [0m:      configure_fit: strategy sampled 5 clients (out of 10)
[92mINFO [0m:      aggregate_fit: received 5 results and 0 failures
[92mINFO [0m:      fit progress: (49, 0.8555068162423146, {'accuracy': 0.7273}, 1718.6464594999852)
[92mINFO [0m:      configure_evaluate: no clients selected, skipping evaluation
[92mINFO [0m:      
[92mINFO [0m:      [ROUND 50]
[92mINFO [0m:      configure_fit: strategy sampled 5 clients (out of 10)
[92mINFO [0m:      aggregate_fit: received 5 results and 0 failures
[92mINFO [0m:      fit progress: (50, 0.7953025517584402, {'accuracy': 0.7316}, 1749.5344290999928)
[92mINFO [0m:      configure_evaluate: no clients selected, skipping evaluation
[92mINFO [0m:      
[92mINFO [0m:      [ROUND 51]
[92mINFO [0m:      configure_fit: strategy sampled 5 clients (out of 10)
[92mINFO [0m:      aggregate_fit: received 5 results and 0 failures
[92mINFO [0m:      fit progress: (51, 0.9140923641905, {'accuracy': 0.7007}, 1783.1337634999945)
[92mINFO [0m:      configure_evaluate: no clients selected, skipping evaluation
[92mINFO [0m:      
[92mINFO [0m:      [ROUND 52]
[92mINFO [0m:      configure_fit: strategy sampled 5 clients (out of 10)
[92mINFO [0m:      aggregate_fit: received 5 results and 0 failures
[92mINFO [0m:      fit progress: (52, 0.8281050535696971, {'accuracy': 0.7257}, 1806.279939400003)
[92mINFO [0m:      configure_evaluate: no clients selected, skipping evaluation
[92mINFO [0m:      
[92mINFO [0m:      [ROUND 53]
[92mINFO [0m:      configure_fit: strategy sampled 5 clients (out of 10)
[92mINFO [0m:      aggregate_fit: received 5 results and 0 failures
[92mINFO [0m:      fit progress: (53, 1.04867391495765, {'accuracy': 0.6595}, 1840.9431780999876)
[92mINFO [0m:      configure_evaluate: no clients selected, skipping evaluation
[92mINFO [0m:      
[92mINFO [0m:      [ROUND 54]
[92mINFO [0m:      configure_fit: strategy sampled 5 clients (out of 10)
[92mINFO [0m:      aggregate_fit: received 5 results and 0 failures
[92mINFO [0m:      fit progress: (54, 0.6719230813316152, {'accuracy': 0.7697}, 1871.5675003999786)
[92mINFO [0m:      configure_evaluate: no clients selected, skipping evaluation
[92mINFO [0m:      
[92mINFO [0m:      [ROUND 55]
[92mINFO [0m:      configure_fit: strategy sampled 5 clients (out of 10)
[92mINFO [0m:      aggregate_fit: received 5 results and 0 failures
[92mINFO [0m:      fit progress: (55, 0.8804777973814856, {'accuracy': 0.7176}, 1899.8322946999979)
[92mINFO [0m:      configure_evaluate: no clients selected, skipping evaluation
[92mINFO [0m:      
[92mINFO [0m:      [ROUND 56]
[92mINFO [0m:      configure_fit: strategy sampled 5 clients (out of 10)
[92mINFO [0m:      aggregate_fit: received 5 results and 0 failures
[92mINFO [0m:      fit progress: (56, 0.926079312457314, {'accuracy': 0.6942}, 1930.2764767000044)
[92mINFO [0m:      configure_evaluate: no clients selected, skipping evaluation
[92mINFO [0m:      
[92mINFO [0m:      [ROUND 57]
[92mINFO [0m:      configure_fit: strategy sampled 5 clients (out of 10)
[92mINFO [0m:      aggregate_fit: received 5 results and 0 failures
[92mINFO [0m:      fit progress: (57, 0.9032790781576422, {'accuracy': 0.7062}, 1965.0015910999791)
[92mINFO [0m:      configure_evaluate: no clients selected, skipping evaluation
[92mINFO [0m:      
[92mINFO [0m:      [ROUND 58]
[92mINFO [0m:      configure_fit: strategy sampled 5 clients (out of 10)
[92mINFO [0m:      aggregate_fit: received 5 results and 0 failures
[92mINFO [0m:      fit progress: (58, 0.6980006521261191, {'accuracy': 0.7684}, 1999.4814117999922)
[92mINFO [0m:      configure_evaluate: no clients selected, skipping evaluation
[92mINFO [0m:      
[92mINFO [0m:      [ROUND 59]
[92mINFO [0m:      configure_fit: strategy sampled 5 clients (out of 10)
[92mINFO [0m:      aggregate_fit: received 5 results and 0 failures
[92mINFO [0m:      fit progress: (59, 0.9651946893221215, {'accuracy': 0.6933}, 2031.6574274000013)
[92mINFO [0m:      configure_evaluate: no clients selected, skipping evaluation
[92mINFO [0m:      
[92mINFO [0m:      [ROUND 60]
[92mINFO [0m:      configure_fit: strategy sampled 5 clients (out of 10)
[92mINFO [0m:      aggregate_fit: received 5 results and 0 failures
[92mINFO [0m:      fit progress: (60, 0.6866658926010132, {'accuracy': 0.7697}, 2059.8307955999917)
[92mINFO [0m:      configure_evaluate: no clients selected, skipping evaluation
[92mINFO [0m:      
[92mINFO [0m:      [SUMMARY]
[92mINFO [0m:      Run finished 60 round(s) in 2059.83s
[92mINFO [0m:      	History (loss, centralized):
[92mINFO [0m:      		round 0: 3.569974211197865
[92mINFO [0m:      		round 1: 2.0731287334538715
[92mINFO [0m:      		round 2: 2.0142150755170025
[92mINFO [0m:      		round 3: 1.6639634642419936
[92mINFO [0m:      		round 4: 2.17369300504274
[92mINFO [0m:      		round 5: 1.7187717187253735
[92mINFO [0m:      		round 6: 1.4908491342882566
[92mINFO [0m:      		round 7: 2.1780113328861286
[92mINFO [0m:      		round 8: 1.489183039604863
[92mINFO [0m:      		round 9: 1.7785662774798237
[92mINFO [0m:      		round 10: 1.2852617170237288
[92mINFO [0m:      		round 11: 1.315643674210657
[92mINFO [0m:      		round 12: 1.247673909875411
[92mINFO [0m:      		round 13: 1.2180722650093367
[92mINFO [0m:      		round 14: 1.1713552972938441
[92mINFO [0m:      		round 15: 1.2097954372816448
[92mINFO [0m:      		round 16: 1.1439199530625646
[92mINFO [0m:      		round 17: 1.3522972532465487
[92mINFO [0m:      		round 18: 1.064371255379689
[92mINFO [0m:      		round 19: 1.332262016549895
[92mINFO [0m:      		round 20: 1.1535691935804826
[92mINFO [0m:      		round 21: 1.1742665413059765
[92mINFO [0m:      		round 22: 1.0226572540741932
[92mINFO [0m:      		round 23: 1.0639981974529316
[92mINFO [0m:      		round 24: 1.039959088910984
[92mINFO [0m:      		round 25: 1.0435998696315139
[92mINFO [0m:      		round 26: 0.9302102018006241
[92mINFO [0m:      		round 27: 0.9676145707504659
[92mINFO [0m:      		round 28: 1.2700523266309425
[92mINFO [0m:      		round 29: 1.3677880703648435
[92mINFO [0m:      		round 30: 0.9271799499475504
[92mINFO [0m:      		round 31: 1.051570389089705
[92mINFO [0m:      		round 32: 1.2135943913761573
[92mINFO [0m:      		round 33: 1.3479043298129794
[92mINFO [0m:      		round 34: 0.993911420997185
[92mINFO [0m:      		round 35: 0.8168998330454283
[92mINFO [0m:      		round 36: 1.0260110550288912
[92mINFO [0m:      		round 37: 1.5224535887754416
[92mINFO [0m:      		round 38: 0.8419539649275285
[92mINFO [0m:      		round 39: 0.9657310164427455
[92mINFO [0m:      		round 40: 0.8822574856915052
[92mINFO [0m:      		round 41: 1.0989937820012057
[92mINFO [0m:      		round 42: 0.7425858318051205
[92mINFO [0m:      		round 43: 0.7482280225693425
[92mINFO [0m:      		round 44: 0.8124103432969202
[92mINFO [0m:      		round 45: 0.9503277653380285
[92mINFO [0m:      		round 46: 0.6981085670899742
[92mINFO [0m:      		round 47: 0.7671355891831314
[92mINFO [0m:      		round 48: 0.8543665409088135
[92mINFO [0m:      		round 49: 0.8555068162423146
[92mINFO [0m:      		round 50: 0.7953025517584402
[92mINFO [0m:      		round 51: 0.9140923641905
[92mINFO [0m:      		round 52: 0.8281050535696971
[92mINFO [0m:      		round 53: 1.04867391495765
[92mINFO [0m:      		round 54: 0.6719230813316152
[92mINFO [0m:      		round 55: 0.8804777973814856
[92mINFO [0m:      		round 56: 0.926079312457314
[92mINFO [0m:      		round 57: 0.9032790781576422
[92mINFO [0m:      		round 58: 0.6980006521261191
[92mINFO [0m:      		round 59: 0.9651946893221215
[92mINFO [0m:      		round 60: 0.6866658926010132
[92mINFO [0m:      	History (metrics, distributed, fit):
[92mINFO [0m:      	{'accuracy': [(1, 0.3367),
[92mINFO [0m:      	              (2, 0.3102),
[92mINFO [0m:      	              (3, 0.3381),
[92mINFO [0m:      	              (4, 0.3357),
[92mINFO [0m:      	              (5, 0.3945),
[92mINFO [0m:      	              (6, 0.4589),
[92mINFO [0m:      	              (7, 0.3116),
[92mINFO [0m:      	              (8, 0.4692),
[92mINFO [0m:      	              (9, 0.423),
[92mINFO [0m:      	              (10, 0.5301),
[92mINFO [0m:      	              (11, 0.5053),
[92mINFO [0m:      	              (12, 0.5315),
[92mINFO [0m:      	              (13, 0.5603),
[92mINFO [0m:      	              (14, 0.5783),
[92mINFO [0m:      	              (15, 0.5776),
[92mINFO [0m:      	              (16, 0.6127),
[92mINFO [0m:      	              (17, 0.5242),
[92mINFO [0m:      	              (18, 0.6272),
[92mINFO [0m:      	              (19, 0.5459),
[92mINFO [0m:      	              (20, 0.5956),
[92mINFO [0m:      	              (21, 0.6202),
[92mINFO [0m:      	              (22, 0.6279),
[92mINFO [0m:      	              (23, 0.6431),
[92mINFO [0m:      	              (24, 0.6546),
[92mINFO [0m:      	              (25, 0.6669),
[92mINFO [0m:      	              (26, 0.6813),
[92mINFO [0m:      	              (27, 0.6629),
[92mINFO [0m:      	              (28, 0.5867),
[92mINFO [0m:      	              (29, 0.556),
[92mINFO [0m:      	              (30, 0.6848),
[92mINFO [0m:      	              (31, 0.6571),
[92mINFO [0m:      	              (32, 0.6246),
[92mINFO [0m:      	              (33, 0.6141),
[92mINFO [0m:      	              (34, 0.6501),
[92mINFO [0m:      	              (35, 0.7051),
[92mINFO [0m:      	              (36, 0.6813),
[92mINFO [0m:      	              (37, 0.5317),
[92mINFO [0m:      	              (38, 0.7105),
[92mINFO [0m:      	              (39, 0.6621),
[92mINFO [0m:      	              (40, 0.6888),
[92mINFO [0m:      	              (41, 0.6647),
[92mINFO [0m:      	              (42, 0.7519),
[92mINFO [0m:      	              (43, 0.7433),
[92mINFO [0m:      	              (44, 0.7315),
[92mINFO [0m:      	              (45, 0.6796),
[92mINFO [0m:      	              (46, 0.752),
[92mINFO [0m:      	              (47, 0.7381),
[92mINFO [0m:      	              (48, 0.7119),
[92mINFO [0m:      	              (49, 0.7273),
[92mINFO [0m:      	              (50, 0.7316),
[92mINFO [0m:      	              (51, 0.7007),
[92mINFO [0m:      	              (52, 0.7257),
[92mINFO [0m:      	              (53, 0.6595),
[92mINFO [0m:      	              (54, 0.7697),
[92mINFO [0m:      	              (55, 0.7176),
[92mINFO [0m:      	              (56, 0.6942),
[92mINFO [0m:      	              (57, 0.7062),
[92mINFO [0m:      	              (58, 0.7684),
[92mINFO [0m:      	              (59, 0.6933),
[92mINFO [0m:      	              (60, 0.7697)],
[92mINFO [0m:      	 'avg_per': [(1, 0.043375999999999984),
[92mINFO [0m:      	             (2, 0.04321999999999998),
[92mINFO [0m:      	             (3, 0.07683799999999996),
[92mINFO [0m:      	             (4, 0.06392799999999992),
[92mINFO [0m:      	             (5, 0.031686000000000006),
[92mINFO [0m:      	             (6, 0.07538399999999996),
[92mINFO [0m:      	             (7, 0.062143999999999935),
[92mINFO [0m:      	             (8, 0.035766),
[92mINFO [0m:      	             (9, 0.055697999999999956),
[92mINFO [0m:      	             (10, 0.04337799999999996),
[92mINFO [0m:      	             (11, 0.05193399999999994),
[92mINFO [0m:      	             (12, 0.04760799999999996),
[92mINFO [0m:      	             (13, 0.06739199999999998),
[92mINFO [0m:      	             (14, 0.06025399999999994),
[92mINFO [0m:      	             (15, 0.04313599999999994),
[92mINFO [0m:      	             (16, 0.04721599999999998),
[92mINFO [0m:      	             (17, 0.03152999999999996),
[92mINFO [0m:      	             (18, 0.07236399999999998),
[92mINFO [0m:      	             (19, 0.08235199999999998),
[92mINFO [0m:      	             (20, 0.05562799999999997),
[92mINFO [0m:      	             (21, 0.08551999999999997),
[92mINFO [0m:      	             (22, 0.055013999999999966),
[92mINFO [0m:      	             (23, 0.055143999999999985),
[92mINFO [0m:      	             (24, 0.039461999999999935),
[92mINFO [0m:      	             (25, 0.07900999999999996),
[92mINFO [0m:      	             (26, 0.08674199999999997),
[92mINFO [0m:      	             (27, 0.05175999999999996),
[92mINFO [0m:      	             (28, 0.06218399999999994),
[92mINFO [0m:      	             (29, 0.08636999999999995),
[92mINFO [0m:      	             (30, 0.07529799999999995),
[92mINFO [0m:      	             (31, 0.05107199999999994),
[92mINFO [0m:      	             (32, 0.04722199999999998),
[92mINFO [0m:      	             (33, 0.08266599999999996),
[92mINFO [0m:      	             (34, 0.058993999999999956),
[92mINFO [0m:      	             (35, 0.07806599999999994),
[92mINFO [0m:      	             (36, 0.03176199999999996),
[92mINFO [0m:      	             (37, 0.058109999999999974),
[92mINFO [0m:      	             (38, 0.044035999999999964),
[92mINFO [0m:      	             (39, 0.035529999999999985),
[92mINFO [0m:      	             (40, 0.04360599999999994),
[92mINFO [0m:      	             (41, 0.05138799999999995),
[92mINFO [0m:      	             (42, 0.05490799999999998),
[92mINFO [0m:      	             (43, 0.06353999999999999),
[92mINFO [0m:      	             (44, 0.05552799999999998),
[92mINFO [0m:      	             (45, 0.050605999999999964),
[92mINFO [0m:      	             (46, 0.04352599999999996),
[92mINFO [0m:      	             (47, 0.047853999999999994),
[92mINFO [0m:      	             (48, 0.03886199999999997),
[92mINFO [0m:      	             (49, 0.043231999999999944),
[92mINFO [0m:      	             (50, 0.03555399999999994),
[92mINFO [0m:      	             (51, 0.050531999999999945),
[92mINFO [0m:      	             (52, 0.04376999999999995),
[92mINFO [0m:      	             (53, 0.048173999999999925),
[92mINFO [0m:      	             (54, 0.03914799999999992),
[92mINFO [0m:      	             (55, 0.028163999999999977),
[92mINFO [0m:      	             (56, 0.04369199999999994),
[92mINFO [0m:      	             (57, 0.06281799999999994),
[92mINFO [0m:      	             (58, 0.06157799999999993),
[92mINFO [0m:      	             (59, 0.04354599999999999),
[92mINFO [0m:      	             (60, 0.05510599999999992)],
[92mINFO [0m:      	 'bw_factor': [(1, 1.0),
[92mINFO [0m:      	               (2, 0.8),
[92mINFO [0m:      	               (3, 0.8650741959687396),
[92mINFO [0m:      	               (4, 0.8513554901935542),
[92mINFO [0m:      	               (5, 0.8614658215013278),
[92mINFO [0m:      	               (6, 0.8672861949398137),
[92mINFO [0m:      	               (7, 0.9153053324689551),
[92mINFO [0m:      	               (8, 0.9222862316072999),
[92mINFO [0m:      	               (9, 0.9176109965217493),
[92mINFO [0m:      	               (10, 0.9066236718094385),
[92mINFO [0m:      	               (11, 0.8879978887117912),
[92mINFO [0m:      	               (12, 0.8838158585857894),
[92mINFO [0m:      	               (13, 0.8887807695215333),
[92mINFO [0m:      	               (14, 0.9043611979479022),
[92mINFO [0m:      	               (15, 0.8268144377514486),
[92mINFO [0m:      	               (16, 0.8305600304676333),
[92mINFO [0m:      	               (17, 0.8240028765221511),
[92mINFO [0m:      	               (18, 0.811810765875902),
[92mINFO [0m:      	               (19, 0.8225296100283608),
[92mINFO [0m:      	               (20, 0.8248800126073937),
[92mINFO [0m:      	               (21, 0.825098333486686),
[92mINFO [0m:      	               (22, 0.8242951123053764),
[92mINFO [0m:      	               (23, 0.8084224120570878),
[92mINFO [0m:      	               (24, 0.8026102360399505),
[92mINFO [0m:      	               (25, 0.8091941382777111),
[92mINFO [0m:      	               (26, 0.810797647950975),
[92mINFO [0m:      	               (27, 0.8119874776674878),
[92mINFO [0m:      	               (28, 0.8118652798514674),
[92mINFO [0m:      	               (29, 0.8059876356990795),
[92mINFO [0m:      	               (30, 0.8084674929821022),
[92mINFO [0m:      	               (31, 0.809224537504351),
[92mINFO [0m:      	               (32, 0.848416831331419),
[92mINFO [0m:      	               (33, 0.8568722573762645),
[92mINFO [0m:      	               (34, 0.8522095044939588),
[92mINFO [0m:      	               (35, 0.8503190947191165),
[92mINFO [0m:      	               (36, 0.813898229741103),
[92mINFO [0m:      	               (37, 0.8168786075811458),
[92mINFO [0m:      	               (38, 0.8275872417847714),
[92mINFO [0m:      	               (39, 0.8790303910829974),
[92mINFO [0m:      	               (40, 0.8848943321943822),
[92mINFO [0m:      	               (41, 0.8922566811044115),
[92mINFO [0m:      	               (42, 0.8905263005835142),
[92mINFO [0m:      	               (43, 0.8097198038825595),
[92mINFO [0m:      	               (44, 0.8228903995758031),
[92mINFO [0m:      	               (45, 0.9205441565150017),
[92mINFO [0m:      	               (46, 0.9226083012744909),
[92mINFO [0m:      	               (47, 0.9220056416869646),
[92mINFO [0m:      	               (48, 0.924970062908805),
[92mINFO [0m:      	               (49, 0.8355892627990067),
[92mINFO [0m:      	               (50, 0.8267423954001206),
[92mINFO [0m:      	               (51, 0.9123164026714081),
[92mINFO [0m:      	               (52, 0.9102028391889332),
[92mINFO [0m:      	               (53, 0.9167968559789662),
[92mINFO [0m:      	               (54, 0.9158123640593269),
[92mINFO [0m:      	               (55, 0.8316232813509312),
[92mINFO [0m:      	               (56, 0.8394281325570586),
[92mINFO [0m:      	               (57, 0.8250043607904691),
[92mINFO [0m:      	               (58, 0.8381644463626439),
[92mINFO [0m:      	               (59, 0.8311639187410802),
[92mINFO [0m:      	               (60, 0.8172693412980556)],
[92mINFO [0m:      	 'energy': [(1, 159.24328671244385),
[92mINFO [0m:      	            (2, 55.61699825012646),
[92mINFO [0m:      	            (3, 174.7303716332353),
[92mINFO [0m:      	            (4, 94.53191326375367),
[92mINFO [0m:      	            (5, 138.90336643342664),
[92mINFO [0m:      	            (6, 588.2253389014141),
[92mINFO [0m:      	            (7, 92.60353640344576),
[92mINFO [0m:      	            (8, 149.53374811659015),
[92mINFO [0m:      	            (9, 268.1638224838048),
[92mINFO [0m:      	            (10, 411.5191373337046),
[92mINFO [0m:      	            (11, 127.02324499856257),
[92mINFO [0m:      	            (12, 108.67063081227028),
[92mINFO [0m:      	            (13, 139.93093317762754),
[92mINFO [0m:      	            (14, 109.05553777817765),
[92mINFO [0m:      	            (15, 116.5407593169819),
[92mINFO [0m:      	            (16, 127.0216042238838),
[92mINFO [0m:      	            (17, 125.46406700309673),
[92mINFO [0m:      	            (18, 144.74986333142408),
[92mINFO [0m:      	            (19, 109.73635027520473),
[92mINFO [0m:      	            (20, 126.38956587508484),
[92mINFO [0m:      	            (21, 127.78939012748587),
[92mINFO [0m:      	            (22, 125.71635622861545),
[92mINFO [0m:      	            (23, 124.59103884607606),
[92mINFO [0m:      	            (24, 109.5625088426367),
[92mINFO [0m:      	            (25, 115.84670187241477),
[92mINFO [0m:      	            (26, 126.80017858012742),
[92mINFO [0m:      	            (27, 124.90093294394589),
[92mINFO [0m:      	            (28, 124.46823540570114),
[92mINFO [0m:      	            (29, 109.55777494560469),
[92mINFO [0m:      	            (30, 117.63372167513491),
[92mINFO [0m:      	            (31, 173.08956623205165),
[92mINFO [0m:      	            (32, 95.19731487751115),
[92mINFO [0m:      	            (33, 125.69925242251514),
[92mINFO [0m:      	            (34, 124.17792583370094),
[92mINFO [0m:      	            (35, 122.78257478727303),
[92mINFO [0m:      	            (36, 139.96989750187907),
[92mINFO [0m:      	            (37, 95.72152378518327),
[92mINFO [0m:      	            (38, 252.55458043566426),
[92mINFO [0m:      	            (39, 93.1632710455684),
[92mINFO [0m:      	            (40, 102.78199870201115),
[92mINFO [0m:      	            (41, 104.4618343141679),
[92mINFO [0m:      	            (42, 97.13326234000158),
[92mINFO [0m:      	            (43, 119.73017551010989),
[92mINFO [0m:      	            (44, 545.4355301825387),
[92mINFO [0m:      	            (45, 81.94467648885743),
[92mINFO [0m:      	            (46, 103.70750137284095),
[92mINFO [0m:      	            (47, 87.39216229373238),
[92mINFO [0m:      	            (48, 119.3263616839365),
[92mINFO [0m:      	            (49, 103.05796646904363),
[92mINFO [0m:      	            (50, 411.0229813591528),
[92mINFO [0m:      	            (51, 104.76662557090668),
[92mINFO [0m:      	            (52, 65.12051288050264),
[92mINFO [0m:      	            (53, 111.15094254772643),
[92mINFO [0m:      	            (54, 93.266538619611),
[92mINFO [0m:      	            (55, 87.41629421079045),
[92mINFO [0m:      	            (56, 97.18482941949664),
[92mINFO [0m:      	            (57, 124.23046750898479),
[92mINFO [0m:      	            (58, 110.66011500433922),
[92mINFO [0m:      	            (59, 121.93889124252519),
[92mINFO [0m:      	            (60, 87.81439675938373)],
[92mINFO [0m:      	 'est_upload_time': [(1, 12.007286712443832),
[92mINFO [0m:      	                     (2, 2.852998250126463),
[92mINFO [0m:      	                     (3, 27.49437163323531),
[92mINFO [0m:      	                     (4, 10.95591326375366),
[92mINFO [0m:      	                     (5, 2.495366433426627),
[92mINFO [0m:      	                     (6, 457.31333890141417),
[92mINFO [0m:      	                     (7, 2.3955364034457522),
[92mINFO [0m:      	                     (8, 2.2977481165901574),
[92mINFO [0m:      	                     (9, 161.3838224838048),
[92mINFO [0m:      	                     (10, 298.3151373337045),
[92mINFO [0m:      	                     (11, 2.391244998562563),
[92mINFO [0m:      	                     (12, 2.4906308122702847),
[92mINFO [0m:      	                     (13, 2.386933177627541),
[92mINFO [0m:      	                     (14, 2.875537778177635),
[92mINFO [0m:      	                     (15, 2.736759316981897),
[92mINFO [0m:      	                     (16, 2.9896042238837883),
[92mINFO [0m:      	                     (17, 3.312067003096718),
[92mINFO [0m:      	                     (18, 23.177863331424064),
[92mINFO [0m:      	                     (19, 2.956350275204719),
[92mINFO [0m:      	                     (20, 13.18556587508483),
[92mINFO [0m:      	                     (21, 3.157390127485872),
[92mINFO [0m:      	                     (22, 3.5643562286154498),
[92mINFO [0m:      	                     (23, 3.0190388460760764),
[92mINFO [0m:      	                     (24, 2.782508842636707),
[92mINFO [0m:      	                     (25, 2.642701872414771),
[92mINFO [0m:      	                     (26, 2.7681785801274366),
[92mINFO [0m:      	                     (27, 2.748932943945887),
[92mINFO [0m:      	                     (28, 2.8962354057011432),
[92mINFO [0m:      	                     (29, 2.7777749456046803),
[92mINFO [0m:      	                     (30, 3.8297216751348997),
[92mINFO [0m:      	                     (31, 42.42556623205164),
[92mINFO [0m:      	                     (32, 2.5293148775111467),
[92mINFO [0m:      	                     (33, 2.7792524225151456),
[92mINFO [0m:      	                     (34, 2.773925833700929),
[92mINFO [0m:      	                     (35, 2.698574787273034),
[92mINFO [0m:      	                     (36, 9.305897501879084),
[92mINFO [0m:      	                     (37, 3.053523785183267),
[92mINFO [0m:      	                     (38, 129.63458043566428),
[92mINFO [0m:      	                     (39, 2.5712710455683943),
[92mINFO [0m:      	                     (40, 2.469998702011145),
[92mINFO [0m:      	                     (41, 2.661834314167906),
[92mINFO [0m:      	                     (42, 2.9452623400015727),
[92mINFO [0m:      	                     (43, 2.7061755101098943),
[92mINFO [0m:      	                     (44, 438.1035301825387),
[92mINFO [0m:      	                     (45, 2.380676488857426),
[92mINFO [0m:      	                     (46, 2.507501372840949),
[92mINFO [0m:      	                     (47, 2.684162293732374),
[92mINFO [0m:      	                     (48, 2.302361683936515),
[92mINFO [0m:      	                     (49, 2.6059664690436244),
[92mINFO [0m:      	                     (50, 317.8029813591529),
[92mINFO [0m:      	                     (51, 2.5986255709066772),
[92mINFO [0m:      	                     (52, 2.6645128805026492),
[92mINFO [0m:      	                     (53, 2.4709425477264353),
[92mINFO [0m:      	                     (54, 2.2945386196110067),
[92mINFO [0m:      	                     (55, 2.68829421079045),
[92mINFO [0m:      	                     (56, 2.9968294194966467),
[92mINFO [0m:      	                     (57, 13.718467508984803),
[92mINFO [0m:      	                     (58, 2.5801150043392127),
[92mINFO [0m:      	                     (59, 20.13889124252519),
[92mINFO [0m:      	                     (60, 3.086396759383729)],
[92mINFO [0m:      	 'jain': [(1, 0.49999999999999),
[92mINFO [0m:      	          (2, 0.99999999999999),
[92mINFO [0m:      	          (3, 0.8999999999999965),
[92mINFO [0m:      	          (4, 0.9523809523809501),
[92mINFO [0m:      	          (5, 0.9523809523809501),
[92mINFO [0m:      	          (6, 0.7999999999999984),
[92mINFO [0m:      	          (7, 0.8695652173913024),
[92mINFO [0m:      	          (8, 0.7999999999999984),
[92mINFO [0m:      	          (9, 0.8333333333333316),
[92mINFO [0m:      	          (10, 0.8695652173913024),
[92mINFO [0m:      	          (11, 0.7999999999999984),
[92mINFO [0m:      	          (12, 0.8695652173913024),
[92mINFO [0m:      	          (13, 0.8333333333333316),
[92mINFO [0m:      	          (14, 0.8333333333333316),
[92mINFO [0m:      	          (15, 0.8333333333333316),
[92mINFO [0m:      	          (16, 0.8333333333333316),
[92mINFO [0m:      	          (17, 0.8333333333333316),
[92mINFO [0m:      	          (18, 0.8333333333333316),
[92mINFO [0m:      	          (19, 0.8333333333333316),
[92mINFO [0m:      	          (20, 0.8333333333333316),
[92mINFO [0m:      	          (21, 0.8695652173913024),
[92mINFO [0m:      	          (22, 0.8333333333333316),
[92mINFO [0m:      	          (23, 0.8333333333333316),
[92mINFO [0m:      	          (24, 0.8333333333333316),
[92mINFO [0m:      	          (25, 0.8333333333333316),
[92mINFO [0m:      	          (26, 0.8333333333333316),
[92mINFO [0m:      	          (27, 0.8333333333333316),
[92mINFO [0m:      	          (28, 0.7692307692307677),
[92mINFO [0m:      	          (29, 0.8333333333333316),
[92mINFO [0m:      	          (30, 0.8333333333333316),
[92mINFO [0m:      	          (31, 0.8333333333333316),
[92mINFO [0m:      	          (32, 0.8333333333333316),
[92mINFO [0m:      	          (33, 0.8333333333333316),
[92mINFO [0m:      	          (34, 0.8333333333333316),
[92mINFO [0m:      	          (35, 0.8333333333333316),
[92mINFO [0m:      	          (36, 0.7692307692307677),
[92mINFO [0m:      	          (37, 0.8333333333333316),
[92mINFO [0m:      	          (38, 0.8333333333333316),
[92mINFO [0m:      	          (39, 0.909090909090907),
[92mINFO [0m:      	          (40, 0.909090909090907),
[92mINFO [0m:      	          (41, 0.8695652173913024),
[92mINFO [0m:      	          (42, 0.7999999999999984),
[92mINFO [0m:      	          (43, 0.7407407407407394),
[92mINFO [0m:      	          (44, 0.714285714285713),
[92mINFO [0m:      	          (45, 0.714285714285713),
[92mINFO [0m:      	          (46, 0.7692307692307677),
[92mINFO [0m:      	          (47, 0.7999999999999984),
[92mINFO [0m:      	          (48, 0.7999999999999984),
[92mINFO [0m:      	          (49, 0.7692307692307677),
[92mINFO [0m:      	          (50, 0.7692307692307677),
[92mINFO [0m:      	          (51, 0.714285714285713),
[92mINFO [0m:      	          (52, 0.8333333333333316),
[92mINFO [0m:      	          (53, 0.8333333333333316),
[92mINFO [0m:      	          (54, 0.7692307692307677),
[92mINFO [0m:      	          (55, 0.7999999999999984),
[92mINFO [0m:      	          (56, 0.7999999999999984),
[92mINFO [0m:      	          (57, 0.8333333333333316),
[92mINFO [0m:      	          (58, 0.714285714285713),
[92mINFO [0m:      	          (59, 0.714285714285713),
[92mINFO [0m:      	          (60, 0.7692307692307677)],
[92mINFO [0m:      	 'loss': [(1, 2.0731287334538715),
[92mINFO [0m:      	          (2, 2.0142150755170025),
[92mINFO [0m:      	          (3, 1.6639634642419936),
[92mINFO [0m:      	          (4, 2.17369300504274),
[92mINFO [0m:      	          (5, 1.7187717187253735),
[92mINFO [0m:      	          (6, 1.4908491342882566),
[92mINFO [0m:      	          (7, 2.1780113328861286),
[92mINFO [0m:      	          (8, 1.489183039604863),
[92mINFO [0m:      	          (9, 1.7785662774798237),
[92mINFO [0m:      	          (10, 1.2852617170237288),
[92mINFO [0m:      	          (11, 1.315643674210657),
[92mINFO [0m:      	          (12, 1.247673909875411),
[92mINFO [0m:      	          (13, 1.2180722650093367),
[92mINFO [0m:      	          (14, 1.1713552972938441),
[92mINFO [0m:      	          (15, 1.2097954372816448),
[92mINFO [0m:      	          (16, 1.1439199530625646),
[92mINFO [0m:      	          (17, 1.3522972532465487),
[92mINFO [0m:      	          (18, 1.064371255379689),
[92mINFO [0m:      	          (19, 1.332262016549895),
[92mINFO [0m:      	          (20, 1.1535691935804826),
[92mINFO [0m:      	          (21, 1.1742665413059765),
[92mINFO [0m:      	          (22, 1.0226572540741932),
[92mINFO [0m:      	          (23, 1.0639981974529316),
[92mINFO [0m:      	          (24, 1.039959088910984),
[92mINFO [0m:      	          (25, 1.0435998696315139),
[92mINFO [0m:      	          (26, 0.9302102018006241),
[92mINFO [0m:      	          (27, 0.9676145707504659),
[92mINFO [0m:      	          (28, 1.2700523266309425),
[92mINFO [0m:      	          (29, 1.3677880703648435),
[92mINFO [0m:      	          (30, 0.9271799499475504),
[92mINFO [0m:      	          (31, 1.051570389089705),
[92mINFO [0m:      	          (32, 1.2135943913761573),
[92mINFO [0m:      	          (33, 1.3479043298129794),
[92mINFO [0m:      	          (34, 0.993911420997185),
[92mINFO [0m:      	          (35, 0.8168998330454283),
[92mINFO [0m:      	          (36, 1.0260110550288912),
[92mINFO [0m:      	          (37, 1.5224535887754416),
[92mINFO [0m:      	          (38, 0.8419539649275285),
[92mINFO [0m:      	          (39, 0.9657310164427455),
[92mINFO [0m:      	          (40, 0.8822574856915052),
[92mINFO [0m:      	          (41, 1.0989937820012057),
[92mINFO [0m:      	          (42, 0.7425858318051205),
[92mINFO [0m:      	          (43, 0.7482280225693425),
[92mINFO [0m:      	          (44, 0.8124103432969202),
[92mINFO [0m:      	          (45, 0.9503277653380285),
[92mINFO [0m:      	          (46, 0.6981085670899742),
[92mINFO [0m:      	          (47, 0.7671355891831314),
[92mINFO [0m:      	          (48, 0.8543665409088135),
[92mINFO [0m:      	          (49, 0.8555068162423146),
[92mINFO [0m:      	          (50, 0.7953025517584402),
[92mINFO [0m:      	          (51, 0.9140923641905),
[92mINFO [0m:      	          (52, 0.8281050535696971),
[92mINFO [0m:      	          (53, 1.04867391495765),
[92mINFO [0m:      	          (54, 0.6719230813316152),
[92mINFO [0m:      	          (55, 0.8804777973814856),
[92mINFO [0m:      	          (56, 0.926079312457314),
[92mINFO [0m:      	          (57, 0.9032790781576422),
[92mINFO [0m:      	          (58, 0.6980006521261191),
[92mINFO [0m:      	          (59, 0.9651946893221215),
[92mINFO [0m:      	          (60, 0.6866658926010132)],
[92mINFO [0m:      	 'mode': [(1, 'semi_sync'),
[92mINFO [0m:      	          (2, 'semi_sync'),
[92mINFO [0m:      	          (3, 'semi_sync'),
[92mINFO [0m:      	          (4, 'semi_sync'),
[92mINFO [0m:      	          (5, 'semi_sync'),
[92mINFO [0m:      	          (6, 'semi_sync'),
[92mINFO [0m:      	          (7, 'semi_sync'),
[92mINFO [0m:      	          (8, 'semi_sync'),
[92mINFO [0m:      	          (9, 'semi_sync'),
[92mINFO [0m:      	          (10, 'semi_sync'),
[92mINFO [0m:      	          (11, 'semi_sync'),
[92mINFO [0m:      	          (12, 'semi_sync'),
[92mINFO [0m:      	          (13, 'semi_sync'),
[92mINFO [0m:      	          (14, 'semi_sync'),
[92mINFO [0m:      	          (15, 'semi_sync'),
[92mINFO [0m:      	          (16, 'semi_sync'),
[92mINFO [0m:      	          (17, 'semi_sync'),
[92mINFO [0m:      	          (18, 'semi_sync'),
[92mINFO [0m:      	          (19, 'semi_sync'),
[92mINFO [0m:      	          (20, 'semi_sync'),
[92mINFO [0m:      	          (21, 'semi_sync'),
[92mINFO [0m:      	          (22, 'semi_sync'),
[92mINFO [0m:      	          (23, 'semi_sync'),
[92mINFO [0m:      	          (24, 'semi_sync'),
[92mINFO [0m:      	          (25, 'semi_sync'),
[92mINFO [0m:      	          (26, 'semi_sync'),
[92mINFO [0m:      	          (27, 'semi_sync'),
[92mINFO [0m:      	          (28, 'semi_sync'),
[92mINFO [0m:      	          (29, 'semi_sync'),
[92mINFO [0m:      	          (30, 'semi_sync'),
[92mINFO [0m:      	          (31, 'semi_sync'),
[92mINFO [0m:      	          (32, 'semi_sync'),
[92mINFO [0m:      	          (33, 'semi_sync'),
[92mINFO [0m:      	          (34, 'semi_sync'),
[92mINFO [0m:      	          (35, 'semi_sync'),
[92mINFO [0m:      	          (36, 'semi_sync'),
[92mINFO [0m:      	          (37, 'semi_sync'),
[92mINFO [0m:      	          (38, 'semi_sync'),
[92mINFO [0m:      	          (39, 'semi_sync'),
[92mINFO [0m:      	          (40, 'semi_sync'),
[92mINFO [0m:      	          (41, 'semi_sync'),
[92mINFO [0m:      	          (42, 'semi_sync'),
[92mINFO [0m:      	          (43, 'semi_sync'),
[92mINFO [0m:      	          (44, 'semi_sync'),
[92mINFO [0m:      	          (45, 'semi_sync'),
[92mINFO [0m:      	          (46, 'semi_sync'),
[92mINFO [0m:      	          (47, 'semi_sync'),
[92mINFO [0m:      	          (48, 'semi_sync'),
[92mINFO [0m:      	          (49, 'semi_sync'),
[92mINFO [0m:      	          (50, 'semi_sync'),
[92mINFO [0m:      	          (51, 'semi_sync'),
[92mINFO [0m:      	          (52, 'semi_sync'),
[92mINFO [0m:      	          (53, 'semi_sync'),
[92mINFO [0m:      	          (54, 'semi_sync'),
[92mINFO [0m:      	          (55, 'semi_sync'),
[92mINFO [0m:      	          (56, 'semi_sync'),
[92mINFO [0m:      	          (57, 'semi_sync'),
[92mINFO [0m:      	          (58, 'semi_sync'),
[92mINFO [0m:      	          (59, 'semi_sync'),
[92mINFO [0m:      	          (60, 'semi_sync')],
[92mINFO [0m:      	 'num_exhausted_clients': [(1, 0.0),
[92mINFO [0m:      	                           (2, 0.0),
[92mINFO [0m:      	                           (3, 0.0),
[92mINFO [0m:      	                           (4, 0.0),
[92mINFO [0m:      	                           (5, 0.0),
[92mINFO [0m:      	                           (6, 0.0),
[92mINFO [0m:      	                           (7, 0.0),
[92mINFO [0m:      	                           (8, 0.0),
[92mINFO [0m:      	                           (9, 0.0),
[92mINFO [0m:      	                           (10, 0.0),
[92mINFO [0m:      	                           (11, 0.0),
[92mINFO [0m:      	                           (12, 0.0),
[92mINFO [0m:      	                           (13, 0.0),
[92mINFO [0m:      	                           (14, 0.0),
[92mINFO [0m:      	                           (15, 0.0),
[92mINFO [0m:      	                           (16, 0.0),
[92mINFO [0m:      	                           (17, 0.0),
[92mINFO [0m:      	                           (18, 0.0),
[92mINFO [0m:      	                           (19, 0.0),
[92mINFO [0m:      	                           (20, 0.0),
[92mINFO [0m:      	                           (21, 0.0),
[92mINFO [0m:      	                           (22, 0.0),
[92mINFO [0m:      	                           (23, 0.0),
[92mINFO [0m:      	                           (24, 0.0),
[92mINFO [0m:      	                           (25, 0.0),
[92mINFO [0m:      	                           (26, 0.0),
[92mINFO [0m:      	                           (27, 0.0),
[92mINFO [0m:      	                           (28, 0.0),
[92mINFO [0m:      	                           (29, 0.0),
[92mINFO [0m:      	                           (30, 0.0),
[92mINFO [0m:      	                           (31, 0.0),
[92mINFO [0m:      	                           (32, 0.0),
[92mINFO [0m:      	                           (33, 0.0),
[92mINFO [0m:      	                           (34, 0.0),
[92mINFO [0m:      	                           (35, 0.0),
[92mINFO [0m:      	                           (36, 0.0),
[92mINFO [0m:      	                           (37, 0.0),
[92mINFO [0m:      	                           (38, 1.0),
[92mINFO [0m:      	                           (39, 1.0),
[92mINFO [0m:      	                           (40, 1.0),
[92mINFO [0m:      	                           (41, 1.0),
[92mINFO [0m:      	                           (42, 1.0),
[92mINFO [0m:      	                           (43, 1.0),
[92mINFO [0m:      	                           (44, 1.0),
[92mINFO [0m:      	                           (45, 1.0),
[92mINFO [0m:      	                           (46, 1.0),
[92mINFO [0m:      	                           (47, 1.0),
[92mINFO [0m:      	                           (48, 1.0),
[92mINFO [0m:      	                           (49, 1.0),
[92mINFO [0m:      	                           (50, 1.0),
[92mINFO [0m:      	                           (51, 1.0),
[92mINFO [0m:      	                           (52, 1.0),
[92mINFO [0m:      	                           (53, 1.0),
[92mINFO [0m:      	                           (54, 1.0),
[92mINFO [0m:      	                           (55, 1.0),
[92mINFO [0m:      	                           (56, 1.0),
[92mINFO [0m:      	                           (57, 1.0),
[92mINFO [0m:      	                           (58, 1.0),
[92mINFO [0m:      	                           (59, 1.0),
[92mINFO [0m:      	                           (60, 1.0)],
[92mINFO [0m:      	 'topk': [(1, 5.0),
[92mINFO [0m:      	          (2, 5.0),
[92mINFO [0m:      	          (3, 5.0),
[92mINFO [0m:      	          (4, 5.0),
[92mINFO [0m:      	          (5, 5.0),
[92mINFO [0m:      	          (6, 5.0),
[92mINFO [0m:      	          (7, 5.0),
[92mINFO [0m:      	          (8, 5.0),
[92mINFO [0m:      	          (9, 5.0),
[92mINFO [0m:      	          (10, 5.0),
[92mINFO [0m:      	          (11, 5.0),
[92mINFO [0m:      	          (12, 5.0),
[92mINFO [0m:      	          (13, 5.0),
[92mINFO [0m:      	          (14, 5.0),
[92mINFO [0m:      	          (15, 5.0),
[92mINFO [0m:      	          (16, 5.0),
[92mINFO [0m:      	          (17, 5.0),
[92mINFO [0m:      	          (18, 5.0),
[92mINFO [0m:      	          (19, 5.0),
[92mINFO [0m:      	          (20, 5.0),
[92mINFO [0m:      	          (21, 5.0),
[92mINFO [0m:      	          (22, 5.0),
[92mINFO [0m:      	          (23, 5.0),
[92mINFO [0m:      	          (24, 5.0),
[92mINFO [0m:      	          (25, 5.0),
[92mINFO [0m:      	          (26, 5.0),
[92mINFO [0m:      	          (27, 5.0),
[92mINFO [0m:      	          (28, 5.0),
[92mINFO [0m:      	          (29, 5.0),
[92mINFO [0m:      	          (30, 5.0),
[92mINFO [0m:      	          (31, 5.0),
[92mINFO [0m:      	          (32, 5.0),
[92mINFO [0m:      	          (33, 5.0),
[92mINFO [0m:      	          (34, 5.0),
[92mINFO [0m:      	          (35, 5.0),
[92mINFO [0m:      	          (36, 5.0),
[92mINFO [0m:      	          (37, 5.0),
[92mINFO [0m:      	          (38, 5.0),
[92mINFO [0m:      	          (39, 5.0),
[92mINFO [0m:      	          (40, 5.0),
[92mINFO [0m:      	          (41, 5.0),
[92mINFO [0m:      	          (42, 5.0),
[92mINFO [0m:      	          (43, 5.0),
[92mINFO [0m:      	          (44, 5.0),
[92mINFO [0m:      	          (45, 5.0),
[92mINFO [0m:      	          (46, 5.0),
[92mINFO [0m:      	          (47, 5.0),
[92mINFO [0m:      	          (48, 5.0),
[92mINFO [0m:      	          (49, 5.0),
[92mINFO [0m:      	          (50, 5.0),
[92mINFO [0m:      	          (51, 5.0),
[92mINFO [0m:      	          (52, 5.0),
[92mINFO [0m:      	          (53, 5.0),
[92mINFO [0m:      	          (54, 5.0),
[92mINFO [0m:      	          (55, 5.0),
[92mINFO [0m:      	          (56, 5.0),
[92mINFO [0m:      	          (57, 5.0),
[92mINFO [0m:      	          (58, 5.0),
[92mINFO [0m:      	          (59, 5.0),
[92mINFO [0m:      	          (60, 5.0)]}
[92mINFO [0m:      	History (metrics, centralized):
[92mINFO [0m:      	{'accuracy': [(0, 0.1),
[92mINFO [0m:      	              (1, 0.3367),
[92mINFO [0m:      	              (2, 0.3102),
[92mINFO [0m:      	              (3, 0.3381),
[92mINFO [0m:      	              (4, 0.3357),
[92mINFO [0m:      	              (5, 0.3945),
[92mINFO [0m:      	              (6, 0.4589),
[92mINFO [0m:      	              (7, 0.3116),
[92mINFO [0m:      	              (8, 0.4692),
[92mINFO [0m:      	              (9, 0.423),
[92mINFO [0m:      	              (10, 0.5301),
[92mINFO [0m:      	              (11, 0.5053),
[92mINFO [0m:      	              (12, 0.5315),
[92mINFO [0m:      	              (13, 0.5603),
[92mINFO [0m:      	              (14, 0.5783),
[92mINFO [0m:      	              (15, 0.5776),
[92mINFO [0m:      	              (16, 0.6127),
[92mINFO [0m:      	              (17, 0.5242),
[92mINFO [0m:      	              (18, 0.6272),
[92mINFO [0m:      	              (19, 0.5459),
[92mINFO [0m:      	              (20, 0.5956),
[92mINFO [0m:      	              (21, 0.6202),
[92mINFO [0m:      	              (22, 0.6279),
[92mINFO [0m:      	              (23, 0.6431),
[92mINFO [0m:      	              (24, 0.6546),
[92mINFO [0m:      	              (25, 0.6669),
[92mINFO [0m:      	              (26, 0.6813),
[92mINFO [0m:      	              (27, 0.6629),
[92mINFO [0m:      	              (28, 0.5867),
[92mINFO [0m:      	              (29, 0.556),
[92mINFO [0m:      	              (30, 0.6848),
[92mINFO [0m:      	              (31, 0.6571),
[92mINFO [0m:      	              (32, 0.6246),
[92mINFO [0m:      	              (33, 0.6141),
[92mINFO [0m:      	              (34, 0.6501),
[92mINFO [0m:      	              (35, 0.7051),
[92mINFO [0m:      	              (36, 0.6813),
[92mINFO [0m:      	              (37, 0.5317),
[92mINFO [0m:      	              (38, 0.7105),
[92mINFO [0m:      	              (39, 0.6621),
[92mINFO [0m:      	              (40, 0.6888),
[92mINFO [0m:      	              (41, 0.6647),
[92mINFO [0m:      	              (42, 0.7519),
[92mINFO [0m:      	              (43, 0.7433),
[92mINFO [0m:      	              (44, 0.7315),
[92mINFO [0m:      	              (45, 0.6796),
[92mINFO [0m:      	              (46, 0.752),
[92mINFO [0m:      	              (47, 0.7381),
[92mINFO [0m:      	              (48, 0.7119),
[92mINFO [0m:      	              (49, 0.7273),
[92mINFO [0m:      	              (50, 0.7316),
[92mINFO [0m:      	              (51, 0.7007),
[92mINFO [0m:      	              (52, 0.7257),
[92mINFO [0m:      	              (53, 0.6595),
[92mINFO [0m:      	              (54, 0.7697),
[92mINFO [0m:      	              (55, 0.7176),
[92mINFO [0m:      	              (56, 0.6942),
[92mINFO [0m:      	              (57, 0.7062),
[92mINFO [0m:      	              (58, 0.7684),
[92mINFO [0m:      	              (59, 0.6933),
[92mINFO [0m:      	              (60, 0.7697)]}
[92mINFO [0m:      
