/root/miniconda3/envs/moga-fl/lib/python3.10/site-packages/torch/cuda/__init__.py:65: FutureWarning: The pynvml package is deprecated. Please install nvidia-ml-py instead. If you did not install pynvml directly, please report this to the maintainers of the package that installed pynvml for you.
  import pynvml  # type: ignore[import]
[93mWARNING [0m:   DEPRECATED FEATURE: flwr.simulation.start_simulation() is deprecated.
	Instead, use the `flwr run` CLI command to start a local simulation in your Flower app, as shown for example below:

		$ flwr new  # Create a new Flower app from a template

		$ flwr run  # Run the Flower app in Simulation Mode

	Using `start_simulation()` is deprecated.

            This is a deprecated feature. It will be removed
            entirely in future versions of Flower.
        
[92mINFO [0m:      Starting Flower simulation, config: num_rounds=60, no round_timeout
2026-03-05 13:31:25,438	WARNING utils.py:460 -- Detecting docker specified CPUs. In previous versions of Ray, CPU detection in containers was incorrect. Please ensure that Ray has enough CPUs allocated. As a temporary workaround to revert to the prior behavior, set `RAY_USE_MULTIPROCESSING_CPU_COUNT=1` as an env var before starting Ray. Set the env var: `RAY_DISABLE_DOCKER_CPU_WARNING=1` to mute this warning.
2026-03-05 13:31:25,685	INFO worker.py:2012 -- Started a local Ray instance.
/root/miniconda3/envs/moga-fl/lib/python3.10/site-packages/ray/_private/worker.py:2051: FutureWarning: Tip: In future versions of Ray, Ray will no longer override accelerator visible devices env var if num_gpus=0 or num_gpus=None (default). To enable this behavior and turn off this error message, set RAY_ACCEL_ENV_VAR_OVERRIDE_ON_ZERO=0
  warnings.warn(
[92mINFO [0m:      Flower VCE: Ray initialized with resources: {'object_store_memory': 27759820800.0, 'node:172.17.0.6': 1.0, 'memory': 64772915200.0, 'GPU': 1.0, 'accelerator_type:G': 1.0, 'node:__internal_head__': 1.0, 'CPU': 25.0}
[92mINFO [0m:      Optimize your simulation with Flower VCE: https://flower.ai/docs/framework/how-to-run-simulations.html
[92mINFO [0m:      Flower VCE: Resources for each Virtual Client: {'num_cpus': 2.0, 'num_gpus': 0.25}
[92mINFO [0m:      Flower VCE: Creating VirtualClientEngineActorPool with 4 actors
[92mINFO [0m:      [INIT]
[92mINFO [0m:      Using initial global parameters provided by strategy
[92mINFO [0m:      Starting evaluation of initial global parameters
[92mINFO [0m:      initial parameters (loss, other metrics): 3.5699364686314063, {'accuracy': 0.1}
[92mINFO [0m:      
[92mINFO [0m:      [ROUND 1]
[92mINFO [0m:      configure_fit: strategy sampled 5 clients (out of 10)
[36m(ClientAppActor pid=772156)[0m /root/miniconda3/envs/moga-fl/lib/python3.10/site-packages/torch/cuda/__init__.py:65: FutureWarning: The pynvml package is deprecated. Please install nvidia-ml-py instead. If you did not install pynvml directly, please report this to the maintainers of the package that installed pynvml for you.
[36m(ClientAppActor pid=772156)[0m   import pynvml  # type: ignore[import]
[92mINFO [0m:      aggregate_fit: received 5 results and 0 failures
[92mINFO [0m:      fit progress: (1, 2.1688573601879653, {'accuracy': 0.2057}, 16.685231167823076)
[92mINFO [0m:      configure_evaluate: no clients selected, skipping evaluation
[92mINFO [0m:      
[92mINFO [0m:      [ROUND 2]
[92mINFO [0m:      configure_fit: strategy sampled 5 clients (out of 10)
[92mINFO [0m:      aggregate_fit: received 5 results and 0 failures
[92mINFO [0m:      fit progress: (2, 1.970972187911408, {'accuracy': 0.2795}, 25.3875463725999)
[92mINFO [0m:      configure_evaluate: no clients selected, skipping evaluation
[92mINFO [0m:      
[92mINFO [0m:      [ROUND 3]
[92mINFO [0m:      configure_fit: strategy sampled 5 clients (out of 10)
[36m(pid=gcs_server)[0m [2026-03-05 13:31:54,997 E 771461 771461] (gcs_server) gcs_server.cc:302: Failed to establish connection to the event+metrics exporter agent. Events and metrics will not be exported. Exporter agent status: RpcError: Running out of retries to initialize the metrics agent. rpc_code: 14
[36m(ClientAppActor pid=772157)[0m /root/miniconda3/envs/moga-fl/lib/python3.10/site-packages/torch/cuda/__init__.py:65: FutureWarning: The pynvml package is deprecated. Please install nvidia-ml-py instead. If you did not install pynvml directly, please report this to the maintainers of the package that installed pynvml for you.[32m [repeated 3x across cluster] (Ray deduplicates logs by default. Set RAY_DEDUP_LOGS=0 to disable log deduplication, or see https://docs.ray.io/en/master/ray-observability/user-guides/configure-logging.html#log-deduplication for more options.)[0m
[36m(ClientAppActor pid=772157)[0m   import pynvml  # type: ignore[import][32m [repeated 3x across cluster][0m
[33m(raylet)[0m [2026-03-05 13:31:55,616 E 772019 772019] (raylet) main.cc:975: Failed to establish connection to the metrics exporter agent. Metrics will not be exported. Exporter agent status: RpcError: Running out of retries to initialize the metrics agent. rpc_code: 14
[36m(ClientAppActor pid=772157)[0m [2026-03-05 13:31:56,063 E 772157 772494] core_worker_process.cc:825: Failed to establish connection to the metrics exporter agent. Metrics will not be exported. Exporter agent status: RpcError: Running out of retries to initialize the metrics agent. rpc_code: 14
[2026-03-05 13:31:56,405 E 771252 772152] core_worker_process.cc:825: Failed to establish connection to the metrics exporter agent. Metrics will not be exported. Exporter agent status: RpcError: Running out of retries to initialize the metrics agent. rpc_code: 14
[92mINFO [0m:      aggregate_fit: received 5 results and 0 failures
[92mINFO [0m:      fit progress: (3, 1.642109825641294, {'accuracy': 0.3526}, 38.4082888495177)
[92mINFO [0m:      configure_evaluate: no clients selected, skipping evaluation
[92mINFO [0m:      
[92mINFO [0m:      [ROUND 4]
[92mINFO [0m:      configure_fit: strategy sampled 5 clients (out of 10)
[92mINFO [0m:      aggregate_fit: received 5 results and 0 failures
[92mINFO [0m:      fit progress: (4, 1.9657798764071888, {'accuracy': 0.3564}, 50.09898334182799)
[92mINFO [0m:      configure_evaluate: no clients selected, skipping evaluation
[92mINFO [0m:      
[92mINFO [0m:      [ROUND 5]
[92mINFO [0m:      configure_fit: strategy sampled 5 clients (out of 10)
[92mINFO [0m:      aggregate_fit: received 5 results and 0 failures
[92mINFO [0m:      fit progress: (5, 1.5627777078483678, {'accuracy': 0.3912}, 62.51407673954964)
[92mINFO [0m:      configure_evaluate: no clients selected, skipping evaluation
[92mINFO [0m:      
[92mINFO [0m:      [ROUND 6]
[92mINFO [0m:      configure_fit: strategy sampled 5 clients (out of 10)
[92mINFO [0m:      aggregate_fit: received 5 results and 0 failures
[92mINFO [0m:      fit progress: (6, 1.457826018333435, {'accuracy': 0.4621}, 75.00356160290539)
[92mINFO [0m:      configure_evaluate: no clients selected, skipping evaluation
[92mINFO [0m:      
[92mINFO [0m:      [ROUND 7]
[92mINFO [0m:      configure_fit: strategy sampled 5 clients (out of 10)
[92mINFO [0m:      aggregate_fit: received 5 results and 0 failures
[92mINFO [0m:      fit progress: (7, 1.4372051214870019, {'accuracy': 0.4977}, 84.5211064144969)
[92mINFO [0m:      configure_evaluate: no clients selected, skipping evaluation
[92mINFO [0m:      
[92mINFO [0m:      [ROUND 8]
[92mINFO [0m:      configure_fit: strategy sampled 5 clients (out of 10)
[92mINFO [0m:      aggregate_fit: received 5 results and 0 failures
[92mINFO [0m:      fit progress: (8, 1.2096388083470018, {'accuracy': 0.5452}, 98.31573559623212)
[92mINFO [0m:      configure_evaluate: no clients selected, skipping evaluation
[92mINFO [0m:      
[92mINFO [0m:      [ROUND 9]
[92mINFO [0m:      configure_fit: strategy sampled 5 clients (out of 10)
[92mINFO [0m:      aggregate_fit: received 5 results and 0 failures
[92mINFO [0m:      fit progress: (9, 1.5596037846577318, {'accuracy': 0.4859}, 109.41680101305246)
[92mINFO [0m:      configure_evaluate: no clients selected, skipping evaluation
[92mINFO [0m:      
[92mINFO [0m:      [ROUND 10]
[92mINFO [0m:      configure_fit: strategy sampled 5 clients (out of 10)
[92mINFO [0m:      aggregate_fit: received 5 results and 0 failures
[92mINFO [0m:      fit progress: (10, 1.2768625337866288, {'accuracy': 0.5511}, 122.19798138085753)
[92mINFO [0m:      configure_evaluate: no clients selected, skipping evaluation
[92mINFO [0m:      
[92mINFO [0m:      [ROUND 11]
[92mINFO [0m:      configure_fit: strategy sampled 5 clients (out of 10)
[92mINFO [0m:      aggregate_fit: received 5 results and 0 failures
[92mINFO [0m:      fit progress: (11, 1.1746839232082609, {'accuracy': 0.5761}, 135.40809886809438)
[92mINFO [0m:      configure_evaluate: no clients selected, skipping evaluation
[92mINFO [0m:      
[92mINFO [0m:      [ROUND 12]
[92mINFO [0m:      configure_fit: strategy sampled 5 clients (out of 10)
[92mINFO [0m:      aggregate_fit: received 5 results and 0 failures
[92mINFO [0m:      fit progress: (12, 1.7371239345284957, {'accuracy': 0.4421}, 146.55535860545933)
[92mINFO [0m:      configure_evaluate: no clients selected, skipping evaluation
[92mINFO [0m:      
[92mINFO [0m:      [ROUND 13]
[92mINFO [0m:      configure_fit: strategy sampled 5 clients (out of 10)
[92mINFO [0m:      aggregate_fit: received 5 results and 0 failures
[92mINFO [0m:      fit progress: (13, 1.1706609273258644, {'accuracy': 0.5871}, 160.35547738987952)
[92mINFO [0m:      configure_evaluate: no clients selected, skipping evaluation
[92mINFO [0m:      
[92mINFO [0m:      [ROUND 14]
[92mINFO [0m:      configure_fit: strategy sampled 5 clients (out of 10)
[92mINFO [0m:      aggregate_fit: received 5 results and 0 failures
[92mINFO [0m:      fit progress: (14, 1.0511855588683598, {'accuracy': 0.6257}, 171.99398659262806)
[92mINFO [0m:      configure_evaluate: no clients selected, skipping evaluation
[92mINFO [0m:      
[92mINFO [0m:      [ROUND 15]
[92mINFO [0m:      configure_fit: strategy sampled 5 clients (out of 10)
[92mINFO [0m:      aggregate_fit: received 5 results and 0 failures
[92mINFO [0m:      fit progress: (15, 1.1652567507345466, {'accuracy': 0.6029}, 184.8953022742644)
[92mINFO [0m:      configure_evaluate: no clients selected, skipping evaluation
[92mINFO [0m:      
[92mINFO [0m:      [ROUND 16]
[92mINFO [0m:      configure_fit: strategy sampled 5 clients (out of 10)
[92mINFO [0m:      aggregate_fit: received 5 results and 0 failures
[92mINFO [0m:      fit progress: (16, 1.0234386407876317, {'accuracy': 0.628}, 199.0706130489707)
[92mINFO [0m:      configure_evaluate: no clients selected, skipping evaluation
[92mINFO [0m:      
[92mINFO [0m:      [ROUND 17]
[92mINFO [0m:      configure_fit: strategy sampled 5 clients (out of 10)
[92mINFO [0m:      aggregate_fit: received 5 results and 0 failures
[92mINFO [0m:      fit progress: (17, 1.1866430610041074, {'accuracy': 0.5892}, 210.56470737606287)
[92mINFO [0m:      configure_evaluate: no clients selected, skipping evaluation
[92mINFO [0m:      
[92mINFO [0m:      [ROUND 18]
[92mINFO [0m:      configure_fit: strategy sampled 5 clients (out of 10)
[92mINFO [0m:      aggregate_fit: received 5 results and 0 failures
[92mINFO [0m:      fit progress: (18, 1.0202422504183613, {'accuracy': 0.6405}, 223.38245646934956)
[92mINFO [0m:      configure_evaluate: no clients selected, skipping evaluation
[92mINFO [0m:      
[92mINFO [0m:      [ROUND 19]
[92mINFO [0m:      configure_fit: strategy sampled 5 clients (out of 10)
[92mINFO [0m:      aggregate_fit: received 5 results and 0 failures
[92mINFO [0m:      fit progress: (19, 1.0730584535417678, {'accuracy': 0.6572}, 236.39818799309433)
[92mINFO [0m:      configure_evaluate: no clients selected, skipping evaluation
[92mINFO [0m:      
[92mINFO [0m:      [ROUND 20]
[92mINFO [0m:      configure_fit: strategy sampled 5 clients (out of 10)
[92mINFO [0m:      aggregate_fit: received 5 results and 0 failures
[92mINFO [0m:      fit progress: (20, 0.9861100776286065, {'accuracy': 0.6525}, 249.99023912660778)
[92mINFO [0m:      configure_evaluate: no clients selected, skipping evaluation
[92mINFO [0m:      
[92mINFO [0m:      [ROUND 21]
[92mINFO [0m:      configure_fit: strategy sampled 5 clients (out of 10)
[92mINFO [0m:      aggregate_fit: received 5 results and 0 failures
[92mINFO [0m:      fit progress: (21, 1.0911185288731056, {'accuracy': 0.6097}, 262.60777268372476)
[92mINFO [0m:      configure_evaluate: no clients selected, skipping evaluation
[92mINFO [0m:      
[92mINFO [0m:      [ROUND 22]
[92mINFO [0m:      configure_fit: strategy sampled 5 clients (out of 10)
[92mINFO [0m:      aggregate_fit: received 5 results and 0 failures
[92mINFO [0m:      fit progress: (22, 1.223482050473177, {'accuracy': 0.5933}, 273.29465964995325)
[92mINFO [0m:      configure_evaluate: no clients selected, skipping evaluation
[92mINFO [0m:      
[92mINFO [0m:      [ROUND 23]
[92mINFO [0m:      configure_fit: strategy sampled 5 clients (out of 10)
[92mINFO [0m:      aggregate_fit: received 5 results and 0 failures
[92mINFO [0m:      fit progress: (23, 0.8589741866799849, {'accuracy': 0.6981}, 285.8405918823555)
[92mINFO [0m:      configure_evaluate: no clients selected, skipping evaluation
[92mINFO [0m:      
[92mINFO [0m:      [ROUND 24]
[92mINFO [0m:      configure_fit: strategy sampled 5 clients (out of 10)
[92mINFO [0m:      aggregate_fit: received 5 results and 0 failures
[92mINFO [0m:      fit progress: (24, 0.8836465764649307, {'accuracy': 0.6848}, 297.42914291191846)
[92mINFO [0m:      configure_evaluate: no clients selected, skipping evaluation
[92mINFO [0m:      
[92mINFO [0m:      [ROUND 25]
[92mINFO [0m:      configure_fit: strategy sampled 5 clients (out of 10)
[92mINFO [0m:      aggregate_fit: received 5 results and 0 failures
[92mINFO [0m:      fit progress: (25, 0.8739377018771594, {'accuracy': 0.6943}, 310.41485389415175)
[92mINFO [0m:      configure_evaluate: no clients selected, skipping evaluation
[92mINFO [0m:      
[92mINFO [0m:      [ROUND 26]
[92mINFO [0m:      configure_fit: strategy sampled 5 clients (out of 10)
[92mINFO [0m:      aggregate_fit: received 5 results and 0 failures
[92mINFO [0m:      fit progress: (26, 0.8930381196963636, {'accuracy': 0.6863}, 322.69921226706356)
[92mINFO [0m:      configure_evaluate: no clients selected, skipping evaluation
[92mINFO [0m:      
[92mINFO [0m:      [ROUND 27]
[92mINFO [0m:      configure_fit: strategy sampled 5 clients (out of 10)
[92mINFO [0m:      aggregate_fit: received 5 results and 0 failures
[92mINFO [0m:      fit progress: (27, 1.1254513452324686, {'accuracy': 0.615}, 334.35428754240274)
[92mINFO [0m:      configure_evaluate: no clients selected, skipping evaluation
[92mINFO [0m:      
[92mINFO [0m:      [ROUND 28]
[92mINFO [0m:      configure_fit: strategy sampled 5 clients (out of 10)
[92mINFO [0m:      aggregate_fit: received 5 results and 0 failures
[92mINFO [0m:      fit progress: (28, 0.7625332240816913, {'accuracy': 0.727}, 347.80795195978135)
[92mINFO [0m:      configure_evaluate: no clients selected, skipping evaluation
[92mINFO [0m:      
[92mINFO [0m:      [ROUND 29]
[92mINFO [0m:      configure_fit: strategy sampled 5 clients (out of 10)
[92mINFO [0m:      aggregate_fit: received 5 results and 0 failures
[92mINFO [0m:      fit progress: (29, 0.7771407856216913, {'accuracy': 0.7265}, 360.76146525051445)
[92mINFO [0m:      configure_evaluate: no clients selected, skipping evaluation
[92mINFO [0m:      
[92mINFO [0m:      [ROUND 30]
[92mINFO [0m:      configure_fit: strategy sampled 5 clients (out of 10)
[92mINFO [0m:      aggregate_fit: received 5 results and 0 failures
[92mINFO [0m:      fit progress: (30, 0.7877432236188575, {'accuracy': 0.7357}, 374.6061673099175)
[92mINFO [0m:      configure_evaluate: no clients selected, skipping evaluation
[92mINFO [0m:      
[92mINFO [0m:      [ROUND 31]
[92mINFO [0m:      configure_fit: strategy sampled 5 clients (out of 10)
[92mINFO [0m:      aggregate_fit: received 5 results and 0 failures
[92mINFO [0m:      fit progress: (31, 0.7118366296532788, {'accuracy': 0.7463}, 387.32213712576777)
[92mINFO [0m:      configure_evaluate: no clients selected, skipping evaluation
[92mINFO [0m:      
[92mINFO [0m:      [ROUND 32]
[92mINFO [0m:      configure_fit: strategy sampled 5 clients (out of 10)
[92mINFO [0m:      aggregate_fit: received 5 results and 0 failures
[92mINFO [0m:      fit progress: (32, 0.9910059586355958, {'accuracy': 0.6744}, 399.34658305812627)
[92mINFO [0m:      configure_evaluate: no clients selected, skipping evaluation
[92mINFO [0m:      
[92mINFO [0m:      [ROUND 33]
[92mINFO [0m:      configure_fit: strategy sampled 5 clients (out of 10)
[92mINFO [0m:      aggregate_fit: received 5 results and 0 failures
[92mINFO [0m:      fit progress: (33, 0.7724701524535312, {'accuracy': 0.7287}, 412.34641118347645)
[92mINFO [0m:      configure_evaluate: no clients selected, skipping evaluation
[92mINFO [0m:      
[92mINFO [0m:      [ROUND 34]
[92mINFO [0m:      configure_fit: strategy sampled 5 clients (out of 10)
[92mINFO [0m:      aggregate_fit: received 5 results and 0 failures
[92mINFO [0m:      fit progress: (34, 1.07995059897628, {'accuracy': 0.6611}, 424.09087147563696)
[92mINFO [0m:      configure_evaluate: no clients selected, skipping evaluation
[92mINFO [0m:      
[92mINFO [0m:      [ROUND 35]
[92mINFO [0m:      configure_fit: strategy sampled 5 clients (out of 10)
[92mINFO [0m:      aggregate_fit: received 5 results and 0 failures
[92mINFO [0m:      fit progress: (35, 0.7335283039491388, {'accuracy': 0.7485}, 436.78298628982157)
[92mINFO [0m:      configure_evaluate: no clients selected, skipping evaluation
[92mINFO [0m:      
[92mINFO [0m:      [ROUND 36]
[92mINFO [0m:      configure_fit: strategy sampled 5 clients (out of 10)
[92mINFO [0m:      aggregate_fit: received 5 results and 0 failures
[92mINFO [0m:      fit progress: (36, 0.8145201515547836, {'accuracy': 0.7137}, 449.546309533529)
[92mINFO [0m:      configure_evaluate: no clients selected, skipping evaluation
[92mINFO [0m:      
[92mINFO [0m:      [ROUND 37]
[92mINFO [0m:      configure_fit: strategy sampled 5 clients (out of 10)
[92mINFO [0m:      aggregate_fit: received 5 results and 0 failures
[92mINFO [0m:      fit progress: (37, 0.7585534076147442, {'accuracy': 0.7417}, 463.07035013847053)
[92mINFO [0m:      configure_evaluate: no clients selected, skipping evaluation
[92mINFO [0m:      
[92mINFO [0m:      [ROUND 38]
[92mINFO [0m:      configure_fit: strategy sampled 5 clients (out of 10)
[92mINFO [0m:      aggregate_fit: received 5 results and 0 failures
[92mINFO [0m:      fit progress: (38, 0.7241539653343491, {'accuracy': 0.7485}, 476.4067862825468)
[92mINFO [0m:      configure_evaluate: no clients selected, skipping evaluation
[92mINFO [0m:      
[92mINFO [0m:      [ROUND 39]
[92mINFO [0m:      configure_fit: strategy sampled 5 clients (out of 10)
[92mINFO [0m:      aggregate_fit: received 5 results and 0 failures
[92mINFO [0m:      fit progress: (39, 0.6585893778106834, {'accuracy': 0.7695}, 488.5650566695258)
[92mINFO [0m:      configure_evaluate: no clients selected, skipping evaluation
[92mINFO [0m:      
[92mINFO [0m:      [ROUND 40]
[92mINFO [0m:      configure_fit: strategy sampled 5 clients (out of 10)
[92mINFO [0m:      aggregate_fit: received 5 results and 0 failures
[92mINFO [0m:      fit progress: (40, 0.729295515184161, {'accuracy': 0.7539}, 500.87338460609317)
[92mINFO [0m:      configure_evaluate: no clients selected, skipping evaluation
[92mINFO [0m:      
[92mINFO [0m:      [ROUND 41]
[92mINFO [0m:      configure_fit: strategy sampled 5 clients (out of 10)
[92mINFO [0m:      aggregate_fit: received 5 results and 0 failures
[92mINFO [0m:      fit progress: (41, 0.7874413049673732, {'accuracy': 0.7279}, 512.3542971080169)
[92mINFO [0m:      configure_evaluate: no clients selected, skipping evaluation
[92mINFO [0m:      
[92mINFO [0m:      [ROUND 42]
[92mINFO [0m:      configure_fit: strategy sampled 5 clients (out of 10)
[92mINFO [0m:      aggregate_fit: received 5 results and 0 failures
[92mINFO [0m:      fit progress: (42, 2.2982767262036288, {'accuracy': 0.4436}, 525.4484011139721)
[92mINFO [0m:      configure_evaluate: no clients selected, skipping evaluation
[92mINFO [0m:      
[92mINFO [0m:      [ROUND 43]
[92mINFO [0m:      configure_fit: strategy sampled 5 clients (out of 10)
[92mINFO [0m:      aggregate_fit: received 5 results and 0 failures
[92mINFO [0m:      fit progress: (43, 0.8001889752436288, {'accuracy': 0.7199}, 536.8206570018083)
[92mINFO [0m:      configure_evaluate: no clients selected, skipping evaluation
[92mINFO [0m:      
[92mINFO [0m:      [ROUND 44]
[92mINFO [0m:      configure_fit: strategy sampled 5 clients (out of 10)
[92mINFO [0m:      aggregate_fit: received 5 results and 0 failures
[92mINFO [0m:      fit progress: (44, 1.4272542482689967, {'accuracy': 0.6147}, 547.0423261886463)
[92mINFO [0m:      configure_evaluate: no clients selected, skipping evaluation
[92mINFO [0m:      
[92mINFO [0m:      [ROUND 45]
[92mINFO [0m:      configure_fit: strategy sampled 5 clients (out of 10)
[92mINFO [0m:      aggregate_fit: received 5 results and 0 failures
[92mINFO [0m:      fit progress: (45, 1.035113967672179, {'accuracy': 0.7315}, 560.0610814867541)
[92mINFO [0m:      configure_evaluate: no clients selected, skipping evaluation
[92mINFO [0m:      
[92mINFO [0m:      [ROUND 46]
[92mINFO [0m:      configure_fit: strategy sampled 5 clients (out of 10)
[92mINFO [0m:      aggregate_fit: received 5 results and 0 failures
[92mINFO [0m:      fit progress: (46, 0.7723330904411364, {'accuracy': 0.7443}, 571.5844418983907)
[92mINFO [0m:      configure_evaluate: no clients selected, skipping evaluation
[92mINFO [0m:      
[92mINFO [0m:      [ROUND 47]
[92mINFO [0m:      configure_fit: strategy sampled 5 clients (out of 10)
[92mINFO [0m:      aggregate_fit: received 5 results and 0 failures
[92mINFO [0m:      fit progress: (47, 0.7513134845449955, {'accuracy': 0.7481}, 583.3908056393266)
[92mINFO [0m:      configure_evaluate: no clients selected, skipping evaluation
[92mINFO [0m:      
[92mINFO [0m:      [ROUND 48]
[92mINFO [0m:      configure_fit: strategy sampled 5 clients (out of 10)
[92mINFO [0m:      aggregate_fit: received 5 results and 0 failures
[92mINFO [0m:      fit progress: (48, 0.7345928572401216, {'accuracy': 0.7489}, 595.0500050662085)
[92mINFO [0m:      configure_evaluate: no clients selected, skipping evaluation
[92mINFO [0m:      
[92mINFO [0m:      [ROUND 49]
[92mINFO [0m:      configure_fit: strategy sampled 5 clients (out of 10)
[92mINFO [0m:      aggregate_fit: received 5 results and 0 failures
[92mINFO [0m:      fit progress: (49, 0.7342047932781751, {'accuracy': 0.7514}, 607.0341540873051)
[92mINFO [0m:      configure_evaluate: no clients selected, skipping evaluation
[92mINFO [0m:      
[92mINFO [0m:      [ROUND 50]
[92mINFO [0m:      configure_fit: strategy sampled 5 clients (out of 10)
[92mINFO [0m:      aggregate_fit: received 5 results and 0 failures
[92mINFO [0m:      fit progress: (50, 0.7638269870341579, {'accuracy': 0.7393}, 617.5596385030076)
[92mINFO [0m:      configure_evaluate: no clients selected, skipping evaluation
[92mINFO [0m:      
[92mINFO [0m:      [ROUND 51]
[92mINFO [0m:      configure_fit: strategy sampled 5 clients (out of 10)
[92mINFO [0m:      aggregate_fit: received 5 results and 0 failures
[92mINFO [0m:      fit progress: (51, 0.5356286726420438, {'accuracy': 0.8163}, 629.2891250001267)
[92mINFO [0m:      configure_evaluate: no clients selected, skipping evaluation
[92mINFO [0m:      
[92mINFO [0m:      [ROUND 52]
[92mINFO [0m:      configure_fit: strategy sampled 5 clients (out of 10)
[92mINFO [0m:      aggregate_fit: received 5 results and 0 failures
[92mINFO [0m:      fit progress: (52, 0.6138161032260219, {'accuracy': 0.784}, 640.5556326545775)
[92mINFO [0m:      configure_evaluate: no clients selected, skipping evaluation
[92mINFO [0m:      
[92mINFO [0m:      [ROUND 53]
[92mINFO [0m:      configure_fit: strategy sampled 5 clients (out of 10)
[92mINFO [0m:      aggregate_fit: received 5 results and 0 failures
[92mINFO [0m:      fit progress: (53, 0.6388900249819213, {'accuracy': 0.7877}, 652.7494855029508)
[92mINFO [0m:      configure_evaluate: no clients selected, skipping evaluation
[92mINFO [0m:      
[92mINFO [0m:      [ROUND 54]
[92mINFO [0m:      configure_fit: strategy sampled 5 clients (out of 10)
[92mINFO [0m:      aggregate_fit: received 5 results and 0 failures
[92mINFO [0m:      fit progress: (54, 0.6388900249819213, {'accuracy': 0.7877}, 665.925375064835)
[92mINFO [0m:      configure_evaluate: no clients selected, skipping evaluation
[92mINFO [0m:      
[92mINFO [0m:      [ROUND 55]
[92mINFO [0m:      configure_fit: strategy sampled 5 clients (out of 10)
[92mINFO [0m:      aggregate_fit: received 5 results and 0 failures
[92mINFO [0m:      fit progress: (55, 0.6683303611942485, {'accuracy': 0.7843}, 679.2434510076419)
[92mINFO [0m:      configure_evaluate: no clients selected, skipping evaluation
[92mINFO [0m:      
[92mINFO [0m:      [ROUND 56]
[92mINFO [0m:      configure_fit: strategy sampled 5 clients (out of 10)
[92mINFO [0m:      aggregate_fit: received 5 results and 0 failures
[92mINFO [0m:      fit progress: (56, 0.585956419193292, {'accuracy': 0.8037}, 689.7122261105105)
[92mINFO [0m:      configure_evaluate: no clients selected, skipping evaluation
[92mINFO [0m:      
[92mINFO [0m:      [ROUND 57]
[92mINFO [0m:      configure_fit: strategy sampled 5 clients (out of 10)
[92mINFO [0m:      aggregate_fit: received 5 results and 0 failures
[92mINFO [0m:      fit progress: (57, 0.6209498572198651, {'accuracy': 0.7903}, 699.807067617774)
[92mINFO [0m:      configure_evaluate: no clients selected, skipping evaluation
[92mINFO [0m:      
[92mINFO [0m:      [ROUND 58]
[92mINFO [0m:      configure_fit: strategy sampled 5 clients (out of 10)
[92mINFO [0m:      aggregate_fit: received 5 results and 0 failures
[92mINFO [0m:      fit progress: (58, 0.6209498572198651, {'accuracy': 0.7903}, 710.6564925415441)
[92mINFO [0m:      configure_evaluate: no clients selected, skipping evaluation
[92mINFO [0m:      
[92mINFO [0m:      [ROUND 59]
[92mINFO [0m:      configure_fit: strategy sampled 5 clients (out of 10)
[92mINFO [0m:      aggregate_fit: received 5 results and 0 failures
[92mINFO [0m:      fit progress: (59, 0.5859657948530173, {'accuracy': 0.8014}, 720.8166016330943)
[92mINFO [0m:      configure_evaluate: no clients selected, skipping evaluation
[92mINFO [0m:      
[92mINFO [0m:      [ROUND 60]
[92mINFO [0m:      configure_fit: strategy sampled 5 clients (out of 10)
[92mINFO [0m:      aggregate_fit: received 5 results and 0 failures
[92mINFO [0m:      fit progress: (60, 0.5859657948530173, {'accuracy': 0.8014}, 733.7888193465769)
[92mINFO [0m:      configure_evaluate: no clients selected, skipping evaluation
[92mINFO [0m:      
[92mINFO [0m:      [SUMMARY]
[92mINFO [0m:      Run finished 60 round(s) in 733.79s
[92mINFO [0m:      	History (loss, centralized):
[92mINFO [0m:      		round 0: 3.5699364686314063
[92mINFO [0m:      		round 1: 2.1688573601879653
[92mINFO [0m:      		round 2: 1.970972187911408
[92mINFO [0m:      		round 3: 1.642109825641294
[92mINFO [0m:      		round 4: 1.9657798764071888
[92mINFO [0m:      		round 5: 1.5627777078483678
[92mINFO [0m:      		round 6: 1.457826018333435
[92mINFO [0m:      		round 7: 1.4372051214870019
[92mINFO [0m:      		round 8: 1.2096388083470018
[92mINFO [0m:      		round 9: 1.5596037846577318
[92mINFO [0m:      		round 10: 1.2768625337866288
[92mINFO [0m:      		round 11: 1.1746839232082609
[92mINFO [0m:      		round 12: 1.7371239345284957
[92mINFO [0m:      		round 13: 1.1706609273258644
[92mINFO [0m:      		round 14: 1.0511855588683598
[92mINFO [0m:      		round 15: 1.1652567507345466
[92mINFO [0m:      		round 16: 1.0234386407876317
[92mINFO [0m:      		round 17: 1.1866430610041074
[92mINFO [0m:      		round 18: 1.0202422504183613
[92mINFO [0m:      		round 19: 1.0730584535417678
[92mINFO [0m:      		round 20: 0.9861100776286065
[92mINFO [0m:      		round 21: 1.0911185288731056
[92mINFO [0m:      		round 22: 1.223482050473177
[92mINFO [0m:      		round 23: 0.8589741866799849
[92mINFO [0m:      		round 24: 0.8836465764649307
[92mINFO [0m:      		round 25: 0.8739377018771594
[92mINFO [0m:      		round 26: 0.8930381196963636
[92mINFO [0m:      		round 27: 1.1254513452324686
[92mINFO [0m:      		round 28: 0.7625332240816913
[92mINFO [0m:      		round 29: 0.7771407856216913
[92mINFO [0m:      		round 30: 0.7877432236188575
[92mINFO [0m:      		round 31: 0.7118366296532788
[92mINFO [0m:      		round 32: 0.9910059586355958
[92mINFO [0m:      		round 33: 0.7724701524535312
[92mINFO [0m:      		round 34: 1.07995059897628
[92mINFO [0m:      		round 35: 0.7335283039491388
[92mINFO [0m:      		round 36: 0.8145201515547836
[92mINFO [0m:      		round 37: 0.7585534076147442
[92mINFO [0m:      		round 38: 0.7241539653343491
[92mINFO [0m:      		round 39: 0.6585893778106834
[92mINFO [0m:      		round 40: 0.729295515184161
[92mINFO [0m:      		round 41: 0.7874413049673732
[92mINFO [0m:      		round 42: 2.2982767262036288
[92mINFO [0m:      		round 43: 0.8001889752436288
[92mINFO [0m:      		round 44: 1.4272542482689967
[92mINFO [0m:      		round 45: 1.035113967672179
[92mINFO [0m:      		round 46: 0.7723330904411364
[92mINFO [0m:      		round 47: 0.7513134845449955
[92mINFO [0m:      		round 48: 0.7345928572401216
[92mINFO [0m:      		round 49: 0.7342047932781751
[92mINFO [0m:      		round 50: 0.7638269870341579
[92mINFO [0m:      		round 51: 0.5356286726420438
[92mINFO [0m:      		round 52: 0.6138161032260219
[92mINFO [0m:      		round 53: 0.6388900249819213
[92mINFO [0m:      		round 54: 0.6388900249819213
[92mINFO [0m:      		round 55: 0.6683303611942485
[92mINFO [0m:      		round 56: 0.585956419193292
[92mINFO [0m:      		round 57: 0.6209498572198651
[92mINFO [0m:      		round 58: 0.6209498572198651
[92mINFO [0m:      		round 59: 0.5859657948530173
[92mINFO [0m:      		round 60: 0.5859657948530173
[92mINFO [0m:      	History (metrics, distributed, fit):
[92mINFO [0m:      	{'accuracy': [(1, 0.2057),
[92mINFO [0m:      	              (2, 0.2795),
[92mINFO [0m:      	              (3, 0.3526),
[92mINFO [0m:      	              (4, 0.3564),
[92mINFO [0m:      	              (5, 0.3912),
[92mINFO [0m:      	              (6, 0.4621),
[92mINFO [0m:      	              (7, 0.4977),
[92mINFO [0m:      	              (8, 0.5452),
[92mINFO [0m:      	              (9, 0.4859),
[92mINFO [0m:      	              (10, 0.5511),
[92mINFO [0m:      	              (11, 0.5761),
[92mINFO [0m:      	              (12, 0.4421),
[92mINFO [0m:      	              (13, 0.5871),
[92mINFO [0m:      	              (14, 0.6257),
[92mINFO [0m:      	              (15, 0.6029),
[92mINFO [0m:      	              (16, 0.628),
[92mINFO [0m:      	              (17, 0.5892),
[92mINFO [0m:      	              (18, 0.6405),
[92mINFO [0m:      	              (19, 0.6572),
[92mINFO [0m:      	              (20, 0.6525),
[92mINFO [0m:      	              (21, 0.6097),
[92mINFO [0m:      	              (22, 0.5933),
[92mINFO [0m:      	              (23, 0.6981),
[92mINFO [0m:      	              (24, 0.6848),
[92mINFO [0m:      	              (25, 0.6943),
[92mINFO [0m:      	              (26, 0.6863),
[92mINFO [0m:      	              (27, 0.615),
[92mINFO [0m:      	              (28, 0.727),
[92mINFO [0m:      	              (29, 0.7265),
[92mINFO [0m:      	              (30, 0.7357),
[92mINFO [0m:      	              (31, 0.7463),
[92mINFO [0m:      	              (32, 0.6744),
[92mINFO [0m:      	              (33, 0.7287),
[92mINFO [0m:      	              (34, 0.6611),
[92mINFO [0m:      	              (35, 0.7485),
[92mINFO [0m:      	              (36, 0.7137),
[92mINFO [0m:      	              (37, 0.7417),
[92mINFO [0m:      	              (38, 0.7485),
[92mINFO [0m:      	              (39, 0.7695),
[92mINFO [0m:      	              (40, 0.7539),
[92mINFO [0m:      	              (41, 0.7279),
[92mINFO [0m:      	              (42, 0.4436),
[92mINFO [0m:      	              (43, 0.7199),
[92mINFO [0m:      	              (44, 0.6147),
[92mINFO [0m:      	              (45, 0.7315),
[92mINFO [0m:      	              (46, 0.7443),
[92mINFO [0m:      	              (47, 0.7481),
[92mINFO [0m:      	              (48, 0.7489),
[92mINFO [0m:      	              (49, 0.7514),
[92mINFO [0m:      	              (50, 0.7393),
[92mINFO [0m:      	              (51, 0.8163),
[92mINFO [0m:      	              (52, 0.784),
[92mINFO [0m:      	              (53, 0.7877),
[92mINFO [0m:      	              (54, 0.7877),
[92mINFO [0m:      	              (55, 0.7843),
[92mINFO [0m:      	              (56, 0.8037),
[92mINFO [0m:      	              (57, 0.7903),
[92mINFO [0m:      	              (58, 0.7903),
[92mINFO [0m:      	              (59, 0.8014),
[92mINFO [0m:      	              (60, 0.8014)],
[92mINFO [0m:      	 'avg_per': [(1, 0.07878139069672774),
[92mINFO [0m:      	             (2, 0.11834958166760652),
[92mINFO [0m:      	             (3, 0.0711064282374931),
[92mINFO [0m:      	             (4, 0.06498855496988154),
[92mINFO [0m:      	             (5, 0.06258095369935063),
[92mINFO [0m:      	             (6, 0.06658458022060036),
[92mINFO [0m:      	             (7, 0.13755642240116792),
[92mINFO [0m:      	             (8, 0.06330340509180885),
[92mINFO [0m:      	             (9, 0.09052042633190589),
[92mINFO [0m:      	             (10, 0.06444329224853583),
[92mINFO [0m:      	             (11, 0.06784835956499313),
[92mINFO [0m:      	             (12, 0.09226280367173187),
[92mINFO [0m:      	             (13, 0.0914602277484506),
[92mINFO [0m:      	             (14, 0.09089331575586222),
[92mINFO [0m:      	             (15, 0.0882520897801536),
[92mINFO [0m:      	             (16, 0.059080418279212635),
[92mINFO [0m:      	             (17, 0.06620629122568264),
[92mINFO [0m:      	             (18, 0.058716233091656286),
[92mINFO [0m:      	             (19, 0.11815208372790391),
[92mINFO [0m:      	             (20, 0.08134808820748282),
[92mINFO [0m:      	             (21, 0.06614521478667752),
[92mINFO [0m:      	             (22, 0.10694148168375821),
[92mINFO [0m:      	             (23, 0.06757680931899215),
[92mINFO [0m:      	             (24, 0.1028324846269016),
[92mINFO [0m:      	             (25, 0.0818049280180948),
[92mINFO [0m:      	             (26, 0.055292784922609875),
[92mINFO [0m:      	             (27, 0.13056286621090135),
[92mINFO [0m:      	             (28, 0.07148439727573645),
[92mINFO [0m:      	             (29, 0.09318217418437143),
[92mINFO [0m:      	             (30, 0.11726854177218693),
[92mINFO [0m:      	             (31, 0.08443715802250287),
[92mINFO [0m:      	             (32, 0.0783577459368481),
[92mINFO [0m:      	             (33, 0.060098063570694624),
[92mINFO [0m:      	             (34, 0.08445571636772255),
[92mINFO [0m:      	             (35, 0.07476632630235056),
[92mINFO [0m:      	             (36, 0.05472574313888897),
[92mINFO [0m:      	             (37, 0.09721056622073448),
[92mINFO [0m:      	             (38, 0.07675059596701721),
[92mINFO [0m:      	             (39, 0.09078592977047889),
[92mINFO [0m:      	             (40, 0.07873180616810989),
[92mINFO [0m:      	             (41, 0.636675351206226),
[92mINFO [0m:      	             (42, 0.7279956876576199),
[92mINFO [0m:      	             (43, 0.6781211368143701),
[92mINFO [0m:      	             (44, 0.6907785592599612),
[92mINFO [0m:      	             (45, 0.7556013884426827),
[92mINFO [0m:      	             (46, 0.6480417349811021),
[92mINFO [0m:      	             (47, 0.6398282593608414),
[92mINFO [0m:      	             (48, 0.6825582372333843),
[92mINFO [0m:      	             (49, 0.673074401107117),
[92mINFO [0m:      	             (50, 0.68642665255523),
[92mINFO [0m:      	             (51, 0.7199325137454788),
[92mINFO [0m:      	             (52, 0.6613076777995524),
[92mINFO [0m:      	             (53, 0.7523661893339096),
[92mINFO [0m:      	             (54, 0.7382666969123112),
[92mINFO [0m:      	             (55, 0.7083797341096232),
[92mINFO [0m:      	             (56, 0.6957358897666083),
[92mINFO [0m:      	             (57, 0.6870820884980005),
[92mINFO [0m:      	             (58, 0.7198509741890854),
[92mINFO [0m:      	             (59, 0.671478371918811),
[92mINFO [0m:      	             (60, 0.7296197989672788)],
[92mINFO [0m:      	 'bw_factor': [(1, 1.0),
[92mINFO [0m:      	               (2, 0.8),
[92mINFO [0m:      	               (3, 0.8539916045494891),
[92mINFO [0m:      	               (4, 0.8373528341699441),
[92mINFO [0m:      	               (5, 0.8500869322189624),
[92mINFO [0m:      	               (6, 0.8554673152317944),
[92mINFO [0m:      	               (7, 0.828522566538665),
[92mINFO [0m:      	               (8, 0.8549662755011063),
[92mINFO [0m:      	               (9, 0.8346914539765202),
[92mINFO [0m:      	               (10, 0.8501941572541521),
[92mINFO [0m:      	               (11, 0.8517867045551247),
[92mINFO [0m:      	               (12, 0.8243745491612641),
[92mINFO [0m:      	               (13, 0.8497608981916385),
[92mINFO [0m:      	               (14, 0.8362823218508231),
[92mINFO [0m:      	               (15, 0.854564528777727),
[92mINFO [0m:      	               (16, 0.8569624621045463),
[92mINFO [0m:      	               (17, 0.8303635814618724),
[92mINFO [0m:      	               (18, 0.8540182914647862),
[92mINFO [0m:      	               (19, 0.8329419906115522),
[92mINFO [0m:      	               (20, 0.8464771945657199),
[92mINFO [0m:      	               (21, 0.8503478844331316),
[92mINFO [0m:      	               (22, 0.8267626013621148),
[92mINFO [0m:      	               (23, 0.8435465828817363),
[92mINFO [0m:      	               (24, 0.8285389972520589),
[92mINFO [0m:      	               (25, 0.8477788404379144),
[92mINFO [0m:      	               (26, 0.8497718398301836),
[92mINFO [0m:      	               (27, 0.8265872695194743),
[92mINFO [0m:      	               (28, 0.8440352179839186),
[92mINFO [0m:      	               (29, 0.8265719513432206),
[92mINFO [0m:      	               (30, 0.8411305131173841),
[92mINFO [0m:      	               (31, 0.842554012744061),
[92mINFO [0m:      	               (32, 0.8212921698992736),
[92mINFO [0m:      	               (33, 0.8408217413562538),
[92mINFO [0m:      	               (34, 0.8251778052406278),
[92mINFO [0m:      	               (35, 0.844585226114997),
[92mINFO [0m:      	               (36, 0.8462893289786121),
[92mINFO [0m:      	               (37, 0.8231434572990494),
[92mINFO [0m:      	               (38, 0.8423011723263549),
[92mINFO [0m:      	               (39, 0.8264749365557187),
[92mINFO [0m:      	               (40, 0.8432188516449187),
[92mINFO [0m:      	               (41, 0.8448125579504292),
[92mINFO [0m:      	               (42, 0.832301461052867),
[92mINFO [0m:      	               (43, 0.8263677854168707),
[92mINFO [0m:      	               (44, 0.8102352997827671),
[92mINFO [0m:      	               (45, 0.8258612279204622),
[92mINFO [0m:      	               (46, 0.8353007851473885),
[92mINFO [0m:      	               (47, 0.8397708694341594),
[92mINFO [0m:      	               (48, 0.8416914988407138),
[92mINFO [0m:      	               (49, 0.8269871564188143),
[92mINFO [0m:      	               (50, 0.8111506498060765),
[92mINFO [0m:      	               (51, 0.8216908037412658),
[92mINFO [0m:      	               (52, 0.8297728329254033),
[92mINFO [0m:      	               (53, 0.8334026880878858),
[92mINFO [0m:      	               (54, 0.8287992814196097),
[92mINFO [0m:      	               (55, 0.8232207660111364),
[92mINFO [0m:      	               (56, 0.8171176320292114),
[92mINFO [0m:      	               (57, 0.8278586629203549),
[92mINFO [0m:      	               (58, 0.8311742085527253),
[92mINFO [0m:      	               (59, 0.834554909802057),
[92mINFO [0m:      	               (60, 0.8432093689332745)],
[92mINFO [0m:      	 'energy': [(1, 143.41878737439905),
[92mINFO [0m:      	            (2, 65.98468284554097),
[92mINFO [0m:      	            (3, 145.44862206052136),
[92mINFO [0m:      	            (4, 81.24089047188805),
[92mINFO [0m:      	            (5, 127.76740146691392),
[92mINFO [0m:      	            (6, 144.36621422919515),
[92mINFO [0m:      	            (7, 65.38488866131038),
[92mINFO [0m:      	            (8, 146.3545053671442),
[92mINFO [0m:      	            (9, 82.38959206588544),
[92mINFO [0m:      	            (10, 139.7046847790427),
[92mINFO [0m:      	            (11, 145.62273753562584),
[92mINFO [0m:      	            (12, 69.84757142399015),
[92mINFO [0m:      	            (13, 156.16525043394466),
[92mINFO [0m:      	            (14, 82.60377631453974),
[92mINFO [0m:      	            (15, 138.13326036549321),
[92mINFO [0m:      	            (16, 152.9239885605056),
[92mINFO [0m:      	            (17, 72.82107728110348),
[92mINFO [0m:      	            (18, 155.4264967036986),
[92mINFO [0m:      	            (19, 96.0586737101663),
[92mINFO [0m:      	            (20, 140.89183324213982),
[92mINFO [0m:      	            (21, 146.13663571096714),
[92mINFO [0m:      	            (22, 74.18437779968055),
[92mINFO [0m:      	            (23, 148.69498793056468),
[92mINFO [0m:      	            (24, 83.67446823600524),
[92mINFO [0m:      	            (25, 140.20965529938556),
[92mINFO [0m:      	            (26, 143.13296585020532),
[92mINFO [0m:      	            (27, 79.45694697725389),
[92mINFO [0m:      	            (28, 146.96804011529576),
[92mINFO [0m:      	            (29, 97.41678948246023),
[92mINFO [0m:      	            (30, 138.94878684545375),
[92mINFO [0m:      	            (31, 141.9531744200109),
[92mINFO [0m:      	            (32, 73.59843151466168),
[92mINFO [0m:      	            (33, 141.83091732319946),
[92mINFO [0m:      	            (34, 83.84988683701592),
[92mINFO [0m:      	            (35, 136.7392737916826),
[92mINFO [0m:      	            (36, 142.84642724587744),
[92mINFO [0m:      	            (37, 87.09869440629402),
[92mINFO [0m:      	            (38, 148.42509901209436),
[92mINFO [0m:      	            (39, 87.03492869239011),
[92mINFO [0m:      	            (40, 138.11550692204557),
[92mINFO [0m:      	            (41, 124.23791032170598),
[92mINFO [0m:      	            (42, 141.30149941673),
[92mINFO [0m:      	            (43, 132.62581688074403),
[92mINFO [0m:      	            (44, 93.95616540935782),
[92mINFO [0m:      	            (45, 160.3687881297017),
[92mINFO [0m:      	            (46, 126.9642594185887),
[92mINFO [0m:      	            (47, 126.46563667323588),
[92mINFO [0m:      	            (48, 141.11851689824164),
[92mINFO [0m:      	            (49, 138.4543913411969),
[92mINFO [0m:      	            (50, 97.21604159432698),
[92mINFO [0m:      	            (51, 103.65515723336036),
[92mINFO [0m:      	            (52, 121.9969982285419),
[92mINFO [0m:      	            (53, 133.19566122954802),
[92mINFO [0m:      	            (54, 141.52468247401293),
[92mINFO [0m:      	            (55, 149.2738833564859),
[92mINFO [0m:      	            (56, 89.92989038108246),
[92mINFO [0m:      	            (57, 160.20446890123083),
[92mINFO [0m:      	            (58, 130.6926135107545),
[92mINFO [0m:      	            (59, 121.54422278160405),
[92mINFO [0m:      	            (60, 152.9855951693938)],
[92mINFO [0m:      	 'est_upload_time': [(1, 5.874787374399044),
[92mINFO [0m:      	                     (2, 3.5286828455409758),
[92mINFO [0m:      	                     (3, 7.904622060521361),
[92mINFO [0m:      	                     (4, 2.812890471888046),
[92mINFO [0m:      	                     (5, 5.595401466913915),
[92mINFO [0m:      	                     (6, 6.822214229195149),
[92mINFO [0m:      	                     (7, 2.928888661310392),
[92mINFO [0m:      	                     (8, 8.81050536714422),
[92mINFO [0m:      	                     (9, 3.961592065885438),
[92mINFO [0m:      	                     (10, 7.840684779042718),
[92mINFO [0m:      	                     (11, 8.07873753562585),
[92mINFO [0m:      	                     (12, 6.2555714239901485),
[92mINFO [0m:      	                     (13, 18.62125043394466),
[92mINFO [0m:      	                     (14, 4.175776314539747),
[92mINFO [0m:      	                     (15, 6.269260365493215),
[92mINFO [0m:      	                     (16, 15.379988560505591),
[92mINFO [0m:      	                     (17, 3.4850772811034907),
[92mINFO [0m:      	                     (18, 17.88249670369859),
[92mINFO [0m:      	                     (19, 3.3906737101662916),
[92mINFO [0m:      	                     (20, 9.027833242139831),
[92mINFO [0m:      	                     (21, 8.592635710967155),
[92mINFO [0m:      	                     (22, 4.84837779968055),
[92mINFO [0m:      	                     (23, 11.15098793056467),
[92mINFO [0m:      	                     (24, 5.246468236005244),
[92mINFO [0m:      	                     (25, 8.345655299385564),
[92mINFO [0m:      	                     (26, 5.588965850205314),
[92mINFO [0m:      	                     (27, 10.1209469772539),
[92mINFO [0m:      	                     (28, 9.424040115295766),
[92mINFO [0m:      	                     (29, 4.748789482460215),
[92mINFO [0m:      	                     (30, 7.084786845453753),
[92mINFO [0m:      	                     (31, 4.409174420010913),
[92mINFO [0m:      	                     (32, 4.262431514661699),
[92mINFO [0m:      	                     (33, 4.2869173231994475),
[92mINFO [0m:      	                     (34, 5.421886837015911),
[92mINFO [0m:      	                     (35, 4.875273791682585),
[92mINFO [0m:      	                     (36, 5.302427245877439),
[92mINFO [0m:      	                     (37, 3.522694406294021),
[92mINFO [0m:      	                     (38, 10.881099012094367),
[92mINFO [0m:      	                     (39, 8.606928692390095),
[92mINFO [0m:      	                     (40, 6.251506922045564),
[92mINFO [0m:      	                     (41, 7.813910321705987),
[92mINFO [0m:      	                     (42, 25.013499416730014),
[92mINFO [0m:      	                     (43, 25.29381688074402),
[92mINFO [0m:      	                     (44, 14.392165409357832),
[92mINFO [0m:      	                     (45, 28.504788129701673),
[92mINFO [0m:      	                     (46, 10.5402594185887),
[92mINFO [0m:      	                     (47, 10.177636673235876),
[92mINFO [0m:      	                     (48, 33.78651689824165),
[92mINFO [0m:      	                     (49, 13.102391341196874),
[92mINFO [0m:      	                     (50, 10.420041594326985),
[92mINFO [0m:      	                     (51, 4.691157233360347),
[92mINFO [0m:      	                     (52, 7.0569982285418895),
[92mINFO [0m:      	                     (53, 9.675661229548021),
[92mINFO [0m:      	                     (54, 16.172682474012923),
[92mINFO [0m:      	                     (55, 10.381883356485888),
[92mINFO [0m:      	                     (56, 6.337890381082461),
[92mINFO [0m:      	                     (57, 59.38446890123081),
[92mINFO [0m:      	                     (58, 15.152613510754486),
[92mINFO [0m:      	                     (59, 19.744222781604055),
[92mINFO [0m:      	                     (60, 14.093595169393819)],
[92mINFO [0m:      	 'jain': [(1, 0.49999999999999),
[92mINFO [0m:      	          (2, 0.99999999999999),
[92mINFO [0m:      	          (3, 0.8999999999999965),
[92mINFO [0m:      	          (4, 0.9523809523809501),
[92mINFO [0m:      	          (5, 0.9523809523809501),
[92mINFO [0m:      	          (6, 0.7692307692307677),
[92mINFO [0m:      	          (7, 0.9523809523809501),
[92mINFO [0m:      	          (8, 0.8333333333333316),
[92mINFO [0m:      	          (9, 0.9523809523809501),
[92mINFO [0m:      	          (10, 0.909090909090907),
[92mINFO [0m:      	          (11, 0.7999999999999984),
[92mINFO [0m:      	          (12, 0.909090909090907),
[92mINFO [0m:      	          (13, 0.7999999999999984),
[92mINFO [0m:      	          (14, 0.909090909090907),
[92mINFO [0m:      	          (15, 0.909090909090907),
[92mINFO [0m:      	          (16, 0.7999999999999984),
[92mINFO [0m:      	          (17, 0.8695652173913024),
[92mINFO [0m:      	          (18, 0.7999999999999984),
[92mINFO [0m:      	          (19, 0.909090909090907),
[92mINFO [0m:      	          (20, 0.909090909090907),
[92mINFO [0m:      	          (21, 0.7999999999999984),
[92mINFO [0m:      	          (22, 0.909090909090907),
[92mINFO [0m:      	          (23, 0.7999999999999984),
[92mINFO [0m:      	          (24, 0.8695652173913024),
[92mINFO [0m:      	          (25, 0.8695652173913024),
[92mINFO [0m:      	          (26, 0.7999999999999984),
[92mINFO [0m:      	          (27, 0.8695652173913024),
[92mINFO [0m:      	          (28, 0.7999999999999984),
[92mINFO [0m:      	          (29, 0.909090909090907),
[92mINFO [0m:      	          (30, 0.909090909090907),
[92mINFO [0m:      	          (31, 0.7999999999999984),
[92mINFO [0m:      	          (32, 0.909090909090907),
[92mINFO [0m:      	          (33, 0.7999999999999984),
[92mINFO [0m:      	          (34, 0.8695652173913024),
[92mINFO [0m:      	          (35, 0.8695652173913024),
[92mINFO [0m:      	          (36, 0.7999999999999984),
[92mINFO [0m:      	          (37, 0.909090909090907),
[92mINFO [0m:      	          (38, 0.7999999999999984),
[92mINFO [0m:      	          (39, 0.909090909090907),
[92mINFO [0m:      	          (40, 0.909090909090907),
[92mINFO [0m:      	          (41, 0.7999999999999984),
[92mINFO [0m:      	          (42, 0.7999999999999984),
[92mINFO [0m:      	          (43, 0.7407407407407394),
[92mINFO [0m:      	          (44, 0.7692307692307677),
[92mINFO [0m:      	          (45, 0.7692307692307677),
[92mINFO [0m:      	          (46, 0.7692307692307677),
[92mINFO [0m:      	          (47, 0.7692307692307677),
[92mINFO [0m:      	          (48, 0.7407407407407394),
[92mINFO [0m:      	          (49, 0.7692307692307677),
[92mINFO [0m:      	          (50, 0.7692307692307677),
[92mINFO [0m:      	          (51, 0.8333333333333316),
[92mINFO [0m:      	          (52, 0.8333333333333316),
[92mINFO [0m:      	          (53, 0.8333333333333316),
[92mINFO [0m:      	          (54, 0.7999999999999984),
[92mINFO [0m:      	          (55, 0.6896551724137919),
[92mINFO [0m:      	          (56, 0.7999999999999984),
[92mINFO [0m:      	          (57, 0.8333333333333316),
[92mINFO [0m:      	          (58, 0.8333333333333316),
[92mINFO [0m:      	          (59, 0.7999999999999984),
[92mINFO [0m:      	          (60, 0.7692307692307677)],
[92mINFO [0m:      	 'loss': [(1, 2.1688573601879653),
[92mINFO [0m:      	          (2, 1.970972187911408),
[92mINFO [0m:      	          (3, 1.642109825641294),
[92mINFO [0m:      	          (4, 1.9657798764071888),
[92mINFO [0m:      	          (5, 1.5627777078483678),
[92mINFO [0m:      	          (6, 1.457826018333435),
[92mINFO [0m:      	          (7, 1.4372051214870019),
[92mINFO [0m:      	          (8, 1.2096388083470018),
[92mINFO [0m:      	          (9, 1.5596037846577318),
[92mINFO [0m:      	          (10, 1.2768625337866288),
[92mINFO [0m:      	          (11, 1.1746839232082609),
[92mINFO [0m:      	          (12, 1.7371239345284957),
[92mINFO [0m:      	          (13, 1.1706609273258644),
[92mINFO [0m:      	          (14, 1.0511855588683598),
[92mINFO [0m:      	          (15, 1.1652567507345466),
[92mINFO [0m:      	          (16, 1.0234386407876317),
[92mINFO [0m:      	          (17, 1.1866430610041074),
[92mINFO [0m:      	          (18, 1.0202422504183613),
[92mINFO [0m:      	          (19, 1.0730584535417678),
[92mINFO [0m:      	          (20, 0.9861100776286065),
[92mINFO [0m:      	          (21, 1.0911185288731056),
[92mINFO [0m:      	          (22, 1.223482050473177),
[92mINFO [0m:      	          (23, 0.8589741866799849),
[92mINFO [0m:      	          (24, 0.8836465764649307),
[92mINFO [0m:      	          (25, 0.8739377018771594),
[92mINFO [0m:      	          (26, 0.8930381196963636),
[92mINFO [0m:      	          (27, 1.1254513452324686),
[92mINFO [0m:      	          (28, 0.7625332240816913),
[92mINFO [0m:      	          (29, 0.7771407856216913),
[92mINFO [0m:      	          (30, 0.7877432236188575),
[92mINFO [0m:      	          (31, 0.7118366296532788),
[92mINFO [0m:      	          (32, 0.9910059586355958),
[92mINFO [0m:      	          (33, 0.7724701524535312),
[92mINFO [0m:      	          (34, 1.07995059897628),
[92mINFO [0m:      	          (35, 0.7335283039491388),
[92mINFO [0m:      	          (36, 0.8145201515547836),
[92mINFO [0m:      	          (37, 0.7585534076147442),
[92mINFO [0m:      	          (38, 0.7241539653343491),
[92mINFO [0m:      	          (39, 0.6585893778106834),
[92mINFO [0m:      	          (40, 0.729295515184161),
[92mINFO [0m:      	          (41, 0.7874413049673732),
[92mINFO [0m:      	          (42, 2.2982767262036288),
[92mINFO [0m:      	          (43, 0.8001889752436288),
[92mINFO [0m:      	          (44, 1.4272542482689967),
[92mINFO [0m:      	          (45, 1.035113967672179),
[92mINFO [0m:      	          (46, 0.7723330904411364),
[92mINFO [0m:      	          (47, 0.7513134845449955),
[92mINFO [0m:      	          (48, 0.7345928572401216),
[92mINFO [0m:      	          (49, 0.7342047932781751),
[92mINFO [0m:      	          (50, 0.7638269870341579),
[92mINFO [0m:      	          (51, 0.5356286726420438),
[92mINFO [0m:      	          (52, 0.6138161032260219),
[92mINFO [0m:      	          (53, 0.6388900249819213),
[92mINFO [0m:      	          (54, 0.6388900249819213),
[92mINFO [0m:      	          (55, 0.6683303611942485),
[92mINFO [0m:      	          (56, 0.585956419193292),
[92mINFO [0m:      	          (57, 0.6209498572198651),
[92mINFO [0m:      	          (58, 0.6209498572198651),
[92mINFO [0m:      	          (59, 0.5859657948530173),
[92mINFO [0m:      	          (60, 0.5859657948530173)],
[92mINFO [0m:      	 'mode': [(1, 'semi_sync'),
[92mINFO [0m:      	          (2, 'semi_sync'),
[92mINFO [0m:      	          (3, 'semi_sync'),
[92mINFO [0m:      	          (4, 'semi_sync'),
[92mINFO [0m:      	          (5, 'semi_sync'),
[92mINFO [0m:      	          (6, 'semi_sync'),
[92mINFO [0m:      	          (7, 'semi_sync'),
[92mINFO [0m:      	          (8, 'semi_sync'),
[92mINFO [0m:      	          (9, 'semi_sync'),
[92mINFO [0m:      	          (10, 'semi_sync'),
[92mINFO [0m:      	          (11, 'semi_sync'),
[92mINFO [0m:      	          (12, 'semi_sync'),
[92mINFO [0m:      	          (13, 'semi_sync'),
[92mINFO [0m:      	          (14, 'semi_sync'),
[92mINFO [0m:      	          (15, 'semi_sync'),
[92mINFO [0m:      	          (16, 'semi_sync'),
[92mINFO [0m:      	          (17, 'semi_sync'),
[92mINFO [0m:      	          (18, 'semi_sync'),
[92mINFO [0m:      	          (19, 'semi_sync'),
[92mINFO [0m:      	          (20, 'semi_sync'),
[92mINFO [0m:      	          (21, 'semi_sync'),
[92mINFO [0m:      	          (22, 'semi_sync'),
[92mINFO [0m:      	          (23, 'semi_sync'),
[92mINFO [0m:      	          (24, 'semi_sync'),
[92mINFO [0m:      	          (25, 'semi_sync'),
[92mINFO [0m:      	          (26, 'semi_sync'),
[92mINFO [0m:      	          (27, 'semi_sync'),
[92mINFO [0m:      	          (28, 'semi_sync'),
[92mINFO [0m:      	          (29, 'semi_sync'),
[92mINFO [0m:      	          (30, 'semi_sync'),
[92mINFO [0m:      	          (31, 'semi_sync'),
[92mINFO [0m:      	          (32, 'semi_sync'),
[92mINFO [0m:      	          (33, 'semi_sync'),
[92mINFO [0m:      	          (34, 'semi_sync'),
[92mINFO [0m:      	          (35, 'semi_sync'),
[92mINFO [0m:      	          (36, 'semi_sync'),
[92mINFO [0m:      	          (37, 'semi_sync'),
[92mINFO [0m:      	          (38, 'semi_sync'),
[92mINFO [0m:      	          (39, 'semi_sync'),
[92mINFO [0m:      	          (40, 'semi_sync'),
[92mINFO [0m:      	          (41, 'semi_sync'),
[92mINFO [0m:      	          (42, 'semi_sync'),
[92mINFO [0m:      	          (43, 'semi_sync'),
[92mINFO [0m:      	          (44, 'semi_sync'),
[92mINFO [0m:      	          (45, 'semi_sync'),
[92mINFO [0m:      	          (46, 'bridge'),
[92mINFO [0m:      	          (47, 'bridge'),
[92mINFO [0m:      	          (48, 'bridge'),
[92mINFO [0m:      	          (49, 'bridge'),
[92mINFO [0m:      	          (50, 'bridge'),
[92mINFO [0m:      	          (51, 'async'),
[92mINFO [0m:      	          (52, 'async'),
[92mINFO [0m:      	          (53, 'async'),
[92mINFO [0m:      	          (54, 'async'),
[92mINFO [0m:      	          (55, 'async'),
[92mINFO [0m:      	          (56, 'async'),
[92mINFO [0m:      	          (57, 'async'),
[92mINFO [0m:      	          (58, 'async'),
[92mINFO [0m:      	          (59, 'async'),
[92mINFO [0m:      	          (60, 'async')],
[92mINFO [0m:      	 'num_exhausted_clients': [(1, 0.0),
[92mINFO [0m:      	                           (2, 0.0),
[92mINFO [0m:      	                           (3, 0.0),
[92mINFO [0m:      	                           (4, 0.0),
[92mINFO [0m:      	                           (5, 0.0),
[92mINFO [0m:      	                           (6, 0.0),
[92mINFO [0m:      	                           (7, 0.0),
[92mINFO [0m:      	                           (8, 0.0),
[92mINFO [0m:      	                           (9, 0.0),
[92mINFO [0m:      	                           (10, 0.0),
[92mINFO [0m:      	                           (11, 0.0),
[92mINFO [0m:      	                           (12, 0.0),
[92mINFO [0m:      	                           (13, 0.0),
[92mINFO [0m:      	                           (14, 0.0),
[92mINFO [0m:      	                           (15, 0.0),
[92mINFO [0m:      	                           (16, 0.0),
[92mINFO [0m:      	                           (17, 0.0),
[92mINFO [0m:      	                           (18, 0.0),
[92mINFO [0m:      	                           (19, 0.0),
[92mINFO [0m:      	                           (20, 0.0),
[92mINFO [0m:      	                           (21, 0.0),
[92mINFO [0m:      	                           (22, 0.0),
[92mINFO [0m:      	                           (23, 0.0),
[92mINFO [0m:      	                           (24, 0.0),
[92mINFO [0m:      	                           (25, 0.0),
[92mINFO [0m:      	                           (26, 0.0),
[92mINFO [0m:      	                           (27, 0.0),
[92mINFO [0m:      	                           (28, 0.0),
[92mINFO [0m:      	                           (29, 0.0),
[92mINFO [0m:      	                           (30, 0.0),
[92mINFO [0m:      	                           (31, 0.0),
[92mINFO [0m:      	                           (32, 0.0),
[92mINFO [0m:      	                           (33, 0.0),
[92mINFO [0m:      	                           (34, 0.0),
[92mINFO [0m:      	                           (35, 0.0),
[92mINFO [0m:      	                           (36, 0.0),
[92mINFO [0m:      	                           (37, 0.0),
[92mINFO [0m:      	                           (38, 0.0),
[92mINFO [0m:      	                           (39, 0.0),
[92mINFO [0m:      	                           (40, 0.0),
[92mINFO [0m:      	                           (41, 0.0),
[92mINFO [0m:      	                           (42, 0.0),
[92mINFO [0m:      	                           (43, 0.0),
[92mINFO [0m:      	                           (44, 0.0),
[92mINFO [0m:      	                           (45, 0.0),
[92mINFO [0m:      	                           (46, 0.0),
[92mINFO [0m:      	                           (47, 0.0),
[92mINFO [0m:      	                           (48, 0.0),
[92mINFO [0m:      	                           (49, 0.0),
[92mINFO [0m:      	                           (50, 0.0),
[92mINFO [0m:      	                           (51, 0.0),
[92mINFO [0m:      	                           (52, 0.0),
[92mINFO [0m:      	                           (53, 0.0),
[92mINFO [0m:      	                           (54, 0.0),
[92mINFO [0m:      	                           (55, 0.0),
[92mINFO [0m:      	                           (56, 0.0),
[92mINFO [0m:      	                           (57, 0.0),
[92mINFO [0m:      	                           (58, 0.0),
[92mINFO [0m:      	                           (59, 0.0),
[92mINFO [0m:      	                           (60, 0.0)],
[92mINFO [0m:      	 'topk': [(1, 5.0),
[92mINFO [0m:      	          (2, 5.0),
[92mINFO [0m:      	          (3, 5.0),
[92mINFO [0m:      	          (4, 5.0),
[92mINFO [0m:      	          (5, 5.0),
[92mINFO [0m:      	          (6, 5.0),
[92mINFO [0m:      	          (7, 5.0),
[92mINFO [0m:      	          (8, 5.0),
[92mINFO [0m:      	          (9, 5.0),
[92mINFO [0m:      	          (10, 5.0),
[92mINFO [0m:      	          (11, 5.0),
[92mINFO [0m:      	          (12, 5.0),
[92mINFO [0m:      	          (13, 5.0),
[92mINFO [0m:      	          (14, 5.0),
[92mINFO [0m:      	          (15, 5.0),
[92mINFO [0m:      	          (16, 5.0),
[92mINFO [0m:      	          (17, 5.0),
[92mINFO [0m:      	          (18, 5.0),
[92mINFO [0m:      	          (19, 5.0),
[92mINFO [0m:      	          (20, 5.0),
[92mINFO [0m:      	          (21, 5.0),
[92mINFO [0m:      	          (22, 5.0),
[92mINFO [0m:      	          (23, 5.0),
[92mINFO [0m:      	          (24, 5.0),
[92mINFO [0m:      	          (25, 5.0),
[92mINFO [0m:      	          (26, 5.0),
[92mINFO [0m:      	          (27, 5.0),
[92mINFO [0m:      	          (28, 5.0),
[92mINFO [0m:      	          (29, 5.0),
[92mINFO [0m:      	          (30, 5.0),
[92mINFO [0m:      	          (31, 5.0),
[92mINFO [0m:      	          (32, 5.0),
[92mINFO [0m:      	          (33, 5.0),
[92mINFO [0m:      	          (34, 5.0),
[92mINFO [0m:      	          (35, 5.0),
[92mINFO [0m:      	          (36, 5.0),
[92mINFO [0m:      	          (37, 5.0),
[92mINFO [0m:      	          (38, 5.0),
[92mINFO [0m:      	          (39, 5.0),
[92mINFO [0m:      	          (40, 5.0),
[92mINFO [0m:      	          (41, 5.0),
[92mINFO [0m:      	          (42, 5.0),
[92mINFO [0m:      	          (43, 5.0),
[92mINFO [0m:      	          (44, 5.0),
[92mINFO [0m:      	          (45, 5.0),
[92mINFO [0m:      	          (46, 5.0),
[92mINFO [0m:      	          (47, 5.0),
[92mINFO [0m:      	          (48, 5.0),
[92mINFO [0m:      	          (49, 5.0),
[92mINFO [0m:      	          (50, 5.0),
[92mINFO [0m:      	          (51, 5.0),
[92mINFO [0m:      	          (52, 5.0),
[92mINFO [0m:      	          (53, 5.0),
[92mINFO [0m:      	          (54, 5.0),
[92mINFO [0m:      	          (55, 5.0),
[92mINFO [0m:      	          (56, 5.0),
[92mINFO [0m:      	          (57, 5.0),
[92mINFO [0m:      	          (58, 5.0),
[92mINFO [0m:      	          (59, 5.0),
[92mINFO [0m:      	          (60, 5.0)]}
[92mINFO [0m:      	History (metrics, centralized):
[92mINFO [0m:      	{'accuracy': [(0, 0.1),
[92mINFO [0m:      	              (1, 0.2057),
[92mINFO [0m:      	              (2, 0.2795),
[92mINFO [0m:      	              (3, 0.3526),
[92mINFO [0m:      	              (4, 0.3564),
[92mINFO [0m:      	              (5, 0.3912),
[92mINFO [0m:      	              (6, 0.4621),
[92mINFO [0m:      	              (7, 0.4977),
[92mINFO [0m:      	              (8, 0.5452),
[92mINFO [0m:      	              (9, 0.4859),
[92mINFO [0m:      	              (10, 0.5511),
[92mINFO [0m:      	              (11, 0.5761),
[92mINFO [0m:      	              (12, 0.4421),
[92mINFO [0m:      	              (13, 0.5871),
[92mINFO [0m:      	              (14, 0.6257),
[92mINFO [0m:      	              (15, 0.6029),
[92mINFO [0m:      	              (16, 0.628),
[92mINFO [0m:      	              (17, 0.5892),
[92mINFO [0m:      	              (18, 0.6405),
[92mINFO [0m:      	              (19, 0.6572),
[92mINFO [0m:      	              (20, 0.6525),
[92mINFO [0m:      	              (21, 0.6097),
[92mINFO [0m:      	              (22, 0.5933),
[92mINFO [0m:      	              (23, 0.6981),
[92mINFO [0m:      	              (24, 0.6848),
[92mINFO [0m:      	              (25, 0.6943),
[92mINFO [0m:      	              (26, 0.6863),
[92mINFO [0m:      	              (27, 0.615),
[92mINFO [0m:      	              (28, 0.727),
[92mINFO [0m:      	              (29, 0.7265),
[92mINFO [0m:      	              (30, 0.7357),
[92mINFO [0m:      	              (31, 0.7463),
[92mINFO [0m:      	              (32, 0.6744),
[92mINFO [0m:      	              (33, 0.7287),
[92mINFO [0m:      	              (34, 0.6611),
[92mINFO [0m:      	              (35, 0.7485),
[92mINFO [0m:      	              (36, 0.7137),
[92mINFO [0m:      	              (37, 0.7417),
[92mINFO [0m:      	              (38, 0.7485),
[92mINFO [0m:      	              (39, 0.7695),
[92mINFO [0m:      	              (40, 0.7539),
[92mINFO [0m:      	              (41, 0.7279),
[92mINFO [0m:      	              (42, 0.4436),
[92mINFO [0m:      	              (43, 0.7199),
[92mINFO [0m:      	              (44, 0.6147),
[92mINFO [0m:      	              (45, 0.7315),
[92mINFO [0m:      	              (46, 0.7443),
[92mINFO [0m:      	              (47, 0.7481),
[92mINFO [0m:      	              (48, 0.7489),
[92mINFO [0m:      	              (49, 0.7514),
[92mINFO [0m:      	              (50, 0.7393),
[92mINFO [0m:      	              (51, 0.8163),
[92mINFO [0m:      	              (52, 0.784),
[92mINFO [0m:      	              (53, 0.7877),
[92mINFO [0m:      	              (54, 0.7877),
[92mINFO [0m:      	              (55, 0.7843),
[92mINFO [0m:      	              (56, 0.8037),
[92mINFO [0m:      	              (57, 0.7903),
[92mINFO [0m:      	              (58, 0.7903),
[92mINFO [0m:      	              (59, 0.8014),
[92mINFO [0m:      	              (60, 0.8014)]}
[92mINFO [0m:      
[36m(pid=772203)[0m [2026-03-05 13:31:56,182 E 772203 773528] core_worker_process.cc:825: Failed to establish connection to the metrics exporter agent. Metrics will not be exported. Exporter agent status: RpcError: Running out of retries to initialize the metrics agent. rpc_code: 14[32m [repeated 20x across cluster][0m
