/root/miniconda3/envs/moga-fl/lib/python3.10/site-packages/torch/cuda/__init__.py:65: FutureWarning: The pynvml package is deprecated. Please install nvidia-ml-py instead. If you did not install pynvml directly, please report this to the maintainers of the package that installed pynvml for you.
  import pynvml  # type: ignore[import]
[93mWARNING [0m:   DEPRECATED FEATURE: flwr.simulation.start_simulation() is deprecated.
	Instead, use the `flwr run` CLI command to start a local simulation in your Flower app, as shown for example below:

		$ flwr new  # Create a new Flower app from a template

		$ flwr run  # Run the Flower app in Simulation Mode

	Using `start_simulation()` is deprecated.

            This is a deprecated feature. It will be removed
            entirely in future versions of Flower.
        
[92mINFO [0m:      Starting Flower simulation, config: num_rounds=60, no round_timeout
2026-03-03 05:31:46,358	WARNING utils.py:460 -- Detecting docker specified CPUs. In previous versions of Ray, CPU detection in containers was incorrect. Please ensure that Ray has enough CPUs allocated. As a temporary workaround to revert to the prior behavior, set `RAY_USE_MULTIPROCESSING_CPU_COUNT=1` as an env var before starting Ray. Set the env var: `RAY_DISABLE_DOCKER_CPU_WARNING=1` to mute this warning.
2026-03-03 05:31:46,603	INFO worker.py:2012 -- Started a local Ray instance.
/root/miniconda3/envs/moga-fl/lib/python3.10/site-packages/ray/_private/worker.py:2051: FutureWarning: Tip: In future versions of Ray, Ray will no longer override accelerator visible devices env var if num_gpus=0 or num_gpus=None (default). To enable this behavior and turn off this error message, set RAY_ACCEL_ENV_VAR_OVERRIDE_ON_ZERO=0
  warnings.warn(
[92mINFO [0m:      Flower VCE: Ray initialized with resources: {'object_store_memory': 28203663360.0, 'node:172.17.0.5': 1.0, 'memory': 65808547840.0, 'GPU': 1.0, 'node:__internal_head__': 1.0, 'CPU': 25.0, 'accelerator_type:G': 1.0}
[92mINFO [0m:      Optimize your simulation with Flower VCE: https://flower.ai/docs/framework/how-to-run-simulations.html
[92mINFO [0m:      Flower VCE: Resources for each Virtual Client: {'num_cpus': 2.0, 'num_gpus': 0.25}
[92mINFO [0m:      Flower VCE: Creating VirtualClientEngineActorPool with 4 actors
[92mINFO [0m:      [INIT]
[92mINFO [0m:      Using initial global parameters provided by strategy
[92mINFO [0m:      Starting evaluation of initial global parameters
[92mINFO [0m:      initial parameters (loss, other metrics): 3.5699364686314063, {'accuracy': 0.1}
[92mINFO [0m:      
[92mINFO [0m:      [ROUND 1]
[92mINFO [0m:      configure_fit: strategy sampled 5 clients (out of 10)
[36m(ClientAppActor pid=252842)[0m /root/miniconda3/envs/moga-fl/lib/python3.10/site-packages/torch/cuda/__init__.py:65: FutureWarning: The pynvml package is deprecated. Please install nvidia-ml-py instead. If you did not install pynvml directly, please report this to the maintainers of the package that installed pynvml for you.
[36m(ClientAppActor pid=252842)[0m   import pynvml  # type: ignore[import]
[92mINFO [0m:      aggregate_fit: received 5 results and 0 failures
[92mINFO [0m:      fit progress: (1, 2.3591074883183345, {'accuracy': 0.2278}, 20.229322154074907)
[92mINFO [0m:      configure_evaluate: no clients selected, skipping evaluation
[92mINFO [0m:      
[92mINFO [0m:      [ROUND 2]
[92mINFO [0m:      configure_fit: strategy sampled 5 clients (out of 10)
[36m(pid=gcs_server)[0m [2026-03-03 05:32:15,858 E 252327 252327] (gcs_server) gcs_server.cc:302: Failed to establish connection to the event+metrics exporter agent. Events and metrics will not be exported. Exporter agent status: RpcError: Running out of retries to initialize the metrics agent. rpc_code: 14
[36m(ClientAppActor pid=252838)[0m /root/miniconda3/envs/moga-fl/lib/python3.10/site-packages/torch/cuda/__init__.py:65: FutureWarning: The pynvml package is deprecated. Please install nvidia-ml-py instead. If you did not install pynvml directly, please report this to the maintainers of the package that installed pynvml for you.[32m [repeated 3x across cluster] (Ray deduplicates logs by default. Set RAY_DEDUP_LOGS=0 to disable log deduplication, or see https://docs.ray.io/en/master/ray-observability/user-guides/configure-logging.html#log-deduplication for more options.)[0m
[36m(ClientAppActor pid=252838)[0m   import pynvml  # type: ignore[import][32m [repeated 3x across cluster][0m
[33m(raylet)[0m [2026-03-03 05:32:16,542 E 252701 252701] (raylet) main.cc:975: Failed to establish connection to the metrics exporter agent. Metrics will not be exported. Exporter agent status: RpcError: Running out of retries to initialize the metrics agent. rpc_code: 14
[36m(ClientAppActor pid=252838)[0m [2026-03-03 05:32:16,915 E 252838 253170] core_worker_process.cc:825: Failed to establish connection to the metrics exporter agent. Metrics will not be exported. Exporter agent status: RpcError: Running out of retries to initialize the metrics agent. rpc_code: 14
[2026-03-03 05:32:17,211 E 252192 252837] core_worker_process.cc:825: Failed to establish connection to the metrics exporter agent. Metrics will not be exported. Exporter agent status: RpcError: Running out of retries to initialize the metrics agent. rpc_code: 14
[92mINFO [0m:      aggregate_fit: received 5 results and 0 failures
[92mINFO [0m:      fit progress: (2, 2.3591074883183345, {'accuracy': 0.2278}, 32.3325018575415)
[92mINFO [0m:      configure_evaluate: no clients selected, skipping evaluation
[92mINFO [0m:      
[92mINFO [0m:      [ROUND 3]
[92mINFO [0m:      configure_fit: strategy sampled 5 clients (out of 10)
[92mINFO [0m:      aggregate_fit: received 5 results and 0 failures
[92mINFO [0m:      fit progress: (3, 2.084531367579593, {'accuracy': 0.2944}, 45.475981527008116)
[92mINFO [0m:      configure_evaluate: no clients selected, skipping evaluation
[92mINFO [0m:      
[92mINFO [0m:      [ROUND 4]
[92mINFO [0m:      configure_fit: strategy sampled 5 clients (out of 10)
[92mINFO [0m:      aggregate_fit: received 5 results and 0 failures
[92mINFO [0m:      fit progress: (4, 1.979941336414482, {'accuracy': 0.3091}, 59.939069878309965)
[92mINFO [0m:      configure_evaluate: no clients selected, skipping evaluation
[92mINFO [0m:      
[92mINFO [0m:      [ROUND 5]
[92mINFO [0m:      configure_fit: strategy sampled 5 clients (out of 10)
[92mINFO [0m:      aggregate_fit: received 5 results and 0 failures
[92mINFO [0m:      fit progress: (5, 2.157014354874816, {'accuracy': 0.3475}, 75.8834817847237)
[92mINFO [0m:      configure_evaluate: no clients selected, skipping evaluation
[92mINFO [0m:      
[92mINFO [0m:      [ROUND 6]
[92mINFO [0m:      configure_fit: strategy sampled 5 clients (out of 10)
[92mINFO [0m:      aggregate_fit: received 5 results and 0 failures
[92mINFO [0m:      fit progress: (6, 1.9143393507486657, {'accuracy': 0.4109}, 93.26677847187966)
[92mINFO [0m:      configure_evaluate: no clients selected, skipping evaluation
[92mINFO [0m:      
[92mINFO [0m:      [ROUND 7]
[92mINFO [0m:      configure_fit: strategy sampled 5 clients (out of 10)
[92mINFO [0m:      aggregate_fit: received 5 results and 0 failures
[92mINFO [0m:      fit progress: (7, 1.569867197471329, {'accuracy': 0.438}, 106.02011880185455)
[92mINFO [0m:      configure_evaluate: no clients selected, skipping evaluation
[92mINFO [0m:      
[92mINFO [0m:      [ROUND 8]
[92mINFO [0m:      configure_fit: strategy sampled 5 clients (out of 10)
[92mINFO [0m:      aggregate_fit: received 5 results and 0 failures
[92mINFO [0m:      fit progress: (8, 2.033603094801118, {'accuracy': 0.3804}, 119.08550356607884)
[92mINFO [0m:      configure_evaluate: no clients selected, skipping evaluation
[92mINFO [0m:      
[92mINFO [0m:      [ROUND 9]
[92mINFO [0m:      configure_fit: strategy sampled 5 clients (out of 10)
[92mINFO [0m:      aggregate_fit: received 5 results and 0 failures
[92mINFO [0m:      fit progress: (9, 1.4958360195159912, {'accuracy': 0.5}, 136.2032257448882)
[92mINFO [0m:      configure_evaluate: no clients selected, skipping evaluation
[92mINFO [0m:      
[92mINFO [0m:      [ROUND 10]
[92mINFO [0m:      configure_fit: strategy sampled 5 clients (out of 10)
[92mINFO [0m:      aggregate_fit: received 5 results and 0 failures
[92mINFO [0m:      fit progress: (10, 1.4958360195159912, {'accuracy': 0.5}, 152.6079343603924)
[92mINFO [0m:      configure_evaluate: no clients selected, skipping evaluation
[92mINFO [0m:      
[92mINFO [0m:      [ROUND 11]
[92mINFO [0m:      configure_fit: strategy sampled 5 clients (out of 10)
[92mINFO [0m:      aggregate_fit: received 5 results and 0 failures
[92mINFO [0m:      fit progress: (11, 1.84274359141724, {'accuracy': 0.4178}, 169.02444410696626)
[92mINFO [0m:      configure_evaluate: no clients selected, skipping evaluation
[92mINFO [0m:      
[92mINFO [0m:      [ROUND 12]
[92mINFO [0m:      configure_fit: strategy sampled 5 clients (out of 10)
[92mINFO [0m:      aggregate_fit: received 5 results and 0 failures
[92mINFO [0m:      fit progress: (12, 1.84274359141724, {'accuracy': 0.4178}, 187.10471062734723)
[92mINFO [0m:      configure_evaluate: no clients selected, skipping evaluation
[92mINFO [0m:      
[92mINFO [0m:      [ROUND 13]
[92mINFO [0m:      configure_fit: strategy sampled 5 clients (out of 10)
[92mINFO [0m:      aggregate_fit: received 5 results and 0 failures
[92mINFO [0m:      fit progress: (13, 1.3972715380825573, {'accuracy': 0.5216}, 205.00056634284556)
[92mINFO [0m:      configure_evaluate: no clients selected, skipping evaluation
[92mINFO [0m:      
[92mINFO [0m:      [ROUND 14]
[92mINFO [0m:      configure_fit: strategy sampled 5 clients (out of 10)
[92mINFO [0m:      aggregate_fit: received 5 results and 0 failures
[92mINFO [0m:      fit progress: (14, 1.1662292201307756, {'accuracy': 0.5791}, 221.82527329679579)
[92mINFO [0m:      configure_evaluate: no clients selected, skipping evaluation
[92mINFO [0m:      
[92mINFO [0m:      [ROUND 15]
[92mINFO [0m:      configure_fit: strategy sampled 5 clients (out of 10)
[92mINFO [0m:      aggregate_fit: received 5 results and 0 failures
[92mINFO [0m:      fit progress: (15, 1.9712025093126901, {'accuracy': 0.4922}, 236.7393911862746)
[92mINFO [0m:      configure_evaluate: no clients selected, skipping evaluation
[92mINFO [0m:      
[92mINFO [0m:      [ROUND 16]
[92mINFO [0m:      configure_fit: strategy sampled 5 clients (out of 10)
[92mINFO [0m:      aggregate_fit: received 5 results and 0 failures
[92mINFO [0m:      fit progress: (16, 1.673071895973592, {'accuracy': 0.4653}, 250.96125916112214)
[92mINFO [0m:      configure_evaluate: no clients selected, skipping evaluation
[92mINFO [0m:      
[92mINFO [0m:      [ROUND 17]
[92mINFO [0m:      configure_fit: strategy sampled 5 clients (out of 10)
[92mINFO [0m:      aggregate_fit: received 5 results and 0 failures
[92mINFO [0m:      fit progress: (17, 1.5540336989149262, {'accuracy': 0.537}, 264.57127173338085)
[92mINFO [0m:      configure_evaluate: no clients selected, skipping evaluation
[92mINFO [0m:      
[92mINFO [0m:      [ROUND 18]
[92mINFO [0m:      configure_fit: strategy sampled 5 clients (out of 10)
[92mINFO [0m:      aggregate_fit: received 5 results and 0 failures
[92mINFO [0m:      fit progress: (18, 1.5315153493156917, {'accuracy': 0.534}, 279.03597110137343)
[92mINFO [0m:      configure_evaluate: no clients selected, skipping evaluation
[92mINFO [0m:      
[92mINFO [0m:      [ROUND 19]
[92mINFO [0m:      configure_fit: strategy sampled 5 clients (out of 10)
[92mINFO [0m:      aggregate_fit: received 5 results and 0 failures
[92mINFO [0m:      fit progress: (19, 1.64622831797298, {'accuracy': 0.5468}, 295.1226959777996)
[92mINFO [0m:      configure_evaluate: no clients selected, skipping evaluation
[92mINFO [0m:      
[92mINFO [0m:      [ROUND 20]
[92mINFO [0m:      configure_fit: strategy sampled 5 clients (out of 10)
[92mINFO [0m:      aggregate_fit: received 5 results and 0 failures
[92mINFO [0m:      fit progress: (20, 1.1456991788707203, {'accuracy': 0.6059}, 311.8447049772367)
[92mINFO [0m:      configure_evaluate: no clients selected, skipping evaluation
[92mINFO [0m:      
[92mINFO [0m:      [ROUND 21]
[92mINFO [0m:      configure_fit: strategy sampled 5 clients (out of 10)
[92mINFO [0m:      aggregate_fit: received 5 results and 0 failures
[92mINFO [0m:      fit progress: (21, 1.1096772453452968, {'accuracy': 0.6344}, 328.3845806820318)
[92mINFO [0m:      configure_evaluate: no clients selected, skipping evaluation
[92mINFO [0m:      
[92mINFO [0m:      [ROUND 22]
[92mINFO [0m:      configure_fit: strategy sampled 5 clients (out of 10)
[92mINFO [0m:      aggregate_fit: received 5 results and 0 failures
[92mINFO [0m:      fit progress: (22, 0.9020843747295911, {'accuracy': 0.6759}, 343.8432010933757)
[92mINFO [0m:      configure_evaluate: no clients selected, skipping evaluation
[92mINFO [0m:      
[92mINFO [0m:      [ROUND 23]
[92mINFO [0m:      configure_fit: strategy sampled 5 clients (out of 10)
[92mINFO [0m:      aggregate_fit: received 5 results and 0 failures
[92mINFO [0m:      fit progress: (23, 0.916120249259321, {'accuracy': 0.676}, 358.3170957248658)
[92mINFO [0m:      configure_evaluate: no clients selected, skipping evaluation
[92mINFO [0m:      
[92mINFO [0m:      [ROUND 24]
[92mINFO [0m:      configure_fit: strategy sampled 5 clients (out of 10)
[92mINFO [0m:      aggregate_fit: received 5 results and 0 failures
[92mINFO [0m:      fit progress: (24, 1.01067814570439, {'accuracy': 0.6558}, 372.880407480523)
[92mINFO [0m:      configure_evaluate: no clients selected, skipping evaluation
[92mINFO [0m:      
[92mINFO [0m:      [ROUND 25]
[92mINFO [0m:      configure_fit: strategy sampled 5 clients (out of 10)
[92mINFO [0m:      aggregate_fit: received 5 results and 0 failures
[92mINFO [0m:      fit progress: (25, 0.8873595678353612, {'accuracy': 0.6902}, 387.619446775876)
[92mINFO [0m:      configure_evaluate: no clients selected, skipping evaluation
[92mINFO [0m:      
[92mINFO [0m:      [ROUND 26]
[92mINFO [0m:      configure_fit: strategy sampled 5 clients (out of 10)
[92mINFO [0m:      aggregate_fit: received 5 results and 0 failures
[92mINFO [0m:      fit progress: (26, 0.9222220272957524, {'accuracy': 0.7061}, 404.4940708754584)
[92mINFO [0m:      configure_evaluate: no clients selected, skipping evaluation
[92mINFO [0m:      
[92mINFO [0m:      [ROUND 27]
[92mINFO [0m:      configure_fit: strategy sampled 5 clients (out of 10)
[92mINFO [0m:      aggregate_fit: received 5 results and 0 failures
[92mINFO [0m:      fit progress: (27, 0.8512203527402274, {'accuracy': 0.7032}, 419.7949418630451)
[92mINFO [0m:      configure_evaluate: no clients selected, skipping evaluation
[92mINFO [0m:      
[92mINFO [0m:      [ROUND 28]
[92mINFO [0m:      configure_fit: strategy sampled 5 clients (out of 10)
[92mINFO [0m:      aggregate_fit: received 5 results and 0 failures
[92mINFO [0m:      fit progress: (28, 0.8761328043816965, {'accuracy': 0.6989}, 435.59923191554844)
[92mINFO [0m:      configure_evaluate: no clients selected, skipping evaluation
[92mINFO [0m:      
[92mINFO [0m:      [ROUND 29]
[92mINFO [0m:      configure_fit: strategy sampled 5 clients (out of 10)
[92mINFO [0m:      aggregate_fit: received 5 results and 0 failures
[92mINFO [0m:      fit progress: (29, 0.9207574838324438, {'accuracy': 0.6924}, 450.28439467493445)
[92mINFO [0m:      configure_evaluate: no clients selected, skipping evaluation
[92mINFO [0m:      
[92mINFO [0m:      [ROUND 30]
[92mINFO [0m:      configure_fit: strategy sampled 5 clients (out of 10)
[92mINFO [0m:      aggregate_fit: received 5 results and 0 failures
[92mINFO [0m:      fit progress: (30, 0.8862340940704828, {'accuracy': 0.7116}, 465.55395741108805)
[92mINFO [0m:      configure_evaluate: no clients selected, skipping evaluation
[92mINFO [0m:      
[92mINFO [0m:      [ROUND 31]
[92mINFO [0m:      configure_fit: strategy sampled 5 clients (out of 10)
[92mINFO [0m:      aggregate_fit: received 5 results and 0 failures
[92mINFO [0m:      fit progress: (31, 0.7496253199215177, {'accuracy': 0.7402}, 482.21646215580404)
[92mINFO [0m:      configure_evaluate: no clients selected, skipping evaluation
[92mINFO [0m:      
[92mINFO [0m:      [ROUND 32]
[92mINFO [0m:      configure_fit: strategy sampled 5 clients (out of 10)
[92mINFO [0m:      aggregate_fit: received 5 results and 0 failures
[92mINFO [0m:      fit progress: (32, 0.7432710943342764, {'accuracy': 0.7314}, 497.80809385702014)
[92mINFO [0m:      configure_evaluate: no clients selected, skipping evaluation
[92mINFO [0m:      
[92mINFO [0m:      [ROUND 33]
[92mINFO [0m:      configure_fit: strategy sampled 5 clients (out of 10)
[92mINFO [0m:      aggregate_fit: received 5 results and 0 failures
[92mINFO [0m:      fit progress: (33, 0.7762777284730839, {'accuracy': 0.7288}, 510.5811782553792)
[92mINFO [0m:      configure_evaluate: no clients selected, skipping evaluation
[92mINFO [0m:      
[92mINFO [0m:      [ROUND 34]
[92mINFO [0m:      configure_fit: strategy sampled 5 clients (out of 10)
[92mINFO [0m:      aggregate_fit: received 5 results and 0 failures
[92mINFO [0m:      fit progress: (34, 0.8556646780122684, {'accuracy': 0.712}, 525.7610438531265)
[92mINFO [0m:      configure_evaluate: no clients selected, skipping evaluation
[92mINFO [0m:      
[92mINFO [0m:      [ROUND 35]
[92mINFO [0m:      configure_fit: strategy sampled 5 clients (out of 10)
[92mINFO [0m:      aggregate_fit: received 5 results and 0 failures
[92mINFO [0m:      fit progress: (35, 0.8320481045336663, {'accuracy': 0.7235}, 540.7134683774784)
[92mINFO [0m:      configure_evaluate: no clients selected, skipping evaluation
[92mINFO [0m:      
[92mINFO [0m:      [ROUND 36]
[92mINFO [0m:      configure_fit: strategy sampled 5 clients (out of 10)
[92mINFO [0m:      aggregate_fit: received 5 results and 0 failures
[92mINFO [0m:      fit progress: (36, 0.750923752784729, {'accuracy': 0.7402}, 556.3427960090339)
[92mINFO [0m:      configure_evaluate: no clients selected, skipping evaluation
[92mINFO [0m:      
[92mINFO [0m:      [ROUND 37]
[92mINFO [0m:      configure_fit: strategy sampled 5 clients (out of 10)
[92mINFO [0m:      aggregate_fit: received 5 results and 0 failures
[92mINFO [0m:      fit progress: (37, 0.8499530765074718, {'accuracy': 0.7194}, 571.9515696819872)
[92mINFO [0m:      configure_evaluate: no clients selected, skipping evaluation
[92mINFO [0m:      
[92mINFO [0m:      [ROUND 38]
[92mINFO [0m:      configure_fit: strategy sampled 5 clients (out of 10)
[92mINFO [0m:      aggregate_fit: received 5 results and 0 failures
[92mINFO [0m:      fit progress: (38, 0.6811002530629122, {'accuracy': 0.7641}, 586.6662283549085)
[92mINFO [0m:      configure_evaluate: no clients selected, skipping evaluation
[92mINFO [0m:      
[92mINFO [0m:      [ROUND 39]
[92mINFO [0m:      configure_fit: strategy sampled 5 clients (out of 10)
[92mINFO [0m:      aggregate_fit: received 5 results and 0 failures
[92mINFO [0m:      fit progress: (39, 0.705244431390038, {'accuracy': 0.7621}, 601.0543143972754)
[92mINFO [0m:      configure_evaluate: no clients selected, skipping evaluation
[92mINFO [0m:      
[92mINFO [0m:      [ROUND 40]
[92mINFO [0m:      configure_fit: strategy sampled 5 clients (out of 10)
[92mINFO [0m:      aggregate_fit: received 5 results and 0 failures
[92mINFO [0m:      fit progress: (40, 0.7314139823370343, {'accuracy': 0.7584}, 613.3930841973051)
[92mINFO [0m:      configure_evaluate: no clients selected, skipping evaluation
[92mINFO [0m:      
[92mINFO [0m:      [ROUND 41]
[92mINFO [0m:      configure_fit: strategy sampled 5 clients (out of 10)
[92mINFO [0m:      aggregate_fit: received 5 results and 0 failures
[92mINFO [0m:      fit progress: (41, 0.8791423892673058, {'accuracy': 0.7068}, 629.1767832003534)
[92mINFO [0m:      configure_evaluate: no clients selected, skipping evaluation
[92mINFO [0m:      
[92mINFO [0m:      [ROUND 42]
[92mINFO [0m:      configure_fit: strategy sampled 5 clients (out of 10)
[92mINFO [0m:      aggregate_fit: received 5 results and 0 failures
[92mINFO [0m:      fit progress: (42, 1.0523013185851182, {'accuracy': 0.6877}, 643.6313840253279)
[92mINFO [0m:      configure_evaluate: no clients selected, skipping evaluation
[92mINFO [0m:      
[92mINFO [0m:      [ROUND 43]
[92mINFO [0m:      configure_fit: strategy sampled 5 clients (out of 10)
[92mINFO [0m:      aggregate_fit: received 5 results and 0 failures
[92mINFO [0m:      fit progress: (43, 1.7022949215732044, {'accuracy': 0.5745}, 655.7575469547883)
[92mINFO [0m:      configure_evaluate: no clients selected, skipping evaluation
[92mINFO [0m:      
[92mINFO [0m:      [ROUND 44]
[92mINFO [0m:      configure_fit: strategy sampled 5 clients (out of 10)
[92mINFO [0m:      aggregate_fit: received 5 results and 0 failures
[92mINFO [0m:      fit progress: (44, 0.7255443817452539, {'accuracy': 0.7547}, 670.9765626937151)
[92mINFO [0m:      configure_evaluate: no clients selected, skipping evaluation
[92mINFO [0m:      
[92mINFO [0m:      [ROUND 45]
[92mINFO [0m:      configure_fit: strategy sampled 5 clients (out of 10)
[92mINFO [0m:      aggregate_fit: received 5 results and 0 failures
[92mINFO [0m:      fit progress: (45, 3.12215776684918, {'accuracy': 0.3716}, 686.4842212283984)
[92mINFO [0m:      configure_evaluate: no clients selected, skipping evaluation
[92mINFO [0m:      
[92mINFO [0m:      [ROUND 46]
[92mINFO [0m:      configure_fit: strategy sampled 5 clients (out of 10)
[92mINFO [0m:      aggregate_fit: received 5 results and 0 failures
[92mINFO [0m:      fit progress: (46, 1.1476091523713703, {'accuracy': 0.6552}, 700.4780858093873)
[92mINFO [0m:      configure_evaluate: no clients selected, skipping evaluation
[92mINFO [0m:      
[92mINFO [0m:      [ROUND 47]
[92mINFO [0m:      configure_fit: strategy sampled 5 clients (out of 10)
[92mINFO [0m:      aggregate_fit: received 5 results and 0 failures
[92mINFO [0m:      fit progress: (47, 1.0171122641503056, {'accuracy': 0.6875}, 712.177676262334)
[92mINFO [0m:      configure_evaluate: no clients selected, skipping evaluation
[92mINFO [0m:      
[92mINFO [0m:      [ROUND 48]
[92mINFO [0m:      configure_fit: strategy sampled 5 clients (out of 10)
[92mINFO [0m:      aggregate_fit: received 5 results and 0 failures
[92mINFO [0m:      fit progress: (48, 1.0012434517280966, {'accuracy': 0.6883}, 725.7748822784051)
[92mINFO [0m:      configure_evaluate: no clients selected, skipping evaluation
[92mINFO [0m:      
[92mINFO [0m:      [ROUND 49]
[92mINFO [0m:      configure_fit: strategy sampled 5 clients (out of 10)
[92mINFO [0m:      aggregate_fit: received 5 results and 0 failures
[92mINFO [0m:      fit progress: (49, 1.4320301677607283, {'accuracy': 0.5917}, 737.8687510387972)
[92mINFO [0m:      configure_evaluate: no clients selected, skipping evaluation
[92mINFO [0m:      
[92mINFO [0m:      [ROUND 50]
[92mINFO [0m:      configure_fit: strategy sampled 5 clients (out of 10)
[92mINFO [0m:      aggregate_fit: received 5 results and 0 failures
[92mINFO [0m:      fit progress: (50, 1.4320301677607283, {'accuracy': 0.5917}, 749.4392755040899)
[92mINFO [0m:      configure_evaluate: no clients selected, skipping evaluation
[92mINFO [0m:      
[92mINFO [0m:      [ROUND 51]
[92mINFO [0m:      configure_fit: strategy sampled 5 clients (out of 10)
[92mINFO [0m:      aggregate_fit: received 5 results and 0 failures
[92mINFO [0m:      fit progress: (51, 1.3609471607811843, {'accuracy': 0.6234}, 763.1272851107642)
[92mINFO [0m:      configure_evaluate: no clients selected, skipping evaluation
[92mINFO [0m:      
[92mINFO [0m:      [ROUND 52]
[92mINFO [0m:      configure_fit: strategy sampled 5 clients (out of 10)
[92mINFO [0m:      aggregate_fit: received 5 results and 0 failures
[92mINFO [0m:      fit progress: (52, 0.6480871680416639, {'accuracy': 0.7827}, 775.9792582718655)
[92mINFO [0m:      configure_evaluate: no clients selected, skipping evaluation
[92mINFO [0m:      
[92mINFO [0m:      [ROUND 53]
[92mINFO [0m:      configure_fit: strategy sampled 5 clients (out of 10)
[92mINFO [0m:      aggregate_fit: received 5 results and 0 failures
[92mINFO [0m:      fit progress: (53, 0.794795616518093, {'accuracy': 0.7404}, 789.5749654900283)
[92mINFO [0m:      configure_evaluate: no clients selected, skipping evaluation
[92mINFO [0m:      
[92mINFO [0m:      [ROUND 54]
[92mINFO [0m:      configure_fit: strategy sampled 5 clients (out of 10)
[92mINFO [0m:      aggregate_fit: received 5 results and 0 failures
[92mINFO [0m:      fit progress: (54, 1.932310250741017, {'accuracy': 0.5365}, 801.0312443403527)
[92mINFO [0m:      configure_evaluate: no clients selected, skipping evaluation
[92mINFO [0m:      
[92mINFO [0m:      [ROUND 55]
[92mINFO [0m:      configure_fit: strategy sampled 5 clients (out of 10)
[92mINFO [0m:      aggregate_fit: received 5 results and 0 failures
[92mINFO [0m:      fit progress: (55, 1.1300978487050986, {'accuracy': 0.6811}, 815.655280048959)
[92mINFO [0m:      configure_evaluate: no clients selected, skipping evaluation
[92mINFO [0m:      
[92mINFO [0m:      [ROUND 56]
[92mINFO [0m:      configure_fit: strategy sampled 5 clients (out of 10)
[92mINFO [0m:      aggregate_fit: received 5 results and 0 failures
[92mINFO [0m:      fit progress: (56, 0.9727124579345123, {'accuracy': 0.6972}, 829.3390893358737)
[92mINFO [0m:      configure_evaluate: no clients selected, skipping evaluation
[92mINFO [0m:      
[92mINFO [0m:      [ROUND 57]
[92mINFO [0m:      configure_fit: strategy sampled 5 clients (out of 10)
[92mINFO [0m:      aggregate_fit: received 5 results and 0 failures
[92mINFO [0m:      fit progress: (57, 1.0501149191132075, {'accuracy': 0.7064}, 843.3525888491422)
[92mINFO [0m:      configure_evaluate: no clients selected, skipping evaluation
[92mINFO [0m:      
[92mINFO [0m:      [ROUND 58]
[92mINFO [0m:      configure_fit: strategy sampled 5 clients (out of 10)
[92mINFO [0m:      aggregate_fit: received 5 results and 0 failures
[92mINFO [0m:      fit progress: (58, 1.0501149191132075, {'accuracy': 0.7064}, 855.8986463900656)
[92mINFO [0m:      configure_evaluate: no clients selected, skipping evaluation
[92mINFO [0m:      
[92mINFO [0m:      [ROUND 59]
[92mINFO [0m:      configure_fit: strategy sampled 5 clients (out of 10)
[92mINFO [0m:      aggregate_fit: received 5 results and 0 failures
[92mINFO [0m:      fit progress: (59, 0.75576582098309, {'accuracy': 0.7627}, 869.8232324440032)
[92mINFO [0m:      configure_evaluate: no clients selected, skipping evaluation
[92mINFO [0m:      
[92mINFO [0m:      [ROUND 60]
[92mINFO [0m:      configure_fit: strategy sampled 5 clients (out of 10)
[92mINFO [0m:      aggregate_fit: received 5 results and 0 failures
[92mINFO [0m:      fit progress: (60, 0.6365019863919367, {'accuracy': 0.7927}, 883.6657627550885)
[92mINFO [0m:      configure_evaluate: no clients selected, skipping evaluation
[92mINFO [0m:      
[92mINFO [0m:      [SUMMARY]
[92mINFO [0m:      Run finished 60 round(s) in 883.67s
[92mINFO [0m:      	History (loss, centralized):
[92mINFO [0m:      		round 0: 3.5699364686314063
[92mINFO [0m:      		round 1: 2.3591074883183345
[92mINFO [0m:      		round 2: 2.3591074883183345
[92mINFO [0m:      		round 3: 2.084531367579593
[92mINFO [0m:      		round 4: 1.979941336414482
[92mINFO [0m:      		round 5: 2.157014354874816
[92mINFO [0m:      		round 6: 1.9143393507486657
[92mINFO [0m:      		round 7: 1.569867197471329
[92mINFO [0m:      		round 8: 2.033603094801118
[92mINFO [0m:      		round 9: 1.4958360195159912
[92mINFO [0m:      		round 10: 1.4958360195159912
[92mINFO [0m:      		round 11: 1.84274359141724
[92mINFO [0m:      		round 12: 1.84274359141724
[92mINFO [0m:      		round 13: 1.3972715380825573
[92mINFO [0m:      		round 14: 1.1662292201307756
[92mINFO [0m:      		round 15: 1.9712025093126901
[92mINFO [0m:      		round 16: 1.673071895973592
[92mINFO [0m:      		round 17: 1.5540336989149262
[92mINFO [0m:      		round 18: 1.5315153493156917
[92mINFO [0m:      		round 19: 1.64622831797298
[92mINFO [0m:      		round 20: 1.1456991788707203
[92mINFO [0m:      		round 21: 1.1096772453452968
[92mINFO [0m:      		round 22: 0.9020843747295911
[92mINFO [0m:      		round 23: 0.916120249259321
[92mINFO [0m:      		round 24: 1.01067814570439
[92mINFO [0m:      		round 25: 0.8873595678353612
[92mINFO [0m:      		round 26: 0.9222220272957524
[92mINFO [0m:      		round 27: 0.8512203527402274
[92mINFO [0m:      		round 28: 0.8761328043816965
[92mINFO [0m:      		round 29: 0.9207574838324438
[92mINFO [0m:      		round 30: 0.8862340940704828
[92mINFO [0m:      		round 31: 0.7496253199215177
[92mINFO [0m:      		round 32: 0.7432710943342764
[92mINFO [0m:      		round 33: 0.7762777284730839
[92mINFO [0m:      		round 34: 0.8556646780122684
[92mINFO [0m:      		round 35: 0.8320481045336663
[92mINFO [0m:      		round 36: 0.750923752784729
[92mINFO [0m:      		round 37: 0.8499530765074718
[92mINFO [0m:      		round 38: 0.6811002530629122
[92mINFO [0m:      		round 39: 0.705244431390038
[92mINFO [0m:      		round 40: 0.7314139823370343
[92mINFO [0m:      		round 41: 0.8791423892673058
[92mINFO [0m:      		round 42: 1.0523013185851182
[92mINFO [0m:      		round 43: 1.7022949215732044
[92mINFO [0m:      		round 44: 0.7255443817452539
[92mINFO [0m:      		round 45: 3.12215776684918
[92mINFO [0m:      		round 46: 1.1476091523713703
[92mINFO [0m:      		round 47: 1.0171122641503056
[92mINFO [0m:      		round 48: 1.0012434517280966
[92mINFO [0m:      		round 49: 1.4320301677607283
[92mINFO [0m:      		round 50: 1.4320301677607283
[92mINFO [0m:      		round 51: 1.3609471607811843
[92mINFO [0m:      		round 52: 0.6480871680416639
[92mINFO [0m:      		round 53: 0.794795616518093
[92mINFO [0m:      		round 54: 1.932310250741017
[92mINFO [0m:      		round 55: 1.1300978487050986
[92mINFO [0m:      		round 56: 0.9727124579345123
[92mINFO [0m:      		round 57: 1.0501149191132075
[92mINFO [0m:      		round 58: 1.0501149191132075
[92mINFO [0m:      		round 59: 0.75576582098309
[92mINFO [0m:      		round 60: 0.6365019863919367
[92mINFO [0m:      	History (metrics, distributed, fit):
[92mINFO [0m:      	{'accuracy': [(1, 0.2278),
[92mINFO [0m:      	              (2, 0.2278),
[92mINFO [0m:      	              (3, 0.2944),
[92mINFO [0m:      	              (4, 0.3091),
[92mINFO [0m:      	              (5, 0.3475),
[92mINFO [0m:      	              (6, 0.4109),
[92mINFO [0m:      	              (7, 0.438),
[92mINFO [0m:      	              (8, 0.3804),
[92mINFO [0m:      	              (9, 0.5),
[92mINFO [0m:      	              (10, 0.5),
[92mINFO [0m:      	              (11, 0.4178),
[92mINFO [0m:      	              (12, 0.4178),
[92mINFO [0m:      	              (13, 0.5216),
[92mINFO [0m:      	              (14, 0.5791),
[92mINFO [0m:      	              (15, 0.4922),
[92mINFO [0m:      	              (16, 0.4653),
[92mINFO [0m:      	              (17, 0.537),
[92mINFO [0m:      	              (18, 0.534),
[92mINFO [0m:      	              (19, 0.5468),
[92mINFO [0m:      	              (20, 0.6059),
[92mINFO [0m:      	              (21, 0.6344),
[92mINFO [0m:      	              (22, 0.6759),
[92mINFO [0m:      	              (23, 0.676),
[92mINFO [0m:      	              (24, 0.6558),
[92mINFO [0m:      	              (25, 0.6902),
[92mINFO [0m:      	              (26, 0.7061),
[92mINFO [0m:      	              (27, 0.7032),
[92mINFO [0m:      	              (28, 0.6989),
[92mINFO [0m:      	              (29, 0.6924),
[92mINFO [0m:      	              (30, 0.7116),
[92mINFO [0m:      	              (31, 0.7402),
[92mINFO [0m:      	              (32, 0.7314),
[92mINFO [0m:      	              (33, 0.7288),
[92mINFO [0m:      	              (34, 0.712),
[92mINFO [0m:      	              (35, 0.7235),
[92mINFO [0m:      	              (36, 0.7402),
[92mINFO [0m:      	              (37, 0.7194),
[92mINFO [0m:      	              (38, 0.7641),
[92mINFO [0m:      	              (39, 0.7621),
[92mINFO [0m:      	              (40, 0.7584),
[92mINFO [0m:      	              (41, 0.7068),
[92mINFO [0m:      	              (42, 0.6877),
[92mINFO [0m:      	              (43, 0.5745),
[92mINFO [0m:      	              (44, 0.7547),
[92mINFO [0m:      	              (45, 0.3716),
[92mINFO [0m:      	              (46, 0.6552),
[92mINFO [0m:      	              (47, 0.6875),
[92mINFO [0m:      	              (48, 0.6883),
[92mINFO [0m:      	              (49, 0.5917),
[92mINFO [0m:      	              (50, 0.5917),
[92mINFO [0m:      	              (51, 0.6234),
[92mINFO [0m:      	              (52, 0.7827),
[92mINFO [0m:      	              (53, 0.7404),
[92mINFO [0m:      	              (54, 0.5365),
[92mINFO [0m:      	              (55, 0.6811),
[92mINFO [0m:      	              (56, 0.6972),
[92mINFO [0m:      	              (57, 0.7064),
[92mINFO [0m:      	              (58, 0.7064),
[92mINFO [0m:      	              (59, 0.7627),
[92mINFO [0m:      	              (60, 0.7927)],
[92mINFO [0m:      	 'avg_per': [(1, 0.7477085079691843),
[92mINFO [0m:      	             (2, 0.6946106294726043),
[92mINFO [0m:      	             (3, 0.6866292806366099),
[92mINFO [0m:      	             (4, 0.712198028558689),
[92mINFO [0m:      	             (5, 0.7206980829822681),
[92mINFO [0m:      	             (6, 0.7119806559048223),
[92mINFO [0m:      	             (7, 0.7304042921633278),
[92mINFO [0m:      	             (8, 0.632415059807746),
[92mINFO [0m:      	             (9, 0.674453357565174),
[92mINFO [0m:      	             (10, 0.7254480194643236),
[92mINFO [0m:      	             (11, 0.6624714674774089),
[92mINFO [0m:      	             (12, 0.7181192617415333),
[92mINFO [0m:      	             (13, 0.7429286961669288),
[92mINFO [0m:      	             (14, 0.6612495316276531),
[92mINFO [0m:      	             (15, 0.7019093525776402),
[92mINFO [0m:      	             (16, 0.6711467400646349),
[92mINFO [0m:      	             (17, 0.7142176104817712),
[92mINFO [0m:      	             (18, 0.6083370547961022),
[92mINFO [0m:      	             (19, 0.744963214044631),
[92mINFO [0m:      	             (20, 0.6876663351023469),
[92mINFO [0m:      	             (21, 0.1066992433892783),
[92mINFO [0m:      	             (22, 0.12118998969015234),
[92mINFO [0m:      	             (23, 0.045174900439610324),
[92mINFO [0m:      	             (24, 0.10617493819274708),
[92mINFO [0m:      	             (25, 0.07324680340582146),
[92mINFO [0m:      	             (26, 0.08933020098921651),
[92mINFO [0m:      	             (27, 0.0878229311153517),
[92mINFO [0m:      	             (28, 0.05963721546902555),
[92mINFO [0m:      	             (29, 0.07282785347776506),
[92mINFO [0m:      	             (30, 0.0946875307753573),
[92mINFO [0m:      	             (31, 0.1122289879173219),
[92mINFO [0m:      	             (32, 0.0919651620969833),
[92mINFO [0m:      	             (33, 0.06861810802847189),
[92mINFO [0m:      	             (34, 0.07149298909501145),
[92mINFO [0m:      	             (35, 0.06610344899515361),
[92mINFO [0m:      	             (36, 0.08633334832509823),
[92mINFO [0m:      	             (37, 0.10368810367195969),
[92mINFO [0m:      	             (38, 0.05756270948783286),
[92mINFO [0m:      	             (39, 0.0844787869854221),
[92mINFO [0m:      	             (40, 0.07181489877211125),
[92mINFO [0m:      	             (41, 0.6424182196881679),
[92mINFO [0m:      	             (42, 0.6767568164174824),
[92mINFO [0m:      	             (43, 0.66705894517331),
[92mINFO [0m:      	             (44, 0.6711732689827004),
[92mINFO [0m:      	             (45, 0.7668824323236461),
[92mINFO [0m:      	             (46, 0.7177784902671593),
[92mINFO [0m:      	             (47, 0.6873399530063147),
[92mINFO [0m:      	             (48, 0.6656129813851607),
[92mINFO [0m:      	             (49, 0.6865609077106427),
[92mINFO [0m:      	             (50, 0.6713003870572585),
[92mINFO [0m:      	             (51, 0.7689599731579483),
[92mINFO [0m:      	             (52, 0.6573044362712247),
[92mINFO [0m:      	             (53, 0.6782416577785267),
[92mINFO [0m:      	             (54, 0.7058677486528233),
[92mINFO [0m:      	             (55, 0.7082552526042561),
[92mINFO [0m:      	             (56, 0.7408567589356536),
[92mINFO [0m:      	             (57, 0.6778823162752355),
[92mINFO [0m:      	             (58, 0.6558943676597361),
[92mINFO [0m:      	             (59, 0.6477188383183936),
[92mINFO [0m:      	             (60, 0.6846406464473634)],
[92mINFO [0m:      	 'bw_factor': [(1, 1.0),
[92mINFO [0m:      	               (2, 0.8),
[92mINFO [0m:      	               (3, 0.8592454707138353),
[92mINFO [0m:      	               (4, 0.8805992251314808),
[92mINFO [0m:      	               (5, 0.8755967692178571),
[92mINFO [0m:      	               (6, 0.8524666840768079),
[92mINFO [0m:      	               (7, 0.8320287355589162),
[92mINFO [0m:      	               (8, 0.8291755411075202),
[92mINFO [0m:      	               (9, 0.853243813955348),
[92mINFO [0m:      	               (10, 0.8555948427441145),
[92mINFO [0m:      	               (11, 0.8423256698852288),
[92mINFO [0m:      	               (12, 0.832225915304023),
[92mINFO [0m:      	               (13, 0.8131732335649966),
[92mINFO [0m:      	               (14, 0.8583343519599158),
[92mINFO [0m:      	               (15, 0.8643425202829258),
[92mINFO [0m:      	               (16, 0.8666177648274023),
[92mINFO [0m:      	               (17, 0.8716802528429839),
[92mINFO [0m:      	               (18, 0.8116416744217575),
[92mINFO [0m:      	               (19, 0.8159217291477744),
[92mINFO [0m:      	               (20, 0.8556920668552304),
[92mINFO [0m:      	               (21, 0.8466967052873438),
[92mINFO [0m:      	               (22, 0.8387060726297539),
[92mINFO [0m:      	               (23, 0.8279768984116485),
[92mINFO [0m:      	               (24, 0.8193577676522399),
[92mINFO [0m:      	               (25, 0.8268380449233209),
[92mINFO [0m:      	               (26, 0.8300827772664825),
[92mINFO [0m:      	               (27, 0.8086894388769273),
[92mINFO [0m:      	               (28, 0.8058138848352903),
[92mINFO [0m:      	               (29, 0.8055497281696659),
[92mINFO [0m:      	               (30, 0.8064869492037001),
[92mINFO [0m:      	               (31, 0.8090577086624032),
[92mINFO [0m:      	               (32, 0.8193404674725726),
[92mINFO [0m:      	               (33, 0.821697054217039),
[92mINFO [0m:      	               (34, 0.822905833355422),
[92mINFO [0m:      	               (35, 0.8243451592238814),
[92mINFO [0m:      	               (36, 0.8105758564167351),
[92mINFO [0m:      	               (37, 0.811150919513639),
[92mINFO [0m:      	               (38, 0.809068363322079),
[92mINFO [0m:      	               (39, 0.8105629800367049),
[92mINFO [0m:      	               (40, 0.8164777867522606),
[92mINFO [0m:      	               (41, 0.8303926783618844),
[92mINFO [0m:      	               (42, 0.8545436278971715),
[92mINFO [0m:      	               (43, 0.8557282268776558),
[92mINFO [0m:      	               (44, 0.8646861648120301),
[92mINFO [0m:      	               (45, 0.8546969718139747),
[92mINFO [0m:      	               (46, 0.8850825186710519),
[92mINFO [0m:      	               (47, 0.9057892642229248),
[92mINFO [0m:      	               (48, 0.9052303788015381),
[92mINFO [0m:      	               (49, 0.9085971344577111),
[92mINFO [0m:      	               (50, 0.9210379120960135),
[92mINFO [0m:      	               (51, 0.8275244719255225),
[92mINFO [0m:      	               (52, 0.8596547803015193),
[92mINFO [0m:      	               (53, 0.8528079662747103),
[92mINFO [0m:      	               (54, 0.8582654062655161),
[92mINFO [0m:      	               (55, 0.8644946706387342),
[92mINFO [0m:      	               (56, 0.8311896251281621),
[92mINFO [0m:      	               (57, 0.8275089091083244),
[92mINFO [0m:      	               (58, 0.8279258209907354),
[92mINFO [0m:      	               (59, 0.8258597591849657),
[92mINFO [0m:      	               (60, 0.8595418284005945)],
[92mINFO [0m:      	 'energy': [(1, 277.6754381099775),
[92mINFO [0m:      	            (2, 113.16531774501699),
[92mINFO [0m:      	            (3, 106.47918122930841),
[92mINFO [0m:      	            (4, 193.55449511026077),
[92mINFO [0m:      	            (5, 157.91573542453472),
[92mINFO [0m:      	            (6, 192.2824538744176),
[92mINFO [0m:      	            (7, 117.52415345913525),
[92mINFO [0m:      	            (8, 96.65044872023753),
[92mINFO [0m:      	            (9, 148.87450373186647),
[92mINFO [0m:      	            (10, 168.58665641302866),
[92mINFO [0m:      	            (11, 151.57783056788816),
[92mINFO [0m:      	            (12, 160.89100692191852),
[92mINFO [0m:      	            (13, 262.396821594757),
[92mINFO [0m:      	            (14, 137.05617098174625),
[92mINFO [0m:      	            (15, 139.63749183145939),
[92mINFO [0m:      	            (16, 134.32339162891512),
[92mINFO [0m:      	            (17, 115.02062854426339),
[92mINFO [0m:      	            (18, 125.10304884489861),
[92mINFO [0m:      	            (19, 198.52363238799492),
[92mINFO [0m:      	            (20, 170.03922869091934),
[92mINFO [0m:      	            (21, 146.7472169495209),
[92mINFO [0m:      	            (22, 167.70294161093696),
[92mINFO [0m:      	            (23, 129.83592989700227),
[92mINFO [0m:      	            (24, 136.50929637174016),
[92mINFO [0m:      	            (25, 135.86419377575405),
[92mINFO [0m:      	            (26, 142.3139986310709),
[92mINFO [0m:      	            (27, 143.80285102516638),
[92mINFO [0m:      	            (28, 137.26902600442176),
[92mINFO [0m:      	            (29, 133.16869264105634),
[92mINFO [0m:      	            (30, 134.9203478418426),
[92mINFO [0m:      	            (31, 155.11997427444868),
[92mINFO [0m:      	            (32, 129.95795250087923),
[92mINFO [0m:      	            (33, 129.41857686406672),
[92mINFO [0m:      	            (34, 130.45498400808344),
[92mINFO [0m:      	            (35, 139.8005766268952),
[92mINFO [0m:      	            (36, 143.9239410513435),
[92mINFO [0m:      	            (37, 135.41317075507078),
[92mINFO [0m:      	            (38, 126.15276144947991),
[92mINFO [0m:      	            (39, 151.84360092336894),
[92mINFO [0m:      	            (40, 101.66619608207081),
[92mINFO [0m:      	            (41, 198.86705836983614),
[92mINFO [0m:      	            (42, 121.44120715754369),
[92mINFO [0m:      	            (43, 116.21482560199777),
[92mINFO [0m:      	            (44, 141.39662462230737),
[92mINFO [0m:      	            (45, 291.9496024969942),
[92mINFO [0m:      	            (46, 621.5244363861789),
[92mINFO [0m:      	            (47, 123.16204453263336),
[92mINFO [0m:      	            (48, 99.54620638924995),
[92mINFO [0m:      	            (49, 137.30465629996033),
[92mINFO [0m:      	            (50, 113.6209548265624),
[92mINFO [0m:      	            (51, 193.96256862590067),
[92mINFO [0m:      	            (52, 126.10671910012407),
[92mINFO [0m:      	            (53, 116.13387472519291),
[92mINFO [0m:      	            (54, 89.45607245697812),
[92mINFO [0m:      	            (55, 139.5907834817034),
[92mINFO [0m:      	            (56, 140.9003414661125),
[92mINFO [0m:      	            (57, 114.95901419333327),
[92mINFO [0m:      	            (58, 95.2782487354389),
[92mINFO [0m:      	            (59, 194.0883826117441),
[92mINFO [0m:      	            (60, 112.44505309938155)],
[92mINFO [0m:      	 'est_upload_time': [(1, 140.1314381099775),
[92mINFO [0m:      	                     (2, 18.745317745016994),
[92mINFO [0m:      	                     (3, 20.283181229308397),
[92mINFO [0m:      	                     (4, 56.010495110260756),
[92mINFO [0m:      	                     (5, 26.6517354245347),
[92mINFO [0m:      	                     (6, 54.7384538744176),
[92mINFO [0m:      	                     (7, 23.10415345913524),
[92mINFO [0m:      	                     (8, 11.174448720237523),
[92mINFO [0m:      	                     (9, 10.730503731866468),
[92mINFO [0m:      	                     (10, 43.234656413028674),
[92mINFO [0m:      	                     (11, 20.313830567888175),
[92mINFO [0m:      	                     (12, 45.83100692191853),
[92mINFO [0m:      	                     (13, 146.108821594757),
[92mINFO [0m:      	                     (14, 14.884170981746246),
[92mINFO [0m:      	                     (15, 15.005491831459384),
[92mINFO [0m:      	                     (16, 17.899391628915133),
[92mINFO [0m:      	                     (17, 13.600628544263396),
[92mINFO [0m:      	                     (18, 10.163048844898606),
[92mINFO [0m:      	                     (19, 75.00363238799493),
[92mINFO [0m:      	                     (20, 45.40722869091933),
[92mINFO [0m:      	                     (21, 10.339216949520885),
[92mINFO [0m:      	                     (22, 36.070941610936984),
[92mINFO [0m:      	                     (23, 7.663929897002262),
[92mINFO [0m:      	                     (24, 12.989296371740156),
[92mINFO [0m:      	                     (25, 11.232193775754041),
[92mINFO [0m:      	                     (26, 5.905998631070868),
[92mINFO [0m:      	                     (27, 12.170851025166384),
[92mINFO [0m:      	                     (28, 14.349026004421765),
[92mINFO [0m:      	                     (29, 9.648692641056323),
[92mINFO [0m:      	                     (30, 10.288347841842597),
[92mINFO [0m:      	                     (31, 7.883974274448692),
[92mINFO [0m:      	                     (32, 9.153952500879228),
[92mINFO [0m:      	                     (33, 6.4985768640667185),
[92mINFO [0m:      	                     (34, 14.914984008083437),
[92mINFO [0m:      	                     (35, 7.1885766268952125),
[92mINFO [0m:      	                     (36, 6.915941051343512),
[92mINFO [0m:      	                     (37, 20.353170755070778),
[92mINFO [0m:      	                     (38, 11.2127614494799),
[92mINFO [0m:      	                     (39, 19.979600923368928),
[92mINFO [0m:      	                     (40, 5.778196082070805),
[92mINFO [0m:      	                     (41, 98.76705836983614),
[92mINFO [0m:      	                     (42, 13.361207157543703),
[92mINFO [0m:      	                     (43, 31.486825601997786),
[92mINFO [0m:      	                     (44, 46.85662462230739),
[92mINFO [0m:      	                     (45, 196.06160249699423),
[92mINFO [0m:      	                     (46, 514.192436386179),
[92mINFO [0m:      	                     (47, 21.714044532633363),
[92mINFO [0m:      	                     (48, 14.818206389249955),
[92mINFO [0m:      	                     (49, 42.76465629996032),
[92mINFO [0m:      	                     (50, 19.080954826562383),
[92mINFO [0m:      	                     (51, 85.28256862590067),
[92mINFO [0m:      	                     (52, 26.00671910012406),
[92mINFO [0m:      	                     (53, 23.425874725192898),
[92mINFO [0m:      	                     (54, 18.12007245697812),
[92mINFO [0m:      	                     (55, 37.79078348170341),
[92mINFO [0m:      	                     (56, 33.568341466112514),
[92mINFO [0m:      	                     (57, 14.859014193333277),
[92mINFO [0m:      	                     (58, 9.08224873543891),
[92mINFO [0m:      	                     (59, 100.2683826117441),
[92mINFO [0m:      	                     (60, 10.045053099381553)],
[92mINFO [0m:      	 'jain': [(1, 0.49999999999999),
[92mINFO [0m:      	          (2, 0.7142857142857092),
[92mINFO [0m:      	          (3, 0.7758620689655145),
[92mINFO [0m:      	          (4, 0.7407407407407394),
[92mINFO [0m:      	          (5, 0.7407407407407394),
[92mINFO [0m:      	          (6, 0.624999999999999),
[92mINFO [0m:      	          (7, 0.6666666666666655),
[92mINFO [0m:      	          (8, 0.714285714285713),
[92mINFO [0m:      	          (9, 0.7407407407407394),
[92mINFO [0m:      	          (10, 0.7692307692307677),
[92mINFO [0m:      	          (11, 0.7407407407407394),
[92mINFO [0m:      	          (12, 0.6896551724137919),
[92mINFO [0m:      	          (13, 0.714285714285713),
[92mINFO [0m:      	          (14, 0.714285714285713),
[92mINFO [0m:      	          (15, 0.7407407407407394),
[92mINFO [0m:      	          (16, 0.714285714285713),
[92mINFO [0m:      	          (17, 0.7407407407407394),
[92mINFO [0m:      	          (18, 0.7407407407407394),
[92mINFO [0m:      	          (19, 0.7692307692307677),
[92mINFO [0m:      	          (20, 0.7407407407407394),
[92mINFO [0m:      	          (21, 0.714285714285713),
[92mINFO [0m:      	          (22, 0.7407407407407394),
[92mINFO [0m:      	          (23, 0.714285714285713),
[92mINFO [0m:      	          (24, 0.714285714285713),
[92mINFO [0m:      	          (25, 0.6896551724137919),
[92mINFO [0m:      	          (26, 0.714285714285713),
[92mINFO [0m:      	          (27, 0.7407407407407394),
[92mINFO [0m:      	          (28, 0.714285714285713),
[92mINFO [0m:      	          (29, 0.714285714285713),
[92mINFO [0m:      	          (30, 0.6896551724137919),
[92mINFO [0m:      	          (31, 0.6666666666666655),
[92mINFO [0m:      	          (32, 0.7407407407407394),
[92mINFO [0m:      	          (33, 0.714285714285713),
[92mINFO [0m:      	          (34, 0.7407407407407394),
[92mINFO [0m:      	          (35, 0.7407407407407394),
[92mINFO [0m:      	          (36, 0.714285714285713),
[92mINFO [0m:      	          (37, 0.7999999999999984),
[92mINFO [0m:      	          (38, 0.7999999999999984),
[92mINFO [0m:      	          (39, 0.7692307692307677),
[92mINFO [0m:      	          (40, 0.7999999999999984),
[92mINFO [0m:      	          (41, 0.7692307692307677),
[92mINFO [0m:      	          (42, 0.7692307692307677),
[92mINFO [0m:      	          (43, 0.714285714285713),
[92mINFO [0m:      	          (44, 0.6666666666666655),
[92mINFO [0m:      	          (45, 0.714285714285713),
[92mINFO [0m:      	          (46, 0.714285714285713),
[92mINFO [0m:      	          (47, 0.7407407407407394),
[92mINFO [0m:      	          (48, 0.7407407407407394),
[92mINFO [0m:      	          (49, 0.714285714285713),
[92mINFO [0m:      	          (50, 0.714285714285713),
[92mINFO [0m:      	          (51, 0.714285714285713),
[92mINFO [0m:      	          (52, 0.714285714285713),
[92mINFO [0m:      	          (53, 0.714285714285713),
[92mINFO [0m:      	          (54, 0.7692307692307677),
[92mINFO [0m:      	          (55, 0.714285714285713),
[92mINFO [0m:      	          (56, 0.714285714285713),
[92mINFO [0m:      	          (57, 0.714285714285713),
[92mINFO [0m:      	          (58, 0.6666666666666655),
[92mINFO [0m:      	          (59, 0.6666666666666655),
[92mINFO [0m:      	          (60, 0.714285714285713)],
[92mINFO [0m:      	 'loss': [(1, 2.3591074883183345),
[92mINFO [0m:      	          (2, 2.3591074883183345),
[92mINFO [0m:      	          (3, 2.084531367579593),
[92mINFO [0m:      	          (4, 1.979941336414482),
[92mINFO [0m:      	          (5, 2.157014354874816),
[92mINFO [0m:      	          (6, 1.9143393507486657),
[92mINFO [0m:      	          (7, 1.569867197471329),
[92mINFO [0m:      	          (8, 2.033603094801118),
[92mINFO [0m:      	          (9, 1.4958360195159912),
[92mINFO [0m:      	          (10, 1.4958360195159912),
[92mINFO [0m:      	          (11, 1.84274359141724),
[92mINFO [0m:      	          (12, 1.84274359141724),
[92mINFO [0m:      	          (13, 1.3972715380825573),
[92mINFO [0m:      	          (14, 1.1662292201307756),
[92mINFO [0m:      	          (15, 1.9712025093126901),
[92mINFO [0m:      	          (16, 1.673071895973592),
[92mINFO [0m:      	          (17, 1.5540336989149262),
[92mINFO [0m:      	          (18, 1.5315153493156917),
[92mINFO [0m:      	          (19, 1.64622831797298),
[92mINFO [0m:      	          (20, 1.1456991788707203),
[92mINFO [0m:      	          (21, 1.1096772453452968),
[92mINFO [0m:      	          (22, 0.9020843747295911),
[92mINFO [0m:      	          (23, 0.916120249259321),
[92mINFO [0m:      	          (24, 1.01067814570439),
[92mINFO [0m:      	          (25, 0.8873595678353612),
[92mINFO [0m:      	          (26, 0.9222220272957524),
[92mINFO [0m:      	          (27, 0.8512203527402274),
[92mINFO [0m:      	          (28, 0.8761328043816965),
[92mINFO [0m:      	          (29, 0.9207574838324438),
[92mINFO [0m:      	          (30, 0.8862340940704828),
[92mINFO [0m:      	          (31, 0.7496253199215177),
[92mINFO [0m:      	          (32, 0.7432710943342764),
[92mINFO [0m:      	          (33, 0.7762777284730839),
[92mINFO [0m:      	          (34, 0.8556646780122684),
[92mINFO [0m:      	          (35, 0.8320481045336663),
[92mINFO [0m:      	          (36, 0.750923752784729),
[92mINFO [0m:      	          (37, 0.8499530765074718),
[92mINFO [0m:      	          (38, 0.6811002530629122),
[92mINFO [0m:      	          (39, 0.705244431390038),
[92mINFO [0m:      	          (40, 0.7314139823370343),
[92mINFO [0m:      	          (41, 0.8791423892673058),
[92mINFO [0m:      	          (42, 1.0523013185851182),
[92mINFO [0m:      	          (43, 1.7022949215732044),
[92mINFO [0m:      	          (44, 0.7255443817452539),
[92mINFO [0m:      	          (45, 3.12215776684918),
[92mINFO [0m:      	          (46, 1.1476091523713703),
[92mINFO [0m:      	          (47, 1.0171122641503056),
[92mINFO [0m:      	          (48, 1.0012434517280966),
[92mINFO [0m:      	          (49, 1.4320301677607283),
[92mINFO [0m:      	          (50, 1.4320301677607283),
[92mINFO [0m:      	          (51, 1.3609471607811843),
[92mINFO [0m:      	          (52, 0.6480871680416639),
[92mINFO [0m:      	          (53, 0.794795616518093),
[92mINFO [0m:      	          (54, 1.932310250741017),
[92mINFO [0m:      	          (55, 1.1300978487050986),
[92mINFO [0m:      	          (56, 0.9727124579345123),
[92mINFO [0m:      	          (57, 1.0501149191132075),
[92mINFO [0m:      	          (58, 1.0501149191132075),
[92mINFO [0m:      	          (59, 0.75576582098309),
[92mINFO [0m:      	          (60, 0.6365019863919367)],
[92mINFO [0m:      	 'mode': [(1, 'semi_sync'),
[92mINFO [0m:      	          (2, 'async'),
[92mINFO [0m:      	          (3, 'async'),
[92mINFO [0m:      	          (4, 'async'),
[92mINFO [0m:      	          (5, 'async'),
[92mINFO [0m:      	          (6, 'async'),
[92mINFO [0m:      	          (7, 'async'),
[92mINFO [0m:      	          (8, 'async'),
[92mINFO [0m:      	          (9, 'async'),
[92mINFO [0m:      	          (10, 'async'),
[92mINFO [0m:      	          (11, 'async'),
[92mINFO [0m:      	          (12, 'async'),
[92mINFO [0m:      	          (13, 'async'),
[92mINFO [0m:      	          (14, 'async'),
[92mINFO [0m:      	          (15, 'async'),
[92mINFO [0m:      	          (16, 'async'),
[92mINFO [0m:      	          (17, 'async'),
[92mINFO [0m:      	          (18, 'async'),
[92mINFO [0m:      	          (19, 'async'),
[92mINFO [0m:      	          (20, 'async'),
[92mINFO [0m:      	          (21, 'async'),
[92mINFO [0m:      	          (22, 'async'),
[92mINFO [0m:      	          (23, 'async'),
[92mINFO [0m:      	          (24, 'semi_sync'),
[92mINFO [0m:      	          (25, 'semi_sync'),
[92mINFO [0m:      	          (26, 'semi_sync'),
[92mINFO [0m:      	          (27, 'semi_sync'),
[92mINFO [0m:      	          (28, 'semi_sync'),
[92mINFO [0m:      	          (29, 'semi_sync'),
[92mINFO [0m:      	          (30, 'semi_sync'),
[92mINFO [0m:      	          (31, 'semi_sync'),
[92mINFO [0m:      	          (32, 'semi_sync'),
[92mINFO [0m:      	          (33, 'semi_sync'),
[92mINFO [0m:      	          (34, 'semi_sync'),
[92mINFO [0m:      	          (35, 'semi_sync'),
[92mINFO [0m:      	          (36, 'semi_sync'),
[92mINFO [0m:      	          (37, 'semi_sync'),
[92mINFO [0m:      	          (38, 'semi_sync'),
[92mINFO [0m:      	          (39, 'semi_sync'),
[92mINFO [0m:      	          (40, 'semi_sync'),
[92mINFO [0m:      	          (41, 'semi_sync'),
[92mINFO [0m:      	          (42, 'semi_sync'),
[92mINFO [0m:      	          (43, 'semi_sync'),
[92mINFO [0m:      	          (44, 'semi_sync'),
[92mINFO [0m:      	          (45, 'semi_sync'),
[92mINFO [0m:      	          (46, 'semi_sync'),
[92mINFO [0m:      	          (47, 'semi_sync'),
[92mINFO [0m:      	          (48, 'semi_sync'),
[92mINFO [0m:      	          (49, 'semi_sync'),
[92mINFO [0m:      	          (50, 'semi_sync'),
[92mINFO [0m:      	          (51, 'async'),
[92mINFO [0m:      	          (52, 'async'),
[92mINFO [0m:      	          (53, 'async'),
[92mINFO [0m:      	          (54, 'async'),
[92mINFO [0m:      	          (55, 'async'),
[92mINFO [0m:      	          (56, 'async'),
[92mINFO [0m:      	          (57, 'async'),
[92mINFO [0m:      	          (58, 'async'),
[92mINFO [0m:      	          (59, 'async'),
[92mINFO [0m:      	          (60, 'async')],
[92mINFO [0m:      	 'num_exhausted_clients': [(1, 0.0),
[92mINFO [0m:      	                           (2, 0.0),
[92mINFO [0m:      	                           (3, 0.0),
[92mINFO [0m:      	                           (4, 0.0),
[92mINFO [0m:      	                           (5, 0.0),
[92mINFO [0m:      	                           (6, 0.0),
[92mINFO [0m:      	                           (7, 0.0),
[92mINFO [0m:      	                           (8, 0.0),
[92mINFO [0m:      	                           (9, 0.0),
[92mINFO [0m:      	                           (10, 0.0),
[92mINFO [0m:      	                           (11, 0.0),
[92mINFO [0m:      	                           (12, 0.0),
[92mINFO [0m:      	                           (13, 0.0),
[92mINFO [0m:      	                           (14, 0.0),
[92mINFO [0m:      	                           (15, 0.0),
[92mINFO [0m:      	                           (16, 0.0),
[92mINFO [0m:      	                           (17, 0.0),
[92mINFO [0m:      	                           (18, 0.0),
[92mINFO [0m:      	                           (19, 0.0),
[92mINFO [0m:      	                           (20, 0.0),
[92mINFO [0m:      	                           (21, 0.0),
[92mINFO [0m:      	                           (22, 0.0),
[92mINFO [0m:      	                           (23, 0.0),
[92mINFO [0m:      	                           (24, 0.0),
[92mINFO [0m:      	                           (25, 0.0),
[92mINFO [0m:      	                           (26, 0.0),
[92mINFO [0m:      	                           (27, 0.0),
[92mINFO [0m:      	                           (28, 0.0),
[92mINFO [0m:      	                           (29, 0.0),
[92mINFO [0m:      	                           (30, 0.0),
[92mINFO [0m:      	                           (31, 0.0),
[92mINFO [0m:      	                           (32, 0.0),
[92mINFO [0m:      	                           (33, 0.0),
[92mINFO [0m:      	                           (34, 0.0),
[92mINFO [0m:      	                           (35, 0.0),
[92mINFO [0m:      	                           (36, 0.0),
[92mINFO [0m:      	                           (37, 0.0),
[92mINFO [0m:      	                           (38, 0.0),
[92mINFO [0m:      	                           (39, 1.0),
[92mINFO [0m:      	                           (40, 1.0),
[92mINFO [0m:      	                           (41, 1.0),
[92mINFO [0m:      	                           (42, 1.0),
[92mINFO [0m:      	                           (43, 1.0),
[92mINFO [0m:      	                           (44, 1.0),
[92mINFO [0m:      	                           (45, 1.0),
[92mINFO [0m:      	                           (46, 1.0),
[92mINFO [0m:      	                           (47, 1.0),
[92mINFO [0m:      	                           (48, 1.0),
[92mINFO [0m:      	                           (49, 1.0),
[92mINFO [0m:      	                           (50, 1.0),
[92mINFO [0m:      	                           (51, 1.0),
[92mINFO [0m:      	                           (52, 1.0),
[92mINFO [0m:      	                           (53, 1.0),
[92mINFO [0m:      	                           (54, 1.0),
[92mINFO [0m:      	                           (55, 1.0),
[92mINFO [0m:      	                           (56, 1.0),
[92mINFO [0m:      	                           (57, 1.0),
[92mINFO [0m:      	                           (58, 1.0),
[92mINFO [0m:      	                           (59, 1.0),
[92mINFO [0m:      	                           (60, 1.0)],
[92mINFO [0m:      	 'topk': [(1, 5.0),
[92mINFO [0m:      	          (2, 5.0),
[92mINFO [0m:      	          (3, 5.0),
[92mINFO [0m:      	          (4, 5.0),
[92mINFO [0m:      	          (5, 5.0),
[92mINFO [0m:      	          (6, 5.0),
[92mINFO [0m:      	          (7, 5.0),
[92mINFO [0m:      	          (8, 5.0),
[92mINFO [0m:      	          (9, 5.0),
[92mINFO [0m:      	          (10, 5.0),
[92mINFO [0m:      	          (11, 5.0),
[92mINFO [0m:      	          (12, 5.0),
[92mINFO [0m:      	          (13, 5.0),
[92mINFO [0m:      	          (14, 5.0),
[92mINFO [0m:      	          (15, 5.0),
[92mINFO [0m:      	          (16, 5.0),
[92mINFO [0m:      	          (17, 5.0),
[92mINFO [0m:      	          (18, 5.0),
[92mINFO [0m:      	          (19, 5.0),
[92mINFO [0m:      	          (20, 5.0),
[92mINFO [0m:      	          (21, 5.0),
[92mINFO [0m:      	          (22, 5.0),
[92mINFO [0m:      	          (23, 5.0),
[92mINFO [0m:      	          (24, 5.0),
[92mINFO [0m:      	          (25, 5.0),
[92mINFO [0m:      	          (26, 5.0),
[92mINFO [0m:      	          (27, 5.0),
[92mINFO [0m:      	          (28, 5.0),
[92mINFO [0m:      	          (29, 5.0),
[92mINFO [0m:      	          (30, 5.0),
[92mINFO [0m:      	          (31, 5.0),
[92mINFO [0m:      	          (32, 5.0),
[92mINFO [0m:      	          (33, 5.0),
[92mINFO [0m:      	          (34, 5.0),
[92mINFO [0m:      	          (35, 5.0),
[92mINFO [0m:      	          (36, 5.0),
[92mINFO [0m:      	          (37, 5.0),
[92mINFO [0m:      	          (38, 5.0),
[92mINFO [0m:      	          (39, 5.0),
[92mINFO [0m:      	          (40, 5.0),
[92mINFO [0m:      	          (41, 5.0),
[92mINFO [0m:      	          (42, 5.0),
[92mINFO [0m:      	          (43, 5.0),
[92mINFO [0m:      	          (44, 5.0),
[92mINFO [0m:      	          (45, 5.0),
[92mINFO [0m:      	          (46, 5.0),
[92mINFO [0m:      	          (47, 5.0),
[92mINFO [0m:      	          (48, 5.0),
[92mINFO [0m:      	          (49, 5.0),
[92mINFO [0m:      	          (50, 5.0),
[92mINFO [0m:      	          (51, 5.0),
[92mINFO [0m:      	          (52, 5.0),
[92mINFO [0m:      	          (53, 5.0),
[92mINFO [0m:      	          (54, 5.0),
[92mINFO [0m:      	          (55, 5.0),
[92mINFO [0m:      	          (56, 5.0),
[92mINFO [0m:      	          (57, 5.0),
[92mINFO [0m:      	          (58, 5.0),
[92mINFO [0m:      	          (59, 5.0),
[92mINFO [0m:      	          (60, 5.0)]}
[92mINFO [0m:      	History (metrics, centralized):
[92mINFO [0m:      	{'accuracy': [(0, 0.1),
[92mINFO [0m:      	              (1, 0.2278),
[92mINFO [0m:      	              (2, 0.2278),
[92mINFO [0m:      	              (3, 0.2944),
[92mINFO [0m:      	              (4, 0.3091),
[92mINFO [0m:      	              (5, 0.3475),
[92mINFO [0m:      	              (6, 0.4109),
[92mINFO [0m:      	              (7, 0.438),
[92mINFO [0m:      	              (8, 0.3804),
[92mINFO [0m:      	              (9, 0.5),
[92mINFO [0m:      	              (10, 0.5),
[92mINFO [0m:      	              (11, 0.4178),
[92mINFO [0m:      	              (12, 0.4178),
[92mINFO [0m:      	              (13, 0.5216),
[92mINFO [0m:      	              (14, 0.5791),
[92mINFO [0m:      	              (15, 0.4922),
[92mINFO [0m:      	              (16, 0.4653),
[92mINFO [0m:      	              (17, 0.537),
[92mINFO [0m:      	              (18, 0.534),
[92mINFO [0m:      	              (19, 0.5468),
[92mINFO [0m:      	              (20, 0.6059),
[92mINFO [0m:      	              (21, 0.6344),
[92mINFO [0m:      	              (22, 0.6759),
[92mINFO [0m:      	              (23, 0.676),
[92mINFO [0m:      	              (24, 0.6558),
[92mINFO [0m:      	              (25, 0.6902),
[92mINFO [0m:      	              (26, 0.7061),
[92mINFO [0m:      	              (27, 0.7032),
[92mINFO [0m:      	              (28, 0.6989),
[92mINFO [0m:      	              (29, 0.6924),
[92mINFO [0m:      	              (30, 0.7116),
[92mINFO [0m:      	              (31, 0.7402),
[92mINFO [0m:      	              (32, 0.7314),
[92mINFO [0m:      	              (33, 0.7288),
[92mINFO [0m:      	              (34, 0.712),
[92mINFO [0m:      	              (35, 0.7235),
[92mINFO [0m:      	              (36, 0.7402),
[92mINFO [0m:      	              (37, 0.7194),
[92mINFO [0m:      	              (38, 0.7641),
[92mINFO [0m:      	              (39, 0.7621),
[92mINFO [0m:      	              (40, 0.7584),
[92mINFO [0m:      	              (41, 0.7068),
[92mINFO [0m:      	              (42, 0.6877),
[92mINFO [0m:      	              (43, 0.5745),
[92mINFO [0m:      	              (44, 0.7547),
[92mINFO [0m:      	              (45, 0.3716),
[92mINFO [0m:      	              (46, 0.6552),
[92mINFO [0m:      	              (47, 0.6875),
[92mINFO [0m:      	              (48, 0.6883),
[92mINFO [0m:      	              (49, 0.5917),
[92mINFO [0m:      	              (50, 0.5917),
[92mINFO [0m:      	              (51, 0.6234),
[92mINFO [0m:      	              (52, 0.7827),
[92mINFO [0m:      	              (53, 0.7404),
[92mINFO [0m:      	              (54, 0.5365),
[92mINFO [0m:      	              (55, 0.6811),
[92mINFO [0m:      	              (56, 0.6972),
[92mINFO [0m:      	              (57, 0.7064),
[92mINFO [0m:      	              (58, 0.7064),
[92mINFO [0m:      	              (59, 0.7627),
[92mINFO [0m:      	              (60, 0.7927)]}
[92mINFO [0m:      
[36m(pid=252855)[0m [2026-03-03 05:32:17,024 E 252855 254237] core_worker_process.cc:825: Failed to establish connection to the metrics exporter agent. Metrics will not be exported. Exporter agent status: RpcError: Running out of retries to initialize the metrics agent. rpc_code: 14[32m [repeated 20x across cluster][0m
