[93mWARNING [0m:   DEPRECATED FEATURE: flwr.simulation.start_simulation() is deprecated.
	Instead, use the `flwr run` CLI command to start a local simulation in your Flower app, as shown for example below:

		$ flwr new  # Create a new Flower app from a template

		$ flwr run  # Run the Flower app in Simulation Mode

	Using `start_simulation()` is deprecated.

            This is a deprecated feature. It will be removed
            entirely in future versions of Flower.
        
[92mINFO [0m:      Starting Flower simulation, config: num_rounds=60, no round_timeout
2026-03-02 01:33:00,945	INFO worker.py:2012 -- Started a local Ray instance.
D:\Code\2025-11\moga-fl\.venv\lib\site-packages\ray\_private\worker.py:2051: FutureWarning: Tip: In future versions of Ray, Ray will no longer override accelerator visible devices env var if num_gpus=0 or num_gpus=None (default). To enable this behavior and turn off this error message, set RAY_ACCEL_ENV_VAR_OVERRIDE_ON_ZERO=0
  warnings.warn(
[92mINFO [0m:      Flower VCE: Ray initialized with resources: {'node:127.0.0.1': 1.0, 'GPU': 1.0, 'memory': 3669517108.0, 'accelerator_type:G': 1.0, 'object_store_memory': 1572650188.0, 'node:__internal_head__': 1.0, 'CPU': 16.0}
[92mINFO [0m:      Optimize your simulation with Flower VCE: https://flower.ai/docs/framework/how-to-run-simulations.html
[92mINFO [0m:      Flower VCE: Resources for each Virtual Client: {'num_cpus': 2.0, 'num_gpus': 0.25}
[92mINFO [0m:      Flower VCE: Creating VirtualClientEngineActorPool with 4 actors
[92mINFO [0m:      [INIT]
[92mINFO [0m:      Using initial global parameters provided by strategy
[92mINFO [0m:      Starting evaluation of initial global parameters
[92mINFO [0m:      initial parameters (loss, other metrics): 3.569974211197865, {'accuracy': 0.1}
[92mINFO [0m:      
[92mINFO [0m:      [ROUND 1]
[92mINFO [0m:      configure_fit: strategy sampled 5 clients (out of 10)
[36m(pid=gcs_server)[0m [2026-03-02 01:33:31,377 E 13664 42080] (gcs_server.exe) gcs_server.cc:302: Failed to establish connection to the event+metrics exporter agent. Events and metrics will not be exported. Exporter agent status: RpcError: Running out of retries to initialize the metrics agent. rpc_code: 14
[33m(raylet)[0m [2026-03-02 01:33:32,891 E 30236 25016] (raylet.exe) main.cc:975: Failed to establish connection to the metrics exporter agent. Metrics will not be exported. Exporter agent status: RpcError: Running out of retries to initialize the metrics agent. rpc_code: 14
[2026-03-02 01:33:34,311 E 15520 22300] core_worker_process.cc:825: Failed to establish connection to the metrics exporter agent. Metrics will not be exported. Exporter agent status: RpcError: Running out of retries to initialize the metrics agent. rpc_code: 14
[92mINFO [0m:      aggregate_fit: received 5 results and 0 failures
[92mINFO [0m:      fit progress: (1, 2.4351254505447195, {'accuracy': 0.1659}, 48.12883880001027)
[92mINFO [0m:      configure_evaluate: no clients selected, skipping evaluation
[92mINFO [0m:      
[92mINFO [0m:      [ROUND 2]
[92mINFO [0m:      configure_fit: strategy sampled 5 clients (out of 10)
[92mINFO [0m:      aggregate_fit: received 5 results and 0 failures
[92mINFO [0m:      fit progress: (2, 1.982733112347277, {'accuracy': 0.2576}, 69.70589839998866)
[92mINFO [0m:      configure_evaluate: no clients selected, skipping evaluation
[92mINFO [0m:      
[92mINFO [0m:      [ROUND 3]
[92mINFO [0m:      configure_fit: strategy sampled 5 clients (out of 10)
[92mINFO [0m:      aggregate_fit: received 5 results and 0 failures
[92mINFO [0m:      fit progress: (3, 1.6686058572576017, {'accuracy': 0.3817}, 112.88916139997309)
[92mINFO [0m:      configure_evaluate: no clients selected, skipping evaluation
[92mINFO [0m:      
[92mINFO [0m:      [ROUND 4]
[92mINFO [0m:      configure_fit: strategy sampled 5 clients (out of 10)
[92mINFO [0m:      aggregate_fit: received 5 results and 0 failures
[92mINFO [0m:      fit progress: (4, 1.9281272812734676, {'accuracy': 0.3582}, 152.15111949999118)
[92mINFO [0m:      configure_evaluate: no clients selected, skipping evaluation
[92mINFO [0m:      
[92mINFO [0m:      [ROUND 5]
[92mINFO [0m:      configure_fit: strategy sampled 5 clients (out of 10)
[92mINFO [0m:      aggregate_fit: received 5 results and 0 failures
[92mINFO [0m:      fit progress: (5, 1.4882691630834266, {'accuracy': 0.4496}, 183.64171850000275)
[92mINFO [0m:      configure_evaluate: no clients selected, skipping evaluation
[92mINFO [0m:      
[92mINFO [0m:      [ROUND 6]
[92mINFO [0m:      configure_fit: strategy sampled 5 clients (out of 10)
[92mINFO [0m:      aggregate_fit: received 5 results and 0 failures
[92mINFO [0m:      fit progress: (6, 1.4350710880907276, {'accuracy': 0.4968}, 226.4525835000095)
[92mINFO [0m:      configure_evaluate: no clients selected, skipping evaluation
[92mINFO [0m:      
[92mINFO [0m:      [ROUND 7]
[92mINFO [0m:      configure_fit: strategy sampled 5 clients (out of 10)
[92mINFO [0m:      aggregate_fit: received 5 results and 0 failures
[92mINFO [0m:      fit progress: (7, 1.482973198347454, {'accuracy': 0.432}, 261.35658239998156)
[92mINFO [0m:      configure_evaluate: no clients selected, skipping evaluation
[92mINFO [0m:      
[92mINFO [0m:      [ROUND 8]
[92mINFO [0m:      configure_fit: strategy sampled 5 clients (out of 10)
[92mINFO [0m:      aggregate_fit: received 5 results and 0 failures
[92mINFO [0m:      fit progress: (8, 1.4175440555886378, {'accuracy': 0.4917}, 299.7355730999843)
[92mINFO [0m:      configure_evaluate: no clients selected, skipping evaluation
[92mINFO [0m:      
[92mINFO [0m:      [ROUND 9]
[92mINFO [0m:      configure_fit: strategy sampled 5 clients (out of 10)
[92mINFO [0m:      aggregate_fit: received 5 results and 0 failures
[92mINFO [0m:      fit progress: (9, 1.2438101391249066, {'accuracy': 0.539}, 338.8619617999648)
[92mINFO [0m:      configure_evaluate: no clients selected, skipping evaluation
[92mINFO [0m:      
[92mINFO [0m:      [ROUND 10]
[92mINFO [0m:      configure_fit: strategy sampled 5 clients (out of 10)
[92mINFO [0m:      aggregate_fit: received 5 results and 0 failures
[92mINFO [0m:      fit progress: (10, 1.1974694147894653, {'accuracy': 0.5598}, 375.76355659996625)
[92mINFO [0m:      configure_evaluate: no clients selected, skipping evaluation
[92mINFO [0m:      
[92mINFO [0m:      [ROUND 11]
[92mINFO [0m:      configure_fit: strategy sampled 5 clients (out of 10)
[92mINFO [0m:      aggregate_fit: received 5 results and 0 failures
[92mINFO [0m:      fit progress: (11, 1.3467011587529243, {'accuracy': 0.5893}, 407.91221999999834)
[92mINFO [0m:      configure_evaluate: no clients selected, skipping evaluation
[92mINFO [0m:      
[92mINFO [0m:      [ROUND 12]
[92mINFO [0m:      configure_fit: strategy sampled 5 clients (out of 10)
[92mINFO [0m:      aggregate_fit: received 5 results and 0 failures
[92mINFO [0m:      fit progress: (12, 1.1038112066969086, {'accuracy': 0.5919}, 447.6308865000028)
[92mINFO [0m:      configure_evaluate: no clients selected, skipping evaluation
[92mINFO [0m:      
[92mINFO [0m:      [ROUND 13]
[92mINFO [0m:      configure_fit: strategy sampled 5 clients (out of 10)
[92mINFO [0m:      aggregate_fit: received 5 results and 0 failures
[92mINFO [0m:      fit progress: (13, 1.1148476313941087, {'accuracy': 0.5999}, 488.3838365999982)
[92mINFO [0m:      configure_evaluate: no clients selected, skipping evaluation
[92mINFO [0m:      
[92mINFO [0m:      [ROUND 14]
[92mINFO [0m:      configure_fit: strategy sampled 5 clients (out of 10)
[92mINFO [0m:      aggregate_fit: received 5 results and 0 failures
[92mINFO [0m:      fit progress: (14, 1.0104997656013393, {'accuracy': 0.6307}, 522.7323022999917)
[92mINFO [0m:      configure_evaluate: no clients selected, skipping evaluation
[92mINFO [0m:      
[92mINFO [0m:      [ROUND 15]
[92mINFO [0m:      configure_fit: strategy sampled 5 clients (out of 10)
[92mINFO [0m:      aggregate_fit: received 5 results and 0 failures
[92mINFO [0m:      fit progress: (15, 1.0418058143386357, {'accuracy': 0.6201}, 560.5397457999643)
[92mINFO [0m:      configure_evaluate: no clients selected, skipping evaluation
[92mINFO [0m:      
[92mINFO [0m:      [ROUND 16]
[92mINFO [0m:      configure_fit: strategy sampled 5 clients (out of 10)
[92mINFO [0m:      aggregate_fit: received 5 results and 0 failures
[92mINFO [0m:      fit progress: (16, 1.0912245074404945, {'accuracy': 0.6355}, 599.4787457999773)
[92mINFO [0m:      configure_evaluate: no clients selected, skipping evaluation
[92mINFO [0m:      
[92mINFO [0m:      [ROUND 17]
[92mINFO [0m:      configure_fit: strategy sampled 5 clients (out of 10)
[92mINFO [0m:      aggregate_fit: received 5 results and 0 failures
[92mINFO [0m:      fit progress: (17, 0.9451657314843769, {'accuracy': 0.6562}, 637.3791804999928)
[92mINFO [0m:      configure_evaluate: no clients selected, skipping evaluation
[92mINFO [0m:      
[92mINFO [0m:      [ROUND 18]
[92mINFO [0m:      configure_fit: strategy sampled 5 clients (out of 10)
[92mINFO [0m:      aggregate_fit: received 5 results and 0 failures
[92mINFO [0m:      fit progress: (18, 1.2010203713103185, {'accuracy': 0.6161}, 673.1480821999721)
[92mINFO [0m:      configure_evaluate: no clients selected, skipping evaluation
[92mINFO [0m:      
[92mINFO [0m:      [ROUND 19]
[92mINFO [0m:      configure_fit: strategy sampled 5 clients (out of 10)
[92mINFO [0m:      aggregate_fit: received 5 results and 0 failures
[92mINFO [0m:      fit progress: (19, 1.1599509927290905, {'accuracy': 0.6105}, 707.2015388999716)
[92mINFO [0m:      configure_evaluate: no clients selected, skipping evaluation
[92mINFO [0m:      
[92mINFO [0m:      [ROUND 20]
[92mINFO [0m:      configure_fit: strategy sampled 5 clients (out of 10)
[92mINFO [0m:      aggregate_fit: received 5 results and 0 failures
[92mINFO [0m:      fit progress: (20, 1.003686698931682, {'accuracy': 0.6409}, 744.7912975000218)
[92mINFO [0m:      configure_evaluate: no clients selected, skipping evaluation
[92mINFO [0m:      
[92mINFO [0m:      [ROUND 21]
[92mINFO [0m:      configure_fit: strategy sampled 5 clients (out of 10)
[92mINFO [0m:      aggregate_fit: received 5 results and 0 failures
[92mINFO [0m:      fit progress: (21, 1.142865976200828, {'accuracy': 0.6632}, 783.5871999000083)
[92mINFO [0m:      configure_evaluate: no clients selected, skipping evaluation
[92mINFO [0m:      
[92mINFO [0m:      [ROUND 22]
[92mINFO [0m:      configure_fit: strategy sampled 5 clients (out of 10)
[92mINFO [0m:      aggregate_fit: received 5 results and 0 failures
[92mINFO [0m:      fit progress: (22, 0.8020950382268881, {'accuracy': 0.72}, 821.733398100012)
[92mINFO [0m:      configure_evaluate: no clients selected, skipping evaluation
[92mINFO [0m:      
[92mINFO [0m:      [ROUND 23]
[92mINFO [0m:      configure_fit: strategy sampled 5 clients (out of 10)
[92mINFO [0m:      aggregate_fit: received 5 results and 0 failures
[92mINFO [0m:      fit progress: (23, 1.0401351466963562, {'accuracy': 0.686}, 857.3089154000045)
[92mINFO [0m:      configure_evaluate: no clients selected, skipping evaluation
[92mINFO [0m:      
[92mINFO [0m:      [ROUND 24]
[92mINFO [0m:      configure_fit: strategy sampled 5 clients (out of 10)
[92mINFO [0m:      aggregate_fit: received 5 results and 0 failures
[92mINFO [0m:      fit progress: (24, 0.911706104308744, {'accuracy': 0.6866}, 891.2893616000074)
[92mINFO [0m:      configure_evaluate: no clients selected, skipping evaluation
[92mINFO [0m:      
[92mINFO [0m:      [ROUND 25]
[92mINFO [0m:      configure_fit: strategy sampled 5 clients (out of 10)
[92mINFO [0m:      aggregate_fit: received 5 results and 0 failures
[92mINFO [0m:      fit progress: (25, 0.8007536477680448, {'accuracy': 0.7132}, 928.6301525000017)
[92mINFO [0m:      configure_evaluate: no clients selected, skipping evaluation
[92mINFO [0m:      
[92mINFO [0m:      [ROUND 26]
[92mINFO [0m:      configure_fit: strategy sampled 5 clients (out of 10)
[92mINFO [0m:      aggregate_fit: received 5 results and 0 failures
[92mINFO [0m:      fit progress: (26, 0.8431209159802787, {'accuracy': 0.7049}, 967.1938036999782)
[92mINFO [0m:      configure_evaluate: no clients selected, skipping evaluation
[92mINFO [0m:      
[92mINFO [0m:      [ROUND 27]
[92mINFO [0m:      configure_fit: strategy sampled 5 clients (out of 10)
[92mINFO [0m:      aggregate_fit: received 5 results and 0 failures
[92mINFO [0m:      fit progress: (27, 0.8206006288528442, {'accuracy': 0.7162}, 1004.9279071000055)
[92mINFO [0m:      configure_evaluate: no clients selected, skipping evaluation
[92mINFO [0m:      
[92mINFO [0m:      [ROUND 28]
[92mINFO [0m:      configure_fit: strategy sampled 5 clients (out of 10)
[92mINFO [0m:      aggregate_fit: received 5 results and 0 failures
[92mINFO [0m:      fit progress: (28, 1.021804232386094, {'accuracy': 0.707}, 1040.484667200013)
[92mINFO [0m:      configure_evaluate: no clients selected, skipping evaluation
[92mINFO [0m:      
[92mINFO [0m:      [ROUND 29]
[92mINFO [0m:      configure_fit: strategy sampled 5 clients (out of 10)
[92mINFO [0m:      aggregate_fit: received 5 results and 0 failures
[92mINFO [0m:      fit progress: (29, 0.8952333647993547, {'accuracy': 0.6987}, 1078.7636363999918)
[92mINFO [0m:      configure_evaluate: no clients selected, skipping evaluation
[92mINFO [0m:      
[92mINFO [0m:      [ROUND 30]
[92mINFO [0m:      configure_fit: strategy sampled 5 clients (out of 10)
[92mINFO [0m:      aggregate_fit: received 5 results and 0 failures
[92mINFO [0m:      fit progress: (30, 0.828943457784532, {'accuracy': 0.7105}, 1110.944907099998)
[92mINFO [0m:      configure_evaluate: no clients selected, skipping evaluation
[92mINFO [0m:      
[92mINFO [0m:      [ROUND 31]
[92mINFO [0m:      configure_fit: strategy sampled 5 clients (out of 10)
[92mINFO [0m:      aggregate_fit: received 5 results and 0 failures
[92mINFO [0m:      fit progress: (31, 1.1511359297776524, {'accuracy': 0.6468}, 1149.0594417999964)
[92mINFO [0m:      configure_evaluate: no clients selected, skipping evaluation
[92mINFO [0m:      
[92mINFO [0m:      [ROUND 32]
[92mINFO [0m:      configure_fit: strategy sampled 5 clients (out of 10)
[92mINFO [0m:      aggregate_fit: received 5 results and 0 failures
[92mINFO [0m:      fit progress: (32, 0.8921013089674937, {'accuracy': 0.7135}, 1187.2366410999675)
[92mINFO [0m:      configure_evaluate: no clients selected, skipping evaluation
[92mINFO [0m:      
[92mINFO [0m:      [ROUND 33]
[92mINFO [0m:      configure_fit: strategy sampled 5 clients (out of 10)
[92mINFO [0m:      aggregate_fit: received 5 results and 0 failures
[92mINFO [0m:      fit progress: (33, 1.107126171075845, {'accuracy': 0.6601}, 1223.483112099988)
[92mINFO [0m:      configure_evaluate: no clients selected, skipping evaluation
[92mINFO [0m:      
[92mINFO [0m:      [ROUND 34]
[92mINFO [0m:      configure_fit: strategy sampled 5 clients (out of 10)
[92mINFO [0m:      aggregate_fit: received 5 results and 0 failures
[92mINFO [0m:      fit progress: (34, 0.8754135770133779, {'accuracy': 0.6987}, 1262.9631537999958)
[92mINFO [0m:      configure_evaluate: no clients selected, skipping evaluation
[92mINFO [0m:      
[92mINFO [0m:      [ROUND 35]
[92mINFO [0m:      configure_fit: strategy sampled 5 clients (out of 10)
[92mINFO [0m:      aggregate_fit: received 5 results and 0 failures
[92mINFO [0m:      fit progress: (35, 0.7439429910877083, {'accuracy': 0.7453}, 1295.1291481999797)
[92mINFO [0m:      configure_evaluate: no clients selected, skipping evaluation
[92mINFO [0m:      
[92mINFO [0m:      [ROUND 36]
[92mINFO [0m:      configure_fit: strategy sampled 5 clients (out of 10)
[92mINFO [0m:      aggregate_fit: received 5 results and 0 failures
[92mINFO [0m:      fit progress: (36, 0.7806555794764168, {'accuracy': 0.7263}, 1333.2733948999667)
[92mINFO [0m:      configure_evaluate: no clients selected, skipping evaluation
[92mINFO [0m:      
[92mINFO [0m:      [ROUND 37]
[92mINFO [0m:      configure_fit: strategy sampled 5 clients (out of 10)
[92mINFO [0m:      aggregate_fit: received 5 results and 0 failures
[92mINFO [0m:      fit progress: (37, 0.8001571365549595, {'accuracy': 0.7253}, 1371.2018723000074)
[92mINFO [0m:      configure_evaluate: no clients selected, skipping evaluation
[92mINFO [0m:      
[92mINFO [0m:      [ROUND 38]
[92mINFO [0m:      configure_fit: strategy sampled 5 clients (out of 10)
[92mINFO [0m:      aggregate_fit: received 5 results and 0 failures
[92mINFO [0m:      fit progress: (38, 0.7477778418909146, {'accuracy': 0.755}, 1410.9005142999813)
[92mINFO [0m:      configure_evaluate: no clients selected, skipping evaluation
[92mINFO [0m:      
[92mINFO [0m:      [ROUND 39]
[92mINFO [0m:      configure_fit: strategy sampled 5 clients (out of 10)
[92mINFO [0m:      aggregate_fit: received 5 results and 0 failures
[92mINFO [0m:      fit progress: (39, 0.7119188629373719, {'accuracy': 0.7613}, 1446.150584499992)
[92mINFO [0m:      configure_evaluate: no clients selected, skipping evaluation
[92mINFO [0m:      
[92mINFO [0m:      [ROUND 40]
[92mINFO [0m:      configure_fit: strategy sampled 5 clients (out of 10)
[92mINFO [0m:      aggregate_fit: received 5 results and 0 failures
[92mINFO [0m:      fit progress: (40, 0.9160143650030788, {'accuracy': 0.7352}, 1478.2203123000218)
[92mINFO [0m:      configure_evaluate: no clients selected, skipping evaluation
[92mINFO [0m:      
[92mINFO [0m:      [ROUND 41]
[92mINFO [0m:      configure_fit: strategy sampled 5 clients (out of 10)
[92mINFO [0m:      aggregate_fit: received 5 results and 0 failures
[92mINFO [0m:      fit progress: (41, 0.8434022310413892, {'accuracy': 0.7424}, 1517.028941800003)
[92mINFO [0m:      configure_evaluate: no clients selected, skipping evaluation
[92mINFO [0m:      
[92mINFO [0m:      [ROUND 42]
[92mINFO [0m:      configure_fit: strategy sampled 5 clients (out of 10)
[92mINFO [0m:      aggregate_fit: received 5 results and 0 failures
[92mINFO [0m:      fit progress: (42, 0.7224159448207179, {'accuracy': 0.7588}, 1554.488960399991)
[92mINFO [0m:      configure_evaluate: no clients selected, skipping evaluation
[92mINFO [0m:      
[92mINFO [0m:      [ROUND 43]
[92mINFO [0m:      configure_fit: strategy sampled 5 clients (out of 10)
[92mINFO [0m:      aggregate_fit: received 5 results and 0 failures
[92mINFO [0m:      fit progress: (43, 0.7487679802918736, {'accuracy': 0.7482}, 1594.2633804000216)
[92mINFO [0m:      configure_evaluate: no clients selected, skipping evaluation
[92mINFO [0m:      
[92mINFO [0m:      [ROUND 44]
[92mINFO [0m:      configure_fit: strategy sampled 5 clients (out of 10)
[92mINFO [0m:      aggregate_fit: received 5 results and 0 failures
[92mINFO [0m:      fit progress: (44, 0.6242834782298607, {'accuracy': 0.787}, 1628.8634300999693)
[92mINFO [0m:      configure_evaluate: no clients selected, skipping evaluation
[92mINFO [0m:      
[92mINFO [0m:      [ROUND 45]
[92mINFO [0m:      configure_fit: strategy sampled 5 clients (out of 10)
[92mINFO [0m:      aggregate_fit: received 5 results and 0 failures
[92mINFO [0m:      fit progress: (45, 0.8974560936795005, {'accuracy': 0.7104}, 1652.5763753000065)
[92mINFO [0m:      configure_evaluate: no clients selected, skipping evaluation
[92mINFO [0m:      
[92mINFO [0m:      [ROUND 46]
[92mINFO [0m:      configure_fit: strategy sampled 5 clients (out of 10)
[92mINFO [0m:      aggregate_fit: received 5 results and 0 failures
[92mINFO [0m:      fit progress: (46, 0.7782502008389823, {'accuracy': 0.7474}, 1687.6331789999967)
[92mINFO [0m:      configure_evaluate: no clients selected, skipping evaluation
[92mINFO [0m:      
[92mINFO [0m:      [ROUND 47]
[92mINFO [0m:      configure_fit: strategy sampled 5 clients (out of 10)
[92mINFO [0m:      aggregate_fit: received 5 results and 0 failures
[92mINFO [0m:      fit progress: (47, 0.6915507505211649, {'accuracy': 0.7643}, 1720.8674411000102)
[92mINFO [0m:      configure_evaluate: no clients selected, skipping evaluation
[92mINFO [0m:      
[92mINFO [0m:      [ROUND 48]
[92mINFO [0m:      configure_fit: strategy sampled 5 clients (out of 10)
[92mINFO [0m:      aggregate_fit: received 5 results and 0 failures
[92mINFO [0m:      fit progress: (48, 0.6614375042764447, {'accuracy': 0.7743}, 1757.644078399986)
[92mINFO [0m:      configure_evaluate: no clients selected, skipping evaluation
[92mINFO [0m:      
[92mINFO [0m:      [ROUND 49]
[92mINFO [0m:      configure_fit: strategy sampled 5 clients (out of 10)
[92mINFO [0m:      aggregate_fit: received 5 results and 0 failures
[92mINFO [0m:      fit progress: (49, 0.7255507737775392, {'accuracy': 0.7491}, 1790.4995150999748)
[92mINFO [0m:      configure_evaluate: no clients selected, skipping evaluation
[92mINFO [0m:      
[92mINFO [0m:      [ROUND 50]
[92mINFO [0m:      configure_fit: strategy sampled 5 clients (out of 10)
[92mINFO [0m:      aggregate_fit: received 5 results and 0 failures
[92mINFO [0m:      fit progress: (50, 0.5677747801889347, {'accuracy': 0.8053}, 1819.6294541999814)
[92mINFO [0m:      configure_evaluate: no clients selected, skipping evaluation
[92mINFO [0m:      
[92mINFO [0m:      [ROUND 51]
[92mINFO [0m:      configure_fit: strategy sampled 5 clients (out of 10)
[92mINFO [0m:      aggregate_fit: received 5 results and 0 failures
[92mINFO [0m:      fit progress: (51, 0.5867453108105478, {'accuracy': 0.7999}, 1854.723477499967)
[92mINFO [0m:      configure_evaluate: no clients selected, skipping evaluation
[92mINFO [0m:      
[92mINFO [0m:      [ROUND 52]
[92mINFO [0m:      configure_fit: strategy sampled 5 clients (out of 10)
[92mINFO [0m:      aggregate_fit: received 5 results and 0 failures
[92mINFO [0m:      fit progress: (52, 0.7001491094691844, {'accuracy': 0.7729}, 1883.4764170999988)
[92mINFO [0m:      configure_evaluate: no clients selected, skipping evaluation
[92mINFO [0m:      
[92mINFO [0m:      [ROUND 53]
[92mINFO [0m:      configure_fit: strategy sampled 5 clients (out of 10)
[92mINFO [0m:      aggregate_fit: received 5 results and 0 failures
[92mINFO [0m:      fit progress: (53, 0.6960328606110585, {'accuracy': 0.7728}, 1918.4216114999726)
[92mINFO [0m:      configure_evaluate: no clients selected, skipping evaluation
[92mINFO [0m:      
[92mINFO [0m:      [ROUND 54]
[92mINFO [0m:      configure_fit: strategy sampled 5 clients (out of 10)
[92mINFO [0m:      aggregate_fit: received 5 results and 0 failures
[92mINFO [0m:      fit progress: (54, 0.6379114679897888, {'accuracy': 0.7836}, 1951.951594299986)
[92mINFO [0m:      configure_evaluate: no clients selected, skipping evaluation
[92mINFO [0m:      
[92mINFO [0m:      [ROUND 55]
[92mINFO [0m:      configure_fit: strategy sampled 5 clients (out of 10)
[92mINFO [0m:      aggregate_fit: received 5 results and 0 failures
[92mINFO [0m:      fit progress: (55, 0.6710190305226966, {'accuracy': 0.7769}, 1984.5437909999746)
[92mINFO [0m:      configure_evaluate: no clients selected, skipping evaluation
[92mINFO [0m:      
[92mINFO [0m:      [ROUND 56]
[92mINFO [0m:      configure_fit: strategy sampled 5 clients (out of 10)
[92mINFO [0m:      aggregate_fit: received 5 results and 0 failures
[92mINFO [0m:      fit progress: (56, 0.9203848386112647, {'accuracy': 0.7105}, 2019.977523199981)
[92mINFO [0m:      configure_evaluate: no clients selected, skipping evaluation
[92mINFO [0m:      
[92mINFO [0m:      [ROUND 57]
[92mINFO [0m:      configure_fit: strategy sampled 5 clients (out of 10)
[92mINFO [0m:      aggregate_fit: received 5 results and 0 failures
[92mINFO [0m:      fit progress: (57, 0.6778324548202225, {'accuracy': 0.7743}, 2050.68175519997)
[92mINFO [0m:      configure_evaluate: no clients selected, skipping evaluation
[92mINFO [0m:      
[92mINFO [0m:      [ROUND 58]
[92mINFO [0m:      configure_fit: strategy sampled 5 clients (out of 10)
[92mINFO [0m:      aggregate_fit: received 5 results and 0 failures
[92mINFO [0m:      fit progress: (58, 0.5906926329377331, {'accuracy': 0.7994}, 2085.760995599965)
[92mINFO [0m:      configure_evaluate: no clients selected, skipping evaluation
[92mINFO [0m:      
[92mINFO [0m:      [ROUND 59]
[92mINFO [0m:      configure_fit: strategy sampled 5 clients (out of 10)
[92mINFO [0m:      aggregate_fit: received 5 results and 0 failures
[92mINFO [0m:      fit progress: (59, 0.6279931664466858, {'accuracy': 0.7834}, 2114.7367646999774)
[92mINFO [0m:      configure_evaluate: no clients selected, skipping evaluation
[92mINFO [0m:      
[92mINFO [0m:      [ROUND 60]
[92mINFO [0m:      configure_fit: strategy sampled 5 clients (out of 10)
[92mINFO [0m:      aggregate_fit: received 5 results and 0 failures
[92mINFO [0m:      fit progress: (60, 0.807910663417623, {'accuracy': 0.7439}, 2146.060772800003)
[92mINFO [0m:      configure_evaluate: no clients selected, skipping evaluation
[92mINFO [0m:      
[92mINFO [0m:      [SUMMARY]
[92mINFO [0m:      Run finished 60 round(s) in 2146.06s
[92mINFO [0m:      	History (loss, centralized):
[92mINFO [0m:      		round 0: 3.569974211197865
[92mINFO [0m:      		round 1: 2.4351254505447195
[92mINFO [0m:      		round 2: 1.982733112347277
[92mINFO [0m:      		round 3: 1.6686058572576017
[92mINFO [0m:      		round 4: 1.9281272812734676
[92mINFO [0m:      		round 5: 1.4882691630834266
[92mINFO [0m:      		round 6: 1.4350710880907276
[92mINFO [0m:      		round 7: 1.482973198347454
[92mINFO [0m:      		round 8: 1.4175440555886378
[92mINFO [0m:      		round 9: 1.2438101391249066
[92mINFO [0m:      		round 10: 1.1974694147894653
[92mINFO [0m:      		round 11: 1.3467011587529243
[92mINFO [0m:      		round 12: 1.1038112066969086
[92mINFO [0m:      		round 13: 1.1148476313941087
[92mINFO [0m:      		round 14: 1.0104997656013393
[92mINFO [0m:      		round 15: 1.0418058143386357
[92mINFO [0m:      		round 16: 1.0912245074404945
[92mINFO [0m:      		round 17: 0.9451657314843769
[92mINFO [0m:      		round 18: 1.2010203713103185
[92mINFO [0m:      		round 19: 1.1599509927290905
[92mINFO [0m:      		round 20: 1.003686698931682
[92mINFO [0m:      		round 21: 1.142865976200828
[92mINFO [0m:      		round 22: 0.8020950382268881
[92mINFO [0m:      		round 23: 1.0401351466963562
[92mINFO [0m:      		round 24: 0.911706104308744
[92mINFO [0m:      		round 25: 0.8007536477680448
[92mINFO [0m:      		round 26: 0.8431209159802787
[92mINFO [0m:      		round 27: 0.8206006288528442
[92mINFO [0m:      		round 28: 1.021804232386094
[92mINFO [0m:      		round 29: 0.8952333647993547
[92mINFO [0m:      		round 30: 0.828943457784532
[92mINFO [0m:      		round 31: 1.1511359297776524
[92mINFO [0m:      		round 32: 0.8921013089674937
[92mINFO [0m:      		round 33: 1.107126171075845
[92mINFO [0m:      		round 34: 0.8754135770133779
[92mINFO [0m:      		round 35: 0.7439429910877083
[92mINFO [0m:      		round 36: 0.7806555794764168
[92mINFO [0m:      		round 37: 0.8001571365549595
[92mINFO [0m:      		round 38: 0.7477778418909146
[92mINFO [0m:      		round 39: 0.7119188629373719
[92mINFO [0m:      		round 40: 0.9160143650030788
[92mINFO [0m:      		round 41: 0.8434022310413892
[92mINFO [0m:      		round 42: 0.7224159448207179
[92mINFO [0m:      		round 43: 0.7487679802918736
[92mINFO [0m:      		round 44: 0.6242834782298607
[92mINFO [0m:      		round 45: 0.8974560936795005
[92mINFO [0m:      		round 46: 0.7782502008389823
[92mINFO [0m:      		round 47: 0.6915507505211649
[92mINFO [0m:      		round 48: 0.6614375042764447
[92mINFO [0m:      		round 49: 0.7255507737775392
[92mINFO [0m:      		round 50: 0.5677747801889347
[92mINFO [0m:      		round 51: 0.5867453108105478
[92mINFO [0m:      		round 52: 0.7001491094691844
[92mINFO [0m:      		round 53: 0.6960328606110585
[92mINFO [0m:      		round 54: 0.6379114679897888
[92mINFO [0m:      		round 55: 0.6710190305226966
[92mINFO [0m:      		round 56: 0.9203848386112647
[92mINFO [0m:      		round 57: 0.6778324548202225
[92mINFO [0m:      		round 58: 0.5906926329377331
[92mINFO [0m:      		round 59: 0.6279931664466858
[92mINFO [0m:      		round 60: 0.807910663417623
[92mINFO [0m:      	History (metrics, distributed, fit):
[92mINFO [0m:      	{'accuracy': [(1, 0.1659),
[92mINFO [0m:      	              (2, 0.2576),
[92mINFO [0m:      	              (3, 0.3817),
[92mINFO [0m:      	              (4, 0.3582),
[92mINFO [0m:      	              (5, 0.4496),
[92mINFO [0m:      	              (6, 0.4968),
[92mINFO [0m:      	              (7, 0.432),
[92mINFO [0m:      	              (8, 0.4917),
[92mINFO [0m:      	              (9, 0.539),
[92mINFO [0m:      	              (10, 0.5598),
[92mINFO [0m:      	              (11, 0.5893),
[92mINFO [0m:      	              (12, 0.5919),
[92mINFO [0m:      	              (13, 0.5999),
[92mINFO [0m:      	              (14, 0.6307),
[92mINFO [0m:      	              (15, 0.6201),
[92mINFO [0m:      	              (16, 0.6355),
[92mINFO [0m:      	              (17, 0.6562),
[92mINFO [0m:      	              (18, 0.6161),
[92mINFO [0m:      	              (19, 0.6105),
[92mINFO [0m:      	              (20, 0.6409),
[92mINFO [0m:      	              (21, 0.6632),
[92mINFO [0m:      	              (22, 0.72),
[92mINFO [0m:      	              (23, 0.686),
[92mINFO [0m:      	              (24, 0.6866),
[92mINFO [0m:      	              (25, 0.7132),
[92mINFO [0m:      	              (26, 0.7049),
[92mINFO [0m:      	              (27, 0.7162),
[92mINFO [0m:      	              (28, 0.707),
[92mINFO [0m:      	              (29, 0.6987),
[92mINFO [0m:      	              (30, 0.7105),
[92mINFO [0m:      	              (31, 0.6468),
[92mINFO [0m:      	              (32, 0.7135),
[92mINFO [0m:      	              (33, 0.6601),
[92mINFO [0m:      	              (34, 0.6987),
[92mINFO [0m:      	              (35, 0.7453),
[92mINFO [0m:      	              (36, 0.7263),
[92mINFO [0m:      	              (37, 0.7253),
[92mINFO [0m:      	              (38, 0.755),
[92mINFO [0m:      	              (39, 0.7613),
[92mINFO [0m:      	              (40, 0.7352),
[92mINFO [0m:      	              (41, 0.7424),
[92mINFO [0m:      	              (42, 0.7588),
[92mINFO [0m:      	              (43, 0.7482),
[92mINFO [0m:      	              (44, 0.787),
[92mINFO [0m:      	              (45, 0.7104),
[92mINFO [0m:      	              (46, 0.7474),
[92mINFO [0m:      	              (47, 0.7643),
[92mINFO [0m:      	              (48, 0.7743),
[92mINFO [0m:      	              (49, 0.7491),
[92mINFO [0m:      	              (50, 0.8053),
[92mINFO [0m:      	              (51, 0.7999),
[92mINFO [0m:      	              (52, 0.7729),
[92mINFO [0m:      	              (53, 0.7728),
[92mINFO [0m:      	              (54, 0.7836),
[92mINFO [0m:      	              (55, 0.7769),
[92mINFO [0m:      	              (56, 0.7105),
[92mINFO [0m:      	              (57, 0.7743),
[92mINFO [0m:      	              (58, 0.7994),
[92mINFO [0m:      	              (59, 0.7834),
[92mINFO [0m:      	              (60, 0.7439)],
[92mINFO [0m:      	 'avg_per': [(1, 0.043375999999999984),
[92mINFO [0m:      	             (2, 0.043219999999999974),
[92mINFO [0m:      	             (3, 0.07683799999999996),
[92mINFO [0m:      	             (4, 0.05937199999999994),
[92mINFO [0m:      	             (5, 0.03200799999999998),
[92mINFO [0m:      	             (6, 0.06754199999999998),
[92mINFO [0m:      	             (7, 0.05430199999999996),
[92mINFO [0m:      	             (8, 0.027848),
[92mINFO [0m:      	             (9, 0.06321799999999997),
[92mINFO [0m:      	             (10, 0.05161399999999996),
[92mINFO [0m:      	             (11, 0.051773999999999966),
[92mINFO [0m:      	             (12, 0.04329199999999998),
[92mINFO [0m:      	             (13, 0.06739399999999998),
[92mINFO [0m:      	             (14, 0.06025399999999994),
[92mINFO [0m:      	             (15, 0.03937199999999996),
[92mINFO [0m:      	             (16, 0.027607999999999983),
[92mINFO [0m:      	             (17, 0.02760599999999998),
[92mINFO [0m:      	             (18, 0.07203799999999998),
[92mINFO [0m:      	             (19, 0.08235199999999998),
[92mINFO [0m:      	             (20, 0.07523599999999997),
[92mINFO [0m:      	             (21, 0.08236599999999997),
[92mINFO [0m:      	             (22, 0.07037999999999997),
[92mINFO [0m:      	             (23, 0.05545399999999996),
[92mINFO [0m:      	             (24, 0.039461999999999935),
[92mINFO [0m:      	             (25, 0.07540199999999994),
[92mINFO [0m:      	             (26, 0.07113599999999995),
[92mINFO [0m:      	             (27, 0.059527999999999956),
[92mINFO [0m:      	             (28, 0.06909199999999995),
[92mINFO [0m:      	             (29, 0.07868799999999992),
[92mINFO [0m:      	             (30, 0.08705999999999993),
[92mINFO [0m:      	             (31, 0.07106799999999996),
[92mINFO [0m:      	             (32, 0.07091399999999996),
[92mINFO [0m:      	             (33, 0.07082599999999994),
[92mINFO [0m:      	             (34, 0.04722999999999998),
[92mINFO [0m:      	             (35, 0.07045799999999994),
[92mINFO [0m:      	             (36, 0.043449999999999975),
[92mINFO [0m:      	             (37, 0.04594599999999998),
[92mINFO [0m:      	             (38, 0.035535999999999957),
[92mINFO [0m:      	             (39, 0.04040199999999996),
[92mINFO [0m:      	             (40, 0.04803999999999994),
[92mINFO [0m:      	             (41, 0.07851799999999995),
[92mINFO [0m:      	             (42, 0.06706),
[92mINFO [0m:      	             (43, 0.067376),
[92mINFO [0m:      	             (44, 0.05552799999999998),
[92mINFO [0m:      	             (45, 0.05860199999999997),
[92mINFO [0m:      	             (46, 0.06677799999999999),
[92mINFO [0m:      	             (47, 0.056087999999999985),
[92mINFO [0m:      	             (48, 0.03886199999999998),
[92mINFO [0m:      	             (49, 0.04323199999999994),
[92mINFO [0m:      	             (50, 0.03508199999999996),
[92mINFO [0m:      	             (51, 0.062297999999999965),
[92mINFO [0m:      	             (52, 0.07694399999999998),
[92mINFO [0m:      	             (53, 0.04817399999999992),
[92mINFO [0m:      	             (54, 0.058675999999999895),
[92mINFO [0m:      	             (55, 0.048239999999999984),
[92mINFO [0m:      	             (56, 0.051687999999999935),
[92mINFO [0m:      	             (57, 0.06698799999999996),
[92mINFO [0m:      	             (58, 0.06588599999999994),
[92mINFO [0m:      	             (59, 0.07046799999999998),
[92mINFO [0m:      	             (60, 0.05879399999999994)],
[92mINFO [0m:      	 'bw_factor': [(1, 1.0),
[92mINFO [0m:      	               (2, 0.8),
[92mINFO [0m:      	               (3, 0.8650741959687395),
[92mINFO [0m:      	               (4, 0.8513554901935542),
[92mINFO [0m:      	               (5, 0.8509846624230881),
[92mINFO [0m:      	               (6, 0.8678886554847993),
[92mINFO [0m:      	               (7, 0.8409249366772543),
[92mINFO [0m:      	               (8, 0.8345386682549112),
[92mINFO [0m:      	               (9, 0.8356290319141527),
[92mINFO [0m:      	               (10, 0.8251337544895709),
[92mINFO [0m:      	               (11, 0.9102338765977007),
[92mINFO [0m:      	               (12, 0.9113186075462393),
[92mINFO [0m:      	               (13, 0.9109747763831567),
[92mINFO [0m:      	               (14, 0.9108309142076163),
[92mINFO [0m:      	               (15, 0.8204103645587084),
[92mINFO [0m:      	               (16, 0.8134883938830594),
[92mINFO [0m:      	               (17, 0.8147931181008953),
[92mINFO [0m:      	               (18, 0.8102605778668621),
[92mINFO [0m:      	               (19, 0.8163895362310987),
[92mINFO [0m:      	               (20, 0.8210657054006646),
[92mINFO [0m:      	               (21, 0.8187262452574569),
[92mINFO [0m:      	               (22, 0.8177271399060521),
[92mINFO [0m:      	               (23, 0.8152427290355116),
[92mINFO [0m:      	               (24, 0.8119734044771174),
[92mINFO [0m:      	               (25, 0.8119558996811049),
[92mINFO [0m:      	               (26, 0.8089530941059565),
[92mINFO [0m:      	               (27, 0.8125112000530437),
[92mINFO [0m:      	               (28, 0.8102633999606161),
[92mINFO [0m:      	               (29, 0.8068386763563653),
[92mINFO [0m:      	               (30, 0.8054480169235441),
[92mINFO [0m:      	               (31, 0.8134499424715114),
[92mINFO [0m:      	               (32, 0.8460165590719257),
[92mINFO [0m:      	               (33, 0.8442447119921721),
[92mINFO [0m:      	               (34, 0.8467678557096666),
[92mINFO [0m:      	               (35, 0.8380420230853715),
[92mINFO [0m:      	               (36, 0.8198647145011052),
[92mINFO [0m:      	               (37, 0.8195810084085364),
[92mINFO [0m:      	               (38, 0.8171611536025966),
[92mINFO [0m:      	               (39, 0.816645116528957),
[92mINFO [0m:      	               (40, 0.8109903956350499),
[92mINFO [0m:      	               (41, 0.8233509308148079),
[92mINFO [0m:      	               (42, 0.8218489351528252),
[92mINFO [0m:      	               (43, 0.817235444454526),
[92mINFO [0m:      	               (44, 0.8180604852755125),
[92mINFO [0m:      	               (45, 0.9146614868961082),
[92mINFO [0m:      	               (46, 0.919874884970082),
[92mINFO [0m:      	               (47, 0.9209577065497705),
[92mINFO [0m:      	               (48, 0.9236740289931001),
[92mINFO [0m:      	               (49, 0.8290977604260846),
[92mINFO [0m:      	               (50, 0.8157669943063167),
[92mINFO [0m:      	               (51, 0.9083526407364209),
[92mINFO [0m:      	               (52, 0.9072543898948171),
[92mINFO [0m:      	               (53, 0.9113321087418947),
[92mINFO [0m:      	               (54, 0.9103013748425409),
[92mINFO [0m:      	               (55, 0.8141324652165505),
[92mINFO [0m:      	               (56, 0.8156628202161005),
[92mINFO [0m:      	               (57, 0.8082333008700727),
[92mINFO [0m:      	               (58, 0.8515573170642252),
[92mINFO [0m:      	               (59, 0.8506946953945911),
[92mINFO [0m:      	               (60, 0.8485225663356021)],
[92mINFO [0m:      	 'energy': [(1, 159.24328671244382),
[92mINFO [0m:      	            (2, 55.61699825012646),
[92mINFO [0m:      	            (3, 174.7303716332353),
[92mINFO [0m:      	            (4, 131.15944968151098),
[92mINFO [0m:      	            (5, 100.17046691727532),
[92mINFO [0m:      	            (6, 149.8446104072545),
[92mINFO [0m:      	            (7, 114.69524885012585),
[92mINFO [0m:      	            (8, 127.89174732708541),
[92mINFO [0m:      	            (9, 131.62368205332558),
[92mINFO [0m:      	            (10, 470.51440549633776),
[92mINFO [0m:      	            (11, 104.48761810262454),
[92mINFO [0m:      	            (12, 131.12729763286293),
[92mINFO [0m:      	            (13, 132.9774665732819),
[92mINFO [0m:      	            (14, 109.03511256727548),
[92mINFO [0m:      	            (15, 122.89694058547158),
[92mINFO [0m:      	            (16, 127.65731921157037),
[92mINFO [0m:      	            (17, 124.8431472010604),
[92mINFO [0m:      	            (18, 140.4820387598558),
[92mINFO [0m:      	            (19, 109.75858501493953),
[92mINFO [0m:      	            (20, 134.23036182187536),
[92mINFO [0m:      	            (21, 127.65027433508486),
[92mINFO [0m:      	            (22, 124.36148544381115),
[92mINFO [0m:      	            (23, 118.53543738266762),
[92mINFO [0m:      	            (24, 109.5304226944601),
[92mINFO [0m:      	            (25, 122.7501946076062),
[92mINFO [0m:      	            (26, 127.57986644005912),
[92mINFO [0m:      	            (27, 124.27091809418471),
[92mINFO [0m:      	            (28, 118.26893829494921),
[92mINFO [0m:      	            (29, 126.29859750166489),
[92mINFO [0m:      	            (30, 102.38175870326162),
[92mINFO [0m:      	            (31, 166.82910827112443),
[92mINFO [0m:      	            (32, 124.18085166111078),
[92mINFO [0m:      	            (33, 117.87992117307516),
[92mINFO [0m:      	            (34, 131.49621621594633),
[92mINFO [0m:      	            (35, 100.18517995154563),
[92mINFO [0m:      	            (36, 134.01472940212767),
[92mINFO [0m:      	            (37, 124.36584491328456),
[92mINFO [0m:      	            (38, 134.440428776955),
[92mINFO [0m:      	            (39, 115.38964198336322),
[92mINFO [0m:      	            (40, 100.77961641254157),
[92mINFO [0m:      	            (41, 128.4044237296461),
[92mINFO [0m:      	            (42, 124.78186653487889),
[92mINFO [0m:      	            (43, 134.1394605763893),
[92mINFO [0m:      	            (44, 548.022139050126),
[92mINFO [0m:      	            (45, 71.26327244526729),
[92mINFO [0m:      	            (46, 112.91366256866793),
[92mINFO [0m:      	            (47, 104.36736386152211),
[92mINFO [0m:      	            (48, 119.3295921946307),
[92mINFO [0m:      	            (49, 103.07837013954547),
[92mINFO [0m:      	            (50, 392.312180140393),
[92mINFO [0m:      	            (51, 112.98450750173399),
[92mINFO [0m:      	            (52, 87.334816776699),
[92mINFO [0m:      	            (53, 111.16575940354784),
[92mINFO [0m:      	            (54, 108.51795387940844),
[92mINFO [0m:      	            (55, 102.82112148005504),
[92mINFO [0m:      	            (56, 113.74491920258363),
[92mINFO [0m:      	            (57, 165.1133354289703),
[92mINFO [0m:      	            (58, 111.36656070114046),
[92mINFO [0m:      	            (59, 109.99407095829244),
[92mINFO [0m:      	            (60, 96.29736289608954)],
[92mINFO [0m:      	 'est_upload_time': [(1, 12.007286712443832),
[92mINFO [0m:      	                     (2, 2.852998250126463),
[92mINFO [0m:      	                     (3, 27.49437163323531),
[92mINFO [0m:      	                     (4, 2.4954496815109692),
[92mINFO [0m:      	                     (5, 2.5704669172753234),
[92mINFO [0m:      	                     (6, 2.608610407254492),
[92mINFO [0m:      	                     (7, 2.6032488501258424),
[92mINFO [0m:      	                     (8, 2.5397473270854185),
[92mINFO [0m:      	                     (9, 2.959682053325575),
[92mINFO [0m:      	                     (10, 350.43040549633776),
[92mINFO [0m:      	                     (11, 2.339618102624538),
[92mINFO [0m:      	                     (12, 2.463297632862927),
[92mINFO [0m:      	                     (13, 2.313466573281899),
[92mINFO [0m:      	                     (14, 2.855112567275474),
[92mINFO [0m:      	                     (15, 2.8129405854715754),
[92mINFO [0m:      	                     (16, 2.9053192115703705),
[92mINFO [0m:      	                     (17, 3.4111472010604094),
[92mINFO [0m:      	                     (18, 25.190038759855817),
[92mINFO [0m:      	                     (19, 2.97858501493952),
[92mINFO [0m:      	                     (20, 14.146361821875367),
[92mINFO [0m:      	                     (21, 2.8982743350848557),
[92mINFO [0m:      	                     (22, 2.9294854438111244),
[92mINFO [0m:      	                     (23, 3.243437382667617),
[92mINFO [0m:      	                     (24, 2.750422694460104),
[92mINFO [0m:      	                     (25, 2.6661946076062017),
[92mINFO [0m:      	                     (26, 2.8278664400591143),
[92mINFO [0m:      	                     (27, 2.8389180941847134),
[92mINFO [0m:      	                     (28, 2.976938294949216),
[92mINFO [0m:      	                     (29, 2.778597501664879),
[92mINFO [0m:      	                     (30, 4.181758703261626),
[92mINFO [0m:      	                     (31, 42.077108271124445),
[92mINFO [0m:      	                     (32, 2.748851661110769),
[92mINFO [0m:      	                     (33, 2.587921173075158),
[92mINFO [0m:      	                     (34, 2.83221621594633),
[92mINFO [0m:      	                     (35, 2.5851799515456366),
[92mINFO [0m:      	                     (36, 9.262729402127666),
[92mINFO [0m:      	                     (37, 2.933844913284555),
[92mINFO [0m:      	                     (38, 3.176428776954987),
[92mINFO [0m:      	                     (39, 2.697641983363211),
[92mINFO [0m:      	                     (40, 2.579616412541576),
[92mINFO [0m:      	                     (41, 3.0524237296461036),
[92mINFO [0m:      	                     (42, 3.349866534878874),
[92mINFO [0m:      	                     (43, 2.875460576389301),
[92mINFO [0m:      	                     (44, 440.69013905012605),
[92mINFO [0m:      	                     (45, 2.5272724452672795),
[92mINFO [0m:      	                     (46, 2.4016625686679225),
[92mINFO [0m:      	                     (47, 2.9193638615221076),
[92mINFO [0m:      	                     (48, 2.305592194630698),
[92mINFO [0m:      	                     (49, 2.6263701395454704),
[92mINFO [0m:      	                     (50, 307.43618014039305),
[92mINFO [0m:      	                     (51, 2.4725075017339826),
[92mINFO [0m:      	                     (52, 2.6268167766990076),
[92mINFO [0m:      	                     (53, 2.4857594035478456),
[92mINFO [0m:      	                     (54, 2.3219538794084396),
[92mINFO [0m:      	                     (55, 2.721121480055048),
[92mINFO [0m:      	                     (56, 3.232919202583625),
[92mINFO [0m:      	                     (57, 70.92533542897027),
[92mINFO [0m:      	                     (58, 2.6865607011404613),
[92mINFO [0m:      	                     (59, 19.02207095829245),
[92mINFO [0m:      	                     (60, 2.4773628960895273)],
[92mINFO [0m:      	 'jain': [(1, 0.49999999999999),
[92mINFO [0m:      	          (2, 0.99999999999999),
[92mINFO [0m:      	          (3, 0.8999999999999965),
[92mINFO [0m:      	          (4, 0.8695652173913024),
[92mINFO [0m:      	          (5, 0.909090909090907),
[92mINFO [0m:      	          (6, 0.7407407407407394),
[92mINFO [0m:      	          (7, 0.7692307692307677),
[92mINFO [0m:      	          (8, 0.8333333333333316),
[92mINFO [0m:      	          (9, 0.7692307692307677),
[92mINFO [0m:      	          (10, 0.7999999999999984),
[92mINFO [0m:      	          (11, 0.8333333333333316),
[92mINFO [0m:      	          (12, 0.7999999999999984),
[92mINFO [0m:      	          (13, 0.8333333333333316),
[92mINFO [0m:      	          (14, 0.8333333333333316),
[92mINFO [0m:      	          (15, 0.7692307692307677),
[92mINFO [0m:      	          (16, 0.7692307692307677),
[92mINFO [0m:      	          (17, 0.7692307692307677),
[92mINFO [0m:      	          (18, 0.8333333333333316),
[92mINFO [0m:      	          (19, 0.8695652173913024),
[92mINFO [0m:      	          (20, 0.8333333333333316),
[92mINFO [0m:      	          (21, 0.8695652173913024),
[92mINFO [0m:      	          (22, 0.7999999999999984),
[92mINFO [0m:      	          (23, 0.8333333333333316),
[92mINFO [0m:      	          (24, 0.8695652173913024),
[92mINFO [0m:      	          (25, 0.8333333333333316),
[92mINFO [0m:      	          (26, 0.8695652173913024),
[92mINFO [0m:      	          (27, 0.7999999999999984),
[92mINFO [0m:      	          (28, 0.8333333333333316),
[92mINFO [0m:      	          (29, 0.8333333333333316),
[92mINFO [0m:      	          (30, 0.8333333333333316),
[92mINFO [0m:      	          (31, 0.8333333333333316),
[92mINFO [0m:      	          (32, 0.8333333333333316),
[92mINFO [0m:      	          (33, 0.8695652173913024),
[92mINFO [0m:      	          (34, 0.8333333333333316),
[92mINFO [0m:      	          (35, 0.8333333333333316),
[92mINFO [0m:      	          (36, 0.8333333333333316),
[92mINFO [0m:      	          (37, 0.7692307692307677),
[92mINFO [0m:      	          (38, 0.7692307692307677),
[92mINFO [0m:      	          (39, 0.8333333333333316),
[92mINFO [0m:      	          (40, 0.8333333333333316),
[92mINFO [0m:      	          (41, 0.8333333333333316),
[92mINFO [0m:      	          (42, 0.7692307692307677),
[92mINFO [0m:      	          (43, 0.8333333333333316),
[92mINFO [0m:      	          (44, 0.8333333333333316),
[92mINFO [0m:      	          (45, 0.909090909090907),
[92mINFO [0m:      	          (46, 0.8695652173913024),
[92mINFO [0m:      	          (47, 0.7692307692307677),
[92mINFO [0m:      	          (48, 0.7692307692307677),
[92mINFO [0m:      	          (49, 0.6896551724137919),
[92mINFO [0m:      	          (50, 0.714285714285713),
[92mINFO [0m:      	          (51, 0.714285714285713),
[92mINFO [0m:      	          (52, 0.7999999999999984),
[92mINFO [0m:      	          (53, 0.7407407407407394),
[92mINFO [0m:      	          (54, 0.7407407407407394),
[92mINFO [0m:      	          (55, 0.7407407407407394),
[92mINFO [0m:      	          (56, 0.714285714285713),
[92mINFO [0m:      	          (57, 0.6896551724137919),
[92mINFO [0m:      	          (58, 0.6666666666666655),
[92mINFO [0m:      	          (59, 0.7692307692307677),
[92mINFO [0m:      	          (60, 0.8333333333333316)],
[92mINFO [0m:      	 'loss': [(1, 2.4351254505447195),
[92mINFO [0m:      	          (2, 1.982733112347277),
[92mINFO [0m:      	          (3, 1.6686058572576017),
[92mINFO [0m:      	          (4, 1.9281272812734676),
[92mINFO [0m:      	          (5, 1.4882691630834266),
[92mINFO [0m:      	          (6, 1.4350710880907276),
[92mINFO [0m:      	          (7, 1.482973198347454),
[92mINFO [0m:      	          (8, 1.4175440555886378),
[92mINFO [0m:      	          (9, 1.2438101391249066),
[92mINFO [0m:      	          (10, 1.1974694147894653),
[92mINFO [0m:      	          (11, 1.3467011587529243),
[92mINFO [0m:      	          (12, 1.1038112066969086),
[92mINFO [0m:      	          (13, 1.1148476313941087),
[92mINFO [0m:      	          (14, 1.0104997656013393),
[92mINFO [0m:      	          (15, 1.0418058143386357),
[92mINFO [0m:      	          (16, 1.0912245074404945),
[92mINFO [0m:      	          (17, 0.9451657314843769),
[92mINFO [0m:      	          (18, 1.2010203713103185),
[92mINFO [0m:      	          (19, 1.1599509927290905),
[92mINFO [0m:      	          (20, 1.003686698931682),
[92mINFO [0m:      	          (21, 1.142865976200828),
[92mINFO [0m:      	          (22, 0.8020950382268881),
[92mINFO [0m:      	          (23, 1.0401351466963562),
[92mINFO [0m:      	          (24, 0.911706104308744),
[92mINFO [0m:      	          (25, 0.8007536477680448),
[92mINFO [0m:      	          (26, 0.8431209159802787),
[92mINFO [0m:      	          (27, 0.8206006288528442),
[92mINFO [0m:      	          (28, 1.021804232386094),
[92mINFO [0m:      	          (29, 0.8952333647993547),
[92mINFO [0m:      	          (30, 0.828943457784532),
[92mINFO [0m:      	          (31, 1.1511359297776524),
[92mINFO [0m:      	          (32, 0.8921013089674937),
[92mINFO [0m:      	          (33, 1.107126171075845),
[92mINFO [0m:      	          (34, 0.8754135770133779),
[92mINFO [0m:      	          (35, 0.7439429910877083),
[92mINFO [0m:      	          (36, 0.7806555794764168),
[92mINFO [0m:      	          (37, 0.8001571365549595),
[92mINFO [0m:      	          (38, 0.7477778418909146),
[92mINFO [0m:      	          (39, 0.7119188629373719),
[92mINFO [0m:      	          (40, 0.9160143650030788),
[92mINFO [0m:      	          (41, 0.8434022310413892),
[92mINFO [0m:      	          (42, 0.7224159448207179),
[92mINFO [0m:      	          (43, 0.7487679802918736),
[92mINFO [0m:      	          (44, 0.6242834782298607),
[92mINFO [0m:      	          (45, 0.8974560936795005),
[92mINFO [0m:      	          (46, 0.7782502008389823),
[92mINFO [0m:      	          (47, 0.6915507505211649),
[92mINFO [0m:      	          (48, 0.6614375042764447),
[92mINFO [0m:      	          (49, 0.7255507737775392),
[92mINFO [0m:      	          (50, 0.5677747801889347),
[92mINFO [0m:      	          (51, 0.5867453108105478),
[92mINFO [0m:      	          (52, 0.7001491094691844),
[92mINFO [0m:      	          (53, 0.6960328606110585),
[92mINFO [0m:      	          (54, 0.6379114679897888),
[92mINFO [0m:      	          (55, 0.6710190305226966),
[92mINFO [0m:      	          (56, 0.9203848386112647),
[92mINFO [0m:      	          (57, 0.6778324548202225),
[92mINFO [0m:      	          (58, 0.5906926329377331),
[92mINFO [0m:      	          (59, 0.6279931664466858),
[92mINFO [0m:      	          (60, 0.807910663417623)],
[92mINFO [0m:      	 'mode': [(1, 'semi_sync'),
[92mINFO [0m:      	          (2, 'semi_sync'),
[92mINFO [0m:      	          (3, 'semi_sync'),
[92mINFO [0m:      	          (4, 'semi_sync'),
[92mINFO [0m:      	          (5, 'semi_sync'),
[92mINFO [0m:      	          (6, 'semi_sync'),
[92mINFO [0m:      	          (7, 'semi_sync'),
[92mINFO [0m:      	          (8, 'semi_sync'),
[92mINFO [0m:      	          (9, 'semi_sync'),
[92mINFO [0m:      	          (10, 'semi_sync'),
[92mINFO [0m:      	          (11, 'semi_sync'),
[92mINFO [0m:      	          (12, 'semi_sync'),
[92mINFO [0m:      	          (13, 'semi_sync'),
[92mINFO [0m:      	          (14, 'semi_sync'),
[92mINFO [0m:      	          (15, 'semi_sync'),
[92mINFO [0m:      	          (16, 'semi_sync'),
[92mINFO [0m:      	          (17, 'semi_sync'),
[92mINFO [0m:      	          (18, 'semi_sync'),
[92mINFO [0m:      	          (19, 'semi_sync'),
[92mINFO [0m:      	          (20, 'semi_sync'),
[92mINFO [0m:      	          (21, 'semi_sync'),
[92mINFO [0m:      	          (22, 'semi_sync'),
[92mINFO [0m:      	          (23, 'semi_sync'),
[92mINFO [0m:      	          (24, 'semi_sync'),
[92mINFO [0m:      	          (25, 'semi_sync'),
[92mINFO [0m:      	          (26, 'semi_sync'),
[92mINFO [0m:      	          (27, 'semi_sync'),
[92mINFO [0m:      	          (28, 'semi_sync'),
[92mINFO [0m:      	          (29, 'semi_sync'),
[92mINFO [0m:      	          (30, 'semi_sync'),
[92mINFO [0m:      	          (31, 'semi_sync'),
[92mINFO [0m:      	          (32, 'semi_sync'),
[92mINFO [0m:      	          (33, 'semi_sync'),
[92mINFO [0m:      	          (34, 'semi_sync'),
[92mINFO [0m:      	          (35, 'semi_sync'),
[92mINFO [0m:      	          (36, 'semi_sync'),
[92mINFO [0m:      	          (37, 'semi_sync'),
[92mINFO [0m:      	          (38, 'semi_sync'),
[92mINFO [0m:      	          (39, 'semi_sync'),
[92mINFO [0m:      	          (40, 'semi_sync'),
[92mINFO [0m:      	          (41, 'semi_sync'),
[92mINFO [0m:      	          (42, 'semi_sync'),
[92mINFO [0m:      	          (43, 'semi_sync'),
[92mINFO [0m:      	          (44, 'semi_sync'),
[92mINFO [0m:      	          (45, 'semi_sync'),
[92mINFO [0m:      	          (46, 'semi_sync'),
[92mINFO [0m:      	          (47, 'semi_sync'),
[92mINFO [0m:      	          (48, 'semi_sync'),
[92mINFO [0m:      	          (49, 'semi_sync'),
[92mINFO [0m:      	          (50, 'semi_sync'),
[92mINFO [0m:      	          (51, 'semi_sync'),
[92mINFO [0m:      	          (52, 'semi_sync'),
[92mINFO [0m:      	          (53, 'semi_sync'),
[92mINFO [0m:      	          (54, 'semi_sync'),
[92mINFO [0m:      	          (55, 'semi_sync'),
[92mINFO [0m:      	          (56, 'semi_sync'),
[92mINFO [0m:      	          (57, 'semi_sync'),
[92mINFO [0m:      	          (58, 'semi_sync'),
[92mINFO [0m:      	          (59, 'semi_sync'),
[92mINFO [0m:      	          (60, 'semi_sync')],
[92mINFO [0m:      	 'num_exhausted_clients': [(1, 0.0),
[92mINFO [0m:      	                           (2, 0.0),
[92mINFO [0m:      	                           (3, 0.0),
[92mINFO [0m:      	                           (4, 0.0),
[92mINFO [0m:      	                           (5, 0.0),
[92mINFO [0m:      	                           (6, 0.0),
[92mINFO [0m:      	                           (7, 0.0),
[92mINFO [0m:      	                           (8, 0.0),
[92mINFO [0m:      	                           (9, 0.0),
[92mINFO [0m:      	                           (10, 0.0),
[92mINFO [0m:      	                           (11, 0.0),
[92mINFO [0m:      	                           (12, 0.0),
[92mINFO [0m:      	                           (13, 0.0),
[92mINFO [0m:      	                           (14, 0.0),
[92mINFO [0m:      	                           (15, 0.0),
[92mINFO [0m:      	                           (16, 0.0),
[92mINFO [0m:      	                           (17, 0.0),
[92mINFO [0m:      	                           (18, 0.0),
[92mINFO [0m:      	                           (19, 0.0),
[92mINFO [0m:      	                           (20, 0.0),
[92mINFO [0m:      	                           (21, 0.0),
[92mINFO [0m:      	                           (22, 0.0),
[92mINFO [0m:      	                           (23, 0.0),
[92mINFO [0m:      	                           (24, 0.0),
[92mINFO [0m:      	                           (25, 0.0),
[92mINFO [0m:      	                           (26, 0.0),
[92mINFO [0m:      	                           (27, 0.0),
[92mINFO [0m:      	                           (28, 0.0),
[92mINFO [0m:      	                           (29, 0.0),
[92mINFO [0m:      	                           (30, 0.0),
[92mINFO [0m:      	                           (31, 0.0),
[92mINFO [0m:      	                           (32, 0.0),
[92mINFO [0m:      	                           (33, 0.0),
[92mINFO [0m:      	                           (34, 0.0),
[92mINFO [0m:      	                           (35, 0.0),
[92mINFO [0m:      	                           (36, 0.0),
[92mINFO [0m:      	                           (37, 0.0),
[92mINFO [0m:      	                           (38, 0.0),
[92mINFO [0m:      	                           (39, 0.0),
[92mINFO [0m:      	                           (40, 0.0),
[92mINFO [0m:      	                           (41, 0.0),
[92mINFO [0m:      	                           (42, 0.0),
[92mINFO [0m:      	                           (43, 1.0),
[92mINFO [0m:      	                           (44, 1.0),
[92mINFO [0m:      	                           (45, 1.0),
[92mINFO [0m:      	                           (46, 1.0),
[92mINFO [0m:      	                           (47, 1.0),
[92mINFO [0m:      	                           (48, 1.0),
[92mINFO [0m:      	                           (49, 1.0),
[92mINFO [0m:      	                           (50, 1.0),
[92mINFO [0m:      	                           (51, 1.0),
[92mINFO [0m:      	                           (52, 1.0),
[92mINFO [0m:      	                           (53, 1.0),
[92mINFO [0m:      	                           (54, 1.0),
[92mINFO [0m:      	                           (55, 1.0),
[92mINFO [0m:      	                           (56, 1.0),
[92mINFO [0m:      	                           (57, 1.0),
[92mINFO [0m:      	                           (58, 1.0),
[92mINFO [0m:      	                           (59, 1.0),
[92mINFO [0m:      	                           (60, 1.0)],
[92mINFO [0m:      	 'topk': [(1, 5.0),
[92mINFO [0m:      	          (2, 5.0),
[92mINFO [0m:      	          (3, 5.0),
[92mINFO [0m:      	          (4, 5.0),
[92mINFO [0m:      	          (5, 5.0),
[92mINFO [0m:      	          (6, 5.0),
[92mINFO [0m:      	          (7, 5.0),
[92mINFO [0m:      	          (8, 5.0),
[92mINFO [0m:      	          (9, 5.0),
[92mINFO [0m:      	          (10, 5.0),
[92mINFO [0m:      	          (11, 5.0),
[92mINFO [0m:      	          (12, 5.0),
[92mINFO [0m:      	          (13, 5.0),
[92mINFO [0m:      	          (14, 5.0),
[92mINFO [0m:      	          (15, 5.0),
[92mINFO [0m:      	          (16, 5.0),
[92mINFO [0m:      	          (17, 5.0),
[92mINFO [0m:      	          (18, 5.0),
[92mINFO [0m:      	          (19, 5.0),
[92mINFO [0m:      	          (20, 5.0),
[92mINFO [0m:      	          (21, 5.0),
[92mINFO [0m:      	          (22, 5.0),
[92mINFO [0m:      	          (23, 5.0),
[92mINFO [0m:      	          (24, 5.0),
[92mINFO [0m:      	          (25, 5.0),
[92mINFO [0m:      	          (26, 5.0),
[92mINFO [0m:      	          (27, 5.0),
[92mINFO [0m:      	          (28, 5.0),
[92mINFO [0m:      	          (29, 5.0),
[92mINFO [0m:      	          (30, 5.0),
[92mINFO [0m:      	          (31, 5.0),
[92mINFO [0m:      	          (32, 5.0),
[92mINFO [0m:      	          (33, 5.0),
[92mINFO [0m:      	          (34, 5.0),
[92mINFO [0m:      	          (35, 5.0),
[92mINFO [0m:      	          (36, 5.0),
[92mINFO [0m:      	          (37, 5.0),
[92mINFO [0m:      	          (38, 5.0),
[92mINFO [0m:      	          (39, 5.0),
[92mINFO [0m:      	          (40, 5.0),
[92mINFO [0m:      	          (41, 5.0),
[92mINFO [0m:      	          (42, 5.0),
[92mINFO [0m:      	          (43, 5.0),
[92mINFO [0m:      	          (44, 5.0),
[92mINFO [0m:      	          (45, 5.0),
[92mINFO [0m:      	          (46, 5.0),
[92mINFO [0m:      	          (47, 5.0),
[92mINFO [0m:      	          (48, 5.0),
[92mINFO [0m:      	          (49, 5.0),
[92mINFO [0m:      	          (50, 5.0),
[92mINFO [0m:      	          (51, 5.0),
[92mINFO [0m:      	          (52, 5.0),
[92mINFO [0m:      	          (53, 5.0),
[92mINFO [0m:      	          (54, 5.0),
[92mINFO [0m:      	          (55, 5.0),
[92mINFO [0m:      	          (56, 5.0),
[92mINFO [0m:      	          (57, 5.0),
[92mINFO [0m:      	          (58, 5.0),
[92mINFO [0m:      	          (59, 5.0),
[92mINFO [0m:      	          (60, 5.0)]}
[92mINFO [0m:      	History (metrics, centralized):
[92mINFO [0m:      	{'accuracy': [(0, 0.1),
[92mINFO [0m:      	              (1, 0.1659),
[92mINFO [0m:      	              (2, 0.2576),
[92mINFO [0m:      	              (3, 0.3817),
[92mINFO [0m:      	              (4, 0.3582),
[92mINFO [0m:      	              (5, 0.4496),
[92mINFO [0m:      	              (6, 0.4968),
[92mINFO [0m:      	              (7, 0.432),
[92mINFO [0m:      	              (8, 0.4917),
[92mINFO [0m:      	              (9, 0.539),
[92mINFO [0m:      	              (10, 0.5598),
[92mINFO [0m:      	              (11, 0.5893),
[92mINFO [0m:      	              (12, 0.5919),
[92mINFO [0m:      	              (13, 0.5999),
[92mINFO [0m:      	              (14, 0.6307),
[92mINFO [0m:      	              (15, 0.6201),
[92mINFO [0m:      	              (16, 0.6355),
[92mINFO [0m:      	              (17, 0.6562),
[92mINFO [0m:      	              (18, 0.6161),
[92mINFO [0m:      	              (19, 0.6105),
[92mINFO [0m:      	              (20, 0.6409),
[92mINFO [0m:      	              (21, 0.6632),
[92mINFO [0m:      	              (22, 0.72),
[92mINFO [0m:      	              (23, 0.686),
[92mINFO [0m:      	              (24, 0.6866),
[92mINFO [0m:      	              (25, 0.7132),
[92mINFO [0m:      	              (26, 0.7049),
[92mINFO [0m:      	              (27, 0.7162),
[92mINFO [0m:      	              (28, 0.707),
[92mINFO [0m:      	              (29, 0.6987),
[92mINFO [0m:      	              (30, 0.7105),
[92mINFO [0m:      	              (31, 0.6468),
[92mINFO [0m:      	              (32, 0.7135),
[92mINFO [0m:      	              (33, 0.6601),
[92mINFO [0m:      	              (34, 0.6987),
[92mINFO [0m:      	              (35, 0.7453),
[92mINFO [0m:      	              (36, 0.7263),
[92mINFO [0m:      	              (37, 0.7253),
[92mINFO [0m:      	              (38, 0.755),
[92mINFO [0m:      	              (39, 0.7613),
[92mINFO [0m:      	              (40, 0.7352),
[92mINFO [0m:      	              (41, 0.7424),
[92mINFO [0m:      	              (42, 0.7588),
[92mINFO [0m:      	              (43, 0.7482),
[92mINFO [0m:      	              (44, 0.787),
[92mINFO [0m:      	              (45, 0.7104),
[92mINFO [0m:      	              (46, 0.7474),
[92mINFO [0m:      	              (47, 0.7643),
[92mINFO [0m:      	              (48, 0.7743),
[92mINFO [0m:      	              (49, 0.7491),
[92mINFO [0m:      	              (50, 0.8053),
[92mINFO [0m:      	              (51, 0.7999),
[92mINFO [0m:      	              (52, 0.7729),
[92mINFO [0m:      	              (53, 0.7728),
[92mINFO [0m:      	              (54, 0.7836),
[92mINFO [0m:      	              (55, 0.7769),
[92mINFO [0m:      	              (56, 0.7105),
[92mINFO [0m:      	              (57, 0.7743),
[92mINFO [0m:      	              (58, 0.7994),
[92mINFO [0m:      	              (59, 0.7834),
[92mINFO [0m:      	              (60, 0.7439)]}
[92mINFO [0m:      
